[0.363s] Invoking command in '/root/catkin_ws/build/micro_ros_setup': CMAKE_PREFIX_PATH=${CMAKE_PREFIX_PATH}:/root/catkin_ws/install/topic_service_action_rclpy_example:/root/catkin_ws/install/time_rclpy_example:/root/catkin_ws/install/tf2_rclpy_example:/root/catkin_ws/install/ros2env:/root/catkin_ws/install/omo_r1mini_teleop:/root/catkin_ws/install/omo_r1mini_bringup:/root/catkin_ws/install/my_first_ros_rclpy_pkg:/root/catkin_ws/install/logging_rclpy_example:/root/catkin_ws/install/iahrs_driver:/root/install/topic_service_action_rclpy_example:/root/install/time_rclpy_example:/root/install/tf2_rclpy_example:/root/install/ros2env:/root/install/omo_r1mini_teleop:/root/install/omo_r1mini_bringup:/root/install/my_first_ros_rclpy_pkg:/root/install/logging_rclpy_example:/opt/ros/foxy /usr/bin/cmake /root/catkin_ws/src/micro_ros_setup -DAMENT_CMAKE_SYMLINK_INSTALL=1 -DCMAKE_INSTALL_PREFIX=/root/catkin_ws/install/micro_ros_setup
[0.661s] -- Found ament_cmake: 0.9.11 (/opt/ros/foxy/share/ament_cmake/cmake)
[0.662s] -- Using PYTHON_EXECUTABLE: /usr/bin/python3
[0.662s] -- Override CMake install command with custom implementation using symlinks instead of copying resources
[0.663s] -- Found ament_lint_auto: 0.9.8 (/opt/ros/foxy/share/ament_lint_auto/cmake)
[0.785s] -- Added test 'copyright' to check source files copyright and LICENSE
[0.841s] -- Added test 'flake8' to check Python code syntax and style conventions
[0.842s] -- Added test 'lint_cmake' to check CMake code style
[0.846s] -- Added test 'pep257' to check Python code against some of the style conventions in PEP 257
[0.860s] -- Added test 'xmllint' to check XML markup files
[0.864s] -- Configuring done
[0.900s] -- Generating done
[0.901s] -- Build files have been written to: /root/catkin_ws/build/micro_ros_setup
[1.013s] Invoked command in '/root/catkin_ws/build/micro_ros_setup' returned '0': CMAKE_PREFIX_PATH=${CMAKE_PREFIX_PATH}:/root/catkin_ws/install/topic_service_action_rclpy_example:/root/catkin_ws/install/time_rclpy_example:/root/catkin_ws/install/tf2_rclpy_example:/root/catkin_ws/install/ros2env:/root/catkin_ws/install/omo_r1mini_teleop:/root/catkin_ws/install/omo_r1mini_bringup:/root/catkin_ws/install/my_first_ros_rclpy_pkg:/root/catkin_ws/install/logging_rclpy_example:/root/catkin_ws/install/iahrs_driver:/root/install/topic_service_action_rclpy_example:/root/install/time_rclpy_example:/root/install/tf2_rclpy_example:/root/install/ros2env:/root/install/omo_r1mini_teleop:/root/install/omo_r1mini_bringup:/root/install/my_first_ros_rclpy_pkg:/root/install/logging_rclpy_example:/opt/ros/foxy /usr/bin/cmake /root/catkin_ws/src/micro_ros_setup -DAMENT_CMAKE_SYMLINK_INSTALL=1 -DCMAKE_INSTALL_PREFIX=/root/catkin_ws/install/micro_ros_setup
[1.015s] Invoking command in '/root/catkin_ws/build/micro_ros_setup': CMAKE_PREFIX_PATH=${CMAKE_PREFIX_PATH}:/root/catkin_ws/install/topic_service_action_rclpy_example:/root/catkin_ws/install/time_rclpy_example:/root/catkin_ws/install/tf2_rclpy_example:/root/catkin_ws/install/ros2env:/root/catkin_ws/install/omo_r1mini_teleop:/root/catkin_ws/install/omo_r1mini_bringup:/root/catkin_ws/install/my_first_ros_rclpy_pkg:/root/catkin_ws/install/logging_rclpy_example:/root/catkin_ws/install/iahrs_driver:/root/install/topic_service_action_rclpy_example:/root/install/time_rclpy_example:/root/install/tf2_rclpy_example:/root/install/ros2env:/root/install/omo_r1mini_teleop:/root/install/omo_r1mini_bringup:/root/install/my_first_ros_rclpy_pkg:/root/install/logging_rclpy_example:/opt/ros/foxy /usr/bin/cmake --build /root/catkin_ws/build/micro_ros_setup -- -j12 -l12
[1.304s] Invoked command in '/root/catkin_ws/build/micro_ros_setup' returned '0': CMAKE_PREFIX_PATH=${CMAKE_PREFIX_PATH}:/root/catkin_ws/install/topic_service_action_rclpy_example:/root/catkin_ws/install/time_rclpy_example:/root/catkin_ws/install/tf2_rclpy_example:/root/catkin_ws/install/ros2env:/root/catkin_ws/install/omo_r1mini_teleop:/root/catkin_ws/install/omo_r1mini_bringup:/root/catkin_ws/install/my_first_ros_rclpy_pkg:/root/catkin_ws/install/logging_rclpy_example:/root/catkin_ws/install/iahrs_driver:/root/install/topic_service_action_rclpy_example:/root/install/time_rclpy_example:/root/install/tf2_rclpy_example:/root/install/ros2env:/root/install/omo_r1mini_teleop:/root/install/omo_r1mini_bringup:/root/install/my_first_ros_rclpy_pkg:/root/install/logging_rclpy_example:/opt/ros/foxy /usr/bin/cmake --build /root/catkin_ws/build/micro_ros_setup -- -j12 -l12
[1.385s] Invoking command in '/root/catkin_ws/build/micro_ros_setup': CMAKE_PREFIX_PATH=${CMAKE_PREFIX_PATH}:/root/catkin_ws/install/topic_service_action_rclpy_example:/root/catkin_ws/install/time_rclpy_example:/root/catkin_ws/install/tf2_rclpy_example:/root/catkin_ws/install/ros2env:/root/catkin_ws/install/omo_r1mini_teleop:/root/catkin_ws/install/omo_r1mini_bringup:/root/catkin_ws/install/my_first_ros_rclpy_pkg:/root/catkin_ws/install/logging_rclpy_example:/root/catkin_ws/install/iahrs_driver:/root/install/topic_service_action_rclpy_example:/root/install/time_rclpy_example:/root/install/tf2_rclpy_example:/root/install/ros2env:/root/install/omo_r1mini_teleop:/root/install/omo_r1mini_bringup:/root/install/my_first_ros_rclpy_pkg:/root/install/logging_rclpy_example:/opt/ros/foxy /usr/bin/cmake --install /root/catkin_ws/build/micro_ros_setup
[1.397s] -- Install configuration: ""
[1.398s] -- Execute custom install script
[1.399s] -- Up-to-date symlink: /root/catkin_ws/install/micro_ros_setup/share/ament_index/resource_index/package_run_dependencies/micro_ros_setup
[1.400s] -- Up-to-date symlink: /root/catkin_ws/install/micro_ros_setup/share/ament_index/resource_index/parent_prefix_path/micro_ros_setup
[1.402s] -- Up-to-date symlink: /root/catkin_ws/install/micro_ros_setup/share/micro_ros_setup/environment/ament_prefix_path.sh
[1.402s] -- Up-to-date symlink: /root/catkin_ws/install/micro_ros_setup/share/micro_ros_setup/environment/ament_prefix_path.dsv
[1.403s] -- Up-to-date symlink: /root/catkin_ws/install/micro_ros_setup/share/micro_ros_setup/environment/path.sh
[1.403s] -- Up-to-date symlink: /root/catkin_ws/install/micro_ros_setup/share/micro_ros_setup/environment/path.dsv
[1.404s] -- Up-to-date symlink: /root/catkin_ws/install/micro_ros_setup/share/micro_ros_setup/local_setup.bash
[1.404s] -- Up-to-date symlink: /root/catkin_ws/install/micro_ros_setup/share/micro_ros_setup/local_setup.sh
[1.406s] -- Up-to-date symlink: /root/catkin_ws/install/micro_ros_setup/share/micro_ros_setup/local_setup.zsh
[1.406s] -- Up-to-date symlink: /root/catkin_ws/install/micro_ros_setup/share/micro_ros_setup/local_setup.dsv
[1.408s] -- Symlinking: /root/catkin_ws/install/micro_ros_setup/share/micro_ros_setup/package.dsv
[1.422s] -- Up-to-date symlink: /root/catkin_ws/install/micro_ros_setup/share/ament_index/resource_index/packages/micro_ros_setup
[1.423s] -- Up-to-date symlink: /root/catkin_ws/install/micro_ros_setup/share/micro_ros_setup/cmake/micro_ros_setupConfig.cmake
[1.424s] -- Up-to-date symlink: /root/catkin_ws/install/micro_ros_setup/share/micro_ros_setup/cmake/micro_ros_setupConfig-version.cmake
[1.424s] -- Up-to-date symlink: /root/catkin_ws/install/micro_ros_setup/share/micro_ros_setup/package.xml
[1.425s] -- Up-to-date symlink: /root/catkin_ws/install/micro_ros_setup/lib/micro_ros_setup/create_ws.sh
[1.426s] -- Up-to-date symlink: /root/catkin_ws/install/micro_ros_setup/lib/micro_ros_setup/create_agent_ws.sh
[1.426s] -- Up-to-date symlink: /root/catkin_ws/install/micro_ros_setup/lib/micro_ros_setup/create_firmware_ws.sh
[1.427s] -- Up-to-date symlink: /root/catkin_ws/install/micro_ros_setup/lib/micro_ros_setup/configure_firmware.sh
[1.427s] -- Up-to-date symlink: /root/catkin_ws/install/micro_ros_setup/lib/micro_ros_setup/flash_firmware.sh
[1.428s] -- Up-to-date symlink: /root/catkin_ws/install/micro_ros_setup/lib/micro_ros_setup/reset_firmware.sh
[1.429s] -- Up-to-date symlink: /root/catkin_ws/install/micro_ros_setup/lib/micro_ros_setup/build_firmware.sh
[1.430s] -- Up-to-date symlink: /root/catkin_ws/install/micro_ros_setup/lib/micro_ros_setup/build_agent.sh
[1.434s] -- Up-to-date symlink: /root/catkin_ws/install/micro_ros_setup/lib/micro_ros_setup/yaml_filter.py
[1.436s] -- Up-to-date symlink: /root/catkin_ws/install/micro_ros_setup/lib/micro_ros_setup/clean_env.sh
[1.436s] -- Up-to-date: /root/catkin_ws/install/micro_ros_setup/./config
[1.444s] -- Up-to-date: /root/catkin_ws/install/micro_ros_setup/./config/agent_ros2_packages.txt
[1.444s] -- Up-to-date: /root/catkin_ws/install/micro_ros_setup/./config/generate_lib
[1.444s] -- Up-to-date: /root/catkin_ws/install/micro_ros_setup/./config/generate_lib/generic
[1.444s] -- Up-to-date: /root/catkin_ws/install/micro_ros_setup/./config/generate_lib/generic/create.sh
[1.444s] -- Up-to-date: /root/catkin_ws/install/micro_ros_setup/./config/generate_lib/generic/client_uros_packages.repos
[1.444s] -- Up-to-date: /root/catkin_ws/install/micro_ros_setup/./config/generate_lib/generic/client-colcon.meta
[1.444s] -- Up-to-date: /root/catkin_ws/install/micro_ros_setup/./config/generate_lib/generic/package.xml
[1.444s] -- Up-to-date: /root/catkin_ws/install/micro_ros_setup/./config/generate_lib/generic/demo_toolchain.cmake
[1.444s] -- Up-to-date: /root/catkin_ws/install/micro_ros_setup/./config/generate_lib/generic/flash.sh
[1.444s] -- Up-to-date: /root/catkin_ws/install/micro_ros_setup/./config/generate_lib/generic/build.sh
[1.444s] -- Up-to-date: /root/catkin_ws/install/micro_ros_setup/./config/generate_lib/dev_ros2_packages.txt
[1.445s] -- Up-to-date: /root/catkin_ws/install/micro_ros_setup/./config/generate_lib/dev_uros_packages.repos
[1.445s] -- Up-to-date: /root/catkin_ws/install/micro_ros_setup/./config/client_uros_packages.repos
[1.445s] -- Up-to-date: /root/catkin_ws/install/micro_ros_setup/./config/host
[1.445s] -- Up-to-date: /root/catkin_ws/install/micro_ros_setup/./config/host/generic
[1.445s] -- Up-to-date: /root/catkin_ws/install/micro_ros_setup/./config/host/generic/create.sh
[1.446s] -- Up-to-date: /root/catkin_ws/install/micro_ros_setup/./config/host/generic/client-host-colcon.meta
[1.446s] -- Up-to-date: /root/catkin_ws/install/micro_ros_setup/./config/host/generic/client_host_packages.repos
[1.446s] -- Up-to-date: /root/catkin_ws/install/micro_ros_setup/./config/host/generic/package.xml
[1.446s] -- Up-to-date: /root/catkin_ws/install/micro_ros_setup/./config/host/generic/reset.sh
[1.446s] -- Up-to-date: /root/catkin_ws/install/micro_ros_setup/./config/host/generic/flash.sh
[1.447s] -- Up-to-date: /root/catkin_ws/install/micro_ros_setup/./config/host/generic/build.sh
[1.447s] -- Up-to-date: /root/catkin_ws/install/micro_ros_setup/./config/host/dev_ros2_packages.txt
[1.447s] -- Up-to-date: /root/catkin_ws/install/micro_ros_setup/./config/host/client_ros2_packages.txt
[1.447s] -- Up-to-date: /root/catkin_ws/install/micro_ros_setup/./config/host/dev_uros_packages.repos
[1.447s] -- Up-to-date: /root/catkin_ws/install/micro_ros_setup/./config/raspbian
[1.447s] -- Up-to-date: /root/catkin_ws/install/micro_ros_setup/./config/raspbian/generic
[1.448s] -- Up-to-date: /root/catkin_ws/install/micro_ros_setup/./config/raspbian/generic/create.sh
[1.448s] -- Up-to-date: /root/catkin_ws/install/micro_ros_setup/./config/raspbian/generic/supported_platforms
[1.448s] -- Up-to-date: /root/catkin_ws/install/micro_ros_setup/./config/raspbian/generic/client_uros_packages.repos
[1.448s] -- Up-to-date: /root/catkin_ws/install/micro_ros_setup/./config/raspbian/generic/client-colcon.meta
[1.448s] -- Up-to-date: /root/catkin_ws/install/micro_ros_setup/./config/raspbian/generic/configure.sh
[1.448s] -- Up-to-date: /root/catkin_ws/install/micro_ros_setup/./config/raspbian/generic/flash.sh
[1.448s] -- Up-to-date: /root/catkin_ws/install/micro_ros_setup/./config/raspbian/generic/build.sh
[1.448s] -- Up-to-date: /root/catkin_ws/install/micro_ros_setup/./config/raspbian/dev_ros2_packages.txt
[1.449s] -- Up-to-date: /root/catkin_ws/install/micro_ros_setup/./config/raspbian/dev_uros_packages.repos
[1.452s] -- Up-to-date: /root/catkin_ws/install/micro_ros_setup/./config/zephyr
[1.453s] -- Up-to-date: /root/catkin_ws/install/micro_ros_setup/./config/zephyr/generic
[1.453s] -- Up-to-date: /root/catkin_ws/install/micro_ros_setup/./config/zephyr/generic/create.sh
[1.453s] -- Up-to-date: /root/catkin_ws/install/micro_ros_setup/./config/zephyr/generic/supported_platforms
[1.453s] -- Up-to-date: /root/catkin_ws/install/micro_ros_setup/./config/zephyr/generic/board.repos
[1.454s] -- Up-to-date: /root/catkin_ws/install/micro_ros_setup/./config/zephyr/generic/client_uros_packages.repos
[1.454s] -- Up-to-date: /root/catkin_ws/install/micro_ros_setup/./config/zephyr/generic/client-colcon.meta
[1.454s] -- Up-to-date: /root/catkin_ws/install/micro_ros_setup/./config/zephyr/generic/package.xml
[1.454s] -- Up-to-date: /root/catkin_ws/install/micro_ros_setup/./config/zephyr/generic/configure.sh
[1.454s] -- Up-to-date: /root/catkin_ws/install/micro_ros_setup/./config/zephyr/generic/reset.sh
[1.454s] -- Up-to-date: /root/catkin_ws/install/micro_ros_setup/./config/zephyr/generic/flash.sh
[1.454s] -- Up-to-date: /root/catkin_ws/install/micro_ros_setup/./config/zephyr/generic/build.sh
[1.454s] -- Up-to-date: /root/catkin_ws/install/micro_ros_setup/./config/zephyr/dev_ros2_packages.txt
[1.455s] -- Up-to-date: /root/catkin_ws/install/micro_ros_setup/./config/zephyr/list_apps.sh
[1.455s] -- Up-to-date: /root/catkin_ws/install/micro_ros_setup/./config/zephyr/dev_uros_packages.repos
[1.455s] -- Up-to-date: /root/catkin_ws/install/micro_ros_setup/./config/freertos
[1.455s] -- Up-to-date: /root/catkin_ws/install/micro_ros_setup/./config/freertos/olimex-stm32-e407
[1.455s] -- Up-to-date: /root/catkin_ws/install/micro_ros_setup/./config/freertos/olimex-stm32-e407/create.sh
[1.456s] -- Up-to-date: /root/catkin_ws/install/micro_ros_setup/./config/freertos/olimex-stm32-e407/board.repos
[1.456s] -- Up-to-date: /root/catkin_ws/install/micro_ros_setup/./config/freertos/olimex-stm32-e407/client_uros_packages.repos
[1.456s] -- Up-to-date: /root/catkin_ws/install/micro_ros_setup/./config/freertos/olimex-stm32-e407/client-colcon.meta
[1.456s] -- Up-to-date: /root/catkin_ws/install/micro_ros_setup/./config/freertos/olimex-stm32-e407/package.xml
[1.456s] -- Up-to-date: /root/catkin_ws/install/micro_ros_setup/./config/freertos/olimex-stm32-e407/configure.sh
[1.456s] -- Up-to-date: /root/catkin_ws/install/micro_ros_setup/./config/freertos/olimex-stm32-e407/reset.sh
[1.456s] -- Up-to-date: /root/catkin_ws/install/micro_ros_setup/./config/freertos/olimex-stm32-e407/flash.sh
[1.456s] -- Up-to-date: /root/catkin_ws/install/micro_ros_setup/./config/freertos/olimex-stm32-e407/build.sh
[1.456s] -- Up-to-date: /root/catkin_ws/install/micro_ros_setup/./config/freertos/nucleo_f446re
[1.456s] -- Up-to-date: /root/catkin_ws/install/micro_ros_setup/./config/freertos/nucleo_f446re/create.sh
[1.456s] -- Up-to-date: /root/catkin_ws/install/micro_ros_setup/./config/freertos/nucleo_f446re/board.repos
[1.457s] -- Up-to-date: /root/catkin_ws/install/micro_ros_setup/./config/freertos/nucleo_f446re/client_uros_packages.repos
[1.457s] -- Up-to-date: /root/catkin_ws/install/micro_ros_setup/./config/freertos/nucleo_f446re/client-colcon.meta
[1.458s] -- Up-to-date: /root/catkin_ws/install/micro_ros_setup/./config/freertos/nucleo_f446re/package.xml
[1.458s] -- Up-to-date: /root/catkin_ws/install/micro_ros_setup/./config/freertos/nucleo_f446re/configure.sh
[1.458s] -- Up-to-date: /root/catkin_ws/install/micro_ros_setup/./config/freertos/nucleo_f446re/reset.sh
[1.458s] -- Up-to-date: /root/catkin_ws/install/micro_ros_setup/./config/freertos/nucleo_f446re/flash.sh
[1.458s] -- Up-to-date: /root/catkin_ws/install/micro_ros_setup/./config/freertos/nucleo_f446re/build.sh
[1.458s] -- Up-to-date: /root/catkin_ws/install/micro_ros_setup/./config/freertos/esp32
[1.458s] -- Up-to-date: /root/catkin_ws/install/micro_ros_setup/./config/freertos/esp32/create.sh
[1.458s] -- Up-to-date: /root/catkin_ws/install/micro_ros_setup/./config/freertos/esp32/board.repos
[1.458s] -- Up-to-date: /root/catkin_ws/install/micro_ros_setup/./config/freertos/esp32/client_uros_packages.repos
[1.458s] -- Up-to-date: /root/catkin_ws/install/micro_ros_setup/./config/freertos/esp32/client-colcon.meta
[1.458s] -- Up-to-date: /root/catkin_ws/install/micro_ros_setup/./config/freertos/esp32/package.xml
[1.464s] -- Up-to-date: /root/catkin_ws/install/micro_ros_setup/./config/freertos/esp32/configure.sh
[1.464s] -- Up-to-date: /root/catkin_ws/install/micro_ros_setup/./config/freertos/esp32/flash.sh
[1.464s] -- Up-to-date: /root/catkin_ws/install/micro_ros_setup/./config/freertos/esp32/README.md
[1.465s] -- Up-to-date: /root/catkin_ws/install/micro_ros_setup/./config/freertos/esp32/build.sh
[1.465s] -- Up-to-date: /root/catkin_ws/install/micro_ros_setup/./config/freertos/dev_ros2_packages.txt
[1.465s] -- Up-to-date: /root/catkin_ws/install/micro_ros_setup/./config/freertos/list_apps.sh
[1.465s] -- Up-to-date: /root/catkin_ws/install/micro_ros_setup/./config/freertos/nucleo_f746zg
[1.466s] -- Up-to-date: /root/catkin_ws/install/micro_ros_setup/./config/freertos/nucleo_f746zg/create.sh
[1.466s] -- Up-to-date: /root/catkin_ws/install/micro_ros_setup/./config/freertos/nucleo_f746zg/board.repos
[1.466s] -- Up-to-date: /root/catkin_ws/install/micro_ros_setup/./config/freertos/nucleo_f746zg/client_uros_packages.repos
[1.466s] -- Up-to-date: /root/catkin_ws/install/micro_ros_setup/./config/freertos/nucleo_f746zg/client-colcon.meta
[1.467s] -- Up-to-date: /root/catkin_ws/install/micro_ros_setup/./config/freertos/nucleo_f746zg/package.xml
[1.467s] -- Up-to-date: /root/catkin_ws/install/micro_ros_setup/./config/freertos/nucleo_f746zg/configure.sh
[1.467s] -- Up-to-date: /root/catkin_ws/install/micro_ros_setup/./config/freertos/nucleo_f746zg/reset.sh
[1.470s] -- Up-to-date: /root/catkin_ws/install/micro_ros_setup/./config/freertos/nucleo_f746zg/flash.sh
[1.471s] -- Up-to-date: /root/catkin_ws/install/micro_ros_setup/./config/freertos/nucleo_f746zg/build.sh
[1.471s] -- Up-to-date: /root/catkin_ws/install/micro_ros_setup/./config/freertos/nucleo_f767zi
[1.471s] -- Up-to-date: /root/catkin_ws/install/micro_ros_setup/./config/freertos/nucleo_f767zi/create.sh
[1.472s] -- Up-to-date: /root/catkin_ws/install/micro_ros_setup/./config/freertos/nucleo_f767zi/board.repos
[1.472s] -- Up-to-date: /root/catkin_ws/install/micro_ros_setup/./config/freertos/nucleo_f767zi/client_uros_packages.repos
[1.472s] -- Up-to-date: /root/catkin_ws/install/micro_ros_setup/./config/freertos/nucleo_f767zi/client-colcon.meta
[1.473s] -- Up-to-date: /root/catkin_ws/install/micro_ros_setup/./config/freertos/nucleo_f767zi/package.xml
[1.473s] -- Up-to-date: /root/catkin_ws/install/micro_ros_setup/./config/freertos/nucleo_f767zi/configure.sh
[1.473s] -- Up-to-date: /root/catkin_ws/install/micro_ros_setup/./config/freertos/nucleo_f767zi/reset.sh
[1.473s] -- Up-to-date: /root/catkin_ws/install/micro_ros_setup/./config/freertos/nucleo_f767zi/flash.sh
[1.474s] -- Up-to-date: /root/catkin_ws/install/micro_ros_setup/./config/freertos/nucleo_f767zi/build.sh
[1.475s] -- Up-to-date: /root/catkin_ws/install/micro_ros_setup/./config/freertos/dev_uros_packages.repos
[1.475s] -- Up-to-date: /root/catkin_ws/install/micro_ros_setup/./config/freertos/nucleo_f446ze
[1.475s] -- Up-to-date: /root/catkin_ws/install/micro_ros_setup/./config/freertos/nucleo_f446ze/create.sh
[1.475s] -- Up-to-date: /root/catkin_ws/install/micro_ros_setup/./config/freertos/nucleo_f446ze/board.repos
[1.475s] -- Up-to-date: /root/catkin_ws/install/micro_ros_setup/./config/freertos/nucleo_f446ze/client_uros_packages.repos
[1.476s] -- Up-to-date: /root/catkin_ws/install/micro_ros_setup/./config/freertos/nucleo_f446ze/client-colcon.meta
[1.476s] -- Up-to-date: /root/catkin_ws/install/micro_ros_setup/./config/freertos/nucleo_f446ze/package.xml
[1.476s] -- Up-to-date: /root/catkin_ws/install/micro_ros_setup/./config/freertos/nucleo_f446ze/configure.sh
[1.476s] -- Up-to-date: /root/catkin_ws/install/micro_ros_setup/./config/freertos/nucleo_f446ze/reset.sh
[1.478s] -- Up-to-date: /root/catkin_ws/install/micro_ros_setup/./config/freertos/nucleo_f446ze/flash.sh
[1.478s] -- Up-to-date: /root/catkin_ws/install/micro_ros_setup/./config/freertos/nucleo_f446ze/build.sh
[1.478s] -- Up-to-date: /root/catkin_ws/install/micro_ros_setup/./config/freertos/crazyflie21
[1.481s] -- Up-to-date: /root/catkin_ws/install/micro_ros_setup/./config/freertos/crazyflie21/create.sh
[1.483s] -- Up-to-date: /root/catkin_ws/install/micro_ros_setup/./config/freertos/crazyflie21/board.repos
[1.488s] -- Up-to-date: /root/catkin_ws/install/micro_ros_setup/./config/freertos/crazyflie21/client_uros_packages.repos
[1.489s] -- Up-to-date: /root/catkin_ws/install/micro_ros_setup/./config/freertos/crazyflie21/client-colcon.meta
[1.489s] -- Up-to-date: /root/catkin_ws/install/micro_ros_setup/./config/freertos/crazyflie21/package.xml
[1.489s] -- Up-to-date: /root/catkin_ws/install/micro_ros_setup/./config/freertos/crazyflie21/configure.sh
[1.489s] -- Up-to-date: /root/catkin_ws/install/micro_ros_setup/./config/freertos/crazyflie21/flash.sh
[1.489s] -- Up-to-date: /root/catkin_ws/install/micro_ros_setup/./config/freertos/crazyflie21/build.sh
[1.489s] -- Up-to-date: /root/catkin_ws/install/micro_ros_setup/./config/nuttx
[1.490s] -- Up-to-date: /root/catkin_ws/install/micro_ros_setup/./config/nuttx/generic
[1.490s] -- Up-to-date: /root/catkin_ws/install/micro_ros_setup/./config/nuttx/generic/create.sh
[1.490s] -- Up-to-date: /root/catkin_ws/install/micro_ros_setup/./config/nuttx/generic/supported_platforms
[1.490s] -- Up-to-date: /root/catkin_ws/install/micro_ros_setup/./config/nuttx/generic/client_uros_packages.repos
[1.490s] -- Up-to-date: /root/catkin_ws/install/micro_ros_setup/./config/nuttx/generic/client-colcon.meta
[1.490s] -- Up-to-date: /root/catkin_ws/install/micro_ros_setup/./config/nuttx/generic/package.xml
[1.490s] -- Up-to-date: /root/catkin_ws/install/micro_ros_setup/./config/nuttx/generic/configure.sh
[1.490s] -- Up-to-date: /root/catkin_ws/install/micro_ros_setup/./config/nuttx/generic/reset.sh
[1.490s] -- Up-to-date: /root/catkin_ws/install/micro_ros_setup/./config/nuttx/generic/flash.sh
[1.490s] -- Up-to-date: /root/catkin_ws/install/micro_ros_setup/./config/nuttx/generic/uros_packages.repos
[1.491s] -- Up-to-date: /root/catkin_ws/install/micro_ros_setup/./config/nuttx/generic/build.sh
[1.491s] -- Up-to-date: /root/catkin_ws/install/micro_ros_setup/./config/nuttx/dev_ros2_packages.txt
[1.491s] -- Up-to-date: /root/catkin_ws/install/micro_ros_setup/./config/nuttx/dev_uros_packages.repos
[1.491s] -- Up-to-date: /root/catkin_ws/install/micro_ros_setup/./config/client_ros2_packages.txt
[1.491s] -- Up-to-date: /root/catkin_ws/install/micro_ros_setup/./config/renesas_ra
[1.491s] -- Up-to-date: /root/catkin_ws/install/micro_ros_setup/./config/renesas_ra/dev_ros2_packages.txt
[1.491s] -- Up-to-date: /root/catkin_ws/install/micro_ros_setup/./config/renesas_ra/list_apps.sh
[1.491s] -- Up-to-date: /root/catkin_ws/install/micro_ros_setup/./config/renesas_ra/dev_uros_packages.repos
[1.491s] -- Up-to-date: /root/catkin_ws/install/micro_ros_setup/./config/renesas_ra/ra6m5
[1.491s] -- Up-to-date: /root/catkin_ws/install/micro_ros_setup/./config/renesas_ra/ra6m5/create.sh
[1.492s] -- Up-to-date: /root/catkin_ws/install/micro_ros_setup/./config/renesas_ra/ra6m5/board.repos
[1.492s] -- Up-to-date: /root/catkin_ws/install/micro_ros_setup/./config/renesas_ra/ra6m5/client_uros_packages.repos
[1.492s] -- Up-to-date: /root/catkin_ws/install/micro_ros_setup/./config/renesas_ra/ra6m5/client-colcon.meta
[1.492s] -- Up-to-date: /root/catkin_ws/install/micro_ros_setup/./config/renesas_ra/ra6m5/configure.sh
[1.492s] -- Up-to-date: /root/catkin_ws/install/micro_ros_setup/./config/renesas_ra/ra6m5/flash.sh
[1.492s] -- Up-to-date: /root/catkin_ws/install/micro_ros_setup/./config/renesas_ra/ra6m5/build.sh
[1.492s] -- Up-to-date: /root/catkin_ws/install/micro_ros_setup/./config/utils.sh
[1.492s] -- Up-to-date: /root/catkin_ws/install/micro_ros_setup/./config/agent_uros_packages.repos
[1.493s] Invoked command in '/root/catkin_ws/build/micro_ros_setup' returned '0': CMAKE_PREFIX_PATH=${CMAKE_PREFIX_PATH}:/root/catkin_ws/install/topic_service_action_rclpy_example:/root/catkin_ws/install/time_rclpy_example:/root/catkin_ws/install/tf2_rclpy_example:/root/catkin_ws/install/ros2env:/root/catkin_ws/install/omo_r1mini_teleop:/root/catkin_ws/install/omo_r1mini_bringup:/root/catkin_ws/install/my_first_ros_rclpy_pkg:/root/catkin_ws/install/logging_rclpy_example:/root/catkin_ws/install/iahrs_driver:/root/install/topic_service_action_rclpy_example:/root/install/time_rclpy_example:/root/install/tf2_rclpy_example:/root/install/ros2env:/root/install/omo_r1mini_teleop:/root/install/omo_r1mini_bringup:/root/install/my_first_ros_rclpy_pkg:/root/install/logging_rclpy_example:/opt/ros/foxy /usr/bin/cmake --install /root/catkin_ws/build/micro_ros_setup
