running develop
Removing /root/catkin_ws/install/logging_rclpy_example/lib/python3.8/site-packages/logging-rclpy-example.egg-link (link to .)
running egg_info
writing ../../../build/logging_rclpy_example/logging_rclpy_example.egg-info/PKG-INFO
writing dependency_links to ../../../build/logging_rclpy_example/logging_rclpy_example.egg-info/dependency_links.txt
writing entry points to ../../../build/logging_rclpy_example/logging_rclpy_example.egg-info/entry_points.txt
writing requirements to ../../../build/logging_rclpy_example/logging_rclpy_example.egg-info/requires.txt
writing top-level names to ../../../build/logging_rclpy_example/logging_rclpy_example.egg-info/top_level.txt
reading manifest file '../../../build/logging_rclpy_example/logging_rclpy_example.egg-info/SOURCES.txt'
writing manifest file '../../../build/logging_rclpy_example/logging_rclpy_example.egg-info/SOURCES.txt'
running build
running build_py
creating /root/catkin_ws/build/logging_rclpy_example/build
creating /root/catkin_ws/build/logging_rclpy_example/build/lib
creating /root/catkin_ws/build/logging_rclpy_example/build/lib/logging_rclpy_example
copying logging_rclpy_example/__init__.py -> /root/catkin_ws/build/logging_rclpy_example/build/lib/logging_rclpy_example
creating /root/catkin_ws/build/logging_rclpy_example/build/lib/logging_rclpy_example/logging_example
copying logging_rclpy_example/logging_example/main.py -> /root/catkin_ws/build/logging_rclpy_example/build/lib/logging_rclpy_example/logging_example
copying logging_rclpy_example/logging_example/__init__.py -> /root/catkin_ws/build/logging_rclpy_example/build/lib/logging_rclpy_example/logging_example
running install
running install_lib
creating /root/catkin_ws/install/logging_rclpy_example/lib/python3.8/site-packages/logging_rclpy_example
creating /root/catkin_ws/install/logging_rclpy_example/lib/python3.8/site-packages/logging_rclpy_example/logging_example
copying /root/catkin_ws/build/logging_rclpy_example/build/lib/logging_rclpy_example/logging_example/main.py -> /root/catkin_ws/install/logging_rclpy_example/lib/python3.8/site-packages/logging_rclpy_example/logging_example
copying /root/catkin_ws/build/logging_rclpy_example/build/lib/logging_rclpy_example/logging_example/__init__.py -> /root/catkin_ws/install/logging_rclpy_example/lib/python3.8/site-packages/logging_rclpy_example/logging_example
copying /root/catkin_ws/build/logging_rclpy_example/build/lib/logging_rclpy_example/__init__.py -> /root/catkin_ws/install/logging_rclpy_example/lib/python3.8/site-packages/logging_rclpy_example
byte-compiling /root/catkin_ws/install/logging_rclpy_example/lib/python3.8/site-packages/logging_rclpy_example/logging_example/main.py to main.cpython-38.pyc
byte-compiling /root/catkin_ws/install/logging_rclpy_example/lib/python3.8/site-packages/logging_rclpy_example/logging_example/__init__.py to __init__.cpython-38.pyc
byte-compiling /root/catkin_ws/install/logging_rclpy_example/lib/python3.8/site-packages/logging_rclpy_example/__init__.py to __init__.cpython-38.pyc
running install_data
running install_egg_info
Copying ../../../build/logging_rclpy_example/logging_rclpy_example.egg-info to /root/catkin_ws/install/logging_rclpy_example/lib/python3.8/site-packages/logging_rclpy_example-0.6.0-py3.8.egg-info
running install_scripts
Installing logging_example script to /root/catkin_ws/install/logging_rclpy_example/lib/logging_rclpy_example
writing list of installed files to '/root/catkin_ws/build/logging_rclpy_example/install.log'
