[0.092s] Invoking command in '/root/catkin_ws/build/drive_base_msgs': CMAKE_PREFIX_PATH=${CMAKE_PREFIX_PATH}:/root/catkin_ws/install/topic_service_action_rclpy_example:/root/catkin_ws/install/time_rclpy_example:/root/catkin_ws/install/tf2_rclpy_example:/root/catkin_ws/install/ros2env:/root/catkin_ws/install/omo_r1mini_teleop:/root/catkin_ws/install/omo_r1mini_bringup:/root/catkin_ws/install/my_first_ros_rclpy_pkg:/root/catkin_ws/install/logging_rclpy_example:/root/catkin_ws/install/iahrs_driver:/root/install/topic_service_action_rclpy_example:/root/install/time_rclpy_example:/root/install/tf2_rclpy_example:/root/install/ros2env:/root/install/omo_r1mini_teleop:/root/install/omo_r1mini_bringup:/root/install/my_first_ros_rclpy_pkg:/root/install/logging_rclpy_example:/opt/ros/foxy /usr/bin/cmake --build /root/catkin_ws/build/drive_base_msgs -- -j12 -l12
[0.638s] [  1%] Built target drive_base_msgs__cpp
[0.638s] [ 12%] Built target drive_base_msgs__rosidl_generator_c
[0.638s] [ 23%] Built target drive_base_msgs__rosidl_typesupport_introspection_cpp
[0.638s] [ 34%] Built target drive_base_msgs__rosidl_typesupport_cpp
[0.638s] [ 45%] Built target drive_base_msgs__rosidl_typesupport_fastrtps_cpp
[0.638s] [ 56%] Built target drive_base_msgs__rosidl_typesupport_c
[0.638s] [ 67%] Built target drive_base_msgs__rosidl_typesupport_introspection_c
[0.639s] [ 78%] Built target drive_base_msgs__rosidl_typesupport_fastrtps_c
[0.639s] [ 78%] Built target drive_base_msgs
[0.639s] [ 80%] Built target drive_base_msgs__py
[0.639s] [ 89%] Built target drive_base_msgs__python
[0.639s] [ 92%] Built target drive_base_msgs__rosidl_typesupport_c__pyext
[0.639s] [100%] Built target drive_base_msgs__rosidl_typesupport_fastrtps_c__pyext
[0.639s] [100%] Built target drive_base_msgs__rosidl_typesupport_introspection_c__pyext
[0.646s] Invoked command in '/root/catkin_ws/build/drive_base_msgs' returned '0': CMAKE_PREFIX_PATH=${CMAKE_PREFIX_PATH}:/root/catkin_ws/install/topic_service_action_rclpy_example:/root/catkin_ws/install/time_rclpy_example:/root/catkin_ws/install/tf2_rclpy_example:/root/catkin_ws/install/ros2env:/root/catkin_ws/install/omo_r1mini_teleop:/root/catkin_ws/install/omo_r1mini_bringup:/root/catkin_ws/install/my_first_ros_rclpy_pkg:/root/catkin_ws/install/logging_rclpy_example:/root/catkin_ws/install/iahrs_driver:/root/install/topic_service_action_rclpy_example:/root/install/time_rclpy_example:/root/install/tf2_rclpy_example:/root/install/ros2env:/root/install/omo_r1mini_teleop:/root/install/omo_r1mini_bringup:/root/install/my_first_ros_rclpy_pkg:/root/install/logging_rclpy_example:/opt/ros/foxy /usr/bin/cmake --build /root/catkin_ws/build/drive_base_msgs -- -j12 -l12
[0.821s] Invoking command in '/root/catkin_ws/build/drive_base_msgs': CMAKE_PREFIX_PATH=${CMAKE_PREFIX_PATH}:/root/catkin_ws/install/topic_service_action_rclpy_example:/root/catkin_ws/install/time_rclpy_example:/root/catkin_ws/install/tf2_rclpy_example:/root/catkin_ws/install/ros2env:/root/catkin_ws/install/omo_r1mini_teleop:/root/catkin_ws/install/omo_r1mini_bringup:/root/catkin_ws/install/my_first_ros_rclpy_pkg:/root/catkin_ws/install/logging_rclpy_example:/root/catkin_ws/install/iahrs_driver:/root/install/topic_service_action_rclpy_example:/root/install/time_rclpy_example:/root/install/tf2_rclpy_example:/root/install/ros2env:/root/install/omo_r1mini_teleop:/root/install/omo_r1mini_bringup:/root/install/my_first_ros_rclpy_pkg:/root/install/logging_rclpy_example:/opt/ros/foxy /usr/bin/cmake --install /root/catkin_ws/build/drive_base_msgs
[0.856s] -- Install configuration: ""
[0.856s] -- Execute custom install script
[0.856s] -- Up-to-date symlink: /root/catkin_ws/install/drive_base_msgs/share/ament_index/resource_index/rosidl_interfaces/drive_base_msgs
[0.857s] -- Up-to-date symlink: /root/catkin_ws/install/drive_base_msgs/include/drive_base_msgs/msg/base_info.h
[0.857s] -- Up-to-date symlink: /root/catkin_ws/install/drive_base_msgs/include/drive_base_msgs/msg/command_header.h
[0.857s] -- Up-to-date symlink: /root/catkin_ws/install/drive_base_msgs/include/drive_base_msgs/msg/command_status.h
[0.857s] -- Up-to-date symlink: /root/catkin_ws/install/drive_base_msgs/include/drive_base_msgs/msg/detail/base_info__functions.h
[0.857s] -- Up-to-date symlink: /root/catkin_ws/install/drive_base_msgs/include/drive_base_msgs/msg/detail/base_info__struct.h
[0.858s] -- Up-to-date symlink: /root/catkin_ws/install/drive_base_msgs/include/drive_base_msgs/msg/detail/base_info__type_support.h
[0.858s] -- Up-to-date symlink: /root/catkin_ws/install/drive_base_msgs/include/drive_base_msgs/msg/detail/command_header__functions.h
[0.858s] -- Up-to-date symlink: /root/catkin_ws/install/drive_base_msgs/include/drive_base_msgs/msg/detail/command_header__struct.h
[0.858s] -- Up-to-date symlink: /root/catkin_ws/install/drive_base_msgs/include/drive_base_msgs/msg/detail/command_header__type_support.h
[0.858s] -- Up-to-date symlink: /root/catkin_ws/install/drive_base_msgs/include/drive_base_msgs/msg/detail/command_status__functions.h
[0.861s] -- Up-to-date symlink: /root/catkin_ws/install/drive_base_msgs/include/drive_base_msgs/msg/detail/command_status__struct.h
[0.862s] -- Up-to-date symlink: /root/catkin_ws/install/drive_base_msgs/include/drive_base_msgs/msg/detail/command_status__type_support.h
[0.862s] -- Up-to-date symlink: /root/catkin_ws/install/drive_base_msgs/include/drive_base_msgs/msg/detail/trv_command__functions.h
[0.862s] -- Up-to-date symlink: /root/catkin_ws/install/drive_base_msgs/include/drive_base_msgs/msg/detail/trv_command__struct.h
[0.863s] -- Up-to-date symlink: /root/catkin_ws/install/drive_base_msgs/include/drive_base_msgs/msg/detail/trv_command__type_support.h
[0.863s] -- Up-to-date symlink: /root/catkin_ws/install/drive_base_msgs/include/drive_base_msgs/msg/rosidl_generator_c__visibility_control.h
[0.863s] -- Up-to-date symlink: /root/catkin_ws/install/drive_base_msgs/include/drive_base_msgs/msg/trv_command.h
[0.863s] -- Up-to-date symlink: /root/catkin_ws/install/drive_base_msgs/share/drive_base_msgs/environment/library_path.sh
[0.864s] -- Up-to-date symlink: /root/catkin_ws/install/drive_base_msgs/share/drive_base_msgs/environment/library_path.dsv
[0.864s] -- Up-to-date symlink: /root/catkin_ws/install/drive_base_msgs/include/drive_base_msgs/msg/detail/base_info__rosidl_typesupport_fastrtps_c.h
[0.868s] -- Up-to-date symlink: /root/catkin_ws/install/drive_base_msgs/include/drive_base_msgs/msg/detail/command_header__rosidl_typesupport_fastrtps_c.h
[0.868s] -- Up-to-date symlink: /root/catkin_ws/install/drive_base_msgs/include/drive_base_msgs/msg/detail/command_status__rosidl_typesupport_fastrtps_c.h
[0.869s] -- Up-to-date symlink: /root/catkin_ws/install/drive_base_msgs/include/drive_base_msgs/msg/detail/trv_command__rosidl_typesupport_fastrtps_c.h
[0.869s] -- Up-to-date symlink: /root/catkin_ws/install/drive_base_msgs/include/drive_base_msgs/msg/rosidl_typesupport_fastrtps_c__visibility_control.h
[0.869s] -- Up-to-date symlink: /root/catkin_ws/install/drive_base_msgs/lib/libdrive_base_msgs__rosidl_typesupport_fastrtps_c.so
[0.870s] -- Up-to-date symlink: /root/catkin_ws/install/drive_base_msgs/include/drive_base_msgs/msg/detail/base_info__rosidl_typesupport_fastrtps_cpp.hpp
[0.870s] -- Up-to-date symlink: /root/catkin_ws/install/drive_base_msgs/include/drive_base_msgs/msg/detail/command_header__rosidl_typesupport_fastrtps_cpp.hpp
[0.870s] -- Up-to-date symlink: /root/catkin_ws/install/drive_base_msgs/include/drive_base_msgs/msg/detail/command_status__rosidl_typesupport_fastrtps_cpp.hpp
[0.871s] -- Up-to-date symlink: /root/catkin_ws/install/drive_base_msgs/include/drive_base_msgs/msg/detail/trv_command__rosidl_typesupport_fastrtps_cpp.hpp
[0.871s] -- Up-to-date symlink: /root/catkin_ws/install/drive_base_msgs/include/drive_base_msgs/msg/rosidl_typesupport_fastrtps_cpp__visibility_control.h
[0.871s] -- Up-to-date symlink: /root/catkin_ws/install/drive_base_msgs/lib/libdrive_base_msgs__rosidl_typesupport_fastrtps_cpp.so
[0.872s] -- Up-to-date symlink: /root/catkin_ws/install/drive_base_msgs/include/drive_base_msgs/msg/detail/base_info__rosidl_typesupport_introspection_c.h
[0.872s] -- Up-to-date symlink: /root/catkin_ws/install/drive_base_msgs/include/drive_base_msgs/msg/detail/command_header__rosidl_typesupport_introspection_c.h
[0.872s] -- Up-to-date symlink: /root/catkin_ws/install/drive_base_msgs/include/drive_base_msgs/msg/detail/command_status__rosidl_typesupport_introspection_c.h
[0.873s] -- Up-to-date symlink: /root/catkin_ws/install/drive_base_msgs/include/drive_base_msgs/msg/detail/trv_command__rosidl_typesupport_introspection_c.h
[0.873s] -- Up-to-date symlink: /root/catkin_ws/install/drive_base_msgs/include/drive_base_msgs/msg/rosidl_typesupport_introspection_c__visibility_control.h
[0.873s] -- Up-to-date symlink: /root/catkin_ws/install/drive_base_msgs/include/drive_base_msgs/msg/base_info.hpp
[0.873s] -- Up-to-date symlink: /root/catkin_ws/install/drive_base_msgs/include/drive_base_msgs/msg/command_header.hpp
[0.874s] -- Up-to-date symlink: /root/catkin_ws/install/drive_base_msgs/include/drive_base_msgs/msg/command_status.hpp
[0.875s] -- Up-to-date symlink: /root/catkin_ws/install/drive_base_msgs/include/drive_base_msgs/msg/detail/base_info__builder.hpp
[0.876s] -- Up-to-date symlink: /root/catkin_ws/install/drive_base_msgs/include/drive_base_msgs/msg/detail/base_info__struct.hpp
[0.880s] -- Up-to-date symlink: /root/catkin_ws/install/drive_base_msgs/include/drive_base_msgs/msg/detail/base_info__traits.hpp
[0.881s] -- Up-to-date symlink: /root/catkin_ws/install/drive_base_msgs/include/drive_base_msgs/msg/detail/command_header__builder.hpp
[0.881s] -- Up-to-date symlink: /root/catkin_ws/install/drive_base_msgs/include/drive_base_msgs/msg/detail/command_header__struct.hpp
[0.881s] -- Up-to-date symlink: /root/catkin_ws/install/drive_base_msgs/include/drive_base_msgs/msg/detail/command_header__traits.hpp
[0.881s] -- Up-to-date symlink: /root/catkin_ws/install/drive_base_msgs/include/drive_base_msgs/msg/detail/command_status__builder.hpp
[0.882s] -- Up-to-date symlink: /root/catkin_ws/install/drive_base_msgs/include/drive_base_msgs/msg/detail/command_status__struct.hpp
[0.882s] -- Up-to-date symlink: /root/catkin_ws/install/drive_base_msgs/include/drive_base_msgs/msg/detail/command_status__traits.hpp
[0.882s] -- Up-to-date symlink: /root/catkin_ws/install/drive_base_msgs/include/drive_base_msgs/msg/detail/trv_command__builder.hpp
[0.882s] -- Up-to-date symlink: /root/catkin_ws/install/drive_base_msgs/include/drive_base_msgs/msg/detail/trv_command__struct.hpp
[0.882s] -- Up-to-date symlink: /root/catkin_ws/install/drive_base_msgs/include/drive_base_msgs/msg/detail/trv_command__traits.hpp
[0.882s] -- Up-to-date symlink: /root/catkin_ws/install/drive_base_msgs/include/drive_base_msgs/msg/trv_command.hpp
[0.883s] -- Up-to-date symlink: /root/catkin_ws/install/drive_base_msgs/include/drive_base_msgs/msg/detail/base_info__rosidl_typesupport_introspection_cpp.hpp
[0.883s] -- Up-to-date symlink: /root/catkin_ws/install/drive_base_msgs/include/drive_base_msgs/msg/detail/command_header__rosidl_typesupport_introspection_cpp.hpp
[0.883s] -- Up-to-date symlink: /root/catkin_ws/install/drive_base_msgs/include/drive_base_msgs/msg/detail/command_status__rosidl_typesupport_introspection_cpp.hpp
[0.883s] -- Up-to-date symlink: /root/catkin_ws/install/drive_base_msgs/include/drive_base_msgs/msg/detail/trv_command__rosidl_typesupport_introspection_cpp.hpp
[0.883s] -- Up-to-date symlink: /root/catkin_ws/install/drive_base_msgs/share/drive_base_msgs/environment/pythonpath.sh
[0.883s] -- Up-to-date symlink: /root/catkin_ws/install/drive_base_msgs/share/drive_base_msgs/environment/pythonpath.dsv
[0.884s] -- Up-to-date symlink: /root/catkin_ws/install/drive_base_msgs/lib/python3.8/site-packages/drive_base_msgs/__init__.py
[0.884s] -- Up-to-date symlink: /root/catkin_ws/install/drive_base_msgs/lib/python3.8/site-packages/drive_base_msgs/msg/__init__.py
[0.884s] -- Up-to-date symlink: /root/catkin_ws/install/drive_base_msgs/lib/python3.8/site-packages/drive_base_msgs/msg/_base_info.py
[0.884s] -- Up-to-date symlink: /root/catkin_ws/install/drive_base_msgs/lib/python3.8/site-packages/drive_base_msgs/msg/_command_header.py
[0.884s] -- Up-to-date symlink: /root/catkin_ws/install/drive_base_msgs/lib/python3.8/site-packages/drive_base_msgs/msg/_command_status.py
[0.884s] -- Up-to-date symlink: /root/catkin_ws/install/drive_base_msgs/lib/python3.8/site-packages/drive_base_msgs/msg/_trv_command.py
[0.884s] -- Up-to-date symlink: /root/catkin_ws/install/drive_base_msgs/lib/python3.8/site-packages/drive_base_msgs/drive_base_msgs_s__rosidl_typesupport_fastrtps_c.cpython-38-x86_64-linux-gnu.so
[0.885s] -- Up-to-date symlink: /root/catkin_ws/install/drive_base_msgs/lib/python3.8/site-packages/drive_base_msgs/drive_base_msgs_s__rosidl_typesupport_introspection_c.cpython-38-x86_64-linux-gnu.so
[0.885s] -- Up-to-date symlink: /root/catkin_ws/install/drive_base_msgs/lib/python3.8/site-packages/drive_base_msgs/drive_base_msgs_s__rosidl_typesupport_c.cpython-38-x86_64-linux-gnu.so
[0.885s] -- Up-to-date symlink: /root/catkin_ws/install/drive_base_msgs/lib/libdrive_base_msgs__python.so
[0.885s] -- Up-to-date symlink: /root/catkin_ws/install/drive_base_msgs/share/drive_base_msgs/msg/CommandHeader.idl
[0.885s] -- Up-to-date symlink: /root/catkin_ws/install/drive_base_msgs/share/drive_base_msgs/msg/BaseInfo.idl
[0.886s] -- Up-to-date symlink: /root/catkin_ws/install/drive_base_msgs/share/drive_base_msgs/msg/CommandStatus.idl
[0.886s] -- Up-to-date symlink: /root/catkin_ws/install/drive_base_msgs/share/drive_base_msgs/msg/TRVCommand.idl
[0.886s] -- Up-to-date symlink: /root/catkin_ws/install/drive_base_msgs/share/drive_base_msgs/msg/CommandHeader.msg
[0.886s] -- Up-to-date symlink: /root/catkin_ws/install/drive_base_msgs/share/drive_base_msgs/msg/BaseInfo.msg
[0.886s] -- Up-to-date symlink: /root/catkin_ws/install/drive_base_msgs/share/drive_base_msgs/msg/CommandStatus.msg
[0.886s] -- Up-to-date symlink: /root/catkin_ws/install/drive_base_msgs/share/drive_base_msgs/msg/TRVCommand.msg
[0.887s] -- Up-to-date symlink: /root/catkin_ws/install/drive_base_msgs/share/ament_index/resource_index/package_run_dependencies/drive_base_msgs
[0.887s] -- Up-to-date symlink: /root/catkin_ws/install/drive_base_msgs/share/ament_index/resource_index/parent_prefix_path/drive_base_msgs
[0.887s] -- Up-to-date symlink: /root/catkin_ws/install/drive_base_msgs/share/drive_base_msgs/environment/ament_prefix_path.sh
[0.887s] -- Up-to-date symlink: /root/catkin_ws/install/drive_base_msgs/share/drive_base_msgs/environment/ament_prefix_path.dsv
[0.887s] -- Up-to-date symlink: /root/catkin_ws/install/drive_base_msgs/share/drive_base_msgs/environment/path.sh
[0.887s] -- Up-to-date symlink: /root/catkin_ws/install/drive_base_msgs/share/drive_base_msgs/environment/path.dsv
[0.887s] -- Up-to-date symlink: /root/catkin_ws/install/drive_base_msgs/share/drive_base_msgs/local_setup.bash
[0.887s] -- Up-to-date symlink: /root/catkin_ws/install/drive_base_msgs/share/drive_base_msgs/local_setup.sh
[0.888s] -- Up-to-date symlink: /root/catkin_ws/install/drive_base_msgs/share/drive_base_msgs/local_setup.zsh
[0.888s] -- Up-to-date symlink: /root/catkin_ws/install/drive_base_msgs/share/drive_base_msgs/local_setup.dsv
[0.888s] -- Symlinking: /root/catkin_ws/install/drive_base_msgs/share/drive_base_msgs/package.dsv
[0.888s] -- Up-to-date symlink: /root/catkin_ws/install/drive_base_msgs/share/ament_index/resource_index/packages/drive_base_msgs
[0.888s] -- Up-to-date symlink: /root/catkin_ws/install/drive_base_msgs/share/drive_base_msgs/cmake/rosidl_cmake-extras.cmake
[0.888s] -- Up-to-date symlink: /root/catkin_ws/install/drive_base_msgs/share/drive_base_msgs/cmake/ament_cmake_export_dependencies-extras.cmake
[0.888s] -- Up-to-date symlink: /root/catkin_ws/install/drive_base_msgs/share/drive_base_msgs/cmake/ament_cmake_export_libraries-extras.cmake
[0.888s] -- Up-to-date symlink: /root/catkin_ws/install/drive_base_msgs/share/drive_base_msgs/cmake/ament_cmake_export_targets-extras.cmake
[0.888s] -- Up-to-date symlink: /root/catkin_ws/install/drive_base_msgs/share/drive_base_msgs/cmake/ament_cmake_export_include_directories-extras.cmake
[0.889s] -- Up-to-date symlink: /root/catkin_ws/install/drive_base_msgs/share/drive_base_msgs/cmake/rosidl_cmake_export_typesupport_libraries-extras.cmake
[0.889s] -- Up-to-date symlink: /root/catkin_ws/install/drive_base_msgs/share/drive_base_msgs/cmake/rosidl_cmake_export_typesupport_targets-extras.cmake
[0.889s] -- Up-to-date symlink: /root/catkin_ws/install/drive_base_msgs/share/drive_base_msgs/cmake/drive_base_msgsConfig.cmake
[0.889s] -- Up-to-date symlink: /root/catkin_ws/install/drive_base_msgs/share/drive_base_msgs/cmake/drive_base_msgsConfig-version.cmake
[0.889s] -- Up-to-date symlink: /root/catkin_ws/install/drive_base_msgs/share/drive_base_msgs/package.xml
[0.889s] -- Up-to-date: /root/catkin_ws/install/drive_base_msgs/lib/libdrive_base_msgs__rosidl_generator_c.so
[0.889s] -- Up-to-date: /root/catkin_ws/install/drive_base_msgs/lib/libdrive_base_msgs__rosidl_typesupport_introspection_c.so
[0.889s] -- Up-to-date: /root/catkin_ws/install/drive_base_msgs/lib/libdrive_base_msgs__rosidl_typesupport_c.so
[0.889s] -- Up-to-date: /root/catkin_ws/install/drive_base_msgs/lib/libdrive_base_msgs__rosidl_typesupport_introspection_cpp.so
[0.890s] -- Up-to-date: /root/catkin_ws/install/drive_base_msgs/lib/libdrive_base_msgs__rosidl_typesupport_cpp.so
[1.002s] -- Up-to-date: /root/catkin_ws/install/drive_base_msgs/share/drive_base_msgs/cmake/drive_base_msgs__rosidl_generator_cExport.cmake
[1.002s] -- Up-to-date: /root/catkin_ws/install/drive_base_msgs/share/drive_base_msgs/cmake/drive_base_msgs__rosidl_generator_cExport-noconfig.cmake
[1.002s] -- Up-to-date: /root/catkin_ws/install/drive_base_msgs/share/drive_base_msgs/cmake/drive_base_msgs__rosidl_typesupport_introspection_cExport.cmake
[1.002s] -- Up-to-date: /root/catkin_ws/install/drive_base_msgs/share/drive_base_msgs/cmake/drive_base_msgs__rosidl_typesupport_introspection_cExport-noconfig.cmake
[1.002s] -- Up-to-date: /root/catkin_ws/install/drive_base_msgs/share/drive_base_msgs/cmake/drive_base_msgs__rosidl_typesupport_cExport.cmake
[1.002s] -- Up-to-date: /root/catkin_ws/install/drive_base_msgs/share/drive_base_msgs/cmake/drive_base_msgs__rosidl_typesupport_cExport-noconfig.cmake
[1.002s] -- Up-to-date: /root/catkin_ws/install/drive_base_msgs/share/drive_base_msgs/cmake/drive_base_msgs__rosidl_generator_cppExport.cmake
[1.002s] -- Up-to-date: /root/catkin_ws/install/drive_base_msgs/share/drive_base_msgs/cmake/drive_base_msgs__rosidl_typesupport_introspection_cppExport.cmake
[1.002s] -- Up-to-date: /root/catkin_ws/install/drive_base_msgs/share/drive_base_msgs/cmake/drive_base_msgs__rosidl_typesupport_introspection_cppExport-noconfig.cmake
[1.003s] -- Up-to-date: /root/catkin_ws/install/drive_base_msgs/share/drive_base_msgs/cmake/drive_base_msgs__rosidl_typesupport_cppExport.cmake
[1.003s] -- Up-to-date: /root/catkin_ws/install/drive_base_msgs/share/drive_base_msgs/cmake/drive_base_msgs__rosidl_typesupport_cppExport-noconfig.cmake
[1.085s] Invoked command in '/root/catkin_ws/build/drive_base_msgs' returned '0': CMAKE_PREFIX_PATH=${CMAKE_PREFIX_PATH}:/root/catkin_ws/install/topic_service_action_rclpy_example:/root/catkin_ws/install/time_rclpy_example:/root/catkin_ws/install/tf2_rclpy_example:/root/catkin_ws/install/ros2env:/root/catkin_ws/install/omo_r1mini_teleop:/root/catkin_ws/install/omo_r1mini_bringup:/root/catkin_ws/install/my_first_ros_rclpy_pkg:/root/catkin_ws/install/logging_rclpy_example:/root/catkin_ws/install/iahrs_driver:/root/install/topic_service_action_rclpy_example:/root/install/time_rclpy_example:/root/install/tf2_rclpy_example:/root/install/ros2env:/root/install/omo_r1mini_teleop:/root/install/omo_r1mini_bringup:/root/install/my_first_ros_rclpy_pkg:/root/install/logging_rclpy_example:/opt/ros/foxy /usr/bin/cmake --install /root/catkin_ws/build/drive_base_msgs
