[0.654s] Invoking command in '/root/catkin_ws/build/micro_ros_setup': CMAKE_PREFIX_PATH=${CMAKE_PREFIX_PATH}:/root/catkin_ws/install/topic_service_action_rclpy_example:/root/catkin_ws/install/time_rclpy_example:/root/catkin_ws/install/tf2_rclpy_example:/root/catkin_ws/install/ros2env:/root/catkin_ws/install/omo_r1mini_teleop:/root/catkin_ws/install/omo_r1mini_bringup:/root/catkin_ws/install/my_first_ros_rclpy_pkg:/root/catkin_ws/install/logging_rclpy_example:/root/catkin_ws/install/iahrs_driver:/root/install/topic_service_action_rclpy_example:/root/install/time_rclpy_example:/root/install/tf2_rclpy_example:/root/install/ros2env:/root/install/omo_r1mini_teleop:/root/install/omo_r1mini_bringup:/root/install/my_first_ros_rclpy_pkg:/root/install/logging_rclpy_example:/opt/ros/foxy /usr/bin/cmake --build /root/catkin_ws/build/micro_ros_setup -- -j12 -l12
[0.876s] Invoked command in '/root/catkin_ws/build/micro_ros_setup' returned '0': CMAKE_PREFIX_PATH=${CMAKE_PREFIX_PATH}:/root/catkin_ws/install/topic_service_action_rclpy_example:/root/catkin_ws/install/time_rclpy_example:/root/catkin_ws/install/tf2_rclpy_example:/root/catkin_ws/install/ros2env:/root/catkin_ws/install/omo_r1mini_teleop:/root/catkin_ws/install/omo_r1mini_bringup:/root/catkin_ws/install/my_first_ros_rclpy_pkg:/root/catkin_ws/install/logging_rclpy_example:/root/catkin_ws/install/iahrs_driver:/root/install/topic_service_action_rclpy_example:/root/install/time_rclpy_example:/root/install/tf2_rclpy_example:/root/install/ros2env:/root/install/omo_r1mini_teleop:/root/install/omo_r1mini_bringup:/root/install/my_first_ros_rclpy_pkg:/root/install/logging_rclpy_example:/opt/ros/foxy /usr/bin/cmake --build /root/catkin_ws/build/micro_ros_setup -- -j12 -l12
[1.007s] Invoking command in '/root/catkin_ws/build/micro_ros_setup': CMAKE_PREFIX_PATH=${CMAKE_PREFIX_PATH}:/root/catkin_ws/install/topic_service_action_rclpy_example:/root/catkin_ws/install/time_rclpy_example:/root/catkin_ws/install/tf2_rclpy_example:/root/catkin_ws/install/ros2env:/root/catkin_ws/install/omo_r1mini_teleop:/root/catkin_ws/install/omo_r1mini_bringup:/root/catkin_ws/install/my_first_ros_rclpy_pkg:/root/catkin_ws/install/logging_rclpy_example:/root/catkin_ws/install/iahrs_driver:/root/install/topic_service_action_rclpy_example:/root/install/time_rclpy_example:/root/install/tf2_rclpy_example:/root/install/ros2env:/root/install/omo_r1mini_teleop:/root/install/omo_r1mini_bringup:/root/install/my_first_ros_rclpy_pkg:/root/install/logging_rclpy_example:/opt/ros/foxy /usr/bin/cmake --install /root/catkin_ws/build/micro_ros_setup
[1.031s] -- Install configuration: ""
[1.032s] -- Execute custom install script
[1.036s] -- Up-to-date symlink: /root/catkin_ws/install/micro_ros_setup/share/ament_index/resource_index/package_run_dependencies/micro_ros_setup
[1.036s] -- Up-to-date symlink: /root/catkin_ws/install/micro_ros_setup/share/ament_index/resource_index/parent_prefix_path/micro_ros_setup
[1.036s] -- Up-to-date symlink: /root/catkin_ws/install/micro_ros_setup/share/micro_ros_setup/environment/ament_prefix_path.sh
[1.036s] -- Up-to-date symlink: /root/catkin_ws/install/micro_ros_setup/share/micro_ros_setup/environment/ament_prefix_path.dsv
[1.036s] -- Up-to-date symlink: /root/catkin_ws/install/micro_ros_setup/share/micro_ros_setup/environment/path.sh
[1.037s] -- Up-to-date symlink: /root/catkin_ws/install/micro_ros_setup/share/micro_ros_setup/environment/path.dsv
[1.037s] -- Up-to-date symlink: /root/catkin_ws/install/micro_ros_setup/share/micro_ros_setup/local_setup.bash
[1.037s] -- Up-to-date symlink: /root/catkin_ws/install/micro_ros_setup/share/micro_ros_setup/local_setup.sh
[1.037s] -- Up-to-date symlink: /root/catkin_ws/install/micro_ros_setup/share/micro_ros_setup/local_setup.zsh
[1.037s] -- Up-to-date symlink: /root/catkin_ws/install/micro_ros_setup/share/micro_ros_setup/local_setup.dsv
[1.037s] -- Symlinking: /root/catkin_ws/install/micro_ros_setup/share/micro_ros_setup/package.dsv
[1.056s] -- Up-to-date symlink: /root/catkin_ws/install/micro_ros_setup/share/ament_index/resource_index/packages/micro_ros_setup
[1.056s] -- Up-to-date symlink: /root/catkin_ws/install/micro_ros_setup/share/micro_ros_setup/cmake/micro_ros_setupConfig.cmake
[1.056s] -- Up-to-date symlink: /root/catkin_ws/install/micro_ros_setup/share/micro_ros_setup/cmake/micro_ros_setupConfig-version.cmake
[1.057s] -- Up-to-date symlink: /root/catkin_ws/install/micro_ros_setup/share/micro_ros_setup/package.xml
[1.057s] -- Up-to-date symlink: /root/catkin_ws/install/micro_ros_setup/lib/micro_ros_setup/create_ws.sh
[1.057s] -- Up-to-date symlink: /root/catkin_ws/install/micro_ros_setup/lib/micro_ros_setup/create_agent_ws.sh
[1.057s] -- Up-to-date symlink: /root/catkin_ws/install/micro_ros_setup/lib/micro_ros_setup/create_firmware_ws.sh
[1.057s] -- Up-to-date symlink: /root/catkin_ws/install/micro_ros_setup/lib/micro_ros_setup/configure_firmware.sh
[1.057s] -- Up-to-date symlink: /root/catkin_ws/install/micro_ros_setup/lib/micro_ros_setup/flash_firmware.sh
[1.057s] -- Up-to-date symlink: /root/catkin_ws/install/micro_ros_setup/lib/micro_ros_setup/reset_firmware.sh
[1.057s] -- Up-to-date symlink: /root/catkin_ws/install/micro_ros_setup/lib/micro_ros_setup/build_firmware.sh
[1.058s] -- Up-to-date symlink: /root/catkin_ws/install/micro_ros_setup/lib/micro_ros_setup/build_agent.sh
[1.058s] -- Up-to-date symlink: /root/catkin_ws/install/micro_ros_setup/lib/micro_ros_setup/yaml_filter.py
[1.058s] -- Up-to-date symlink: /root/catkin_ws/install/micro_ros_setup/lib/micro_ros_setup/clean_env.sh
[1.058s] -- Up-to-date: /root/catkin_ws/install/micro_ros_setup/./config
[1.059s] -- Up-to-date: /root/catkin_ws/install/micro_ros_setup/./config/agent_ros2_packages.txt
[1.059s] -- Up-to-date: /root/catkin_ws/install/micro_ros_setup/./config/generate_lib
[1.059s] -- Up-to-date: /root/catkin_ws/install/micro_ros_setup/./config/generate_lib/generic
[1.059s] -- Up-to-date: /root/catkin_ws/install/micro_ros_setup/./config/generate_lib/generic/create.sh
[1.059s] -- Up-to-date: /root/catkin_ws/install/micro_ros_setup/./config/generate_lib/generic/client_uros_packages.repos
[1.059s] -- Up-to-date: /root/catkin_ws/install/micro_ros_setup/./config/generate_lib/generic/client-colcon.meta
[1.059s] -- Up-to-date: /root/catkin_ws/install/micro_ros_setup/./config/generate_lib/generic/package.xml
[1.059s] -- Up-to-date: /root/catkin_ws/install/micro_ros_setup/./config/generate_lib/generic/demo_toolchain.cmake
[1.060s] -- Up-to-date: /root/catkin_ws/install/micro_ros_setup/./config/generate_lib/generic/flash.sh
[1.060s] -- Up-to-date: /root/catkin_ws/install/micro_ros_setup/./config/generate_lib/generic/build.sh
[1.060s] -- Up-to-date: /root/catkin_ws/install/micro_ros_setup/./config/generate_lib/dev_ros2_packages.txt
[1.060s] -- Up-to-date: /root/catkin_ws/install/micro_ros_setup/./config/generate_lib/dev_uros_packages.repos
[1.060s] -- Up-to-date: /root/catkin_ws/install/micro_ros_setup/./config/client_uros_packages.repos
[1.060s] -- Up-to-date: /root/catkin_ws/install/micro_ros_setup/./config/host
[1.060s] -- Up-to-date: /root/catkin_ws/install/micro_ros_setup/./config/host/generic
[1.060s] -- Up-to-date: /root/catkin_ws/install/micro_ros_setup/./config/host/generic/create.sh
[1.060s] -- Up-to-date: /root/catkin_ws/install/micro_ros_setup/./config/host/generic/client-host-colcon.meta
[1.061s] -- Up-to-date: /root/catkin_ws/install/micro_ros_setup/./config/host/generic/client_host_packages.repos
[1.061s] -- Up-to-date: /root/catkin_ws/install/micro_ros_setup/./config/host/generic/package.xml
[1.061s] -- Up-to-date: /root/catkin_ws/install/micro_ros_setup/./config/host/generic/reset.sh
[1.061s] -- Up-to-date: /root/catkin_ws/install/micro_ros_setup/./config/host/generic/flash.sh
[1.061s] -- Up-to-date: /root/catkin_ws/install/micro_ros_setup/./config/host/generic/build.sh
[1.061s] -- Up-to-date: /root/catkin_ws/install/micro_ros_setup/./config/host/dev_ros2_packages.txt
[1.061s] -- Up-to-date: /root/catkin_ws/install/micro_ros_setup/./config/host/client_ros2_packages.txt
[1.061s] -- Up-to-date: /root/catkin_ws/install/micro_ros_setup/./config/host/dev_uros_packages.repos
[1.061s] -- Up-to-date: /root/catkin_ws/install/micro_ros_setup/./config/raspbian
[1.062s] -- Up-to-date: /root/catkin_ws/install/micro_ros_setup/./config/raspbian/generic
[1.063s] -- Up-to-date: /root/catkin_ws/install/micro_ros_setup/./config/raspbian/generic/create.sh
[1.064s] -- Up-to-date: /root/catkin_ws/install/micro_ros_setup/./config/raspbian/generic/supported_platforms
[1.064s] -- Up-to-date: /root/catkin_ws/install/micro_ros_setup/./config/raspbian/generic/client_uros_packages.repos
[1.064s] -- Up-to-date: /root/catkin_ws/install/micro_ros_setup/./config/raspbian/generic/client-colcon.meta
[1.064s] -- Up-to-date: /root/catkin_ws/install/micro_ros_setup/./config/raspbian/generic/configure.sh
[1.064s] -- Up-to-date: /root/catkin_ws/install/micro_ros_setup/./config/raspbian/generic/flash.sh
[1.064s] -- Up-to-date: /root/catkin_ws/install/micro_ros_setup/./config/raspbian/generic/build.sh
[1.064s] -- Up-to-date: /root/catkin_ws/install/micro_ros_setup/./config/raspbian/dev_ros2_packages.txt
[1.064s] -- Up-to-date: /root/catkin_ws/install/micro_ros_setup/./config/raspbian/dev_uros_packages.repos
[1.064s] -- Up-to-date: /root/catkin_ws/install/micro_ros_setup/./config/zephyr
[1.065s] -- Up-to-date: /root/catkin_ws/install/micro_ros_setup/./config/zephyr/generic
[1.065s] -- Up-to-date: /root/catkin_ws/install/micro_ros_setup/./config/zephyr/generic/create.sh
[1.065s] -- Up-to-date: /root/catkin_ws/install/micro_ros_setup/./config/zephyr/generic/supported_platforms
[1.065s] -- Up-to-date: /root/catkin_ws/install/micro_ros_setup/./config/zephyr/generic/board.repos
[1.065s] -- Up-to-date: /root/catkin_ws/install/micro_ros_setup/./config/zephyr/generic/client_uros_packages.repos
[1.065s] -- Up-to-date: /root/catkin_ws/install/micro_ros_setup/./config/zephyr/generic/client-colcon.meta
[1.066s] -- Up-to-date: /root/catkin_ws/install/micro_ros_setup/./config/zephyr/generic/package.xml
[1.066s] -- Up-to-date: /root/catkin_ws/install/micro_ros_setup/./config/zephyr/generic/configure.sh
[1.066s] -- Up-to-date: /root/catkin_ws/install/micro_ros_setup/./config/zephyr/generic/reset.sh
[1.067s] -- Up-to-date: /root/catkin_ws/install/micro_ros_setup/./config/zephyr/generic/flash.sh
[1.067s] -- Up-to-date: /root/catkin_ws/install/micro_ros_setup/./config/zephyr/generic/build.sh
[1.067s] -- Up-to-date: /root/catkin_ws/install/micro_ros_setup/./config/zephyr/dev_ros2_packages.txt
[1.067s] -- Up-to-date: /root/catkin_ws/install/micro_ros_setup/./config/zephyr/list_apps.sh
[1.067s] -- Up-to-date: /root/catkin_ws/install/micro_ros_setup/./config/zephyr/dev_uros_packages.repos
[1.068s] -- Up-to-date: /root/catkin_ws/install/micro_ros_setup/./config/freertos
[1.068s] -- Up-to-date: /root/catkin_ws/install/micro_ros_setup/./config/freertos/olimex-stm32-e407
[1.068s] -- Up-to-date: /root/catkin_ws/install/micro_ros_setup/./config/freertos/olimex-stm32-e407/create.sh
[1.068s] -- Up-to-date: /root/catkin_ws/install/micro_ros_setup/./config/freertos/olimex-stm32-e407/board.repos
[1.069s] -- Up-to-date: /root/catkin_ws/install/micro_ros_setup/./config/freertos/olimex-stm32-e407/client_uros_packages.repos
[1.070s] -- Up-to-date: /root/catkin_ws/install/micro_ros_setup/./config/freertos/olimex-stm32-e407/client-colcon.meta
[1.070s] -- Up-to-date: /root/catkin_ws/install/micro_ros_setup/./config/freertos/olimex-stm32-e407/package.xml
[1.070s] -- Up-to-date: /root/catkin_ws/install/micro_ros_setup/./config/freertos/olimex-stm32-e407/configure.sh
[1.071s] -- Up-to-date: /root/catkin_ws/install/micro_ros_setup/./config/freertos/olimex-stm32-e407/reset.sh
[1.071s] -- Up-to-date: /root/catkin_ws/install/micro_ros_setup/./config/freertos/olimex-stm32-e407/flash.sh
[1.071s] -- Up-to-date: /root/catkin_ws/install/micro_ros_setup/./config/freertos/olimex-stm32-e407/build.sh
[1.071s] -- Up-to-date: /root/catkin_ws/install/micro_ros_setup/./config/freertos/nucleo_f446re
[1.071s] -- Up-to-date: /root/catkin_ws/install/micro_ros_setup/./config/freertos/nucleo_f446re/create.sh
[1.072s] -- Up-to-date: /root/catkin_ws/install/micro_ros_setup/./config/freertos/nucleo_f446re/board.repos
[1.072s] -- Up-to-date: /root/catkin_ws/install/micro_ros_setup/./config/freertos/nucleo_f446re/client_uros_packages.repos
[1.072s] -- Up-to-date: /root/catkin_ws/install/micro_ros_setup/./config/freertos/nucleo_f446re/client-colcon.meta
[1.072s] -- Up-to-date: /root/catkin_ws/install/micro_ros_setup/./config/freertos/nucleo_f446re/package.xml
[1.072s] -- Up-to-date: /root/catkin_ws/install/micro_ros_setup/./config/freertos/nucleo_f446re/configure.sh
[1.073s] -- Up-to-date: /root/catkin_ws/install/micro_ros_setup/./config/freertos/nucleo_f446re/reset.sh
[1.073s] -- Up-to-date: /root/catkin_ws/install/micro_ros_setup/./config/freertos/nucleo_f446re/flash.sh
[1.073s] -- Up-to-date: /root/catkin_ws/install/micro_ros_setup/./config/freertos/nucleo_f446re/build.sh
[1.073s] -- Up-to-date: /root/catkin_ws/install/micro_ros_setup/./config/freertos/esp32
[1.073s] -- Up-to-date: /root/catkin_ws/install/micro_ros_setup/./config/freertos/esp32/create.sh
[1.074s] -- Up-to-date: /root/catkin_ws/install/micro_ros_setup/./config/freertos/esp32/board.repos
[1.074s] -- Up-to-date: /root/catkin_ws/install/micro_ros_setup/./config/freertos/esp32/client_uros_packages.repos
[1.074s] -- Up-to-date: /root/catkin_ws/install/micro_ros_setup/./config/freertos/esp32/client-colcon.meta
[1.074s] -- Up-to-date: /root/catkin_ws/install/micro_ros_setup/./config/freertos/esp32/package.xml
[1.076s] -- Up-to-date: /root/catkin_ws/install/micro_ros_setup/./config/freertos/esp32/configure.sh
[1.076s] -- Up-to-date: /root/catkin_ws/install/micro_ros_setup/./config/freertos/esp32/flash.sh
[1.076s] -- Up-to-date: /root/catkin_ws/install/micro_ros_setup/./config/freertos/esp32/README.md
[1.076s] -- Up-to-date: /root/catkin_ws/install/micro_ros_setup/./config/freertos/esp32/build.sh
[1.077s] -- Up-to-date: /root/catkin_ws/install/micro_ros_setup/./config/freertos/dev_ros2_packages.txt
[1.077s] -- Up-to-date: /root/catkin_ws/install/micro_ros_setup/./config/freertos/list_apps.sh
[1.077s] -- Up-to-date: /root/catkin_ws/install/micro_ros_setup/./config/freertos/nucleo_f746zg
[1.077s] -- Up-to-date: /root/catkin_ws/install/micro_ros_setup/./config/freertos/nucleo_f746zg/create.sh
[1.078s] -- Up-to-date: /root/catkin_ws/install/micro_ros_setup/./config/freertos/nucleo_f746zg/board.repos
[1.078s] -- Up-to-date: /root/catkin_ws/install/micro_ros_setup/./config/freertos/nucleo_f746zg/client_uros_packages.repos
[1.078s] -- Up-to-date: /root/catkin_ws/install/micro_ros_setup/./config/freertos/nucleo_f746zg/client-colcon.meta
[1.078s] -- Up-to-date: /root/catkin_ws/install/micro_ros_setup/./config/freertos/nucleo_f746zg/package.xml
[1.079s] -- Up-to-date: /root/catkin_ws/install/micro_ros_setup/./config/freertos/nucleo_f746zg/configure.sh
[1.079s] -- Up-to-date: /root/catkin_ws/install/micro_ros_setup/./config/freertos/nucleo_f746zg/reset.sh
[1.079s] -- Up-to-date: /root/catkin_ws/install/micro_ros_setup/./config/freertos/nucleo_f746zg/flash.sh
[1.079s] -- Up-to-date: /root/catkin_ws/install/micro_ros_setup/./config/freertos/nucleo_f746zg/build.sh
[1.079s] -- Up-to-date: /root/catkin_ws/install/micro_ros_setup/./config/freertos/nucleo_f767zi
[1.079s] -- Up-to-date: /root/catkin_ws/install/micro_ros_setup/./config/freertos/nucleo_f767zi/create.sh
[1.079s] -- Up-to-date: /root/catkin_ws/install/micro_ros_setup/./config/freertos/nucleo_f767zi/board.repos
[1.079s] -- Up-to-date: /root/catkin_ws/install/micro_ros_setup/./config/freertos/nucleo_f767zi/client_uros_packages.repos
[1.079s] -- Up-to-date: /root/catkin_ws/install/micro_ros_setup/./config/freertos/nucleo_f767zi/client-colcon.meta
[1.080s] -- Up-to-date: /root/catkin_ws/install/micro_ros_setup/./config/freertos/nucleo_f767zi/package.xml
[1.080s] -- Up-to-date: /root/catkin_ws/install/micro_ros_setup/./config/freertos/nucleo_f767zi/configure.sh
[1.080s] -- Up-to-date: /root/catkin_ws/install/micro_ros_setup/./config/freertos/nucleo_f767zi/reset.sh
[1.080s] -- Up-to-date: /root/catkin_ws/install/micro_ros_setup/./config/freertos/nucleo_f767zi/flash.sh
[1.080s] -- Up-to-date: /root/catkin_ws/install/micro_ros_setup/./config/freertos/nucleo_f767zi/build.sh
[1.080s] -- Up-to-date: /root/catkin_ws/install/micro_ros_setup/./config/freertos/dev_uros_packages.repos
[1.081s] -- Up-to-date: /root/catkin_ws/install/micro_ros_setup/./config/freertos/nucleo_f446ze
[1.082s] -- Up-to-date: /root/catkin_ws/install/micro_ros_setup/./config/freertos/nucleo_f446ze/create.sh
[1.084s] -- Up-to-date: /root/catkin_ws/install/micro_ros_setup/./config/freertos/nucleo_f446ze/board.repos
[1.087s] -- Up-to-date: /root/catkin_ws/install/micro_ros_setup/./config/freertos/nucleo_f446ze/client_uros_packages.repos
[1.088s] -- Up-to-date: /root/catkin_ws/install/micro_ros_setup/./config/freertos/nucleo_f446ze/client-colcon.meta
[1.088s] -- Up-to-date: /root/catkin_ws/install/micro_ros_setup/./config/freertos/nucleo_f446ze/package.xml
[1.088s] -- Up-to-date: /root/catkin_ws/install/micro_ros_setup/./config/freertos/nucleo_f446ze/configure.sh
[1.088s] -- Up-to-date: /root/catkin_ws/install/micro_ros_setup/./config/freertos/nucleo_f446ze/reset.sh
[1.088s] -- Up-to-date: /root/catkin_ws/install/micro_ros_setup/./config/freertos/nucleo_f446ze/flash.sh
[1.088s] -- Up-to-date: /root/catkin_ws/install/micro_ros_setup/./config/freertos/nucleo_f446ze/build.sh
[1.088s] -- Up-to-date: /root/catkin_ws/install/micro_ros_setup/./config/freertos/crazyflie21
[1.088s] -- Up-to-date: /root/catkin_ws/install/micro_ros_setup/./config/freertos/crazyflie21/create.sh
[1.088s] -- Up-to-date: /root/catkin_ws/install/micro_ros_setup/./config/freertos/crazyflie21/board.repos
[1.088s] -- Up-to-date: /root/catkin_ws/install/micro_ros_setup/./config/freertos/crazyflie21/client_uros_packages.repos
[1.088s] -- Up-to-date: /root/catkin_ws/install/micro_ros_setup/./config/freertos/crazyflie21/client-colcon.meta
[1.088s] -- Up-to-date: /root/catkin_ws/install/micro_ros_setup/./config/freertos/crazyflie21/package.xml
[1.088s] -- Up-to-date: /root/catkin_ws/install/micro_ros_setup/./config/freertos/crazyflie21/configure.sh
[1.089s] -- Up-to-date: /root/catkin_ws/install/micro_ros_setup/./config/freertos/crazyflie21/flash.sh
[1.089s] -- Up-to-date: /root/catkin_ws/install/micro_ros_setup/./config/freertos/crazyflie21/build.sh
[1.089s] -- Up-to-date: /root/catkin_ws/install/micro_ros_setup/./config/nuttx
[1.089s] -- Up-to-date: /root/catkin_ws/install/micro_ros_setup/./config/nuttx/generic
[1.089s] -- Up-to-date: /root/catkin_ws/install/micro_ros_setup/./config/nuttx/generic/create.sh
[1.089s] -- Up-to-date: /root/catkin_ws/install/micro_ros_setup/./config/nuttx/generic/supported_platforms
[1.089s] -- Up-to-date: /root/catkin_ws/install/micro_ros_setup/./config/nuttx/generic/client_uros_packages.repos
[1.089s] -- Up-to-date: /root/catkin_ws/install/micro_ros_setup/./config/nuttx/generic/client-colcon.meta
[1.089s] -- Up-to-date: /root/catkin_ws/install/micro_ros_setup/./config/nuttx/generic/package.xml
[1.089s] -- Up-to-date: /root/catkin_ws/install/micro_ros_setup/./config/nuttx/generic/configure.sh
[1.089s] -- Up-to-date: /root/catkin_ws/install/micro_ros_setup/./config/nuttx/generic/reset.sh
[1.089s] -- Up-to-date: /root/catkin_ws/install/micro_ros_setup/./config/nuttx/generic/flash.sh
[1.089s] -- Up-to-date: /root/catkin_ws/install/micro_ros_setup/./config/nuttx/generic/uros_packages.repos
[1.090s] -- Up-to-date: /root/catkin_ws/install/micro_ros_setup/./config/nuttx/generic/build.sh
[1.090s] -- Up-to-date: /root/catkin_ws/install/micro_ros_setup/./config/nuttx/dev_ros2_packages.txt
[1.090s] -- Up-to-date: /root/catkin_ws/install/micro_ros_setup/./config/nuttx/dev_uros_packages.repos
[1.090s] -- Up-to-date: /root/catkin_ws/install/micro_ros_setup/./config/client_ros2_packages.txt
[1.090s] -- Up-to-date: /root/catkin_ws/install/micro_ros_setup/./config/renesas_ra
[1.090s] -- Up-to-date: /root/catkin_ws/install/micro_ros_setup/./config/renesas_ra/dev_ros2_packages.txt
[1.090s] -- Up-to-date: /root/catkin_ws/install/micro_ros_setup/./config/renesas_ra/list_apps.sh
[1.091s] -- Up-to-date: /root/catkin_ws/install/micro_ros_setup/./config/renesas_ra/dev_uros_packages.repos
[1.091s] -- Up-to-date: /root/catkin_ws/install/micro_ros_setup/./config/renesas_ra/ra6m5
[1.091s] -- Up-to-date: /root/catkin_ws/install/micro_ros_setup/./config/renesas_ra/ra6m5/create.sh
[1.091s] -- Up-to-date: /root/catkin_ws/install/micro_ros_setup/./config/renesas_ra/ra6m5/board.repos
[1.091s] -- Up-to-date: /root/catkin_ws/install/micro_ros_setup/./config/renesas_ra/ra6m5/client_uros_packages.repos
[1.091s] -- Up-to-date: /root/catkin_ws/install/micro_ros_setup/./config/renesas_ra/ra6m5/client-colcon.meta
[1.091s] -- Up-to-date: /root/catkin_ws/install/micro_ros_setup/./config/renesas_ra/ra6m5/configure.sh
[1.097s] -- Up-to-date: /root/catkin_ws/install/micro_ros_setup/./config/renesas_ra/ra6m5/flash.sh
[1.097s] -- Up-to-date: /root/catkin_ws/install/micro_ros_setup/./config/renesas_ra/ra6m5/build.sh
[1.097s] -- Up-to-date: /root/catkin_ws/install/micro_ros_setup/./config/utils.sh
[1.097s] -- Up-to-date: /root/catkin_ws/install/micro_ros_setup/./config/agent_uros_packages.repos
[1.246s] Invoked command in '/root/catkin_ws/build/micro_ros_setup' returned '0': CMAKE_PREFIX_PATH=${CMAKE_PREFIX_PATH}:/root/catkin_ws/install/topic_service_action_rclpy_example:/root/catkin_ws/install/time_rclpy_example:/root/catkin_ws/install/tf2_rclpy_example:/root/catkin_ws/install/ros2env:/root/catkin_ws/install/omo_r1mini_teleop:/root/catkin_ws/install/omo_r1mini_bringup:/root/catkin_ws/install/my_first_ros_rclpy_pkg:/root/catkin_ws/install/logging_rclpy_example:/root/catkin_ws/install/iahrs_driver:/root/install/topic_service_action_rclpy_example:/root/install/time_rclpy_example:/root/install/tf2_rclpy_example:/root/install/ros2env:/root/install/omo_r1mini_teleop:/root/install/omo_r1mini_bringup:/root/install/my_first_ros_rclpy_pkg:/root/install/logging_rclpy_example:/opt/ros/foxy /usr/bin/cmake --install /root/catkin_ws/build/micro_ros_setup
