-- Found ament_cmake: 0.9.11 (/opt/ros/foxy/share/ament_cmake/cmake)
-- Found PythonInterp: /usr/bin/python3 (found suitable version "3.8.10", minimum required is "3") 
-- Using PYTHON_EXECUTABLE: /usr/bin/python3
-- Override CMake install command with custom implementation using symlinks instead of copying resources
-- Found builtin_interfaces: 1.0.0 (/root/catkin_ws/install/builtin_interfaces/share/builtin_interfaces/cmake)
-- Using all available rosidl_typesupport_c: rosidl_typesupport_microxrcedds_c;rosidl_typesupport_fastrtps_c;rosidl_typesupport_introspection_c
-- Found rosidl_adapter: 1.3.0 (/opt/ros/foxy/share/rosidl_adapter/cmake)
-- Using all available rosidl_typesupport_cpp: rosidl_typesupport_microxrcedds_cpp;rosidl_typesupport_fastrtps_cpp;rosidl_typesupport_introspection_cpp
-- Found rosidl_default_generators: 1.0.1 (/opt/ros/foxy/share/rosidl_default_generators/cmake)
-- Found PythonInterp: /usr/bin/python3 (found version "3.8.10") 
-- Found ament_cmake_ros: 0.9.2 (/opt/ros/foxy/share/ament_cmake_ros/cmake)
-- Using all available rosidl_typesupport_c: rosidl_typesupport_microxrcedds_c;rosidl_typesupport_fastrtps_c;rosidl_typesupport_introspection_c
-- Using all available rosidl_typesupport_cpp: rosidl_typesupport_microxrcedds_cpp;rosidl_typesupport_fastrtps_cpp;rosidl_typesupport_introspection_cpp
-- Found PythonInterp: /usr/bin/python3 (found suitable version "3.8.10", minimum required is "3.5") 
-- Found python_cmake_module: 0.8.1 (/opt/ros/foxy/share/python_cmake_module/cmake)
-- Using PYTHON_EXECUTABLE: /usr/bin/python3
-- Using PYTHON_INCLUDE_DIRS: /usr/include/python3.8
-- Using PYTHON_LIBRARIES: /usr/lib/x86_64-linux-gnu/libpython3.8.so
-- Configuring done
-- Generating done
-- Build files have been written to: /root/catkin_ws/build/complex_msgs
[  2%] Built target complex_msgs__cpp
[ 10%] Built target complex_msgs__rosidl_generator_c
[ 12%] [32m[1mLinking CXX shared library libcomplex_msgs__rosidl_typesupport_microxrcedds_cpp.so[0m
[ 20%] Built target complex_msgs__rosidl_typesupport_cpp
[ 24%] [32m[1mLinking CXX shared library libcomplex_msgs__rosidl_typesupport_fastrtps_cpp.so[0m
[ 30%] Built target complex_msgs__rosidl_typesupport_introspection_c
[ 38%] Built target complex_msgs__rosidl_typesupport_c
[ 40%] [32m[1mLinking C shared library libcomplex_msgs__rosidl_typesupport_microxrcedds_c.so[0m
[ 48%] Built target complex_msgs__rosidl_typesupport_introspection_cpp
[ 55%] Built target complex_msgs__rosidl_typesupport_microxrcedds_c
[ 61%] Built target complex_msgs__rosidl_typesupport_microxrcedds_cpp
[ 67%] Built target complex_msgs__rosidl_typesupport_fastrtps_cpp
[ 69%] [32m[1mLinking CXX shared library libcomplex_msgs__rosidl_typesupport_fastrtps_c.so[0m
[ 75%] Built target complex_msgs__rosidl_typesupport_fastrtps_c
[ 75%] Built target complex_msgs
[ 77%] Built target complex_msgs__py
[ 79%] [32m[1mLinking C shared library rosidl_generator_py/complex_msgs/libcomplex_msgs__python.so[0m
[ 83%] Built target complex_msgs__python
[ 85%] [32m[1mLinking C shared library rosidl_generator_py/complex_msgs/complex_msgs_s__rosidl_typesupport_introspection_c.cpython-38-x86_64-linux-gnu.so[0m
[ 87%] [32m[1mLinking C shared library rosidl_generator_py/complex_msgs/complex_msgs_s__rosidl_typesupport_c.cpython-38-x86_64-linux-gnu.so[0m
[ 89%] [32m[1mLinking CXX shared library rosidl_generator_py/complex_msgs/complex_msgs_s__rosidl_typesupport_fastrtps_c.cpython-38-x86_64-linux-gnu.so[0m
[ 91%] [32m[1mLinking C shared library rosidl_generator_py/complex_msgs/complex_msgs_s__rosidl_typesupport_microxrcedds_c.cpython-38-x86_64-linux-gnu.so[0m
[ 93%] Built target complex_msgs__rosidl_typesupport_introspection_c__pyext
[ 95%] Built target complex_msgs__rosidl_typesupport_c__pyext
[ 97%] Built target complex_msgs__rosidl_typesupport_microxrcedds_c__pyext
[100%] Built target complex_msgs__rosidl_typesupport_fastrtps_c__pyext
-- Install configuration: ""
-- Execute custom install script
-- Symlinking: /root/catkin_ws/install/complex_msgs/share/ament_index/resource_index/rosidl_interfaces/complex_msgs
-- Symlinking: /root/catkin_ws/install/complex_msgs/include/complex_msgs/msg/detail/multi_string_test__functions.h
-- Symlinking: /root/catkin_ws/install/complex_msgs/include/complex_msgs/msg/detail/multi_string_test__struct.h
-- Symlinking: /root/catkin_ws/install/complex_msgs/include/complex_msgs/msg/detail/multi_string_test__type_support.h
-- Symlinking: /root/catkin_ws/install/complex_msgs/include/complex_msgs/msg/detail/nested_msg_test__functions.h
-- Symlinking: /root/catkin_ws/install/complex_msgs/include/complex_msgs/msg/detail/nested_msg_test__struct.h
-- Symlinking: /root/catkin_ws/install/complex_msgs/include/complex_msgs/msg/detail/nested_msg_test__type_support.h
-- Symlinking: /root/catkin_ws/install/complex_msgs/include/complex_msgs/msg/multi_string_test.h
-- Symlinking: /root/catkin_ws/install/complex_msgs/include/complex_msgs/msg/nested_msg_test.h
-- Symlinking: /root/catkin_ws/install/complex_msgs/include/complex_msgs/msg/rosidl_generator_c__visibility_control.h
-- Symlinking: /root/catkin_ws/install/complex_msgs/share/complex_msgs/environment/library_path.sh
-- Symlinking: /root/catkin_ws/install/complex_msgs/share/complex_msgs/environment/library_path.dsv
-- Symlinking: /root/catkin_ws/install/complex_msgs/include/complex_msgs/msg/detail/multi_string_test__rosidl_typesupport_microxrcedds_c.h
-- Symlinking: /root/catkin_ws/install/complex_msgs/include/complex_msgs/msg/detail/nested_msg_test__rosidl_typesupport_microxrcedds_c.h
-- Symlinking: /root/catkin_ws/install/complex_msgs/include/complex_msgs/msg/rosidl_typesupport_microxrcedds_c__visibility_control.h
-- Symlinking: /root/catkin_ws/install/complex_msgs/lib/libcomplex_msgs__rosidl_typesupport_microxrcedds_c.so
-- Symlinking: /root/catkin_ws/install/complex_msgs/include/complex_msgs/msg/detail/multi_string_test__rosidl_typesupport_fastrtps_c.h
-- Symlinking: /root/catkin_ws/install/complex_msgs/include/complex_msgs/msg/detail/nested_msg_test__rosidl_typesupport_fastrtps_c.h
-- Symlinking: /root/catkin_ws/install/complex_msgs/include/complex_msgs/msg/rosidl_typesupport_fastrtps_c__visibility_control.h
-- Symlinking: /root/catkin_ws/install/complex_msgs/lib/libcomplex_msgs__rosidl_typesupport_fastrtps_c.so
-- Symlinking: /root/catkin_ws/install/complex_msgs/include/complex_msgs/msg/detail/multi_string_test__rosidl_typesupport_fastrtps_cpp.hpp
-- Symlinking: /root/catkin_ws/install/complex_msgs/include/complex_msgs/msg/detail/nested_msg_test__rosidl_typesupport_fastrtps_cpp.hpp
-- Symlinking: /root/catkin_ws/install/complex_msgs/include/complex_msgs/msg/rosidl_typesupport_fastrtps_cpp__visibility_control.h
-- Symlinking: /root/catkin_ws/install/complex_msgs/lib/libcomplex_msgs__rosidl_typesupport_fastrtps_cpp.so
-- Symlinking: /root/catkin_ws/install/complex_msgs/include/complex_msgs/msg/detail/multi_string_test__rosidl_typesupport_introspection_c.h
-- Symlinking: /root/catkin_ws/install/complex_msgs/include/complex_msgs/msg/detail/nested_msg_test__rosidl_typesupport_introspection_c.h
-- Symlinking: /root/catkin_ws/install/complex_msgs/include/complex_msgs/msg/rosidl_typesupport_introspection_c__visibility_control.h
-- Symlinking: /root/catkin_ws/install/complex_msgs/include/complex_msgs/msg/detail/multi_string_test__builder.hpp
-- Symlinking: /root/catkin_ws/install/complex_msgs/include/complex_msgs/msg/detail/multi_string_test__struct.hpp
-- Symlinking: /root/catkin_ws/install/complex_msgs/include/complex_msgs/msg/detail/multi_string_test__traits.hpp
-- Symlinking: /root/catkin_ws/install/complex_msgs/include/complex_msgs/msg/detail/nested_msg_test__builder.hpp
-- Symlinking: /root/catkin_ws/install/complex_msgs/include/complex_msgs/msg/detail/nested_msg_test__struct.hpp
-- Symlinking: /root/catkin_ws/install/complex_msgs/include/complex_msgs/msg/detail/nested_msg_test__traits.hpp
-- Symlinking: /root/catkin_ws/install/complex_msgs/include/complex_msgs/msg/multi_string_test.hpp
-- Symlinking: /root/catkin_ws/install/complex_msgs/include/complex_msgs/msg/nested_msg_test.hpp
-- Symlinking: /root/catkin_ws/install/complex_msgs/include/complex_msgs/msg/detail/microxrcedds/multi_string_test__type_support_cpp.cpp
-- Symlinking: /root/catkin_ws/install/complex_msgs/include/complex_msgs/msg/detail/microxrcedds/nested_msg_test__type_support_cpp.cpp
-- Symlinking: /root/catkin_ws/install/complex_msgs/include/complex_msgs/msg/detail/multi_string_test__rosidl_typesupport_microxrcedds_cpp.hpp
-- Symlinking: /root/catkin_ws/install/complex_msgs/include/complex_msgs/msg/detail/nested_msg_test__rosidl_typesupport_microxrcedds_cpp.hpp
-- Symlinking: /root/catkin_ws/install/complex_msgs/include/complex_msgs/msg/rosidl_typesupport_microxrcedds_cpp__visibility_control.h
-- Symlinking: /root/catkin_ws/install/complex_msgs/lib/libcomplex_msgs__rosidl_typesupport_microxrcedds_cpp.so
-- Symlinking: /root/catkin_ws/install/complex_msgs/include/complex_msgs/msg/detail/multi_string_test__rosidl_typesupport_introspection_cpp.hpp
-- Symlinking: /root/catkin_ws/install/complex_msgs/include/complex_msgs/msg/detail/nested_msg_test__rosidl_typesupport_introspection_cpp.hpp
-- Symlinking: /root/catkin_ws/install/complex_msgs/share/complex_msgs/environment/pythonpath.sh
-- Symlinking: /root/catkin_ws/install/complex_msgs/share/complex_msgs/environment/pythonpath.dsv
-- Symlinking: /root/catkin_ws/install/complex_msgs/lib/python3.8/site-packages/complex_msgs/__init__.py
-- Symlinking: /root/catkin_ws/install/complex_msgs/lib/python3.8/site-packages/complex_msgs/msg/__init__.py
-- Symlinking: /root/catkin_ws/install/complex_msgs/lib/python3.8/site-packages/complex_msgs/msg/_multi_string_test.py
-- Symlinking: /root/catkin_ws/install/complex_msgs/lib/python3.8/site-packages/complex_msgs/msg/_nested_msg_test.py
-- Symlinking: /root/catkin_ws/install/complex_msgs/lib/python3.8/site-packages/complex_msgs/complex_msgs_s__rosidl_typesupport_microxrcedds_c.cpython-38-x86_64-linux-gnu.so
-- Symlinking: /root/catkin_ws/install/complex_msgs/lib/python3.8/site-packages/complex_msgs/complex_msgs_s__rosidl_typesupport_fastrtps_c.cpython-38-x86_64-linux-gnu.so
-- Symlinking: /root/catkin_ws/install/complex_msgs/lib/python3.8/site-packages/complex_msgs/complex_msgs_s__rosidl_typesupport_introspection_c.cpython-38-x86_64-linux-gnu.so
-- Symlinking: /root/catkin_ws/install/complex_msgs/lib/python3.8/site-packages/complex_msgs/complex_msgs_s__rosidl_typesupport_c.cpython-38-x86_64-linux-gnu.so
-- Symlinking: /root/catkin_ws/install/complex_msgs/lib/libcomplex_msgs__python.so
-- Symlinking: /root/catkin_ws/install/complex_msgs/share/complex_msgs/msg/MultiStringTest.idl
-- Symlinking: /root/catkin_ws/install/complex_msgs/share/complex_msgs/msg/NestedMsgTest.idl
-- Symlinking: /root/catkin_ws/install/complex_msgs/share/complex_msgs/msg/MultiStringTest.msg
-- Symlinking: /root/catkin_ws/install/complex_msgs/share/complex_msgs/msg/NestedMsgTest.msg
-- Symlinking: /root/catkin_ws/install/complex_msgs/share/ament_index/resource_index/package_run_dependencies/complex_msgs
-- Symlinking: /root/catkin_ws/install/complex_msgs/share/ament_index/resource_index/parent_prefix_path/complex_msgs
-- Symlinking: /root/catkin_ws/install/complex_msgs/share/complex_msgs/environment/ament_prefix_path.sh
-- Symlinking: /root/catkin_ws/install/complex_msgs/share/complex_msgs/environment/ament_prefix_path.dsv
-- Symlinking: /root/catkin_ws/install/complex_msgs/share/complex_msgs/environment/path.sh
-- Symlinking: /root/catkin_ws/install/complex_msgs/share/complex_msgs/environment/path.dsv
-- Symlinking: /root/catkin_ws/install/complex_msgs/share/complex_msgs/local_setup.bash
-- Symlinking: /root/catkin_ws/install/complex_msgs/share/complex_msgs/local_setup.sh
-- Symlinking: /root/catkin_ws/install/complex_msgs/share/complex_msgs/local_setup.zsh
-- Symlinking: /root/catkin_ws/install/complex_msgs/share/complex_msgs/local_setup.dsv
-- Symlinking: /root/catkin_ws/install/complex_msgs/share/complex_msgs/package.dsv
-- Symlinking: /root/catkin_ws/install/complex_msgs/share/ament_index/resource_index/packages/complex_msgs
-- Symlinking: /root/catkin_ws/install/complex_msgs/share/complex_msgs/cmake/rosidl_cmake-extras.cmake
-- Symlinking: /root/catkin_ws/install/complex_msgs/share/complex_msgs/cmake/ament_cmake_export_dependencies-extras.cmake
-- Symlinking: /root/catkin_ws/install/complex_msgs/share/complex_msgs/cmake/ament_cmake_export_libraries-extras.cmake
-- Symlinking: /root/catkin_ws/install/complex_msgs/share/complex_msgs/cmake/ament_cmake_export_targets-extras.cmake
-- Symlinking: /root/catkin_ws/install/complex_msgs/share/complex_msgs/cmake/ament_cmake_export_include_directories-extras.cmake
-- Symlinking: /root/catkin_ws/install/complex_msgs/share/complex_msgs/cmake/rosidl_cmake_export_typesupport_libraries-extras.cmake
-- Symlinking: /root/catkin_ws/install/complex_msgs/share/complex_msgs/cmake/rosidl_cmake_export_typesupport_targets-extras.cmake
-- Symlinking: /root/catkin_ws/install/complex_msgs/share/complex_msgs/cmake/complex_msgsConfig.cmake
-- Symlinking: /root/catkin_ws/install/complex_msgs/share/complex_msgs/cmake/complex_msgsConfig-version.cmake
-- Symlinking: /root/catkin_ws/install/complex_msgs/share/complex_msgs/package.xml
-- Up-to-date: /root/catkin_ws/install/complex_msgs/lib/libcomplex_msgs__rosidl_generator_c.so
-- Up-to-date: /root/catkin_ws/install/complex_msgs/lib/libcomplex_msgs__rosidl_typesupport_introspection_c.so
-- Up-to-date: /root/catkin_ws/install/complex_msgs/lib/libcomplex_msgs__rosidl_typesupport_c.so
-- Up-to-date: /root/catkin_ws/install/complex_msgs/lib/libcomplex_msgs__rosidl_typesupport_introspection_cpp.so
-- Up-to-date: /root/catkin_ws/install/complex_msgs/lib/libcomplex_msgs__rosidl_typesupport_cpp.so
Compiling '/root/catkin_ws/install/complex_msgs/lib/python3.8/site-packages/complex_msgs/__init__.py'...
-- Up-to-date: /root/catkin_ws/install/complex_msgs/share/complex_msgs/cmake/complex_msgs__rosidl_generator_cExport.cmake
-- Installing: /root/catkin_ws/install/complex_msgs/share/complex_msgs/cmake/complex_msgs__rosidl_generator_cExport-noconfig.cmake
-- Up-to-date: /root/catkin_ws/install/complex_msgs/share/complex_msgs/cmake/complex_msgs__rosidl_typesupport_introspection_cExport.cmake
-- Installing: /root/catkin_ws/install/complex_msgs/share/complex_msgs/cmake/complex_msgs__rosidl_typesupport_introspection_cExport-noconfig.cmake
-- Up-to-date: /root/catkin_ws/install/complex_msgs/share/complex_msgs/cmake/complex_msgs__rosidl_typesupport_cExport.cmake
-- Installing: /root/catkin_ws/install/complex_msgs/share/complex_msgs/cmake/complex_msgs__rosidl_typesupport_cExport-noconfig.cmake
-- Up-to-date: /root/catkin_ws/install/complex_msgs/share/complex_msgs/cmake/complex_msgs__rosidl_generator_cppExport.cmake
-- Up-to-date: /root/catkin_ws/install/complex_msgs/share/complex_msgs/cmake/complex_msgs__rosidl_typesupport_introspection_cppExport.cmake
-- Installing: /root/catkin_ws/install/complex_msgs/share/complex_msgs/cmake/complex_msgs__rosidl_typesupport_introspection_cppExport-noconfig.cmake
-- Up-to-date: /root/catkin_ws/install/complex_msgs/share/complex_msgs/cmake/complex_msgs__rosidl_typesupport_cppExport.cmake
-- Installing: /root/catkin_ws/install/complex_msgs/share/complex_msgs/cmake/complex_msgs__rosidl_typesupport_cppExport-noconfig.cmake
