[0.690s] Invoking command in '/root/catkin_ws/build/rqt_example': CMAKE_PREFIX_PATH=${CMAKE_PREFIX_PATH}:/root/catkin_ws/install/topic_service_action_rclpy_example:/root/catkin_ws/install/time_rclpy_example:/root/catkin_ws/install/tf2_rclpy_example:/root/catkin_ws/install/ros2env:/root/catkin_ws/install/omo_r1mini_teleop:/root/catkin_ws/install/omo_r1mini_bringup:/root/catkin_ws/install/my_first_ros_rclpy_pkg:/root/catkin_ws/install/logging_rclpy_example:/root/catkin_ws/install/iahrs_driver:/root/install/topic_service_action_rclpy_example:/root/install/time_rclpy_example:/root/install/tf2_rclpy_example:/root/install/ros2env:/root/install/omo_r1mini_teleop:/root/install/omo_r1mini_bringup:/root/install/my_first_ros_rclpy_pkg:/root/install/logging_rclpy_example:/opt/ros/foxy /usr/bin/cmake --build /root/catkin_ws/build/rqt_example -- -j12 -l12
[0.757s] Invoked command in '/root/catkin_ws/build/rqt_example' returned '0': CMAKE_PREFIX_PATH=${CMAKE_PREFIX_PATH}:/root/catkin_ws/install/topic_service_action_rclpy_example:/root/catkin_ws/install/time_rclpy_example:/root/catkin_ws/install/tf2_rclpy_example:/root/catkin_ws/install/ros2env:/root/catkin_ws/install/omo_r1mini_teleop:/root/catkin_ws/install/omo_r1mini_bringup:/root/catkin_ws/install/my_first_ros_rclpy_pkg:/root/catkin_ws/install/logging_rclpy_example:/root/catkin_ws/install/iahrs_driver:/root/install/topic_service_action_rclpy_example:/root/install/time_rclpy_example:/root/install/tf2_rclpy_example:/root/install/ros2env:/root/install/omo_r1mini_teleop:/root/install/omo_r1mini_bringup:/root/install/my_first_ros_rclpy_pkg:/root/install/logging_rclpy_example:/opt/ros/foxy /usr/bin/cmake --build /root/catkin_ws/build/rqt_example -- -j12 -l12
[0.894s] Invoking command in '/root/catkin_ws/build/rqt_example': CMAKE_PREFIX_PATH=${CMAKE_PREFIX_PATH}:/root/catkin_ws/install/topic_service_action_rclpy_example:/root/catkin_ws/install/time_rclpy_example:/root/catkin_ws/install/tf2_rclpy_example:/root/catkin_ws/install/ros2env:/root/catkin_ws/install/omo_r1mini_teleop:/root/catkin_ws/install/omo_r1mini_bringup:/root/catkin_ws/install/my_first_ros_rclpy_pkg:/root/catkin_ws/install/logging_rclpy_example:/root/catkin_ws/install/iahrs_driver:/root/install/topic_service_action_rclpy_example:/root/install/time_rclpy_example:/root/install/tf2_rclpy_example:/root/install/ros2env:/root/install/omo_r1mini_teleop:/root/install/omo_r1mini_bringup:/root/install/my_first_ros_rclpy_pkg:/root/install/logging_rclpy_example:/opt/ros/foxy /usr/bin/cmake --install /root/catkin_ws/build/rqt_example
[0.912s] -- Install configuration: ""
[0.912s] -- Execute custom install script
[0.912s] -- Up-to-date symlink: /root/catkin_ws/install/rqt_example/share/rqt_example/environment/pythonpath.sh
[0.912s] -- Up-to-date symlink: /root/catkin_ws/install/rqt_example/share/rqt_example/environment/pythonpath.dsv
[0.912s] -- Up-to-date symlink: /root/catkin_ws/install/rqt_example/lib/python3.8/site-packages/rqt_example/__init__.py
[0.913s] -- Up-to-date symlink: /root/catkin_ws/install/rqt_example/lib/python3.8/site-packages/rqt_example/examples.py
[0.913s] -- Up-to-date symlink: /root/catkin_ws/install/rqt_example/lib/python3.8/site-packages/rqt_example/examples_widget.py
[0.913s] -- Up-to-date symlink: /root/catkin_ws/install/rqt_example/share/rqt_example/plugin.xml
[0.913s] -- Up-to-date symlink: /root/catkin_ws/install/rqt_example/share/rqt_example/resource/rqt_example.ui
[0.913s] -- Up-to-date symlink: /root/catkin_ws/install/rqt_example/share/rqt_example/launch/turtlesim.launch.py
[0.913s] -- Up-to-date symlink: /root/catkin_ws/install/rqt_example/lib/rqt_example/rqt_example
[0.913s] -- Up-to-date symlink: /root/catkin_ws/install/rqt_example/share/ament_index/resource_index/package_run_dependencies/rqt_example
[0.913s] -- Up-to-date symlink: /root/catkin_ws/install/rqt_example/share/ament_index/resource_index/parent_prefix_path/rqt_example
[0.924s] -- Up-to-date symlink: /root/catkin_ws/install/rqt_example/share/rqt_example/environment/ament_prefix_path.sh
[0.924s] -- Up-to-date symlink: /root/catkin_ws/install/rqt_example/share/rqt_example/environment/ament_prefix_path.dsv
[0.925s] -- Up-to-date symlink: /root/catkin_ws/install/rqt_example/share/rqt_example/environment/path.sh
[0.925s] -- Up-to-date symlink: /root/catkin_ws/install/rqt_example/share/rqt_example/environment/path.dsv
[0.925s] -- Up-to-date symlink: /root/catkin_ws/install/rqt_example/share/rqt_example/local_setup.bash
[0.925s] -- Up-to-date symlink: /root/catkin_ws/install/rqt_example/share/rqt_example/local_setup.sh
[0.925s] -- Up-to-date symlink: /root/catkin_ws/install/rqt_example/share/rqt_example/local_setup.zsh
[0.926s] -- Up-to-date symlink: /root/catkin_ws/install/rqt_example/share/rqt_example/local_setup.dsv
[0.926s] -- Symlinking: /root/catkin_ws/install/rqt_example/share/rqt_example/package.dsv
[0.943s] -- Up-to-date symlink: /root/catkin_ws/install/rqt_example/share/ament_index/resource_index/packages/rqt_example
[0.943s] -- Up-to-date symlink: /root/catkin_ws/install/rqt_example/share/rqt_example/cmake/rqt_exampleConfig.cmake
[0.947s] -- Up-to-date symlink: /root/catkin_ws/install/rqt_example/share/rqt_example/cmake/rqt_exampleConfig-version.cmake
[0.949s] -- Up-to-date symlink: /root/catkin_ws/install/rqt_example/share/rqt_example/package.xml
[1.012s] Listing '/root/catkin_ws/install/rqt_example/lib/python3.8/site-packages/rqt_example'...
[1.089s] Invoked command in '/root/catkin_ws/build/rqt_example' returned '0': CMAKE_PREFIX_PATH=${CMAKE_PREFIX_PATH}:/root/catkin_ws/install/topic_service_action_rclpy_example:/root/catkin_ws/install/time_rclpy_example:/root/catkin_ws/install/tf2_rclpy_example:/root/catkin_ws/install/ros2env:/root/catkin_ws/install/omo_r1mini_teleop:/root/catkin_ws/install/omo_r1mini_bringup:/root/catkin_ws/install/my_first_ros_rclpy_pkg:/root/catkin_ws/install/logging_rclpy_example:/root/catkin_ws/install/iahrs_driver:/root/install/topic_service_action_rclpy_example:/root/install/time_rclpy_example:/root/install/tf2_rclpy_example:/root/install/ros2env:/root/install/omo_r1mini_teleop:/root/install/omo_r1mini_bringup:/root/install/my_first_ros_rclpy_pkg:/root/install/logging_rclpy_example:/opt/ros/foxy /usr/bin/cmake --install /root/catkin_ws/build/rqt_example
