-- Install configuration: ""
-- Execute custom install script
-- Symlinking: /root/catkin_ws/install/omo_r1mini_description/share/omo_r1mini_description/meshes/bases/omo_r1mini_body.stl
-- Up-to-date symlink: /root/catkin_ws/install/omo_r1mini_description/share/omo_r1mini_description/meshes/sensors/ydlidar_assy.dae
-- Symlinking: /root/catkin_ws/install/omo_r1mini_description/share/omo_r1mini_description/meshes/wheels/omo_r1mini_wheel.stl
-- Up-to-date symlink: /root/catkin_ws/install/omo_r1mini_description/share/omo_r1mini_description/rviz/model.rviz
-- Up-to-date symlink: /root/catkin_ws/install/omo_r1mini_description/share/omo_r1mini_description/urdf/omo_r1mini.urdf
-- Up-to-date symlink: /root/catkin_ws/install/omo_r1mini_description/share/omo_r1mini_description/launch/omo_r1mini_description.launch.py
-- Up-to-date symlink: /root/catkin_ws/install/omo_r1mini_description/share/omo_r1mini_description/launch/omo_r1mini_description_rviz.launch.py
-- Up-to-date symlink: /root/catkin_ws/install/omo_r1mini_description/share/omo_r1mini_description/launch/omo_r1mini_state_publisher.launch.py
-- Up-to-date symlink: /root/catkin_ws/install/omo_r1mini_description/share/ament_index/resource_index/package_run_dependencies/omo_r1mini_description
-- Up-to-date symlink: /root/catkin_ws/install/omo_r1mini_description/share/ament_index/resource_index/parent_prefix_path/omo_r1mini_description
-- Up-to-date symlink: /root/catkin_ws/install/omo_r1mini_description/share/omo_r1mini_description/environment/ament_prefix_path.sh
-- Up-to-date symlink: /root/catkin_ws/install/omo_r1mini_description/share/omo_r1mini_description/environment/ament_prefix_path.dsv
-- Up-to-date symlink: /root/catkin_ws/install/omo_r1mini_description/share/omo_r1mini_description/environment/path.sh
-- Up-to-date symlink: /root/catkin_ws/install/omo_r1mini_description/share/omo_r1mini_description/environment/path.dsv
-- Up-to-date symlink: /root/catkin_ws/install/omo_r1mini_description/share/omo_r1mini_description/local_setup.bash
-- Up-to-date symlink: /root/catkin_ws/install/omo_r1mini_description/share/omo_r1mini_description/local_setup.sh
-- Up-to-date symlink: /root/catkin_ws/install/omo_r1mini_description/share/omo_r1mini_description/local_setup.zsh
-- Up-to-date symlink: /root/catkin_ws/install/omo_r1mini_description/share/omo_r1mini_description/local_setup.dsv
-- Symlinking: /root/catkin_ws/install/omo_r1mini_description/share/omo_r1mini_description/package.dsv
-- Up-to-date symlink: /root/catkin_ws/install/omo_r1mini_description/share/ament_index/resource_index/packages/omo_r1mini_description
-- Up-to-date symlink: /root/catkin_ws/install/omo_r1mini_description/share/omo_r1mini_description/cmake/omo_r1mini_descriptionConfig.cmake
-- Up-to-date symlink: /root/catkin_ws/install/omo_r1mini_description/share/omo_r1mini_description/cmake/omo_r1mini_descriptionConfig-version.cmake
-- Up-to-date symlink: /root/catkin_ws/install/omo_r1mini_description/share/omo_r1mini_description/package.xml
