-- Found ament_cmake: 0.9.11 (/opt/ros/foxy/share/ament_cmake/cmake)
-- Found PythonInterp: /usr/bin/python3 (found suitable version "3.8.10", minimum required is "3") 
-- Using PYTHON_EXECUTABLE: /usr/bin/python3
-- Override CMake install command with custom implementation using symlinks instead of copying resources
-- Found rosidl_default_generators: 1.0.1 (/opt/ros/foxy/share/rosidl_default_generators/cmake)
-- Using all available rosidl_typesupport_c: rosidl_typesupport_fastrtps_c;rosidl_typesupport_introspection_c
-- Found rosidl_adapter: 1.3.0 (/opt/ros/foxy/share/rosidl_adapter/cmake)
-- Using all available rosidl_typesupport_cpp: rosidl_typesupport_fastrtps_cpp;rosidl_typesupport_introspection_cpp
-- Found PythonInterp: /usr/bin/python3 (found version "3.8.10") 
-- Found ament_cmake_ros: 0.9.2 (/opt/ros/foxy/share/ament_cmake_ros/cmake)
-- Using all available rosidl_typesupport_c: rosidl_typesupport_fastrtps_c;rosidl_typesupport_introspection_c
-- Using all available rosidl_typesupport_cpp: rosidl_typesupport_fastrtps_cpp;rosidl_typesupport_introspection_cpp
-- Found PythonInterp: /usr/bin/python3 (found suitable version "3.8.10", minimum required is "3.5") 
-- Found python_cmake_module: 0.8.1 (/opt/ros/foxy/share/python_cmake_module/cmake)
-- Using PYTHON_EXECUTABLE: /usr/bin/python3
-- Using PYTHON_INCLUDE_DIRS: /usr/include/python3.8
-- Using PYTHON_LIBRARIES: /usr/lib/x86_64-linux-gnu/libpython3.8.so
-- Found ament_lint_auto: 0.9.8 (/opt/ros/foxy/share/ament_lint_auto/cmake)
-- Added test 'copyright' to check source files copyright and LICENSE
-- Added test 'lint_cmake' to check CMake code style
-- Added test 'xmllint' to check XML markup files
-- Configuring done
-- Generating done
-- Build files have been written to: /root/catkin_ws/build/omo_r1mini_interfaces
[35m[1mScanning dependencies of target omo_r1mini_interfaces__rosidl_generator_c[0m
[  1%] Built target omo_r1mini_interfaces__cpp
[  2%] [32mBuilding C object CMakeFiles/omo_r1mini_interfaces__rosidl_generator_c.dir/rosidl_generator_c/omo_r1mini_interfaces/srv/detail/save_color__functions.c.o[0m
[  4%] [32mBuilding C object CMakeFiles/omo_r1mini_interfaces__rosidl_generator_c.dir/rosidl_generator_c/omo_r1mini_interfaces/srv/detail/calg__functions.c.o[0m
[  5%] [32mBuilding C object CMakeFiles/omo_r1mini_interfaces__rosidl_generator_c.dir/rosidl_generator_c/omo_r1mini_interfaces/srv/detail/reset_odom__functions.c.o[0m
[  7%] [32mBuilding C object CMakeFiles/omo_r1mini_interfaces__rosidl_generator_c.dir/rosidl_generator_c/omo_r1mini_interfaces/srv/detail/color__functions.c.o[0m
[  8%] [32mBuilding C object CMakeFiles/omo_r1mini_interfaces__rosidl_generator_c.dir/rosidl_generator_c/omo_r1mini_interfaces/srv/detail/battery__functions.c.o[0m
[  9%] [32mBuilding C object CMakeFiles/omo_r1mini_interfaces__rosidl_generator_c.dir/rosidl_generator_c/omo_r1mini_interfaces/srv/detail/onoff__functions.c.o[0m
[35m[1mScanning dependencies of target omo_r1mini_interfaces__rosidl_typesupport_fastrtps_cpp[0m
[ 12%] [32m[1mLinking CXX shared library libomo_r1mini_interfaces__rosidl_typesupport_introspection_cpp.so[0m
[ 12%] [32m[1mLinking CXX shared library libomo_r1mini_interfaces__rosidl_typesupport_cpp.so[0m
[ 14%] [32mBuilding CXX object CMakeFiles/omo_r1mini_interfaces__rosidl_typesupport_fastrtps_cpp.dir/rosidl_typesupport_fastrtps_cpp/omo_r1mini_interfaces/srv/detail/dds_fastrtps/calg__type_support.cpp.o[0m
[ 15%] [32mBuilding CXX object CMakeFiles/omo_r1mini_interfaces__rosidl_typesupport_fastrtps_cpp.dir/rosidl_typesupport_fastrtps_cpp/omo_r1mini_interfaces/srv/detail/dds_fastrtps/battery__type_support.cpp.o[0m
[ 16%] [32mBuilding CXX object CMakeFiles/omo_r1mini_interfaces__rosidl_typesupport_fastrtps_cpp.dir/rosidl_typesupport_fastrtps_cpp/omo_r1mini_interfaces/srv/detail/dds_fastrtps/color__type_support.cpp.o[0m
[ 18%] [32mBuilding CXX object CMakeFiles/omo_r1mini_interfaces__rosidl_typesupport_fastrtps_cpp.dir/rosidl_typesupport_fastrtps_cpp/omo_r1mini_interfaces/srv/detail/dds_fastrtps/onoff__type_support.cpp.o[0m
[ 28%] Built target omo_r1mini_interfaces__rosidl_typesupport_cpp
[ 29%] [32mBuilding CXX object CMakeFiles/omo_r1mini_interfaces__rosidl_typesupport_fastrtps_cpp.dir/rosidl_typesupport_fastrtps_cpp/omo_r1mini_interfaces/srv/detail/dds_fastrtps/reset_odom__type_support.cpp.o[0m
[ 39%] Built target omo_r1mini_interfaces__rosidl_typesupport_introspection_cpp
[ 40%] [32m[1mLinking C shared library libomo_r1mini_interfaces__rosidl_generator_c.so[0m
[ 42%] [32mBuilding CXX object CMakeFiles/omo_r1mini_interfaces__rosidl_typesupport_fastrtps_cpp.dir/rosidl_typesupport_fastrtps_cpp/omo_r1mini_interfaces/srv/detail/dds_fastrtps/save_color__type_support.cpp.o[0m
[ 43%] Built target omo_r1mini_interfaces__rosidl_generator_c
[ 45%] [32m[1mLinking C shared library libomo_r1mini_interfaces__rosidl_typesupport_introspection_c.so[0m
[ 46%] [32m[1mLinking CXX shared library libomo_r1mini_interfaces__rosidl_typesupport_c.so[0m
[ 56%] Built target omo_r1mini_interfaces__rosidl_typesupport_introspection_c
[ 66%] Built target omo_r1mini_interfaces__rosidl_typesupport_c
[ 67%] [32m[1mLinking CXX shared library libomo_r1mini_interfaces__rosidl_typesupport_fastrtps_cpp.so[0m
[ 69%] Built target omo_r1mini_interfaces__rosidl_typesupport_fastrtps_cpp
[35m[1mScanning dependencies of target omo_r1mini_interfaces__rosidl_typesupport_fastrtps_c[0m
[ 76%] [32mBuilding CXX object CMakeFiles/omo_r1mini_interfaces__rosidl_typesupport_fastrtps_c.dir/rosidl_typesupport_fastrtps_c/omo_r1mini_interfaces/srv/detail/color__type_support_c.cpp.o[0m
[ 76%] [32mBuilding CXX object CMakeFiles/omo_r1mini_interfaces__rosidl_typesupport_fastrtps_c.dir/rosidl_typesupport_fastrtps_c/omo_r1mini_interfaces/srv/detail/reset_odom__type_support_c.cpp.o[0m
[ 76%] [32mBuilding CXX object CMakeFiles/omo_r1mini_interfaces__rosidl_typesupport_fastrtps_c.dir/rosidl_typesupport_fastrtps_c/omo_r1mini_interfaces/srv/detail/onoff__type_support_c.cpp.o[0m
[ 76%] [32mBuilding CXX object CMakeFiles/omo_r1mini_interfaces__rosidl_typesupport_fastrtps_c.dir/rosidl_typesupport_fastrtps_c/omo_r1mini_interfaces/srv/detail/save_color__type_support_c.cpp.o[0m
[ 76%] [32mBuilding CXX object CMakeFiles/omo_r1mini_interfaces__rosidl_typesupport_fastrtps_c.dir/rosidl_typesupport_fastrtps_c/omo_r1mini_interfaces/srv/detail/calg__type_support_c.cpp.o[0m
[ 77%] [32mBuilding CXX object CMakeFiles/omo_r1mini_interfaces__rosidl_typesupport_fastrtps_c.dir/rosidl_typesupport_fastrtps_c/omo_r1mini_interfaces/srv/detail/battery__type_support_c.cpp.o[0m
[ 78%] [32m[1mLinking CXX shared library libomo_r1mini_interfaces__rosidl_typesupport_fastrtps_c.so[0m
[ 80%] Built target omo_r1mini_interfaces__rosidl_typesupport_fastrtps_c
[ 80%] Built target omo_r1mini_interfaces
[ 81%] [34m[1mGenerating Python code for ROS interfaces[0m
[ 81%] Built target omo_r1mini_interfaces__py
[35m[1mScanning dependencies of target omo_r1mini_interfaces__python[0m
[ 83%] [32mBuilding C object CMakeFiles/omo_r1mini_interfaces__python.dir/rosidl_generator_py/omo_r1mini_interfaces/srv/_calg_s.c.o[0m
[ 84%] [32mBuilding C object CMakeFiles/omo_r1mini_interfaces__python.dir/rosidl_generator_py/omo_r1mini_interfaces/srv/_color_s.c.o[0m
[ 85%] [32mBuilding C object CMakeFiles/omo_r1mini_interfaces__python.dir/rosidl_generator_py/omo_r1mini_interfaces/srv/_reset_odom_s.c.o[0m
[ 90%] [32mBuilding C object CMakeFiles/omo_r1mini_interfaces__python.dir/rosidl_generator_py/omo_r1mini_interfaces/srv/_battery_s.c.o[0m
[ 90%] [32mBuilding C object CMakeFiles/omo_r1mini_interfaces__python.dir/rosidl_generator_py/omo_r1mini_interfaces/srv/_onoff_s.c.o[0m
[ 90%] [32mBuilding C object CMakeFiles/omo_r1mini_interfaces__python.dir/rosidl_generator_py/omo_r1mini_interfaces/srv/_save_color_s.c.o[0m
[ 91%] [32m[1mLinking C shared library rosidl_generator_py/omo_r1mini_interfaces/libomo_r1mini_interfaces__python.so[0m
[ 91%] Built target omo_r1mini_interfaces__python
[35m[1mScanning dependencies of target omo_r1mini_interfaces__rosidl_typesupport_introspection_c__pyext[0m
[35m[1mScanning dependencies of target omo_r1mini_interfaces__rosidl_typesupport_fastrtps_c__pyext[0m
[35m[1mScanning dependencies of target omo_r1mini_interfaces__rosidl_typesupport_c__pyext[0m
[ 92%] [32mBuilding C object CMakeFiles/omo_r1mini_interfaces__rosidl_typesupport_introspection_c__pyext.dir/rosidl_generator_py/omo_r1mini_interfaces/_omo_r1mini_interfaces_s.ep.rosidl_typesupport_introspection_c.c.o[0m
[ 94%] [32mBuilding C object CMakeFiles/omo_r1mini_interfaces__rosidl_typesupport_c__pyext.dir/rosidl_generator_py/omo_r1mini_interfaces/_omo_r1mini_interfaces_s.ep.rosidl_typesupport_c.c.o[0m
[ 95%] [32mBuilding C object CMakeFiles/omo_r1mini_interfaces__rosidl_typesupport_fastrtps_c__pyext.dir/rosidl_generator_py/omo_r1mini_interfaces/_omo_r1mini_interfaces_s.ep.rosidl_typesupport_fastrtps_c.c.o[0m
[ 97%] [32m[1mLinking C shared library rosidl_generator_py/omo_r1mini_interfaces/omo_r1mini_interfaces_s__rosidl_typesupport_introspection_c.cpython-38-x86_64-linux-gnu.so[0m
[ 98%] [32m[1mLinking C shared library rosidl_generator_py/omo_r1mini_interfaces/omo_r1mini_interfaces_s__rosidl_typesupport_c.cpython-38-x86_64-linux-gnu.so[0m
[ 98%] Built target omo_r1mini_interfaces__rosidl_typesupport_introspection_c__pyext
[ 98%] Built target omo_r1mini_interfaces__rosidl_typesupport_c__pyext
[100%] [32m[1mLinking CXX shared library rosidl_generator_py/omo_r1mini_interfaces/omo_r1mini_interfaces_s__rosidl_typesupport_fastrtps_c.cpython-38-x86_64-linux-gnu.so[0m
[100%] Built target omo_r1mini_interfaces__rosidl_typesupport_fastrtps_c__pyext
