[0.181s] Invoking command in '/root/catkin_ws/build/omo_r1mini_interfaces': CMAKE_PREFIX_PATH=${CMAKE_PREFIX_PATH}:/root/catkin_ws/install/topic_service_action_rclpy_example:/root/catkin_ws/install/time_rclpy_example:/root/catkin_ws/install/tf2_rclpy_example:/root/catkin_ws/install/ros2env:/root/catkin_ws/install/omo_r1mini_teleop:/root/catkin_ws/install/omo_r1mini_bringup:/root/catkin_ws/install/my_first_ros_rclpy_pkg:/root/catkin_ws/install/logging_rclpy_example:/root/catkin_ws/install/iahrs_driver:/root/install/topic_service_action_rclpy_example:/root/install/time_rclpy_example:/root/install/tf2_rclpy_example:/root/install/ros2env:/root/install/omo_r1mini_teleop:/root/install/omo_r1mini_bringup:/root/install/my_first_ros_rclpy_pkg:/root/install/logging_rclpy_example:/root/catkin_ws/src/install/topic_service_action_rclpy_example:/root/catkin_ws/src/install/time_rclpy_example:/root/catkin_ws/src/install/tf2_rclpy_example:/root/catkin_ws/src/install/ros2env:/root/catkin_ws/src/install/omo_r1mini_teleop:/root/catkin_ws/src/install/omo_r1mini_bringup:/root/catkin_ws/src/install/my_first_ros_rclpy_pkg:/root/catkin_ws/src/install/logging_rclpy_example:/opt/ros/foxy /usr/bin/cmake --build /root/catkin_ws/build/omo_r1mini_interfaces -- -j12 -l12
[1.102s] -- Found ament_cmake: 0.9.11 (/opt/ros/foxy/share/ament_cmake/cmake)
[1.238s] -- Found PythonInterp: /usr/bin/python3 (found suitable version "3.8.10", minimum required is "3") 
[1.239s] -- Using PYTHON_EXECUTABLE: /usr/bin/python3
[1.632s] -- Override CMake install command with custom implementation using symlinks instead of copying resources
[1.652s] -- Found rosidl_default_generators: 1.0.1 (/opt/ros/foxy/share/rosidl_default_generators/cmake)
[1.668s] -- Using all available rosidl_typesupport_c: rosidl_typesupport_fastrtps_c;rosidl_typesupport_introspection_c
[1.671s] -- Found rosidl_adapter: 1.3.0 (/opt/ros/foxy/share/rosidl_adapter/cmake)
[1.892s] -- Using all available rosidl_typesupport_cpp: rosidl_typesupport_fastrtps_cpp;rosidl_typesupport_introspection_cpp
[1.981s] -- Found PythonInterp: /usr/bin/python3 (found version "3.8.10") 
[2.231s] -- Found ament_cmake_ros: 0.9.2 (/opt/ros/foxy/share/ament_cmake_ros/cmake)
[2.563s] -- Using all available rosidl_typesupport_c: rosidl_typesupport_fastrtps_c;rosidl_typesupport_introspection_c
[3.171s] -- Using all available rosidl_typesupport_cpp: rosidl_typesupport_fastrtps_cpp;rosidl_typesupport_introspection_cpp
[3.239s] -- Found PythonInterp: /usr/bin/python3 (found suitable version "3.8.10", minimum required is "3.5") 
[3.239s] -- Found python_cmake_module: 0.8.1 (/opt/ros/foxy/share/python_cmake_module/cmake)
[3.302s] -- Using PYTHON_EXECUTABLE: /usr/bin/python3
[3.302s] -- Using PYTHON_INCLUDE_DIRS: /usr/include/python3.8
[3.302s] -- Using PYTHON_LIBRARIES: /usr/lib/x86_64-linux-gnu/libpython3.8.so
[3.350s] -- Found ament_lint_auto: 0.9.8 (/opt/ros/foxy/share/ament_lint_auto/cmake)
[3.370s] -- Added test 'copyright' to check source files copyright and LICENSE
[3.372s] -- Added test 'lint_cmake' to check CMake code style
[3.373s] -- Added test 'xmllint' to check XML markup files
[3.384s] -- Configuring done
[3.464s] -- Generating done
[3.474s] -- Build files have been written to: /root/catkin_ws/build/omo_r1mini_interfaces
[3.513s] [35m[1mScanning dependencies of target omo_r1mini_interfaces__rosidl_generator_c[0m
[3.524s] [  1%] Built target omo_r1mini_interfaces__cpp
[3.540s] [  2%] [32mBuilding C object CMakeFiles/omo_r1mini_interfaces__rosidl_generator_c.dir/rosidl_generator_c/omo_r1mini_interfaces/srv/detail/save_color__functions.c.o[0m
[3.540s] [  4%] [32mBuilding C object CMakeFiles/omo_r1mini_interfaces__rosidl_generator_c.dir/rosidl_generator_c/omo_r1mini_interfaces/srv/detail/calg__functions.c.o[0m
[3.541s] [  5%] [32mBuilding C object CMakeFiles/omo_r1mini_interfaces__rosidl_generator_c.dir/rosidl_generator_c/omo_r1mini_interfaces/srv/detail/reset_odom__functions.c.o[0m
[3.541s] [  7%] [32mBuilding C object CMakeFiles/omo_r1mini_interfaces__rosidl_generator_c.dir/rosidl_generator_c/omo_r1mini_interfaces/srv/detail/color__functions.c.o[0m
[3.544s] [  8%] [32mBuilding C object CMakeFiles/omo_r1mini_interfaces__rosidl_generator_c.dir/rosidl_generator_c/omo_r1mini_interfaces/srv/detail/battery__functions.c.o[0m
[3.548s] [  9%] [32mBuilding C object CMakeFiles/omo_r1mini_interfaces__rosidl_generator_c.dir/rosidl_generator_c/omo_r1mini_interfaces/srv/detail/onoff__functions.c.o[0m
[3.550s] [35m[1mScanning dependencies of target omo_r1mini_interfaces__rosidl_typesupport_fastrtps_cpp[0m
[3.560s] [ 12%] [32m[1mLinking CXX shared library libomo_r1mini_interfaces__rosidl_typesupport_introspection_cpp.so[0m
[3.560s] [ 12%] [32m[1mLinking CXX shared library libomo_r1mini_interfaces__rosidl_typesupport_cpp.so[0m
[3.610s] [ 14%] [32mBuilding CXX object CMakeFiles/omo_r1mini_interfaces__rosidl_typesupport_fastrtps_cpp.dir/rosidl_typesupport_fastrtps_cpp/omo_r1mini_interfaces/srv/detail/dds_fastrtps/calg__type_support.cpp.o[0m
[3.611s] [ 15%] [32mBuilding CXX object CMakeFiles/omo_r1mini_interfaces__rosidl_typesupport_fastrtps_cpp.dir/rosidl_typesupport_fastrtps_cpp/omo_r1mini_interfaces/srv/detail/dds_fastrtps/battery__type_support.cpp.o[0m
[3.612s] [ 16%] [32mBuilding CXX object CMakeFiles/omo_r1mini_interfaces__rosidl_typesupport_fastrtps_cpp.dir/rosidl_typesupport_fastrtps_cpp/omo_r1mini_interfaces/srv/detail/dds_fastrtps/color__type_support.cpp.o[0m
[3.612s] [ 18%] [32mBuilding CXX object CMakeFiles/omo_r1mini_interfaces__rosidl_typesupport_fastrtps_cpp.dir/rosidl_typesupport_fastrtps_cpp/omo_r1mini_interfaces/srv/detail/dds_fastrtps/onoff__type_support.cpp.o[0m
[4.384s] [ 28%] Built target omo_r1mini_interfaces__rosidl_typesupport_cpp
[4.387s] [ 29%] [32mBuilding CXX object CMakeFiles/omo_r1mini_interfaces__rosidl_typesupport_fastrtps_cpp.dir/rosidl_typesupport_fastrtps_cpp/omo_r1mini_interfaces/srv/detail/dds_fastrtps/reset_odom__type_support.cpp.o[0m
[4.389s] [ 39%] Built target omo_r1mini_interfaces__rosidl_typesupport_introspection_cpp
[4.392s] [ 40%] [32m[1mLinking C shared library libomo_r1mini_interfaces__rosidl_generator_c.so[0m
[4.401s] [ 42%] [32mBuilding CXX object CMakeFiles/omo_r1mini_interfaces__rosidl_typesupport_fastrtps_cpp.dir/rosidl_typesupport_fastrtps_cpp/omo_r1mini_interfaces/srv/detail/dds_fastrtps/save_color__type_support.cpp.o[0m
[4.455s] [ 43%] Built target omo_r1mini_interfaces__rosidl_generator_c
[4.507s] [ 45%] [32m[1mLinking C shared library libomo_r1mini_interfaces__rosidl_typesupport_introspection_c.so[0m
[4.563s] [ 46%] [32m[1mLinking CXX shared library libomo_r1mini_interfaces__rosidl_typesupport_c.so[0m
[4.702s] [ 56%] Built target omo_r1mini_interfaces__rosidl_typesupport_introspection_c
[4.826s] [ 66%] Built target omo_r1mini_interfaces__rosidl_typesupport_c
[5.056s] [ 67%] [32m[1mLinking CXX shared library libomo_r1mini_interfaces__rosidl_typesupport_fastrtps_cpp.so[0m
[5.146s] [ 69%] Built target omo_r1mini_interfaces__rosidl_typesupport_fastrtps_cpp
[5.159s] [35m[1mScanning dependencies of target omo_r1mini_interfaces__rosidl_typesupport_fastrtps_c[0m
[5.187s] [ 76%] [32mBuilding CXX object CMakeFiles/omo_r1mini_interfaces__rosidl_typesupport_fastrtps_c.dir/rosidl_typesupport_fastrtps_c/omo_r1mini_interfaces/srv/detail/color__type_support_c.cpp.o[0m
[5.187s] [ 76%] [32mBuilding CXX object CMakeFiles/omo_r1mini_interfaces__rosidl_typesupport_fastrtps_c.dir/rosidl_typesupport_fastrtps_c/omo_r1mini_interfaces/srv/detail/reset_odom__type_support_c.cpp.o[0m
[5.187s] [ 76%] [32mBuilding CXX object CMakeFiles/omo_r1mini_interfaces__rosidl_typesupport_fastrtps_c.dir/rosidl_typesupport_fastrtps_c/omo_r1mini_interfaces/srv/detail/onoff__type_support_c.cpp.o[0m
[5.187s] [ 76%] [32mBuilding CXX object CMakeFiles/omo_r1mini_interfaces__rosidl_typesupport_fastrtps_c.dir/rosidl_typesupport_fastrtps_c/omo_r1mini_interfaces/srv/detail/save_color__type_support_c.cpp.o[0m
[5.187s] [ 76%] [32mBuilding CXX object CMakeFiles/omo_r1mini_interfaces__rosidl_typesupport_fastrtps_c.dir/rosidl_typesupport_fastrtps_c/omo_r1mini_interfaces/srv/detail/calg__type_support_c.cpp.o[0m
[5.188s] [ 77%] [32mBuilding CXX object CMakeFiles/omo_r1mini_interfaces__rosidl_typesupport_fastrtps_c.dir/rosidl_typesupport_fastrtps_c/omo_r1mini_interfaces/srv/detail/battery__type_support_c.cpp.o[0m
[5.739s] [ 78%] [32m[1mLinking CXX shared library libomo_r1mini_interfaces__rosidl_typesupport_fastrtps_c.so[0m
[5.955s] [ 80%] Built target omo_r1mini_interfaces__rosidl_typesupport_fastrtps_c
[5.986s] [ 80%] Built target omo_r1mini_interfaces
[6.011s] [ 81%] [34m[1mGenerating Python code for ROS interfaces[0m
[8.286s] [ 81%] Built target omo_r1mini_interfaces__py
[8.299s] [35m[1mScanning dependencies of target omo_r1mini_interfaces__python[0m
[8.325s] [ 83%] [32mBuilding C object CMakeFiles/omo_r1mini_interfaces__python.dir/rosidl_generator_py/omo_r1mini_interfaces/srv/_calg_s.c.o[0m
[8.325s] [ 84%] [32mBuilding C object CMakeFiles/omo_r1mini_interfaces__python.dir/rosidl_generator_py/omo_r1mini_interfaces/srv/_color_s.c.o[0m
[8.327s] [ 85%] [32mBuilding C object CMakeFiles/omo_r1mini_interfaces__python.dir/rosidl_generator_py/omo_r1mini_interfaces/srv/_reset_odom_s.c.o[0m
[8.327s] [ 90%] [32mBuilding C object CMakeFiles/omo_r1mini_interfaces__python.dir/rosidl_generator_py/omo_r1mini_interfaces/srv/_battery_s.c.o[0m
[8.327s] [ 90%] [32mBuilding C object CMakeFiles/omo_r1mini_interfaces__python.dir/rosidl_generator_py/omo_r1mini_interfaces/srv/_onoff_s.c.o[0m
[8.327s] [ 90%] [32mBuilding C object CMakeFiles/omo_r1mini_interfaces__python.dir/rosidl_generator_py/omo_r1mini_interfaces/srv/_save_color_s.c.o[0m
[8.464s] [ 91%] [32m[1mLinking C shared library rosidl_generator_py/omo_r1mini_interfaces/libomo_r1mini_interfaces__python.so[0m
[8.507s] [ 91%] Built target omo_r1mini_interfaces__python
[8.518s] [35m[1mScanning dependencies of target omo_r1mini_interfaces__rosidl_typesupport_introspection_c__pyext[0m
[8.519s] [35m[1mScanning dependencies of target omo_r1mini_interfaces__rosidl_typesupport_fastrtps_c__pyext[0m
[8.521s] [35m[1mScanning dependencies of target omo_r1mini_interfaces__rosidl_typesupport_c__pyext[0m
[8.541s] [ 92%] [32mBuilding C object CMakeFiles/omo_r1mini_interfaces__rosidl_typesupport_introspection_c__pyext.dir/rosidl_generator_py/omo_r1mini_interfaces/_omo_r1mini_interfaces_s.ep.rosidl_typesupport_introspection_c.c.o[0m
[8.544s] [ 94%] [32mBuilding C object CMakeFiles/omo_r1mini_interfaces__rosidl_typesupport_c__pyext.dir/rosidl_generator_py/omo_r1mini_interfaces/_omo_r1mini_interfaces_s.ep.rosidl_typesupport_c.c.o[0m
[8.545s] [ 95%] [32mBuilding C object CMakeFiles/omo_r1mini_interfaces__rosidl_typesupport_fastrtps_c__pyext.dir/rosidl_generator_py/omo_r1mini_interfaces/_omo_r1mini_interfaces_s.ep.rosidl_typesupport_fastrtps_c.c.o[0m
[8.653s] [ 97%] [32m[1mLinking C shared library rosidl_generator_py/omo_r1mini_interfaces/omo_r1mini_interfaces_s__rosidl_typesupport_introspection_c.cpython-38-x86_64-linux-gnu.so[0m
[8.653s] [ 98%] [32m[1mLinking C shared library rosidl_generator_py/omo_r1mini_interfaces/omo_r1mini_interfaces_s__rosidl_typesupport_c.cpython-38-x86_64-linux-gnu.so[0m
[8.685s] [ 98%] Built target omo_r1mini_interfaces__rosidl_typesupport_introspection_c__pyext
[8.685s] [ 98%] Built target omo_r1mini_interfaces__rosidl_typesupport_c__pyext
[8.712s] [100%] [32m[1mLinking CXX shared library rosidl_generator_py/omo_r1mini_interfaces/omo_r1mini_interfaces_s__rosidl_typesupport_fastrtps_c.cpython-38-x86_64-linux-gnu.so[0m
[8.766s] [100%] Built target omo_r1mini_interfaces__rosidl_typesupport_fastrtps_c__pyext
