[0.138s] Invoking command in '/root/catkin_ws/build/omo_r1mini_cartographer': CMAKE_PREFIX_PATH=${CMAKE_PREFIX_PATH}:/root/catkin_ws/install/topic_service_action_rclpy_example:/root/catkin_ws/install/time_rclpy_example:/root/catkin_ws/install/tf2_rclpy_example:/root/catkin_ws/install/ros2env:/root/catkin_ws/install/omo_r1mini_teleop:/root/catkin_ws/install/omo_r1mini_bringup:/root/catkin_ws/install/my_first_ros_rclpy_pkg:/root/catkin_ws/install/logging_rclpy_example:/root/catkin_ws/install/iahrs_driver:/root/install/topic_service_action_rclpy_example:/root/install/time_rclpy_example:/root/install/tf2_rclpy_example:/root/install/ros2env:/root/install/omo_r1mini_teleop:/root/install/omo_r1mini_bringup:/root/install/my_first_ros_rclpy_pkg:/root/install/logging_rclpy_example:/opt/ros/foxy /usr/bin/cmake --build /root/catkin_ws/build/omo_r1mini_cartographer -- -j12 -l12
[0.874s] Invoked command in '/root/catkin_ws/build/omo_r1mini_cartographer' returned '0': CMAKE_PREFIX_PATH=${CMAKE_PREFIX_PATH}:/root/catkin_ws/install/topic_service_action_rclpy_example:/root/catkin_ws/install/time_rclpy_example:/root/catkin_ws/install/tf2_rclpy_example:/root/catkin_ws/install/ros2env:/root/catkin_ws/install/omo_r1mini_teleop:/root/catkin_ws/install/omo_r1mini_bringup:/root/catkin_ws/install/my_first_ros_rclpy_pkg:/root/catkin_ws/install/logging_rclpy_example:/root/catkin_ws/install/iahrs_driver:/root/install/topic_service_action_rclpy_example:/root/install/time_rclpy_example:/root/install/tf2_rclpy_example:/root/install/ros2env:/root/install/omo_r1mini_teleop:/root/install/omo_r1mini_bringup:/root/install/my_first_ros_rclpy_pkg:/root/install/logging_rclpy_example:/opt/ros/foxy /usr/bin/cmake --build /root/catkin_ws/build/omo_r1mini_cartographer -- -j12 -l12
[0.912s] Invoking command in '/root/catkin_ws/build/omo_r1mini_cartographer': CMAKE_PREFIX_PATH=${CMAKE_PREFIX_PATH}:/root/catkin_ws/install/topic_service_action_rclpy_example:/root/catkin_ws/install/time_rclpy_example:/root/catkin_ws/install/tf2_rclpy_example:/root/catkin_ws/install/ros2env:/root/catkin_ws/install/omo_r1mini_teleop:/root/catkin_ws/install/omo_r1mini_bringup:/root/catkin_ws/install/my_first_ros_rclpy_pkg:/root/catkin_ws/install/logging_rclpy_example:/root/catkin_ws/install/iahrs_driver:/root/install/topic_service_action_rclpy_example:/root/install/time_rclpy_example:/root/install/tf2_rclpy_example:/root/install/ros2env:/root/install/omo_r1mini_teleop:/root/install/omo_r1mini_bringup:/root/install/my_first_ros_rclpy_pkg:/root/install/logging_rclpy_example:/opt/ros/foxy /usr/bin/cmake --install /root/catkin_ws/build/omo_r1mini_cartographer
[0.929s] -- Install configuration: ""
[0.930s] -- Execute custom install script
[0.933s] -- Up-to-date symlink: /root/catkin_ws/install/omo_r1mini_cartographer/share/omo_r1mini_cartographer/config/omo_r1mini_lidar.lua
[0.935s] -- Up-to-date symlink: /root/catkin_ws/install/omo_r1mini_cartographer/share/omo_r1mini_cartographer/launch/cartographer.launch.py
[0.935s] -- Up-to-date symlink: /root/catkin_ws/install/omo_r1mini_cartographer/share/omo_r1mini_cartographer/launch/cartographer_rviz.launch.py
[0.936s] -- Up-to-date symlink: /root/catkin_ws/install/omo_r1mini_cartographer/share/omo_r1mini_cartographer/launch/occupancy_grid.launch.py
[0.936s] -- Up-to-date symlink: /root/catkin_ws/install/omo_r1mini_cartographer/share/omo_r1mini_cartographer/rviz/omo_r1mini_cartographer.rviz
[0.937s] -- Up-to-date symlink: /root/catkin_ws/install/omo_r1mini_cartographer/share/ament_index/resource_index/package_run_dependencies/omo_r1mini_cartographer
[0.937s] -- Up-to-date symlink: /root/catkin_ws/install/omo_r1mini_cartographer/share/ament_index/resource_index/parent_prefix_path/omo_r1mini_cartographer
[0.938s] -- Up-to-date symlink: /root/catkin_ws/install/omo_r1mini_cartographer/share/omo_r1mini_cartographer/environment/ament_prefix_path.sh
[0.938s] -- Up-to-date symlink: /root/catkin_ws/install/omo_r1mini_cartographer/share/omo_r1mini_cartographer/environment/ament_prefix_path.dsv
[0.939s] -- Up-to-date symlink: /root/catkin_ws/install/omo_r1mini_cartographer/share/omo_r1mini_cartographer/environment/path.sh
[0.940s] -- Up-to-date symlink: /root/catkin_ws/install/omo_r1mini_cartographer/share/omo_r1mini_cartographer/environment/path.dsv
[0.943s] -- Up-to-date symlink: /root/catkin_ws/install/omo_r1mini_cartographer/share/omo_r1mini_cartographer/local_setup.bash
[0.944s] -- Up-to-date symlink: /root/catkin_ws/install/omo_r1mini_cartographer/share/omo_r1mini_cartographer/local_setup.sh
[0.945s] -- Up-to-date symlink: /root/catkin_ws/install/omo_r1mini_cartographer/share/omo_r1mini_cartographer/local_setup.zsh
[0.945s] -- Up-to-date symlink: /root/catkin_ws/install/omo_r1mini_cartographer/share/omo_r1mini_cartographer/local_setup.dsv
[0.945s] -- Symlinking: /root/catkin_ws/install/omo_r1mini_cartographer/share/omo_r1mini_cartographer/package.dsv
[0.959s] -- Up-to-date symlink: /root/catkin_ws/install/omo_r1mini_cartographer/share/ament_index/resource_index/packages/omo_r1mini_cartographer
[0.960s] -- Up-to-date symlink: /root/catkin_ws/install/omo_r1mini_cartographer/share/omo_r1mini_cartographer/cmake/omo_r1mini_cartographerConfig.cmake
[0.960s] -- Up-to-date symlink: /root/catkin_ws/install/omo_r1mini_cartographer/share/omo_r1mini_cartographer/cmake/omo_r1mini_cartographerConfig-version.cmake
[0.960s] -- Up-to-date symlink: /root/catkin_ws/install/omo_r1mini_cartographer/share/omo_r1mini_cartographer/package.xml
[0.997s] Invoked command in '/root/catkin_ws/build/omo_r1mini_cartographer' returned '0': CMAKE_PREFIX_PATH=${CMAKE_PREFIX_PATH}:/root/catkin_ws/install/topic_service_action_rclpy_example:/root/catkin_ws/install/time_rclpy_example:/root/catkin_ws/install/tf2_rclpy_example:/root/catkin_ws/install/ros2env:/root/catkin_ws/install/omo_r1mini_teleop:/root/catkin_ws/install/omo_r1mini_bringup:/root/catkin_ws/install/my_first_ros_rclpy_pkg:/root/catkin_ws/install/logging_rclpy_example:/root/catkin_ws/install/iahrs_driver:/root/install/topic_service_action_rclpy_example:/root/install/time_rclpy_example:/root/install/tf2_rclpy_example:/root/install/ros2env:/root/install/omo_r1mini_teleop:/root/install/omo_r1mini_bringup:/root/install/my_first_ros_rclpy_pkg:/root/install/logging_rclpy_example:/opt/ros/foxy /usr/bin/cmake --install /root/catkin_ws/build/omo_r1mini_cartographer
