-- The C compiler identification is GNU 9.4.0
-- The CXX compiler identification is GNU 9.4.0
-- Check for working C compiler: /usr/bin/cc
-- Check for working C compiler: /usr/bin/cc -- works
-- Detecting C compiler ABI info
-- Detecting C compiler ABI info - done
-- Detecting C compile features
-- Detecting C compile features - done
-- Check for working CXX compiler: /usr/bin/c++
-- Check for working CXX compiler: /usr/bin/c++ -- works
-- Detecting CXX compiler ABI info
-- Detecting CXX compiler ABI info - done
-- Detecting CXX compile features
-- Detecting CXX compile features - done
-- Found ament_cmake: 0.9.11 (/opt/ros/foxy/share/ament_cmake/cmake)
-- Found PythonInterp: /usr/bin/python3 (found suitable version "3.8.10", minimum required is "3") 
-- Using PYTHON_EXECUTABLE: /usr/bin/python3
-- Found rcl: 1.1.14 (/opt/ros/foxy/share/rcl/cmake)
-- Using all available rosidl_typesupport_c: rosidl_typesupport_microxrcedds_c;rosidl_typesupport_fastrtps_c;rosidl_typesupport_introspection_c
-- Found rosidl_adapter: 1.3.0 (/opt/ros/foxy/share/rosidl_adapter/cmake)
-- Found OpenSSL: /usr/lib/x86_64-linux-gnu/libcrypto.so (found version "1.1.1f")  
-- Found FastRTPS: /opt/ros/foxy/include  
-- Using all available rosidl_typesupport_cpp: rosidl_typesupport_microxrcedds_cpp;rosidl_typesupport_fastrtps_cpp;rosidl_typesupport_introspection_cpp
-- Found rmw_implementation_cmake: 1.0.4 (/opt/ros/foxy/share/rmw_implementation_cmake/cmake)
-- Using RMW implementation 'rmw_fastrtps_cpp' as default
-- Looking for pthread.h
-- Looking for pthread.h - found
-- Performing Test CMAKE_HAVE_LIBC_PTHREAD
-- Performing Test CMAKE_HAVE_LIBC_PTHREAD - Failed
-- Looking for pthread_create in pthreads
-- Looking for pthread_create in pthreads - not found
-- Looking for pthread_create in pthread
-- Looking for pthread_create in pthread - found
-- Found Threads: TRUE  
-- Found rclc: 1.1.2 (/root/catkin_ws/install/rclc/share/rclc/cmake)
-- Configuring done
-- Generating done
-- Build files have been written to: /root/catkin_ws/build/rclc_parameter
/usr/bin/cmake -S/root/catkin_ws/src/uros/rclc/rclc_parameter -B/root/catkin_ws/build/rclc_parameter --check-build-system CMakeFiles/Makefile.cmake 0
/usr/bin/cmake -E cmake_progress_start /root/catkin_ws/build/rclc_parameter/CMakeFiles /root/catkin_ws/build/rclc_parameter/CMakeFiles/progress.marks
/usr/bin/make -f CMakeFiles/Makefile2 all
make[1]: Entering directory '/root/catkin_ws/build/rclc_parameter'
/usr/bin/make -f CMakeFiles/rclc_parameter.dir/build.make CMakeFiles/rclc_parameter.dir/depend
make[2]: Entering directory '/root/catkin_ws/build/rclc_parameter'
cd /root/catkin_ws/build/rclc_parameter && /usr/bin/cmake -E cmake_depends "Unix Makefiles" /root/catkin_ws/src/uros/rclc/rclc_parameter /root/catkin_ws/src/uros/rclc/rclc_parameter /root/catkin_ws/build/rclc_parameter /root/catkin_ws/build/rclc_parameter /root/catkin_ws/build/rclc_parameter/CMakeFiles/rclc_parameter.dir/DependInfo.cmake --color=
[35m[1mScanning dependencies of target rclc_parameter[0m
make[2]: Leaving directory '/root/catkin_ws/build/rclc_parameter'
/usr/bin/make -f CMakeFiles/rclc_parameter.dir/build.make CMakeFiles/rclc_parameter.dir/build
make[2]: Entering directory '/root/catkin_ws/build/rclc_parameter'
[ 33%] [32mBuilding C object CMakeFiles/rclc_parameter.dir/src/rclc_parameter/parameter_server.c.o[0m
[ 66%] [32mBuilding C object CMakeFiles/rclc_parameter.dir/src/rclc_parameter/parameter_utils.c.o[0m
/usr/bin/cc -DDEFAULT_RMW_IMPLEMENTATION=rmw_fastrtps_cpp -DRCLC_PARAMETER_BUILDING_LIBRARY -DRCLC_PARAMETER_MAX_STRING_LENGTH=50 -DRCUTILS_ENABLE_FAULT_INJECTION -DSPDLOG_COMPILED_LIB -Drclc_parameter_EXPORTS -I/root/catkin_ws/src/uros/rclc/rclc_parameter/include -I/root/catkin_ws/src/uros/rclc/rclc_parameter/src -isystem /root/catkin_ws/install/rclc/include -isystem /root/catkin_ws/install/rcl_interfaces/include -isystem /root/catkin_ws/install/builtin_interfaces/include -isystem /opt/ros/foxy/include -isystem /root/catkin_ws/install/micro_ros_agent/include  -fPIC   -Wall -Wextra -Wpedantic -std=gnu11 -o CMakeFiles/rclc_parameter.dir/src/rclc_parameter/parameter_server.c.o   -c /root/catkin_ws/src/uros/rclc/rclc_parameter/src/rclc_parameter/parameter_server.c
/usr/bin/cc -DDEFAULT_RMW_IMPLEMENTATION=rmw_fastrtps_cpp -DRCLC_PARAMETER_BUILDING_LIBRARY -DRCLC_PARAMETER_MAX_STRING_LENGTH=50 -DRCUTILS_ENABLE_FAULT_INJECTION -DSPDLOG_COMPILED_LIB -Drclc_parameter_EXPORTS -I/root/catkin_ws/src/uros/rclc/rclc_parameter/include -I/root/catkin_ws/src/uros/rclc/rclc_parameter/src -isystem /root/catkin_ws/install/rclc/include -isystem /root/catkin_ws/install/rcl_interfaces/include -isystem /root/catkin_ws/install/builtin_interfaces/include -isystem /opt/ros/foxy/include -isystem /root/catkin_ws/install/micro_ros_agent/include  -fPIC   -Wall -Wextra -Wpedantic -std=gnu11 -o CMakeFiles/rclc_parameter.dir/src/rclc_parameter/parameter_utils.c.o   -c /root/catkin_ws/src/uros/rclc/rclc_parameter/src/rclc_parameter/parameter_utils.c
[100%] [32m[1mLinking CXX shared library librclc_parameter.so[0m
/usr/bin/cmake -E cmake_link_script CMakeFiles/rclc_parameter.dir/link.txt --verbose=1
/usr/bin/c++ -fPIC   -shared -Wl,-soname,librclc_parameter.so -o librclc_parameter.so CMakeFiles/rclc_parameter.dir/src/rclc_parameter/parameter_server.c.o CMakeFiles/rclc_parameter.dir/src/rclc_parameter/parameter_utils.c.o  -Wl,-rpath,/root/catkin_ws/install/rclc/lib:/root/catkin_ws/install/rcl_interfaces/lib:/root/catkin_ws/install/builtin_interfaces/lib:/opt/ros/foxy/lib: -lpthread /root/catkin_ws/install/rclc/lib/librclc.so /opt/ros/foxy/lib/librcl.so /root/catkin_ws/install/rcl_interfaces/lib/librcl_interfaces__rosidl_typesupport_introspection_c.so /root/catkin_ws/install/rcl_interfaces/lib/librcl_interfaces__rosidl_generator_c.so /root/catkin_ws/install/rcl_interfaces/lib/librcl_interfaces__rosidl_typesupport_c.so /root/catkin_ws/install/rcl_interfaces/lib/librcl_interfaces__rosidl_typesupport_introspection_cpp.so /root/catkin_ws/install/rcl_interfaces/lib/librcl_interfaces__rosidl_typesupport_cpp.so /root/catkin_ws/install/builtin_interfaces/lib/libbuiltin_interfaces__rosidl_typesupport_introspection_c.so /root/catkin_ws/install/builtin_interfaces/lib/libbuiltin_interfaces__rosidl_generator_c.so /root/catkin_ws/install/builtin_interfaces/lib/libbuiltin_interfaces__rosidl_typesupport_c.so /root/catkin_ws/install/builtin_interfaces/lib/libbuiltin_interfaces__rosidl_typesupport_introspection_cpp.so /opt/ros/foxy/lib/librosidl_typesupport_introspection_cpp.so /opt/ros/foxy/lib/librosidl_typesupport_introspection_c.so /root/catkin_ws/install/builtin_interfaces/lib/libbuiltin_interfaces__rosidl_typesupport_cpp.so /opt/ros/foxy/lib/librosidl_typesupport_cpp.so /opt/ros/foxy/lib/librosidl_typesupport_c.so /opt/ros/foxy/lib/librcl_yaml_param_parser.so /opt/ros/foxy/lib/libyaml.so /opt/ros/foxy/lib/librmw_implementation.so /opt/ros/foxy/lib/librmw.so /opt/ros/foxy/lib/librosidl_runtime_c.so /opt/ros/foxy/lib/librcl_logging_spdlog.so /opt/ros/foxy/lib/librcpputils.so /root/catkin_ws/install/micro_ros_agent/lib/libspdlog.a -lpthread /opt/ros/foxy/lib/libtracetools.so /opt/ros/foxy/lib/librcutils.so -ldl /opt/ros/foxy/lib/librosidl_runtime_c.so 
make[2]: Leaving directory '/root/catkin_ws/build/rclc_parameter'
[100%] Built target rclc_parameter
make[1]: Leaving directory '/root/catkin_ws/build/rclc_parameter'
/usr/bin/cmake -E cmake_progress_start /root/catkin_ws/build/rclc_parameter/CMakeFiles 0
-- Install configuration: ""
-- Installing: /root/catkin_ws/install/rclc_parameter/lib/librclc_parameter.so
-- Set runtime path of "/root/catkin_ws/install/rclc_parameter/lib/librclc_parameter.so" to ""
-- Installing: /root/catkin_ws/install/rclc_parameter/include
-- Installing: /root/catkin_ws/install/rclc_parameter/include/rclc_parameter
-- Installing: /root/catkin_ws/install/rclc_parameter/include/rclc_parameter/visibility_control.h
-- Installing: /root/catkin_ws/install/rclc_parameter/include/rclc_parameter/rclc_parameter.h
-- Installing: /root/catkin_ws/install/rclc_parameter/share/rclc_parameter/environment/library_path.sh
-- Installing: /root/catkin_ws/install/rclc_parameter/share/rclc_parameter/environment/library_path.dsv
-- Installing: /root/catkin_ws/install/rclc_parameter/share/ament_index/resource_index/package_run_dependencies/rclc_parameter
-- Installing: /root/catkin_ws/install/rclc_parameter/share/ament_index/resource_index/parent_prefix_path/rclc_parameter
-- Installing: /root/catkin_ws/install/rclc_parameter/share/rclc_parameter/environment/ament_prefix_path.sh
-- Installing: /root/catkin_ws/install/rclc_parameter/share/rclc_parameter/environment/ament_prefix_path.dsv
-- Installing: /root/catkin_ws/install/rclc_parameter/share/rclc_parameter/environment/path.sh
-- Installing: /root/catkin_ws/install/rclc_parameter/share/rclc_parameter/environment/path.dsv
-- Installing: /root/catkin_ws/install/rclc_parameter/share/rclc_parameter/local_setup.bash
-- Installing: /root/catkin_ws/install/rclc_parameter/share/rclc_parameter/local_setup.sh
-- Installing: /root/catkin_ws/install/rclc_parameter/share/rclc_parameter/local_setup.zsh
-- Installing: /root/catkin_ws/install/rclc_parameter/share/rclc_parameter/local_setup.dsv
-- Installing: /root/catkin_ws/install/rclc_parameter/share/rclc_parameter/package.dsv
-- Installing: /root/catkin_ws/install/rclc_parameter/share/ament_index/resource_index/packages/rclc_parameter
-- Installing: /root/catkin_ws/install/rclc_parameter/share/rclc_parameter/cmake/rclc_parameterExport.cmake
-- Installing: /root/catkin_ws/install/rclc_parameter/share/rclc_parameter/cmake/rclc_parameterExport-noconfig.cmake
-- Installing: /root/catkin_ws/install/rclc_parameter/share/rclc_parameter/cmake/ament_cmake_export_include_directories-extras.cmake
-- Installing: /root/catkin_ws/install/rclc_parameter/share/rclc_parameter/cmake/ament_cmake_export_libraries-extras.cmake
-- Installing: /root/catkin_ws/install/rclc_parameter/share/rclc_parameter/cmake/ament_cmake_export_targets-extras.cmake
-- Installing: /root/catkin_ws/install/rclc_parameter/share/rclc_parameter/cmake/ament_cmake_export_dependencies-extras.cmake
-- Installing: /root/catkin_ws/install/rclc_parameter/share/rclc_parameter/cmake/rclc_parameterConfig.cmake
-- Installing: /root/catkin_ws/install/rclc_parameter/share/rclc_parameter/cmake/rclc_parameterConfig-version.cmake
-- Installing: /root/catkin_ws/install/rclc_parameter/share/rclc_parameter/package.xml
