-- Found ament_cmake: 0.9.11 (/opt/ros/foxy/share/ament_cmake/cmake)
-- Found PythonInterp: /usr/bin/python3 (found suitable version "3.8.10", minimum required is "3") 
-- Using PYTHON_EXECUTABLE: /usr/bin/python3
-- Override CMake install command with custom implementation using symlinks instead of copying resources
-- Found rosidl_default_generators: 1.0.1 (/opt/ros/foxy/share/rosidl_default_generators/cmake)
-- Using all available rosidl_typesupport_c: rosidl_typesupport_microxrcedds_c;rosidl_typesupport_fastrtps_c;rosidl_typesupport_introspection_c
-- Found rosidl_adapter: 1.3.0 (/opt/ros/foxy/share/rosidl_adapter/cmake)
-- Using all available rosidl_typesupport_cpp: rosidl_typesupport_microxrcedds_cpp;rosidl_typesupport_fastrtps_cpp;rosidl_typesupport_introspection_cpp
-- Found PythonInterp: /usr/bin/python3 (found version "3.8.10") 
-- Found ament_cmake_ros: 0.9.2 (/opt/ros/foxy/share/ament_cmake_ros/cmake)
-- Using all available rosidl_typesupport_c: rosidl_typesupport_microxrcedds_c;rosidl_typesupport_fastrtps_c;rosidl_typesupport_introspection_c
-- Using all available rosidl_typesupport_cpp: rosidl_typesupport_microxrcedds_cpp;rosidl_typesupport_fastrtps_cpp;rosidl_typesupport_introspection_cpp
-- Found PythonInterp: /usr/bin/python3 (found suitable version "3.8.10", minimum required is "3.5") 
-- Found python_cmake_module: 0.8.1 (/opt/ros/foxy/share/python_cmake_module/cmake)
-- Using PYTHON_EXECUTABLE: /usr/bin/python3
-- Using PYTHON_INCLUDE_DIRS: /usr/include/python3.8
-- Using PYTHON_LIBRARIES: /usr/lib/x86_64-linux-gnu/libpython3.8.so
-- Configuring done
-- Generating done
-- Build files have been written to: /root/catkin_ws/build/std_srvs
[  1%] Built target std_srvs__cpp
[ 10%] Built target std_srvs__rosidl_generator_c
[35m[1mScanning dependencies of target std_srvs__rosidl_typesupport_microxrcedds_cpp[0m
make[2]: *** No rule to make target '/root/catkin_ws/install/rosidl_typesupport_microxrcedds_c/include/rosidl_typesupport_microxrcedds_c/service_type_support.h', needed by 'CMakeFiles/std_srvs__rosidl_typesupport_microxrcedds_cpp.dir/rosidl_typesupport_microxrcedds_cpp/std_srvs/srv/detail/microxrcedds/empty__type_support_cpp.cpp.o'.  Stop.
make[1]: *** [CMakeFiles/Makefile2:620: CMakeFiles/std_srvs__rosidl_typesupport_microxrcedds_cpp.dir/all] Error 2
make[1]: *** Waiting for unfinished jobs....
[ 18%] Built target std_srvs__rosidl_typesupport_cpp
[ 27%] Built target std_srvs__rosidl_typesupport_introspection_cpp
[ 28%] [32m[1mLinking CXX shared library libstd_srvs__rosidl_typesupport_fastrtps_cpp.so[0m
[ 37%] Built target std_srvs__rosidl_typesupport_c
[ 38%] [32m[1mLinking C shared library libstd_srvs__rosidl_typesupport_microxrcedds_c.so[0m
[ 45%] Built target std_srvs__rosidl_typesupport_microxrcedds_c
[ 52%] Built target std_srvs__rosidl_typesupport_fastrtps_cpp
make: *** [Makefile:141: all] Error 2
