[0.676s] Invoking command in '/root/catkin_ws/build/omo_r1mini_interfaces': CMAKE_PREFIX_PATH=${CMAKE_PREFIX_PATH}:/root/catkin_ws/install/topic_service_action_rclpy_example:/root/catkin_ws/install/time_rclpy_example:/root/catkin_ws/install/tf2_rclpy_example:/root/catkin_ws/install/ros2env:/root/catkin_ws/install/omo_r1mini_teleop:/root/catkin_ws/install/omo_r1mini_bringup:/root/catkin_ws/install/my_first_ros_rclpy_pkg:/root/catkin_ws/install/logging_rclpy_example:/root/catkin_ws/install/iahrs_driver:/root/install/topic_service_action_rclpy_example:/root/install/time_rclpy_example:/root/install/tf2_rclpy_example:/root/install/ros2env:/root/install/omo_r1mini_teleop:/root/install/omo_r1mini_bringup:/root/install/my_first_ros_rclpy_pkg:/root/install/logging_rclpy_example:/opt/ros/foxy /usr/bin/cmake --build /root/catkin_ws/build/omo_r1mini_interfaces -- -j12 -l12
[1.989s] [  1%] Built target omo_r1mini_interfaces__cpp
[1.990s] [ 12%] Built target omo_r1mini_interfaces__rosidl_generator_c
[1.994s] [ 57%] Built target omo_r1mini_interfaces__rosidl_typesupport_introspection_c
[1.994s] [ 57%] Built target omo_r1mini_interfaces__rosidl_typesupport_c
[1.994s] [ 57%] Built target omo_r1mini_interfaces__rosidl_typesupport_cpp
[1.995s] [ 57%] Built target omo_r1mini_interfaces__rosidl_typesupport_introspection_cpp
[1.995s] [ 69%] Built target omo_r1mini_interfaces__rosidl_typesupport_fastrtps_cpp
[1.995s] [ 80%] Built target omo_r1mini_interfaces__rosidl_typesupport_fastrtps_c
[1.995s] [ 80%] Built target omo_r1mini_interfaces
[1.995s] [ 81%] Built target omo_r1mini_interfaces__py
[1.995s] [ 91%] Built target omo_r1mini_interfaces__python
[1.995s] [ 97%] Built target omo_r1mini_interfaces__rosidl_typesupport_fastrtps_c__pyext
[1.995s] [ 97%] Built target omo_r1mini_interfaces__rosidl_typesupport_introspection_c__pyext
[1.995s] [100%] Built target omo_r1mini_interfaces__rosidl_typesupport_c__pyext
[2.034s] Invoked command in '/root/catkin_ws/build/omo_r1mini_interfaces' returned '0': CMAKE_PREFIX_PATH=${CMAKE_PREFIX_PATH}:/root/catkin_ws/install/topic_service_action_rclpy_example:/root/catkin_ws/install/time_rclpy_example:/root/catkin_ws/install/tf2_rclpy_example:/root/catkin_ws/install/ros2env:/root/catkin_ws/install/omo_r1mini_teleop:/root/catkin_ws/install/omo_r1mini_bringup:/root/catkin_ws/install/my_first_ros_rclpy_pkg:/root/catkin_ws/install/logging_rclpy_example:/root/catkin_ws/install/iahrs_driver:/root/install/topic_service_action_rclpy_example:/root/install/time_rclpy_example:/root/install/tf2_rclpy_example:/root/install/ros2env:/root/install/omo_r1mini_teleop:/root/install/omo_r1mini_bringup:/root/install/my_first_ros_rclpy_pkg:/root/install/logging_rclpy_example:/opt/ros/foxy /usr/bin/cmake --build /root/catkin_ws/build/omo_r1mini_interfaces -- -j12 -l12
[2.405s] Invoking command in '/root/catkin_ws/build/omo_r1mini_interfaces': CMAKE_PREFIX_PATH=${CMAKE_PREFIX_PATH}:/root/catkin_ws/install/topic_service_action_rclpy_example:/root/catkin_ws/install/time_rclpy_example:/root/catkin_ws/install/tf2_rclpy_example:/root/catkin_ws/install/ros2env:/root/catkin_ws/install/omo_r1mini_teleop:/root/catkin_ws/install/omo_r1mini_bringup:/root/catkin_ws/install/my_first_ros_rclpy_pkg:/root/catkin_ws/install/logging_rclpy_example:/root/catkin_ws/install/iahrs_driver:/root/install/topic_service_action_rclpy_example:/root/install/time_rclpy_example:/root/install/tf2_rclpy_example:/root/install/ros2env:/root/install/omo_r1mini_teleop:/root/install/omo_r1mini_bringup:/root/install/my_first_ros_rclpy_pkg:/root/install/logging_rclpy_example:/opt/ros/foxy /usr/bin/cmake --install /root/catkin_ws/build/omo_r1mini_interfaces
[2.510s] -- Install configuration: ""
[2.510s] -- Execute custom install script
[2.510s] -- Up-to-date symlink: /root/catkin_ws/install/omo_r1mini_interfaces/share/ament_index/resource_index/rosidl_interfaces/omo_r1mini_interfaces
[2.510s] -- Up-to-date symlink: /root/catkin_ws/install/omo_r1mini_interfaces/include/omo_r1mini_interfaces/msg/rosidl_generator_c__visibility_control.h
[2.510s] -- Up-to-date symlink: /root/catkin_ws/install/omo_r1mini_interfaces/include/omo_r1mini_interfaces/srv/battery.h
[2.511s] -- Up-to-date symlink: /root/catkin_ws/install/omo_r1mini_interfaces/include/omo_r1mini_interfaces/srv/calg.h
[2.511s] -- Up-to-date symlink: /root/catkin_ws/install/omo_r1mini_interfaces/include/omo_r1mini_interfaces/srv/color.h
[2.511s] -- Up-to-date symlink: /root/catkin_ws/install/omo_r1mini_interfaces/include/omo_r1mini_interfaces/srv/detail/battery__functions.h
[2.511s] -- Up-to-date symlink: /root/catkin_ws/install/omo_r1mini_interfaces/include/omo_r1mini_interfaces/srv/detail/battery__struct.h
[2.511s] -- Up-to-date symlink: /root/catkin_ws/install/omo_r1mini_interfaces/include/omo_r1mini_interfaces/srv/detail/battery__type_support.h
[2.511s] -- Up-to-date symlink: /root/catkin_ws/install/omo_r1mini_interfaces/include/omo_r1mini_interfaces/srv/detail/calg__functions.h
[2.512s] -- Up-to-date symlink: /root/catkin_ws/install/omo_r1mini_interfaces/include/omo_r1mini_interfaces/srv/detail/calg__struct.h
[2.512s] -- Up-to-date symlink: /root/catkin_ws/install/omo_r1mini_interfaces/include/omo_r1mini_interfaces/srv/detail/calg__type_support.h
[2.512s] -- Up-to-date symlink: /root/catkin_ws/install/omo_r1mini_interfaces/include/omo_r1mini_interfaces/srv/detail/color__functions.h
[2.512s] -- Up-to-date symlink: /root/catkin_ws/install/omo_r1mini_interfaces/include/omo_r1mini_interfaces/srv/detail/color__struct.h
[2.512s] -- Up-to-date symlink: /root/catkin_ws/install/omo_r1mini_interfaces/include/omo_r1mini_interfaces/srv/detail/color__type_support.h
[2.512s] -- Up-to-date symlink: /root/catkin_ws/install/omo_r1mini_interfaces/include/omo_r1mini_interfaces/srv/detail/onoff__functions.h
[2.513s] -- Up-to-date symlink: /root/catkin_ws/install/omo_r1mini_interfaces/include/omo_r1mini_interfaces/srv/detail/onoff__struct.h
[2.513s] -- Up-to-date symlink: /root/catkin_ws/install/omo_r1mini_interfaces/include/omo_r1mini_interfaces/srv/detail/onoff__type_support.h
[2.513s] -- Up-to-date symlink: /root/catkin_ws/install/omo_r1mini_interfaces/include/omo_r1mini_interfaces/srv/detail/reset_odom__functions.h
[2.513s] -- Up-to-date symlink: /root/catkin_ws/install/omo_r1mini_interfaces/include/omo_r1mini_interfaces/srv/detail/reset_odom__struct.h
[2.513s] -- Up-to-date symlink: /root/catkin_ws/install/omo_r1mini_interfaces/include/omo_r1mini_interfaces/srv/detail/reset_odom__type_support.h
[2.513s] -- Up-to-date symlink: /root/catkin_ws/install/omo_r1mini_interfaces/include/omo_r1mini_interfaces/srv/detail/save_color__functions.h
[2.513s] -- Up-to-date symlink: /root/catkin_ws/install/omo_r1mini_interfaces/include/omo_r1mini_interfaces/srv/detail/save_color__struct.h
[2.514s] -- Up-to-date symlink: /root/catkin_ws/install/omo_r1mini_interfaces/include/omo_r1mini_interfaces/srv/detail/save_color__type_support.h
[2.514s] -- Up-to-date symlink: /root/catkin_ws/install/omo_r1mini_interfaces/include/omo_r1mini_interfaces/srv/onoff.h
[2.514s] -- Up-to-date symlink: /root/catkin_ws/install/omo_r1mini_interfaces/include/omo_r1mini_interfaces/srv/reset_odom.h
[2.514s] -- Up-to-date symlink: /root/catkin_ws/install/omo_r1mini_interfaces/include/omo_r1mini_interfaces/srv/save_color.h
[2.514s] -- Up-to-date symlink: /root/catkin_ws/install/omo_r1mini_interfaces/share/omo_r1mini_interfaces/environment/library_path.sh
[2.514s] -- Up-to-date symlink: /root/catkin_ws/install/omo_r1mini_interfaces/share/omo_r1mini_interfaces/environment/library_path.dsv
[2.515s] -- Up-to-date symlink: /root/catkin_ws/install/omo_r1mini_interfaces/include/omo_r1mini_interfaces/msg/rosidl_typesupport_fastrtps_c__visibility_control.h
[2.515s] -- Up-to-date symlink: /root/catkin_ws/install/omo_r1mini_interfaces/include/omo_r1mini_interfaces/srv/detail/battery__rosidl_typesupport_fastrtps_c.h
[2.515s] -- Up-to-date symlink: /root/catkin_ws/install/omo_r1mini_interfaces/include/omo_r1mini_interfaces/srv/detail/calg__rosidl_typesupport_fastrtps_c.h
[2.515s] -- Up-to-date symlink: /root/catkin_ws/install/omo_r1mini_interfaces/include/omo_r1mini_interfaces/srv/detail/color__rosidl_typesupport_fastrtps_c.h
[2.515s] -- Up-to-date symlink: /root/catkin_ws/install/omo_r1mini_interfaces/include/omo_r1mini_interfaces/srv/detail/onoff__rosidl_typesupport_fastrtps_c.h
[2.515s] -- Up-to-date symlink: /root/catkin_ws/install/omo_r1mini_interfaces/include/omo_r1mini_interfaces/srv/detail/reset_odom__rosidl_typesupport_fastrtps_c.h
[2.516s] -- Up-to-date symlink: /root/catkin_ws/install/omo_r1mini_interfaces/include/omo_r1mini_interfaces/srv/detail/save_color__rosidl_typesupport_fastrtps_c.h
[2.516s] -- Up-to-date symlink: /root/catkin_ws/install/omo_r1mini_interfaces/lib/libomo_r1mini_interfaces__rosidl_typesupport_fastrtps_c.so
[2.516s] -- Up-to-date symlink: /root/catkin_ws/install/omo_r1mini_interfaces/include/omo_r1mini_interfaces/msg/rosidl_typesupport_fastrtps_cpp__visibility_control.h
[2.516s] -- Up-to-date symlink: /root/catkin_ws/install/omo_r1mini_interfaces/include/omo_r1mini_interfaces/srv/detail/battery__rosidl_typesupport_fastrtps_cpp.hpp
[2.516s] -- Up-to-date symlink: /root/catkin_ws/install/omo_r1mini_interfaces/include/omo_r1mini_interfaces/srv/detail/calg__rosidl_typesupport_fastrtps_cpp.hpp
[2.516s] -- Up-to-date symlink: /root/catkin_ws/install/omo_r1mini_interfaces/include/omo_r1mini_interfaces/srv/detail/color__rosidl_typesupport_fastrtps_cpp.hpp
[2.516s] -- Up-to-date symlink: /root/catkin_ws/install/omo_r1mini_interfaces/include/omo_r1mini_interfaces/srv/detail/onoff__rosidl_typesupport_fastrtps_cpp.hpp
[2.517s] -- Up-to-date symlink: /root/catkin_ws/install/omo_r1mini_interfaces/include/omo_r1mini_interfaces/srv/detail/reset_odom__rosidl_typesupport_fastrtps_cpp.hpp
[2.517s] -- Up-to-date symlink: /root/catkin_ws/install/omo_r1mini_interfaces/include/omo_r1mini_interfaces/srv/detail/save_color__rosidl_typesupport_fastrtps_cpp.hpp
[2.517s] -- Up-to-date symlink: /root/catkin_ws/install/omo_r1mini_interfaces/lib/libomo_r1mini_interfaces__rosidl_typesupport_fastrtps_cpp.so
[2.517s] -- Up-to-date symlink: /root/catkin_ws/install/omo_r1mini_interfaces/include/omo_r1mini_interfaces/msg/rosidl_typesupport_introspection_c__visibility_control.h
[2.517s] -- Up-to-date symlink: /root/catkin_ws/install/omo_r1mini_interfaces/include/omo_r1mini_interfaces/srv/detail/battery__rosidl_typesupport_introspection_c.h
[2.517s] -- Up-to-date symlink: /root/catkin_ws/install/omo_r1mini_interfaces/include/omo_r1mini_interfaces/srv/detail/calg__rosidl_typesupport_introspection_c.h
[2.518s] -- Up-to-date symlink: /root/catkin_ws/install/omo_r1mini_interfaces/include/omo_r1mini_interfaces/srv/detail/color__rosidl_typesupport_introspection_c.h
[2.518s] -- Up-to-date symlink: /root/catkin_ws/install/omo_r1mini_interfaces/include/omo_r1mini_interfaces/srv/detail/onoff__rosidl_typesupport_introspection_c.h
[2.518s] -- Up-to-date symlink: /root/catkin_ws/install/omo_r1mini_interfaces/include/omo_r1mini_interfaces/srv/detail/reset_odom__rosidl_typesupport_introspection_c.h
[2.518s] -- Up-to-date symlink: /root/catkin_ws/install/omo_r1mini_interfaces/include/omo_r1mini_interfaces/srv/detail/save_color__rosidl_typesupport_introspection_c.h
[2.518s] -- Up-to-date symlink: /root/catkin_ws/install/omo_r1mini_interfaces/include/omo_r1mini_interfaces/srv/battery.hpp
[2.518s] -- Up-to-date symlink: /root/catkin_ws/install/omo_r1mini_interfaces/include/omo_r1mini_interfaces/srv/calg.hpp
[2.519s] -- Up-to-date symlink: /root/catkin_ws/install/omo_r1mini_interfaces/include/omo_r1mini_interfaces/srv/color.hpp
[2.519s] -- Up-to-date symlink: /root/catkin_ws/install/omo_r1mini_interfaces/include/omo_r1mini_interfaces/srv/detail/battery__builder.hpp
[2.519s] -- Up-to-date symlink: /root/catkin_ws/install/omo_r1mini_interfaces/include/omo_r1mini_interfaces/srv/detail/battery__struct.hpp
[2.519s] -- Up-to-date symlink: /root/catkin_ws/install/omo_r1mini_interfaces/include/omo_r1mini_interfaces/srv/detail/battery__traits.hpp
[2.519s] -- Up-to-date symlink: /root/catkin_ws/install/omo_r1mini_interfaces/include/omo_r1mini_interfaces/srv/detail/calg__builder.hpp
[2.520s] -- Up-to-date symlink: /root/catkin_ws/install/omo_r1mini_interfaces/include/omo_r1mini_interfaces/srv/detail/calg__struct.hpp
[2.520s] -- Up-to-date symlink: /root/catkin_ws/install/omo_r1mini_interfaces/include/omo_r1mini_interfaces/srv/detail/calg__traits.hpp
[2.520s] -- Up-to-date symlink: /root/catkin_ws/install/omo_r1mini_interfaces/include/omo_r1mini_interfaces/srv/detail/color__builder.hpp
[2.520s] -- Up-to-date symlink: /root/catkin_ws/install/omo_r1mini_interfaces/include/omo_r1mini_interfaces/srv/detail/color__struct.hpp
[2.520s] -- Up-to-date symlink: /root/catkin_ws/install/omo_r1mini_interfaces/include/omo_r1mini_interfaces/srv/detail/color__traits.hpp
[2.521s] -- Up-to-date symlink: /root/catkin_ws/install/omo_r1mini_interfaces/include/omo_r1mini_interfaces/srv/detail/onoff__builder.hpp
[2.521s] -- Up-to-date symlink: /root/catkin_ws/install/omo_r1mini_interfaces/include/omo_r1mini_interfaces/srv/detail/onoff__struct.hpp
[2.521s] -- Up-to-date symlink: /root/catkin_ws/install/omo_r1mini_interfaces/include/omo_r1mini_interfaces/srv/detail/onoff__traits.hpp
[2.521s] -- Up-to-date symlink: /root/catkin_ws/install/omo_r1mini_interfaces/include/omo_r1mini_interfaces/srv/detail/reset_odom__builder.hpp
[2.521s] -- Up-to-date symlink: /root/catkin_ws/install/omo_r1mini_interfaces/include/omo_r1mini_interfaces/srv/detail/reset_odom__struct.hpp
[2.521s] -- Up-to-date symlink: /root/catkin_ws/install/omo_r1mini_interfaces/include/omo_r1mini_interfaces/srv/detail/reset_odom__traits.hpp
[2.522s] -- Up-to-date symlink: /root/catkin_ws/install/omo_r1mini_interfaces/include/omo_r1mini_interfaces/srv/detail/save_color__builder.hpp
[2.522s] -- Up-to-date symlink: /root/catkin_ws/install/omo_r1mini_interfaces/include/omo_r1mini_interfaces/srv/detail/save_color__struct.hpp
[2.522s] -- Up-to-date symlink: /root/catkin_ws/install/omo_r1mini_interfaces/include/omo_r1mini_interfaces/srv/detail/save_color__traits.hpp
[2.522s] -- Up-to-date symlink: /root/catkin_ws/install/omo_r1mini_interfaces/include/omo_r1mini_interfaces/srv/onoff.hpp
[2.522s] -- Up-to-date symlink: /root/catkin_ws/install/omo_r1mini_interfaces/include/omo_r1mini_interfaces/srv/reset_odom.hpp
[2.523s] -- Up-to-date symlink: /root/catkin_ws/install/omo_r1mini_interfaces/include/omo_r1mini_interfaces/srv/save_color.hpp
[2.523s] -- Up-to-date symlink: /root/catkin_ws/install/omo_r1mini_interfaces/include/omo_r1mini_interfaces/srv/detail/battery__rosidl_typesupport_introspection_cpp.hpp
[2.523s] -- Up-to-date symlink: /root/catkin_ws/install/omo_r1mini_interfaces/include/omo_r1mini_interfaces/srv/detail/calg__rosidl_typesupport_introspection_cpp.hpp
[2.523s] -- Up-to-date symlink: /root/catkin_ws/install/omo_r1mini_interfaces/include/omo_r1mini_interfaces/srv/detail/color__rosidl_typesupport_introspection_cpp.hpp
[2.523s] -- Up-to-date symlink: /root/catkin_ws/install/omo_r1mini_interfaces/include/omo_r1mini_interfaces/srv/detail/onoff__rosidl_typesupport_introspection_cpp.hpp
[2.523s] -- Up-to-date symlink: /root/catkin_ws/install/omo_r1mini_interfaces/include/omo_r1mini_interfaces/srv/detail/reset_odom__rosidl_typesupport_introspection_cpp.hpp
[2.524s] -- Up-to-date symlink: /root/catkin_ws/install/omo_r1mini_interfaces/include/omo_r1mini_interfaces/srv/detail/save_color__rosidl_typesupport_introspection_cpp.hpp
[2.524s] -- Up-to-date symlink: /root/catkin_ws/install/omo_r1mini_interfaces/share/omo_r1mini_interfaces/environment/pythonpath.sh
[2.524s] -- Up-to-date symlink: /root/catkin_ws/install/omo_r1mini_interfaces/share/omo_r1mini_interfaces/environment/pythonpath.dsv
[2.524s] -- Up-to-date symlink: /root/catkin_ws/install/omo_r1mini_interfaces/lib/python3.8/site-packages/omo_r1mini_interfaces/__init__.py
[2.524s] -- Up-to-date symlink: /root/catkin_ws/install/omo_r1mini_interfaces/lib/python3.8/site-packages/omo_r1mini_interfaces/srv/__init__.py
[2.525s] -- Up-to-date symlink: /root/catkin_ws/install/omo_r1mini_interfaces/lib/python3.8/site-packages/omo_r1mini_interfaces/srv/_battery.py
[2.525s] -- Up-to-date symlink: /root/catkin_ws/install/omo_r1mini_interfaces/lib/python3.8/site-packages/omo_r1mini_interfaces/srv/_calg.py
[2.525s] -- Up-to-date symlink: /root/catkin_ws/install/omo_r1mini_interfaces/lib/python3.8/site-packages/omo_r1mini_interfaces/srv/_color.py
[2.525s] -- Up-to-date symlink: /root/catkin_ws/install/omo_r1mini_interfaces/lib/python3.8/site-packages/omo_r1mini_interfaces/srv/_onoff.py
[2.527s] -- Up-to-date symlink: /root/catkin_ws/install/omo_r1mini_interfaces/lib/python3.8/site-packages/omo_r1mini_interfaces/srv/_reset_odom.py
[2.527s] -- Up-to-date symlink: /root/catkin_ws/install/omo_r1mini_interfaces/lib/python3.8/site-packages/omo_r1mini_interfaces/srv/_save_color.py
[2.528s] -- Up-to-date symlink: /root/catkin_ws/install/omo_r1mini_interfaces/lib/python3.8/site-packages/omo_r1mini_interfaces/omo_r1mini_interfaces_s__rosidl_typesupport_fastrtps_c.cpython-38-x86_64-linux-gnu.so
[2.528s] -- Up-to-date symlink: /root/catkin_ws/install/omo_r1mini_interfaces/lib/python3.8/site-packages/omo_r1mini_interfaces/omo_r1mini_interfaces_s__rosidl_typesupport_introspection_c.cpython-38-x86_64-linux-gnu.so
[2.528s] -- Up-to-date symlink: /root/catkin_ws/install/omo_r1mini_interfaces/lib/python3.8/site-packages/omo_r1mini_interfaces/omo_r1mini_interfaces_s__rosidl_typesupport_c.cpython-38-x86_64-linux-gnu.so
[2.528s] -- Up-to-date symlink: /root/catkin_ws/install/omo_r1mini_interfaces/lib/libomo_r1mini_interfaces__python.so
[2.529s] -- Up-to-date symlink: /root/catkin_ws/install/omo_r1mini_interfaces/share/omo_r1mini_interfaces/srv/Battery.idl
[2.529s] -- Up-to-date symlink: /root/catkin_ws/install/omo_r1mini_interfaces/share/omo_r1mini_interfaces/srv/Calg.idl
[2.529s] -- Up-to-date symlink: /root/catkin_ws/install/omo_r1mini_interfaces/share/omo_r1mini_interfaces/srv/Color.idl
[2.529s] -- Up-to-date symlink: /root/catkin_ws/install/omo_r1mini_interfaces/share/omo_r1mini_interfaces/srv/Onoff.idl
[2.530s] -- Up-to-date symlink: /root/catkin_ws/install/omo_r1mini_interfaces/share/omo_r1mini_interfaces/srv/ResetOdom.idl
[2.530s] -- Up-to-date symlink: /root/catkin_ws/install/omo_r1mini_interfaces/share/omo_r1mini_interfaces/srv/SaveColor.idl
[2.530s] -- Up-to-date symlink: /root/catkin_ws/install/omo_r1mini_interfaces/share/omo_r1mini_interfaces/srv/Battery.srv
[2.530s] -- Up-to-date symlink: /root/catkin_ws/install/omo_r1mini_interfaces/share/omo_r1mini_interfaces/srv/Battery_Request.msg
[2.531s] -- Up-to-date symlink: /root/catkin_ws/install/omo_r1mini_interfaces/share/omo_r1mini_interfaces/srv/Battery_Response.msg
[2.531s] -- Up-to-date symlink: /root/catkin_ws/install/omo_r1mini_interfaces/share/omo_r1mini_interfaces/srv/Calg.srv
[2.531s] -- Up-to-date symlink: /root/catkin_ws/install/omo_r1mini_interfaces/share/omo_r1mini_interfaces/srv/Calg_Request.msg
[2.531s] -- Up-to-date symlink: /root/catkin_ws/install/omo_r1mini_interfaces/share/omo_r1mini_interfaces/srv/Calg_Response.msg
[2.532s] -- Up-to-date symlink: /root/catkin_ws/install/omo_r1mini_interfaces/share/omo_r1mini_interfaces/srv/Color.srv
[2.532s] -- Up-to-date symlink: /root/catkin_ws/install/omo_r1mini_interfaces/share/omo_r1mini_interfaces/srv/Color_Request.msg
[2.532s] -- Up-to-date symlink: /root/catkin_ws/install/omo_r1mini_interfaces/share/omo_r1mini_interfaces/srv/Color_Response.msg
[2.532s] -- Up-to-date symlink: /root/catkin_ws/install/omo_r1mini_interfaces/share/omo_r1mini_interfaces/srv/Onoff.srv
[2.533s] -- Up-to-date symlink: /root/catkin_ws/install/omo_r1mini_interfaces/share/omo_r1mini_interfaces/srv/Onoff_Request.msg
[2.533s] -- Up-to-date symlink: /root/catkin_ws/install/omo_r1mini_interfaces/share/omo_r1mini_interfaces/srv/Onoff_Response.msg
[2.533s] -- Up-to-date symlink: /root/catkin_ws/install/omo_r1mini_interfaces/share/omo_r1mini_interfaces/srv/ResetOdom.srv
[2.533s] -- Up-to-date symlink: /root/catkin_ws/install/omo_r1mini_interfaces/share/omo_r1mini_interfaces/srv/ResetOdom_Request.msg
[2.533s] -- Up-to-date symlink: /root/catkin_ws/install/omo_r1mini_interfaces/share/omo_r1mini_interfaces/srv/ResetOdom_Response.msg
[2.535s] -- Up-to-date symlink: /root/catkin_ws/install/omo_r1mini_interfaces/share/omo_r1mini_interfaces/srv/SaveColor.srv
[2.535s] -- Up-to-date symlink: /root/catkin_ws/install/omo_r1mini_interfaces/share/omo_r1mini_interfaces/srv/SaveColor_Request.msg
[2.535s] -- Up-to-date symlink: /root/catkin_ws/install/omo_r1mini_interfaces/share/omo_r1mini_interfaces/srv/SaveColor_Response.msg
[2.536s] -- Up-to-date symlink: /root/catkin_ws/install/omo_r1mini_interfaces/share/ament_index/resource_index/package_run_dependencies/omo_r1mini_interfaces
[2.536s] -- Up-to-date symlink: /root/catkin_ws/install/omo_r1mini_interfaces/share/ament_index/resource_index/parent_prefix_path/omo_r1mini_interfaces
[2.536s] -- Up-to-date symlink: /root/catkin_ws/install/omo_r1mini_interfaces/share/omo_r1mini_interfaces/environment/ament_prefix_path.sh
[2.537s] -- Up-to-date symlink: /root/catkin_ws/install/omo_r1mini_interfaces/share/omo_r1mini_interfaces/environment/ament_prefix_path.dsv
[2.537s] -- Up-to-date symlink: /root/catkin_ws/install/omo_r1mini_interfaces/share/omo_r1mini_interfaces/environment/path.sh
[2.537s] -- Up-to-date symlink: /root/catkin_ws/install/omo_r1mini_interfaces/share/omo_r1mini_interfaces/environment/path.dsv
[2.538s] -- Up-to-date symlink: /root/catkin_ws/install/omo_r1mini_interfaces/share/omo_r1mini_interfaces/local_setup.bash
[2.538s] -- Up-to-date symlink: /root/catkin_ws/install/omo_r1mini_interfaces/share/omo_r1mini_interfaces/local_setup.sh
[2.540s] -- Up-to-date symlink: /root/catkin_ws/install/omo_r1mini_interfaces/share/omo_r1mini_interfaces/local_setup.zsh
[2.540s] -- Up-to-date symlink: /root/catkin_ws/install/omo_r1mini_interfaces/share/omo_r1mini_interfaces/local_setup.dsv
[2.540s] -- Symlinking: /root/catkin_ws/install/omo_r1mini_interfaces/share/omo_r1mini_interfaces/package.dsv
[2.540s] -- Up-to-date symlink: /root/catkin_ws/install/omo_r1mini_interfaces/share/ament_index/resource_index/packages/omo_r1mini_interfaces
[2.540s] -- Up-to-date symlink: /root/catkin_ws/install/omo_r1mini_interfaces/share/omo_r1mini_interfaces/cmake/rosidl_cmake-extras.cmake
[2.540s] -- Up-to-date symlink: /root/catkin_ws/install/omo_r1mini_interfaces/share/omo_r1mini_interfaces/cmake/ament_cmake_export_dependencies-extras.cmake
[2.541s] -- Up-to-date symlink: /root/catkin_ws/install/omo_r1mini_interfaces/share/omo_r1mini_interfaces/cmake/ament_cmake_export_libraries-extras.cmake
[2.541s] -- Up-to-date symlink: /root/catkin_ws/install/omo_r1mini_interfaces/share/omo_r1mini_interfaces/cmake/ament_cmake_export_targets-extras.cmake
[2.541s] -- Up-to-date symlink: /root/catkin_ws/install/omo_r1mini_interfaces/share/omo_r1mini_interfaces/cmake/ament_cmake_export_include_directories-extras.cmake
[2.541s] -- Up-to-date symlink: /root/catkin_ws/install/omo_r1mini_interfaces/share/omo_r1mini_interfaces/cmake/rosidl_cmake_export_typesupport_libraries-extras.cmake
[2.541s] -- Up-to-date symlink: /root/catkin_ws/install/omo_r1mini_interfaces/share/omo_r1mini_interfaces/cmake/rosidl_cmake_export_typesupport_targets-extras.cmake
[2.541s] -- Up-to-date symlink: /root/catkin_ws/install/omo_r1mini_interfaces/share/omo_r1mini_interfaces/cmake/omo_r1mini_interfacesConfig.cmake
[2.541s] -- Up-to-date symlink: /root/catkin_ws/install/omo_r1mini_interfaces/share/omo_r1mini_interfaces/cmake/omo_r1mini_interfacesConfig-version.cmake
[2.542s] -- Up-to-date symlink: /root/catkin_ws/install/omo_r1mini_interfaces/share/omo_r1mini_interfaces/package.xml
[2.542s] -- Up-to-date: /root/catkin_ws/install/omo_r1mini_interfaces/lib/libomo_r1mini_interfaces__rosidl_generator_c.so
[2.543s] -- Up-to-date: /root/catkin_ws/install/omo_r1mini_interfaces/lib/libomo_r1mini_interfaces__rosidl_typesupport_introspection_c.so
[2.543s] -- Up-to-date: /root/catkin_ws/install/omo_r1mini_interfaces/lib/libomo_r1mini_interfaces__rosidl_typesupport_c.so
[2.543s] -- Up-to-date: /root/catkin_ws/install/omo_r1mini_interfaces/lib/libomo_r1mini_interfaces__rosidl_typesupport_introspection_cpp.so
[2.543s] -- Up-to-date: /root/catkin_ws/install/omo_r1mini_interfaces/lib/libomo_r1mini_interfaces__rosidl_typesupport_cpp.so
[2.576s] -- Up-to-date: /root/catkin_ws/install/omo_r1mini_interfaces/share/omo_r1mini_interfaces/cmake/omo_r1mini_interfaces__rosidl_generator_cExport.cmake
[2.577s] -- Up-to-date: /root/catkin_ws/install/omo_r1mini_interfaces/share/omo_r1mini_interfaces/cmake/omo_r1mini_interfaces__rosidl_generator_cExport-noconfig.cmake
[2.577s] -- Up-to-date: /root/catkin_ws/install/omo_r1mini_interfaces/share/omo_r1mini_interfaces/cmake/omo_r1mini_interfaces__rosidl_typesupport_introspection_cExport.cmake
[2.578s] -- Up-to-date: /root/catkin_ws/install/omo_r1mini_interfaces/share/omo_r1mini_interfaces/cmake/omo_r1mini_interfaces__rosidl_typesupport_introspection_cExport-noconfig.cmake
[2.578s] -- Up-to-date: /root/catkin_ws/install/omo_r1mini_interfaces/share/omo_r1mini_interfaces/cmake/omo_r1mini_interfaces__rosidl_typesupport_cExport.cmake
[2.578s] -- Up-to-date: /root/catkin_ws/install/omo_r1mini_interfaces/share/omo_r1mini_interfaces/cmake/omo_r1mini_interfaces__rosidl_typesupport_cExport-noconfig.cmake
[2.579s] -- Up-to-date: /root/catkin_ws/install/omo_r1mini_interfaces/share/omo_r1mini_interfaces/cmake/omo_r1mini_interfaces__rosidl_generator_cppExport.cmake
[2.579s] -- Up-to-date: /root/catkin_ws/install/omo_r1mini_interfaces/share/omo_r1mini_interfaces/cmake/omo_r1mini_interfaces__rosidl_typesupport_introspection_cppExport.cmake
[2.579s] -- Up-to-date: /root/catkin_ws/install/omo_r1mini_interfaces/share/omo_r1mini_interfaces/cmake/omo_r1mini_interfaces__rosidl_typesupport_introspection_cppExport-noconfig.cmake
[2.579s] -- Up-to-date: /root/catkin_ws/install/omo_r1mini_interfaces/share/omo_r1mini_interfaces/cmake/omo_r1mini_interfaces__rosidl_typesupport_cppExport.cmake
[2.581s] -- Up-to-date: /root/catkin_ws/install/omo_r1mini_interfaces/share/omo_r1mini_interfaces/cmake/omo_r1mini_interfaces__rosidl_typesupport_cppExport-noconfig.cmake
[2.825s] Invoked command in '/root/catkin_ws/build/omo_r1mini_interfaces' returned '0': CMAKE_PREFIX_PATH=${CMAKE_PREFIX_PATH}:/root/catkin_ws/install/topic_service_action_rclpy_example:/root/catkin_ws/install/time_rclpy_example:/root/catkin_ws/install/tf2_rclpy_example:/root/catkin_ws/install/ros2env:/root/catkin_ws/install/omo_r1mini_teleop:/root/catkin_ws/install/omo_r1mini_bringup:/root/catkin_ws/install/my_first_ros_rclpy_pkg:/root/catkin_ws/install/logging_rclpy_example:/root/catkin_ws/install/iahrs_driver:/root/install/topic_service_action_rclpy_example:/root/install/time_rclpy_example:/root/install/tf2_rclpy_example:/root/install/ros2env:/root/install/omo_r1mini_teleop:/root/install/omo_r1mini_bringup:/root/install/my_first_ros_rclpy_pkg:/root/install/logging_rclpy_example:/opt/ros/foxy /usr/bin/cmake --install /root/catkin_ws/build/omo_r1mini_interfaces
