[0.296s] Invoking command in '/root/catkin_ws/build/msg_srv_action_interface_example': CMAKE_PREFIX_PATH=${CMAKE_PREFIX_PATH}:/root/catkin_ws/install/topic_service_action_rclpy_example:/root/catkin_ws/install/time_rclpy_example:/root/catkin_ws/install/tf2_rclpy_example:/root/catkin_ws/install/ros2env:/root/catkin_ws/install/omo_r1mini_teleop:/root/catkin_ws/install/omo_r1mini_bringup:/root/catkin_ws/install/my_first_ros_rclpy_pkg:/root/catkin_ws/install/logging_rclpy_example:/root/catkin_ws/install/iahrs_driver:/root/install/topic_service_action_rclpy_example:/root/install/time_rclpy_example:/root/install/tf2_rclpy_example:/root/install/ros2env:/root/install/omo_r1mini_teleop:/root/install/omo_r1mini_bringup:/root/install/my_first_ros_rclpy_pkg:/root/install/logging_rclpy_example:/opt/ros/foxy /usr/bin/cmake --build /root/catkin_ws/build/msg_srv_action_interface_example -- -j12 -l12
[1.826s] [  2%] Built target msg_srv_action_interface_example__cpp
[2.001s] [ 12%] Built target msg_srv_action_interface_example__rosidl_generator_c
[2.049s] [ 23%] Built target msg_srv_action_interface_example__rosidl_typesupport_fastrtps_cpp
[2.064s] [ 34%] Built target msg_srv_action_interface_example__rosidl_typesupport_cpp
[2.076s] [ 44%] Built target msg_srv_action_interface_example__rosidl_typesupport_introspection_cpp
[2.159s] [ 76%] Built target msg_srv_action_interface_example__rosidl_typesupport_fastrtps_c
[2.219s] [ 76%] Built target msg_srv_action_interface_example__rosidl_typesupport_introspection_c
[2.220s] [ 76%] Built target msg_srv_action_interface_example__rosidl_typesupport_c
[2.264s] [ 76%] Built target msg_srv_action_interface_example
[2.298s] [ 78%] Built target msg_srv_action_interface_example__py
[2.426s] [ 87%] Built target msg_srv_action_interface_example__python
[2.536s] [100%] Built target msg_srv_action_interface_example__rosidl_typesupport_introspection_c__pyext
[2.546s] [ -6%] Built target msg_srv_action_interface_example__rosidl_typesupport_c__pyext
[2.549s] Built target msg_srv_action_interface_example__rosidl_typesupport_fastrtps_c__pyext
[2.681s] Invoked command in '/root/catkin_ws/build/msg_srv_action_interface_example' returned '0': CMAKE_PREFIX_PATH=${CMAKE_PREFIX_PATH}:/root/catkin_ws/install/topic_service_action_rclpy_example:/root/catkin_ws/install/time_rclpy_example:/root/catkin_ws/install/tf2_rclpy_example:/root/catkin_ws/install/ros2env:/root/catkin_ws/install/omo_r1mini_teleop:/root/catkin_ws/install/omo_r1mini_bringup:/root/catkin_ws/install/my_first_ros_rclpy_pkg:/root/catkin_ws/install/logging_rclpy_example:/root/catkin_ws/install/iahrs_driver:/root/install/topic_service_action_rclpy_example:/root/install/time_rclpy_example:/root/install/tf2_rclpy_example:/root/install/ros2env:/root/install/omo_r1mini_teleop:/root/install/omo_r1mini_bringup:/root/install/my_first_ros_rclpy_pkg:/root/install/logging_rclpy_example:/opt/ros/foxy /usr/bin/cmake --build /root/catkin_ws/build/msg_srv_action_interface_example -- -j12 -l12
[3.130s] Invoking command in '/root/catkin_ws/build/msg_srv_action_interface_example': CMAKE_PREFIX_PATH=${CMAKE_PREFIX_PATH}:/root/catkin_ws/install/topic_service_action_rclpy_example:/root/catkin_ws/install/time_rclpy_example:/root/catkin_ws/install/tf2_rclpy_example:/root/catkin_ws/install/ros2env:/root/catkin_ws/install/omo_r1mini_teleop:/root/catkin_ws/install/omo_r1mini_bringup:/root/catkin_ws/install/my_first_ros_rclpy_pkg:/root/catkin_ws/install/logging_rclpy_example:/root/catkin_ws/install/iahrs_driver:/root/install/topic_service_action_rclpy_example:/root/install/time_rclpy_example:/root/install/tf2_rclpy_example:/root/install/ros2env:/root/install/omo_r1mini_teleop:/root/install/omo_r1mini_bringup:/root/install/my_first_ros_rclpy_pkg:/root/install/logging_rclpy_example:/opt/ros/foxy /usr/bin/cmake --install /root/catkin_ws/build/msg_srv_action_interface_example
[3.163s] -- Install configuration: ""
[3.163s] -- Execute custom install script
[3.163s] -- Up-to-date symlink: /root/catkin_ws/install/msg_srv_action_interface_example/share/ament_index/resource_index/rosidl_interfaces/msg_srv_action_interface_example
[3.164s] -- Up-to-date symlink: /root/catkin_ws/install/msg_srv_action_interface_example/include/msg_srv_action_interface_example/action/arithmetic_checker.h
[3.164s] -- Up-to-date symlink: /root/catkin_ws/install/msg_srv_action_interface_example/include/msg_srv_action_interface_example/action/detail/arithmetic_checker__functions.h
[3.164s] -- Up-to-date symlink: /root/catkin_ws/install/msg_srv_action_interface_example/include/msg_srv_action_interface_example/action/detail/arithmetic_checker__struct.h
[3.164s] -- Up-to-date symlink: /root/catkin_ws/install/msg_srv_action_interface_example/include/msg_srv_action_interface_example/action/detail/arithmetic_checker__type_support.h
[3.165s] -- Up-to-date symlink: /root/catkin_ws/install/msg_srv_action_interface_example/include/msg_srv_action_interface_example/msg/arithmetic_argument.h
[3.165s] -- Up-to-date symlink: /root/catkin_ws/install/msg_srv_action_interface_example/include/msg_srv_action_interface_example/msg/detail/arithmetic_argument__functions.h
[3.168s] -- Up-to-date symlink: /root/catkin_ws/install/msg_srv_action_interface_example/include/msg_srv_action_interface_example/msg/detail/arithmetic_argument__struct.h
[3.168s] -- Up-to-date symlink: /root/catkin_ws/install/msg_srv_action_interface_example/include/msg_srv_action_interface_example/msg/detail/arithmetic_argument__type_support.h
[3.169s] -- Up-to-date symlink: /root/catkin_ws/install/msg_srv_action_interface_example/include/msg_srv_action_interface_example/msg/rosidl_generator_c__visibility_control.h
[3.183s] -- Up-to-date symlink: /root/catkin_ws/install/msg_srv_action_interface_example/include/msg_srv_action_interface_example/srv/arithmetic_operator.h
[3.184s] -- Up-to-date symlink: /root/catkin_ws/install/msg_srv_action_interface_example/include/msg_srv_action_interface_example/srv/detail/arithmetic_operator__functions.h
[3.186s] -- Up-to-date symlink: /root/catkin_ws/install/msg_srv_action_interface_example/include/msg_srv_action_interface_example/srv/detail/arithmetic_operator__struct.h
[3.187s] -- Up-to-date symlink: /root/catkin_ws/install/msg_srv_action_interface_example/include/msg_srv_action_interface_example/srv/detail/arithmetic_operator__type_support.h
[3.191s] -- Up-to-date symlink: /root/catkin_ws/install/msg_srv_action_interface_example/share/msg_srv_action_interface_example/environment/library_path.sh
[3.194s] -- Up-to-date symlink: /root/catkin_ws/install/msg_srv_action_interface_example/share/msg_srv_action_interface_example/environment/library_path.dsv
[3.210s] -- Up-to-date symlink: /root/catkin_ws/install/msg_srv_action_interface_example/include/msg_srv_action_interface_example/action/detail/arithmetic_checker__rosidl_typesupport_fastrtps_c.h
[3.213s] -- Up-to-date symlink: /root/catkin_ws/install/msg_srv_action_interface_example/include/msg_srv_action_interface_example/msg/detail/arithmetic_argument__rosidl_typesupport_fastrtps_c.h
[3.214s] -- Up-to-date symlink: /root/catkin_ws/install/msg_srv_action_interface_example/include/msg_srv_action_interface_example/msg/rosidl_typesupport_fastrtps_c__visibility_control.h
[3.217s] -- Up-to-date symlink: /root/catkin_ws/install/msg_srv_action_interface_example/include/msg_srv_action_interface_example/srv/detail/arithmetic_operator__rosidl_typesupport_fastrtps_c.h
[3.217s] -- Up-to-date symlink: /root/catkin_ws/install/msg_srv_action_interface_example/lib/libmsg_srv_action_interface_example__rosidl_typesupport_fastrtps_c.so
[3.227s] -- Up-to-date symlink: /root/catkin_ws/install/msg_srv_action_interface_example/include/msg_srv_action_interface_example/action/detail/arithmetic_checker__rosidl_typesupport_fastrtps_cpp.hpp
[3.227s] -- Up-to-date symlink: /root/catkin_ws/install/msg_srv_action_interface_example/include/msg_srv_action_interface_example/msg/detail/arithmetic_argument__rosidl_typesupport_fastrtps_cpp.hpp
[3.227s] -- Up-to-date symlink: /root/catkin_ws/install/msg_srv_action_interface_example/include/msg_srv_action_interface_example/msg/rosidl_typesupport_fastrtps_cpp__visibility_control.h
[3.230s] -- Up-to-date symlink: /root/catkin_ws/install/msg_srv_action_interface_example/include/msg_srv_action_interface_example/srv/detail/arithmetic_operator__rosidl_typesupport_fastrtps_cpp.hpp
[3.236s] -- Up-to-date symlink: /root/catkin_ws/install/msg_srv_action_interface_example/lib/libmsg_srv_action_interface_example__rosidl_typesupport_fastrtps_cpp.so
[3.237s] -- Up-to-date symlink: /root/catkin_ws/install/msg_srv_action_interface_example/include/msg_srv_action_interface_example/action/detail/arithmetic_checker__rosidl_typesupport_introspection_c.h
[3.238s] -- Up-to-date symlink: /root/catkin_ws/install/msg_srv_action_interface_example/include/msg_srv_action_interface_example/msg/detail/arithmetic_argument__rosidl_typesupport_introspection_c.h
[3.248s] -- Up-to-date symlink: /root/catkin_ws/install/msg_srv_action_interface_example/include/msg_srv_action_interface_example/msg/rosidl_typesupport_introspection_c__visibility_control.h
[3.252s] -- Up-to-date symlink: /root/catkin_ws/install/msg_srv_action_interface_example/include/msg_srv_action_interface_example/srv/detail/arithmetic_operator__rosidl_typesupport_introspection_c.h
[3.252s] -- Up-to-date symlink: /root/catkin_ws/install/msg_srv_action_interface_example/include/msg_srv_action_interface_example/action/arithmetic_checker.hpp
[3.265s] -- Up-to-date symlink: /root/catkin_ws/install/msg_srv_action_interface_example/include/msg_srv_action_interface_example/action/detail/arithmetic_checker__builder.hpp
[3.266s] -- Up-to-date symlink: /root/catkin_ws/install/msg_srv_action_interface_example/include/msg_srv_action_interface_example/action/detail/arithmetic_checker__struct.hpp
[3.266s] -- Up-to-date symlink: /root/catkin_ws/install/msg_srv_action_interface_example/include/msg_srv_action_interface_example/action/detail/arithmetic_checker__traits.hpp
[3.268s] -- Up-to-date symlink: /root/catkin_ws/install/msg_srv_action_interface_example/include/msg_srv_action_interface_example/msg/arithmetic_argument.hpp
[3.268s] -- Up-to-date symlink: /root/catkin_ws/install/msg_srv_action_interface_example/include/msg_srv_action_interface_example/msg/detail/arithmetic_argument__builder.hpp
[3.269s] -- Up-to-date symlink: /root/catkin_ws/install/msg_srv_action_interface_example/include/msg_srv_action_interface_example/msg/detail/arithmetic_argument__struct.hpp
[3.269s] -- Up-to-date symlink: /root/catkin_ws/install/msg_srv_action_interface_example/include/msg_srv_action_interface_example/msg/detail/arithmetic_argument__traits.hpp
[3.269s] -- Up-to-date symlink: /root/catkin_ws/install/msg_srv_action_interface_example/include/msg_srv_action_interface_example/srv/arithmetic_operator.hpp
[3.270s] -- Up-to-date symlink: /root/catkin_ws/install/msg_srv_action_interface_example/include/msg_srv_action_interface_example/srv/detail/arithmetic_operator__builder.hpp
[3.270s] -- Up-to-date symlink: /root/catkin_ws/install/msg_srv_action_interface_example/include/msg_srv_action_interface_example/srv/detail/arithmetic_operator__struct.hpp
[3.271s] -- Up-to-date symlink: /root/catkin_ws/install/msg_srv_action_interface_example/include/msg_srv_action_interface_example/srv/detail/arithmetic_operator__traits.hpp
[3.280s] -- Up-to-date symlink: /root/catkin_ws/install/msg_srv_action_interface_example/include/msg_srv_action_interface_example/action/detail/arithmetic_checker__rosidl_typesupport_introspection_cpp.hpp
[3.280s] -- Up-to-date symlink: /root/catkin_ws/install/msg_srv_action_interface_example/include/msg_srv_action_interface_example/msg/detail/arithmetic_argument__rosidl_typesupport_introspection_cpp.hpp
[3.280s] -- Up-to-date symlink: /root/catkin_ws/install/msg_srv_action_interface_example/include/msg_srv_action_interface_example/srv/detail/arithmetic_operator__rosidl_typesupport_introspection_cpp.hpp
[3.281s] -- Up-to-date symlink: /root/catkin_ws/install/msg_srv_action_interface_example/share/msg_srv_action_interface_example/environment/pythonpath.sh
[3.281s] -- Up-to-date symlink: /root/catkin_ws/install/msg_srv_action_interface_example/share/msg_srv_action_interface_example/environment/pythonpath.dsv
[3.282s] -- Up-to-date symlink: /root/catkin_ws/install/msg_srv_action_interface_example/lib/python3.8/site-packages/msg_srv_action_interface_example/__init__.py
[3.283s] -- Up-to-date symlink: /root/catkin_ws/install/msg_srv_action_interface_example/lib/python3.8/site-packages/msg_srv_action_interface_example/msg/__init__.py
[3.286s] -- Up-to-date symlink: /root/catkin_ws/install/msg_srv_action_interface_example/lib/python3.8/site-packages/msg_srv_action_interface_example/msg/_arithmetic_argument.py
[3.289s] -- Up-to-date symlink: /root/catkin_ws/install/msg_srv_action_interface_example/lib/python3.8/site-packages/msg_srv_action_interface_example/srv/__init__.py
[3.296s] -- Up-to-date symlink: /root/catkin_ws/install/msg_srv_action_interface_example/lib/python3.8/site-packages/msg_srv_action_interface_example/srv/_arithmetic_operator.py
[3.302s] -- Up-to-date symlink: /root/catkin_ws/install/msg_srv_action_interface_example/lib/python3.8/site-packages/msg_srv_action_interface_example/action/__init__.py
[3.303s] -- Up-to-date symlink: /root/catkin_ws/install/msg_srv_action_interface_example/lib/python3.8/site-packages/msg_srv_action_interface_example/action/_arithmetic_checker.py
[3.306s] -- Up-to-date symlink: /root/catkin_ws/install/msg_srv_action_interface_example/lib/python3.8/site-packages/msg_srv_action_interface_example/msg_srv_action_interface_example_s__rosidl_typesupport_fastrtps_c.cpython-38-x86_64-linux-gnu.so
[3.316s] -- Up-to-date symlink: /root/catkin_ws/install/msg_srv_action_interface_example/lib/python3.8/site-packages/msg_srv_action_interface_example/msg_srv_action_interface_example_s__rosidl_typesupport_introspection_c.cpython-38-x86_64-linux-gnu.so
[3.317s] -- Up-to-date symlink: /root/catkin_ws/install/msg_srv_action_interface_example/lib/python3.8/site-packages/msg_srv_action_interface_example/msg_srv_action_interface_example_s__rosidl_typesupport_c.cpython-38-x86_64-linux-gnu.so
[3.327s] -- Up-to-date symlink: /root/catkin_ws/install/msg_srv_action_interface_example/lib/libmsg_srv_action_interface_example__python.so
[3.329s] -- Up-to-date symlink: /root/catkin_ws/install/msg_srv_action_interface_example/share/msg_srv_action_interface_example/msg/ArithmeticArgument.idl
[3.329s] -- Up-to-date symlink: /root/catkin_ws/install/msg_srv_action_interface_example/share/msg_srv_action_interface_example/srv/ArithmeticOperator.idl
[3.338s] -- Up-to-date symlink: /root/catkin_ws/install/msg_srv_action_interface_example/share/msg_srv_action_interface_example/action/ArithmeticChecker.idl
[3.338s] -- Up-to-date symlink: /root/catkin_ws/install/msg_srv_action_interface_example/share/msg_srv_action_interface_example/msg/ArithmeticArgument.msg
[3.342s] -- Up-to-date symlink: /root/catkin_ws/install/msg_srv_action_interface_example/share/msg_srv_action_interface_example/srv/ArithmeticOperator.srv
[3.346s] -- Up-to-date symlink: /root/catkin_ws/install/msg_srv_action_interface_example/share/msg_srv_action_interface_example/srv/ArithmeticOperator_Request.msg
[3.354s] -- Up-to-date symlink: /root/catkin_ws/install/msg_srv_action_interface_example/share/msg_srv_action_interface_example/srv/ArithmeticOperator_Response.msg
[3.361s] -- Up-to-date symlink: /root/catkin_ws/install/msg_srv_action_interface_example/share/msg_srv_action_interface_example/action/ArithmeticChecker.action
[3.366s] -- Up-to-date symlink: /root/catkin_ws/install/msg_srv_action_interface_example/share/ament_index/resource_index/package_run_dependencies/msg_srv_action_interface_example
[3.379s] -- Up-to-date symlink: /root/catkin_ws/install/msg_srv_action_interface_example/share/ament_index/resource_index/parent_prefix_path/msg_srv_action_interface_example
[3.379s] -- Up-to-date symlink: /root/catkin_ws/install/msg_srv_action_interface_example/share/msg_srv_action_interface_example/environment/ament_prefix_path.sh
[3.380s] -- Up-to-date symlink: /root/catkin_ws/install/msg_srv_action_interface_example/share/msg_srv_action_interface_example/environment/ament_prefix_path.dsv
[3.381s] -- Up-to-date symlink: /root/catkin_ws/install/msg_srv_action_interface_example/share/msg_srv_action_interface_example/environment/path.sh
[3.381s] -- Up-to-date symlink: /root/catkin_ws/install/msg_srv_action_interface_example/share/msg_srv_action_interface_example/environment/path.dsv
[3.386s] -- Up-to-date symlink: /root/catkin_ws/install/msg_srv_action_interface_example/share/msg_srv_action_interface_example/local_setup.bash
[3.387s] -- Up-to-date symlink: /root/catkin_ws/install/msg_srv_action_interface_example/share/msg_srv_action_interface_example/local_setup.sh
[3.393s] -- Up-to-date symlink: /root/catkin_ws/install/msg_srv_action_interface_example/share/msg_srv_action_interface_example/local_setup.zsh
[3.393s] -- Up-to-date symlink: /root/catkin_ws/install/msg_srv_action_interface_example/share/msg_srv_action_interface_example/local_setup.dsv
[3.393s] -- Symlinking: /root/catkin_ws/install/msg_srv_action_interface_example/share/msg_srv_action_interface_example/package.dsv
[3.436s] -- Up-to-date symlink: /root/catkin_ws/install/msg_srv_action_interface_example/share/ament_index/resource_index/packages/msg_srv_action_interface_example
[3.436s] -- Up-to-date symlink: /root/catkin_ws/install/msg_srv_action_interface_example/share/msg_srv_action_interface_example/cmake/rosidl_cmake-extras.cmake
[3.438s] -- Up-to-date symlink: /root/catkin_ws/install/msg_srv_action_interface_example/share/msg_srv_action_interface_example/cmake/ament_cmake_export_dependencies-extras.cmake
[3.438s] -- Up-to-date symlink: /root/catkin_ws/install/msg_srv_action_interface_example/share/msg_srv_action_interface_example/cmake/ament_cmake_export_libraries-extras.cmake
[3.449s] -- Up-to-date symlink: /root/catkin_ws/install/msg_srv_action_interface_example/share/msg_srv_action_interface_example/cmake/ament_cmake_export_targets-extras.cmake
[3.449s] -- Up-to-date symlink: /root/catkin_ws/install/msg_srv_action_interface_example/share/msg_srv_action_interface_example/cmake/ament_cmake_export_include_directories-extras.cmake
[3.469s] -- Up-to-date symlink: /root/catkin_ws/install/msg_srv_action_interface_example/share/msg_srv_action_interface_example/cmake/rosidl_cmake_export_typesupport_libraries-extras.cmake
[3.472s] -- Up-to-date symlink: /root/catkin_ws/install/msg_srv_action_interface_example/share/msg_srv_action_interface_example/cmake/rosidl_cmake_export_typesupport_targets-extras.cmake
[3.472s] -- Up-to-date symlink: /root/catkin_ws/install/msg_srv_action_interface_example/share/msg_srv_action_interface_example/cmake/msg_srv_action_interface_exampleConfig.cmake
[3.478s] -- Up-to-date symlink: /root/catkin_ws/install/msg_srv_action_interface_example/share/msg_srv_action_interface_example/cmake/msg_srv_action_interface_exampleConfig-version.cmake
[3.489s] -- Up-to-date symlink: /root/catkin_ws/install/msg_srv_action_interface_example/share/msg_srv_action_interface_example/package.xml
[3.497s] -- Up-to-date: /root/catkin_ws/install/msg_srv_action_interface_example/lib/libmsg_srv_action_interface_example__rosidl_generator_c.so
[3.556s] -- Up-to-date: /root/catkin_ws/install/msg_srv_action_interface_example/lib/libmsg_srv_action_interface_example__rosidl_typesupport_introspection_c.so
[3.585s] -- Up-to-date: /root/catkin_ws/install/msg_srv_action_interface_example/lib/libmsg_srv_action_interface_example__rosidl_typesupport_c.so
[3.637s] -- Up-to-date: /root/catkin_ws/install/msg_srv_action_interface_example/lib/libmsg_srv_action_interface_example__rosidl_typesupport_introspection_cpp.so
[3.678s] -- Up-to-date: /root/catkin_ws/install/msg_srv_action_interface_example/lib/libmsg_srv_action_interface_example__rosidl_typesupport_cpp.so
[3.848s] -- Up-to-date: /root/catkin_ws/install/msg_srv_action_interface_example/share/msg_srv_action_interface_example/cmake/msg_srv_action_interface_example__rosidl_generator_cExport.cmake
[3.879s] -- Up-to-date: /root/catkin_ws/install/msg_srv_action_interface_example/share/msg_srv_action_interface_example/cmake/msg_srv_action_interface_example__rosidl_generator_cExport-noconfig.cmake
[3.913s] -- Up-to-date: /root/catkin_ws/install/msg_srv_action_interface_example/share/msg_srv_action_interface_example/cmake/msg_srv_action_interface_example__rosidl_typesupport_introspection_cExport.cmake
[3.955s] -- Up-to-date: /root/catkin_ws/install/msg_srv_action_interface_example/share/msg_srv_action_interface_example/cmake/msg_srv_action_interface_example__rosidl_typesupport_introspection_cExport-noconfig.cmake
[4.026s] -- Up-to-date: /root/catkin_ws/install/msg_srv_action_interface_example/share/msg_srv_action_interface_example/cmake/msg_srv_action_interface_example__rosidl_typesupport_cExport.cmake
[4.059s] -- Up-to-date: /root/catkin_ws/install/msg_srv_action_interface_example/share/msg_srv_action_interface_example/cmake/msg_srv_action_interface_example__rosidl_typesupport_cExport-noconfig.cmake
[4.098s] -- Up-to-date: /root/catkin_ws/install/msg_srv_action_interface_example/share/msg_srv_action_interface_example/cmake/msg_srv_action_interface_example__rosidl_generator_cppExport.cmake
[4.137s] -- Up-to-date: /root/catkin_ws/install/msg_srv_action_interface_example/share/msg_srv_action_interface_example/cmake/msg_srv_action_interface_example__rosidl_typesupport_introspection_cppExport.cmake
[4.163s] -- Up-to-date: /root/catkin_ws/install/msg_srv_action_interface_example/share/msg_srv_action_interface_example/cmake/msg_srv_action_interface_example__rosidl_typesupport_introspection_cppExport-noconfig.cmake
[4.204s] -- Up-to-date: /root/catkin_ws/install/msg_srv_action_interface_example/share/msg_srv_action_interface_example/cmake/msg_srv_action_interface_example__rosidl_typesupport_cppExport.cmake
[4.223s] -- Up-to-date: /root/catkin_ws/install/msg_srv_action_interface_example/share/msg_srv_action_interface_example/cmake/msg_srv_action_interface_example__rosidl_typesupport_cppExport-noconfig.cmake
[4.446s] Invoked command in '/root/catkin_ws/build/msg_srv_action_interface_example' returned '0': CMAKE_PREFIX_PATH=${CMAKE_PREFIX_PATH}:/root/catkin_ws/install/topic_service_action_rclpy_example:/root/catkin_ws/install/time_rclpy_example:/root/catkin_ws/install/tf2_rclpy_example:/root/catkin_ws/install/ros2env:/root/catkin_ws/install/omo_r1mini_teleop:/root/catkin_ws/install/omo_r1mini_bringup:/root/catkin_ws/install/my_first_ros_rclpy_pkg:/root/catkin_ws/install/logging_rclpy_example:/root/catkin_ws/install/iahrs_driver:/root/install/topic_service_action_rclpy_example:/root/install/time_rclpy_example:/root/install/tf2_rclpy_example:/root/install/ros2env:/root/install/omo_r1mini_teleop:/root/install/omo_r1mini_bringup:/root/install/my_first_ros_rclpy_pkg:/root/install/logging_rclpy_example:/opt/ros/foxy /usr/bin/cmake --install /root/catkin_ws/build/msg_srv_action_interface_example
