-- Found ament_cmake: 0.9.11 (/opt/ros/foxy/share/ament_cmake/cmake)
-- Found PythonInterp: /usr/bin/python3 (found suitable version "3.8.10", minimum required is "3") 
-- Using PYTHON_EXECUTABLE: /usr/bin/python3
-- Override CMake install command with custom implementation using symlinks instead of copying resources
-- Found rosidl_default_generators: 1.0.1 (/opt/ros/foxy/share/rosidl_default_generators/cmake)
-- Using all available rosidl_typesupport_c: rosidl_typesupport_microxrcedds_c;rosidl_typesupport_fastrtps_c;rosidl_typesupport_introspection_c
-- Found rosidl_adapter: 1.3.0 (/opt/ros/foxy/share/rosidl_adapter/cmake)
-- Using all available rosidl_typesupport_cpp: rosidl_typesupport_microxrcedds_cpp;rosidl_typesupport_fastrtps_cpp;rosidl_typesupport_introspection_cpp
-- Found PythonInterp: /usr/bin/python3 (found version "3.8.10") 
-- Found ament_cmake_ros: 0.9.2 (/opt/ros/foxy/share/ament_cmake_ros/cmake)
-- Using all available rosidl_typesupport_c: rosidl_typesupport_microxrcedds_c;rosidl_typesupport_fastrtps_c;rosidl_typesupport_introspection_c
-- Using all available rosidl_typesupport_cpp: rosidl_typesupport_microxrcedds_cpp;rosidl_typesupport_fastrtps_cpp;rosidl_typesupport_introspection_cpp
-- Found PythonInterp: /usr/bin/python3 (found suitable version "3.8.10", minimum required is "3.5") 
-- Found python_cmake_module: 0.8.1 (/opt/ros/foxy/share/python_cmake_module/cmake)
-- Using PYTHON_EXECUTABLE: /usr/bin/python3
-- Using PYTHON_INCLUDE_DIRS: /usr/include/python3.8
-- Using PYTHON_LIBRARIES: /usr/lib/x86_64-linux-gnu/libpython3.8.so
-- Configuring done
-- Generating done
-- Build files have been written to: /root/catkin_ws/build/omo_r1mini_interfaces
[  1%] Built target omo_r1mini_interfaces__cpp
[ 10%] Built target omo_r1mini_interfaces__rosidl_generator_c
[ 19%] Built target omo_r1mini_interfaces__rosidl_typesupport_cpp
[ 28%] Built target omo_r1mini_interfaces__rosidl_typesupport_fastrtps_cpp
[ 37%] Built target omo_r1mini_interfaces__rosidl_typesupport_introspection_c
[ 46%] Built target omo_r1mini_interfaces__rosidl_typesupport_c
[ 55%] Built target omo_r1mini_interfaces__rosidl_typesupport_introspection_cpp
[ 64%] Built target omo_r1mini_interfaces__rosidl_typesupport_microxrcedds_cpp
[ 73%] Built target omo_r1mini_interfaces__rosidl_typesupport_microxrcedds_c
[ 82%] Built target omo_r1mini_interfaces__rosidl_typesupport_fastrtps_c
[ 82%] Built target omo_r1mini_interfaces
[ 83%] Built target omo_r1mini_interfaces__py
[ 91%] Built target omo_r1mini_interfaces__python
[ 93%] Built target omo_r1mini_interfaces__rosidl_typesupport_c__pyext
[ 95%] Built target omo_r1mini_interfaces__rosidl_typesupport_microxrcedds_c__pyext
[ 97%] Built target omo_r1mini_interfaces__rosidl_typesupport_introspection_c__pyext
[100%] Built target omo_r1mini_interfaces__rosidl_typesupport_fastrtps_c__pyext
