-- The C compiler identification is GNU 9.4.0
-- The CXX compiler identification is GNU 9.4.0
-- Check for working C compiler: /usr/bin/cc
-- Check for working C compiler: /usr/bin/cc -- works
-- Detecting C compiler ABI info
-- Detecting C compiler ABI info - done
-- Detecting C compile features
-- Detecting C compile features - done
-- Check for working CXX compiler: /usr/bin/c++
-- Check for working CXX compiler: /usr/bin/c++ -- works
-- Detecting CXX compiler ABI info
-- Detecting CXX compiler ABI info - done
-- Detecting CXX compile features
-- Detecting CXX compile features - done
-- Found ament_cmake_auto: 0.9.11 (/opt/ros/foxy/share/ament_cmake_auto/cmake)
-- Found PythonInterp: /usr/bin/python3 (found suitable version "3.8.10", minimum required is "3") 
-- Using PYTHON_EXECUTABLE: /usr/bin/python3
-- Override CMake install command with custom implementation using symlinks instead of copying resources
-- Using all available rosidl_typesupport_c: rosidl_typesupport_fastrtps_c;rosidl_typesupport_introspection_c
-- Found rosidl_adapter: 1.3.0 (/opt/ros/foxy/share/rosidl_adapter/cmake)
-- Found OpenSSL: /usr/lib/x86_64-linux-gnu/libcrypto.so (found version "1.1.1f")  
-- Found FastRTPS: /opt/ros/foxy/include  
-- Using all available rosidl_typesupport_cpp: rosidl_typesupport_fastrtps_cpp;rosidl_typesupport_introspection_cpp
-- Found rmw_implementation_cmake: 1.0.3 (/opt/ros/foxy/share/rmw_implementation_cmake/cmake)
-- Using RMW implementation 'rmw_fastrtps_cpp' as default
-- Looking for pthread.h
-- Looking for pthread.h - found
-- Performing Test CMAKE_HAVE_LIBC_PTHREAD
-- Performing Test CMAKE_HAVE_LIBC_PTHREAD - Failed
-- Looking for pthread_create in pthreads
-- Looking for pthread_create in pthreads - not found
-- Looking for pthread_create in pthread
-- Looking for pthread_create in pthread - found
-- Found Threads: TRUE  
-- Found ASIO: /usr/include  
-- Found ament_lint_auto: 0.9.7 (/opt/ros/foxy/share/ament_lint_auto/cmake)
-- Found gtest sources under '/opt/ros/foxy/src/gtest_vendor': C++ tests using 'Google Test' will be built
-- Check if compiler accepts -pthread
-- Check if compiler accepts -pthread - yes
-- Added test 'copyright' to check source files copyright and LICENSE
-- Added test 'cppcheck' to perform static code analysis on C / C++ code
-- Configured cppcheck include dirs: /root/catkin_ws/src/transport_drivers/serial_driver/include
-- Configured cppcheck exclude dirs and/or files: 
-- Added test 'cpplint' to check C / C++ code against the Google style
-- Configured cpplint exclude dirs and/or files: 
-- Added test 'flake8' to check Python code syntax and style conventions
-- Added test 'lint_cmake' to check CMake code style
-- Added test 'pep257' to check Python code against some of the style conventions in PEP 257
-- Added test 'uncrustify' to check C / C++ code style
-- Configured uncrustify additional arguments: 
-- Added test 'xmllint' to check XML markup files
-- Configuring done
-- Generating done
-- Build files have been written to: /root/catkin_ws/build/serial_driver
[35m[1mScanning dependencies of target gtest[0m
[35m[1mScanning dependencies of target gtest_main[0m
[35m[1mScanning dependencies of target serial_bridge[0m
[35m[1mScanning dependencies of target serial_driver[0m
[  6%] [32mBuilding CXX object gtest/CMakeFiles/gtest.dir/src/gtest-all.cc.o[0m
[ 13%] [32mBuilding CXX object gtest/CMakeFiles/gtest_main.dir/src/gtest_main.cc.o[0m
[ 26%] [32mBuilding CXX object CMakeFiles/serial_driver.dir/src/serial_port.cpp.o[0m
[ 26%] [32mBuilding CXX object CMakeFiles/serial_driver.dir/src/serial_driver.cpp.o[0m
[ 33%] [32mBuilding CXX object CMakeFiles/serial_bridge.dir/rclcpp_components/node_main_serial_bridge.cpp.o[0m
[ 40%] [32m[1mLinking CXX static library libgtest_main.a[0m
[ 40%] Built target gtest_main
[ 46%] [32m[1mLinking CXX shared library libserial_driver.so[0m
[ 46%] Built target serial_driver
[35m[1mScanning dependencies of target serial_driver_nodes[0m
[ 53%] [32mBuilding CXX object CMakeFiles/serial_driver_nodes.dir/src/serial_bridge_node.cpp.o[0m
[ 60%] [32m[1mLinking CXX executable serial_bridge[0m
[ 60%] Built target serial_bridge
[ 66%] [32m[1mLinking CXX static library libgtest.a[0m
[ 66%] Built target gtest
[35m[1mScanning dependencies of target test_serial_driver[0m
[35m[1mScanning dependencies of target test_serial_port[0m
[ 80%] [32mBuilding CXX object CMakeFiles/test_serial_port.dir/test/test_serial_port.cpp.o[0m
[ 80%] [32mBuilding CXX object CMakeFiles/test_serial_driver.dir/test/test_serial_driver.cpp.o[0m
[ 86%] [32m[1mLinking CXX executable test_serial_driver[0m
[ 93%] [32m[1mLinking CXX executable test_serial_port[0m
[ 93%] Built target test_serial_driver
[ 93%] Built target test_serial_port
[100%] [32m[1mLinking CXX shared library libserial_driver_nodes.so[0m
[100%] Built target serial_driver_nodes
-- Install configuration: ""
-- Execute custom install script
-- Symlinking: /root/catkin_ws/install/serial_driver/lib/serial_driver/serial_bridge
-- Symlinking: /root/catkin_ws/install/serial_driver/include/serial_driver/serial_bridge_node.hpp
-- Symlinking: /root/catkin_ws/install/serial_driver/include/serial_driver/serial_driver.hpp
-- Symlinking: /root/catkin_ws/install/serial_driver/include/serial_driver/serial_port.hpp
-- Symlinking: /root/catkin_ws/install/serial_driver/include/serial_driver/visibility_control.hpp
-- Symlinking: /root/catkin_ws/install/serial_driver/share/serial_driver/environment/library_path.sh
-- Symlinking: /root/catkin_ws/install/serial_driver/share/serial_driver/environment/library_path.dsv
-- Symlinking: /root/catkin_ws/install/serial_driver/lib/libserial_driver.so
-- Symlinking: /root/catkin_ws/install/serial_driver/lib/libserial_driver_nodes.so
-- Symlinking: /root/catkin_ws/install/serial_driver/share/serial_driver/launch/serial_driver_bridge_node.launch.py
-- Symlinking: /root/catkin_ws/install/serial_driver/share/serial_driver/params/example.params.yaml
-- Symlinking: /root/catkin_ws/install/serial_driver/share/ament_index/resource_index/package_run_dependencies/serial_driver
-- Symlinking: /root/catkin_ws/install/serial_driver/share/ament_index/resource_index/parent_prefix_path/serial_driver
-- Symlinking: /root/catkin_ws/install/serial_driver/share/serial_driver/environment/ament_prefix_path.sh
-- Symlinking: /root/catkin_ws/install/serial_driver/share/serial_driver/environment/ament_prefix_path.dsv
-- Symlinking: /root/catkin_ws/install/serial_driver/share/serial_driver/environment/path.sh
-- Symlinking: /root/catkin_ws/install/serial_driver/share/serial_driver/environment/path.dsv
-- Symlinking: /root/catkin_ws/install/serial_driver/share/serial_driver/local_setup.bash
-- Symlinking: /root/catkin_ws/install/serial_driver/share/serial_driver/local_setup.sh
-- Symlinking: /root/catkin_ws/install/serial_driver/share/serial_driver/local_setup.zsh
-- Symlinking: /root/catkin_ws/install/serial_driver/share/serial_driver/local_setup.dsv
-- Symlinking: /root/catkin_ws/install/serial_driver/share/serial_driver/package.dsv
-- Symlinking: /root/catkin_ws/install/serial_driver/share/ament_index/resource_index/packages/serial_driver
-- Symlinking: /root/catkin_ws/install/serial_driver/share/ament_index/resource_index/rclcpp_components/serial_driver
-- Symlinking: /root/catkin_ws/install/serial_driver/share/serial_driver/cmake/ament_cmake_export_dependencies-extras.cmake
-- Symlinking: /root/catkin_ws/install/serial_driver/share/serial_driver/cmake/ament_cmake_export_include_directories-extras.cmake
-- Symlinking: /root/catkin_ws/install/serial_driver/share/serial_driver/cmake/ament_cmake_export_libraries-extras.cmake
-- Symlinking: /root/catkin_ws/install/serial_driver/share/serial_driver/cmake/serial_driverConfig.cmake
-- Symlinking: /root/catkin_ws/install/serial_driver/share/serial_driver/cmake/serial_driverConfig-version.cmake
-- Symlinking: /root/catkin_ws/install/serial_driver/share/serial_driver/package.xml
