[0.191s] Invoking command in '/root/catkin_ws/build/tf2_rclcpp_example': CMAKE_PREFIX_PATH=${CMAKE_PREFIX_PATH}:/root/catkin_ws/install/topic_service_action_rclpy_example:/root/catkin_ws/install/time_rclpy_example:/root/catkin_ws/install/tf2_rclpy_example:/root/catkin_ws/install/ros2env:/root/catkin_ws/install/omo_r1mini_teleop:/root/catkin_ws/install/omo_r1mini_bringup:/root/catkin_ws/install/my_first_ros_rclpy_pkg:/root/catkin_ws/install/logging_rclpy_example:/root/catkin_ws/install/iahrs_driver:/root/install/topic_service_action_rclpy_example:/root/install/time_rclpy_example:/root/install/tf2_rclpy_example:/root/install/ros2env:/root/install/omo_r1mini_teleop:/root/install/omo_r1mini_bringup:/root/install/my_first_ros_rclpy_pkg:/root/install/logging_rclpy_example:/opt/ros/foxy /usr/bin/cmake --build /root/catkin_ws/build/tf2_rclcpp_example -- -j12 -l12
[0.466s] [ 33%] Built target listener
[0.466s] [ 66%] Built target static_broadcaster
[0.466s] [100%] Built target broadcaster
[0.689s] Invoked command in '/root/catkin_ws/build/tf2_rclcpp_example' returned '0': CMAKE_PREFIX_PATH=${CMAKE_PREFIX_PATH}:/root/catkin_ws/install/topic_service_action_rclpy_example:/root/catkin_ws/install/time_rclpy_example:/root/catkin_ws/install/tf2_rclpy_example:/root/catkin_ws/install/ros2env:/root/catkin_ws/install/omo_r1mini_teleop:/root/catkin_ws/install/omo_r1mini_bringup:/root/catkin_ws/install/my_first_ros_rclpy_pkg:/root/catkin_ws/install/logging_rclpy_example:/root/catkin_ws/install/iahrs_driver:/root/install/topic_service_action_rclpy_example:/root/install/time_rclpy_example:/root/install/tf2_rclpy_example:/root/install/ros2env:/root/install/omo_r1mini_teleop:/root/install/omo_r1mini_bringup:/root/install/my_first_ros_rclpy_pkg:/root/install/logging_rclpy_example:/opt/ros/foxy /usr/bin/cmake --build /root/catkin_ws/build/tf2_rclcpp_example -- -j12 -l12
[0.780s] Invoking command in '/root/catkin_ws/build/tf2_rclcpp_example': CMAKE_PREFIX_PATH=${CMAKE_PREFIX_PATH}:/root/catkin_ws/install/topic_service_action_rclpy_example:/root/catkin_ws/install/time_rclpy_example:/root/catkin_ws/install/tf2_rclpy_example:/root/catkin_ws/install/ros2env:/root/catkin_ws/install/omo_r1mini_teleop:/root/catkin_ws/install/omo_r1mini_bringup:/root/catkin_ws/install/my_first_ros_rclpy_pkg:/root/catkin_ws/install/logging_rclpy_example:/root/catkin_ws/install/iahrs_driver:/root/install/topic_service_action_rclpy_example:/root/install/time_rclpy_example:/root/install/tf2_rclpy_example:/root/install/ros2env:/root/install/omo_r1mini_teleop:/root/install/omo_r1mini_bringup:/root/install/my_first_ros_rclpy_pkg:/root/install/logging_rclpy_example:/opt/ros/foxy /usr/bin/cmake --install /root/catkin_ws/build/tf2_rclcpp_example
[0.791s] -- Install configuration: ""
[0.791s] -- Execute custom install script
[0.793s] -- Up-to-date symlink: /root/catkin_ws/install/tf2_rclcpp_example/lib/tf2_rclcpp_example/broadcaster
[0.794s] -- Up-to-date symlink: /root/catkin_ws/install/tf2_rclcpp_example/lib/tf2_rclcpp_example/listener
[0.794s] -- Up-to-date symlink: /root/catkin_ws/install/tf2_rclcpp_example/lib/tf2_rclcpp_example/static_broadcaster
[0.794s] -- Up-to-date symlink: /root/catkin_ws/install/tf2_rclcpp_example/share/tf2_rclcpp_example/rviz/arm.rviz
[0.794s] -- Up-to-date symlink: /root/catkin_ws/install/tf2_rclcpp_example/share/ament_index/resource_index/package_run_dependencies/tf2_rclcpp_example
[0.794s] -- Up-to-date symlink: /root/catkin_ws/install/tf2_rclcpp_example/share/ament_index/resource_index/parent_prefix_path/tf2_rclcpp_example
[0.794s] -- Up-to-date symlink: /root/catkin_ws/install/tf2_rclcpp_example/share/tf2_rclcpp_example/environment/ament_prefix_path.sh
[0.794s] -- Up-to-date symlink: /root/catkin_ws/install/tf2_rclcpp_example/share/tf2_rclcpp_example/environment/ament_prefix_path.dsv
[0.795s] -- Up-to-date symlink: /root/catkin_ws/install/tf2_rclcpp_example/share/tf2_rclcpp_example/environment/path.sh
[0.795s] -- Up-to-date symlink: /root/catkin_ws/install/tf2_rclcpp_example/share/tf2_rclcpp_example/environment/path.dsv
[0.795s] -- Up-to-date symlink: /root/catkin_ws/install/tf2_rclcpp_example/share/tf2_rclcpp_example/local_setup.bash
[0.795s] -- Up-to-date symlink: /root/catkin_ws/install/tf2_rclcpp_example/share/tf2_rclcpp_example/local_setup.sh
[0.795s] -- Up-to-date symlink: /root/catkin_ws/install/tf2_rclcpp_example/share/tf2_rclcpp_example/local_setup.zsh
[0.795s] -- Up-to-date symlink: /root/catkin_ws/install/tf2_rclcpp_example/share/tf2_rclcpp_example/local_setup.dsv
[0.796s] -- Symlinking: /root/catkin_ws/install/tf2_rclcpp_example/share/tf2_rclcpp_example/package.dsv
[0.808s] -- Up-to-date symlink: /root/catkin_ws/install/tf2_rclcpp_example/share/ament_index/resource_index/packages/tf2_rclcpp_example
[0.809s] -- Up-to-date symlink: /root/catkin_ws/install/tf2_rclcpp_example/share/tf2_rclcpp_example/cmake/tf2_rclcpp_exampleConfig.cmake
[0.809s] -- Up-to-date symlink: /root/catkin_ws/install/tf2_rclcpp_example/share/tf2_rclcpp_example/cmake/tf2_rclcpp_exampleConfig-version.cmake
[0.809s] -- Up-to-date symlink: /root/catkin_ws/install/tf2_rclcpp_example/share/tf2_rclcpp_example/package.xml
[1.335s] Invoked command in '/root/catkin_ws/build/tf2_rclcpp_example' returned '0': CMAKE_PREFIX_PATH=${CMAKE_PREFIX_PATH}:/root/catkin_ws/install/topic_service_action_rclpy_example:/root/catkin_ws/install/time_rclpy_example:/root/catkin_ws/install/tf2_rclpy_example:/root/catkin_ws/install/ros2env:/root/catkin_ws/install/omo_r1mini_teleop:/root/catkin_ws/install/omo_r1mini_bringup:/root/catkin_ws/install/my_first_ros_rclpy_pkg:/root/catkin_ws/install/logging_rclpy_example:/root/catkin_ws/install/iahrs_driver:/root/install/topic_service_action_rclpy_example:/root/install/time_rclpy_example:/root/install/tf2_rclpy_example:/root/install/ros2env:/root/install/omo_r1mini_teleop:/root/install/omo_r1mini_bringup:/root/install/my_first_ros_rclpy_pkg:/root/install/logging_rclpy_example:/opt/ros/foxy /usr/bin/cmake --install /root/catkin_ws/build/tf2_rclcpp_example
