-- Found ament_cmake: 0.9.11 (/opt/ros/foxy/share/ament_cmake/cmake)
-- Found PythonInterp: /usr/bin/python3 (found suitable version "3.8.10", minimum required is "3") 
-- Using PYTHON_EXECUTABLE: /usr/bin/python3
-- Override CMake install command with custom implementation using symlinks instead of copying resources
-- Found builtin_interfaces: 1.0.0 (/root/catkin_ws/install/builtin_interfaces/share/builtin_interfaces/cmake)
-- Using all available rosidl_typesupport_c: rosidl_typesupport_microxrcedds_c;rosidl_typesupport_fastrtps_c;rosidl_typesupport_introspection_c
-- Found rosidl_adapter: 1.3.0 (/opt/ros/foxy/share/rosidl_adapter/cmake)
-- Using all available rosidl_typesupport_cpp: rosidl_typesupport_microxrcedds_cpp;rosidl_typesupport_fastrtps_cpp;rosidl_typesupport_introspection_cpp
-- Found geometry_msgs: 2.0.5 (/root/catkin_ws/install/geometry_msgs/share/geometry_msgs/cmake)
-- Found rosidl_default_generators: 1.0.1 (/opt/ros/foxy/share/rosidl_default_generators/cmake)
-- Found PythonInterp: /usr/bin/python3 (found version "3.8.10") 
-- Found ament_cmake_ros: 0.9.2 (/opt/ros/foxy/share/ament_cmake_ros/cmake)
-- Using all available rosidl_typesupport_c: rosidl_typesupport_microxrcedds_c;rosidl_typesupport_fastrtps_c;rosidl_typesupport_introspection_c
-- Using all available rosidl_typesupport_cpp: rosidl_typesupport_microxrcedds_cpp;rosidl_typesupport_fastrtps_cpp;rosidl_typesupport_introspection_cpp
-- Found PythonInterp: /usr/bin/python3 (found suitable version "3.8.10", minimum required is "3.5") 
-- Found python_cmake_module: 0.8.1 (/opt/ros/foxy/share/python_cmake_module/cmake)
-- Using PYTHON_EXECUTABLE: /usr/bin/python3
-- Using PYTHON_INCLUDE_DIRS: /usr/include/python3.8
-- Using PYTHON_LIBRARIES: /usr/lib/x86_64-linux-gnu/libpython3.8.so
-- Configuring done
-- Generating done
-- Build files have been written to: /root/catkin_ws/build/visualization_msgs
[  0%] Built target visualization_msgs__cpp
[  9%] Built target visualization_msgs__rosidl_generator_c
[ 18%] Built target visualization_msgs__rosidl_typesupport_introspection_cpp
[ 19%] [32m[1mLinking CXX shared library libvisualization_msgs__rosidl_typesupport_microxrcedds_cpp.so[0m
[ 28%] Built target visualization_msgs__rosidl_typesupport_cpp
[ 29%] [32m[1mLinking CXX shared library libvisualization_msgs__rosidl_typesupport_fastrtps_cpp.so[0m
[ 39%] Built target visualization_msgs__rosidl_typesupport_introspection_c
[ 48%] Built target visualization_msgs__rosidl_typesupport_c
[ 49%] [32m[1mLinking C shared library libvisualization_msgs__rosidl_typesupport_microxrcedds_c.so[0m
[ 58%] Built target visualization_msgs__rosidl_typesupport_microxrcedds_c
[ 67%] Built target visualization_msgs__rosidl_typesupport_microxrcedds_cpp
[ 75%] Built target visualization_msgs__rosidl_typesupport_fastrtps_cpp
[ 75%] [32m[1mLinking CXX shared library libvisualization_msgs__rosidl_typesupport_fastrtps_c.so[0m
[ 84%] Built target visualization_msgs__rosidl_typesupport_fastrtps_c
[ 84%] Built target visualization_msgs
[ 85%] Built target visualization_msgs__py
[ 86%] [32m[1mLinking C shared library rosidl_generator_py/visualization_msgs/libvisualization_msgs__python.so[0m
[ 94%] Built target visualization_msgs__python
[ 95%] [32m[1mLinking C shared library rosidl_generator_py/visualization_msgs/visualization_msgs_s__rosidl_typesupport_c.cpython-38-x86_64-linux-gnu.so[0m
[ 96%] [32m[1mLinking CXX shared library rosidl_generator_py/visualization_msgs/visualization_msgs_s__rosidl_typesupport_fastrtps_c.cpython-38-x86_64-linux-gnu.so[0m
[ 97%] [32m[1mLinking C shared library rosidl_generator_py/visualization_msgs/visualization_msgs_s__rosidl_typesupport_introspection_c.cpython-38-x86_64-linux-gnu.so[0m
[ 98%] [32m[1mLinking C shared library rosidl_generator_py/visualization_msgs/visualization_msgs_s__rosidl_typesupport_microxrcedds_c.cpython-38-x86_64-linux-gnu.so[0m
[ 99%] Built target visualization_msgs__rosidl_typesupport_c__pyext
[100%] Built target visualization_msgs__rosidl_typesupport_fastrtps_c__pyext
[100%] Built target visualization_msgs__rosidl_typesupport_introspection_c__pyext
[100%] Built target visualization_msgs__rosidl_typesupport_microxrcedds_c__pyext
-- Install configuration: ""
-- Execute custom install script
-- Symlinking: /root/catkin_ws/install/visualization_msgs/share/ament_index/resource_index/rosidl_interfaces/visualization_msgs
-- Symlinking: /root/catkin_ws/install/visualization_msgs/include/visualization_msgs/msg/detail/image_marker__functions.h
-- Symlinking: /root/catkin_ws/install/visualization_msgs/include/visualization_msgs/msg/detail/image_marker__struct.h
-- Symlinking: /root/catkin_ws/install/visualization_msgs/include/visualization_msgs/msg/detail/image_marker__type_support.h
-- Symlinking: /root/catkin_ws/install/visualization_msgs/include/visualization_msgs/msg/detail/interactive_marker__functions.h
-- Symlinking: /root/catkin_ws/install/visualization_msgs/include/visualization_msgs/msg/detail/interactive_marker__struct.h
-- Symlinking: /root/catkin_ws/install/visualization_msgs/include/visualization_msgs/msg/detail/interactive_marker__type_support.h
-- Symlinking: /root/catkin_ws/install/visualization_msgs/include/visualization_msgs/msg/detail/interactive_marker_control__functions.h
-- Symlinking: /root/catkin_ws/install/visualization_msgs/include/visualization_msgs/msg/detail/interactive_marker_control__struct.h
-- Symlinking: /root/catkin_ws/install/visualization_msgs/include/visualization_msgs/msg/detail/interactive_marker_control__type_support.h
-- Symlinking: /root/catkin_ws/install/visualization_msgs/include/visualization_msgs/msg/detail/interactive_marker_feedback__functions.h
-- Symlinking: /root/catkin_ws/install/visualization_msgs/include/visualization_msgs/msg/detail/interactive_marker_feedback__struct.h
-- Symlinking: /root/catkin_ws/install/visualization_msgs/include/visualization_msgs/msg/detail/interactive_marker_feedback__type_support.h
-- Symlinking: /root/catkin_ws/install/visualization_msgs/include/visualization_msgs/msg/detail/interactive_marker_init__functions.h
-- Symlinking: /root/catkin_ws/install/visualization_msgs/include/visualization_msgs/msg/detail/interactive_marker_init__struct.h
-- Symlinking: /root/catkin_ws/install/visualization_msgs/include/visualization_msgs/msg/detail/interactive_marker_init__type_support.h
-- Symlinking: /root/catkin_ws/install/visualization_msgs/include/visualization_msgs/msg/detail/interactive_marker_pose__functions.h
-- Symlinking: /root/catkin_ws/install/visualization_msgs/include/visualization_msgs/msg/detail/interactive_marker_pose__struct.h
-- Symlinking: /root/catkin_ws/install/visualization_msgs/include/visualization_msgs/msg/detail/interactive_marker_pose__type_support.h
-- Symlinking: /root/catkin_ws/install/visualization_msgs/include/visualization_msgs/msg/detail/interactive_marker_update__functions.h
-- Symlinking: /root/catkin_ws/install/visualization_msgs/include/visualization_msgs/msg/detail/interactive_marker_update__struct.h
-- Symlinking: /root/catkin_ws/install/visualization_msgs/include/visualization_msgs/msg/detail/interactive_marker_update__type_support.h
-- Symlinking: /root/catkin_ws/install/visualization_msgs/include/visualization_msgs/msg/detail/marker__functions.h
-- Symlinking: /root/catkin_ws/install/visualization_msgs/include/visualization_msgs/msg/detail/marker__struct.h
-- Symlinking: /root/catkin_ws/install/visualization_msgs/include/visualization_msgs/msg/detail/marker__type_support.h
-- Symlinking: /root/catkin_ws/install/visualization_msgs/include/visualization_msgs/msg/detail/marker_array__functions.h
-- Symlinking: /root/catkin_ws/install/visualization_msgs/include/visualization_msgs/msg/detail/marker_array__struct.h
-- Symlinking: /root/catkin_ws/install/visualization_msgs/include/visualization_msgs/msg/detail/marker_array__type_support.h
-- Symlinking: /root/catkin_ws/install/visualization_msgs/include/visualization_msgs/msg/detail/menu_entry__functions.h
-- Symlinking: /root/catkin_ws/install/visualization_msgs/include/visualization_msgs/msg/detail/menu_entry__struct.h
-- Symlinking: /root/catkin_ws/install/visualization_msgs/include/visualization_msgs/msg/detail/menu_entry__type_support.h
-- Symlinking: /root/catkin_ws/install/visualization_msgs/include/visualization_msgs/msg/image_marker.h
-- Symlinking: /root/catkin_ws/install/visualization_msgs/include/visualization_msgs/msg/interactive_marker.h
-- Symlinking: /root/catkin_ws/install/visualization_msgs/include/visualization_msgs/msg/interactive_marker_control.h
-- Symlinking: /root/catkin_ws/install/visualization_msgs/include/visualization_msgs/msg/interactive_marker_feedback.h
-- Symlinking: /root/catkin_ws/install/visualization_msgs/include/visualization_msgs/msg/interactive_marker_init.h
-- Symlinking: /root/catkin_ws/install/visualization_msgs/include/visualization_msgs/msg/interactive_marker_pose.h
-- Symlinking: /root/catkin_ws/install/visualization_msgs/include/visualization_msgs/msg/interactive_marker_update.h
-- Symlinking: /root/catkin_ws/install/visualization_msgs/include/visualization_msgs/msg/marker.h
-- Symlinking: /root/catkin_ws/install/visualization_msgs/include/visualization_msgs/msg/marker_array.h
-- Symlinking: /root/catkin_ws/install/visualization_msgs/include/visualization_msgs/msg/menu_entry.h
-- Symlinking: /root/catkin_ws/install/visualization_msgs/include/visualization_msgs/msg/rosidl_generator_c__visibility_control.h
-- Symlinking: /root/catkin_ws/install/visualization_msgs/include/visualization_msgs/srv/detail/get_interactive_markers__functions.h
-- Symlinking: /root/catkin_ws/install/visualization_msgs/include/visualization_msgs/srv/detail/get_interactive_markers__struct.h
-- Symlinking: /root/catkin_ws/install/visualization_msgs/include/visualization_msgs/srv/detail/get_interactive_markers__type_support.h
-- Symlinking: /root/catkin_ws/install/visualization_msgs/include/visualization_msgs/srv/get_interactive_markers.h
-- Symlinking: /root/catkin_ws/install/visualization_msgs/share/visualization_msgs/environment/library_path.sh
-- Symlinking: /root/catkin_ws/install/visualization_msgs/share/visualization_msgs/environment/library_path.dsv
-- Symlinking: /root/catkin_ws/install/visualization_msgs/include/visualization_msgs/msg/detail/image_marker__rosidl_typesupport_microxrcedds_c.h
-- Symlinking: /root/catkin_ws/install/visualization_msgs/include/visualization_msgs/msg/detail/interactive_marker__rosidl_typesupport_microxrcedds_c.h
-- Symlinking: /root/catkin_ws/install/visualization_msgs/include/visualization_msgs/msg/detail/interactive_marker_control__rosidl_typesupport_microxrcedds_c.h
-- Symlinking: /root/catkin_ws/install/visualization_msgs/include/visualization_msgs/msg/detail/interactive_marker_feedback__rosidl_typesupport_microxrcedds_c.h
-- Symlinking: /root/catkin_ws/install/visualization_msgs/include/visualization_msgs/msg/detail/interactive_marker_init__rosidl_typesupport_microxrcedds_c.h
-- Symlinking: /root/catkin_ws/install/visualization_msgs/include/visualization_msgs/msg/detail/interactive_marker_pose__rosidl_typesupport_microxrcedds_c.h
-- Symlinking: /root/catkin_ws/install/visualization_msgs/include/visualization_msgs/msg/detail/interactive_marker_update__rosidl_typesupport_microxrcedds_c.h
-- Symlinking: /root/catkin_ws/install/visualization_msgs/include/visualization_msgs/msg/detail/marker__rosidl_typesupport_microxrcedds_c.h
-- Symlinking: /root/catkin_ws/install/visualization_msgs/include/visualization_msgs/msg/detail/marker_array__rosidl_typesupport_microxrcedds_c.h
-- Symlinking: /root/catkin_ws/install/visualization_msgs/include/visualization_msgs/msg/detail/menu_entry__rosidl_typesupport_microxrcedds_c.h
-- Symlinking: /root/catkin_ws/install/visualization_msgs/include/visualization_msgs/msg/rosidl_typesupport_microxrcedds_c__visibility_control.h
-- Symlinking: /root/catkin_ws/install/visualization_msgs/include/visualization_msgs/srv/detail/get_interactive_markers__rosidl_typesupport_microxrcedds_c.h
-- Symlinking: /root/catkin_ws/install/visualization_msgs/lib/libvisualization_msgs__rosidl_typesupport_microxrcedds_c.so
-- Symlinking: /root/catkin_ws/install/visualization_msgs/include/visualization_msgs/msg/detail/image_marker__rosidl_typesupport_fastrtps_c.h
-- Symlinking: /root/catkin_ws/install/visualization_msgs/include/visualization_msgs/msg/detail/interactive_marker__rosidl_typesupport_fastrtps_c.h
-- Symlinking: /root/catkin_ws/install/visualization_msgs/include/visualization_msgs/msg/detail/interactive_marker_control__rosidl_typesupport_fastrtps_c.h
-- Symlinking: /root/catkin_ws/install/visualization_msgs/include/visualization_msgs/msg/detail/interactive_marker_feedback__rosidl_typesupport_fastrtps_c.h
-- Symlinking: /root/catkin_ws/install/visualization_msgs/include/visualization_msgs/msg/detail/interactive_marker_init__rosidl_typesupport_fastrtps_c.h
-- Symlinking: /root/catkin_ws/install/visualization_msgs/include/visualization_msgs/msg/detail/interactive_marker_pose__rosidl_typesupport_fastrtps_c.h
-- Symlinking: /root/catkin_ws/install/visualization_msgs/include/visualization_msgs/msg/detail/interactive_marker_update__rosidl_typesupport_fastrtps_c.h
-- Symlinking: /root/catkin_ws/install/visualization_msgs/include/visualization_msgs/msg/detail/marker__rosidl_typesupport_fastrtps_c.h
-- Symlinking: /root/catkin_ws/install/visualization_msgs/include/visualization_msgs/msg/detail/marker_array__rosidl_typesupport_fastrtps_c.h
-- Symlinking: /root/catkin_ws/install/visualization_msgs/include/visualization_msgs/msg/detail/menu_entry__rosidl_typesupport_fastrtps_c.h
-- Symlinking: /root/catkin_ws/install/visualization_msgs/include/visualization_msgs/msg/rosidl_typesupport_fastrtps_c__visibility_control.h
-- Symlinking: /root/catkin_ws/install/visualization_msgs/include/visualization_msgs/srv/detail/get_interactive_markers__rosidl_typesupport_fastrtps_c.h
-- Symlinking: /root/catkin_ws/install/visualization_msgs/lib/libvisualization_msgs__rosidl_typesupport_fastrtps_c.so
-- Symlinking: /root/catkin_ws/install/visualization_msgs/include/visualization_msgs/msg/detail/image_marker__rosidl_typesupport_fastrtps_cpp.hpp
-- Symlinking: /root/catkin_ws/install/visualization_msgs/include/visualization_msgs/msg/detail/interactive_marker__rosidl_typesupport_fastrtps_cpp.hpp
-- Symlinking: /root/catkin_ws/install/visualization_msgs/include/visualization_msgs/msg/detail/interactive_marker_control__rosidl_typesupport_fastrtps_cpp.hpp
-- Symlinking: /root/catkin_ws/install/visualization_msgs/include/visualization_msgs/msg/detail/interactive_marker_feedback__rosidl_typesupport_fastrtps_cpp.hpp
-- Symlinking: /root/catkin_ws/install/visualization_msgs/include/visualization_msgs/msg/detail/interactive_marker_init__rosidl_typesupport_fastrtps_cpp.hpp
-- Symlinking: /root/catkin_ws/install/visualization_msgs/include/visualization_msgs/msg/detail/interactive_marker_pose__rosidl_typesupport_fastrtps_cpp.hpp
-- Symlinking: /root/catkin_ws/install/visualization_msgs/include/visualization_msgs/msg/detail/interactive_marker_update__rosidl_typesupport_fastrtps_cpp.hpp
-- Symlinking: /root/catkin_ws/install/visualization_msgs/include/visualization_msgs/msg/detail/marker__rosidl_typesupport_fastrtps_cpp.hpp
-- Symlinking: /root/catkin_ws/install/visualization_msgs/include/visualization_msgs/msg/detail/marker_array__rosidl_typesupport_fastrtps_cpp.hpp
-- Symlinking: /root/catkin_ws/install/visualization_msgs/include/visualization_msgs/msg/detail/menu_entry__rosidl_typesupport_fastrtps_cpp.hpp
-- Symlinking: /root/catkin_ws/install/visualization_msgs/include/visualization_msgs/msg/rosidl_typesupport_fastrtps_cpp__visibility_control.h
-- Symlinking: /root/catkin_ws/install/visualization_msgs/include/visualization_msgs/srv/detail/get_interactive_markers__rosidl_typesupport_fastrtps_cpp.hpp
-- Symlinking: /root/catkin_ws/install/visualization_msgs/lib/libvisualization_msgs__rosidl_typesupport_fastrtps_cpp.so
-- Symlinking: /root/catkin_ws/install/visualization_msgs/include/visualization_msgs/msg/detail/image_marker__rosidl_typesupport_introspection_c.h
-- Symlinking: /root/catkin_ws/install/visualization_msgs/include/visualization_msgs/msg/detail/interactive_marker__rosidl_typesupport_introspection_c.h
-- Symlinking: /root/catkin_ws/install/visualization_msgs/include/visualization_msgs/msg/detail/interactive_marker_control__rosidl_typesupport_introspection_c.h
-- Symlinking: /root/catkin_ws/install/visualization_msgs/include/visualization_msgs/msg/detail/interactive_marker_feedback__rosidl_typesupport_introspection_c.h
-- Symlinking: /root/catkin_ws/install/visualization_msgs/include/visualization_msgs/msg/detail/interactive_marker_init__rosidl_typesupport_introspection_c.h
-- Symlinking: /root/catkin_ws/install/visualization_msgs/include/visualization_msgs/msg/detail/interactive_marker_pose__rosidl_typesupport_introspection_c.h
-- Symlinking: /root/catkin_ws/install/visualization_msgs/include/visualization_msgs/msg/detail/interactive_marker_update__rosidl_typesupport_introspection_c.h
-- Symlinking: /root/catkin_ws/install/visualization_msgs/include/visualization_msgs/msg/detail/marker__rosidl_typesupport_introspection_c.h
-- Symlinking: /root/catkin_ws/install/visualization_msgs/include/visualization_msgs/msg/detail/marker_array__rosidl_typesupport_introspection_c.h
-- Symlinking: /root/catkin_ws/install/visualization_msgs/include/visualization_msgs/msg/detail/menu_entry__rosidl_typesupport_introspection_c.h
-- Symlinking: /root/catkin_ws/install/visualization_msgs/include/visualization_msgs/msg/rosidl_typesupport_introspection_c__visibility_control.h
-- Symlinking: /root/catkin_ws/install/visualization_msgs/include/visualization_msgs/srv/detail/get_interactive_markers__rosidl_typesupport_introspection_c.h
-- Symlinking: /root/catkin_ws/install/visualization_msgs/include/visualization_msgs/msg/detail/image_marker__builder.hpp
-- Symlinking: /root/catkin_ws/install/visualization_msgs/include/visualization_msgs/msg/detail/image_marker__struct.hpp
-- Symlinking: /root/catkin_ws/install/visualization_msgs/include/visualization_msgs/msg/detail/image_marker__traits.hpp
-- Symlinking: /root/catkin_ws/install/visualization_msgs/include/visualization_msgs/msg/detail/interactive_marker__builder.hpp
-- Symlinking: /root/catkin_ws/install/visualization_msgs/include/visualization_msgs/msg/detail/interactive_marker__struct.hpp
-- Symlinking: /root/catkin_ws/install/visualization_msgs/include/visualization_msgs/msg/detail/interactive_marker__traits.hpp
-- Symlinking: /root/catkin_ws/install/visualization_msgs/include/visualization_msgs/msg/detail/interactive_marker_control__builder.hpp
-- Symlinking: /root/catkin_ws/install/visualization_msgs/include/visualization_msgs/msg/detail/interactive_marker_control__struct.hpp
-- Symlinking: /root/catkin_ws/install/visualization_msgs/include/visualization_msgs/msg/detail/interactive_marker_control__traits.hpp
-- Symlinking: /root/catkin_ws/install/visualization_msgs/include/visualization_msgs/msg/detail/interactive_marker_feedback__builder.hpp
-- Symlinking: /root/catkin_ws/install/visualization_msgs/include/visualization_msgs/msg/detail/interactive_marker_feedback__struct.hpp
-- Symlinking: /root/catkin_ws/install/visualization_msgs/include/visualization_msgs/msg/detail/interactive_marker_feedback__traits.hpp
-- Symlinking: /root/catkin_ws/install/visualization_msgs/include/visualization_msgs/msg/detail/interactive_marker_init__builder.hpp
-- Symlinking: /root/catkin_ws/install/visualization_msgs/include/visualization_msgs/msg/detail/interactive_marker_init__struct.hpp
-- Symlinking: /root/catkin_ws/install/visualization_msgs/include/visualization_msgs/msg/detail/interactive_marker_init__traits.hpp
-- Symlinking: /root/catkin_ws/install/visualization_msgs/include/visualization_msgs/msg/detail/interactive_marker_pose__builder.hpp
-- Symlinking: /root/catkin_ws/install/visualization_msgs/include/visualization_msgs/msg/detail/interactive_marker_pose__struct.hpp
-- Symlinking: /root/catkin_ws/install/visualization_msgs/include/visualization_msgs/msg/detail/interactive_marker_pose__traits.hpp
-- Symlinking: /root/catkin_ws/install/visualization_msgs/include/visualization_msgs/msg/detail/interactive_marker_update__builder.hpp
-- Symlinking: /root/catkin_ws/install/visualization_msgs/include/visualization_msgs/msg/detail/interactive_marker_update__struct.hpp
-- Symlinking: /root/catkin_ws/install/visualization_msgs/include/visualization_msgs/msg/detail/interactive_marker_update__traits.hpp
-- Symlinking: /root/catkin_ws/install/visualization_msgs/include/visualization_msgs/msg/detail/marker__builder.hpp
-- Symlinking: /root/catkin_ws/install/visualization_msgs/include/visualization_msgs/msg/detail/marker__struct.hpp
-- Symlinking: /root/catkin_ws/install/visualization_msgs/include/visualization_msgs/msg/detail/marker__traits.hpp
-- Symlinking: /root/catkin_ws/install/visualization_msgs/include/visualization_msgs/msg/detail/marker_array__builder.hpp
-- Symlinking: /root/catkin_ws/install/visualization_msgs/include/visualization_msgs/msg/detail/marker_array__struct.hpp
-- Symlinking: /root/catkin_ws/install/visualization_msgs/include/visualization_msgs/msg/detail/marker_array__traits.hpp
-- Symlinking: /root/catkin_ws/install/visualization_msgs/include/visualization_msgs/msg/detail/menu_entry__builder.hpp
-- Symlinking: /root/catkin_ws/install/visualization_msgs/include/visualization_msgs/msg/detail/menu_entry__struct.hpp
-- Symlinking: /root/catkin_ws/install/visualization_msgs/include/visualization_msgs/msg/detail/menu_entry__traits.hpp
-- Symlinking: /root/catkin_ws/install/visualization_msgs/include/visualization_msgs/msg/image_marker.hpp
-- Symlinking: /root/catkin_ws/install/visualization_msgs/include/visualization_msgs/msg/interactive_marker.hpp
-- Symlinking: /root/catkin_ws/install/visualization_msgs/include/visualization_msgs/msg/interactive_marker_control.hpp
-- Symlinking: /root/catkin_ws/install/visualization_msgs/include/visualization_msgs/msg/interactive_marker_feedback.hpp
-- Symlinking: /root/catkin_ws/install/visualization_msgs/include/visualization_msgs/msg/interactive_marker_init.hpp
-- Symlinking: /root/catkin_ws/install/visualization_msgs/include/visualization_msgs/msg/interactive_marker_pose.hpp
-- Symlinking: /root/catkin_ws/install/visualization_msgs/include/visualization_msgs/msg/interactive_marker_update.hpp
-- Symlinking: /root/catkin_ws/install/visualization_msgs/include/visualization_msgs/msg/marker.hpp
-- Symlinking: /root/catkin_ws/install/visualization_msgs/include/visualization_msgs/msg/marker_array.hpp
-- Symlinking: /root/catkin_ws/install/visualization_msgs/include/visualization_msgs/msg/menu_entry.hpp
-- Symlinking: /root/catkin_ws/install/visualization_msgs/include/visualization_msgs/srv/detail/get_interactive_markers__builder.hpp
-- Symlinking: /root/catkin_ws/install/visualization_msgs/include/visualization_msgs/srv/detail/get_interactive_markers__struct.hpp
-- Symlinking: /root/catkin_ws/install/visualization_msgs/include/visualization_msgs/srv/detail/get_interactive_markers__traits.hpp
-- Symlinking: /root/catkin_ws/install/visualization_msgs/include/visualization_msgs/srv/get_interactive_markers.hpp
-- Symlinking: /root/catkin_ws/install/visualization_msgs/include/visualization_msgs/msg/detail/image_marker__rosidl_typesupport_microxrcedds_cpp.hpp
-- Symlinking: /root/catkin_ws/install/visualization_msgs/include/visualization_msgs/msg/detail/interactive_marker__rosidl_typesupport_microxrcedds_cpp.hpp
-- Symlinking: /root/catkin_ws/install/visualization_msgs/include/visualization_msgs/msg/detail/interactive_marker_control__rosidl_typesupport_microxrcedds_cpp.hpp
-- Symlinking: /root/catkin_ws/install/visualization_msgs/include/visualization_msgs/msg/detail/interactive_marker_feedback__rosidl_typesupport_microxrcedds_cpp.hpp
-- Symlinking: /root/catkin_ws/install/visualization_msgs/include/visualization_msgs/msg/detail/interactive_marker_init__rosidl_typesupport_microxrcedds_cpp.hpp
-- Symlinking: /root/catkin_ws/install/visualization_msgs/include/visualization_msgs/msg/detail/interactive_marker_pose__rosidl_typesupport_microxrcedds_cpp.hpp
-- Symlinking: /root/catkin_ws/install/visualization_msgs/include/visualization_msgs/msg/detail/interactive_marker_update__rosidl_typesupport_microxrcedds_cpp.hpp
-- Symlinking: /root/catkin_ws/install/visualization_msgs/include/visualization_msgs/msg/detail/marker__rosidl_typesupport_microxrcedds_cpp.hpp
-- Symlinking: /root/catkin_ws/install/visualization_msgs/include/visualization_msgs/msg/detail/marker_array__rosidl_typesupport_microxrcedds_cpp.hpp
-- Symlinking: /root/catkin_ws/install/visualization_msgs/include/visualization_msgs/msg/detail/menu_entry__rosidl_typesupport_microxrcedds_cpp.hpp
-- Symlinking: /root/catkin_ws/install/visualization_msgs/include/visualization_msgs/msg/detail/microxrcedds/image_marker__type_support_cpp.cpp
-- Symlinking: /root/catkin_ws/install/visualization_msgs/include/visualization_msgs/msg/detail/microxrcedds/interactive_marker__type_support_cpp.cpp
-- Symlinking: /root/catkin_ws/install/visualization_msgs/include/visualization_msgs/msg/detail/microxrcedds/interactive_marker_control__type_support_cpp.cpp
-- Symlinking: /root/catkin_ws/install/visualization_msgs/include/visualization_msgs/msg/detail/microxrcedds/interactive_marker_feedback__type_support_cpp.cpp
-- Symlinking: /root/catkin_ws/install/visualization_msgs/include/visualization_msgs/msg/detail/microxrcedds/interactive_marker_init__type_support_cpp.cpp
-- Symlinking: /root/catkin_ws/install/visualization_msgs/include/visualization_msgs/msg/detail/microxrcedds/interactive_marker_pose__type_support_cpp.cpp
-- Symlinking: /root/catkin_ws/install/visualization_msgs/include/visualization_msgs/msg/detail/microxrcedds/interactive_marker_update__type_support_cpp.cpp
-- Symlinking: /root/catkin_ws/install/visualization_msgs/include/visualization_msgs/msg/detail/microxrcedds/marker__type_support_cpp.cpp
-- Symlinking: /root/catkin_ws/install/visualization_msgs/include/visualization_msgs/msg/detail/microxrcedds/marker_array__type_support_cpp.cpp
-- Symlinking: /root/catkin_ws/install/visualization_msgs/include/visualization_msgs/msg/detail/microxrcedds/menu_entry__type_support_cpp.cpp
-- Symlinking: /root/catkin_ws/install/visualization_msgs/include/visualization_msgs/msg/rosidl_typesupport_microxrcedds_cpp__visibility_control.h
-- Symlinking: /root/catkin_ws/install/visualization_msgs/include/visualization_msgs/srv/detail/get_interactive_markers__rosidl_typesupport_microxrcedds_cpp.hpp
-- Symlinking: /root/catkin_ws/install/visualization_msgs/include/visualization_msgs/srv/detail/microxrcedds/get_interactive_markers__type_support_cpp.cpp
-- Symlinking: /root/catkin_ws/install/visualization_msgs/lib/libvisualization_msgs__rosidl_typesupport_microxrcedds_cpp.so
-- Symlinking: /root/catkin_ws/install/visualization_msgs/include/visualization_msgs/msg/detail/image_marker__rosidl_typesupport_introspection_cpp.hpp
-- Symlinking: /root/catkin_ws/install/visualization_msgs/include/visualization_msgs/msg/detail/interactive_marker__rosidl_typesupport_introspection_cpp.hpp
-- Symlinking: /root/catkin_ws/install/visualization_msgs/include/visualization_msgs/msg/detail/interactive_marker_control__rosidl_typesupport_introspection_cpp.hpp
-- Symlinking: /root/catkin_ws/install/visualization_msgs/include/visualization_msgs/msg/detail/interactive_marker_feedback__rosidl_typesupport_introspection_cpp.hpp
-- Symlinking: /root/catkin_ws/install/visualization_msgs/include/visualization_msgs/msg/detail/interactive_marker_init__rosidl_typesupport_introspection_cpp.hpp
-- Symlinking: /root/catkin_ws/install/visualization_msgs/include/visualization_msgs/msg/detail/interactive_marker_pose__rosidl_typesupport_introspection_cpp.hpp
-- Symlinking: /root/catkin_ws/install/visualization_msgs/include/visualization_msgs/msg/detail/interactive_marker_update__rosidl_typesupport_introspection_cpp.hpp
-- Symlinking: /root/catkin_ws/install/visualization_msgs/include/visualization_msgs/msg/detail/marker__rosidl_typesupport_introspection_cpp.hpp
-- Symlinking: /root/catkin_ws/install/visualization_msgs/include/visualization_msgs/msg/detail/marker_array__rosidl_typesupport_introspection_cpp.hpp
-- Symlinking: /root/catkin_ws/install/visualization_msgs/include/visualization_msgs/msg/detail/menu_entry__rosidl_typesupport_introspection_cpp.hpp
-- Symlinking: /root/catkin_ws/install/visualization_msgs/include/visualization_msgs/srv/detail/get_interactive_markers__rosidl_typesupport_introspection_cpp.hpp
-- Symlinking: /root/catkin_ws/install/visualization_msgs/share/visualization_msgs/environment/pythonpath.sh
-- Symlinking: /root/catkin_ws/install/visualization_msgs/share/visualization_msgs/environment/pythonpath.dsv
-- Symlinking: /root/catkin_ws/install/visualization_msgs/lib/python3.8/site-packages/visualization_msgs/__init__.py
-- Symlinking: /root/catkin_ws/install/visualization_msgs/lib/python3.8/site-packages/visualization_msgs/msg/__init__.py
-- Symlinking: /root/catkin_ws/install/visualization_msgs/lib/python3.8/site-packages/visualization_msgs/msg/_image_marker.py
-- Symlinking: /root/catkin_ws/install/visualization_msgs/lib/python3.8/site-packages/visualization_msgs/msg/_interactive_marker.py
-- Symlinking: /root/catkin_ws/install/visualization_msgs/lib/python3.8/site-packages/visualization_msgs/msg/_interactive_marker_control.py
-- Symlinking: /root/catkin_ws/install/visualization_msgs/lib/python3.8/site-packages/visualization_msgs/msg/_interactive_marker_feedback.py
-- Symlinking: /root/catkin_ws/install/visualization_msgs/lib/python3.8/site-packages/visualization_msgs/msg/_interactive_marker_init.py
-- Symlinking: /root/catkin_ws/install/visualization_msgs/lib/python3.8/site-packages/visualization_msgs/msg/_interactive_marker_pose.py
-- Symlinking: /root/catkin_ws/install/visualization_msgs/lib/python3.8/site-packages/visualization_msgs/msg/_interactive_marker_update.py
-- Symlinking: /root/catkin_ws/install/visualization_msgs/lib/python3.8/site-packages/visualization_msgs/msg/_marker.py
-- Symlinking: /root/catkin_ws/install/visualization_msgs/lib/python3.8/site-packages/visualization_msgs/msg/_marker_array.py
-- Symlinking: /root/catkin_ws/install/visualization_msgs/lib/python3.8/site-packages/visualization_msgs/msg/_menu_entry.py
-- Symlinking: /root/catkin_ws/install/visualization_msgs/lib/python3.8/site-packages/visualization_msgs/srv/__init__.py
-- Symlinking: /root/catkin_ws/install/visualization_msgs/lib/python3.8/site-packages/visualization_msgs/srv/_get_interactive_markers.py
-- Symlinking: /root/catkin_ws/install/visualization_msgs/lib/python3.8/site-packages/visualization_msgs/visualization_msgs_s__rosidl_typesupport_microxrcedds_c.cpython-38-x86_64-linux-gnu.so
-- Symlinking: /root/catkin_ws/install/visualization_msgs/lib/python3.8/site-packages/visualization_msgs/visualization_msgs_s__rosidl_typesupport_fastrtps_c.cpython-38-x86_64-linux-gnu.so
-- Symlinking: /root/catkin_ws/install/visualization_msgs/lib/python3.8/site-packages/visualization_msgs/visualization_msgs_s__rosidl_typesupport_introspection_c.cpython-38-x86_64-linux-gnu.so
-- Symlinking: /root/catkin_ws/install/visualization_msgs/lib/python3.8/site-packages/visualization_msgs/visualization_msgs_s__rosidl_typesupport_c.cpython-38-x86_64-linux-gnu.so
-- Symlinking: /root/catkin_ws/install/visualization_msgs/lib/libvisualization_msgs__python.so
-- Symlinking: /root/catkin_ws/install/visualization_msgs/share/visualization_msgs/msg/ImageMarker.idl
-- Symlinking: /root/catkin_ws/install/visualization_msgs/share/visualization_msgs/msg/InteractiveMarker.idl
-- Symlinking: /root/catkin_ws/install/visualization_msgs/share/visualization_msgs/msg/InteractiveMarkerControl.idl
-- Symlinking: /root/catkin_ws/install/visualization_msgs/share/visualization_msgs/msg/InteractiveMarkerFeedback.idl
-- Symlinking: /root/catkin_ws/install/visualization_msgs/share/visualization_msgs/msg/InteractiveMarkerInit.idl
-- Symlinking: /root/catkin_ws/install/visualization_msgs/share/visualization_msgs/msg/InteractiveMarkerPose.idl
-- Symlinking: /root/catkin_ws/install/visualization_msgs/share/visualization_msgs/msg/InteractiveMarkerUpdate.idl
-- Symlinking: /root/catkin_ws/install/visualization_msgs/share/visualization_msgs/msg/Marker.idl
-- Symlinking: /root/catkin_ws/install/visualization_msgs/share/visualization_msgs/msg/MarkerArray.idl
-- Symlinking: /root/catkin_ws/install/visualization_msgs/share/visualization_msgs/msg/MenuEntry.idl
-- Symlinking: /root/catkin_ws/install/visualization_msgs/share/visualization_msgs/srv/GetInteractiveMarkers.idl
-- Symlinking: /root/catkin_ws/install/visualization_msgs/share/visualization_msgs/msg/ImageMarker.msg
-- Symlinking: /root/catkin_ws/install/visualization_msgs/share/visualization_msgs/msg/InteractiveMarker.msg
-- Symlinking: /root/catkin_ws/install/visualization_msgs/share/visualization_msgs/msg/InteractiveMarkerControl.msg
-- Symlinking: /root/catkin_ws/install/visualization_msgs/share/visualization_msgs/msg/InteractiveMarkerFeedback.msg
-- Symlinking: /root/catkin_ws/install/visualization_msgs/share/visualization_msgs/msg/InteractiveMarkerInit.msg
-- Symlinking: /root/catkin_ws/install/visualization_msgs/share/visualization_msgs/msg/InteractiveMarkerPose.msg
-- Symlinking: /root/catkin_ws/install/visualization_msgs/share/visualization_msgs/msg/InteractiveMarkerUpdate.msg
-- Symlinking: /root/catkin_ws/install/visualization_msgs/share/visualization_msgs/msg/Marker.msg
-- Symlinking: /root/catkin_ws/install/visualization_msgs/share/visualization_msgs/msg/MarkerArray.msg
-- Symlinking: /root/catkin_ws/install/visualization_msgs/share/visualization_msgs/msg/MenuEntry.msg
-- Symlinking: /root/catkin_ws/install/visualization_msgs/share/visualization_msgs/srv/GetInteractiveMarkers.srv
-- Symlinking: /root/catkin_ws/install/visualization_msgs/share/visualization_msgs/srv/GetInteractiveMarkers_Request.msg
-- Symlinking: /root/catkin_ws/install/visualization_msgs/share/visualization_msgs/srv/GetInteractiveMarkers_Response.msg
-- Symlinking: /root/catkin_ws/install/visualization_msgs/share/ament_index/resource_index/package_run_dependencies/visualization_msgs
-- Symlinking: /root/catkin_ws/install/visualization_msgs/share/ament_index/resource_index/parent_prefix_path/visualization_msgs
-- Symlinking: /root/catkin_ws/install/visualization_msgs/share/visualization_msgs/environment/ament_prefix_path.sh
-- Symlinking: /root/catkin_ws/install/visualization_msgs/share/visualization_msgs/environment/ament_prefix_path.dsv
-- Symlinking: /root/catkin_ws/install/visualization_msgs/share/visualization_msgs/environment/path.sh
-- Symlinking: /root/catkin_ws/install/visualization_msgs/share/visualization_msgs/environment/path.dsv
-- Symlinking: /root/catkin_ws/install/visualization_msgs/share/visualization_msgs/local_setup.bash
-- Symlinking: /root/catkin_ws/install/visualization_msgs/share/visualization_msgs/local_setup.sh
-- Symlinking: /root/catkin_ws/install/visualization_msgs/share/visualization_msgs/local_setup.zsh
-- Symlinking: /root/catkin_ws/install/visualization_msgs/share/visualization_msgs/local_setup.dsv
-- Symlinking: /root/catkin_ws/install/visualization_msgs/share/visualization_msgs/package.dsv
-- Symlinking: /root/catkin_ws/install/visualization_msgs/share/ament_index/resource_index/packages/visualization_msgs
-- Symlinking: /root/catkin_ws/install/visualization_msgs/share/visualization_msgs/cmake/rosidl_cmake-extras.cmake
-- Symlinking: /root/catkin_ws/install/visualization_msgs/share/visualization_msgs/cmake/ament_cmake_export_dependencies-extras.cmake
-- Symlinking: /root/catkin_ws/install/visualization_msgs/share/visualization_msgs/cmake/ament_cmake_export_libraries-extras.cmake
-- Symlinking: /root/catkin_ws/install/visualization_msgs/share/visualization_msgs/cmake/ament_cmake_export_targets-extras.cmake
-- Symlinking: /root/catkin_ws/install/visualization_msgs/share/visualization_msgs/cmake/ament_cmake_export_include_directories-extras.cmake
-- Symlinking: /root/catkin_ws/install/visualization_msgs/share/visualization_msgs/cmake/rosidl_cmake_export_typesupport_libraries-extras.cmake
-- Symlinking: /root/catkin_ws/install/visualization_msgs/share/visualization_msgs/cmake/rosidl_cmake_export_typesupport_targets-extras.cmake
-- Symlinking: /root/catkin_ws/install/visualization_msgs/share/visualization_msgs/cmake/visualization_msgsConfig.cmake
-- Symlinking: /root/catkin_ws/install/visualization_msgs/share/visualization_msgs/cmake/visualization_msgsConfig-version.cmake
-- Symlinking: /root/catkin_ws/install/visualization_msgs/share/visualization_msgs/package.xml
-- Up-to-date: /root/catkin_ws/install/visualization_msgs/lib/libvisualization_msgs__rosidl_generator_c.so
-- Up-to-date: /root/catkin_ws/install/visualization_msgs/lib/libvisualization_msgs__rosidl_typesupport_introspection_c.so
-- Up-to-date: /root/catkin_ws/install/visualization_msgs/lib/libvisualization_msgs__rosidl_typesupport_c.so
-- Up-to-date: /root/catkin_ws/install/visualization_msgs/lib/libvisualization_msgs__rosidl_typesupport_introspection_cpp.so
-- Up-to-date: /root/catkin_ws/install/visualization_msgs/lib/libvisualization_msgs__rosidl_typesupport_cpp.so
Compiling '/root/catkin_ws/install/visualization_msgs/lib/python3.8/site-packages/visualization_msgs/__init__.py'...
-- Up-to-date: /root/catkin_ws/install/visualization_msgs/share/visualization_msgs/cmake/visualization_msgs__rosidl_generator_cExport.cmake
-- Installing: /root/catkin_ws/install/visualization_msgs/share/visualization_msgs/cmake/visualization_msgs__rosidl_generator_cExport-noconfig.cmake
-- Up-to-date: /root/catkin_ws/install/visualization_msgs/share/visualization_msgs/cmake/visualization_msgs__rosidl_typesupport_introspection_cExport.cmake
-- Installing: /root/catkin_ws/install/visualization_msgs/share/visualization_msgs/cmake/visualization_msgs__rosidl_typesupport_introspection_cExport-noconfig.cmake
-- Up-to-date: /root/catkin_ws/install/visualization_msgs/share/visualization_msgs/cmake/visualization_msgs__rosidl_typesupport_cExport.cmake
-- Installing: /root/catkin_ws/install/visualization_msgs/share/visualization_msgs/cmake/visualization_msgs__rosidl_typesupport_cExport-noconfig.cmake
-- Up-to-date: /root/catkin_ws/install/visualization_msgs/share/visualization_msgs/cmake/visualization_msgs__rosidl_generator_cppExport.cmake
-- Up-to-date: /root/catkin_ws/install/visualization_msgs/share/visualization_msgs/cmake/visualization_msgs__rosidl_typesupport_introspection_cppExport.cmake
-- Installing: /root/catkin_ws/install/visualization_msgs/share/visualization_msgs/cmake/visualization_msgs__rosidl_typesupport_introspection_cppExport-noconfig.cmake
-- Up-to-date: /root/catkin_ws/install/visualization_msgs/share/visualization_msgs/cmake/visualization_msgs__rosidl_typesupport_cppExport.cmake
-- Installing: /root/catkin_ws/install/visualization_msgs/share/visualization_msgs/cmake/visualization_msgs__rosidl_typesupport_cppExport-noconfig.cmake
