-- Found ament_cmake: 0.9.11 (/opt/ros/foxy/share/ament_cmake/cmake)
-- Found PythonInterp: /usr/bin/python3 (found suitable version "3.8.10", minimum required is "3") 
-- Using PYTHON_EXECUTABLE: /usr/bin/python3
-- Override CMake install command with custom implementation using symlinks instead of copying resources
-- Found builtin_interfaces: 1.0.0 (/root/catkin_ws/install/builtin_interfaces/share/builtin_interfaces/cmake)
-- Using all available rosidl_typesupport_c: rosidl_typesupport_microxrcedds_c;rosidl_typesupport_fastrtps_c;rosidl_typesupport_introspection_c
-- Found rosidl_adapter: 1.3.0 (/opt/ros/foxy/share/rosidl_adapter/cmake)
-- Using all available rosidl_typesupport_cpp: rosidl_typesupport_microxrcedds_cpp;rosidl_typesupport_fastrtps_cpp;rosidl_typesupport_introspection_cpp
-- Found rosidl_default_generators: 1.0.1 (/opt/ros/foxy/share/rosidl_default_generators/cmake)
-- Found unique_identifier_msgs: 2.1.3 (/root/catkin_ws/install/unique_identifier_msgs/share/unique_identifier_msgs/cmake)
-- Found PythonInterp: /usr/bin/python3 (found version "3.8.10") 
-- Found ament_cmake_ros: 0.9.2 (/opt/ros/foxy/share/ament_cmake_ros/cmake)
-- Using all available rosidl_typesupport_c: rosidl_typesupport_microxrcedds_c;rosidl_typesupport_fastrtps_c;rosidl_typesupport_introspection_c
-- Using all available rosidl_typesupport_cpp: rosidl_typesupport_microxrcedds_cpp;rosidl_typesupport_fastrtps_cpp;rosidl_typesupport_introspection_cpp
-- Found PythonInterp: /usr/bin/python3 (found suitable version "3.8.10", minimum required is "3.5") 
-- Found python_cmake_module: 0.8.1 (/opt/ros/foxy/share/python_cmake_module/cmake)
-- Using PYTHON_EXECUTABLE: /usr/bin/python3
-- Using PYTHON_INCLUDE_DIRS: /usr/include/python3.8
-- Using PYTHON_LIBRARIES: /usr/lib/x86_64-linux-gnu/libpython3.8.so
-- Configuring done
-- Generating done
-- Build files have been written to: /root/catkin_ws/build/action_msgs
[  1%] Built target action_msgs__cpp
[ 10%] Built target action_msgs__rosidl_generator_c
[ 11%] [32m[1mLinking CXX shared library libaction_msgs__rosidl_typesupport_microxrcedds_cpp.so[0m
[ 13%] [32m[1mLinking CXX shared library libaction_msgs__rosidl_typesupport_fastrtps_cpp.so[0m
[ 14%] [32m[1mLinking C shared library libaction_msgs__rosidl_typesupport_microxrcedds_c.so[0m
[ 23%] Built target action_msgs__rosidl_typesupport_introspection_c
[ 31%] Built target action_msgs__rosidl_typesupport_introspection_cpp
[ 40%] Built target action_msgs__rosidl_typesupport_cpp
[ 49%] Built target action_msgs__rosidl_typesupport_c
[ 56%] Built target action_msgs__rosidl_typesupport_microxrcedds_c
[ 63%] Built target action_msgs__rosidl_typesupport_microxrcedds_cpp
[ 71%] Built target action_msgs__rosidl_typesupport_fastrtps_cpp
[ 72%] [32m[1mLinking CXX shared library libaction_msgs__rosidl_typesupport_fastrtps_c.so[0m
[ 79%] Built target action_msgs__rosidl_typesupport_fastrtps_c
[ 79%] Built target action_msgs
[ 81%] Built target action_msgs__py
[ 82%] [32m[1mLinking C shared library rosidl_generator_py/action_msgs/libaction_msgs__python.so[0m
[ 88%] Built target action_msgs__python
[ 91%] [32m[1mLinking C shared library rosidl_generator_py/action_msgs/action_msgs_s__rosidl_typesupport_c.cpython-38-x86_64-linux-gnu.so[0m
[ 92%] [32m[1mLinking CXX shared library rosidl_generator_py/action_msgs/action_msgs_s__rosidl_typesupport_fastrtps_c.cpython-38-x86_64-linux-gnu.so[0m
[ 91%] [32m[1mLinking C shared library rosidl_generator_py/action_msgs/action_msgs_s__rosidl_typesupport_introspection_c.cpython-38-x86_64-linux-gnu.so[0m
[ 94%] [32m[1mLinking C shared library rosidl_generator_py/action_msgs/action_msgs_s__rosidl_typesupport_microxrcedds_c.cpython-38-x86_64-linux-gnu.so[0m
[ 97%] Built target action_msgs__rosidl_typesupport_c__pyext
[ 97%] Built target action_msgs__rosidl_typesupport_introspection_c__pyext
[ 98%] Built target action_msgs__rosidl_typesupport_microxrcedds_c__pyext
[100%] Built target action_msgs__rosidl_typesupport_fastrtps_c__pyext
-- Install configuration: ""
-- Execute custom install script
-- Symlinking: /root/catkin_ws/install/action_msgs/share/ament_index/resource_index/rosidl_interfaces/action_msgs
-- Symlinking: /root/catkin_ws/install/action_msgs/include/action_msgs/msg/detail/goal_info__functions.h
-- Symlinking: /root/catkin_ws/install/action_msgs/include/action_msgs/msg/detail/goal_info__struct.h
-- Symlinking: /root/catkin_ws/install/action_msgs/include/action_msgs/msg/detail/goal_info__type_support.h
-- Symlinking: /root/catkin_ws/install/action_msgs/include/action_msgs/msg/detail/goal_status__functions.h
-- Symlinking: /root/catkin_ws/install/action_msgs/include/action_msgs/msg/detail/goal_status__struct.h
-- Symlinking: /root/catkin_ws/install/action_msgs/include/action_msgs/msg/detail/goal_status__type_support.h
-- Symlinking: /root/catkin_ws/install/action_msgs/include/action_msgs/msg/detail/goal_status_array__functions.h
-- Symlinking: /root/catkin_ws/install/action_msgs/include/action_msgs/msg/detail/goal_status_array__struct.h
-- Symlinking: /root/catkin_ws/install/action_msgs/include/action_msgs/msg/detail/goal_status_array__type_support.h
-- Symlinking: /root/catkin_ws/install/action_msgs/include/action_msgs/msg/goal_info.h
-- Symlinking: /root/catkin_ws/install/action_msgs/include/action_msgs/msg/goal_status.h
-- Symlinking: /root/catkin_ws/install/action_msgs/include/action_msgs/msg/goal_status_array.h
-- Symlinking: /root/catkin_ws/install/action_msgs/include/action_msgs/msg/rosidl_generator_c__visibility_control.h
-- Symlinking: /root/catkin_ws/install/action_msgs/include/action_msgs/srv/cancel_goal.h
-- Symlinking: /root/catkin_ws/install/action_msgs/include/action_msgs/srv/detail/cancel_goal__functions.h
-- Symlinking: /root/catkin_ws/install/action_msgs/include/action_msgs/srv/detail/cancel_goal__struct.h
-- Symlinking: /root/catkin_ws/install/action_msgs/include/action_msgs/srv/detail/cancel_goal__type_support.h
-- Symlinking: /root/catkin_ws/install/action_msgs/share/action_msgs/environment/library_path.sh
-- Symlinking: /root/catkin_ws/install/action_msgs/share/action_msgs/environment/library_path.dsv
-- Symlinking: /root/catkin_ws/install/action_msgs/include/action_msgs/msg/detail/goal_info__rosidl_typesupport_microxrcedds_c.h
-- Symlinking: /root/catkin_ws/install/action_msgs/include/action_msgs/msg/detail/goal_status__rosidl_typesupport_microxrcedds_c.h
-- Symlinking: /root/catkin_ws/install/action_msgs/include/action_msgs/msg/detail/goal_status_array__rosidl_typesupport_microxrcedds_c.h
-- Symlinking: /root/catkin_ws/install/action_msgs/include/action_msgs/msg/rosidl_typesupport_microxrcedds_c__visibility_control.h
-- Symlinking: /root/catkin_ws/install/action_msgs/include/action_msgs/srv/detail/cancel_goal__rosidl_typesupport_microxrcedds_c.h
-- Symlinking: /root/catkin_ws/install/action_msgs/lib/libaction_msgs__rosidl_typesupport_microxrcedds_c.so
-- Symlinking: /root/catkin_ws/install/action_msgs/include/action_msgs/msg/detail/goal_info__rosidl_typesupport_fastrtps_c.h
-- Symlinking: /root/catkin_ws/install/action_msgs/include/action_msgs/msg/detail/goal_status__rosidl_typesupport_fastrtps_c.h
-- Symlinking: /root/catkin_ws/install/action_msgs/include/action_msgs/msg/detail/goal_status_array__rosidl_typesupport_fastrtps_c.h
-- Symlinking: /root/catkin_ws/install/action_msgs/include/action_msgs/msg/rosidl_typesupport_fastrtps_c__visibility_control.h
-- Symlinking: /root/catkin_ws/install/action_msgs/include/action_msgs/srv/detail/cancel_goal__rosidl_typesupport_fastrtps_c.h
-- Symlinking: /root/catkin_ws/install/action_msgs/lib/libaction_msgs__rosidl_typesupport_fastrtps_c.so
-- Symlinking: /root/catkin_ws/install/action_msgs/include/action_msgs/msg/detail/goal_info__rosidl_typesupport_fastrtps_cpp.hpp
-- Symlinking: /root/catkin_ws/install/action_msgs/include/action_msgs/msg/detail/goal_status__rosidl_typesupport_fastrtps_cpp.hpp
-- Symlinking: /root/catkin_ws/install/action_msgs/include/action_msgs/msg/detail/goal_status_array__rosidl_typesupport_fastrtps_cpp.hpp
-- Symlinking: /root/catkin_ws/install/action_msgs/include/action_msgs/msg/rosidl_typesupport_fastrtps_cpp__visibility_control.h
-- Symlinking: /root/catkin_ws/install/action_msgs/include/action_msgs/srv/detail/cancel_goal__rosidl_typesupport_fastrtps_cpp.hpp
-- Symlinking: /root/catkin_ws/install/action_msgs/lib/libaction_msgs__rosidl_typesupport_fastrtps_cpp.so
-- Symlinking: /root/catkin_ws/install/action_msgs/include/action_msgs/msg/detail/goal_info__rosidl_typesupport_introspection_c.h
-- Symlinking: /root/catkin_ws/install/action_msgs/include/action_msgs/msg/detail/goal_status__rosidl_typesupport_introspection_c.h
-- Symlinking: /root/catkin_ws/install/action_msgs/include/action_msgs/msg/detail/goal_status_array__rosidl_typesupport_introspection_c.h
-- Symlinking: /root/catkin_ws/install/action_msgs/include/action_msgs/msg/rosidl_typesupport_introspection_c__visibility_control.h
-- Symlinking: /root/catkin_ws/install/action_msgs/include/action_msgs/srv/detail/cancel_goal__rosidl_typesupport_introspection_c.h
-- Symlinking: /root/catkin_ws/install/action_msgs/include/action_msgs/msg/detail/goal_info__builder.hpp
-- Symlinking: /root/catkin_ws/install/action_msgs/include/action_msgs/msg/detail/goal_info__struct.hpp
-- Symlinking: /root/catkin_ws/install/action_msgs/include/action_msgs/msg/detail/goal_info__traits.hpp
-- Symlinking: /root/catkin_ws/install/action_msgs/include/action_msgs/msg/detail/goal_status__builder.hpp
-- Symlinking: /root/catkin_ws/install/action_msgs/include/action_msgs/msg/detail/goal_status__struct.hpp
-- Symlinking: /root/catkin_ws/install/action_msgs/include/action_msgs/msg/detail/goal_status__traits.hpp
-- Symlinking: /root/catkin_ws/install/action_msgs/include/action_msgs/msg/detail/goal_status_array__builder.hpp
-- Symlinking: /root/catkin_ws/install/action_msgs/include/action_msgs/msg/detail/goal_status_array__struct.hpp
-- Symlinking: /root/catkin_ws/install/action_msgs/include/action_msgs/msg/detail/goal_status_array__traits.hpp
-- Symlinking: /root/catkin_ws/install/action_msgs/include/action_msgs/msg/goal_info.hpp
-- Symlinking: /root/catkin_ws/install/action_msgs/include/action_msgs/msg/goal_status.hpp
-- Symlinking: /root/catkin_ws/install/action_msgs/include/action_msgs/msg/goal_status_array.hpp
-- Symlinking: /root/catkin_ws/install/action_msgs/include/action_msgs/srv/cancel_goal.hpp
-- Symlinking: /root/catkin_ws/install/action_msgs/include/action_msgs/srv/detail/cancel_goal__builder.hpp
-- Symlinking: /root/catkin_ws/install/action_msgs/include/action_msgs/srv/detail/cancel_goal__struct.hpp
-- Symlinking: /root/catkin_ws/install/action_msgs/include/action_msgs/srv/detail/cancel_goal__traits.hpp
-- Symlinking: /root/catkin_ws/install/action_msgs/include/action_msgs/msg/detail/goal_info__rosidl_typesupport_microxrcedds_cpp.hpp
-- Symlinking: /root/catkin_ws/install/action_msgs/include/action_msgs/msg/detail/goal_status__rosidl_typesupport_microxrcedds_cpp.hpp
-- Symlinking: /root/catkin_ws/install/action_msgs/include/action_msgs/msg/detail/goal_status_array__rosidl_typesupport_microxrcedds_cpp.hpp
-- Symlinking: /root/catkin_ws/install/action_msgs/include/action_msgs/msg/detail/microxrcedds/goal_info__type_support_cpp.cpp
-- Symlinking: /root/catkin_ws/install/action_msgs/include/action_msgs/msg/detail/microxrcedds/goal_status__type_support_cpp.cpp
-- Symlinking: /root/catkin_ws/install/action_msgs/include/action_msgs/msg/detail/microxrcedds/goal_status_array__type_support_cpp.cpp
-- Symlinking: /root/catkin_ws/install/action_msgs/include/action_msgs/msg/rosidl_typesupport_microxrcedds_cpp__visibility_control.h
-- Symlinking: /root/catkin_ws/install/action_msgs/include/action_msgs/srv/detail/cancel_goal__rosidl_typesupport_microxrcedds_cpp.hpp
-- Symlinking: /root/catkin_ws/install/action_msgs/include/action_msgs/srv/detail/microxrcedds/cancel_goal__type_support_cpp.cpp
-- Symlinking: /root/catkin_ws/install/action_msgs/lib/libaction_msgs__rosidl_typesupport_microxrcedds_cpp.so
-- Symlinking: /root/catkin_ws/install/action_msgs/include/action_msgs/msg/detail/goal_info__rosidl_typesupport_introspection_cpp.hpp
-- Symlinking: /root/catkin_ws/install/action_msgs/include/action_msgs/msg/detail/goal_status__rosidl_typesupport_introspection_cpp.hpp
-- Symlinking: /root/catkin_ws/install/action_msgs/include/action_msgs/msg/detail/goal_status_array__rosidl_typesupport_introspection_cpp.hpp
-- Symlinking: /root/catkin_ws/install/action_msgs/include/action_msgs/srv/detail/cancel_goal__rosidl_typesupport_introspection_cpp.hpp
-- Symlinking: /root/catkin_ws/install/action_msgs/share/action_msgs/environment/pythonpath.sh
-- Symlinking: /root/catkin_ws/install/action_msgs/share/action_msgs/environment/pythonpath.dsv
-- Symlinking: /root/catkin_ws/install/action_msgs/lib/python3.8/site-packages/action_msgs/__init__.py
-- Symlinking: /root/catkin_ws/install/action_msgs/lib/python3.8/site-packages/action_msgs/msg/__init__.py
-- Symlinking: /root/catkin_ws/install/action_msgs/lib/python3.8/site-packages/action_msgs/msg/_goal_info.py
-- Symlinking: /root/catkin_ws/install/action_msgs/lib/python3.8/site-packages/action_msgs/msg/_goal_status.py
-- Symlinking: /root/catkin_ws/install/action_msgs/lib/python3.8/site-packages/action_msgs/msg/_goal_status_array.py
-- Symlinking: /root/catkin_ws/install/action_msgs/lib/python3.8/site-packages/action_msgs/srv/__init__.py
-- Symlinking: /root/catkin_ws/install/action_msgs/lib/python3.8/site-packages/action_msgs/srv/_cancel_goal.py
-- Symlinking: /root/catkin_ws/install/action_msgs/lib/python3.8/site-packages/action_msgs/action_msgs_s__rosidl_typesupport_microxrcedds_c.cpython-38-x86_64-linux-gnu.so
-- Symlinking: /root/catkin_ws/install/action_msgs/lib/python3.8/site-packages/action_msgs/action_msgs_s__rosidl_typesupport_fastrtps_c.cpython-38-x86_64-linux-gnu.so
-- Symlinking: /root/catkin_ws/install/action_msgs/lib/python3.8/site-packages/action_msgs/action_msgs_s__rosidl_typesupport_introspection_c.cpython-38-x86_64-linux-gnu.so
-- Symlinking: /root/catkin_ws/install/action_msgs/lib/python3.8/site-packages/action_msgs/action_msgs_s__rosidl_typesupport_c.cpython-38-x86_64-linux-gnu.so
-- Symlinking: /root/catkin_ws/install/action_msgs/lib/libaction_msgs__python.so
-- Symlinking: /root/catkin_ws/install/action_msgs/share/action_msgs/msg/GoalInfo.idl
-- Symlinking: /root/catkin_ws/install/action_msgs/share/action_msgs/msg/GoalStatus.idl
-- Symlinking: /root/catkin_ws/install/action_msgs/share/action_msgs/msg/GoalStatusArray.idl
-- Symlinking: /root/catkin_ws/install/action_msgs/share/action_msgs/srv/CancelGoal.idl
-- Symlinking: /root/catkin_ws/install/action_msgs/share/action_msgs/msg/GoalInfo.msg
-- Symlinking: /root/catkin_ws/install/action_msgs/share/action_msgs/msg/GoalStatus.msg
-- Symlinking: /root/catkin_ws/install/action_msgs/share/action_msgs/msg/GoalStatusArray.msg
-- Symlinking: /root/catkin_ws/install/action_msgs/share/action_msgs/srv/CancelGoal.srv
-- Symlinking: /root/catkin_ws/install/action_msgs/share/action_msgs/srv/CancelGoal_Request.msg
-- Symlinking: /root/catkin_ws/install/action_msgs/share/action_msgs/srv/CancelGoal_Response.msg
-- Symlinking: /root/catkin_ws/install/action_msgs/share/ament_index/resource_index/package_run_dependencies/action_msgs
-- Symlinking: /root/catkin_ws/install/action_msgs/share/ament_index/resource_index/parent_prefix_path/action_msgs
-- Symlinking: /root/catkin_ws/install/action_msgs/share/action_msgs/environment/ament_prefix_path.sh
-- Symlinking: /root/catkin_ws/install/action_msgs/share/action_msgs/environment/ament_prefix_path.dsv
-- Symlinking: /root/catkin_ws/install/action_msgs/share/action_msgs/environment/path.sh
-- Symlinking: /root/catkin_ws/install/action_msgs/share/action_msgs/environment/path.dsv
-- Symlinking: /root/catkin_ws/install/action_msgs/share/action_msgs/local_setup.bash
-- Symlinking: /root/catkin_ws/install/action_msgs/share/action_msgs/local_setup.sh
-- Symlinking: /root/catkin_ws/install/action_msgs/share/action_msgs/local_setup.zsh
-- Symlinking: /root/catkin_ws/install/action_msgs/share/action_msgs/local_setup.dsv
-- Symlinking: /root/catkin_ws/install/action_msgs/share/action_msgs/package.dsv
-- Symlinking: /root/catkin_ws/install/action_msgs/share/ament_index/resource_index/packages/action_msgs
-- Symlinking: /root/catkin_ws/install/action_msgs/share/action_msgs/cmake/rosidl_cmake-extras.cmake
-- Symlinking: /root/catkin_ws/install/action_msgs/share/action_msgs/cmake/ament_cmake_export_dependencies-extras.cmake
-- Symlinking: /root/catkin_ws/install/action_msgs/share/action_msgs/cmake/ament_cmake_export_libraries-extras.cmake
-- Symlinking: /root/catkin_ws/install/action_msgs/share/action_msgs/cmake/ament_cmake_export_targets-extras.cmake
-- Symlinking: /root/catkin_ws/install/action_msgs/share/action_msgs/cmake/ament_cmake_export_include_directories-extras.cmake
-- Symlinking: /root/catkin_ws/install/action_msgs/share/action_msgs/cmake/rosidl_cmake_export_typesupport_libraries-extras.cmake
-- Symlinking: /root/catkin_ws/install/action_msgs/share/action_msgs/cmake/rosidl_cmake_export_typesupport_targets-extras.cmake
-- Symlinking: /root/catkin_ws/install/action_msgs/share/action_msgs/cmake/action_msgsConfig.cmake
-- Symlinking: /root/catkin_ws/install/action_msgs/share/action_msgs/cmake/action_msgsConfig-version.cmake
-- Symlinking: /root/catkin_ws/install/action_msgs/share/action_msgs/package.xml
-- Up-to-date: /root/catkin_ws/install/action_msgs/lib/libaction_msgs__rosidl_generator_c.so
-- Up-to-date: /root/catkin_ws/install/action_msgs/lib/libaction_msgs__rosidl_typesupport_introspection_c.so
-- Up-to-date: /root/catkin_ws/install/action_msgs/lib/libaction_msgs__rosidl_typesupport_c.so
-- Up-to-date: /root/catkin_ws/install/action_msgs/lib/libaction_msgs__rosidl_typesupport_introspection_cpp.so
-- Up-to-date: /root/catkin_ws/install/action_msgs/lib/libaction_msgs__rosidl_typesupport_cpp.so
Compiling '/root/catkin_ws/install/action_msgs/lib/python3.8/site-packages/action_msgs/__init__.py'...
-- Up-to-date: /root/catkin_ws/install/action_msgs/share/action_msgs/cmake/action_msgs__rosidl_generator_cExport.cmake
-- Installing: /root/catkin_ws/install/action_msgs/share/action_msgs/cmake/action_msgs__rosidl_generator_cExport-noconfig.cmake
-- Up-to-date: /root/catkin_ws/install/action_msgs/share/action_msgs/cmake/action_msgs__rosidl_typesupport_introspection_cExport.cmake
-- Installing: /root/catkin_ws/install/action_msgs/share/action_msgs/cmake/action_msgs__rosidl_typesupport_introspection_cExport-noconfig.cmake
-- Up-to-date: /root/catkin_ws/install/action_msgs/share/action_msgs/cmake/action_msgs__rosidl_typesupport_cExport.cmake
-- Installing: /root/catkin_ws/install/action_msgs/share/action_msgs/cmake/action_msgs__rosidl_typesupport_cExport-noconfig.cmake
-- Up-to-date: /root/catkin_ws/install/action_msgs/share/action_msgs/cmake/action_msgs__rosidl_generator_cppExport.cmake
-- Up-to-date: /root/catkin_ws/install/action_msgs/share/action_msgs/cmake/action_msgs__rosidl_typesupport_introspection_cppExport.cmake
-- Installing: /root/catkin_ws/install/action_msgs/share/action_msgs/cmake/action_msgs__rosidl_typesupport_introspection_cppExport-noconfig.cmake
-- Up-to-date: /root/catkin_ws/install/action_msgs/share/action_msgs/cmake/action_msgs__rosidl_typesupport_cppExport.cmake
-- Installing: /root/catkin_ws/install/action_msgs/share/action_msgs/cmake/action_msgs__rosidl_typesupport_cppExport-noconfig.cmake
