[0.150s] Invoking command in '/root/catkin_ws/build/std_srvs': CMAKE_PREFIX_PATH=${CMAKE_PREFIX_PATH}:/root/catkin_ws/install/topic_service_action_rclpy_example:/root/catkin_ws/install/time_rclpy_example:/root/catkin_ws/install/tf2_rclpy_example:/root/catkin_ws/install/ros2env:/root/catkin_ws/install/omo_r1mini_teleop:/root/catkin_ws/install/omo_r1mini_bringup:/root/catkin_ws/install/my_first_ros_rclpy_pkg:/root/catkin_ws/install/logging_rclpy_example:/root/catkin_ws/install/iahrs_driver:/root/install/topic_service_action_rclpy_example:/root/install/time_rclpy_example:/root/install/tf2_rclpy_example:/root/install/ros2env:/root/install/omo_r1mini_teleop:/root/install/omo_r1mini_bringup:/root/install/my_first_ros_rclpy_pkg:/root/install/logging_rclpy_example:/opt/ros/foxy /usr/bin/cmake /root/catkin_ws/src/ros2/common_interfaces/std_srvs -DBUILD_TESTING=OFF -DBUILD_SHARED_LIBS=ON -DCMAKE_INSTALL_PREFIX=/root/catkin_ws/install/std_srvs
[0.260s] -- The C compiler identification is GNU 9.4.0
[0.355s] -- The CXX compiler identification is GNU 9.4.0
[0.372s] -- Check for working C compiler: /usr/bin/cc
[0.493s] -- Check for working C compiler: /usr/bin/cc -- works
[0.495s] -- Detecting C compiler ABI info
[0.651s] -- Detecting C compiler ABI info - done
[0.691s] -- Detecting C compile features
[0.691s] -- Detecting C compile features - done
[0.696s] -- Check for working CXX compiler: /usr/bin/c++
[0.845s] -- Check for working CXX compiler: /usr/bin/c++ -- works
[0.847s] -- Detecting CXX compiler ABI info
[1.111s] -- Detecting CXX compiler ABI info - done
[1.131s] -- Detecting CXX compile features
[1.132s] -- Detecting CXX compile features - done
[1.143s] -- Found ament_cmake: 0.9.11 (/opt/ros/foxy/share/ament_cmake/cmake)
[1.266s] -- Found PythonInterp: /usr/bin/python3 (found suitable version "3.8.10", minimum required is "3") 
[1.267s] -- Using PYTHON_EXECUTABLE: /usr/bin/python3
[1.798s] -- Found rosidl_default_generators: 1.0.1 (/opt/ros/foxy/share/rosidl_default_generators/cmake)
[1.827s] -- Using all available rosidl_typesupport_c: rosidl_typesupport_microxrcedds_c;rosidl_typesupport_fastrtps_c;rosidl_typesupport_introspection_c
[1.869s] -- Found rosidl_adapter: 1.3.0 (/opt/ros/foxy/share/rosidl_adapter/cmake)
[2.148s] -- Found OpenSSL: /usr/lib/x86_64-linux-gnu/libcrypto.so (found version "1.1.1f")  
[2.203s] -- Found FastRTPS: /opt/ros/foxy/include  
[2.376s] -- Using all available rosidl_typesupport_cpp: rosidl_typesupport_microxrcedds_cpp;rosidl_typesupport_fastrtps_cpp;rosidl_typesupport_introspection_cpp
[2.624s] -- Found PythonInterp: /usr/bin/python3 (found version "3.8.10") 
[3.335s] -- Found ament_cmake_ros: 0.9.2 (/opt/ros/foxy/share/ament_cmake_ros/cmake)
[4.388s] -- Using all available rosidl_typesupport_c: rosidl_typesupport_microxrcedds_c;rosidl_typesupport_fastrtps_c;rosidl_typesupport_introspection_c
[4.501s] -- Using all available rosidl_typesupport_cpp: rosidl_typesupport_microxrcedds_cpp;rosidl_typesupport_fastrtps_cpp;rosidl_typesupport_introspection_cpp
[4.765s] -- Found PythonInterp: /usr/bin/python3 (found suitable version "3.8.10", minimum required is "3.5") 
[4.787s] -- Found python_cmake_module: 0.8.1 (/opt/ros/foxy/share/python_cmake_module/cmake)
[4.949s] -- Found PythonLibs: /usr/lib/x86_64-linux-gnu/libpython3.8.so (found suitable version "3.8.10", minimum required is "3.5") 
[4.949s] -- Using PYTHON_EXECUTABLE: /usr/bin/python3
[4.949s] -- Using PYTHON_INCLUDE_DIRS: /usr/include/python3.8
[4.950s] -- Using PYTHON_LIBRARIES: /usr/lib/x86_64-linux-gnu/libpython3.8.so
[5.157s] -- Found PythonExtra: .so  
[5.490s] -- Configuring done
[5.574s] -- Generating done
[5.579s] -- Build files have been written to: /root/catkin_ws/build/std_srvs
[5.603s] Invoked command in '/root/catkin_ws/build/std_srvs' returned '0': CMAKE_PREFIX_PATH=${CMAKE_PREFIX_PATH}:/root/catkin_ws/install/topic_service_action_rclpy_example:/root/catkin_ws/install/time_rclpy_example:/root/catkin_ws/install/tf2_rclpy_example:/root/catkin_ws/install/ros2env:/root/catkin_ws/install/omo_r1mini_teleop:/root/catkin_ws/install/omo_r1mini_bringup:/root/catkin_ws/install/my_first_ros_rclpy_pkg:/root/catkin_ws/install/logging_rclpy_example:/root/catkin_ws/install/iahrs_driver:/root/install/topic_service_action_rclpy_example:/root/install/time_rclpy_example:/root/install/tf2_rclpy_example:/root/install/ros2env:/root/install/omo_r1mini_teleop:/root/install/omo_r1mini_bringup:/root/install/my_first_ros_rclpy_pkg:/root/install/logging_rclpy_example:/opt/ros/foxy /usr/bin/cmake /root/catkin_ws/src/ros2/common_interfaces/std_srvs -DBUILD_TESTING=OFF -DBUILD_SHARED_LIBS=ON -DCMAKE_INSTALL_PREFIX=/root/catkin_ws/install/std_srvs
[5.605s] Invoking command in '/root/catkin_ws/build/std_srvs': CMAKE_PREFIX_PATH=${CMAKE_PREFIX_PATH}:/root/catkin_ws/install/topic_service_action_rclpy_example:/root/catkin_ws/install/time_rclpy_example:/root/catkin_ws/install/tf2_rclpy_example:/root/catkin_ws/install/ros2env:/root/catkin_ws/install/omo_r1mini_teleop:/root/catkin_ws/install/omo_r1mini_bringup:/root/catkin_ws/install/my_first_ros_rclpy_pkg:/root/catkin_ws/install/logging_rclpy_example:/root/catkin_ws/install/iahrs_driver:/root/install/topic_service_action_rclpy_example:/root/install/time_rclpy_example:/root/install/tf2_rclpy_example:/root/install/ros2env:/root/install/omo_r1mini_teleop:/root/install/omo_r1mini_bringup:/root/install/my_first_ros_rclpy_pkg:/root/install/logging_rclpy_example:/opt/ros/foxy /usr/bin/cmake --build /root/catkin_ws/build/std_srvs -- -j12 -l12
[5.832s] [35m[1mScanning dependencies of target std_srvs__cpp[0m
[5.843s] [  1%] [34m[1mGenerating C code for ROS interfaces[0m
[5.927s] [  3%] [34m[1mGenerating C++ code for ROS interfaces[0m
[7.140s] [  3%] Built target std_srvs__cpp
[7.143s] [35m[1mScanning dependencies of target std_srvs__rosidl_generator_c[0m
[7.189s] [  5%] [34m[1mGenerating C++ type support dispatch for ROS interfaces[0m
[7.235s] [  6%] [34m[1mGenerating C++ type support for eProsima Micro XRCE-DDS[0m
[7.238s] [ 11%] [34m[1mGenerating C++ introspection for ROS interfaces[0m
[7.238s] [  8%] [32mBuilding C object CMakeFiles/std_srvs__rosidl_generator_c.dir/rosidl_generator_c/std_srvs/srv/detail/empty__functions.c.o[0m
[7.239s] [ 10%] [32mBuilding C object CMakeFiles/std_srvs__rosidl_generator_c.dir/rosidl_generator_c/std_srvs/srv/detail/set_bool__functions.c.o[0m
[7.240s] [ 13%] [32mBuilding C object CMakeFiles/std_srvs__rosidl_generator_c.dir/rosidl_generator_c/std_srvs/srv/detail/trigger__functions.c.o[0m
[7.267s] [ 15%] [34m[1mGenerating C++ type support for eProsima Fast-RTPS[0m
[7.564s] [ 16%] [32m[1mLinking C shared library libstd_srvs__rosidl_generator_c.so[0m
[7.778s] [ 16%] Built target std_srvs__rosidl_generator_c
[7.887s] [ 18%] [34m[1mGenerating C type support dispatch for ROS interfaces[0m
[7.901s] [ 20%] [34m[1mGenerating C type support for eProsima Micro XRCE-DDS[0m
[7.925s] [ 22%] [34m[1mGenerating C introspection for ROS interfaces[0m
[8.726s] [35m[1mScanning dependencies of target std_srvs__rosidl_typesupport_cpp[0m
[8.795s] [ 23%] [32mBuilding CXX object CMakeFiles/std_srvs__rosidl_typesupport_cpp.dir/rosidl_typesupport_cpp/std_srvs/srv/empty__type_support.cpp.o[0m
[8.838s] [ 25%] [32mBuilding CXX object CMakeFiles/std_srvs__rosidl_typesupport_cpp.dir/rosidl_typesupport_cpp/std_srvs/srv/set_bool__type_support.cpp.o[0m
[8.861s] [ 27%] [32mBuilding CXX object CMakeFiles/std_srvs__rosidl_typesupport_cpp.dir/rosidl_typesupport_cpp/std_srvs/srv/trigger__type_support.cpp.o[0m
[8.962s] [35m[1mScanning dependencies of target std_srvs__rosidl_typesupport_introspection_cpp[0m
[9.017s] [ 28%] [32mBuilding CXX object CMakeFiles/std_srvs__rosidl_typesupport_introspection_cpp.dir/rosidl_typesupport_introspection_cpp/std_srvs/srv/detail/set_bool__type_support.cpp.o[0m
[9.034s] [ 30%] [32mBuilding CXX object CMakeFiles/std_srvs__rosidl_typesupport_introspection_cpp.dir/rosidl_typesupport_introspection_cpp/std_srvs/srv/detail/empty__type_support.cpp.o[0m
[9.088s] [ 32%] [32mBuilding CXX object CMakeFiles/std_srvs__rosidl_typesupport_introspection_cpp.dir/rosidl_typesupport_introspection_cpp/std_srvs/srv/detail/trigger__type_support.cpp.o[0m
[9.235s] [35m[1mScanning dependencies of target std_srvs__rosidl_typesupport_microxrcedds_cpp[0m
[9.382s] [ 33%] [32mBuilding CXX object CMakeFiles/std_srvs__rosidl_typesupport_microxrcedds_cpp.dir/rosidl_typesupport_microxrcedds_cpp/std_srvs/srv/detail/microxrcedds/empty__type_support_cpp.cpp.o[0m
[9.440s] [ 35%] [32mBuilding CXX object CMakeFiles/std_srvs__rosidl_typesupport_microxrcedds_cpp.dir/rosidl_typesupport_microxrcedds_cpp/std_srvs/srv/detail/microxrcedds/set_bool__type_support_cpp.cpp.o[0m
[9.666s] [35m[1mScanning dependencies of target std_srvs__rosidl_typesupport_fastrtps_cpp[0m
[9.667s] [ 37%] [32mBuilding CXX object CMakeFiles/std_srvs__rosidl_typesupport_microxrcedds_cpp.dir/rosidl_typesupport_microxrcedds_cpp/std_srvs/srv/detail/microxrcedds/trigger__type_support_cpp.cpp.o[0m
[9.801s] [ 38%] [32mBuilding CXX object CMakeFiles/std_srvs__rosidl_typesupport_fastrtps_cpp.dir/rosidl_typesupport_fastrtps_cpp/std_srvs/srv/detail/dds_fastrtps/empty__type_support.cpp.o[0m
[9.936s] [ 40%] [32mBuilding CXX object CMakeFiles/std_srvs__rosidl_typesupport_fastrtps_cpp.dir/rosidl_typesupport_fastrtps_cpp/std_srvs/srv/detail/dds_fastrtps/set_bool__type_support.cpp.o[0m
[9.956s] [35m[1mScanning dependencies of target std_srvs__rosidl_typesupport_c[0m
[10.031s] [ 42%] [32mBuilding CXX object CMakeFiles/std_srvs__rosidl_typesupport_c.dir/rosidl_typesupport_c/std_srvs/srv/empty__type_support.cpp.o[0m
[10.055s] [ 44%] [32mBuilding CXX object CMakeFiles/std_srvs__rosidl_typesupport_fastrtps_cpp.dir/rosidl_typesupport_fastrtps_cpp/std_srvs/srv/detail/dds_fastrtps/trigger__type_support.cpp.o[0m
[10.061s] [35m[1mScanning dependencies of target std_srvs__rosidl_typesupport_introspection_c[0m
[10.119s] [ 45%] [32m[1mLinking CXX shared library libstd_srvs__rosidl_typesupport_cpp.so[0m
[10.216s] [ 47%] [32mBuilding C object CMakeFiles/std_srvs__rosidl_typesupport_introspection_c.dir/rosidl_typesupport_introspection_c/std_srvs/srv/detail/empty__type_support.c.o[0m
[10.316s] [ 49%] [32mBuilding CXX object CMakeFiles/std_srvs__rosidl_typesupport_c.dir/rosidl_typesupport_c/std_srvs/srv/set_bool__type_support.cpp.o[0m
[10.318s] [ 49%] Built target std_srvs__rosidl_typesupport_cpp
[10.401s] [ 50%] [32mBuilding C object CMakeFiles/std_srvs__rosidl_typesupport_introspection_c.dir/rosidl_typesupport_introspection_c/std_srvs/srv/detail/set_bool__type_support.c.o[0m
[10.440s] [ 52%] [32mBuilding C object CMakeFiles/std_srvs__rosidl_typesupport_introspection_c.dir/rosidl_typesupport_introspection_c/std_srvs/srv/detail/trigger__type_support.c.o[0m
[10.459s] [ 54%] [32mBuilding CXX object CMakeFiles/std_srvs__rosidl_typesupport_c.dir/rosidl_typesupport_c/std_srvs/srv/trigger__type_support.cpp.o[0m
[10.595s] [35m[1mScanning dependencies of target std_srvs__rosidl_typesupport_microxrcedds_c[0m
[10.595s] [ 55%] [32m[1mLinking CXX shared library libstd_srvs__rosidl_typesupport_c.so[0m
[10.605s] [ 57%] [32m[1mLinking C shared library libstd_srvs__rosidl_typesupport_introspection_c.so[0m
[10.691s] [ 59%] [32mBuilding C object CMakeFiles/std_srvs__rosidl_typesupport_microxrcedds_c.dir/rosidl_typesupport_microxrcedds_c/std_srvs/srv/detail/microxrcedds/trigger__type_support_c.c.o[0m
[10.695s] [ 61%] [32mBuilding C object CMakeFiles/std_srvs__rosidl_typesupport_microxrcedds_c.dir/rosidl_typesupport_microxrcedds_c/std_srvs/srv/detail/microxrcedds/set_bool__type_support_c.c.o[0m
[10.706s] [ 62%] [32mBuilding C object CMakeFiles/std_srvs__rosidl_typesupport_microxrcedds_c.dir/rosidl_typesupport_microxrcedds_c/std_srvs/srv/detail/microxrcedds/empty__type_support_c.c.o[0m
[10.761s] [ 62%] Built target std_srvs__rosidl_typesupport_introspection_c
[10.775s] [ 64%] [32m[1mLinking CXX shared library libstd_srvs__rosidl_typesupport_introspection_cpp.so[0m
[10.799s] [ 64%] Built target std_srvs__rosidl_typesupport_c
[10.953s] [ 66%] [32m[1mLinking C shared library libstd_srvs__rosidl_typesupport_microxrcedds_c.so[0m
[11.001s] [ 67%] [32m[1mLinking CXX shared library libstd_srvs__rosidl_typesupport_microxrcedds_cpp.so[0m
[11.093s] [ 67%] Built target std_srvs__rosidl_typesupport_microxrcedds_c
[11.100s] [ 67%] Built target std_srvs__rosidl_typesupport_introspection_cpp
[11.210s] [ 67%] Built target std_srvs__rosidl_typesupport_microxrcedds_cpp
[11.405s] [ 69%] [32m[1mLinking CXX shared library libstd_srvs__rosidl_typesupport_fastrtps_cpp.so[0m
[11.637s] [ 69%] Built target std_srvs__rosidl_typesupport_fastrtps_cpp
[11.658s] [ 71%] [34m[1mGenerating C type support for eProsima Fast-RTPS[0m
[12.626s] [35m[1mScanning dependencies of target std_srvs__rosidl_typesupport_fastrtps_c[0m
[12.776s] [ 72%] [32mBuilding CXX object CMakeFiles/std_srvs__rosidl_typesupport_fastrtps_c.dir/rosidl_typesupport_fastrtps_c/std_srvs/srv/detail/set_bool__type_support_c.cpp.o[0m
[12.776s] [ 74%] [32mBuilding CXX object CMakeFiles/std_srvs__rosidl_typesupport_fastrtps_c.dir/rosidl_typesupport_fastrtps_c/std_srvs/srv/detail/empty__type_support_c.cpp.o[0m
[12.784s] [ 76%] [32mBuilding CXX object CMakeFiles/std_srvs__rosidl_typesupport_fastrtps_c.dir/rosidl_typesupport_fastrtps_c/std_srvs/srv/detail/trigger__type_support_c.cpp.o[0m
[13.838s] [ 77%] [32m[1mLinking CXX shared library libstd_srvs__rosidl_typesupport_fastrtps_c.so[0m
[14.076s] [ 77%] Built target std_srvs__rosidl_typesupport_fastrtps_c
[14.123s] [35m[1mScanning dependencies of target std_srvs[0m
[14.176s] [ 77%] Built target std_srvs
[14.227s] [35m[1mScanning dependencies of target std_srvs__py[0m
[14.305s] [ 79%] [34m[1mGenerating Python code for ROS interfaces[0m
[16.012s] [ 79%] Built target std_srvs__py
[16.025s] [35m[1mScanning dependencies of target std_srvs__python[0m
[16.054s] [ 81%] [32mBuilding C object CMakeFiles/std_srvs__python.dir/rosidl_generator_py/std_srvs/srv/_empty_s.c.o[0m
[16.055s] [ 83%] [32mBuilding C object CMakeFiles/std_srvs__python.dir/rosidl_generator_py/std_srvs/srv/_trigger_s.c.o[0m
[16.055s] [ 84%] [32mBuilding C object CMakeFiles/std_srvs__python.dir/rosidl_generator_py/std_srvs/srv/_set_bool_s.c.o[0m
[16.204s] [ 86%] [32m[1mLinking C shared library rosidl_generator_py/std_srvs/libstd_srvs__python.so[0m
[16.249s] [ 86%] Built target std_srvs__python
[16.263s] [35m[1mScanning dependencies of target std_srvs__rosidl_typesupport_introspection_c__pyext[0m
[16.269s] [35m[1mScanning dependencies of target std_srvs__rosidl_typesupport_microxrcedds_c__pyext[0m
[16.269s] [35m[1mScanning dependencies of target std_srvs__rosidl_typesupport_c__pyext[0m
[16.269s] [35m[1mScanning dependencies of target std_srvs__rosidl_typesupport_fastrtps_c__pyext[0m
[16.290s] [ 88%] [32mBuilding C object CMakeFiles/std_srvs__rosidl_typesupport_introspection_c__pyext.dir/rosidl_generator_py/std_srvs/_std_srvs_s.ep.rosidl_typesupport_introspection_c.c.o[0m
[16.299s] [ 91%] [32mBuilding C object CMakeFiles/std_srvs__rosidl_typesupport_microxrcedds_c__pyext.dir/rosidl_generator_py/std_srvs/_std_srvs_s.ep.rosidl_typesupport_microxrcedds_c.c.o[0m
[16.299s] [ 91%] [32mBuilding C object CMakeFiles/std_srvs__rosidl_typesupport_fastrtps_c__pyext.dir/rosidl_generator_py/std_srvs/_std_srvs_s.ep.rosidl_typesupport_fastrtps_c.c.o[0m
[16.299s] [ 93%] [32mBuilding C object CMakeFiles/std_srvs__rosidl_typesupport_c__pyext.dir/rosidl_generator_py/std_srvs/_std_srvs_s.ep.rosidl_typesupport_c.c.o[0m
[16.409s] [ 94%] [32m[1mLinking C shared library rosidl_generator_py/std_srvs/std_srvs_s__rosidl_typesupport_microxrcedds_c.cpython-38-x86_64-linux-gnu.so[0m
[16.413s] [ 96%] [32m[1mLinking CXX shared library rosidl_generator_py/std_srvs/std_srvs_s__rosidl_typesupport_fastrtps_c.cpython-38-x86_64-linux-gnu.so[0m
[16.453s] [ 98%] [32m[1mLinking C shared library rosidl_generator_py/std_srvs/std_srvs_s__rosidl_typesupport_c.cpython-38-x86_64-linux-gnu.so[0m
[16.453s] [100%] [32m[1mLinking C shared library rosidl_generator_py/std_srvs/std_srvs_s__rosidl_typesupport_introspection_c.cpython-38-x86_64-linux-gnu.so[0m
[16.467s] [100%] Built target std_srvs__rosidl_typesupport_microxrcedds_c__pyext
[16.505s] [100%] Built target std_srvs__rosidl_typesupport_c__pyext
[16.505s] [100%] Built target std_srvs__rosidl_typesupport_introspection_c__pyext
[16.512s] [100%] Built target std_srvs__rosidl_typesupport_fastrtps_c__pyext
[16.556s] Invoked command in '/root/catkin_ws/build/std_srvs' returned '0': CMAKE_PREFIX_PATH=${CMAKE_PREFIX_PATH}:/root/catkin_ws/install/topic_service_action_rclpy_example:/root/catkin_ws/install/time_rclpy_example:/root/catkin_ws/install/tf2_rclpy_example:/root/catkin_ws/install/ros2env:/root/catkin_ws/install/omo_r1mini_teleop:/root/catkin_ws/install/omo_r1mini_bringup:/root/catkin_ws/install/my_first_ros_rclpy_pkg:/root/catkin_ws/install/logging_rclpy_example:/root/catkin_ws/install/iahrs_driver:/root/install/topic_service_action_rclpy_example:/root/install/time_rclpy_example:/root/install/tf2_rclpy_example:/root/install/ros2env:/root/install/omo_r1mini_teleop:/root/install/omo_r1mini_bringup:/root/install/my_first_ros_rclpy_pkg:/root/install/logging_rclpy_example:/opt/ros/foxy /usr/bin/cmake --build /root/catkin_ws/build/std_srvs -- -j12 -l12
[16.876s] Invoking command in '/root/catkin_ws/build/std_srvs': CMAKE_PREFIX_PATH=${CMAKE_PREFIX_PATH}:/root/catkin_ws/install/topic_service_action_rclpy_example:/root/catkin_ws/install/time_rclpy_example:/root/catkin_ws/install/tf2_rclpy_example:/root/catkin_ws/install/ros2env:/root/catkin_ws/install/omo_r1mini_teleop:/root/catkin_ws/install/omo_r1mini_bringup:/root/catkin_ws/install/my_first_ros_rclpy_pkg:/root/catkin_ws/install/logging_rclpy_example:/root/catkin_ws/install/iahrs_driver:/root/install/topic_service_action_rclpy_example:/root/install/time_rclpy_example:/root/install/tf2_rclpy_example:/root/install/ros2env:/root/install/omo_r1mini_teleop:/root/install/omo_r1mini_bringup:/root/install/my_first_ros_rclpy_pkg:/root/install/logging_rclpy_example:/opt/ros/foxy /usr/bin/cmake --install /root/catkin_ws/build/std_srvs
[19.897s] -- Install configuration: ""
[19.897s] -- Installing: /root/catkin_ws/install/std_srvs/share/ament_index/resource_index/rosidl_interfaces/std_srvs
[19.897s] -- Installing: /root/catkin_ws/install/std_srvs/include/std_srvs
[19.898s] -- Installing: /root/catkin_ws/install/std_srvs/include/std_srvs/srv
[19.898s] -- Installing: /root/catkin_ws/install/std_srvs/include/std_srvs/srv/empty.h
[19.898s] -- Installing: /root/catkin_ws/install/std_srvs/include/std_srvs/srv/detail
[19.898s] -- Installing: /root/catkin_ws/install/std_srvs/include/std_srvs/srv/detail/empty__functions.c
[19.898s] -- Installing: /root/catkin_ws/install/std_srvs/include/std_srvs/srv/detail/trigger__type_support.h
[19.898s] -- Installing: /root/catkin_ws/install/std_srvs/include/std_srvs/srv/detail/empty__struct.h
[19.898s] -- Installing: /root/catkin_ws/install/std_srvs/include/std_srvs/srv/detail/set_bool__type_support.h
[19.898s] -- Installing: /root/catkin_ws/install/std_srvs/include/std_srvs/srv/detail/trigger__functions.h
[19.899s] -- Installing: /root/catkin_ws/install/std_srvs/include/std_srvs/srv/detail/empty__functions.h
[19.899s] -- Installing: /root/catkin_ws/install/std_srvs/include/std_srvs/srv/detail/empty__type_support.h
[19.899s] -- Installing: /root/catkin_ws/install/std_srvs/include/std_srvs/srv/detail/set_bool__functions.h
[19.899s] -- Installing: /root/catkin_ws/install/std_srvs/include/std_srvs/srv/detail/trigger__functions.c
[19.899s] -- Installing: /root/catkin_ws/install/std_srvs/include/std_srvs/srv/detail/trigger__struct.h
[19.902s] -- Installing: /root/catkin_ws/install/std_srvs/include/std_srvs/srv/detail/set_bool__functions.c
[19.902s] -- Installing: /root/catkin_ws/install/std_srvs/include/std_srvs/srv/detail/set_bool__struct.h
[19.903s] -- Installing: /root/catkin_ws/install/std_srvs/include/std_srvs/srv/trigger.h
[19.903s] -- Installing: /root/catkin_ws/install/std_srvs/include/std_srvs/srv/set_bool.h
[19.903s] -- Installing: /root/catkin_ws/install/std_srvs/include/std_srvs/msg
[19.903s] -- Installing: /root/catkin_ws/install/std_srvs/include/std_srvs/msg/rosidl_generator_c__visibility_control.h
[19.903s] -- Installing: /root/catkin_ws/install/std_srvs/share/std_srvs/environment/library_path.sh
[19.907s] -- Installing: /root/catkin_ws/install/std_srvs/share/std_srvs/environment/library_path.dsv
[19.907s] -- Installing: /root/catkin_ws/install/std_srvs/lib/libstd_srvs__rosidl_generator_c.so
[19.908s] -- Set runtime path of "/root/catkin_ws/install/std_srvs/lib/libstd_srvs__rosidl_generator_c.so" to ""
[19.908s] -- Up-to-date: /root/catkin_ws/install/std_srvs/include/std_srvs
[19.909s] -- Up-to-date: /root/catkin_ws/install/std_srvs/include/std_srvs/srv
[19.909s] -- Up-to-date: /root/catkin_ws/install/std_srvs/include/std_srvs/srv/detail
[19.909s] -- Installing: /root/catkin_ws/install/std_srvs/include/std_srvs/srv/detail/set_bool__rosidl_typesupport_microxrcedds_c.h
[19.910s] -- Installing: /root/catkin_ws/install/std_srvs/include/std_srvs/srv/detail/empty__rosidl_typesupport_microxrcedds_c.h
[19.910s] -- Installing: /root/catkin_ws/install/std_srvs/include/std_srvs/srv/detail/microxrcedds
[19.910s] -- Installing: /root/catkin_ws/install/std_srvs/include/std_srvs/srv/detail/trigger__rosidl_typesupport_microxrcedds_c.h
[19.910s] -- Up-to-date: /root/catkin_ws/install/std_srvs/include/std_srvs/msg
[19.911s] -- Installing: /root/catkin_ws/install/std_srvs/include/std_srvs/msg/rosidl_typesupport_microxrcedds_c__visibility_control.h
[19.911s] -- Installing: /root/catkin_ws/install/std_srvs/lib/libstd_srvs__rosidl_typesupport_microxrcedds_c.so
[19.911s] -- Set runtime path of "/root/catkin_ws/install/std_srvs/lib/libstd_srvs__rosidl_typesupport_microxrcedds_c.so" to ""
[19.911s] -- Up-to-date: /root/catkin_ws/install/std_srvs/include/std_srvs
[19.912s] -- Up-to-date: /root/catkin_ws/install/std_srvs/include/std_srvs/srv
[19.912s] -- Up-to-date: /root/catkin_ws/install/std_srvs/include/std_srvs/srv/detail
[19.912s] -- Installing: /root/catkin_ws/install/std_srvs/include/std_srvs/srv/detail/empty__rosidl_typesupport_fastrtps_c.h
[19.912s] -- Installing: /root/catkin_ws/install/std_srvs/include/std_srvs/srv/detail/trigger__rosidl_typesupport_fastrtps_c.h
[19.913s] -- Installing: /root/catkin_ws/install/std_srvs/include/std_srvs/srv/detail/set_bool__rosidl_typesupport_fastrtps_c.h
[19.913s] -- Up-to-date: /root/catkin_ws/install/std_srvs/include/std_srvs/msg
[19.913s] -- Installing: /root/catkin_ws/install/std_srvs/include/std_srvs/msg/rosidl_typesupport_fastrtps_c__visibility_control.h
[19.913s] -- Installing: /root/catkin_ws/install/std_srvs/lib/libstd_srvs__rosidl_typesupport_fastrtps_c.so
[19.914s] -- Set runtime path of "/root/catkin_ws/install/std_srvs/lib/libstd_srvs__rosidl_typesupport_fastrtps_c.so" to ""
[19.914s] -- Up-to-date: /root/catkin_ws/install/std_srvs/include/std_srvs
[19.914s] -- Up-to-date: /root/catkin_ws/install/std_srvs/include/std_srvs/srv
[19.914s] -- Up-to-date: /root/catkin_ws/install/std_srvs/include/std_srvs/srv/detail
[19.915s] -- Installing: /root/catkin_ws/install/std_srvs/include/std_srvs/srv/detail/trigger__rosidl_typesupport_fastrtps_cpp.hpp
[19.915s] -- Installing: /root/catkin_ws/install/std_srvs/include/std_srvs/srv/detail/empty__rosidl_typesupport_fastrtps_cpp.hpp
[19.915s] -- Installing: /root/catkin_ws/install/std_srvs/include/std_srvs/srv/detail/set_bool__rosidl_typesupport_fastrtps_cpp.hpp
[19.915s] -- Installing: /root/catkin_ws/install/std_srvs/include/std_srvs/srv/detail/dds_fastrtps
[19.916s] -- Up-to-date: /root/catkin_ws/install/std_srvs/include/std_srvs/msg
[19.916s] -- Installing: /root/catkin_ws/install/std_srvs/include/std_srvs/msg/rosidl_typesupport_fastrtps_cpp__visibility_control.h
[19.916s] -- Installing: /root/catkin_ws/install/std_srvs/lib/libstd_srvs__rosidl_typesupport_fastrtps_cpp.so
[19.916s] -- Set runtime path of "/root/catkin_ws/install/std_srvs/lib/libstd_srvs__rosidl_typesupport_fastrtps_cpp.so" to ""
[19.916s] -- Up-to-date: /root/catkin_ws/install/std_srvs/include/std_srvs
[19.916s] -- Up-to-date: /root/catkin_ws/install/std_srvs/include/std_srvs/srv
[19.917s] -- Up-to-date: /root/catkin_ws/install/std_srvs/include/std_srvs/srv/detail
[19.917s] -- Installing: /root/catkin_ws/install/std_srvs/include/std_srvs/srv/detail/set_bool__rosidl_typesupport_introspection_c.h
[19.917s] -- Installing: /root/catkin_ws/install/std_srvs/include/std_srvs/srv/detail/trigger__type_support.c
[19.917s] -- Installing: /root/catkin_ws/install/std_srvs/include/std_srvs/srv/detail/set_bool__type_support.c
[19.917s] -- Installing: /root/catkin_ws/install/std_srvs/include/std_srvs/srv/detail/empty__rosidl_typesupport_introspection_c.h
[19.918s] -- Installing: /root/catkin_ws/install/std_srvs/include/std_srvs/srv/detail/empty__type_support.c
[19.918s] -- Installing: /root/catkin_ws/install/std_srvs/include/std_srvs/srv/detail/trigger__rosidl_typesupport_introspection_c.h
[19.918s] -- Up-to-date: /root/catkin_ws/install/std_srvs/include/std_srvs/msg
[19.918s] -- Installing: /root/catkin_ws/install/std_srvs/include/std_srvs/msg/rosidl_typesupport_introspection_c__visibility_control.h
[19.919s] -- Installing: /root/catkin_ws/install/std_srvs/lib/libstd_srvs__rosidl_typesupport_introspection_c.so
[19.919s] -- Set runtime path of "/root/catkin_ws/install/std_srvs/lib/libstd_srvs__rosidl_typesupport_introspection_c.so" to ""
[19.919s] -- Installing: /root/catkin_ws/install/std_srvs/lib/libstd_srvs__rosidl_typesupport_c.so
[19.919s] -- Set runtime path of "/root/catkin_ws/install/std_srvs/lib/libstd_srvs__rosidl_typesupport_c.so" to ""
[19.920s] -- Up-to-date: /root/catkin_ws/install/std_srvs/include/std_srvs
[19.920s] -- Up-to-date: /root/catkin_ws/install/std_srvs/include/std_srvs/srv
[19.920s] -- Up-to-date: /root/catkin_ws/install/std_srvs/include/std_srvs/srv/detail
[19.923s] -- Installing: /root/catkin_ws/install/std_srvs/include/std_srvs/srv/detail/trigger__traits.hpp
[19.924s] -- Installing: /root/catkin_ws/install/std_srvs/include/std_srvs/srv/detail/empty__traits.hpp
[19.924s] -- Installing: /root/catkin_ws/install/std_srvs/include/std_srvs/srv/detail/empty__builder.hpp
[19.924s] -- Installing: /root/catkin_ws/install/std_srvs/include/std_srvs/srv/detail/set_bool__struct.hpp
[19.924s] -- Installing: /root/catkin_ws/install/std_srvs/include/std_srvs/srv/detail/empty__struct.hpp
[19.924s] -- Installing: /root/catkin_ws/install/std_srvs/include/std_srvs/srv/detail/trigger__builder.hpp
[19.925s] -- Installing: /root/catkin_ws/install/std_srvs/include/std_srvs/srv/detail/trigger__struct.hpp
[19.925s] -- Installing: /root/catkin_ws/install/std_srvs/include/std_srvs/srv/detail/set_bool__traits.hpp
[19.925s] -- Installing: /root/catkin_ws/install/std_srvs/include/std_srvs/srv/detail/set_bool__builder.hpp
[19.926s] -- Installing: /root/catkin_ws/install/std_srvs/include/std_srvs/srv/set_bool.hpp
[19.926s] -- Installing: /root/catkin_ws/install/std_srvs/include/std_srvs/srv/empty.hpp
[19.926s] -- Installing: /root/catkin_ws/install/std_srvs/include/std_srvs/srv/trigger.hpp
[19.926s] -- Up-to-date: /root/catkin_ws/install/std_srvs/include/std_srvs
[19.927s] -- Up-to-date: /root/catkin_ws/install/std_srvs/include/std_srvs/srv
[19.927s] -- Up-to-date: /root/catkin_ws/install/std_srvs/include/std_srvs/srv/detail
[19.927s] -- Installing: /root/catkin_ws/install/std_srvs/include/std_srvs/srv/detail/trigger__rosidl_typesupport_microxrcedds_cpp.hpp
[19.927s] -- Installing: /root/catkin_ws/install/std_srvs/include/std_srvs/srv/detail/empty__rosidl_typesupport_microxrcedds_cpp.hpp
[19.927s] -- Installing: /root/catkin_ws/install/std_srvs/include/std_srvs/srv/detail/set_bool__rosidl_typesupport_microxrcedds_cpp.hpp
[19.928s] -- Up-to-date: /root/catkin_ws/install/std_srvs/include/std_srvs/srv/detail/microxrcedds
[19.928s] -- Installing: /root/catkin_ws/install/std_srvs/include/std_srvs/srv/detail/microxrcedds/empty__type_support_cpp.cpp
[19.928s] -- Installing: /root/catkin_ws/install/std_srvs/include/std_srvs/srv/detail/microxrcedds/set_bool__type_support_cpp.cpp
[19.928s] -- Installing: /root/catkin_ws/install/std_srvs/include/std_srvs/srv/detail/microxrcedds/trigger__type_support_cpp.cpp
[19.929s] -- Up-to-date: /root/catkin_ws/install/std_srvs/include/std_srvs/msg
[19.929s] -- Installing: /root/catkin_ws/install/std_srvs/include/std_srvs/msg/rosidl_typesupport_microxrcedds_cpp__visibility_control.h
[19.929s] -- Installing: /root/catkin_ws/install/std_srvs/lib/libstd_srvs__rosidl_typesupport_microxrcedds_cpp.so
[19.929s] -- Set runtime path of "/root/catkin_ws/install/std_srvs/lib/libstd_srvs__rosidl_typesupport_microxrcedds_cpp.so" to ""
[19.929s] -- Up-to-date: /root/catkin_ws/install/std_srvs/include/std_srvs
[19.930s] -- Up-to-date: /root/catkin_ws/install/std_srvs/include/std_srvs/srv
[19.930s] -- Up-to-date: /root/catkin_ws/install/std_srvs/include/std_srvs/srv/detail
[19.930s] -- Installing: /root/catkin_ws/install/std_srvs/include/std_srvs/srv/detail/empty__rosidl_typesupport_introspection_cpp.hpp
[19.941s] -- Installing: /root/catkin_ws/install/std_srvs/include/std_srvs/srv/detail/trigger__type_support.cpp
[19.941s] -- Installing: /root/catkin_ws/install/std_srvs/include/std_srvs/srv/detail/empty__type_support.cpp
[19.941s] -- Installing: /root/catkin_ws/install/std_srvs/include/std_srvs/srv/detail/trigger__rosidl_typesupport_introspection_cpp.hpp
[19.942s] -- Installing: /root/catkin_ws/install/std_srvs/include/std_srvs/srv/detail/set_bool__rosidl_typesupport_introspection_cpp.hpp
[19.942s] -- Installing: /root/catkin_ws/install/std_srvs/include/std_srvs/srv/detail/set_bool__type_support.cpp
[19.942s] -- Installing: /root/catkin_ws/install/std_srvs/lib/libstd_srvs__rosidl_typesupport_introspection_cpp.so
[19.942s] -- Set runtime path of "/root/catkin_ws/install/std_srvs/lib/libstd_srvs__rosidl_typesupport_introspection_cpp.so" to ""
[19.942s] -- Installing: /root/catkin_ws/install/std_srvs/lib/libstd_srvs__rosidl_typesupport_cpp.so
[19.942s] -- Set runtime path of "/root/catkin_ws/install/std_srvs/lib/libstd_srvs__rosidl_typesupport_cpp.so" to ""
[19.942s] -- Installing: /root/catkin_ws/install/std_srvs/share/std_srvs/environment/pythonpath.sh
[19.943s] -- Installing: /root/catkin_ws/install/std_srvs/share/std_srvs/environment/pythonpath.dsv
[19.943s] -- Installing: /root/catkin_ws/install/std_srvs/lib/python3.8/site-packages/std_srvs/__init__.py
[19.943s] Compiling '/root/catkin_ws/install/std_srvs/lib/python3.8/site-packages/std_srvs/__init__.py'...
[19.943s] -- Installing: /root/catkin_ws/install/std_srvs/lib/python3.8/site-packages/std_srvs/srv
[19.943s] -- Installing: /root/catkin_ws/install/std_srvs/lib/python3.8/site-packages/std_srvs/srv/_empty_s.c
[19.943s] -- Installing: /root/catkin_ws/install/std_srvs/lib/python3.8/site-packages/std_srvs/srv/_set_bool_s.c
[19.944s] -- Installing: /root/catkin_ws/install/std_srvs/lib/python3.8/site-packages/std_srvs/srv/_empty.py
[19.944s] -- Installing: /root/catkin_ws/install/std_srvs/lib/python3.8/site-packages/std_srvs/srv/_trigger_s.c
[19.944s] -- Installing: /root/catkin_ws/install/std_srvs/lib/python3.8/site-packages/std_srvs/srv/_trigger.py
[19.945s] -- Installing: /root/catkin_ws/install/std_srvs/lib/python3.8/site-packages/std_srvs/srv/_set_bool.py
[19.945s] -- Installing: /root/catkin_ws/install/std_srvs/lib/python3.8/site-packages/std_srvs/srv/__init__.py
[19.946s] -- Installing: /root/catkin_ws/install/std_srvs/lib/python3.8/site-packages/std_srvs/std_srvs_s__rosidl_typesupport_microxrcedds_c.cpython-38-x86_64-linux-gnu.so
[19.947s] -- Set runtime path of "/root/catkin_ws/install/std_srvs/lib/python3.8/site-packages/std_srvs/std_srvs_s__rosidl_typesupport_microxrcedds_c.cpython-38-x86_64-linux-gnu.so" to ""
[19.947s] -- Installing: /root/catkin_ws/install/std_srvs/lib/python3.8/site-packages/std_srvs/std_srvs_s__rosidl_typesupport_fastrtps_c.cpython-38-x86_64-linux-gnu.so
[19.947s] -- Set runtime path of "/root/catkin_ws/install/std_srvs/lib/python3.8/site-packages/std_srvs/std_srvs_s__rosidl_typesupport_fastrtps_c.cpython-38-x86_64-linux-gnu.so" to ""
[19.947s] -- Installing: /root/catkin_ws/install/std_srvs/lib/python3.8/site-packages/std_srvs/std_srvs_s__rosidl_typesupport_introspection_c.cpython-38-x86_64-linux-gnu.so
[19.948s] -- Set runtime path of "/root/catkin_ws/install/std_srvs/lib/python3.8/site-packages/std_srvs/std_srvs_s__rosidl_typesupport_introspection_c.cpython-38-x86_64-linux-gnu.so" to ""
[19.948s] -- Installing: /root/catkin_ws/install/std_srvs/lib/python3.8/site-packages/std_srvs/std_srvs_s__rosidl_typesupport_c.cpython-38-x86_64-linux-gnu.so
[19.948s] -- Set runtime path of "/root/catkin_ws/install/std_srvs/lib/python3.8/site-packages/std_srvs/std_srvs_s__rosidl_typesupport_c.cpython-38-x86_64-linux-gnu.so" to ""
[19.949s] -- Installing: /root/catkin_ws/install/std_srvs/lib/libstd_srvs__python.so
[19.949s] -- Set runtime path of "/root/catkin_ws/install/std_srvs/lib/libstd_srvs__python.so" to ""
[19.950s] -- Installing: /root/catkin_ws/install/std_srvs/share/std_srvs/srv/Empty.idl
[19.950s] -- Installing: /root/catkin_ws/install/std_srvs/share/std_srvs/srv/SetBool.idl
[19.950s] -- Installing: /root/catkin_ws/install/std_srvs/share/std_srvs/srv/Trigger.idl
[19.951s] -- Installing: /root/catkin_ws/install/std_srvs/share/std_srvs/srv/Empty.srv
[19.952s] -- Installing: /root/catkin_ws/install/std_srvs/share/std_srvs/srv/Empty_Request.msg
[19.952s] -- Installing: /root/catkin_ws/install/std_srvs/share/std_srvs/srv/Empty_Response.msg
[19.952s] -- Installing: /root/catkin_ws/install/std_srvs/share/std_srvs/srv/SetBool.srv
[19.953s] -- Installing: /root/catkin_ws/install/std_srvs/share/std_srvs/srv/SetBool_Request.msg
[19.953s] -- Installing: /root/catkin_ws/install/std_srvs/share/std_srvs/srv/SetBool_Response.msg
[19.957s] -- Installing: /root/catkin_ws/install/std_srvs/share/std_srvs/srv/Trigger.srv
[19.957s] -- Installing: /root/catkin_ws/install/std_srvs/share/std_srvs/srv/Trigger_Request.msg
[19.957s] -- Installing: /root/catkin_ws/install/std_srvs/share/std_srvs/srv/Trigger_Response.msg
[19.957s] -- Installing: /root/catkin_ws/install/std_srvs/share/ament_index/resource_index/package_run_dependencies/std_srvs
[19.958s] -- Installing: /root/catkin_ws/install/std_srvs/share/ament_index/resource_index/parent_prefix_path/std_srvs
[19.958s] -- Installing: /root/catkin_ws/install/std_srvs/share/std_srvs/environment/ament_prefix_path.sh
[19.958s] -- Installing: /root/catkin_ws/install/std_srvs/share/std_srvs/environment/ament_prefix_path.dsv
[19.958s] -- Installing: /root/catkin_ws/install/std_srvs/share/std_srvs/environment/path.sh
[19.959s] -- Installing: /root/catkin_ws/install/std_srvs/share/std_srvs/environment/path.dsv
[19.959s] -- Installing: /root/catkin_ws/install/std_srvs/share/std_srvs/local_setup.bash
[19.959s] -- Installing: /root/catkin_ws/install/std_srvs/share/std_srvs/local_setup.sh
[19.959s] -- Installing: /root/catkin_ws/install/std_srvs/share/std_srvs/local_setup.zsh
[19.959s] -- Installing: /root/catkin_ws/install/std_srvs/share/std_srvs/local_setup.dsv
[19.960s] -- Installing: /root/catkin_ws/install/std_srvs/share/std_srvs/package.dsv
[19.960s] -- Installing: /root/catkin_ws/install/std_srvs/share/ament_index/resource_index/packages/std_srvs
[19.960s] -- Installing: /root/catkin_ws/install/std_srvs/share/std_srvs/cmake/std_srvs__rosidl_generator_cExport.cmake
[19.960s] -- Installing: /root/catkin_ws/install/std_srvs/share/std_srvs/cmake/std_srvs__rosidl_generator_cExport-noconfig.cmake
[19.961s] -- Installing: /root/catkin_ws/install/std_srvs/share/std_srvs/cmake/std_srvs__rosidl_typesupport_introspection_cExport.cmake
[19.962s] -- Installing: /root/catkin_ws/install/std_srvs/share/std_srvs/cmake/std_srvs__rosidl_typesupport_introspection_cExport-noconfig.cmake
[19.962s] -- Installing: /root/catkin_ws/install/std_srvs/share/std_srvs/cmake/std_srvs__rosidl_typesupport_cExport.cmake
[19.962s] -- Installing: /root/catkin_ws/install/std_srvs/share/std_srvs/cmake/std_srvs__rosidl_typesupport_cExport-noconfig.cmake
[19.962s] -- Installing: /root/catkin_ws/install/std_srvs/share/std_srvs/cmake/std_srvs__rosidl_generator_cppExport.cmake
[19.963s] -- Installing: /root/catkin_ws/install/std_srvs/share/std_srvs/cmake/std_srvs__rosidl_typesupport_introspection_cppExport.cmake
[19.963s] -- Installing: /root/catkin_ws/install/std_srvs/share/std_srvs/cmake/std_srvs__rosidl_typesupport_introspection_cppExport-noconfig.cmake
[19.963s] -- Installing: /root/catkin_ws/install/std_srvs/share/std_srvs/cmake/std_srvs__rosidl_typesupport_cppExport.cmake
[19.964s] -- Installing: /root/catkin_ws/install/std_srvs/share/std_srvs/cmake/std_srvs__rosidl_typesupport_cppExport-noconfig.cmake
[19.964s] -- Installing: /root/catkin_ws/install/std_srvs/share/std_srvs/cmake/rosidl_cmake-extras.cmake
[19.965s] -- Installing: /root/catkin_ws/install/std_srvs/share/std_srvs/cmake/ament_cmake_export_dependencies-extras.cmake
[19.965s] -- Installing: /root/catkin_ws/install/std_srvs/share/std_srvs/cmake/ament_cmake_export_libraries-extras.cmake
[19.966s] -- Installing: /root/catkin_ws/install/std_srvs/share/std_srvs/cmake/ament_cmake_export_targets-extras.cmake
[19.966s] -- Installing: /root/catkin_ws/install/std_srvs/share/std_srvs/cmake/ament_cmake_export_include_directories-extras.cmake
[19.966s] -- Installing: /root/catkin_ws/install/std_srvs/share/std_srvs/cmake/rosidl_cmake_export_typesupport_libraries-extras.cmake
[19.970s] -- Installing: /root/catkin_ws/install/std_srvs/share/std_srvs/cmake/rosidl_cmake_export_typesupport_targets-extras.cmake
[19.970s] -- Installing: /root/catkin_ws/install/std_srvs/share/std_srvs/cmake/std_srvsConfig.cmake
[19.970s] -- Installing: /root/catkin_ws/install/std_srvs/share/std_srvs/cmake/std_srvsConfig-version.cmake
[19.970s] -- Installing: /root/catkin_ws/install/std_srvs/share/std_srvs/package.xml
[19.974s] Invoked command in '/root/catkin_ws/build/std_srvs' returned '0': CMAKE_PREFIX_PATH=${CMAKE_PREFIX_PATH}:/root/catkin_ws/install/topic_service_action_rclpy_example:/root/catkin_ws/install/time_rclpy_example:/root/catkin_ws/install/tf2_rclpy_example:/root/catkin_ws/install/ros2env:/root/catkin_ws/install/omo_r1mini_teleop:/root/catkin_ws/install/omo_r1mini_bringup:/root/catkin_ws/install/my_first_ros_rclpy_pkg:/root/catkin_ws/install/logging_rclpy_example:/root/catkin_ws/install/iahrs_driver:/root/install/topic_service_action_rclpy_example:/root/install/time_rclpy_example:/root/install/tf2_rclpy_example:/root/install/ros2env:/root/install/omo_r1mini_teleop:/root/install/omo_r1mini_bringup:/root/install/my_first_ros_rclpy_pkg:/root/install/logging_rclpy_example:/opt/ros/foxy /usr/bin/cmake --install /root/catkin_ws/build/std_srvs
