[0.115s] Invoking command in '/root/catkin_ws/build/omo_r1mini_description': CMAKE_PREFIX_PATH=${CMAKE_PREFIX_PATH}:/root/catkin_ws/install/topic_service_action_rclpy_example:/root/catkin_ws/install/time_rclpy_example:/root/catkin_ws/install/tf2_rclpy_example:/root/catkin_ws/install/ros2env:/root/catkin_ws/install/omo_r1mini_teleop:/root/catkin_ws/install/omo_r1mini_bringup:/root/catkin_ws/install/my_first_ros_rclpy_pkg:/root/catkin_ws/install/logging_rclpy_example:/root/catkin_ws/src/install/topic_service_action_rclpy_example:/root/catkin_ws/src/install/time_rclpy_example:/root/catkin_ws/src/install/tf2_rclpy_example:/root/catkin_ws/src/install/ros2env:/root/catkin_ws/src/install/omo_r1mini_teleop:/root/catkin_ws/src/install/omo_r1mini_bringup:/root/catkin_ws/src/install/my_first_ros_rclpy_pkg:/root/catkin_ws/src/install/logging_rclpy_example:/opt/ros/foxy /usr/bin/cmake --build /root/catkin_ws/build/omo_r1mini_description -- -j12 -l12
[0.768s] Invoked command in '/root/catkin_ws/build/omo_r1mini_description' returned '0': CMAKE_PREFIX_PATH=${CMAKE_PREFIX_PATH}:/root/catkin_ws/install/topic_service_action_rclpy_example:/root/catkin_ws/install/time_rclpy_example:/root/catkin_ws/install/tf2_rclpy_example:/root/catkin_ws/install/ros2env:/root/catkin_ws/install/omo_r1mini_teleop:/root/catkin_ws/install/omo_r1mini_bringup:/root/catkin_ws/install/my_first_ros_rclpy_pkg:/root/catkin_ws/install/logging_rclpy_example:/root/catkin_ws/src/install/topic_service_action_rclpy_example:/root/catkin_ws/src/install/time_rclpy_example:/root/catkin_ws/src/install/tf2_rclpy_example:/root/catkin_ws/src/install/ros2env:/root/catkin_ws/src/install/omo_r1mini_teleop:/root/catkin_ws/src/install/omo_r1mini_bringup:/root/catkin_ws/src/install/my_first_ros_rclpy_pkg:/root/catkin_ws/src/install/logging_rclpy_example:/opt/ros/foxy /usr/bin/cmake --build /root/catkin_ws/build/omo_r1mini_description -- -j12 -l12
[0.819s] Invoking command in '/root/catkin_ws/build/omo_r1mini_description': CMAKE_PREFIX_PATH=${CMAKE_PREFIX_PATH}:/root/catkin_ws/install/topic_service_action_rclpy_example:/root/catkin_ws/install/time_rclpy_example:/root/catkin_ws/install/tf2_rclpy_example:/root/catkin_ws/install/ros2env:/root/catkin_ws/install/omo_r1mini_teleop:/root/catkin_ws/install/omo_r1mini_bringup:/root/catkin_ws/install/my_first_ros_rclpy_pkg:/root/catkin_ws/install/logging_rclpy_example:/root/catkin_ws/src/install/topic_service_action_rclpy_example:/root/catkin_ws/src/install/time_rclpy_example:/root/catkin_ws/src/install/tf2_rclpy_example:/root/catkin_ws/src/install/ros2env:/root/catkin_ws/src/install/omo_r1mini_teleop:/root/catkin_ws/src/install/omo_r1mini_bringup:/root/catkin_ws/src/install/my_first_ros_rclpy_pkg:/root/catkin_ws/src/install/logging_rclpy_example:/opt/ros/foxy /usr/bin/cmake --install /root/catkin_ws/build/omo_r1mini_description
[0.834s] -- Install configuration: ""
[0.834s] -- Execute custom install script
[0.835s] -- Up-to-date symlink: /root/catkin_ws/install/omo_r1mini_description/share/omo_r1mini_description/meshes/bases/body_assy.dae
[0.837s] -- Up-to-date symlink: /root/catkin_ws/install/omo_r1mini_description/share/omo_r1mini_description/meshes/bases/housing_body.dae
[0.838s] -- Up-to-date symlink: /root/catkin_ws/install/omo_r1mini_description/share/omo_r1mini_description/meshes/sensors/ydlidar_assy.dae
[0.838s] -- Up-to-date symlink: /root/catkin_ws/install/omo_r1mini_description/share/omo_r1mini_description/meshes/wheels/caster_wheel.dae
[0.839s] -- Up-to-date symlink: /root/catkin_ws/install/omo_r1mini_description/share/omo_r1mini_description/meshes/wheels/caster_wheel_mount.dae
[0.839s] -- Up-to-date symlink: /root/catkin_ws/install/omo_r1mini_description/share/omo_r1mini_description/meshes/wheels/caster_wheel_rotate.dae
[0.840s] -- Up-to-date symlink: /root/catkin_ws/install/omo_r1mini_description/share/omo_r1mini_description/meshes/wheels/wheel_assy.dae
[0.841s] -- Up-to-date symlink: /root/catkin_ws/install/omo_r1mini_description/share/omo_r1mini_description/rviz/model.rviz
[0.841s] -- Up-to-date symlink: /root/catkin_ws/install/omo_r1mini_description/share/omo_r1mini_description/urdf/omo_r1mini.urdf
[0.841s] -- Up-to-date symlink: /root/catkin_ws/install/omo_r1mini_description/share/omo_r1mini_description/launch/omo_r1mini_description.launch.py
[0.841s] -- Up-to-date symlink: /root/catkin_ws/install/omo_r1mini_description/share/omo_r1mini_description/launch/omo_r1mini_description_rviz.launch.py
[0.841s] -- Up-to-date symlink: /root/catkin_ws/install/omo_r1mini_description/share/omo_r1mini_description/launch/omo_r1mini_state_publisher.launch.py
[0.842s] -- Up-to-date symlink: /root/catkin_ws/install/omo_r1mini_description/share/ament_index/resource_index/package_run_dependencies/omo_r1mini_description
[0.844s] -- Up-to-date symlink: /root/catkin_ws/install/omo_r1mini_description/share/ament_index/resource_index/parent_prefix_path/omo_r1mini_description
[0.845s] -- Up-to-date symlink: /root/catkin_ws/install/omo_r1mini_description/share/omo_r1mini_description/environment/ament_prefix_path.sh
[0.845s] -- Up-to-date symlink: /root/catkin_ws/install/omo_r1mini_description/share/omo_r1mini_description/environment/ament_prefix_path.dsv
[0.851s] -- Up-to-date symlink: /root/catkin_ws/install/omo_r1mini_description/share/omo_r1mini_description/environment/path.sh
[0.852s] -- Up-to-date symlink: /root/catkin_ws/install/omo_r1mini_description/share/omo_r1mini_description/environment/path.dsv
[0.864s] -- Up-to-date symlink: /root/catkin_ws/install/omo_r1mini_description/share/omo_r1mini_description/local_setup.bash
[0.865s] -- Up-to-date symlink: /root/catkin_ws/install/omo_r1mini_description/share/omo_r1mini_description/local_setup.sh
[0.865s] -- Up-to-date symlink: /root/catkin_ws/install/omo_r1mini_description/share/omo_r1mini_description/local_setup.zsh
[0.865s] -- Up-to-date symlink: /root/catkin_ws/install/omo_r1mini_description/share/omo_r1mini_description/local_setup.dsv
[0.865s] -- Symlinking: /root/catkin_ws/install/omo_r1mini_description/share/omo_r1mini_description/package.dsv
[0.875s] -- Up-to-date symlink: /root/catkin_ws/install/omo_r1mini_description/share/ament_index/resource_index/packages/omo_r1mini_description
[0.876s] -- Up-to-date symlink: /root/catkin_ws/install/omo_r1mini_description/share/omo_r1mini_description/cmake/omo_r1mini_descriptionConfig.cmake
[0.876s] -- Up-to-date symlink: /root/catkin_ws/install/omo_r1mini_description/share/omo_r1mini_description/cmake/omo_r1mini_descriptionConfig-version.cmake
[0.876s] -- Up-to-date symlink: /root/catkin_ws/install/omo_r1mini_description/share/omo_r1mini_description/package.xml
[0.887s] Invoked command in '/root/catkin_ws/build/omo_r1mini_description' returned '0': CMAKE_PREFIX_PATH=${CMAKE_PREFIX_PATH}:/root/catkin_ws/install/topic_service_action_rclpy_example:/root/catkin_ws/install/time_rclpy_example:/root/catkin_ws/install/tf2_rclpy_example:/root/catkin_ws/install/ros2env:/root/catkin_ws/install/omo_r1mini_teleop:/root/catkin_ws/install/omo_r1mini_bringup:/root/catkin_ws/install/my_first_ros_rclpy_pkg:/root/catkin_ws/install/logging_rclpy_example:/root/catkin_ws/src/install/topic_service_action_rclpy_example:/root/catkin_ws/src/install/time_rclpy_example:/root/catkin_ws/src/install/tf2_rclpy_example:/root/catkin_ws/src/install/ros2env:/root/catkin_ws/src/install/omo_r1mini_teleop:/root/catkin_ws/src/install/omo_r1mini_bringup:/root/catkin_ws/src/install/my_first_ros_rclpy_pkg:/root/catkin_ws/src/install/logging_rclpy_example:/opt/ros/foxy /usr/bin/cmake --install /root/catkin_ws/build/omo_r1mini_description
