[0.307s] Invoking command in '/root/catkin_ws/build/msg_srv_action_interface_example': CMAKE_PREFIX_PATH=${CMAKE_PREFIX_PATH}:/root/catkin_ws/install/topic_service_action_rclpy_example:/root/catkin_ws/install/time_rclpy_example:/root/catkin_ws/install/tf2_rclpy_example:/root/catkin_ws/install/ros2env:/root/catkin_ws/install/omo_r1mini_teleop:/root/catkin_ws/install/omo_r1mini_bringup:/root/catkin_ws/install/my_first_ros_rclpy_pkg:/root/catkin_ws/install/logging_rclpy_example:/root/catkin_ws/src/install/topic_service_action_rclpy_example:/root/catkin_ws/src/install/time_rclpy_example:/root/catkin_ws/src/install/tf2_rclpy_example:/root/catkin_ws/src/install/ros2env:/root/catkin_ws/src/install/omo_r1mini_teleop:/root/catkin_ws/src/install/omo_r1mini_bringup:/root/catkin_ws/src/install/my_first_ros_rclpy_pkg:/root/catkin_ws/src/install/logging_rclpy_example:/opt/ros/foxy /usr/bin/cmake --build /root/catkin_ws/build/msg_srv_action_interface_example -- -j12 -l12
[1.949s] [  2%] Built target msg_srv_action_interface_example__cpp
[1.950s] [ 25%] Built target msg_srv_action_interface_example__rosidl_typesupport_cpp
[1.951s] [ 27%] Built target msg_srv_action_interface_example__rosidl_typesupport_introspection_cpp
[1.951s] [ 34%] Built target msg_srv_action_interface_example__rosidl_generator_c
[1.952s] [ 44%] Built target msg_srv_action_interface_example__rosidl_typesupport_fastrtps_cpp
[1.952s] [ 55%] Built target msg_srv_action_interface_example__rosidl_typesupport_introspection_c
[1.953s] [ 65%] Built target msg_srv_action_interface_example__rosidl_typesupport_c
[1.954s] [ 76%] Built target msg_srv_action_interface_example__rosidl_typesupport_fastrtps_c
[1.954s] [ 76%] Built target msg_srv_action_interface_example
[1.954s] [ 78%] Built target msg_srv_action_interface_example__py
[1.955s] [  8%] Built target msg_srv_action_interface_example__python
[1.955s] [ 25%] Built target msg_srv_action_interface_example__rosidl_typesupport_c__pyext
[1.955s] [ 29%] Built target msg_srv_action_interface_example__rosidl_typesupport_fastrtps_c__pyext
[1.957s] [ 34%] Built target msg_srv_action_interface_example__rosidl_typesupport_introspection_c__pyext
[1.999s] Invoked command in '/root/catkin_ws/build/msg_srv_action_interface_example' returned '0': CMAKE_PREFIX_PATH=${CMAKE_PREFIX_PATH}:/root/catkin_ws/install/topic_service_action_rclpy_example:/root/catkin_ws/install/time_rclpy_example:/root/catkin_ws/install/tf2_rclpy_example:/root/catkin_ws/install/ros2env:/root/catkin_ws/install/omo_r1mini_teleop:/root/catkin_ws/install/omo_r1mini_bringup:/root/catkin_ws/install/my_first_ros_rclpy_pkg:/root/catkin_ws/install/logging_rclpy_example:/root/catkin_ws/src/install/topic_service_action_rclpy_example:/root/catkin_ws/src/install/time_rclpy_example:/root/catkin_ws/src/install/tf2_rclpy_example:/root/catkin_ws/src/install/ros2env:/root/catkin_ws/src/install/omo_r1mini_teleop:/root/catkin_ws/src/install/omo_r1mini_bringup:/root/catkin_ws/src/install/my_first_ros_rclpy_pkg:/root/catkin_ws/src/install/logging_rclpy_example:/opt/ros/foxy /usr/bin/cmake --build /root/catkin_ws/build/msg_srv_action_interface_example -- -j12 -l12
[2.244s] Invoking command in '/root/catkin_ws/build/msg_srv_action_interface_example': CMAKE_PREFIX_PATH=${CMAKE_PREFIX_PATH}:/root/catkin_ws/install/topic_service_action_rclpy_example:/root/catkin_ws/install/time_rclpy_example:/root/catkin_ws/install/tf2_rclpy_example:/root/catkin_ws/install/ros2env:/root/catkin_ws/install/omo_r1mini_teleop:/root/catkin_ws/install/omo_r1mini_bringup:/root/catkin_ws/install/my_first_ros_rclpy_pkg:/root/catkin_ws/install/logging_rclpy_example:/root/catkin_ws/src/install/topic_service_action_rclpy_example:/root/catkin_ws/src/install/time_rclpy_example:/root/catkin_ws/src/install/tf2_rclpy_example:/root/catkin_ws/src/install/ros2env:/root/catkin_ws/src/install/omo_r1mini_teleop:/root/catkin_ws/src/install/omo_r1mini_bringup:/root/catkin_ws/src/install/my_first_ros_rclpy_pkg:/root/catkin_ws/src/install/logging_rclpy_example:/opt/ros/foxy /usr/bin/cmake --install /root/catkin_ws/build/msg_srv_action_interface_example
[2.258s] -- Install configuration: ""
[2.258s] -- Execute custom install script
[2.258s] -- Up-to-date symlink: /root/catkin_ws/install/msg_srv_action_interface_example/share/ament_index/resource_index/rosidl_interfaces/msg_srv_action_interface_example
[2.259s] -- Up-to-date symlink: /root/catkin_ws/install/msg_srv_action_interface_example/include/msg_srv_action_interface_example/action/arithmetic_checker.h
[2.259s] -- Up-to-date symlink: /root/catkin_ws/install/msg_srv_action_interface_example/include/msg_srv_action_interface_example/action/detail/arithmetic_checker__functions.h
[2.260s] -- Up-to-date symlink: /root/catkin_ws/install/msg_srv_action_interface_example/include/msg_srv_action_interface_example/action/detail/arithmetic_checker__struct.h
[2.260s] -- Up-to-date symlink: /root/catkin_ws/install/msg_srv_action_interface_example/include/msg_srv_action_interface_example/action/detail/arithmetic_checker__type_support.h
[2.260s] -- Up-to-date symlink: /root/catkin_ws/install/msg_srv_action_interface_example/include/msg_srv_action_interface_example/msg/arithmetic_argument.h
[2.263s] -- Up-to-date symlink: /root/catkin_ws/install/msg_srv_action_interface_example/include/msg_srv_action_interface_example/msg/detail/arithmetic_argument__functions.h
[2.263s] -- Up-to-date symlink: /root/catkin_ws/install/msg_srv_action_interface_example/include/msg_srv_action_interface_example/msg/detail/arithmetic_argument__struct.h
[2.264s] -- Up-to-date symlink: /root/catkin_ws/install/msg_srv_action_interface_example/include/msg_srv_action_interface_example/msg/detail/arithmetic_argument__type_support.h
[2.264s] -- Up-to-date symlink: /root/catkin_ws/install/msg_srv_action_interface_example/include/msg_srv_action_interface_example/msg/rosidl_generator_c__visibility_control.h
[2.264s] -- Up-to-date symlink: /root/catkin_ws/install/msg_srv_action_interface_example/include/msg_srv_action_interface_example/srv/arithmetic_operator.h
[2.265s] -- Up-to-date symlink: /root/catkin_ws/install/msg_srv_action_interface_example/include/msg_srv_action_interface_example/srv/detail/arithmetic_operator__functions.h
[2.265s] -- Up-to-date symlink: /root/catkin_ws/install/msg_srv_action_interface_example/include/msg_srv_action_interface_example/srv/detail/arithmetic_operator__struct.h
[2.267s] -- Up-to-date symlink: /root/catkin_ws/install/msg_srv_action_interface_example/include/msg_srv_action_interface_example/srv/detail/arithmetic_operator__type_support.h
[2.268s] -- Up-to-date symlink: /root/catkin_ws/install/msg_srv_action_interface_example/share/msg_srv_action_interface_example/environment/library_path.sh
[2.268s] -- Up-to-date symlink: /root/catkin_ws/install/msg_srv_action_interface_example/share/msg_srv_action_interface_example/environment/library_path.dsv
[2.268s] -- Up-to-date symlink: /root/catkin_ws/install/msg_srv_action_interface_example/include/msg_srv_action_interface_example/action/detail/arithmetic_checker__rosidl_typesupport_fastrtps_c.h
[2.269s] -- Up-to-date symlink: /root/catkin_ws/install/msg_srv_action_interface_example/include/msg_srv_action_interface_example/msg/detail/arithmetic_argument__rosidl_typesupport_fastrtps_c.h
[2.269s] -- Up-to-date symlink: /root/catkin_ws/install/msg_srv_action_interface_example/include/msg_srv_action_interface_example/msg/rosidl_typesupport_fastrtps_c__visibility_control.h
[2.269s] -- Up-to-date symlink: /root/catkin_ws/install/msg_srv_action_interface_example/include/msg_srv_action_interface_example/srv/detail/arithmetic_operator__rosidl_typesupport_fastrtps_c.h
[2.270s] -- Up-to-date symlink: /root/catkin_ws/install/msg_srv_action_interface_example/lib/libmsg_srv_action_interface_example__rosidl_typesupport_fastrtps_c.so
[2.270s] -- Up-to-date symlink: /root/catkin_ws/install/msg_srv_action_interface_example/include/msg_srv_action_interface_example/action/detail/arithmetic_checker__rosidl_typesupport_fastrtps_cpp.hpp
[2.270s] -- Up-to-date symlink: /root/catkin_ws/install/msg_srv_action_interface_example/include/msg_srv_action_interface_example/msg/detail/arithmetic_argument__rosidl_typesupport_fastrtps_cpp.hpp
[2.270s] -- Up-to-date symlink: /root/catkin_ws/install/msg_srv_action_interface_example/include/msg_srv_action_interface_example/msg/rosidl_typesupport_fastrtps_cpp__visibility_control.h
[2.271s] -- Up-to-date symlink: /root/catkin_ws/install/msg_srv_action_interface_example/include/msg_srv_action_interface_example/srv/detail/arithmetic_operator__rosidl_typesupport_fastrtps_cpp.hpp
[2.277s] -- Up-to-date symlink: /root/catkin_ws/install/msg_srv_action_interface_example/lib/libmsg_srv_action_interface_example__rosidl_typesupport_fastrtps_cpp.so
[2.293s] -- Up-to-date symlink: /root/catkin_ws/install/msg_srv_action_interface_example/include/msg_srv_action_interface_example/action/detail/arithmetic_checker__rosidl_typesupport_introspection_c.h
[2.294s] -- Up-to-date symlink: /root/catkin_ws/install/msg_srv_action_interface_example/include/msg_srv_action_interface_example/msg/detail/arithmetic_argument__rosidl_typesupport_introspection_c.h
[2.294s] -- Up-to-date symlink: /root/catkin_ws/install/msg_srv_action_interface_example/include/msg_srv_action_interface_example/msg/rosidl_typesupport_introspection_c__visibility_control.h
[2.294s] -- Up-to-date symlink: /root/catkin_ws/install/msg_srv_action_interface_example/include/msg_srv_action_interface_example/srv/detail/arithmetic_operator__rosidl_typesupport_introspection_c.h
[2.295s] -- Up-to-date symlink: /root/catkin_ws/install/msg_srv_action_interface_example/include/msg_srv_action_interface_example/action/arithmetic_checker.hpp
[2.295s] -- Up-to-date symlink: /root/catkin_ws/install/msg_srv_action_interface_example/include/msg_srv_action_interface_example/action/detail/arithmetic_checker__builder.hpp
[2.295s] -- Up-to-date symlink: /root/catkin_ws/install/msg_srv_action_interface_example/include/msg_srv_action_interface_example/action/detail/arithmetic_checker__struct.hpp
[2.298s] -- Up-to-date symlink: /root/catkin_ws/install/msg_srv_action_interface_example/include/msg_srv_action_interface_example/action/detail/arithmetic_checker__traits.hpp
[2.298s] -- Up-to-date symlink: /root/catkin_ws/install/msg_srv_action_interface_example/include/msg_srv_action_interface_example/msg/arithmetic_argument.hpp
[2.298s] -- Up-to-date symlink: /root/catkin_ws/install/msg_srv_action_interface_example/include/msg_srv_action_interface_example/msg/detail/arithmetic_argument__builder.hpp
[2.299s] -- Up-to-date symlink: /root/catkin_ws/install/msg_srv_action_interface_example/include/msg_srv_action_interface_example/msg/detail/arithmetic_argument__struct.hpp
[2.302s] -- Up-to-date symlink: /root/catkin_ws/install/msg_srv_action_interface_example/include/msg_srv_action_interface_example/msg/detail/arithmetic_argument__traits.hpp
[2.303s] -- Up-to-date symlink: /root/catkin_ws/install/msg_srv_action_interface_example/include/msg_srv_action_interface_example/srv/arithmetic_operator.hpp
[2.303s] -- Up-to-date symlink: /root/catkin_ws/install/msg_srv_action_interface_example/include/msg_srv_action_interface_example/srv/detail/arithmetic_operator__builder.hpp
[2.304s] -- Up-to-date symlink: /root/catkin_ws/install/msg_srv_action_interface_example/include/msg_srv_action_interface_example/srv/detail/arithmetic_operator__struct.hpp
[2.305s] -- Up-to-date symlink: /root/catkin_ws/install/msg_srv_action_interface_example/include/msg_srv_action_interface_example/srv/detail/arithmetic_operator__traits.hpp
[2.306s] -- Up-to-date symlink: /root/catkin_ws/install/msg_srv_action_interface_example/include/msg_srv_action_interface_example/action/detail/arithmetic_checker__rosidl_typesupport_introspection_cpp.hpp
[2.307s] -- Up-to-date symlink: /root/catkin_ws/install/msg_srv_action_interface_example/include/msg_srv_action_interface_example/msg/detail/arithmetic_argument__rosidl_typesupport_introspection_cpp.hpp
[2.309s] -- Up-to-date symlink: /root/catkin_ws/install/msg_srv_action_interface_example/include/msg_srv_action_interface_example/srv/detail/arithmetic_operator__rosidl_typesupport_introspection_cpp.hpp
[2.310s] -- Up-to-date symlink: /root/catkin_ws/install/msg_srv_action_interface_example/share/msg_srv_action_interface_example/environment/pythonpath.sh
[2.310s] -- Up-to-date symlink: /root/catkin_ws/install/msg_srv_action_interface_example/share/msg_srv_action_interface_example/environment/pythonpath.dsv
[2.316s] -- Up-to-date symlink: /root/catkin_ws/install/msg_srv_action_interface_example/lib/python3.8/site-packages/msg_srv_action_interface_example/__init__.py
[2.318s] -- Up-to-date symlink: /root/catkin_ws/install/msg_srv_action_interface_example/lib/python3.8/site-packages/msg_srv_action_interface_example/msg/__init__.py
[2.318s] -- Up-to-date symlink: /root/catkin_ws/install/msg_srv_action_interface_example/lib/python3.8/site-packages/msg_srv_action_interface_example/msg/_arithmetic_argument.py
[2.318s] -- Up-to-date symlink: /root/catkin_ws/install/msg_srv_action_interface_example/lib/python3.8/site-packages/msg_srv_action_interface_example/srv/__init__.py
[2.318s] -- Up-to-date symlink: /root/catkin_ws/install/msg_srv_action_interface_example/lib/python3.8/site-packages/msg_srv_action_interface_example/srv/_arithmetic_operator.py
[2.318s] -- Up-to-date symlink: /root/catkin_ws/install/msg_srv_action_interface_example/lib/python3.8/site-packages/msg_srv_action_interface_example/action/__init__.py
[2.318s] -- Up-to-date symlink: /root/catkin_ws/install/msg_srv_action_interface_example/lib/python3.8/site-packages/msg_srv_action_interface_example/action/_arithmetic_checker.py
[2.319s] -- Up-to-date symlink: /root/catkin_ws/install/msg_srv_action_interface_example/lib/python3.8/site-packages/msg_srv_action_interface_example/msg_srv_action_interface_example_s__rosidl_typesupport_fastrtps_c.cpython-38-x86_64-linux-gnu.so
[2.319s] -- Up-to-date symlink: /root/catkin_ws/install/msg_srv_action_interface_example/lib/python3.8/site-packages/msg_srv_action_interface_example/msg_srv_action_interface_example_s__rosidl_typesupport_introspection_c.cpython-38-x86_64-linux-gnu.so
[2.320s] -- Up-to-date symlink: /root/catkin_ws/install/msg_srv_action_interface_example/lib/python3.8/site-packages/msg_srv_action_interface_example/msg_srv_action_interface_example_s__rosidl_typesupport_c.cpython-38-x86_64-linux-gnu.so
[2.321s] -- Up-to-date symlink: /root/catkin_ws/install/msg_srv_action_interface_example/lib/libmsg_srv_action_interface_example__python.so
[2.321s] -- Up-to-date symlink: /root/catkin_ws/install/msg_srv_action_interface_example/share/msg_srv_action_interface_example/msg/ArithmeticArgument.idl
[2.321s] -- Up-to-date symlink: /root/catkin_ws/install/msg_srv_action_interface_example/share/msg_srv_action_interface_example/srv/ArithmeticOperator.idl
[2.322s] -- Up-to-date symlink: /root/catkin_ws/install/msg_srv_action_interface_example/share/msg_srv_action_interface_example/action/ArithmeticChecker.idl
[2.322s] -- Up-to-date symlink: /root/catkin_ws/install/msg_srv_action_interface_example/share/msg_srv_action_interface_example/msg/ArithmeticArgument.msg
[2.323s] -- Up-to-date symlink: /root/catkin_ws/install/msg_srv_action_interface_example/share/msg_srv_action_interface_example/srv/ArithmeticOperator.srv
[2.323s] -- Up-to-date symlink: /root/catkin_ws/install/msg_srv_action_interface_example/share/msg_srv_action_interface_example/srv/ArithmeticOperator_Request.msg
[2.323s] -- Up-to-date symlink: /root/catkin_ws/install/msg_srv_action_interface_example/share/msg_srv_action_interface_example/srv/ArithmeticOperator_Response.msg
[2.323s] -- Up-to-date symlink: /root/catkin_ws/install/msg_srv_action_interface_example/share/msg_srv_action_interface_example/action/ArithmeticChecker.action
[2.323s] -- Up-to-date symlink: /root/catkin_ws/install/msg_srv_action_interface_example/share/ament_index/resource_index/package_run_dependencies/msg_srv_action_interface_example
[2.323s] -- Up-to-date symlink: /root/catkin_ws/install/msg_srv_action_interface_example/share/ament_index/resource_index/parent_prefix_path/msg_srv_action_interface_example
[2.323s] -- Up-to-date symlink: /root/catkin_ws/install/msg_srv_action_interface_example/share/msg_srv_action_interface_example/environment/ament_prefix_path.sh
[2.323s] -- Up-to-date symlink: /root/catkin_ws/install/msg_srv_action_interface_example/share/msg_srv_action_interface_example/environment/ament_prefix_path.dsv
[2.325s] -- Up-to-date symlink: /root/catkin_ws/install/msg_srv_action_interface_example/share/msg_srv_action_interface_example/environment/path.sh
[2.325s] -- Up-to-date symlink: /root/catkin_ws/install/msg_srv_action_interface_example/share/msg_srv_action_interface_example/environment/path.dsv
[2.325s] -- Up-to-date symlink: /root/catkin_ws/install/msg_srv_action_interface_example/share/msg_srv_action_interface_example/local_setup.bash
[2.325s] -- Up-to-date symlink: /root/catkin_ws/install/msg_srv_action_interface_example/share/msg_srv_action_interface_example/local_setup.sh
[2.325s] -- Up-to-date symlink: /root/catkin_ws/install/msg_srv_action_interface_example/share/msg_srv_action_interface_example/local_setup.zsh
[2.325s] -- Up-to-date symlink: /root/catkin_ws/install/msg_srv_action_interface_example/share/msg_srv_action_interface_example/local_setup.dsv
[2.325s] -- Symlinking: /root/catkin_ws/install/msg_srv_action_interface_example/share/msg_srv_action_interface_example/package.dsv
[2.327s] -- Up-to-date symlink: /root/catkin_ws/install/msg_srv_action_interface_example/share/ament_index/resource_index/packages/msg_srv_action_interface_example
[2.327s] -- Up-to-date symlink: /root/catkin_ws/install/msg_srv_action_interface_example/share/msg_srv_action_interface_example/cmake/rosidl_cmake-extras.cmake
[2.328s] -- Up-to-date symlink: /root/catkin_ws/install/msg_srv_action_interface_example/share/msg_srv_action_interface_example/cmake/ament_cmake_export_dependencies-extras.cmake
[2.328s] -- Up-to-date symlink: /root/catkin_ws/install/msg_srv_action_interface_example/share/msg_srv_action_interface_example/cmake/ament_cmake_export_libraries-extras.cmake
[2.328s] -- Up-to-date symlink: /root/catkin_ws/install/msg_srv_action_interface_example/share/msg_srv_action_interface_example/cmake/ament_cmake_export_targets-extras.cmake
[2.328s] -- Up-to-date symlink: /root/catkin_ws/install/msg_srv_action_interface_example/share/msg_srv_action_interface_example/cmake/ament_cmake_export_include_directories-extras.cmake
[2.328s] -- Up-to-date symlink: /root/catkin_ws/install/msg_srv_action_interface_example/share/msg_srv_action_interface_example/cmake/rosidl_cmake_export_typesupport_libraries-extras.cmake
[2.329s] -- Up-to-date symlink: /root/catkin_ws/install/msg_srv_action_interface_example/share/msg_srv_action_interface_example/cmake/rosidl_cmake_export_typesupport_targets-extras.cmake
[2.329s] -- Up-to-date symlink: /root/catkin_ws/install/msg_srv_action_interface_example/share/msg_srv_action_interface_example/cmake/msg_srv_action_interface_exampleConfig.cmake
[2.330s] -- Up-to-date symlink: /root/catkin_ws/install/msg_srv_action_interface_example/share/msg_srv_action_interface_example/cmake/msg_srv_action_interface_exampleConfig-version.cmake
[2.330s] -- Up-to-date symlink: /root/catkin_ws/install/msg_srv_action_interface_example/share/msg_srv_action_interface_example/package.xml
[2.331s] -- Up-to-date: /root/catkin_ws/install/msg_srv_action_interface_example/lib/libmsg_srv_action_interface_example__rosidl_generator_c.so
[2.331s] -- Up-to-date: /root/catkin_ws/install/msg_srv_action_interface_example/lib/libmsg_srv_action_interface_example__rosidl_typesupport_introspection_c.so
[2.331s] -- Up-to-date: /root/catkin_ws/install/msg_srv_action_interface_example/lib/libmsg_srv_action_interface_example__rosidl_typesupport_c.so
[2.332s] -- Up-to-date: /root/catkin_ws/install/msg_srv_action_interface_example/lib/libmsg_srv_action_interface_example__rosidl_typesupport_introspection_cpp.so
[2.335s] -- Up-to-date: /root/catkin_ws/install/msg_srv_action_interface_example/lib/libmsg_srv_action_interface_example__rosidl_typesupport_cpp.so
[2.408s] -- Up-to-date: /root/catkin_ws/install/msg_srv_action_interface_example/share/msg_srv_action_interface_example/cmake/msg_srv_action_interface_example__rosidl_generator_cExport.cmake
[2.409s] -- Up-to-date: /root/catkin_ws/install/msg_srv_action_interface_example/share/msg_srv_action_interface_example/cmake/msg_srv_action_interface_example__rosidl_generator_cExport-noconfig.cmake
[2.410s] -- Up-to-date: /root/catkin_ws/install/msg_srv_action_interface_example/share/msg_srv_action_interface_example/cmake/msg_srv_action_interface_example__rosidl_typesupport_introspection_cExport.cmake
[2.410s] -- Up-to-date: /root/catkin_ws/install/msg_srv_action_interface_example/share/msg_srv_action_interface_example/cmake/msg_srv_action_interface_example__rosidl_typesupport_introspection_cExport-noconfig.cmake
[2.416s] -- Up-to-date: /root/catkin_ws/install/msg_srv_action_interface_example/share/msg_srv_action_interface_example/cmake/msg_srv_action_interface_example__rosidl_typesupport_cExport.cmake
[2.416s] -- Up-to-date: /root/catkin_ws/install/msg_srv_action_interface_example/share/msg_srv_action_interface_example/cmake/msg_srv_action_interface_example__rosidl_typesupport_cExport-noconfig.cmake
[2.421s] -- Up-to-date: /root/catkin_ws/install/msg_srv_action_interface_example/share/msg_srv_action_interface_example/cmake/msg_srv_action_interface_example__rosidl_generator_cppExport.cmake
[2.424s] -- Up-to-date: /root/catkin_ws/install/msg_srv_action_interface_example/share/msg_srv_action_interface_example/cmake/msg_srv_action_interface_example__rosidl_typesupport_introspection_cppExport.cmake
[2.424s] -- Up-to-date: /root/catkin_ws/install/msg_srv_action_interface_example/share/msg_srv_action_interface_example/cmake/msg_srv_action_interface_example__rosidl_typesupport_introspection_cppExport-noconfig.cmake
[2.432s] -- Up-to-date: /root/catkin_ws/install/msg_srv_action_interface_example/share/msg_srv_action_interface_example/cmake/msg_srv_action_interface_example__rosidl_typesupport_cppExport.cmake
[2.432s] -- Up-to-date: /root/catkin_ws/install/msg_srv_action_interface_example/share/msg_srv_action_interface_example/cmake/msg_srv_action_interface_example__rosidl_typesupport_cppExport-noconfig.cmake
[2.533s] Invoked command in '/root/catkin_ws/build/msg_srv_action_interface_example' returned '0': CMAKE_PREFIX_PATH=${CMAKE_PREFIX_PATH}:/root/catkin_ws/install/topic_service_action_rclpy_example:/root/catkin_ws/install/time_rclpy_example:/root/catkin_ws/install/tf2_rclpy_example:/root/catkin_ws/install/ros2env:/root/catkin_ws/install/omo_r1mini_teleop:/root/catkin_ws/install/omo_r1mini_bringup:/root/catkin_ws/install/my_first_ros_rclpy_pkg:/root/catkin_ws/install/logging_rclpy_example:/root/catkin_ws/src/install/topic_service_action_rclpy_example:/root/catkin_ws/src/install/time_rclpy_example:/root/catkin_ws/src/install/tf2_rclpy_example:/root/catkin_ws/src/install/ros2env:/root/catkin_ws/src/install/omo_r1mini_teleop:/root/catkin_ws/src/install/omo_r1mini_bringup:/root/catkin_ws/src/install/my_first_ros_rclpy_pkg:/root/catkin_ws/src/install/logging_rclpy_example:/opt/ros/foxy /usr/bin/cmake --install /root/catkin_ws/build/msg_srv_action_interface_example
