[0.028s] Invoking command in '/root/catkin_ws/build/ydlidar_sdk': /usr/bin/cmake /root/catkin_ws/src/YDLidar-SDK -DCMAKE_INSTALL_PREFIX=/root/catkin_ws/install/ydlidar_sdk
[0.078s] -- The C compiler identification is GNU 9.4.0
[0.135s] -- The CXX compiler identification is GNU 9.4.0
[0.141s] -- Check for working C compiler: /usr/bin/cc
[0.202s] -- Check for working C compiler: /usr/bin/cc -- works
[0.203s] -- Detecting C compiler ABI info
[0.263s] -- Detecting C compiler ABI info - done
[0.280s] -- Detecting C compile features
[0.281s] -- Detecting C compile features - done
[0.285s] -- Check for working CXX compiler: /usr/bin/c++
[0.358s] -- Check for working CXX compiler: /usr/bin/c++ -- works
[0.359s] -- Detecting CXX compiler ABI info
[0.435s] -- Detecting CXX compiler ABI info - done
[0.448s] -- Detecting CXX compile features
[0.449s] -- Detecting CXX compile features - done
[0.450s] CMake Deprecation Warning at CMakeLists.txt:44 (cmake_policy):
[0.450s]   The OLD behavior for policy CMP0053 will be removed from a future version
[0.450s]   of CMake.
[0.450s] 
[0.450s]   The cmake-policies(7) manual explains that the OLD behaviors of all
[0.450s]   policies are deprecated and that a policy should be set to OLD only under
[0.450s]   specific short-term circumstances.  Projects should be ported to the NEW
[0.450s]   behavior and not rely on setting a policy to OLD.
[0.450s] 
[0.450s] 
[0.450s] CMake Deprecation Warning at CMakeLists.txt:47 (cmake_policy):
[0.450s]   The OLD behavior for policy CMP0037 will be removed from a future version
[0.450s]   of CMake.
[0.450s] 
[0.451s]   The cmake-policies(7) manual explains that the OLD behaviors of all
[0.451s]   policies are deprecated and that a policy should be set to OLD only under
[0.451s]   specific short-term circumstances.  Projects should be ported to the NEW
[0.451s]   behavior and not rely on setting a policy to OLD.
[0.451s] 
[0.451s] 
[0.451s] CMake Deprecation Warning at CMakeLists.txt:50 (cmake_policy):
[0.451s]   The OLD behavior for policy CMP0043 will be removed from a future version
[0.451s]   of CMake.
[0.451s] 
[0.451s]   The cmake-policies(7) manual explains that the OLD behaviors of all
[0.451s]   policies are deprecated and that a policy should be set to OLD only under
[0.451s]   specific short-term circumstances.  Projects should be ported to the NEW
[0.451s]   behavior and not rely on setting a policy to OLD.
[0.451s] 
[0.451s] 
[0.452s] -- Could NOT find SWIG (missing: SWIG_EXECUTABLE SWIG_DIR) 
[0.469s] -- Found PythonInterp: /usr/bin/python3.8 (found version "3.8.10") 
[0.479s] -- Found PythonLibs: /usr/lib/x86_64-linux-gnu/libpython3.8.so (found version "3.8.10") 
[0.506s] -- Found GTest: /usr/lib/x86_64-linux-gnu/libgtest.a  
[0.728s] -- build test is ON.....
[0.728s] CMake Deprecation Warning at cmake/install_package.cmake:101 (cmake_policy):
[0.728s]   The OLD behavior for policy CMP0026 will be removed from a future version
[0.728s]   of CMake.
[0.728s] 
[0.728s]   The cmake-policies(7) manual explains that the OLD behaviors of all
[0.728s]   policies are deprecated and that a policy should be set to OLD only under
[0.728s]   specific short-term circumstances.  Projects should be ported to the NEW
[0.729s]   behavior and not rely on setting a policy to OLD.
[0.729s] Call Stack (most recent call first):
[0.729s]   CMakeLists.txt:161 (install_package)
[0.729s] 
[0.729s] 
[0.730s] CMake Warning (dev) at cmake/install_package.cmake:191 (install):
[0.730s]   Policy CMP0062 is not set: Disallow install() of export() result.  Run
[0.730s]   "cmake --help-policy CMP0062" for policy details.  Use the cmake_policy
[0.730s]   command to set the policy and suppress this warning.
[0.730s] 
[0.730s]   The file
[0.730s] 
[0.731s]     /root/catkin_ws/build/ydlidar_sdk/ydlidar_sdkTargets.cmake
[0.731s] 
[0.731s]   was generated by the export() command.  It should not be installed with the
[0.731s]   install() command.  Use the install(EXPORT) mechanism instead.  See the
[0.731s]   cmake-packages(7) manual for more.
[0.731s] 
[0.731s] Call Stack (most recent call first):
[0.731s]   CMakeLists.txt:161 (install_package)
[0.731s] This warning is for project developers.  Use -Wno-dev to suppress it.
[0.731s] 
[0.739s] -- 
[0.739s] -- +===========================================================================+
[0.740s] -- |         Resulting configuration for                             |
[0.740s] -- +===========================================================================+
[0.740s] --  _________________________ PLATFORM _____________________________
[0.740s] --  Host                        : Linux5.15.0-58-genericx86_64
[0.740s] --  Is the system big endian?   :  No 
[0.740s] --  Word size (32/64 bit)       : 64
[0.740s] --  CMake version               : 3.16.3
[0.740s] --  CMake generator             : Unix Makefiles
[0.740s] --  CMake build tool            : /usr/bin/make
[0.741s] --  Compiler                    : GNU
[0.741s] --  Configuration               : 
[0.741s] -- 
[0.741s] --  __________________________ OPTIONS _____________________________
[0.741s] --  Build YDLidar-SDK as a shared library?　　 :  No 
[0.741s] --  Build Examples?　　　　　　　　　　　　　　 : Yes 
[0.741s] --  Build C Sharp API?　　　　　　　　　　　　 :  No 
[0.741s] --  Build TEST?  			　　　 : Yes 
[0.741s] -- 
[0.741s] --  _________________________ INSTALL _____________________
[0.742s] --  Install prefix                    : /root/catkin_ws/install/ydlidar_sdk
[0.742s] -- 
[0.742s] --  _______________________ WRAPPERS/BINDINGS ______________________
[0.742s] --  Python bindings (pyydlidar)   :  No 
[0.742s] --   - dep: Swig found?       :  No [Version: ]
[0.742s] --   - dep: PythonLibs found?  : Yes [Version: 3.8.10]
[0.742s] -- 
[0.743s] -- Configuring done
[0.758s] -- Generating done
[0.759s] -- Build files have been written to: /root/catkin_ws/build/ydlidar_sdk
[0.766s] Invoked command in '/root/catkin_ws/build/ydlidar_sdk' returned '0': /usr/bin/cmake /root/catkin_ws/src/YDLidar-SDK -DCMAKE_INSTALL_PREFIX=/root/catkin_ws/install/ydlidar_sdk
[0.768s] Invoking command in '/root/catkin_ws/build/ydlidar_sdk': /usr/bin/cmake --build /root/catkin_ws/build/ydlidar_sdk -- -j12 -l12
[0.798s] [35m[1mScanning dependencies of target ydlidar_sdk[0m
[0.819s] [ 12%] [32mBuilding CXX object CMakeFiles/ydlidar_sdk.dir/core/network/PassiveSocket.cpp.o[0m
[0.819s] [ 12%] [32mBuilding CXX object CMakeFiles/ydlidar_sdk.dir/core/network/SimpleSocket.cpp.o[0m
[0.819s] [ 12%] [32mBuilding CXX object CMakeFiles/ydlidar_sdk.dir/core/network/ActiveSocket.cpp.o[0m
[0.819s] [ 20%] [32mBuilding CXX object CMakeFiles/ydlidar_sdk.dir/core/common/ydlidar_def.cpp.o[0m
[0.820s] [ 25%] [32mBuilding CXX object CMakeFiles/ydlidar_sdk.dir/core/base/timer.cpp.o[0m
[0.820s] [ 16%] [32mBuilding CXX object CMakeFiles/ydlidar_sdk.dir/core/serial/serial.cpp.o[0m
[0.821s] [ 29%] [32mBuilding C object CMakeFiles/ydlidar_sdk.dir/core/serial/impl/unix/lock.c.o[0m
[0.829s] [ 33%] [32mBuilding CXX object CMakeFiles/ydlidar_sdk.dir/core/serial/impl/unix/list_ports_linux.cpp.o[0m
[0.830s] [ 37%] [32mBuilding CXX object CMakeFiles/ydlidar_sdk.dir/core/serial/impl/unix/unix_serial.cpp.o[0m
[0.830s] [ 41%] [32mBuilding CXX object CMakeFiles/ydlidar_sdk.dir/src/CYdLidar.cpp.o[0m
[0.867s] [ 45%] [32mBuilding CXX object CMakeFiles/ydlidar_sdk.dir/src/ETLidarDriver.cpp.o[0m
[0.896s] [ 50%] [32mBuilding CXX object CMakeFiles/ydlidar_sdk.dir/src/ydlidar_driver.cpp.o[0m
[0.902s] [ 54%] [32mBuilding CXX object CMakeFiles/ydlidar_sdk.dir/src/ydlidar_sdk.cpp.o[0m
[1.873s] [ 58%] [32m[1mLinking CXX static library libydlidar_sdk.a[0m
[1.903s] [ 58%] Built target ydlidar_sdk
[1.910s] [35m[1mScanning dependencies of target lidar_test[0m
[1.910s] [35m[1mScanning dependencies of target tof_test[0m
[1.910s] [35m[1mScanning dependencies of target ydlidar_test[0m
[1.911s] [35m[1mScanning dependencies of target etlidar_test[0m
[1.913s] [35m[1mScanning dependencies of target lidar_c_api_test[0m
[1.919s] [ 66%] [32mBuilding CXX object samples/CMakeFiles/tof_test.dir/tof_test.cpp.o[0m
[1.919s] [ 66%] [32mBuilding CXX object samples/CMakeFiles/ydlidar_test.dir/ydlidar_test.cpp.o[0m
[1.920s] [ 70%] [32mBuilding CXX object test/CMakeFiles/lidar_test.dir/lidar_test.cpp.o[0m
[1.921s] [ 75%] [32mBuilding CXX object samples/CMakeFiles/etlidar_test.dir/etlidar_test.cpp.o[0m
[1.924s] [ 79%] [32mBuilding C object samples/CMakeFiles/lidar_c_api_test.dir/lidar_c_api_test.c.o[0m
[1.929s] [01m[Kcc1:[m[K [01;35m[Kwarning: [m[Kcommand line option ‘[01m[K-std=c++11[m[K’ is valid for C++/ObjC++ but not for C
[1.948s] [01m[K/root/catkin_ws/src/YDLidar-SDK/samples/lidar_c_api_test.c:[m[K In function ‘[01m[Kmain[m[K’:
[1.948s] [01m[K/root/catkin_ws/src/YDLidar-SDK/samples/lidar_c_api_test.c:102:47:[m[K [01;35m[Kwarning: [m[Kformat ‘[01m[K%llu[m[K’ expects argument of type ‘[01m[Klong long unsigned int[m[K’, but argument 3 has type ‘[01m[Kuint64_t[m[K’ {aka ‘[01m[Klong unsigned int[m[K’} [[01;35m[K-Wformat=[m[K]
[1.949s]   102 |             fprintf(stdout, "Scan received[[01;35m[K%llu[m[K]: %u ranges is [%f]Hz\n",
[1.949s]       |                                            [01;35m[K~~~^[m[K
[1.949s]       |                                               [01;35m[K|[m[K
[1.949s]       |                                               [01;35m[Klong long unsigned int[m[K
[1.949s]       |                                            [32m[K%lu[m[K
[1.949s]   103 |                     [32m[Kscan.stamp[m[K,
[1.949s]       |                     [32m[K~~~~~~~~~~[m[K                 
[1.949s]       |                         [32m[K|[m[K
[1.949s]       |                         [32m[Kuint64_t {aka long unsigned int}[m[K
[1.977s] [ 83%] [32m[1mLinking CXX executable ../lidar_c_api_test[0m
[2.136s] [ 83%] Built target lidar_c_api_test
[2.206s] [01m[K/root/catkin_ws/src/YDLidar-SDK/samples/ydlidar_test.cpp:[m[K In function ‘[01m[Kint main(int, char**)[m[K’:
[2.206s] [01m[K/root/catkin_ws/src/YDLidar-SDK/samples/ydlidar_test.cpp:262:41:[m[K [01;35m[Kwarning: [m[Kformat ‘[01m[K%llu[m[K’ expects argument of type ‘[01m[Klong long unsigned int[m[K’, but argument 3 has type ‘[01m[Kuint64_t[m[K’ {aka ‘[01m[Klong unsigned int[m[K’} [[01;35m[K-Wformat=[m[K]
[2.206s]   262 |       fprintf(stdout, "Scan received[[01;35m[K%llu[m[K]: %u ranges is [%f]Hz\n",
[2.206s]       |                                      [01;35m[K~~~^[m[K
[2.206s]       |                                         [01;35m[K|[m[K
[2.206s]       |                                         [01;35m[Klong long unsigned int[m[K
[2.206s]       |                                      [32m[K%lu[m[K
[2.206s]   263 |               [32m[Kscan.stamp[m[K,
[2.207s]       |               [32m[K~~~~~~~~~~[m[K                 
[2.207s]       |                    [32m[K|[m[K
[2.207s]       |                    [32m[Kuint64_t {aka long unsigned int}[m[K
[2.231s] [01m[K/root/catkin_ws/src/YDLidar-SDK/samples/etlidar_test.cpp:[m[K In function ‘[01m[Kint main(int, char**)[m[K’:
[2.231s] [01m[K/root/catkin_ws/src/YDLidar-SDK/samples/etlidar_test.cpp:178:41:[m[K [01;35m[Kwarning: [m[Kformat ‘[01m[K%llu[m[K’ expects argument of type ‘[01m[Klong long unsigned int[m[K’, but argument 3 has type ‘[01m[Kuint64_t[m[K’ {aka ‘[01m[Klong unsigned int[m[K’} [[01;35m[K-Wformat=[m[K]
[2.231s]   178 |       fprintf(stdout, "Scan received[[01;35m[K%llu[m[K]: %u ranges is [%f]Hz\n",
[2.231s]       |                                      [01;35m[K~~~^[m[K
[2.231s]       |                                         [01;35m[K|[m[K
[2.231s]       |                                         [01;35m[Klong long unsigned int[m[K
[2.232s]       |                                      [32m[K%lu[m[K
[2.232s]   179 |               [32m[Kscan.stamp[m[K,
[2.232s]       |               [32m[K~~~~~~~~~~[m[K                 
[2.232s]       |                    [32m[K|[m[K
[2.232s]       |                    [32m[Kuint64_t {aka long unsigned int}[m[K
[2.239s] [01m[K/root/catkin_ws/src/YDLidar-SDK/samples/tof_test.cpp:[m[K In function ‘[01m[Kint main(int, char**)[m[K’:
[2.240s] [01m[K/root/catkin_ws/src/YDLidar-SDK/samples/tof_test.cpp:259:41:[m[K [01;35m[Kwarning: [m[Kformat ‘[01m[K%llu[m[K’ expects argument of type ‘[01m[Klong long unsigned int[m[K’, but argument 3 has type ‘[01m[Kuint64_t[m[K’ {aka ‘[01m[Klong unsigned int[m[K’} [[01;35m[K-Wformat=[m[K]
[2.240s]   259 |       fprintf(stdout, "Scan received[[01;35m[K%llu[m[K]: %u ranges is [%f]Hz\n",
[2.240s]       |                                      [01;35m[K~~~^[m[K
[2.240s]       |                                         [01;35m[K|[m[K
[2.240s]       |                                         [01;35m[Klong long unsigned int[m[K
[2.240s]       |                                      [32m[K%lu[m[K
[2.240s]   260 |               [32m[Kscan.stamp[m[K,
[2.240s]       |               [32m[K~~~~~~~~~~[m[K                 
[2.240s]       |                    [32m[K|[m[K
[2.241s]       |                    [32m[Kuint64_t {aka long unsigned int}[m[K
[2.284s] [ 87%] [32m[1mLinking CXX executable ../etlidar_test[0m
[2.354s] [ 91%] [32m[1mLinking CXX executable ../ydlidar_test[0m
[2.394s] [ 91%] Built target etlidar_test
[2.412s] [ 95%] [32m[1mLinking CXX executable ../tof_test[0m
[2.464s] [ 95%] Built target ydlidar_test
[2.513s] [ 95%] Built target tof_test
[2.752s] [100%] [32m[1mLinking CXX executable lidar_test[0m
[2.939s] [100%] Built target lidar_test
[2.949s] Invoked command in '/root/catkin_ws/build/ydlidar_sdk' returned '0': /usr/bin/cmake --build /root/catkin_ws/build/ydlidar_sdk -- -j12 -l12
[2.982s] Invoking command in '/root/catkin_ws/build/ydlidar_sdk': /usr/bin/cmake --install /root/catkin_ws/build/ydlidar_sdk
[2.991s] -- Install configuration: ""
[2.992s] -- Installing: /root/catkin_ws/install/ydlidar_sdk/include/core/base/datatype.h
[2.992s] -- Installing: /root/catkin_ws/install/ydlidar_sdk/include/core/base/locker.h
[2.992s] -- Installing: /root/catkin_ws/install/ydlidar_sdk/include/core/base/thread.h
[2.992s] -- Installing: /root/catkin_ws/install/ydlidar_sdk/include/core/base/timer.h
[2.993s] -- Installing: /root/catkin_ws/install/ydlidar_sdk/include/core/base/typedef.h
[2.993s] -- Installing: /root/catkin_ws/install/ydlidar_sdk/include/core/base/utils.h
[2.993s] -- Installing: /root/catkin_ws/install/ydlidar_sdk/include/core/base/v8stdint.h
[2.993s] -- Installing: /root/catkin_ws/install/ydlidar_sdk/include/core/base/ydlidar.h
[2.993s] -- Installing: /root/catkin_ws/install/ydlidar_sdk/include/core/common/ChannelDevice.h
[2.993s] -- Installing: /root/catkin_ws/install/ydlidar_sdk/include/core/common/DriverInterface.h
[2.993s] -- Installing: /root/catkin_ws/install/ydlidar_sdk/include/core/common/ydlidar_datatype.h
[2.993s] -- Installing: /root/catkin_ws/install/ydlidar_sdk/include/core/common/ydlidar_def.h
[2.994s] -- Installing: /root/catkin_ws/install/ydlidar_sdk/include/core/common/ydlidar_help.h
[2.994s] -- Installing: /root/catkin_ws/install/ydlidar_sdk/include/core/common/ydlidar_protocol.h
[2.994s] -- Installing: /root/catkin_ws/install/ydlidar_sdk/include/core/math/angles.h
[2.994s] -- Installing: /root/catkin_ws/install/ydlidar_sdk/include/core/network/ActiveSocket.h
[2.994s] -- Installing: /root/catkin_ws/install/ydlidar_sdk/include/core/network/PassiveSocket.h
[2.995s] -- Installing: /root/catkin_ws/install/ydlidar_sdk/include/core/network/SimpleSocket.h
[2.995s] -- Installing: /root/catkin_ws/install/ydlidar_sdk/include/core/network/StatTimer.h
[2.995s] -- Installing: /root/catkin_ws/install/ydlidar_sdk/include/core/serial/common.h
[2.995s] -- Installing: /root/catkin_ws/install/ydlidar_sdk/include/core/serial/serial.h
[2.995s] -- Installing: /root/catkin_ws/install/ydlidar_sdk/include/core/serial/impl/unix/lock.h
[2.995s] -- Installing: /root/catkin_ws/install/ydlidar_sdk/include/core/serial/impl/unix/unix.h
[2.995s] -- Installing: /root/catkin_ws/install/ydlidar_sdk/include/core/serial/impl/unix/unix_serial.h
[2.995s] -- Installing: /root/catkin_ws/install/ydlidar_sdk/include/src/CYdLidar.h
[2.996s] -- Installing: /root/catkin_ws/install/ydlidar_sdk/include/src/ETLidarDriver.h
[2.996s] -- Installing: /root/catkin_ws/install/ydlidar_sdk/include/src/ydlidar_driver.h
[2.996s] -- Installing: /root/catkin_ws/install/ydlidar_sdk/include/src/ydlidar_sdk.h
[2.996s] -- Installing: /root/catkin_ws/install/ydlidar_sdk/include/ydlidar_config.h
[2.996s] -- Installing: /root/catkin_ws/install/ydlidar_sdk/lib/libydlidar_sdk.a
[2.997s] -- Installing: /root/catkin_ws/install/ydlidar_sdk/lib/pkgconfig/YDLIDAR_SDK.pc
[2.997s] -- Installing: /root/catkin_ws/install/ydlidar_sdk/lib/cmake/ydlidar_sdk/ydlidar_sdkConfig.cmake
[2.997s] -- Installing: /root/catkin_ws/install/ydlidar_sdk/lib/cmake/ydlidar_sdk/ydlidar_sdkTargets.cmake
[2.997s] -- Installing: /root/catkin_ws/install/ydlidar_sdk/lib/cmake/ydlidar_sdk/ydlidar_sdkConfigVersion.cmake
[2.998s] -- Installing: /root/catkin_ws/install/ydlidar_sdk/share/YDLIDAR_SDK/FindYDLIDAR_SDK.cmake
[2.998s] -- Up-to-date: /root/catkin_ws/install/ydlidar_sdk/share/YDLIDAR_SDK
[2.998s] -- Installing: /root/catkin_ws/install/ydlidar_sdk/share/YDLIDAR_SDK/install_package.cmake
[2.998s] -- Installing: /root/catkin_ws/install/ydlidar_sdk/share/YDLIDAR_SDK/PkgConfig.pc.in
[2.998s] -- Installing: /root/catkin_ws/install/ydlidar_sdk/share/YDLIDAR_SDK/FindPackage.cmake.in
[2.998s] -- Installing: /root/catkin_ws/install/ydlidar_sdk/share/YDLIDAR_SDK/script_show_final_summary.cmake
[2.999s] -- Installing: /root/catkin_ws/install/ydlidar_sdk/share/YDLIDAR_SDK/PackageConfigVersion.cmake.in
[2.999s] -- Installing: /root/catkin_ws/install/ydlidar_sdk/share/YDLIDAR_SDK/cmake_uninstall.cmake.in
[2.999s] -- Installing: /root/catkin_ws/install/ydlidar_sdk/share/YDLIDAR_SDK/PackageConfig.cmake.in
[2.999s] -- Installing: /root/catkin_ws/install/ydlidar_sdk/share/YDLIDAR_SDK/common
[2.999s] -- Installing: /root/catkin_ws/install/ydlidar_sdk/share/YDLIDAR_SDK/common/ydlidar_base.cmake
[2.999s] -- Installing: /root/catkin_ws/install/ydlidar_sdk/share/YDLIDAR_SDK/common/ydlidar_parse.cmake
[2.999s] -- Installing: /root/catkin_ws/install/ydlidar_sdk/share/YDLIDAR_SDK/LICENSE.txt
[2.999s] -- Installing: /root/catkin_ws/install/ydlidar_sdk/share/YDLIDAR_SDK/README.md
[3.000s] -- Installing: /root/catkin_ws/install/ydlidar_sdk/share/YDLIDAR_SDK/doc
[3.000s] -- Installing: /root/catkin_ws/install/ydlidar_sdk/share/YDLIDAR_SDK/doc/Dataset.md
[3.000s] -- Installing: /root/catkin_ws/install/ydlidar_sdk/share/YDLIDAR_SDK/doc/FAQs
[3.000s] -- Installing: /root/catkin_ws/install/ydlidar_sdk/share/YDLIDAR_SDK/doc/FAQs/Software_FAQs_cn.md
[3.000s] -- Installing: /root/catkin_ws/install/ydlidar_sdk/share/YDLIDAR_SDK/doc/FAQs/Hardware_FAQs.md
[3.000s] -- Installing: /root/catkin_ws/install/ydlidar_sdk/share/YDLIDAR_SDK/doc/FAQs/Hardware_FAQs_cn.md
[3.000s] -- Installing: /root/catkin_ws/install/ydlidar_sdk/share/YDLIDAR_SDK/doc/FAQs/General_FAQs.md
[3.000s] -- Installing: /root/catkin_ws/install/ydlidar_sdk/share/YDLIDAR_SDK/doc/FAQs/General_FAQs_cn.md
[3.001s] -- Installing: /root/catkin_ws/install/ydlidar_sdk/share/YDLIDAR_SDK/doc/FAQs/README.md
[3.001s] -- Installing: /root/catkin_ws/install/ydlidar_sdk/share/YDLIDAR_SDK/doc/FAQs/Software_FAQs.md
[3.001s] -- Installing: /root/catkin_ws/install/ydlidar_sdk/share/YDLIDAR_SDK/doc/Tutorials.md
[3.001s] -- Installing: /root/catkin_ws/install/ydlidar_sdk/share/YDLIDAR_SDK/doc/SDK.pdf
[3.002s] -- Installing: /root/catkin_ws/install/ydlidar_sdk/share/YDLIDAR_SDK/doc/Diagram.md
[3.002s] -- Installing: /root/catkin_ws/install/ydlidar_sdk/share/YDLIDAR_SDK/doc/YDLIDAR_SDK_API_for_Developers.md
[3.003s] -- Installing: /root/catkin_ws/install/ydlidar_sdk/share/YDLIDAR_SDK/doc/YDLidar_SDK_Communication_Protocol.pdf
[3.003s] -- Installing: /root/catkin_ws/install/ydlidar_sdk/share/YDLIDAR_SDK/doc/YDLidar-SDK-Communication-Protocol.md
[3.003s] -- Installing: /root/catkin_ws/install/ydlidar_sdk/share/YDLIDAR_SDK/doc/YDLidar-SDK-Communication-Protocol.html
[3.003s] -- Installing: /root/catkin_ws/install/ydlidar_sdk/share/YDLIDAR_SDK/doc/quickstart
[3.004s] -- Installing: /root/catkin_ws/install/ydlidar_sdk/share/YDLIDAR_SDK/doc/quickstart/ydlidar_sdk_software_installation_guide.md
[3.004s] -- Installing: /root/catkin_ws/install/ydlidar_sdk/share/YDLIDAR_SDK/doc/quickstart/README.md
[3.004s] -- Installing: /root/catkin_ws/install/ydlidar_sdk/share/YDLIDAR_SDK/doc/README.md
[3.004s] -- Installing: /root/catkin_ws/install/ydlidar_sdk/share/YDLIDAR_SDK/doc/images
[3.004s] -- Installing: /root/catkin_ws/install/ydlidar_sdk/share/YDLIDAR_SDK/doc/images/angle_q2.png
[3.004s] -- Installing: /root/catkin_ws/install/ydlidar_sdk/share/YDLIDAR_SDK/doc/images/sequence.png
[3.004s] -- Installing: /root/catkin_ws/install/ydlidar_sdk/share/YDLIDAR_SDK/doc/images/frame.png
[3.005s] -- Installing: /root/catkin_ws/install/ydlidar_sdk/share/YDLIDAR_SDK/doc/images/system_workflow.png
[3.005s] -- Installing: /root/catkin_ws/install/ydlidar_sdk/share/YDLIDAR_SDK/doc/images/sdk_scanning.png
[3.005s] -- Installing: /root/catkin_ws/install/ydlidar_sdk/share/YDLIDAR_SDK/doc/images/frame_intensity.png
[3.005s] -- Installing: /root/catkin_ws/install/ydlidar_sdk/share/YDLIDAR_SDK/doc/images/FlowChart.png
[3.005s] -- Installing: /root/catkin_ws/install/ydlidar_sdk/share/YDLIDAR_SDK/doc/images/YDLidar.png
[3.005s] -- Installing: /root/catkin_ws/install/ydlidar_sdk/share/YDLIDAR_SDK/doc/images/sdk_architecture.png
[3.006s] -- Installing: /root/catkin_ws/install/ydlidar_sdk/share/YDLIDAR_SDK/doc/images/YDLidar.jpg
[3.006s] -- Installing: /root/catkin_ws/install/ydlidar_sdk/share/YDLIDAR_SDK/doc/images/sdk_init.png
[3.006s] -- Installing: /root/catkin_ws/install/ydlidar_sdk/share/YDLIDAR_SDK/doc/images/communication_mechanism.png
[3.006s] -- Installing: /root/catkin_ws/install/ydlidar_sdk/share/YDLIDAR_SDK/doc/images/EAI.png
[3.006s] -- Installing: /root/catkin_ws/install/ydlidar_sdk/share/YDLIDAR_SDK/doc/tutorials
[3.006s] -- Installing: /root/catkin_ws/install/ydlidar_sdk/share/YDLIDAR_SDK/doc/tutorials/writing_lidar_tutorial_python.md
[3.006s] -- Installing: /root/catkin_ws/install/ydlidar_sdk/share/YDLIDAR_SDK/doc/tutorials/writing_lidar_tutorial_c++.md
[3.007s] -- Installing: /root/catkin_ws/install/ydlidar_sdk/share/YDLIDAR_SDK/doc/tutorials/writing_lidar_network_adapter_tutorial_c++.md
[3.007s] -- Installing: /root/catkin_ws/install/ydlidar_sdk/share/YDLIDAR_SDK/doc/tutorials/examine_the_simple_lidar_tutorial.md
[3.007s] -- Installing: /root/catkin_ws/install/ydlidar_sdk/share/YDLIDAR_SDK/doc/tutorials/writing_lidar_tutorial_c.md
[3.007s] -- Installing: /root/catkin_ws/install/ydlidar_sdk/share/YDLIDAR_SDK/doc/howto
[3.007s] -- Installing: /root/catkin_ws/install/ydlidar_sdk/share/YDLIDAR_SDK/doc/howto/how_to_gerenrate_vs_project_by_cmake.md
[3.007s] -- Installing: /root/catkin_ws/install/ydlidar_sdk/share/YDLIDAR_SDK/doc/howto/how_to_solve_slow_pull_from_cn.md
[3.007s] -- Installing: /root/catkin_ws/install/ydlidar_sdk/share/YDLIDAR_SDK/doc/howto/how_to_build_and_debug_using_vscode.md
[3.007s] -- Installing: /root/catkin_ws/install/ydlidar_sdk/share/YDLIDAR_SDK/doc/howto/how_to_create_a_udev_rules.md
[3.008s] -- Installing: /root/catkin_ws/install/ydlidar_sdk/share/YDLIDAR_SDK/doc/howto/how_to_create_a_csharp_project.md
[3.008s] -- Installing: /root/catkin_ws/install/ydlidar_sdk/share/YDLIDAR_SDK/doc/howto/how_to_build_and_install.md
[3.008s] -- Installing: /root/catkin_ws/install/ydlidar_sdk/share/YDLIDAR_SDK/doc/howto/how_to_create_a_pull.md
[3.008s] -- Installing: /root/catkin_ws/install/ydlidar_sdk/share/YDLIDAR_SDK/doc/howto/README.md
[3.008s] -- Installing: /root/catkin_ws/install/ydlidar_sdk/share/YDLIDAR_SDK/doc/howto/images
[3.008s] -- Installing: /root/catkin_ws/install/ydlidar_sdk/share/YDLIDAR_SDK/doc/howto/images/csharp_library.png
[3.008s] -- Installing: /root/catkin_ws/install/ydlidar_sdk/share/YDLIDAR_SDK/doc/howto/images/csharp_project.png
[3.008s] -- Installing: /root/catkin_ws/install/ydlidar_sdk/share/YDLIDAR_SDK/doc/howto/images/sequence.png
[3.008s] -- Installing: /root/catkin_ws/install/ydlidar_sdk/share/YDLIDAR_SDK/doc/howto/images/vscode
[3.009s] -- Installing: /root/catkin_ws/install/ydlidar_sdk/share/YDLIDAR_SDK/doc/howto/images/vscode/run_tasks.jpg
[3.009s] -- Installing: /root/catkin_ws/install/ydlidar_sdk/share/YDLIDAR_SDK/doc/howto/images/vscode/tasks.png
[3.009s] -- Installing: /root/catkin_ws/install/ydlidar_sdk/share/YDLIDAR_SDK/doc/howto/images/sdk_scanning.png
[3.009s] -- Installing: /root/catkin_ws/install/ydlidar_sdk/share/YDLIDAR_SDK/doc/howto/images/ttyUSB0.png
[3.009s] -- Installing: /root/catkin_ws/install/ydlidar_sdk/share/YDLIDAR_SDK/doc/howto/images/csharp_running.png
[3.010s] -- Installing: /root/catkin_ws/install/ydlidar_sdk/share/YDLIDAR_SDK/doc/howto/images/ydlidar_lidar_monitor.png
[3.010s] -- Installing: /root/catkin_ws/install/ydlidar_sdk/share/YDLIDAR_SDK/doc/howto/images/cpack.png
[3.010s] -- Installing: /root/catkin_ws/install/ydlidar_sdk/share/YDLIDAR_SDK/doc/howto/images/sdk_init.png
[3.010s] -- Installing: /root/catkin_ws/install/ydlidar_sdk/share/YDLIDAR_SDK/doc/howto/images/csharp_build.png
[3.010s] -- Installing: /root/catkin_ws/install/ydlidar_sdk/share/YDLIDAR_SDK/doc/howto/images/csharp_exception.png
[3.010s] -- Installing: /root/catkin_ws/install/ydlidar_sdk/share/YDLIDAR_SDK/doc/howto/images/ttyUSB1.png
[3.010s] -- Installing: /root/catkin_ws/install/ydlidar_sdk/share/YDLIDAR_SDK/doc/YDLidar-SDK-Communication-Protocol.pdf
[3.011s] -- Installing: /root/catkin_ws/install/ydlidar_sdk/startup/initenv.sh
[3.012s] -- Installing: /root/catkin_ws/install/ydlidar_sdk/bin/etlidar_test
[3.013s] -- Installing: /root/catkin_ws/install/ydlidar_sdk/bin/tof_test
[3.013s] -- Installing: /root/catkin_ws/install/ydlidar_sdk/bin/ydlidar_test
[3.014s] -- Installing: /root/catkin_ws/install/ydlidar_sdk/bin/lidar_c_api_test
[3.020s] Invoked command in '/root/catkin_ws/build/ydlidar_sdk' returned '0': /usr/bin/cmake --install /root/catkin_ws/build/ydlidar_sdk
