[  1%] [34m[1mPerforming build step for 'configured_subscriber'[0m
[  1%] [34m[1mPerforming build step for 'fibonacci_action_client'[0m
[  2%] [34m[1mPerforming build step for 'graph_visualizer'[0m
[  3%] [34m[1mPerforming build step for 'configured_publisher'[0m
[  3%] [34m[1mPerforming build step for 'int32_subscriber'[0m
[  3%] [34m[1mPerforming build step for 'subscription_count'[0m
[  4%] [34m[1mPerforming build step for 'fibonacci_action_server'[0m
[  5%] [34m[1mPerforming build step for 'fragmented_publication'[0m
[  6%] [34m[1mPerforming build step for 'addtwoints_client'[0m
-- Found ament_cmake: 0.9.11 (/opt/ros/foxy/share/ament_cmake/cmake)
[  6%] [34m[1mPerforming build step for 'publisher_count'[0m
[  6%] [34m[1mPerforming build step for 'addtwoints_server'[0m
-- Found ament_cmake: 0.9.11 (/opt/ros/foxy/share/ament_cmake/cmake)
[  6%] [34m[1mPerforming build step for 'int32_publisher'[0m
-- Found ament_cmake: 0.9.11 (/opt/ros/foxy/share/ament_cmake/cmake)
-- Found ament_cmake: 0.9.11 (/opt/ros/foxy/share/ament_cmake/cmake)
[100%] Built target graph_visualizer
[100%] Built target fragmented_publication
-- Using PYTHON_EXECUTABLE: /usr/bin/python3
[100%] Built target subscription_count
[100%] Built target publisher_count
[100%] Built target configured_publisher
[100%] Built target int32_subscriber
[100%] Built target configured_subscriber
-- Using PYTHON_EXECUTABLE: /usr/bin/python3
-- Using PYTHON_EXECUTABLE: /usr/bin/python3
[  7%] [34m[1mPerforming install step for 'publisher_count'[0m
[  8%] [34m[1mPerforming install step for 'fragmented_publication'[0m
[  9%] [34m[1mPerforming install step for 'int32_subscriber'[0m
-- Using PYTHON_EXECUTABLE: /usr/bin/python3
[100%] Built target int32_publisher
[  9%] [34m[1mPerforming install step for 'configured_publisher'[0m
[  9%] [34m[1mPerforming install step for 'graph_visualizer'[0m
[ 10%] [34m[1mPerforming install step for 'subscription_count'[0m
[ 11%] [34m[1mPerforming install step for 'configured_subscriber'[0m
[ 11%] [34m[1mPerforming install step for 'int32_publisher'[0m
[100%] Built target int32_subscriber
[100%] Built target publisher_count
[100%] Built target fragmented_publication
[100%] Built target graph_visualizer
[36mInstall the project...[0m
[36mInstall the project...[0m
[100%] Built target configured_publisher
-- Install configuration: ""
-- Install configuration: ""
-- Up-to-date: /root/catkin_ws/build/micro_ros_demos_rclc/temp_install/publisher_count/publisher_count
[100%] Built target int32_publisher
-- Up-to-date: /root/catkin_ws/build/micro_ros_demos_rclc/temp_install/int32_subscriber/int32_subscriber
[36mInstall the project...[0m
[100%] Built target subscription_count
-- Install configuration: ""
-- Up-to-date: /root/catkin_ws/build/micro_ros_demos_rclc/temp_install/graph_visualizer/graph_visualizer
[100%] Built target configured_subscriber
[ 11%] [34m[1mCompleted 'publisher_count'[0m
[36mInstall the project...[0m
[36mInstall the project...[0m
[36mInstall the project...[0m
-- Install configuration: ""
-- Up-to-date: /root/catkin_ws/build/micro_ros_demos_rclc/temp_install/configured_publisher/configured_publisher
[ 11%] [34m[1mCompleted 'int32_subscriber'[0m
-- Install configuration: ""
-- Up-to-date: /root/catkin_ws/build/micro_ros_demos_rclc/temp_install/fragmented_publication/fragmented_publication
[36mInstall the project...[0m
-- Install configuration: ""
-- Up-to-date: /root/catkin_ws/build/micro_ros_demos_rclc/temp_install/int32_publisher/int32_publisher
[36mInstall the project...[0m
[ 12%] [34m[1mCompleted 'graph_visualizer'[0m
-- Install configuration: ""
-- Up-to-date: /root/catkin_ws/build/micro_ros_demos_rclc/temp_install/subscription_count/subscription_count
-- Install configuration: ""
-- Up-to-date: /root/catkin_ws/build/micro_ros_demos_rclc/temp_install/configured_subscriber/configured_subscriber
[ 13%] [34m[1mCompleted 'configured_publisher'[0m
[ 13%] [34m[1mCompleted 'fragmented_publication'[0m
[ 14%] [34m[1mCompleted 'int32_publisher'[0m
[ 14%] [34m[1mCompleted 'configured_subscriber'[0m
[ 17%] Built target int32_subscriber
-- Found rcl: 1.1.14 (/opt/ros/foxy/share/rcl/cmake)
-- Found rcl: 1.1.14 (/opt/ros/foxy/share/rcl/cmake)
[ 17%] [34m[1mCompleted 'subscription_count'[0m
[ 20%] Built target publisher_count
[ 23%] Built target graph_visualizer
-- Using all available rosidl_typesupport_c: rosidl_typesupport_microxrcedds_c;rosidl_typesupport_fastrtps_c;rosidl_typesupport_introspection_c
-- Using all available rosidl_typesupport_c: rosidl_typesupport_microxrcedds_c;rosidl_typesupport_fastrtps_c;rosidl_typesupport_introspection_c
[ 26%] Built target configured_publisher
-- Found rosidl_adapter: 1.3.0 (/opt/ros/foxy/share/rosidl_adapter/cmake)
-- Found rcl: 1.1.14 (/opt/ros/foxy/share/rcl/cmake)
-- Found rosidl_adapter: 1.3.0 (/opt/ros/foxy/share/rosidl_adapter/cmake)
[ 28%] Built target configured_subscriber
[ 29%] [34m[1mPerforming build step for 'int32_multinode'[0m
[ 30%] [34m[1mPerforming build step for 'timer'[0m
[ 33%] Built target subscription_count
-- Found rcl: 1.1.14 (/opt/ros/foxy/share/rcl/cmake)
[ 36%] Built target int32_publisher
[ 37%] [34m[1mPerforming build step for 'ping_uros_agent'[0m
-- Using all available rosidl_typesupport_c: rosidl_typesupport_microxrcedds_c;rosidl_typesupport_fastrtps_c;rosidl_typesupport_introspection_c
[ 37%] [34m[1mPerforming build step for 'fragmented_subscription'[0m
[ 39%] Built target fragmented_publication
-- Found rosidl_adapter: 1.3.0 (/opt/ros/foxy/share/rosidl_adapter/cmake)
[ 39%] [34m[1mPerforming build step for 'ping_pong'[0m
[ 40%] [34m[1mPerforming build step for 'complex_msg_publisher'[0m
-- Using all available rosidl_typesupport_c: rosidl_typesupport_microxrcedds_c;rosidl_typesupport_fastrtps_c;rosidl_typesupport_introspection_c
-- Found rosidl_adapter: 1.3.0 (/opt/ros/foxy/share/rosidl_adapter/cmake)
[ 40%] [34m[1mPerforming build step for 'complex_msg_subscriber'[0m
[ 40%] [34m[1mPerforming build step for 'string_publisher'[0m
[100%] Built target int32_multinode
[100%] Built target ping_uros_agent
[100%] Built target timer
[ 41%] [34m[1mPerforming install step for 'ping_uros_agent'[0m
[100%] Built target fragmented_subscription
[ 42%] [34m[1mPerforming install step for 'int32_multinode'[0m
[ 42%] [34m[1mPerforming install step for 'timer'[0m
[100%] Built target ping_pong
[100%] Built target complex_msg_subscriber
[100%] Built target complex_msg_publisher
[ 42%] [34m[1mPerforming install step for 'fragmented_subscription'[0m
[100%] Built target string_publisher
[ 43%] [34m[1mPerforming install step for 'complex_msg_subscriber'[0m
-- Using all available rosidl_typesupport_cpp: rosidl_typesupport_microxrcedds_cpp;rosidl_typesupport_fastrtps_cpp;rosidl_typesupport_introspection_cpp
[ 44%] [34m[1mPerforming install step for 'complex_msg_publisher'[0m
[ 44%] [34m[1mPerforming install step for 'ping_pong'[0m
[ 44%] [34m[1mPerforming install step for 'string_publisher'[0m
-- Using all available rosidl_typesupport_cpp: rosidl_typesupport_microxrcedds_cpp;rosidl_typesupport_fastrtps_cpp;rosidl_typesupport_introspection_cpp
[100%] Built target ping_uros_agent
[100%] Built target timer
-- Using all available rosidl_typesupport_cpp: rosidl_typesupport_microxrcedds_cpp;rosidl_typesupport_fastrtps_cpp;rosidl_typesupport_introspection_cpp
[100%] Built target int32_multinode
-- Found rmw_implementation_cmake: 1.0.4 (/opt/ros/foxy/share/rmw_implementation_cmake/cmake)
-- Using RMW implementation 'rmw_fastrtps_cpp' as default
[36mInstall the project...[0m
-- Found rmw_implementation_cmake: 1.0.4 (/opt/ros/foxy/share/rmw_implementation_cmake/cmake)
[36mInstall the project...[0m
-- Using RMW implementation 'rmw_fastrtps_cpp' as default
-- Found rcl_action: 1.1.14 (/opt/ros/foxy/share/rcl_action/cmake)
-- Install configuration: ""
-- Up-to-date: /root/catkin_ws/build/micro_ros_demos_rclc/temp_install/timer/timer
[100%] Built target complex_msg_subscriber
-- Install configuration: ""
-- Up-to-date: /root/catkin_ws/build/micro_ros_demos_rclc/temp_install/ping_uros_agent/ping_uros_agent
[36mInstall the project...[0m
[100%] Built target fragmented_subscription
-- Found rcl_action: 1.1.14 (/opt/ros/foxy/share/rcl_action/cmake)
[100%] Built target string_publisher
-- Install configuration: ""
-- Up-to-date: /root/catkin_ws/build/micro_ros_demos_rclc/temp_install/int32_multinode/int32_multinode
-- Found rmw_implementation_cmake: 1.0.4 (/opt/ros/foxy/share/rmw_implementation_cmake/cmake)
[ 45%] [34m[1mCompleted 'timer'[0m
[100%] Built target ping_pong
-- Using RMW implementation 'rmw_fastrtps_cpp' as default
[100%] Built target complex_msg_publisher
[36mInstall the project...[0m
[ 46%] [34m[1mCompleted 'ping_uros_agent'[0m
-- Using all available rosidl_typesupport_cpp: rosidl_typesupport_microxrcedds_cpp;rosidl_typesupport_fastrtps_cpp;rosidl_typesupport_introspection_cpp
[ 46%] [34m[1mCompleted 'int32_multinode'[0m
-- Found rclc: 1.1.2 (/root/catkin_ws/install/rclc/share/rclc/cmake)
-- Install configuration: ""
-- Up-to-date: /root/catkin_ws/build/micro_ros_demos_rclc/temp_install/complex_msg_subscriber/complex_msg_subscriber
-- Found example_interfaces: 0.9.1 (/root/catkin_ws/install/example_interfaces/share/example_interfaces/cmake)
-- Found example_interfaces: 0.9.1 (/root/catkin_ws/install/example_interfaces/share/example_interfaces/cmake)
[36mInstall the project...[0m
[36mInstall the project...[0m
-- Found example_interfaces: 0.9.1 (/root/catkin_ws/install/example_interfaces/share/example_interfaces/cmake)
[36mInstall the project...[0m
-- Install configuration: ""
[ 49%] Built target timer
-- Up-to-date: /root/catkin_ws/build/micro_ros_demos_rclc/temp_install/complex_msg_publisher/complex_msg_publisher
[ 49%] [34m[1mCompleted 'complex_msg_subscriber'[0m
-- Install configuration: ""
-- Up-to-date: /root/catkin_ws/build/micro_ros_demos_rclc/temp_install/fragmented_subscription/fragmented_subscription
[36mInstall the project...[0m
-- Install configuration: ""
-- Up-to-date: /root/catkin_ws/build/micro_ros_demos_rclc/temp_install/string_publisher/string_publisher
-- Install configuration: ""
-- Up-to-date: /root/catkin_ws/build/micro_ros_demos_rclc/temp_install/ping_pong/ping_pong
-- Found rmw_implementation_cmake: 1.0.4 (/opt/ros/foxy/share/rmw_implementation_cmake/cmake)
[ 51%] Built target int32_multinode
-- Using RMW implementation 'rmw_fastrtps_cpp' as default
[ 52%] [34m[1mCompleted 'fragmented_subscription'[0m
[ 54%] Built target ping_uros_agent
-- Found rclc: 1.1.2 (/root/catkin_ws/install/rclc/share/rclc/cmake)
[ 54%] [34m[1mCompleted 'complex_msg_publisher'[0m
[ 55%] [34m[1mPerforming build step for 'string_subscriber'[0m
-- Configuring done
-- Found example_interfaces: 0.9.1 (/root/catkin_ws/install/example_interfaces/share/example_interfaces/cmake)
[ 56%] [34m[1mCompleted 'string_publisher'[0m
-- Generating done
[ 59%] Built target complex_msg_subscriber
-- Build files have been written to: /root/catkin_ws/build/micro_ros_demos_rclc/fibonacci_action_client/src/fibonacci_action_client-build
-- Configuring done
-- Generating done
[ 60%] [34m[1mCompleted 'ping_pong'[0m
-- Build files have been written to: /root/catkin_ws/build/micro_ros_demos_rclc/fibonacci_action_server/src/fibonacci_action_server-build
[ 61%] [34m[1mPerforming build step for 'int32_publisher_subscriber'[0m
[ 62%] [34m[1mPerforming build step for 'autodiscover_agent'[0m
[ 65%] Built target fragmented_subscription
-- Configuring done
[ 68%] Built target string_publisher
-- Generating done
-- Build files have been written to: /root/catkin_ws/build/micro_ros_demos_rclc/addtwoints_server/src/addtwoints_server-build
[ 70%] Built target complex_msg_publisher
[100%] Built target fibonacci_action_client
[100%] Built target string_subscriber
[100%] Built target fibonacci_action_server
[ 73%] Built target ping_pong
[ 74%] [34m[1mPerforming install step for 'fibonacci_action_client'[0m
[100%] Built target int32_publisher_subscriber
[100%] Built target autodiscover_agent
[ 75%] [34m[1mPerforming install step for 'string_subscriber'[0m
[100%] Built target addtwoints_server
[ 75%] [34m[1mPerforming install step for 'fibonacci_action_server'[0m
-- Configuring done
-- Generating done
-- Build files have been written to: /root/catkin_ws/build/micro_ros_demos_rclc/addtwoints_client/src/addtwoints_client-build
[ 75%] [34m[1mPerforming install step for 'int32_publisher_subscriber'[0m
[ 75%] [34m[1mPerforming install step for 'autodiscover_agent'[0m
[ 76%] [34m[1mPerforming install step for 'addtwoints_server'[0m
[100%] Built target fibonacci_action_client
[100%] Built target string_subscriber
[100%] Built target addtwoints_client
[100%] Built target fibonacci_action_server
[36mInstall the project...[0m
[100%] Built target int32_publisher_subscriber
[100%] Built target autodiscover_agent
[36mInstall the project...[0m
[ 77%] [34m[1mPerforming install step for 'addtwoints_client'[0m
-- Install configuration: ""
-- Up-to-date: /root/catkin_ws/build/micro_ros_demos_rclc/temp_install/fibonacci_action_client/fibonacci_action_client
[100%] Built target addtwoints_server
-- Install configuration: ""
-- Up-to-date: /root/catkin_ws/build/micro_ros_demos_rclc/temp_install/string_subscriber/string_subscriber
[36mInstall the project...[0m
[36mInstall the project...[0m
[36mInstall the project...[0m
-- Install configuration: ""
-- Up-to-date: /root/catkin_ws/build/micro_ros_demos_rclc/temp_install/fibonacci_action_server/fibonacci_action_server
[ 77%] [34m[1mCompleted 'fibonacci_action_client'[0m
-- Install configuration: ""
-- Up-to-date: /root/catkin_ws/build/micro_ros_demos_rclc/temp_install/int32_publisher_subscriber/int32_publisher_subscriber
-- Install configuration: ""
-- Up-to-date: /root/catkin_ws/build/micro_ros_demos_rclc/temp_install/autodiscover_agent/autodiscover_agent
[36mInstall the project...[0m
[ 78%] [34m[1mCompleted 'string_subscriber'[0m
-- Install configuration: ""
-- Up-to-date: /root/catkin_ws/build/micro_ros_demos_rclc/temp_install/addtwoints_server/addtwoints_server
[ 79%] [34m[1mCompleted 'fibonacci_action_server'[0m
[ 80%] [34m[1mCompleted 'int32_publisher_subscriber'[0m
[ 81%] [34m[1mCompleted 'autodiscover_agent'[0m
[100%] Built target addtwoints_client
[ 81%] [34m[1mCompleted 'addtwoints_server'[0m
[ 84%] Built target fibonacci_action_client
[ 86%] Built target string_subscriber
[36mInstall the project...[0m
[ 89%] Built target fibonacci_action_server
[ 92%] Built target autodiscover_agent
[ 95%] Built target int32_publisher_subscriber
-- Install configuration: ""
-- Up-to-date: /root/catkin_ws/build/micro_ros_demos_rclc/temp_install/addtwoints_client/addtwoints_client
[ 98%] Built target addtwoints_server
[ 98%] [34m[1mCompleted 'addtwoints_client'[0m
[100%] Built target addtwoints_client
-- Install configuration: ""
-- Execute custom install script
-- Up-to-date symlink: /root/catkin_ws/install/micro_ros_demos_rclc/share/ament_index/resource_index/package_run_dependencies/micro_ros_demos_rclc
-- Up-to-date symlink: /root/catkin_ws/install/micro_ros_demos_rclc/share/ament_index/resource_index/parent_prefix_path/micro_ros_demos_rclc
-- Up-to-date symlink: /root/catkin_ws/install/micro_ros_demos_rclc/share/micro_ros_demos_rclc/environment/ament_prefix_path.sh
-- Up-to-date symlink: /root/catkin_ws/install/micro_ros_demos_rclc/share/micro_ros_demos_rclc/environment/ament_prefix_path.dsv
-- Up-to-date symlink: /root/catkin_ws/install/micro_ros_demos_rclc/share/micro_ros_demos_rclc/environment/path.sh
-- Up-to-date symlink: /root/catkin_ws/install/micro_ros_demos_rclc/share/micro_ros_demos_rclc/environment/path.dsv
-- Up-to-date symlink: /root/catkin_ws/install/micro_ros_demos_rclc/share/micro_ros_demos_rclc/local_setup.bash
-- Up-to-date symlink: /root/catkin_ws/install/micro_ros_demos_rclc/share/micro_ros_demos_rclc/local_setup.sh
-- Up-to-date symlink: /root/catkin_ws/install/micro_ros_demos_rclc/share/micro_ros_demos_rclc/local_setup.zsh
-- Up-to-date symlink: /root/catkin_ws/install/micro_ros_demos_rclc/share/micro_ros_demos_rclc/local_setup.dsv
-- Symlinking: /root/catkin_ws/install/micro_ros_demos_rclc/share/micro_ros_demos_rclc/package.dsv
-- Up-to-date symlink: /root/catkin_ws/install/micro_ros_demos_rclc/share/ament_index/resource_index/packages/micro_ros_demos_rclc
-- Up-to-date symlink: /root/catkin_ws/install/micro_ros_demos_rclc/share/micro_ros_demos_rclc/cmake/micro_ros_demos_rclcConfig.cmake
-- Up-to-date symlink: /root/catkin_ws/install/micro_ros_demos_rclc/share/micro_ros_demos_rclc/cmake/micro_ros_demos_rclcConfig-version.cmake
-- Up-to-date symlink: /root/catkin_ws/install/micro_ros_demos_rclc/share/micro_ros_demos_rclc/package.xml
-- Up-to-date: /root/catkin_ws/install/micro_ros_demos_rclc/lib/micro_ros_demos_rclc
-- Up-to-date: /root/catkin_ws/install/micro_ros_demos_rclc/lib/micro_ros_demos_rclc/addtwoints_client
-- Up-to-date: /root/catkin_ws/install/micro_ros_demos_rclc/lib/micro_ros_demos_rclc/addtwoints_client/addtwoints_client
-- Up-to-date: /root/catkin_ws/install/micro_ros_demos_rclc/lib/micro_ros_demos_rclc/configured_subscriber
-- Up-to-date: /root/catkin_ws/install/micro_ros_demos_rclc/lib/micro_ros_demos_rclc/configured_subscriber/configured_subscriber
-- Up-to-date: /root/catkin_ws/install/micro_ros_demos_rclc/lib/micro_ros_demos_rclc/configured_publisher
-- Up-to-date: /root/catkin_ws/install/micro_ros_demos_rclc/lib/micro_ros_demos_rclc/configured_publisher/configured_publisher
-- Up-to-date: /root/catkin_ws/install/micro_ros_demos_rclc/lib/micro_ros_demos_rclc/fibonacci_action_server
-- Up-to-date: /root/catkin_ws/install/micro_ros_demos_rclc/lib/micro_ros_demos_rclc/fibonacci_action_server/fibonacci_action_server
-- Up-to-date: /root/catkin_ws/install/micro_ros_demos_rclc/lib/micro_ros_demos_rclc/addtwoints_server
-- Up-to-date: /root/catkin_ws/install/micro_ros_demos_rclc/lib/micro_ros_demos_rclc/addtwoints_server/addtwoints_server
-- Up-to-date: /root/catkin_ws/install/micro_ros_demos_rclc/lib/micro_ros_demos_rclc/fragmented_subscription
-- Up-to-date: /root/catkin_ws/install/micro_ros_demos_rclc/lib/micro_ros_demos_rclc/fragmented_subscription/fragmented_subscription
-- Up-to-date: /root/catkin_ws/install/micro_ros_demos_rclc/lib/micro_ros_demos_rclc/timer
-- Up-to-date: /root/catkin_ws/install/micro_ros_demos_rclc/lib/micro_ros_demos_rclc/timer/timer
-- Up-to-date: /root/catkin_ws/install/micro_ros_demos_rclc/lib/micro_ros_demos_rclc/subscription_count
-- Up-to-date: /root/catkin_ws/install/micro_ros_demos_rclc/lib/micro_ros_demos_rclc/subscription_count/subscription_count
-- Up-to-date: /root/catkin_ws/install/micro_ros_demos_rclc/lib/micro_ros_demos_rclc/ping_pong
-- Up-to-date: /root/catkin_ws/install/micro_ros_demos_rclc/lib/micro_ros_demos_rclc/ping_pong/ping_pong
-- Up-to-date: /root/catkin_ws/install/micro_ros_demos_rclc/lib/micro_ros_demos_rclc/string_publisher
-- Up-to-date: /root/catkin_ws/install/micro_ros_demos_rclc/lib/micro_ros_demos_rclc/string_publisher/string_publisher
-- Up-to-date: /root/catkin_ws/install/micro_ros_demos_rclc/lib/micro_ros_demos_rclc/publisher_count
-- Up-to-date: /root/catkin_ws/install/micro_ros_demos_rclc/lib/micro_ros_demos_rclc/publisher_count/publisher_count
-- Up-to-date: /root/catkin_ws/install/micro_ros_demos_rclc/lib/micro_ros_demos_rclc/autodiscover_agent
-- Up-to-date: /root/catkin_ws/install/micro_ros_demos_rclc/lib/micro_ros_demos_rclc/autodiscover_agent/autodiscover_agent
-- Up-to-date: /root/catkin_ws/install/micro_ros_demos_rclc/lib/micro_ros_demos_rclc/complex_msg_subscriber
-- Up-to-date: /root/catkin_ws/install/micro_ros_demos_rclc/lib/micro_ros_demos_rclc/complex_msg_subscriber/complex_msg_subscriber
-- Up-to-date: /root/catkin_ws/install/micro_ros_demos_rclc/lib/micro_ros_demos_rclc/ping_uros_agent
-- Up-to-date: /root/catkin_ws/install/micro_ros_demos_rclc/lib/micro_ros_demos_rclc/ping_uros_agent/ping_uros_agent
-- Up-to-date: /root/catkin_ws/install/micro_ros_demos_rclc/lib/micro_ros_demos_rclc/int32_publisher
-- Up-to-date: /root/catkin_ws/install/micro_ros_demos_rclc/lib/micro_ros_demos_rclc/int32_publisher/int32_publisher
-- Up-to-date: /root/catkin_ws/install/micro_ros_demos_rclc/lib/micro_ros_demos_rclc/fibonacci_action_client
-- Up-to-date: /root/catkin_ws/install/micro_ros_demos_rclc/lib/micro_ros_demos_rclc/fibonacci_action_client/fibonacci_action_client
-- Up-to-date: /root/catkin_ws/install/micro_ros_demos_rclc/lib/micro_ros_demos_rclc/string_subscriber
-- Up-to-date: /root/catkin_ws/install/micro_ros_demos_rclc/lib/micro_ros_demos_rclc/string_subscriber/string_subscriber
-- Up-to-date: /root/catkin_ws/install/micro_ros_demos_rclc/lib/micro_ros_demos_rclc/graph_visualizer
-- Up-to-date: /root/catkin_ws/install/micro_ros_demos_rclc/lib/micro_ros_demos_rclc/graph_visualizer/graph_visualizer
-- Up-to-date: /root/catkin_ws/install/micro_ros_demos_rclc/lib/micro_ros_demos_rclc/complex_msg_publisher
-- Up-to-date: /root/catkin_ws/install/micro_ros_demos_rclc/lib/micro_ros_demos_rclc/complex_msg_publisher/complex_msg_publisher
-- Up-to-date: /root/catkin_ws/install/micro_ros_demos_rclc/lib/micro_ros_demos_rclc/int32_subscriber
-- Up-to-date: /root/catkin_ws/install/micro_ros_demos_rclc/lib/micro_ros_demos_rclc/int32_subscriber/int32_subscriber
-- Up-to-date: /root/catkin_ws/install/micro_ros_demos_rclc/lib/micro_ros_demos_rclc/int32_multinode
-- Up-to-date: /root/catkin_ws/install/micro_ros_demos_rclc/lib/micro_ros_demos_rclc/int32_multinode/int32_multinode
-- Up-to-date: /root/catkin_ws/install/micro_ros_demos_rclc/lib/micro_ros_demos_rclc/fragmented_publication
-- Up-to-date: /root/catkin_ws/install/micro_ros_demos_rclc/lib/micro_ros_demos_rclc/fragmented_publication/fragmented_publication
-- Up-to-date: /root/catkin_ws/install/micro_ros_demos_rclc/lib/micro_ros_demos_rclc/int32_publisher_subscriber
-- Up-to-date: /root/catkin_ws/install/micro_ros_demos_rclc/lib/micro_ros_demos_rclc/int32_publisher_subscriber/int32_publisher_subscriber
