[0.110s] Invoking command in '/root/catkin_ws/build/micro_ros_demos_rclc': CMAKE_PREFIX_PATH=/root/catkin_ws/install/rmw_microxrcedds:/root/catkin_ws/install/rclc:/root/catkin_ws/install/rosidl_typesupport_microxrcedds_cpp:/root/catkin_ws/install/geometry_msgs:/root/catkin_ws/install/example_interfaces:/root/catkin_ws/install/std_msgs:/root/catkin_ws/install/rosidl_typesupport_microxrcedds_c:/root/catkin_ws/install/rcl_interfaces:/root/catkin_ws/install/microxrcedds_client:/root/catkin_ws/install/complex_msgs:/root/catkin_ws/install/action_msgs:/root/catkin_ws/install/unique_identifier_msgs:/root/catkin_ws/install/microcdr:/root/catkin_ws/install/micro_ros_msgs:/root/catkin_ws/install/builtin_interfaces:/root/catkin_ws/install/ydlidar_sdk:/root/catkin_ws/install/ydlidar_ros2_driver:/root/catkin_ws/install/common_interfaces:/root/catkin_ws/install/visualization_msgs:/root/catkin_ws/install/test_msgs:/root/catkin_ws/install/micro_ros_demos_rclc:/root/catkin_ws/install/udp_driver:/root/catkin_ws/install/trajectory_msgs:/root/catkin_ws/install/topic_service_action_rclcpp_example:/root/catkin_ws/install/time_rclcpp_example:/root/catkin_ws/install/tf2_rclcpp_example:/root/catkin_ws/install/testbot_description:/root/catkin_ws/install/stereo_msgs:/root/catkin_ws/install/rqt_example:/root/catkin_ws/install/std_srvs:/root/catkin_ws/install/shape_msgs:/root/catkin_ws/install/serial_driver:/root/catkin_ws/install/omo_r1mini_gazebo:/root/catkin_ws/install/sensor_msgs:/root/catkin_ws/install/omo_r1mini:/root/catkin_ws/install/nav_msgs:/root/catkin_ws/install/my_first_ros_rclcpp_pkg:/root/catkin_ws/install/io_context:/root/catkin_ws/install/diagnostic_msgs:/root/catkin_ws/install/drive_base_msgs:/root/catkin_ws/install/actionlib_msgs:/root/catkin_ws/install/statistics_msgs:/root/catkin_ws/install/rosidl_typesupport_microxrcedds_test_msg:/root/catkin_ws/install/rosidl_typesupport_microxrcedds_cpp_tests:/root/catkin_ws/install/rosidl_typesupport_microxrcedds_c_tests:/root/catkin_ws/install/rosgraph_msgs:/root/catkin_ws/install/rclc_parameter:/root/catkin_ws/install/composition_interfaces:/root/catkin_ws/install/omo_r1mini_navigation2:/root/catkin_ws/install/omo_r1mini_interfaces:/root/catkin_ws/install/omo_r1mini_description:/root/catkin_ws/install/omo_r1mini_cartographer:/root/catkin_ws/install/msg_srv_action_interface_example:/root/catkin_ws/install/micro_ros_setup:/root/catkin_ws/install/micro_ros_agent:/root/catkin_ws/install/micro_ros_demos_rclcpp:/root/catkin_ws/install/lifecycle_msgs:/root/catkin_ws/install/iahrs_driver_interface:/root/catkin_ws/install/asio_cmake_module:/root/install/ydlidar_sdk:/root/install/ydlidar_ros2_driver:/root/install/udp_driver:/root/install/topic_service_action_rclcpp_example:/root/install/time_rclcpp_example:/root/install/tf2_rclcpp_example:/root/install/testbot_description:/root/install/serial_driver:/root/install/rqt_example:/root/install/omo_r1mini:/root/install/omo_r1mini_navigation2:/root/install/omo_r1mini_interfaces:/root/install/omo_r1mini_gazebo:/root/install/omo_r1mini_description:/root/install/omo_r1mini_cartographer:/root/install/my_first_ros_rclcpp_pkg:/root/install/msg_srv_action_interface_example:/root/install/io_context:/root/install/asio_cmake_module:/root/catkin_ws/install/topic_service_action_rclpy_example:/root/catkin_ws/install/time_rclpy_example:/root/catkin_ws/install/tf2_rclpy_example:/root/catkin_ws/install/sensor_msgs_py:/root/catkin_ws/install/omo_r1mini_teleop:/root/catkin_ws/install/omo_r1mini_bringup:/root/catkin_ws/install/my_first_ros_rclpy_pkg:/root/catkin_ws/install/logging_rclpy_example:/root/catkin_ws/install/iahrs_driver:/root/catkin_ws/install/ros2env:/root/install/topic_service_action_rclpy_example:/root/install/time_rclpy_example:/root/install/tf2_rclpy_example:/root/install/ros2env:/root/install/omo_r1mini_teleop:/root/install/omo_r1mini_bringup:/root/install/my_first_ros_rclpy_pkg:/root/install/logging_rclpy_example:/opt/ros/foxy LD_LIBRARY_PATH=/root/catkin_ws/install/rmw_microxrcedds/lib:/root/catkin_ws/install/rclc/lib:/root/catkin_ws/install/rosidl_typesupport_microxrcedds_cpp/lib:/root/catkin_ws/install/geometry_msgs/lib:/root/catkin_ws/install/example_interfaces/lib:/root/catkin_ws/install/std_msgs/lib:/root/catkin_ws/install/rosidl_typesupport_microxrcedds_c/lib:/root/catkin_ws/install/rcl_interfaces/lib:/root/catkin_ws/install/microxrcedds_client/lib:/root/catkin_ws/install/complex_msgs/lib:/root/catkin_ws/install/action_msgs/lib:/root/catkin_ws/install/unique_identifier_msgs/lib:/root/catkin_ws/install/microcdr/lib:/root/catkin_ws/install/micro_ros_msgs/lib:/root/catkin_ws/install/builtin_interfaces/lib:/root/catkin_ws/install/ydlidar_sdk/lib:/root/catkin_ws/install/visualization_msgs/lib:/root/catkin_ws/install/test_msgs/lib:/root/catkin_ws/install/udp_driver/lib:/root/catkin_ws/install/trajectory_msgs/lib:/root/catkin_ws/install/stereo_msgs/lib:/root/catkin_ws/install/std_srvs/lib:/root/catkin_ws/install/shape_msgs/lib:/root/catkin_ws/install/serial_driver/lib:/root/catkin_ws/install/sensor_msgs/lib:/root/catkin_ws/install/nav_msgs/lib:/root/catkin_ws/install/io_context/lib:/root/catkin_ws/install/diagnostic_msgs/lib:/root/catkin_ws/install/drive_base_msgs/lib:/root/catkin_ws/install/actionlib_msgs/lib:/root/catkin_ws/install/statistics_msgs/lib:/root/catkin_ws/install/rosgraph_msgs/lib:/root/catkin_ws/install/rclc_parameter/lib:/root/catkin_ws/install/composition_interfaces/lib:/root/catkin_ws/install/omo_r1mini_interfaces/lib:/root/catkin_ws/install/msg_srv_action_interface_example/lib:/root/catkin_ws/install/micro_ros_agent/lib:/root/catkin_ws/install/lifecycle_msgs/lib:/root/catkin_ws/install/iahrs_driver_interface/lib:/root/install/udp_driver/lib:/root/install/serial_driver/lib:/root/install/omo_r1mini_interfaces/lib:/root/install/msg_srv_action_interface_example/lib:/root/install/io_context/lib:/usr/lib/x86_64-linux-gnu/gazebo-11/plugins:/opt/ros/foxy/opt/yaml_cpp_vendor/lib:/opt/ros/foxy/opt/rviz_ogre_vendor/lib:/opt/ros/foxy/lib/x86_64-linux-gnu:/opt/ros/foxy/lib PYTHONPATH=/root/catkin_ws/install/rosidl_typesupport_microxrcedds_cpp/lib/python3.8/site-packages:/root/catkin_ws/install/geometry_msgs/lib/python3.8/site-packages:/root/catkin_ws/install/example_interfaces/lib/python3.8/site-packages:/root/catkin_ws/install/std_msgs/lib/python3.8/site-packages:/root/catkin_ws/install/rosidl_typesupport_microxrcedds_c/lib/python3.8/site-packages:/root/catkin_ws/install/rcl_interfaces/lib/python3.8/site-packages:/root/catkin_ws/install/complex_msgs/lib/python3.8/site-packages:/root/catkin_ws/install/action_msgs/lib/python3.8/site-packages:/root/catkin_ws/install/unique_identifier_msgs/lib/python3.8/site-packages:/root/catkin_ws/install/micro_ros_msgs/lib/python3.8/site-packages:/root/catkin_ws/install/builtin_interfaces/lib/python3.8/site-packages:/root/catkin_ws/install/visualization_msgs/lib/python3.8/site-packages:/root/catkin_ws/install/test_msgs/lib/python3.8/site-packages:/root/catkin_ws/install/trajectory_msgs/lib/python3.8/site-packages:/root/catkin_ws/build/topic_service_action_rclpy_example:/root/catkin_ws/install/topic_service_action_rclpy_example/lib/python3.8/site-packages:/root/catkin_ws/build/time_rclpy_example:/root/catkin_ws/install/time_rclpy_example/lib/python3.8/site-packages:/root/catkin_ws/build/tf2_rclpy_example:/root/catkin_ws/install/tf2_rclpy_example/lib/python3.8/site-packages:/root/catkin_ws/install/stereo_msgs/lib/python3.8/site-packages:/root/catkin_ws/install/rqt_example/lib/python3.8/site-packages:/root/catkin_ws/install/std_srvs/lib/python3.8/site-packages:/root/catkin_ws/install/shape_msgs/lib/python3.8/site-packages:/root/catkin_ws/build/sensor_msgs_py:/root/catkin_ws/install/sensor_msgs_py/lib/python3.8/site-packages:/root/catkin_ws/install/sensor_msgs/lib/python3.8/site-packages:/root/catkin_ws/build/omo_r1mini_teleop:/root/catkin_ws/install/omo_r1mini_teleop/lib/python3.8/site-packages:/root/catkin_ws/build/omo_r1mini_bringup:/root/catkin_ws/install/omo_r1mini_bringup/lib/python3.8/site-packages:/root/catkin_ws/install/nav_msgs/lib/python3.8/site-packages:/root/catkin_ws/build/my_first_ros_rclpy_pkg:/root/catkin_ws/install/my_first_ros_rclpy_pkg/lib/python3.8/site-packages:/root/catkin_ws/build/logging_rclpy_example:/root/catkin_ws/install/logging_rclpy_example/lib/python3.8/site-packages:/root/catkin_ws/build/iahrs_driver:/root/catkin_ws/install/iahrs_driver/lib/python3.8/site-packages:/root/catkin_ws/install/diagnostic_msgs/lib/python3.8/site-packages:/root/catkin_ws/install/drive_base_msgs/lib/python3.8/site-packages:/root/catkin_ws/install/actionlib_msgs/lib/python3.8/site-packages:/root/catkin_ws/install/statistics_msgs/lib/python3.8/site-packages:/root/catkin_ws/install/rosgraph_msgs/lib/python3.8/site-packages:/root/catkin_ws/build/ros2env:/root/catkin_ws/install/ros2env/lib/python3.8/site-packages:/root/catkin_ws/install/composition_interfaces/lib/python3.8/site-packages:/root/catkin_ws/install/omo_r1mini_interfaces/lib/python3.8/site-packages:/root/catkin_ws/install/msg_srv_action_interface_example/lib/python3.8/site-packages:/root/catkin_ws/install/lifecycle_msgs/lib/python3.8/site-packages:/root/catkin_ws/install/iahrs_driver_interface/lib/python3.8/site-packages:/root/build/topic_service_action_rclpy_example:/root/install/topic_service_action_rclpy_example/lib/python3.8/site-packages:/root/build/time_rclpy_example:/root/install/time_rclpy_example/lib/python3.8/site-packages:/root/build/tf2_rclpy_example:/root/install/tf2_rclpy_example/lib/python3.8/site-packages:/root/install/rqt_example/lib/python3.8/site-packages:/root/build/ros2env:/root/install/ros2env/lib/python3.8/site-packages:/root/build/omo_r1mini_teleop:/root/install/omo_r1mini_teleop/lib/python3.8/site-packages:/root/build/omo_r1mini_bringup:/root/install/omo_r1mini_bringup/lib/python3.8/site-packages:/root/install/omo_r1mini_interfaces/lib/python3.8/site-packages:/root/build/my_first_ros_rclpy_pkg:/root/install/my_first_ros_rclpy_pkg/lib/python3.8/site-packages:/root/install/msg_srv_action_interface_example/lib/python3.8/site-packages:/root/build/logging_rclpy_example:/root/install/logging_rclpy_example/lib/python3.8/site-packages:/opt/ros/foxy/lib/python3.8/site-packages /usr/bin/cmake --build /root/catkin_ws/build/micro_ros_demos_rclc -- -j12 -l12
[0.251s] [  1%] [34m[1mPerforming build step for 'configured_subscriber'[0m
[0.253s] [  1%] [34m[1mPerforming build step for 'fibonacci_action_client'[0m
[0.255s] [  2%] [34m[1mPerforming build step for 'graph_visualizer'[0m
[0.258s] [  3%] [34m[1mPerforming build step for 'configured_publisher'[0m
[0.270s] [  3%] [34m[1mPerforming build step for 'int32_subscriber'[0m
[0.284s] [  3%] [34m[1mPerforming build step for 'subscription_count'[0m
[0.284s] [  4%] [34m[1mPerforming build step for 'fibonacci_action_server'[0m
[0.291s] [  5%] [34m[1mPerforming build step for 'fragmented_publication'[0m
[0.292s] [  6%] [34m[1mPerforming build step for 'addtwoints_client'[0m
[0.296s] -- Found ament_cmake: 0.9.11 (/opt/ros/foxy/share/ament_cmake/cmake)
[0.297s] [  6%] [34m[1mPerforming build step for 'publisher_count'[0m
[0.318s] [  6%] [34m[1mPerforming build step for 'addtwoints_server'[0m
[0.329s] -- Found ament_cmake: 0.9.11 (/opt/ros/foxy/share/ament_cmake/cmake)
[0.334s] [  6%] [34m[1mPerforming build step for 'int32_publisher'[0m
[0.355s] -- Found ament_cmake: 0.9.11 (/opt/ros/foxy/share/ament_cmake/cmake)
[0.376s] -- Found ament_cmake: 0.9.11 (/opt/ros/foxy/share/ament_cmake/cmake)
[0.452s] [100%] Built target graph_visualizer
[0.453s] [100%] Built target fragmented_publication
[0.455s] -- Using PYTHON_EXECUTABLE: /usr/bin/python3
[0.456s] [100%] Built target subscription_count
[0.461s] [100%] Built target publisher_count
[0.463s] [100%] Built target configured_publisher
[0.479s] [100%] Built target int32_subscriber
[0.482s] [100%] Built target configured_subscriber
[0.505s] -- Using PYTHON_EXECUTABLE: /usr/bin/python3
[0.507s] -- Using PYTHON_EXECUTABLE: /usr/bin/python3
[0.520s] [  7%] [34m[1mPerforming install step for 'publisher_count'[0m
[0.525s] [  8%] [34m[1mPerforming install step for 'fragmented_publication'[0m
[0.536s] [  9%] [34m[1mPerforming install step for 'int32_subscriber'[0m
[0.540s] -- Using PYTHON_EXECUTABLE: /usr/bin/python3
[0.542s] [100%] Built target int32_publisher
[0.553s] [  9%] [34m[1mPerforming install step for 'configured_publisher'[0m
[0.555s] [  9%] [34m[1mPerforming install step for 'graph_visualizer'[0m
[0.572s] [ 10%] [34m[1mPerforming install step for 'subscription_count'[0m
[0.629s] [ 11%] [34m[1mPerforming install step for 'configured_subscriber'[0m
[0.636s] [ 11%] [34m[1mPerforming install step for 'int32_publisher'[0m
[0.711s] [100%] Built target int32_subscriber
[0.718s] [100%] Built target publisher_count
[0.736s] [100%] Built target fragmented_publication
[0.748s] [100%] Built target graph_visualizer
[0.774s] [36mInstall the project...[0m
[0.776s] [36mInstall the project...[0m
[0.780s] [100%] Built target configured_publisher
[0.797s] -- Install configuration: ""
[0.797s] -- Install configuration: ""
[0.807s] -- Up-to-date: /root/catkin_ws/build/micro_ros_demos_rclc/temp_install/publisher_count/publisher_count
[0.815s] [100%] Built target int32_publisher
[0.815s] -- Up-to-date: /root/catkin_ws/build/micro_ros_demos_rclc/temp_install/int32_subscriber/int32_subscriber
[0.816s] [36mInstall the project...[0m
[0.835s] [100%] Built target subscription_count
[0.840s] -- Install configuration: ""
[0.840s] -- Up-to-date: /root/catkin_ws/build/micro_ros_demos_rclc/temp_install/graph_visualizer/graph_visualizer
[0.866s] [100%] Built target configured_subscriber
[0.867s] [ 11%] [34m[1mCompleted 'publisher_count'[0m
[0.867s] [36mInstall the project...[0m
[0.873s] [36mInstall the project...[0m
[0.892s] [36mInstall the project...[0m
[0.902s] -- Install configuration: ""
[0.902s] -- Up-to-date: /root/catkin_ws/build/micro_ros_demos_rclc/temp_install/configured_publisher/configured_publisher
[0.904s] [ 11%] [34m[1mCompleted 'int32_subscriber'[0m
[0.911s] -- Install configuration: ""
[0.911s] -- Up-to-date: /root/catkin_ws/build/micro_ros_demos_rclc/temp_install/fragmented_publication/fragmented_publication
[0.916s] [36mInstall the project...[0m
[0.923s] -- Install configuration: ""
[0.923s] -- Up-to-date: /root/catkin_ws/build/micro_ros_demos_rclc/temp_install/int32_publisher/int32_publisher
[0.930s] [36mInstall the project...[0m
[0.934s] [ 12%] [34m[1mCompleted 'graph_visualizer'[0m
[0.962s] -- Install configuration: ""
[0.962s] -- Up-to-date: /root/catkin_ws/build/micro_ros_demos_rclc/temp_install/subscription_count/subscription_count
[0.963s] -- Install configuration: ""
[0.964s] -- Up-to-date: /root/catkin_ws/build/micro_ros_demos_rclc/temp_install/configured_subscriber/configured_subscriber
[0.966s] [ 13%] [34m[1mCompleted 'configured_publisher'[0m
[0.984s] [ 13%] [34m[1mCompleted 'fragmented_publication'[0m
[1.006s] [ 14%] [34m[1mCompleted 'int32_publisher'[0m
[1.020s] [ 14%] [34m[1mCompleted 'configured_subscriber'[0m
[1.028s] [ 17%] Built target int32_subscriber
[1.030s] -- Found rcl: 1.1.14 (/opt/ros/foxy/share/rcl/cmake)
[1.030s] -- Found rcl: 1.1.14 (/opt/ros/foxy/share/rcl/cmake)
[1.035s] [ 17%] [34m[1mCompleted 'subscription_count'[0m
[1.055s] [ 20%] Built target publisher_count
[1.061s] [ 23%] Built target graph_visualizer
[1.105s] -- Using all available rosidl_typesupport_c: rosidl_typesupport_microxrcedds_c;rosidl_typesupport_fastrtps_c;rosidl_typesupport_introspection_c
[1.106s] -- Using all available rosidl_typesupport_c: rosidl_typesupport_microxrcedds_c;rosidl_typesupport_fastrtps_c;rosidl_typesupport_introspection_c
[1.106s] [ 26%] Built target configured_publisher
[1.111s] -- Found rosidl_adapter: 1.3.0 (/opt/ros/foxy/share/rosidl_adapter/cmake)
[1.111s] -- Found rcl: 1.1.14 (/opt/ros/foxy/share/rcl/cmake)
[1.115s] -- Found rosidl_adapter: 1.3.0 (/opt/ros/foxy/share/rosidl_adapter/cmake)
[1.136s] [ 28%] Built target configured_subscriber
[1.140s] [ 29%] [34m[1mPerforming build step for 'int32_multinode'[0m
[1.140s] [ 30%] [34m[1mPerforming build step for 'timer'[0m
[1.148s] [ 33%] Built target subscription_count
[1.151s] -- Found rcl: 1.1.14 (/opt/ros/foxy/share/rcl/cmake)
[1.155s] [ 36%] Built target int32_publisher
[1.162s] [ 37%] [34m[1mPerforming build step for 'ping_uros_agent'[0m
[1.186s] -- Using all available rosidl_typesupport_c: rosidl_typesupport_microxrcedds_c;rosidl_typesupport_fastrtps_c;rosidl_typesupport_introspection_c
[1.189s] [ 37%] [34m[1mPerforming build step for 'fragmented_subscription'[0m
[1.192s] [ 39%] Built target fragmented_publication
[1.192s] -- Found rosidl_adapter: 1.3.0 (/opt/ros/foxy/share/rosidl_adapter/cmake)
[1.223s] [ 39%] [34m[1mPerforming build step for 'ping_pong'[0m
[1.240s] [ 40%] [34m[1mPerforming build step for 'complex_msg_publisher'[0m
[1.241s] -- Using all available rosidl_typesupport_c: rosidl_typesupport_microxrcedds_c;rosidl_typesupport_fastrtps_c;rosidl_typesupport_introspection_c
[1.248s] -- Found rosidl_adapter: 1.3.0 (/opt/ros/foxy/share/rosidl_adapter/cmake)
[1.248s] [ 40%] [34m[1mPerforming build step for 'complex_msg_subscriber'[0m
[1.279s] [ 40%] [34m[1mPerforming build step for 'string_publisher'[0m
[1.289s] [100%] Built target int32_multinode
[1.305s] [100%] Built target ping_uros_agent
[1.330s] [100%] Built target timer
[1.378s] [ 41%] [34m[1mPerforming install step for 'ping_uros_agent'[0m
[1.378s] [100%] Built target fragmented_subscription
[1.385s] [ 42%] [34m[1mPerforming install step for 'int32_multinode'[0m
[1.390s] [ 42%] [34m[1mPerforming install step for 'timer'[0m
[1.405s] [100%] Built target ping_pong
[1.407s] [100%] Built target complex_msg_subscriber
[1.420s] [100%] Built target complex_msg_publisher
[1.448s] [ 42%] [34m[1mPerforming install step for 'fragmented_subscription'[0m
[1.450s] [100%] Built target string_publisher
[1.469s] [ 43%] [34m[1mPerforming install step for 'complex_msg_subscriber'[0m
[1.484s] -- Using all available rosidl_typesupport_cpp: rosidl_typesupport_microxrcedds_cpp;rosidl_typesupport_fastrtps_cpp;rosidl_typesupport_introspection_cpp
[1.487s] [ 44%] [34m[1mPerforming install step for 'complex_msg_publisher'[0m
[1.491s] [ 44%] [34m[1mPerforming install step for 'ping_pong'[0m
[1.502s] [ 44%] [34m[1mPerforming install step for 'string_publisher'[0m
[1.502s] -- Using all available rosidl_typesupport_cpp: rosidl_typesupport_microxrcedds_cpp;rosidl_typesupport_fastrtps_cpp;rosidl_typesupport_introspection_cpp
[1.525s] [100%] Built target ping_uros_agent
[1.528s] [100%] Built target timer
[1.543s] -- Using all available rosidl_typesupport_cpp: rosidl_typesupport_microxrcedds_cpp;rosidl_typesupport_fastrtps_cpp;rosidl_typesupport_introspection_cpp
[1.584s] [100%] Built target int32_multinode
[1.584s] -- Found rmw_implementation_cmake: 1.0.4 (/opt/ros/foxy/share/rmw_implementation_cmake/cmake)
[1.595s] -- Using RMW implementation 'rmw_fastrtps_cpp' as default
[1.598s] [36mInstall the project...[0m
[1.606s] -- Found rmw_implementation_cmake: 1.0.4 (/opt/ros/foxy/share/rmw_implementation_cmake/cmake)
[1.612s] [36mInstall the project...[0m
[1.619s] -- Using RMW implementation 'rmw_fastrtps_cpp' as default
[1.621s] -- Found rcl_action: 1.1.14 (/opt/ros/foxy/share/rcl_action/cmake)
[1.622s] -- Install configuration: ""
[1.622s] -- Up-to-date: /root/catkin_ws/build/micro_ros_demos_rclc/temp_install/timer/timer
[1.633s] [100%] Built target complex_msg_subscriber
[1.633s] -- Install configuration: ""
[1.634s] -- Up-to-date: /root/catkin_ws/build/micro_ros_demos_rclc/temp_install/ping_uros_agent/ping_uros_agent
[1.635s] [36mInstall the project...[0m
[1.646s] [100%] Built target fragmented_subscription
[1.648s] -- Found rcl_action: 1.1.14 (/opt/ros/foxy/share/rcl_action/cmake)
[1.659s] [100%] Built target string_publisher
[1.663s] -- Install configuration: ""
[1.663s] -- Up-to-date: /root/catkin_ws/build/micro_ros_demos_rclc/temp_install/int32_multinode/int32_multinode
[1.673s] -- Found rmw_implementation_cmake: 1.0.4 (/opt/ros/foxy/share/rmw_implementation_cmake/cmake)
[1.675s] [ 45%] [34m[1mCompleted 'timer'[0m
[1.681s] [100%] Built target ping_pong
[1.684s] -- Using RMW implementation 'rmw_fastrtps_cpp' as default
[1.686s] [100%] Built target complex_msg_publisher
[1.703s] [36mInstall the project...[0m
[1.704s] [ 46%] [34m[1mCompleted 'ping_uros_agent'[0m
[1.707s] -- Using all available rosidl_typesupport_cpp: rosidl_typesupport_microxrcedds_cpp;rosidl_typesupport_fastrtps_cpp;rosidl_typesupport_introspection_cpp
[1.722s] [ 46%] [34m[1mCompleted 'int32_multinode'[0m
[1.724s] -- Found rclc: 1.1.2 (/root/catkin_ws/install/rclc/share/rclc/cmake)
[1.725s] -- Install configuration: ""
[1.726s] -- Up-to-date: /root/catkin_ws/build/micro_ros_demos_rclc/temp_install/complex_msg_subscriber/complex_msg_subscriber
[1.732s] -- Found example_interfaces: 0.9.1 (/root/catkin_ws/install/example_interfaces/share/example_interfaces/cmake)
[1.739s] -- Found example_interfaces: 0.9.1 (/root/catkin_ws/install/example_interfaces/share/example_interfaces/cmake)
[1.740s] [36mInstall the project...[0m
[1.749s] [36mInstall the project...[0m
[1.766s] -- Found example_interfaces: 0.9.1 (/root/catkin_ws/install/example_interfaces/share/example_interfaces/cmake)
[1.768s] [36mInstall the project...[0m
[1.771s] -- Install configuration: ""
[1.772s] [ 49%] Built target timer
[1.772s] -- Up-to-date: /root/catkin_ws/build/micro_ros_demos_rclc/temp_install/complex_msg_publisher/complex_msg_publisher
[1.773s] [ 49%] [34m[1mCompleted 'complex_msg_subscriber'[0m
[1.779s] -- Install configuration: ""
[1.779s] -- Up-to-date: /root/catkin_ws/build/micro_ros_demos_rclc/temp_install/fragmented_subscription/fragmented_subscription
[1.779s] [36mInstall the project...[0m
[1.793s] -- Install configuration: ""
[1.794s] -- Up-to-date: /root/catkin_ws/build/micro_ros_demos_rclc/temp_install/string_publisher/string_publisher
[1.801s] -- Install configuration: ""
[1.801s] -- Up-to-date: /root/catkin_ws/build/micro_ros_demos_rclc/temp_install/ping_pong/ping_pong
[1.815s] -- Found rmw_implementation_cmake: 1.0.4 (/opt/ros/foxy/share/rmw_implementation_cmake/cmake)
[1.822s] [ 51%] Built target int32_multinode
[1.827s] -- Using RMW implementation 'rmw_fastrtps_cpp' as default
[1.827s] [ 52%] [34m[1mCompleted 'fragmented_subscription'[0m
[1.831s] [ 54%] Built target ping_uros_agent
[1.852s] -- Found rclc: 1.1.2 (/root/catkin_ws/install/rclc/share/rclc/cmake)
[1.854s] [ 54%] [34m[1mCompleted 'complex_msg_publisher'[0m
[1.860s] [ 55%] [34m[1mPerforming build step for 'string_subscriber'[0m
[1.861s] -- Configuring done
[1.862s] -- Found example_interfaces: 0.9.1 (/root/catkin_ws/install/example_interfaces/share/example_interfaces/cmake)
[1.865s] [ 56%] [34m[1mCompleted 'string_publisher'[0m
[1.874s] -- Generating done
[1.878s] [ 59%] Built target complex_msg_subscriber
[1.879s] -- Build files have been written to: /root/catkin_ws/build/micro_ros_demos_rclc/fibonacci_action_client/src/fibonacci_action_client-build
[1.885s] -- Configuring done
[1.899s] -- Generating done
[1.902s] [ 60%] [34m[1mCompleted 'ping_pong'[0m
[1.902s] -- Build files have been written to: /root/catkin_ws/build/micro_ros_demos_rclc/fibonacci_action_server/src/fibonacci_action_server-build
[1.917s] [ 61%] [34m[1mPerforming build step for 'int32_publisher_subscriber'[0m
[1.923s] [ 62%] [34m[1mPerforming build step for 'autodiscover_agent'[0m
[1.935s] [ 65%] Built target fragmented_subscription
[1.951s] -- Configuring done
[1.963s] [ 68%] Built target string_publisher
[1.966s] -- Generating done
[1.970s] -- Build files have been written to: /root/catkin_ws/build/micro_ros_demos_rclc/addtwoints_server/src/addtwoints_server-build
[1.975s] [ 70%] Built target complex_msg_publisher
[1.989s] [100%] Built target fibonacci_action_client
[2.010s] [100%] Built target string_subscriber
[2.015s] [100%] Built target fibonacci_action_server
[2.020s] [ 73%] Built target ping_pong
[2.038s] [ 74%] [34m[1mPerforming install step for 'fibonacci_action_client'[0m
[2.046s] [100%] Built target int32_publisher_subscriber
[2.051s] [100%] Built target autodiscover_agent
[2.059s] [ 75%] [34m[1mPerforming install step for 'string_subscriber'[0m
[2.062s] [100%] Built target addtwoints_server
[2.065s] [ 75%] [34m[1mPerforming install step for 'fibonacci_action_server'[0m
[2.072s] -- Configuring done
[2.084s] -- Generating done
[2.087s] -- Build files have been written to: /root/catkin_ws/build/micro_ros_demos_rclc/addtwoints_client/src/addtwoints_client-build
[2.090s] [ 75%] [34m[1mPerforming install step for 'int32_publisher_subscriber'[0m
[2.098s] [ 75%] [34m[1mPerforming install step for 'autodiscover_agent'[0m
[2.117s] [ 76%] [34m[1mPerforming install step for 'addtwoints_server'[0m
[2.155s] [100%] Built target fibonacci_action_client
[2.178s] [100%] Built target string_subscriber
[2.178s] [100%] Built target addtwoints_client
[2.199s] [100%] Built target fibonacci_action_server
[2.205s] [36mInstall the project...[0m
[2.205s] [100%] Built target int32_publisher_subscriber
[2.213s] [100%] Built target autodiscover_agent
[2.224s] [36mInstall the project...[0m
[2.228s] [ 77%] [34m[1mPerforming install step for 'addtwoints_client'[0m
[2.228s] -- Install configuration: ""
[2.228s] -- Up-to-date: /root/catkin_ws/build/micro_ros_demos_rclc/temp_install/fibonacci_action_client/fibonacci_action_client
[2.231s] [100%] Built target addtwoints_server
[2.247s] -- Install configuration: ""
[2.247s] -- Up-to-date: /root/catkin_ws/build/micro_ros_demos_rclc/temp_install/string_subscriber/string_subscriber
[2.250s] [36mInstall the project...[0m
[2.254s] [36mInstall the project...[0m
[2.259s] [36mInstall the project...[0m
[2.269s] -- Install configuration: ""
[2.269s] -- Up-to-date: /root/catkin_ws/build/micro_ros_demos_rclc/temp_install/fibonacci_action_server/fibonacci_action_server
[2.273s] [ 77%] [34m[1mCompleted 'fibonacci_action_client'[0m
[2.273s] -- Install configuration: ""
[2.273s] -- Up-to-date: /root/catkin_ws/build/micro_ros_demos_rclc/temp_install/int32_publisher_subscriber/int32_publisher_subscriber
[2.280s] -- Install configuration: ""
[2.281s] -- Up-to-date: /root/catkin_ws/build/micro_ros_demos_rclc/temp_install/autodiscover_agent/autodiscover_agent
[2.284s] [36mInstall the project...[0m
[2.295s] [ 78%] [34m[1mCompleted 'string_subscriber'[0m
[2.307s] -- Install configuration: ""
[2.307s] -- Up-to-date: /root/catkin_ws/build/micro_ros_demos_rclc/temp_install/addtwoints_server/addtwoints_server
[2.315s] [ 79%] [34m[1mCompleted 'fibonacci_action_server'[0m
[2.322s] [ 80%] [34m[1mCompleted 'int32_publisher_subscriber'[0m
[2.327s] [ 81%] [34m[1mCompleted 'autodiscover_agent'[0m
[2.347s] [100%] Built target addtwoints_client
[2.357s] [ 81%] [34m[1mCompleted 'addtwoints_server'[0m
[2.363s] [ 84%] Built target fibonacci_action_client
[2.386s] [ 86%] Built target string_subscriber
[2.393s] [36mInstall the project...[0m
[2.404s] [ 89%] Built target fibonacci_action_server
[2.413s] [ 92%] Built target autodiscover_agent
[2.413s] [ 95%] Built target int32_publisher_subscriber
[2.415s] -- Install configuration: ""
[2.415s] -- Up-to-date: /root/catkin_ws/build/micro_ros_demos_rclc/temp_install/addtwoints_client/addtwoints_client
[2.431s] [ 98%] Built target addtwoints_server
[2.456s] [ 98%] [34m[1mCompleted 'addtwoints_client'[0m
[2.566s] [100%] Built target addtwoints_client
[2.629s] Invoked command in '/root/catkin_ws/build/micro_ros_demos_rclc' returned '0': CMAKE_PREFIX_PATH=/root/catkin_ws/install/rmw_microxrcedds:/root/catkin_ws/install/rclc:/root/catkin_ws/install/rosidl_typesupport_microxrcedds_cpp:/root/catkin_ws/install/geometry_msgs:/root/catkin_ws/install/example_interfaces:/root/catkin_ws/install/std_msgs:/root/catkin_ws/install/rosidl_typesupport_microxrcedds_c:/root/catkin_ws/install/rcl_interfaces:/root/catkin_ws/install/microxrcedds_client:/root/catkin_ws/install/complex_msgs:/root/catkin_ws/install/action_msgs:/root/catkin_ws/install/unique_identifier_msgs:/root/catkin_ws/install/microcdr:/root/catkin_ws/install/micro_ros_msgs:/root/catkin_ws/install/builtin_interfaces:/root/catkin_ws/install/ydlidar_sdk:/root/catkin_ws/install/ydlidar_ros2_driver:/root/catkin_ws/install/common_interfaces:/root/catkin_ws/install/visualization_msgs:/root/catkin_ws/install/test_msgs:/root/catkin_ws/install/micro_ros_demos_rclc:/root/catkin_ws/install/udp_driver:/root/catkin_ws/install/trajectory_msgs:/root/catkin_ws/install/topic_service_action_rclcpp_example:/root/catkin_ws/install/time_rclcpp_example:/root/catkin_ws/install/tf2_rclcpp_example:/root/catkin_ws/install/testbot_description:/root/catkin_ws/install/stereo_msgs:/root/catkin_ws/install/rqt_example:/root/catkin_ws/install/std_srvs:/root/catkin_ws/install/shape_msgs:/root/catkin_ws/install/serial_driver:/root/catkin_ws/install/omo_r1mini_gazebo:/root/catkin_ws/install/sensor_msgs:/root/catkin_ws/install/omo_r1mini:/root/catkin_ws/install/nav_msgs:/root/catkin_ws/install/my_first_ros_rclcpp_pkg:/root/catkin_ws/install/io_context:/root/catkin_ws/install/diagnostic_msgs:/root/catkin_ws/install/drive_base_msgs:/root/catkin_ws/install/actionlib_msgs:/root/catkin_ws/install/statistics_msgs:/root/catkin_ws/install/rosidl_typesupport_microxrcedds_test_msg:/root/catkin_ws/install/rosidl_typesupport_microxrcedds_cpp_tests:/root/catkin_ws/install/rosidl_typesupport_microxrcedds_c_tests:/root/catkin_ws/install/rosgraph_msgs:/root/catkin_ws/install/rclc_parameter:/root/catkin_ws/install/composition_interfaces:/root/catkin_ws/install/omo_r1mini_navigation2:/root/catkin_ws/install/omo_r1mini_interfaces:/root/catkin_ws/install/omo_r1mini_description:/root/catkin_ws/install/omo_r1mini_cartographer:/root/catkin_ws/install/msg_srv_action_interface_example:/root/catkin_ws/install/micro_ros_setup:/root/catkin_ws/install/micro_ros_agent:/root/catkin_ws/install/micro_ros_demos_rclcpp:/root/catkin_ws/install/lifecycle_msgs:/root/catkin_ws/install/iahrs_driver_interface:/root/catkin_ws/install/asio_cmake_module:/root/install/ydlidar_sdk:/root/install/ydlidar_ros2_driver:/root/install/udp_driver:/root/install/topic_service_action_rclcpp_example:/root/install/time_rclcpp_example:/root/install/tf2_rclcpp_example:/root/install/testbot_description:/root/install/serial_driver:/root/install/rqt_example:/root/install/omo_r1mini:/root/install/omo_r1mini_navigation2:/root/install/omo_r1mini_interfaces:/root/install/omo_r1mini_gazebo:/root/install/omo_r1mini_description:/root/install/omo_r1mini_cartographer:/root/install/my_first_ros_rclcpp_pkg:/root/install/msg_srv_action_interface_example:/root/install/io_context:/root/install/asio_cmake_module:/root/catkin_ws/install/topic_service_action_rclpy_example:/root/catkin_ws/install/time_rclpy_example:/root/catkin_ws/install/tf2_rclpy_example:/root/catkin_ws/install/sensor_msgs_py:/root/catkin_ws/install/omo_r1mini_teleop:/root/catkin_ws/install/omo_r1mini_bringup:/root/catkin_ws/install/my_first_ros_rclpy_pkg:/root/catkin_ws/install/logging_rclpy_example:/root/catkin_ws/install/iahrs_driver:/root/catkin_ws/install/ros2env:/root/install/topic_service_action_rclpy_example:/root/install/time_rclpy_example:/root/install/tf2_rclpy_example:/root/install/ros2env:/root/install/omo_r1mini_teleop:/root/install/omo_r1mini_bringup:/root/install/my_first_ros_rclpy_pkg:/root/install/logging_rclpy_example:/opt/ros/foxy LD_LIBRARY_PATH=/root/catkin_ws/install/rmw_microxrcedds/lib:/root/catkin_ws/install/rclc/lib:/root/catkin_ws/install/rosidl_typesupport_microxrcedds_cpp/lib:/root/catkin_ws/install/geometry_msgs/lib:/root/catkin_ws/install/example_interfaces/lib:/root/catkin_ws/install/std_msgs/lib:/root/catkin_ws/install/rosidl_typesupport_microxrcedds_c/lib:/root/catkin_ws/install/rcl_interfaces/lib:/root/catkin_ws/install/microxrcedds_client/lib:/root/catkin_ws/install/complex_msgs/lib:/root/catkin_ws/install/action_msgs/lib:/root/catkin_ws/install/unique_identifier_msgs/lib:/root/catkin_ws/install/microcdr/lib:/root/catkin_ws/install/micro_ros_msgs/lib:/root/catkin_ws/install/builtin_interfaces/lib:/root/catkin_ws/install/ydlidar_sdk/lib:/root/catkin_ws/install/visualization_msgs/lib:/root/catkin_ws/install/test_msgs/lib:/root/catkin_ws/install/udp_driver/lib:/root/catkin_ws/install/trajectory_msgs/lib:/root/catkin_ws/install/stereo_msgs/lib:/root/catkin_ws/install/std_srvs/lib:/root/catkin_ws/install/shape_msgs/lib:/root/catkin_ws/install/serial_driver/lib:/root/catkin_ws/install/sensor_msgs/lib:/root/catkin_ws/install/nav_msgs/lib:/root/catkin_ws/install/io_context/lib:/root/catkin_ws/install/diagnostic_msgs/lib:/root/catkin_ws/install/drive_base_msgs/lib:/root/catkin_ws/install/actionlib_msgs/lib:/root/catkin_ws/install/statistics_msgs/lib:/root/catkin_ws/install/rosgraph_msgs/lib:/root/catkin_ws/install/rclc_parameter/lib:/root/catkin_ws/install/composition_interfaces/lib:/root/catkin_ws/install/omo_r1mini_interfaces/lib:/root/catkin_ws/install/msg_srv_action_interface_example/lib:/root/catkin_ws/install/micro_ros_agent/lib:/root/catkin_ws/install/lifecycle_msgs/lib:/root/catkin_ws/install/iahrs_driver_interface/lib:/root/install/udp_driver/lib:/root/install/serial_driver/lib:/root/install/omo_r1mini_interfaces/lib:/root/install/msg_srv_action_interface_example/lib:/root/install/io_context/lib:/usr/lib/x86_64-linux-gnu/gazebo-11/plugins:/opt/ros/foxy/opt/yaml_cpp_vendor/lib:/opt/ros/foxy/opt/rviz_ogre_vendor/lib:/opt/ros/foxy/lib/x86_64-linux-gnu:/opt/ros/foxy/lib PYTHONPATH=/root/catkin_ws/install/rosidl_typesupport_microxrcedds_cpp/lib/python3.8/site-packages:/root/catkin_ws/install/geometry_msgs/lib/python3.8/site-packages:/root/catkin_ws/install/example_interfaces/lib/python3.8/site-packages:/root/catkin_ws/install/std_msgs/lib/python3.8/site-packages:/root/catkin_ws/install/rosidl_typesupport_microxrcedds_c/lib/python3.8/site-packages:/root/catkin_ws/install/rcl_interfaces/lib/python3.8/site-packages:/root/catkin_ws/install/complex_msgs/lib/python3.8/site-packages:/root/catkin_ws/install/action_msgs/lib/python3.8/site-packages:/root/catkin_ws/install/unique_identifier_msgs/lib/python3.8/site-packages:/root/catkin_ws/install/micro_ros_msgs/lib/python3.8/site-packages:/root/catkin_ws/install/builtin_interfaces/lib/python3.8/site-packages:/root/catkin_ws/install/visualization_msgs/lib/python3.8/site-packages:/root/catkin_ws/install/test_msgs/lib/python3.8/site-packages:/root/catkin_ws/install/trajectory_msgs/lib/python3.8/site-packages:/root/catkin_ws/build/topic_service_action_rclpy_example:/root/catkin_ws/install/topic_service_action_rclpy_example/lib/python3.8/site-packages:/root/catkin_ws/build/time_rclpy_example:/root/catkin_ws/install/time_rclpy_example/lib/python3.8/site-packages:/root/catkin_ws/build/tf2_rclpy_example:/root/catkin_ws/install/tf2_rclpy_example/lib/python3.8/site-packages:/root/catkin_ws/install/stereo_msgs/lib/python3.8/site-packages:/root/catkin_ws/install/rqt_example/lib/python3.8/site-packages:/root/catkin_ws/install/std_srvs/lib/python3.8/site-packages:/root/catkin_ws/install/shape_msgs/lib/python3.8/site-packages:/root/catkin_ws/build/sensor_msgs_py:/root/catkin_ws/install/sensor_msgs_py/lib/python3.8/site-packages:/root/catkin_ws/install/sensor_msgs/lib/python3.8/site-packages:/root/catkin_ws/build/omo_r1mini_teleop:/root/catkin_ws/install/omo_r1mini_teleop/lib/python3.8/site-packages:/root/catkin_ws/build/omo_r1mini_bringup:/root/catkin_ws/install/omo_r1mini_bringup/lib/python3.8/site-packages:/root/catkin_ws/install/nav_msgs/lib/python3.8/site-packages:/root/catkin_ws/build/my_first_ros_rclpy_pkg:/root/catkin_ws/install/my_first_ros_rclpy_pkg/lib/python3.8/site-packages:/root/catkin_ws/build/logging_rclpy_example:/root/catkin_ws/install/logging_rclpy_example/lib/python3.8/site-packages:/root/catkin_ws/build/iahrs_driver:/root/catkin_ws/install/iahrs_driver/lib/python3.8/site-packages:/root/catkin_ws/install/diagnostic_msgs/lib/python3.8/site-packages:/root/catkin_ws/install/drive_base_msgs/lib/python3.8/site-packages:/root/catkin_ws/install/actionlib_msgs/lib/python3.8/site-packages:/root/catkin_ws/install/statistics_msgs/lib/python3.8/site-packages:/root/catkin_ws/install/rosgraph_msgs/lib/python3.8/site-packages:/root/catkin_ws/build/ros2env:/root/catkin_ws/install/ros2env/lib/python3.8/site-packages:/root/catkin_ws/install/composition_interfaces/lib/python3.8/site-packages:/root/catkin_ws/install/omo_r1mini_interfaces/lib/python3.8/site-packages:/root/catkin_ws/install/msg_srv_action_interface_example/lib/python3.8/site-packages:/root/catkin_ws/install/lifecycle_msgs/lib/python3.8/site-packages:/root/catkin_ws/install/iahrs_driver_interface/lib/python3.8/site-packages:/root/build/topic_service_action_rclpy_example:/root/install/topic_service_action_rclpy_example/lib/python3.8/site-packages:/root/build/time_rclpy_example:/root/install/time_rclpy_example/lib/python3.8/site-packages:/root/build/tf2_rclpy_example:/root/install/tf2_rclpy_example/lib/python3.8/site-packages:/root/install/rqt_example/lib/python3.8/site-packages:/root/build/ros2env:/root/install/ros2env/lib/python3.8/site-packages:/root/build/omo_r1mini_teleop:/root/install/omo_r1mini_teleop/lib/python3.8/site-packages:/root/build/omo_r1mini_bringup:/root/install/omo_r1mini_bringup/lib/python3.8/site-packages:/root/install/omo_r1mini_interfaces/lib/python3.8/site-packages:/root/build/my_first_ros_rclpy_pkg:/root/install/my_first_ros_rclpy_pkg/lib/python3.8/site-packages:/root/install/msg_srv_action_interface_example/lib/python3.8/site-packages:/root/build/logging_rclpy_example:/root/install/logging_rclpy_example/lib/python3.8/site-packages:/opt/ros/foxy/lib/python3.8/site-packages /usr/bin/cmake --build /root/catkin_ws/build/micro_ros_demos_rclc -- -j12 -l12
[2.735s] Invoking command in '/root/catkin_ws/build/micro_ros_demos_rclc': CMAKE_PREFIX_PATH=/root/catkin_ws/install/rmw_microxrcedds:/root/catkin_ws/install/rclc:/root/catkin_ws/install/rosidl_typesupport_microxrcedds_cpp:/root/catkin_ws/install/geometry_msgs:/root/catkin_ws/install/example_interfaces:/root/catkin_ws/install/std_msgs:/root/catkin_ws/install/rosidl_typesupport_microxrcedds_c:/root/catkin_ws/install/rcl_interfaces:/root/catkin_ws/install/microxrcedds_client:/root/catkin_ws/install/complex_msgs:/root/catkin_ws/install/action_msgs:/root/catkin_ws/install/unique_identifier_msgs:/root/catkin_ws/install/microcdr:/root/catkin_ws/install/micro_ros_msgs:/root/catkin_ws/install/builtin_interfaces:/root/catkin_ws/install/ydlidar_sdk:/root/catkin_ws/install/ydlidar_ros2_driver:/root/catkin_ws/install/common_interfaces:/root/catkin_ws/install/visualization_msgs:/root/catkin_ws/install/test_msgs:/root/catkin_ws/install/micro_ros_demos_rclc:/root/catkin_ws/install/udp_driver:/root/catkin_ws/install/trajectory_msgs:/root/catkin_ws/install/topic_service_action_rclcpp_example:/root/catkin_ws/install/time_rclcpp_example:/root/catkin_ws/install/tf2_rclcpp_example:/root/catkin_ws/install/testbot_description:/root/catkin_ws/install/stereo_msgs:/root/catkin_ws/install/rqt_example:/root/catkin_ws/install/std_srvs:/root/catkin_ws/install/shape_msgs:/root/catkin_ws/install/serial_driver:/root/catkin_ws/install/omo_r1mini_gazebo:/root/catkin_ws/install/sensor_msgs:/root/catkin_ws/install/omo_r1mini:/root/catkin_ws/install/nav_msgs:/root/catkin_ws/install/my_first_ros_rclcpp_pkg:/root/catkin_ws/install/io_context:/root/catkin_ws/install/diagnostic_msgs:/root/catkin_ws/install/drive_base_msgs:/root/catkin_ws/install/actionlib_msgs:/root/catkin_ws/install/statistics_msgs:/root/catkin_ws/install/rosidl_typesupport_microxrcedds_test_msg:/root/catkin_ws/install/rosidl_typesupport_microxrcedds_cpp_tests:/root/catkin_ws/install/rosidl_typesupport_microxrcedds_c_tests:/root/catkin_ws/install/rosgraph_msgs:/root/catkin_ws/install/rclc_parameter:/root/catkin_ws/install/composition_interfaces:/root/catkin_ws/install/omo_r1mini_navigation2:/root/catkin_ws/install/omo_r1mini_interfaces:/root/catkin_ws/install/omo_r1mini_description:/root/catkin_ws/install/omo_r1mini_cartographer:/root/catkin_ws/install/msg_srv_action_interface_example:/root/catkin_ws/install/micro_ros_setup:/root/catkin_ws/install/micro_ros_agent:/root/catkin_ws/install/micro_ros_demos_rclcpp:/root/catkin_ws/install/lifecycle_msgs:/root/catkin_ws/install/iahrs_driver_interface:/root/catkin_ws/install/asio_cmake_module:/root/install/ydlidar_sdk:/root/install/ydlidar_ros2_driver:/root/install/udp_driver:/root/install/topic_service_action_rclcpp_example:/root/install/time_rclcpp_example:/root/install/tf2_rclcpp_example:/root/install/testbot_description:/root/install/serial_driver:/root/install/rqt_example:/root/install/omo_r1mini:/root/install/omo_r1mini_navigation2:/root/install/omo_r1mini_interfaces:/root/install/omo_r1mini_gazebo:/root/install/omo_r1mini_description:/root/install/omo_r1mini_cartographer:/root/install/my_first_ros_rclcpp_pkg:/root/install/msg_srv_action_interface_example:/root/install/io_context:/root/install/asio_cmake_module:/root/catkin_ws/install/topic_service_action_rclpy_example:/root/catkin_ws/install/time_rclpy_example:/root/catkin_ws/install/tf2_rclpy_example:/root/catkin_ws/install/sensor_msgs_py:/root/catkin_ws/install/omo_r1mini_teleop:/root/catkin_ws/install/omo_r1mini_bringup:/root/catkin_ws/install/my_first_ros_rclpy_pkg:/root/catkin_ws/install/logging_rclpy_example:/root/catkin_ws/install/iahrs_driver:/root/catkin_ws/install/ros2env:/root/install/topic_service_action_rclpy_example:/root/install/time_rclpy_example:/root/install/tf2_rclpy_example:/root/install/ros2env:/root/install/omo_r1mini_teleop:/root/install/omo_r1mini_bringup:/root/install/my_first_ros_rclpy_pkg:/root/install/logging_rclpy_example:/opt/ros/foxy LD_LIBRARY_PATH=/root/catkin_ws/install/rmw_microxrcedds/lib:/root/catkin_ws/install/rclc/lib:/root/catkin_ws/install/rosidl_typesupport_microxrcedds_cpp/lib:/root/catkin_ws/install/geometry_msgs/lib:/root/catkin_ws/install/example_interfaces/lib:/root/catkin_ws/install/std_msgs/lib:/root/catkin_ws/install/rosidl_typesupport_microxrcedds_c/lib:/root/catkin_ws/install/rcl_interfaces/lib:/root/catkin_ws/install/microxrcedds_client/lib:/root/catkin_ws/install/complex_msgs/lib:/root/catkin_ws/install/action_msgs/lib:/root/catkin_ws/install/unique_identifier_msgs/lib:/root/catkin_ws/install/microcdr/lib:/root/catkin_ws/install/micro_ros_msgs/lib:/root/catkin_ws/install/builtin_interfaces/lib:/root/catkin_ws/install/ydlidar_sdk/lib:/root/catkin_ws/install/visualization_msgs/lib:/root/catkin_ws/install/test_msgs/lib:/root/catkin_ws/install/udp_driver/lib:/root/catkin_ws/install/trajectory_msgs/lib:/root/catkin_ws/install/stereo_msgs/lib:/root/catkin_ws/install/std_srvs/lib:/root/catkin_ws/install/shape_msgs/lib:/root/catkin_ws/install/serial_driver/lib:/root/catkin_ws/install/sensor_msgs/lib:/root/catkin_ws/install/nav_msgs/lib:/root/catkin_ws/install/io_context/lib:/root/catkin_ws/install/diagnostic_msgs/lib:/root/catkin_ws/install/drive_base_msgs/lib:/root/catkin_ws/install/actionlib_msgs/lib:/root/catkin_ws/install/statistics_msgs/lib:/root/catkin_ws/install/rosgraph_msgs/lib:/root/catkin_ws/install/rclc_parameter/lib:/root/catkin_ws/install/composition_interfaces/lib:/root/catkin_ws/install/omo_r1mini_interfaces/lib:/root/catkin_ws/install/msg_srv_action_interface_example/lib:/root/catkin_ws/install/micro_ros_agent/lib:/root/catkin_ws/install/lifecycle_msgs/lib:/root/catkin_ws/install/iahrs_driver_interface/lib:/root/install/udp_driver/lib:/root/install/serial_driver/lib:/root/install/omo_r1mini_interfaces/lib:/root/install/msg_srv_action_interface_example/lib:/root/install/io_context/lib:/usr/lib/x86_64-linux-gnu/gazebo-11/plugins:/opt/ros/foxy/opt/yaml_cpp_vendor/lib:/opt/ros/foxy/opt/rviz_ogre_vendor/lib:/opt/ros/foxy/lib/x86_64-linux-gnu:/opt/ros/foxy/lib PYTHONPATH=/root/catkin_ws/install/rosidl_typesupport_microxrcedds_cpp/lib/python3.8/site-packages:/root/catkin_ws/install/geometry_msgs/lib/python3.8/site-packages:/root/catkin_ws/install/example_interfaces/lib/python3.8/site-packages:/root/catkin_ws/install/std_msgs/lib/python3.8/site-packages:/root/catkin_ws/install/rosidl_typesupport_microxrcedds_c/lib/python3.8/site-packages:/root/catkin_ws/install/rcl_interfaces/lib/python3.8/site-packages:/root/catkin_ws/install/complex_msgs/lib/python3.8/site-packages:/root/catkin_ws/install/action_msgs/lib/python3.8/site-packages:/root/catkin_ws/install/unique_identifier_msgs/lib/python3.8/site-packages:/root/catkin_ws/install/micro_ros_msgs/lib/python3.8/site-packages:/root/catkin_ws/install/builtin_interfaces/lib/python3.8/site-packages:/root/catkin_ws/install/visualization_msgs/lib/python3.8/site-packages:/root/catkin_ws/install/test_msgs/lib/python3.8/site-packages:/root/catkin_ws/install/trajectory_msgs/lib/python3.8/site-packages:/root/catkin_ws/build/topic_service_action_rclpy_example:/root/catkin_ws/install/topic_service_action_rclpy_example/lib/python3.8/site-packages:/root/catkin_ws/build/time_rclpy_example:/root/catkin_ws/install/time_rclpy_example/lib/python3.8/site-packages:/root/catkin_ws/build/tf2_rclpy_example:/root/catkin_ws/install/tf2_rclpy_example/lib/python3.8/site-packages:/root/catkin_ws/install/stereo_msgs/lib/python3.8/site-packages:/root/catkin_ws/install/rqt_example/lib/python3.8/site-packages:/root/catkin_ws/install/std_srvs/lib/python3.8/site-packages:/root/catkin_ws/install/shape_msgs/lib/python3.8/site-packages:/root/catkin_ws/build/sensor_msgs_py:/root/catkin_ws/install/sensor_msgs_py/lib/python3.8/site-packages:/root/catkin_ws/install/sensor_msgs/lib/python3.8/site-packages:/root/catkin_ws/build/omo_r1mini_teleop:/root/catkin_ws/install/omo_r1mini_teleop/lib/python3.8/site-packages:/root/catkin_ws/build/omo_r1mini_bringup:/root/catkin_ws/install/omo_r1mini_bringup/lib/python3.8/site-packages:/root/catkin_ws/install/nav_msgs/lib/python3.8/site-packages:/root/catkin_ws/build/my_first_ros_rclpy_pkg:/root/catkin_ws/install/my_first_ros_rclpy_pkg/lib/python3.8/site-packages:/root/catkin_ws/build/logging_rclpy_example:/root/catkin_ws/install/logging_rclpy_example/lib/python3.8/site-packages:/root/catkin_ws/build/iahrs_driver:/root/catkin_ws/install/iahrs_driver/lib/python3.8/site-packages:/root/catkin_ws/install/diagnostic_msgs/lib/python3.8/site-packages:/root/catkin_ws/install/drive_base_msgs/lib/python3.8/site-packages:/root/catkin_ws/install/actionlib_msgs/lib/python3.8/site-packages:/root/catkin_ws/install/statistics_msgs/lib/python3.8/site-packages:/root/catkin_ws/install/rosgraph_msgs/lib/python3.8/site-packages:/root/catkin_ws/build/ros2env:/root/catkin_ws/install/ros2env/lib/python3.8/site-packages:/root/catkin_ws/install/composition_interfaces/lib/python3.8/site-packages:/root/catkin_ws/install/omo_r1mini_interfaces/lib/python3.8/site-packages:/root/catkin_ws/install/msg_srv_action_interface_example/lib/python3.8/site-packages:/root/catkin_ws/install/lifecycle_msgs/lib/python3.8/site-packages:/root/catkin_ws/install/iahrs_driver_interface/lib/python3.8/site-packages:/root/build/topic_service_action_rclpy_example:/root/install/topic_service_action_rclpy_example/lib/python3.8/site-packages:/root/build/time_rclpy_example:/root/install/time_rclpy_example/lib/python3.8/site-packages:/root/build/tf2_rclpy_example:/root/install/tf2_rclpy_example/lib/python3.8/site-packages:/root/install/rqt_example/lib/python3.8/site-packages:/root/build/ros2env:/root/install/ros2env/lib/python3.8/site-packages:/root/build/omo_r1mini_teleop:/root/install/omo_r1mini_teleop/lib/python3.8/site-packages:/root/build/omo_r1mini_bringup:/root/install/omo_r1mini_bringup/lib/python3.8/site-packages:/root/install/omo_r1mini_interfaces/lib/python3.8/site-packages:/root/build/my_first_ros_rclpy_pkg:/root/install/my_first_ros_rclpy_pkg/lib/python3.8/site-packages:/root/install/msg_srv_action_interface_example/lib/python3.8/site-packages:/root/build/logging_rclpy_example:/root/install/logging_rclpy_example/lib/python3.8/site-packages:/opt/ros/foxy/lib/python3.8/site-packages /usr/bin/cmake --install /root/catkin_ws/build/micro_ros_demos_rclc
[2.749s] -- Install configuration: ""
[2.749s] -- Execute custom install script
[2.750s] -- Up-to-date symlink: /root/catkin_ws/install/micro_ros_demos_rclc/share/ament_index/resource_index/package_run_dependencies/micro_ros_demos_rclc
[2.750s] -- Up-to-date symlink: /root/catkin_ws/install/micro_ros_demos_rclc/share/ament_index/resource_index/parent_prefix_path/micro_ros_demos_rclc
[2.750s] -- Up-to-date symlink: /root/catkin_ws/install/micro_ros_demos_rclc/share/micro_ros_demos_rclc/environment/ament_prefix_path.sh
[2.751s] -- Up-to-date symlink: /root/catkin_ws/install/micro_ros_demos_rclc/share/micro_ros_demos_rclc/environment/ament_prefix_path.dsv
[2.751s] -- Up-to-date symlink: /root/catkin_ws/install/micro_ros_demos_rclc/share/micro_ros_demos_rclc/environment/path.sh
[2.751s] -- Up-to-date symlink: /root/catkin_ws/install/micro_ros_demos_rclc/share/micro_ros_demos_rclc/environment/path.dsv
[2.752s] -- Up-to-date symlink: /root/catkin_ws/install/micro_ros_demos_rclc/share/micro_ros_demos_rclc/local_setup.bash
[2.752s] -- Up-to-date symlink: /root/catkin_ws/install/micro_ros_demos_rclc/share/micro_ros_demos_rclc/local_setup.sh
[2.753s] -- Up-to-date symlink: /root/catkin_ws/install/micro_ros_demos_rclc/share/micro_ros_demos_rclc/local_setup.zsh
[2.753s] -- Up-to-date symlink: /root/catkin_ws/install/micro_ros_demos_rclc/share/micro_ros_demos_rclc/local_setup.dsv
[2.753s] -- Symlinking: /root/catkin_ws/install/micro_ros_demos_rclc/share/micro_ros_demos_rclc/package.dsv
[2.768s] -- Up-to-date symlink: /root/catkin_ws/install/micro_ros_demos_rclc/share/ament_index/resource_index/packages/micro_ros_demos_rclc
[2.769s] -- Up-to-date symlink: /root/catkin_ws/install/micro_ros_demos_rclc/share/micro_ros_demos_rclc/cmake/micro_ros_demos_rclcConfig.cmake
[2.769s] -- Up-to-date symlink: /root/catkin_ws/install/micro_ros_demos_rclc/share/micro_ros_demos_rclc/cmake/micro_ros_demos_rclcConfig-version.cmake
[2.769s] -- Up-to-date symlink: /root/catkin_ws/install/micro_ros_demos_rclc/share/micro_ros_demos_rclc/package.xml
[2.769s] -- Up-to-date: /root/catkin_ws/install/micro_ros_demos_rclc/lib/micro_ros_demos_rclc
[2.770s] -- Up-to-date: /root/catkin_ws/install/micro_ros_demos_rclc/lib/micro_ros_demos_rclc/addtwoints_client
[2.770s] -- Up-to-date: /root/catkin_ws/install/micro_ros_demos_rclc/lib/micro_ros_demos_rclc/addtwoints_client/addtwoints_client
[2.770s] -- Up-to-date: /root/catkin_ws/install/micro_ros_demos_rclc/lib/micro_ros_demos_rclc/configured_subscriber
[2.770s] -- Up-to-date: /root/catkin_ws/install/micro_ros_demos_rclc/lib/micro_ros_demos_rclc/configured_subscriber/configured_subscriber
[2.770s] -- Up-to-date: /root/catkin_ws/install/micro_ros_demos_rclc/lib/micro_ros_demos_rclc/configured_publisher
[2.771s] -- Up-to-date: /root/catkin_ws/install/micro_ros_demos_rclc/lib/micro_ros_demos_rclc/configured_publisher/configured_publisher
[2.771s] -- Up-to-date: /root/catkin_ws/install/micro_ros_demos_rclc/lib/micro_ros_demos_rclc/fibonacci_action_server
[2.771s] -- Up-to-date: /root/catkin_ws/install/micro_ros_demos_rclc/lib/micro_ros_demos_rclc/fibonacci_action_server/fibonacci_action_server
[2.771s] -- Up-to-date: /root/catkin_ws/install/micro_ros_demos_rclc/lib/micro_ros_demos_rclc/addtwoints_server
[2.771s] -- Up-to-date: /root/catkin_ws/install/micro_ros_demos_rclc/lib/micro_ros_demos_rclc/addtwoints_server/addtwoints_server
[2.771s] -- Up-to-date: /root/catkin_ws/install/micro_ros_demos_rclc/lib/micro_ros_demos_rclc/fragmented_subscription
[2.771s] -- Up-to-date: /root/catkin_ws/install/micro_ros_demos_rclc/lib/micro_ros_demos_rclc/fragmented_subscription/fragmented_subscription
[2.772s] -- Up-to-date: /root/catkin_ws/install/micro_ros_demos_rclc/lib/micro_ros_demos_rclc/timer
[2.772s] -- Up-to-date: /root/catkin_ws/install/micro_ros_demos_rclc/lib/micro_ros_demos_rclc/timer/timer
[2.778s] -- Up-to-date: /root/catkin_ws/install/micro_ros_demos_rclc/lib/micro_ros_demos_rclc/subscription_count
[2.778s] -- Up-to-date: /root/catkin_ws/install/micro_ros_demos_rclc/lib/micro_ros_demos_rclc/subscription_count/subscription_count
[2.778s] -- Up-to-date: /root/catkin_ws/install/micro_ros_demos_rclc/lib/micro_ros_demos_rclc/ping_pong
[2.778s] -- Up-to-date: /root/catkin_ws/install/micro_ros_demos_rclc/lib/micro_ros_demos_rclc/ping_pong/ping_pong
[2.779s] -- Up-to-date: /root/catkin_ws/install/micro_ros_demos_rclc/lib/micro_ros_demos_rclc/string_publisher
[2.779s] -- Up-to-date: /root/catkin_ws/install/micro_ros_demos_rclc/lib/micro_ros_demos_rclc/string_publisher/string_publisher
[2.779s] -- Up-to-date: /root/catkin_ws/install/micro_ros_demos_rclc/lib/micro_ros_demos_rclc/publisher_count
[2.779s] -- Up-to-date: /root/catkin_ws/install/micro_ros_demos_rclc/lib/micro_ros_demos_rclc/publisher_count/publisher_count
[2.779s] -- Up-to-date: /root/catkin_ws/install/micro_ros_demos_rclc/lib/micro_ros_demos_rclc/autodiscover_agent
[2.779s] -- Up-to-date: /root/catkin_ws/install/micro_ros_demos_rclc/lib/micro_ros_demos_rclc/autodiscover_agent/autodiscover_agent
[2.780s] -- Up-to-date: /root/catkin_ws/install/micro_ros_demos_rclc/lib/micro_ros_demos_rclc/complex_msg_subscriber
[2.780s] -- Up-to-date: /root/catkin_ws/install/micro_ros_demos_rclc/lib/micro_ros_demos_rclc/complex_msg_subscriber/complex_msg_subscriber
[2.780s] -- Up-to-date: /root/catkin_ws/install/micro_ros_demos_rclc/lib/micro_ros_demos_rclc/ping_uros_agent
[2.780s] -- Up-to-date: /root/catkin_ws/install/micro_ros_demos_rclc/lib/micro_ros_demos_rclc/ping_uros_agent/ping_uros_agent
[2.780s] -- Up-to-date: /root/catkin_ws/install/micro_ros_demos_rclc/lib/micro_ros_demos_rclc/int32_publisher
[2.781s] -- Up-to-date: /root/catkin_ws/install/micro_ros_demos_rclc/lib/micro_ros_demos_rclc/int32_publisher/int32_publisher
[2.781s] -- Up-to-date: /root/catkin_ws/install/micro_ros_demos_rclc/lib/micro_ros_demos_rclc/fibonacci_action_client
[2.783s] -- Up-to-date: /root/catkin_ws/install/micro_ros_demos_rclc/lib/micro_ros_demos_rclc/fibonacci_action_client/fibonacci_action_client
[2.783s] -- Up-to-date: /root/catkin_ws/install/micro_ros_demos_rclc/lib/micro_ros_demos_rclc/string_subscriber
[2.784s] -- Up-to-date: /root/catkin_ws/install/micro_ros_demos_rclc/lib/micro_ros_demos_rclc/string_subscriber/string_subscriber
[2.784s] -- Up-to-date: /root/catkin_ws/install/micro_ros_demos_rclc/lib/micro_ros_demos_rclc/graph_visualizer
[2.784s] -- Up-to-date: /root/catkin_ws/install/micro_ros_demos_rclc/lib/micro_ros_demos_rclc/graph_visualizer/graph_visualizer
[2.784s] -- Up-to-date: /root/catkin_ws/install/micro_ros_demos_rclc/lib/micro_ros_demos_rclc/complex_msg_publisher
[2.785s] -- Up-to-date: /root/catkin_ws/install/micro_ros_demos_rclc/lib/micro_ros_demos_rclc/complex_msg_publisher/complex_msg_publisher
[2.785s] -- Up-to-date: /root/catkin_ws/install/micro_ros_demos_rclc/lib/micro_ros_demos_rclc/int32_subscriber
[2.785s] -- Up-to-date: /root/catkin_ws/install/micro_ros_demos_rclc/lib/micro_ros_demos_rclc/int32_subscriber/int32_subscriber
[2.785s] -- Up-to-date: /root/catkin_ws/install/micro_ros_demos_rclc/lib/micro_ros_demos_rclc/int32_multinode
[2.786s] -- Up-to-date: /root/catkin_ws/install/micro_ros_demos_rclc/lib/micro_ros_demos_rclc/int32_multinode/int32_multinode
[2.788s] -- Up-to-date: /root/catkin_ws/install/micro_ros_demos_rclc/lib/micro_ros_demos_rclc/fragmented_publication
[2.789s] -- Up-to-date: /root/catkin_ws/install/micro_ros_demos_rclc/lib/micro_ros_demos_rclc/fragmented_publication/fragmented_publication
[2.789s] -- Up-to-date: /root/catkin_ws/install/micro_ros_demos_rclc/lib/micro_ros_demos_rclc/int32_publisher_subscriber
[2.789s] -- Up-to-date: /root/catkin_ws/install/micro_ros_demos_rclc/lib/micro_ros_demos_rclc/int32_publisher_subscriber/int32_publisher_subscriber
[2.790s] Invoked command in '/root/catkin_ws/build/micro_ros_demos_rclc' returned '0': CMAKE_PREFIX_PATH=/root/catkin_ws/install/rmw_microxrcedds:/root/catkin_ws/install/rclc:/root/catkin_ws/install/rosidl_typesupport_microxrcedds_cpp:/root/catkin_ws/install/geometry_msgs:/root/catkin_ws/install/example_interfaces:/root/catkin_ws/install/std_msgs:/root/catkin_ws/install/rosidl_typesupport_microxrcedds_c:/root/catkin_ws/install/rcl_interfaces:/root/catkin_ws/install/microxrcedds_client:/root/catkin_ws/install/complex_msgs:/root/catkin_ws/install/action_msgs:/root/catkin_ws/install/unique_identifier_msgs:/root/catkin_ws/install/microcdr:/root/catkin_ws/install/micro_ros_msgs:/root/catkin_ws/install/builtin_interfaces:/root/catkin_ws/install/ydlidar_sdk:/root/catkin_ws/install/ydlidar_ros2_driver:/root/catkin_ws/install/common_interfaces:/root/catkin_ws/install/visualization_msgs:/root/catkin_ws/install/test_msgs:/root/catkin_ws/install/micro_ros_demos_rclc:/root/catkin_ws/install/udp_driver:/root/catkin_ws/install/trajectory_msgs:/root/catkin_ws/install/topic_service_action_rclcpp_example:/root/catkin_ws/install/time_rclcpp_example:/root/catkin_ws/install/tf2_rclcpp_example:/root/catkin_ws/install/testbot_description:/root/catkin_ws/install/stereo_msgs:/root/catkin_ws/install/rqt_example:/root/catkin_ws/install/std_srvs:/root/catkin_ws/install/shape_msgs:/root/catkin_ws/install/serial_driver:/root/catkin_ws/install/omo_r1mini_gazebo:/root/catkin_ws/install/sensor_msgs:/root/catkin_ws/install/omo_r1mini:/root/catkin_ws/install/nav_msgs:/root/catkin_ws/install/my_first_ros_rclcpp_pkg:/root/catkin_ws/install/io_context:/root/catkin_ws/install/diagnostic_msgs:/root/catkin_ws/install/drive_base_msgs:/root/catkin_ws/install/actionlib_msgs:/root/catkin_ws/install/statistics_msgs:/root/catkin_ws/install/rosidl_typesupport_microxrcedds_test_msg:/root/catkin_ws/install/rosidl_typesupport_microxrcedds_cpp_tests:/root/catkin_ws/install/rosidl_typesupport_microxrcedds_c_tests:/root/catkin_ws/install/rosgraph_msgs:/root/catkin_ws/install/rclc_parameter:/root/catkin_ws/install/composition_interfaces:/root/catkin_ws/install/omo_r1mini_navigation2:/root/catkin_ws/install/omo_r1mini_interfaces:/root/catkin_ws/install/omo_r1mini_description:/root/catkin_ws/install/omo_r1mini_cartographer:/root/catkin_ws/install/msg_srv_action_interface_example:/root/catkin_ws/install/micro_ros_setup:/root/catkin_ws/install/micro_ros_agent:/root/catkin_ws/install/micro_ros_demos_rclcpp:/root/catkin_ws/install/lifecycle_msgs:/root/catkin_ws/install/iahrs_driver_interface:/root/catkin_ws/install/asio_cmake_module:/root/install/ydlidar_sdk:/root/install/ydlidar_ros2_driver:/root/install/udp_driver:/root/install/topic_service_action_rclcpp_example:/root/install/time_rclcpp_example:/root/install/tf2_rclcpp_example:/root/install/testbot_description:/root/install/serial_driver:/root/install/rqt_example:/root/install/omo_r1mini:/root/install/omo_r1mini_navigation2:/root/install/omo_r1mini_interfaces:/root/install/omo_r1mini_gazebo:/root/install/omo_r1mini_description:/root/install/omo_r1mini_cartographer:/root/install/my_first_ros_rclcpp_pkg:/root/install/msg_srv_action_interface_example:/root/install/io_context:/root/install/asio_cmake_module:/root/catkin_ws/install/topic_service_action_rclpy_example:/root/catkin_ws/install/time_rclpy_example:/root/catkin_ws/install/tf2_rclpy_example:/root/catkin_ws/install/sensor_msgs_py:/root/catkin_ws/install/omo_r1mini_teleop:/root/catkin_ws/install/omo_r1mini_bringup:/root/catkin_ws/install/my_first_ros_rclpy_pkg:/root/catkin_ws/install/logging_rclpy_example:/root/catkin_ws/install/iahrs_driver:/root/catkin_ws/install/ros2env:/root/install/topic_service_action_rclpy_example:/root/install/time_rclpy_example:/root/install/tf2_rclpy_example:/root/install/ros2env:/root/install/omo_r1mini_teleop:/root/install/omo_r1mini_bringup:/root/install/my_first_ros_rclpy_pkg:/root/install/logging_rclpy_example:/opt/ros/foxy LD_LIBRARY_PATH=/root/catkin_ws/install/rmw_microxrcedds/lib:/root/catkin_ws/install/rclc/lib:/root/catkin_ws/install/rosidl_typesupport_microxrcedds_cpp/lib:/root/catkin_ws/install/geometry_msgs/lib:/root/catkin_ws/install/example_interfaces/lib:/root/catkin_ws/install/std_msgs/lib:/root/catkin_ws/install/rosidl_typesupport_microxrcedds_c/lib:/root/catkin_ws/install/rcl_interfaces/lib:/root/catkin_ws/install/microxrcedds_client/lib:/root/catkin_ws/install/complex_msgs/lib:/root/catkin_ws/install/action_msgs/lib:/root/catkin_ws/install/unique_identifier_msgs/lib:/root/catkin_ws/install/microcdr/lib:/root/catkin_ws/install/micro_ros_msgs/lib:/root/catkin_ws/install/builtin_interfaces/lib:/root/catkin_ws/install/ydlidar_sdk/lib:/root/catkin_ws/install/visualization_msgs/lib:/root/catkin_ws/install/test_msgs/lib:/root/catkin_ws/install/udp_driver/lib:/root/catkin_ws/install/trajectory_msgs/lib:/root/catkin_ws/install/stereo_msgs/lib:/root/catkin_ws/install/std_srvs/lib:/root/catkin_ws/install/shape_msgs/lib:/root/catkin_ws/install/serial_driver/lib:/root/catkin_ws/install/sensor_msgs/lib:/root/catkin_ws/install/nav_msgs/lib:/root/catkin_ws/install/io_context/lib:/root/catkin_ws/install/diagnostic_msgs/lib:/root/catkin_ws/install/drive_base_msgs/lib:/root/catkin_ws/install/actionlib_msgs/lib:/root/catkin_ws/install/statistics_msgs/lib:/root/catkin_ws/install/rosgraph_msgs/lib:/root/catkin_ws/install/rclc_parameter/lib:/root/catkin_ws/install/composition_interfaces/lib:/root/catkin_ws/install/omo_r1mini_interfaces/lib:/root/catkin_ws/install/msg_srv_action_interface_example/lib:/root/catkin_ws/install/micro_ros_agent/lib:/root/catkin_ws/install/lifecycle_msgs/lib:/root/catkin_ws/install/iahrs_driver_interface/lib:/root/install/udp_driver/lib:/root/install/serial_driver/lib:/root/install/omo_r1mini_interfaces/lib:/root/install/msg_srv_action_interface_example/lib:/root/install/io_context/lib:/usr/lib/x86_64-linux-gnu/gazebo-11/plugins:/opt/ros/foxy/opt/yaml_cpp_vendor/lib:/opt/ros/foxy/opt/rviz_ogre_vendor/lib:/opt/ros/foxy/lib/x86_64-linux-gnu:/opt/ros/foxy/lib PYTHONPATH=/root/catkin_ws/install/rosidl_typesupport_microxrcedds_cpp/lib/python3.8/site-packages:/root/catkin_ws/install/geometry_msgs/lib/python3.8/site-packages:/root/catkin_ws/install/example_interfaces/lib/python3.8/site-packages:/root/catkin_ws/install/std_msgs/lib/python3.8/site-packages:/root/catkin_ws/install/rosidl_typesupport_microxrcedds_c/lib/python3.8/site-packages:/root/catkin_ws/install/rcl_interfaces/lib/python3.8/site-packages:/root/catkin_ws/install/complex_msgs/lib/python3.8/site-packages:/root/catkin_ws/install/action_msgs/lib/python3.8/site-packages:/root/catkin_ws/install/unique_identifier_msgs/lib/python3.8/site-packages:/root/catkin_ws/install/micro_ros_msgs/lib/python3.8/site-packages:/root/catkin_ws/install/builtin_interfaces/lib/python3.8/site-packages:/root/catkin_ws/install/visualization_msgs/lib/python3.8/site-packages:/root/catkin_ws/install/test_msgs/lib/python3.8/site-packages:/root/catkin_ws/install/trajectory_msgs/lib/python3.8/site-packages:/root/catkin_ws/build/topic_service_action_rclpy_example:/root/catkin_ws/install/topic_service_action_rclpy_example/lib/python3.8/site-packages:/root/catkin_ws/build/time_rclpy_example:/root/catkin_ws/install/time_rclpy_example/lib/python3.8/site-packages:/root/catkin_ws/build/tf2_rclpy_example:/root/catkin_ws/install/tf2_rclpy_example/lib/python3.8/site-packages:/root/catkin_ws/install/stereo_msgs/lib/python3.8/site-packages:/root/catkin_ws/install/rqt_example/lib/python3.8/site-packages:/root/catkin_ws/install/std_srvs/lib/python3.8/site-packages:/root/catkin_ws/install/shape_msgs/lib/python3.8/site-packages:/root/catkin_ws/build/sensor_msgs_py:/root/catkin_ws/install/sensor_msgs_py/lib/python3.8/site-packages:/root/catkin_ws/install/sensor_msgs/lib/python3.8/site-packages:/root/catkin_ws/build/omo_r1mini_teleop:/root/catkin_ws/install/omo_r1mini_teleop/lib/python3.8/site-packages:/root/catkin_ws/build/omo_r1mini_bringup:/root/catkin_ws/install/omo_r1mini_bringup/lib/python3.8/site-packages:/root/catkin_ws/install/nav_msgs/lib/python3.8/site-packages:/root/catkin_ws/build/my_first_ros_rclpy_pkg:/root/catkin_ws/install/my_first_ros_rclpy_pkg/lib/python3.8/site-packages:/root/catkin_ws/build/logging_rclpy_example:/root/catkin_ws/install/logging_rclpy_example/lib/python3.8/site-packages:/root/catkin_ws/build/iahrs_driver:/root/catkin_ws/install/iahrs_driver/lib/python3.8/site-packages:/root/catkin_ws/install/diagnostic_msgs/lib/python3.8/site-packages:/root/catkin_ws/install/drive_base_msgs/lib/python3.8/site-packages:/root/catkin_ws/install/actionlib_msgs/lib/python3.8/site-packages:/root/catkin_ws/install/statistics_msgs/lib/python3.8/site-packages:/root/catkin_ws/install/rosgraph_msgs/lib/python3.8/site-packages:/root/catkin_ws/build/ros2env:/root/catkin_ws/install/ros2env/lib/python3.8/site-packages:/root/catkin_ws/install/composition_interfaces/lib/python3.8/site-packages:/root/catkin_ws/install/omo_r1mini_interfaces/lib/python3.8/site-packages:/root/catkin_ws/install/msg_srv_action_interface_example/lib/python3.8/site-packages:/root/catkin_ws/install/lifecycle_msgs/lib/python3.8/site-packages:/root/catkin_ws/install/iahrs_driver_interface/lib/python3.8/site-packages:/root/build/topic_service_action_rclpy_example:/root/install/topic_service_action_rclpy_example/lib/python3.8/site-packages:/root/build/time_rclpy_example:/root/install/time_rclpy_example/lib/python3.8/site-packages:/root/build/tf2_rclpy_example:/root/install/tf2_rclpy_example/lib/python3.8/site-packages:/root/install/rqt_example/lib/python3.8/site-packages:/root/build/ros2env:/root/install/ros2env/lib/python3.8/site-packages:/root/build/omo_r1mini_teleop:/root/install/omo_r1mini_teleop/lib/python3.8/site-packages:/root/build/omo_r1mini_bringup:/root/install/omo_r1mini_bringup/lib/python3.8/site-packages:/root/install/omo_r1mini_interfaces/lib/python3.8/site-packages:/root/build/my_first_ros_rclpy_pkg:/root/install/my_first_ros_rclpy_pkg/lib/python3.8/site-packages:/root/install/msg_srv_action_interface_example/lib/python3.8/site-packages:/root/build/logging_rclpy_example:/root/install/logging_rclpy_example/lib/python3.8/site-packages:/opt/ros/foxy/lib/python3.8/site-packages /usr/bin/cmake --install /root/catkin_ws/build/micro_ros_demos_rclc
