[0.000000] (-) TimerEvent: {}
[0.000414] (-) JobUnselected: {'identifier': 'asio_cmake_module'}
[0.000451] (-) JobUnselected: {'identifier': 'iahrs_driver'}
[0.000484] (-) JobUnselected: {'identifier': 'iahrs_driver_interface'}
[0.000521] (-) JobUnselected: {'identifier': 'io_context'}
[0.000537] (-) JobUnselected: {'identifier': 'logging_rclpy_example'}
[0.000552] (-) JobUnselected: {'identifier': 'msg_srv_action_interface_example'}
[0.000566] (-) JobUnselected: {'identifier': 'my_first_ros_rclcpp_pkg'}
[0.000580] (-) JobUnselected: {'identifier': 'my_first_ros_rclpy_pkg'}
[0.000594] (-) JobUnselected: {'identifier': 'omo_r1mini'}
[0.000607] (-) JobUnselected: {'identifier': 'omo_r1mini_bringup'}
[0.000621] (-) JobUnselected: {'identifier': 'omo_r1mini_cartographer'}
[0.000634] (-) JobUnselected: {'identifier': 'omo_r1mini_description'}
[0.000648] (-) JobUnselected: {'identifier': 'omo_r1mini_gazebo'}
[0.000661] (-) JobUnselected: {'identifier': 'omo_r1mini_interfaces'}
[0.000675] (-) JobUnselected: {'identifier': 'omo_r1mini_navigation2'}
[0.000688] (-) JobUnselected: {'identifier': 'omo_r1mini_teleop'}
[0.000701] (-) JobUnselected: {'identifier': 'ros2env'}
[0.000715] (-) JobUnselected: {'identifier': 'rqt_example'}
[0.000729] (-) JobUnselected: {'identifier': 'serial_driver'}
[0.000745] (-) JobUnselected: {'identifier': 'testbot_description'}
[0.000758] (-) JobUnselected: {'identifier': 'tf2_rclcpp_example'}
[0.000772] (-) JobUnselected: {'identifier': 'tf2_rclpy_example'}
[0.000785] (-) JobUnselected: {'identifier': 'time_rclcpp_example'}
[0.000799] (-) JobUnselected: {'identifier': 'time_rclpy_example'}
[0.000812] (-) JobUnselected: {'identifier': 'topic_service_action_rclcpp_example'}
[0.000826] (-) JobUnselected: {'identifier': 'topic_service_action_rclpy_example'}
[0.000839] (-) JobUnselected: {'identifier': 'udp_driver'}
[0.000852] (-) JobUnselected: {'identifier': 'ydlidar_ros2_driver'}
[0.000866] (-) JobUnselected: {'identifier': 'ydlidar_sdk'}
[0.000879] (-) EventReactorShutdown: {}
