[0.147s] Invoking command in '/root/catkin_ws/build/micro_ros_msgs': CMAKE_PREFIX_PATH=${CMAKE_PREFIX_PATH}:/root/catkin_ws/install/topic_service_action_rclpy_example:/root/catkin_ws/install/time_rclpy_example:/root/catkin_ws/install/tf2_rclpy_example:/root/catkin_ws/install/ros2env:/root/catkin_ws/install/omo_r1mini_teleop:/root/catkin_ws/install/omo_r1mini_bringup:/root/catkin_ws/install/my_first_ros_rclpy_pkg:/root/catkin_ws/install/logging_rclpy_example:/root/catkin_ws/install/iahrs_driver:/root/install/topic_service_action_rclpy_example:/root/install/time_rclpy_example:/root/install/tf2_rclpy_example:/root/install/ros2env:/root/install/omo_r1mini_teleop:/root/install/omo_r1mini_bringup:/root/install/my_first_ros_rclpy_pkg:/root/install/logging_rclpy_example:/opt/ros/foxy /usr/bin/cmake --build /root/catkin_ws/build/micro_ros_msgs -- -j12 -l12
[1.193s] [  2%] Built target micro_ros_msgs__cpp
[1.251s] [ 12%] Built target micro_ros_msgs__rosidl_generator_c
[1.391s] [ 23%] Built target micro_ros_msgs__rosidl_typesupport_introspection_cpp
[1.408s] [ 34%] Built target micro_ros_msgs__rosidl_typesupport_cpp
[1.416s] [ 44%] Built target micro_ros_msgs__rosidl_typesupport_c
[1.443s] [ 65%] Built target micro_ros_msgs__rosidl_typesupport_fastrtps_cpp
[1.531s] [ 76%] Built target micro_ros_msgs__rosidl_typesupport_fastrtps_c
[1.621s] [ 76%] Built target micro_ros_msgs__rosidl_typesupport_introspection_c
[1.632s] [ 76%] Built target micro_ros_msgs
[1.673s] [ 78%] Built target micro_ros_msgs__py
[1.884s] [ 87%] Built target micro_ros_msgs__python
[1.935s] Built target micro_ros_msgs__rosidl_typesupport_introspection_c__pyext
[1.943s] Built target micro_ros_msgs__rosidl_typesupport_c__pyext
[1.948s] Built target micro_ros_msgs__rosidl_typesupport_fastrtps_c__pyext
[2.058s] Invoked command in '/root/catkin_ws/build/micro_ros_msgs' returned '0': CMAKE_PREFIX_PATH=${CMAKE_PREFIX_PATH}:/root/catkin_ws/install/topic_service_action_rclpy_example:/root/catkin_ws/install/time_rclpy_example:/root/catkin_ws/install/tf2_rclpy_example:/root/catkin_ws/install/ros2env:/root/catkin_ws/install/omo_r1mini_teleop:/root/catkin_ws/install/omo_r1mini_bringup:/root/catkin_ws/install/my_first_ros_rclpy_pkg:/root/catkin_ws/install/logging_rclpy_example:/root/catkin_ws/install/iahrs_driver:/root/install/topic_service_action_rclpy_example:/root/install/time_rclpy_example:/root/install/tf2_rclpy_example:/root/install/ros2env:/root/install/omo_r1mini_teleop:/root/install/omo_r1mini_bringup:/root/install/my_first_ros_rclpy_pkg:/root/install/logging_rclpy_example:/opt/ros/foxy /usr/bin/cmake --build /root/catkin_ws/build/micro_ros_msgs -- -j12 -l12
[2.468s] Invoking command in '/root/catkin_ws/build/micro_ros_msgs': CMAKE_PREFIX_PATH=${CMAKE_PREFIX_PATH}:/root/catkin_ws/install/topic_service_action_rclpy_example:/root/catkin_ws/install/time_rclpy_example:/root/catkin_ws/install/tf2_rclpy_example:/root/catkin_ws/install/ros2env:/root/catkin_ws/install/omo_r1mini_teleop:/root/catkin_ws/install/omo_r1mini_bringup:/root/catkin_ws/install/my_first_ros_rclpy_pkg:/root/catkin_ws/install/logging_rclpy_example:/root/catkin_ws/install/iahrs_driver:/root/install/topic_service_action_rclpy_example:/root/install/time_rclpy_example:/root/install/tf2_rclpy_example:/root/install/ros2env:/root/install/omo_r1mini_teleop:/root/install/omo_r1mini_bringup:/root/install/my_first_ros_rclpy_pkg:/root/install/logging_rclpy_example:/opt/ros/foxy /usr/bin/cmake --install /root/catkin_ws/build/micro_ros_msgs
[2.489s] -- Install configuration: ""
[2.501s] -- Execute custom install script
[2.506s] -- Up-to-date symlink: /root/catkin_ws/install/micro_ros_msgs/share/ament_index/resource_index/rosidl_interfaces/micro_ros_msgs
[2.517s] -- Up-to-date symlink: /root/catkin_ws/install/micro_ros_msgs/include/micro_ros_msgs/msg/detail/entity__functions.h
[2.537s] -- Up-to-date symlink: /root/catkin_ws/install/micro_ros_msgs/include/micro_ros_msgs/msg/detail/entity__struct.h
[2.537s] -- Up-to-date symlink: /root/catkin_ws/install/micro_ros_msgs/include/micro_ros_msgs/msg/detail/entity__type_support.h
[2.538s] -- Up-to-date symlink: /root/catkin_ws/install/micro_ros_msgs/include/micro_ros_msgs/msg/detail/graph__functions.h
[2.539s] -- Up-to-date symlink: /root/catkin_ws/install/micro_ros_msgs/include/micro_ros_msgs/msg/detail/graph__struct.h
[2.539s] -- Up-to-date symlink: /root/catkin_ws/install/micro_ros_msgs/include/micro_ros_msgs/msg/detail/graph__type_support.h
[2.539s] -- Up-to-date symlink: /root/catkin_ws/install/micro_ros_msgs/include/micro_ros_msgs/msg/detail/node__functions.h
[2.539s] -- Up-to-date symlink: /root/catkin_ws/install/micro_ros_msgs/include/micro_ros_msgs/msg/detail/node__struct.h
[2.540s] -- Up-to-date symlink: /root/catkin_ws/install/micro_ros_msgs/include/micro_ros_msgs/msg/detail/node__type_support.h
[2.541s] -- Up-to-date symlink: /root/catkin_ws/install/micro_ros_msgs/include/micro_ros_msgs/msg/entity.h
[2.543s] -- Up-to-date symlink: /root/catkin_ws/install/micro_ros_msgs/include/micro_ros_msgs/msg/graph.h
[2.557s] -- Up-to-date symlink: /root/catkin_ws/install/micro_ros_msgs/include/micro_ros_msgs/msg/node.h
[2.557s] -- Up-to-date symlink: /root/catkin_ws/install/micro_ros_msgs/include/micro_ros_msgs/msg/rosidl_generator_c__visibility_control.h
[2.557s] -- Up-to-date symlink: /root/catkin_ws/install/micro_ros_msgs/share/micro_ros_msgs/environment/library_path.sh
[2.558s] -- Up-to-date symlink: /root/catkin_ws/install/micro_ros_msgs/share/micro_ros_msgs/environment/library_path.dsv
[2.558s] -- Up-to-date symlink: /root/catkin_ws/install/micro_ros_msgs/include/micro_ros_msgs/msg/detail/entity__rosidl_typesupport_fastrtps_c.h
[2.561s] -- Up-to-date symlink: /root/catkin_ws/install/micro_ros_msgs/include/micro_ros_msgs/msg/detail/graph__rosidl_typesupport_fastrtps_c.h
[2.570s] -- Up-to-date symlink: /root/catkin_ws/install/micro_ros_msgs/include/micro_ros_msgs/msg/detail/node__rosidl_typesupport_fastrtps_c.h
[2.573s] -- Up-to-date symlink: /root/catkin_ws/install/micro_ros_msgs/include/micro_ros_msgs/msg/rosidl_typesupport_fastrtps_c__visibility_control.h
[2.579s] -- Up-to-date symlink: /root/catkin_ws/install/micro_ros_msgs/lib/libmicro_ros_msgs__rosidl_typesupport_fastrtps_c.so
[2.580s] -- Up-to-date symlink: /root/catkin_ws/install/micro_ros_msgs/include/micro_ros_msgs/msg/detail/entity__rosidl_typesupport_fastrtps_cpp.hpp
[2.580s] -- Up-to-date symlink: /root/catkin_ws/install/micro_ros_msgs/include/micro_ros_msgs/msg/detail/graph__rosidl_typesupport_fastrtps_cpp.hpp
[2.586s] -- Up-to-date symlink: /root/catkin_ws/install/micro_ros_msgs/include/micro_ros_msgs/msg/detail/node__rosidl_typesupport_fastrtps_cpp.hpp
[2.590s] -- Up-to-date symlink: /root/catkin_ws/install/micro_ros_msgs/include/micro_ros_msgs/msg/rosidl_typesupport_fastrtps_cpp__visibility_control.h
[2.594s] -- Up-to-date symlink: /root/catkin_ws/install/micro_ros_msgs/lib/libmicro_ros_msgs__rosidl_typesupport_fastrtps_cpp.so
[2.594s] -- Up-to-date symlink: /root/catkin_ws/install/micro_ros_msgs/include/micro_ros_msgs/msg/detail/entity__rosidl_typesupport_introspection_c.h
[2.595s] -- Up-to-date symlink: /root/catkin_ws/install/micro_ros_msgs/include/micro_ros_msgs/msg/detail/graph__rosidl_typesupport_introspection_c.h
[2.607s] -- Up-to-date symlink: /root/catkin_ws/install/micro_ros_msgs/include/micro_ros_msgs/msg/detail/node__rosidl_typesupport_introspection_c.h
[2.608s] -- Up-to-date symlink: /root/catkin_ws/install/micro_ros_msgs/include/micro_ros_msgs/msg/rosidl_typesupport_introspection_c__visibility_control.h
[2.608s] -- Up-to-date symlink: /root/catkin_ws/install/micro_ros_msgs/include/micro_ros_msgs/msg/detail/entity__builder.hpp
[2.609s] -- Up-to-date symlink: /root/catkin_ws/install/micro_ros_msgs/include/micro_ros_msgs/msg/detail/entity__struct.hpp
[2.610s] -- Up-to-date symlink: /root/catkin_ws/install/micro_ros_msgs/include/micro_ros_msgs/msg/detail/entity__traits.hpp
[2.610s] -- Up-to-date symlink: /root/catkin_ws/install/micro_ros_msgs/include/micro_ros_msgs/msg/detail/graph__builder.hpp
[2.611s] -- Up-to-date symlink: /root/catkin_ws/install/micro_ros_msgs/include/micro_ros_msgs/msg/detail/graph__struct.hpp
[2.612s] -- Up-to-date symlink: /root/catkin_ws/install/micro_ros_msgs/include/micro_ros_msgs/msg/detail/graph__traits.hpp
[2.614s] -- Up-to-date symlink: /root/catkin_ws/install/micro_ros_msgs/include/micro_ros_msgs/msg/detail/node__builder.hpp
[2.616s] -- Up-to-date symlink: /root/catkin_ws/install/micro_ros_msgs/include/micro_ros_msgs/msg/detail/node__struct.hpp
[2.627s] -- Up-to-date symlink: /root/catkin_ws/install/micro_ros_msgs/include/micro_ros_msgs/msg/detail/node__traits.hpp
[2.627s] -- Up-to-date symlink: /root/catkin_ws/install/micro_ros_msgs/include/micro_ros_msgs/msg/entity.hpp
[2.627s] -- Up-to-date symlink: /root/catkin_ws/install/micro_ros_msgs/include/micro_ros_msgs/msg/graph.hpp
[2.628s] -- Up-to-date symlink: /root/catkin_ws/install/micro_ros_msgs/include/micro_ros_msgs/msg/node.hpp
[2.629s] -- Up-to-date symlink: /root/catkin_ws/install/micro_ros_msgs/include/micro_ros_msgs/msg/detail/entity__rosidl_typesupport_introspection_cpp.hpp
[2.631s] -- Up-to-date symlink: /root/catkin_ws/install/micro_ros_msgs/include/micro_ros_msgs/msg/detail/graph__rosidl_typesupport_introspection_cpp.hpp
[2.642s] -- Up-to-date symlink: /root/catkin_ws/install/micro_ros_msgs/include/micro_ros_msgs/msg/detail/node__rosidl_typesupport_introspection_cpp.hpp
[2.643s] -- Up-to-date symlink: /root/catkin_ws/install/micro_ros_msgs/share/micro_ros_msgs/environment/pythonpath.sh
[2.643s] -- Up-to-date symlink: /root/catkin_ws/install/micro_ros_msgs/share/micro_ros_msgs/environment/pythonpath.dsv
[2.656s] -- Up-to-date symlink: /root/catkin_ws/install/micro_ros_msgs/lib/python3.8/site-packages/micro_ros_msgs/__init__.py
[2.660s] -- Up-to-date symlink: /root/catkin_ws/install/micro_ros_msgs/lib/python3.8/site-packages/micro_ros_msgs/msg/__init__.py
[2.663s] -- Up-to-date symlink: /root/catkin_ws/install/micro_ros_msgs/lib/python3.8/site-packages/micro_ros_msgs/msg/_entity.py
[2.666s] -- Up-to-date symlink: /root/catkin_ws/install/micro_ros_msgs/lib/python3.8/site-packages/micro_ros_msgs/msg/_graph.py
[2.673s] -- Up-to-date symlink: /root/catkin_ws/install/micro_ros_msgs/lib/python3.8/site-packages/micro_ros_msgs/msg/_node.py
[2.676s] -- Up-to-date symlink: /root/catkin_ws/install/micro_ros_msgs/lib/python3.8/site-packages/micro_ros_msgs/micro_ros_msgs_s__rosidl_typesupport_fastrtps_c.cpython-38-x86_64-linux-gnu.so
[2.677s] -- Up-to-date symlink: /root/catkin_ws/install/micro_ros_msgs/lib/python3.8/site-packages/micro_ros_msgs/micro_ros_msgs_s__rosidl_typesupport_introspection_c.cpython-38-x86_64-linux-gnu.so
[2.682s] -- Up-to-date symlink: /root/catkin_ws/install/micro_ros_msgs/lib/python3.8/site-packages/micro_ros_msgs/micro_ros_msgs_s__rosidl_typesupport_c.cpython-38-x86_64-linux-gnu.so
[2.684s] -- Up-to-date symlink: /root/catkin_ws/install/micro_ros_msgs/lib/libmicro_ros_msgs__python.so
[2.709s] -- Up-to-date symlink: /root/catkin_ws/install/micro_ros_msgs/share/micro_ros_msgs/msg/Graph.idl
[2.710s] -- Up-to-date symlink: /root/catkin_ws/install/micro_ros_msgs/share/micro_ros_msgs/msg/Node.idl
[2.711s] -- Up-to-date symlink: /root/catkin_ws/install/micro_ros_msgs/share/micro_ros_msgs/msg/Entity.idl
[2.711s] -- Up-to-date symlink: /root/catkin_ws/install/micro_ros_msgs/share/micro_ros_msgs/msg/Graph.msg
[2.720s] -- Up-to-date symlink: /root/catkin_ws/install/micro_ros_msgs/share/micro_ros_msgs/msg/Node.msg
[2.721s] -- Up-to-date symlink: /root/catkin_ws/install/micro_ros_msgs/share/micro_ros_msgs/msg/Entity.msg
[2.721s] -- Up-to-date symlink: /root/catkin_ws/install/micro_ros_msgs/share/ament_index/resource_index/package_run_dependencies/micro_ros_msgs
[2.722s] -- Up-to-date symlink: /root/catkin_ws/install/micro_ros_msgs/share/ament_index/resource_index/parent_prefix_path/micro_ros_msgs
[2.722s] -- Up-to-date symlink: /root/catkin_ws/install/micro_ros_msgs/share/micro_ros_msgs/environment/ament_prefix_path.sh
[2.722s] -- Up-to-date symlink: /root/catkin_ws/install/micro_ros_msgs/share/micro_ros_msgs/environment/ament_prefix_path.dsv
[2.725s] -- Up-to-date symlink: /root/catkin_ws/install/micro_ros_msgs/share/micro_ros_msgs/environment/path.sh
[2.725s] -- Up-to-date symlink: /root/catkin_ws/install/micro_ros_msgs/share/micro_ros_msgs/environment/path.dsv
[2.725s] -- Up-to-date symlink: /root/catkin_ws/install/micro_ros_msgs/share/micro_ros_msgs/local_setup.bash
[2.726s] -- Up-to-date symlink: /root/catkin_ws/install/micro_ros_msgs/share/micro_ros_msgs/local_setup.sh
[2.735s] -- Up-to-date symlink: /root/catkin_ws/install/micro_ros_msgs/share/micro_ros_msgs/local_setup.zsh
[2.735s] -- Up-to-date symlink: /root/catkin_ws/install/micro_ros_msgs/share/micro_ros_msgs/local_setup.dsv
[2.735s] -- Symlinking: /root/catkin_ws/install/micro_ros_msgs/share/micro_ros_msgs/package.dsv
[2.741s] -- Up-to-date symlink: /root/catkin_ws/install/micro_ros_msgs/share/ament_index/resource_index/packages/micro_ros_msgs
[2.758s] -- Up-to-date symlink: /root/catkin_ws/install/micro_ros_msgs/share/micro_ros_msgs/cmake/rosidl_cmake-extras.cmake
[2.758s] -- Up-to-date symlink: /root/catkin_ws/install/micro_ros_msgs/share/micro_ros_msgs/cmake/ament_cmake_export_dependencies-extras.cmake
[2.759s] -- Up-to-date symlink: /root/catkin_ws/install/micro_ros_msgs/share/micro_ros_msgs/cmake/ament_cmake_export_libraries-extras.cmake
[2.760s] -- Up-to-date symlink: /root/catkin_ws/install/micro_ros_msgs/share/micro_ros_msgs/cmake/ament_cmake_export_targets-extras.cmake
[2.762s] -- Up-to-date symlink: /root/catkin_ws/install/micro_ros_msgs/share/micro_ros_msgs/cmake/ament_cmake_export_include_directories-extras.cmake
[2.764s] -- Up-to-date symlink: /root/catkin_ws/install/micro_ros_msgs/share/micro_ros_msgs/cmake/rosidl_cmake_export_typesupport_libraries-extras.cmake
[2.765s] -- Up-to-date symlink: /root/catkin_ws/install/micro_ros_msgs/share/micro_ros_msgs/cmake/rosidl_cmake_export_typesupport_targets-extras.cmake
[2.769s] -- Up-to-date symlink: /root/catkin_ws/install/micro_ros_msgs/share/micro_ros_msgs/cmake/micro_ros_msgsConfig.cmake
[2.783s] -- Up-to-date symlink: /root/catkin_ws/install/micro_ros_msgs/share/micro_ros_msgs/cmake/micro_ros_msgsConfig-version.cmake
[2.783s] -- Up-to-date symlink: /root/catkin_ws/install/micro_ros_msgs/share/micro_ros_msgs/package.xml
[2.785s] -- Up-to-date: /root/catkin_ws/install/micro_ros_msgs/lib/libmicro_ros_msgs__rosidl_generator_c.so
[2.811s] -- Up-to-date: /root/catkin_ws/install/micro_ros_msgs/lib/libmicro_ros_msgs__rosidl_typesupport_introspection_c.so
[2.850s] -- Up-to-date: /root/catkin_ws/install/micro_ros_msgs/lib/libmicro_ros_msgs__rosidl_typesupport_c.so
[2.891s] -- Up-to-date: /root/catkin_ws/install/micro_ros_msgs/lib/libmicro_ros_msgs__rosidl_typesupport_introspection_cpp.so
[2.927s] -- Up-to-date: /root/catkin_ws/install/micro_ros_msgs/lib/libmicro_ros_msgs__rosidl_typesupport_cpp.so
[3.103s] -- Up-to-date: /root/catkin_ws/install/micro_ros_msgs/share/micro_ros_msgs/cmake/micro_ros_msgs__rosidl_generator_cExport.cmake
[3.130s] -- Up-to-date: /root/catkin_ws/install/micro_ros_msgs/share/micro_ros_msgs/cmake/micro_ros_msgs__rosidl_generator_cExport-noconfig.cmake
[3.169s] -- Up-to-date: /root/catkin_ws/install/micro_ros_msgs/share/micro_ros_msgs/cmake/micro_ros_msgs__rosidl_typesupport_introspection_cExport.cmake
[3.202s] -- Up-to-date: /root/catkin_ws/install/micro_ros_msgs/share/micro_ros_msgs/cmake/micro_ros_msgs__rosidl_typesupport_introspection_cExport-noconfig.cmake
[3.248s] -- Up-to-date: /root/catkin_ws/install/micro_ros_msgs/share/micro_ros_msgs/cmake/micro_ros_msgs__rosidl_typesupport_cExport.cmake
[3.291s] -- Up-to-date: /root/catkin_ws/install/micro_ros_msgs/share/micro_ros_msgs/cmake/micro_ros_msgs__rosidl_typesupport_cExport-noconfig.cmake
[3.343s] -- Up-to-date: /root/catkin_ws/install/micro_ros_msgs/share/micro_ros_msgs/cmake/micro_ros_msgs__rosidl_generator_cppExport.cmake
[3.404s] -- Up-to-date: /root/catkin_ws/install/micro_ros_msgs/share/micro_ros_msgs/cmake/micro_ros_msgs__rosidl_typesupport_introspection_cppExport.cmake
[3.447s] -- Up-to-date: /root/catkin_ws/install/micro_ros_msgs/share/micro_ros_msgs/cmake/micro_ros_msgs__rosidl_typesupport_introspection_cppExport-noconfig.cmake
[3.468s] -- Up-to-date: /root/catkin_ws/install/micro_ros_msgs/share/micro_ros_msgs/cmake/micro_ros_msgs__rosidl_typesupport_cppExport.cmake
[3.490s] -- Up-to-date: /root/catkin_ws/install/micro_ros_msgs/share/micro_ros_msgs/cmake/micro_ros_msgs__rosidl_typesupport_cppExport-noconfig.cmake
[3.595s] Invoked command in '/root/catkin_ws/build/micro_ros_msgs' returned '0': CMAKE_PREFIX_PATH=${CMAKE_PREFIX_PATH}:/root/catkin_ws/install/topic_service_action_rclpy_example:/root/catkin_ws/install/time_rclpy_example:/root/catkin_ws/install/tf2_rclpy_example:/root/catkin_ws/install/ros2env:/root/catkin_ws/install/omo_r1mini_teleop:/root/catkin_ws/install/omo_r1mini_bringup:/root/catkin_ws/install/my_first_ros_rclpy_pkg:/root/catkin_ws/install/logging_rclpy_example:/root/catkin_ws/install/iahrs_driver:/root/install/topic_service_action_rclpy_example:/root/install/time_rclpy_example:/root/install/tf2_rclpy_example:/root/install/ros2env:/root/install/omo_r1mini_teleop:/root/install/omo_r1mini_bringup:/root/install/my_first_ros_rclpy_pkg:/root/install/logging_rclpy_example:/opt/ros/foxy /usr/bin/cmake --install /root/catkin_ws/build/micro_ros_msgs
