[0.034s] Invoking command in '/root/catkin_ws/build/builtin_interfaces': CMAKE_PREFIX_PATH=${CMAKE_PREFIX_PATH}:/root/catkin_ws/install/sensor_msgs_py:/root/catkin_ws/install/topic_service_action_rclpy_example:/root/catkin_ws/install/time_rclpy_example:/root/catkin_ws/install/tf2_rclpy_example:/root/catkin_ws/install/ros2env:/root/catkin_ws/install/omo_r1mini_teleop:/root/catkin_ws/install/omo_r1mini_bringup:/root/catkin_ws/install/my_first_ros_rclpy_pkg:/root/catkin_ws/install/logging_rclpy_example:/root/catkin_ws/install/iahrs_driver:/root/install/topic_service_action_rclpy_example:/root/install/time_rclpy_example:/root/install/tf2_rclpy_example:/root/install/ros2env:/root/install/omo_r1mini_teleop:/root/install/omo_r1mini_bringup:/root/install/my_first_ros_rclpy_pkg:/root/install/logging_rclpy_example:/opt/ros/foxy /usr/bin/cmake /root/catkin_ws/src/ros2/rcl_interfaces/builtin_interfaces -DUAGENT_BUILD_EXECUTABLE=OFF -DUAGENT_P2P_PROFILE=OFF --no-warn-unused-cli -DCMAKE_INSTALL_PREFIX=/root/catkin_ws/install/builtin_interfaces
[0.048s] Not searching for unused variables given on the command line.
[0.054s] -- Found ament_cmake: 0.9.11 (/opt/ros/foxy/share/ament_cmake/cmake)
[0.125s] -- Found PythonInterp: /usr/bin/python3 (found suitable version "3.8.10", minimum required is "3") 
[0.125s] -- Using PYTHON_EXECUTABLE: /usr/bin/python3
[0.373s] -- Found rosidl_default_generators: 1.0.1 (/opt/ros/foxy/share/rosidl_default_generators/cmake)
[0.391s] -- Using all available rosidl_typesupport_c: rosidl_typesupport_microxrcedds_c;rosidl_typesupport_fastrtps_c;rosidl_typesupport_introspection_c
[0.394s] -- Found rosidl_adapter: 1.3.0 (/opt/ros/foxy/share/rosidl_adapter/cmake)
[0.596s] -- Using all available rosidl_typesupport_cpp: rosidl_typesupport_microxrcedds_cpp;rosidl_typesupport_fastrtps_cpp;rosidl_typesupport_introspection_cpp
[0.689s] -- Found PythonInterp: /usr/bin/python3 (found version "3.8.10") 
[0.913s] -- Found ament_cmake_ros: 0.9.2 (/opt/ros/foxy/share/ament_cmake_ros/cmake)
[1.082s] -- Using all available rosidl_typesupport_c: rosidl_typesupport_microxrcedds_c;rosidl_typesupport_fastrtps_c;rosidl_typesupport_introspection_c
[1.106s] -- Using all available rosidl_typesupport_cpp: rosidl_typesupport_microxrcedds_cpp;rosidl_typesupport_fastrtps_cpp;rosidl_typesupport_introspection_cpp
[1.180s] -- Found PythonInterp: /usr/bin/python3 (found suitable version "3.8.10", minimum required is "3.5") 
[1.180s] -- Found python_cmake_module: 0.8.1 (/opt/ros/foxy/share/python_cmake_module/cmake)
[1.259s] -- Using PYTHON_EXECUTABLE: /usr/bin/python3
[1.259s] -- Using PYTHON_INCLUDE_DIRS: /usr/include/python3.8
[1.259s] -- Using PYTHON_LIBRARIES: /usr/lib/x86_64-linux-gnu/libpython3.8.so
[1.328s] -- Configuring done
[1.393s] -- Generating done
[1.456s] -- Build files have been written to: /root/catkin_ws/build/builtin_interfaces
[1.461s] Invoked command in '/root/catkin_ws/build/builtin_interfaces' returned '0': CMAKE_PREFIX_PATH=${CMAKE_PREFIX_PATH}:/root/catkin_ws/install/sensor_msgs_py:/root/catkin_ws/install/topic_service_action_rclpy_example:/root/catkin_ws/install/time_rclpy_example:/root/catkin_ws/install/tf2_rclpy_example:/root/catkin_ws/install/ros2env:/root/catkin_ws/install/omo_r1mini_teleop:/root/catkin_ws/install/omo_r1mini_bringup:/root/catkin_ws/install/my_first_ros_rclpy_pkg:/root/catkin_ws/install/logging_rclpy_example:/root/catkin_ws/install/iahrs_driver:/root/install/topic_service_action_rclpy_example:/root/install/time_rclpy_example:/root/install/tf2_rclpy_example:/root/install/ros2env:/root/install/omo_r1mini_teleop:/root/install/omo_r1mini_bringup:/root/install/my_first_ros_rclpy_pkg:/root/install/logging_rclpy_example:/opt/ros/foxy /usr/bin/cmake /root/catkin_ws/src/ros2/rcl_interfaces/builtin_interfaces -DUAGENT_BUILD_EXECUTABLE=OFF -DUAGENT_P2P_PROFILE=OFF --no-warn-unused-cli -DCMAKE_INSTALL_PREFIX=/root/catkin_ws/install/builtin_interfaces
[1.464s] Invoking command in '/root/catkin_ws/build/builtin_interfaces': CMAKE_PREFIX_PATH=${CMAKE_PREFIX_PATH}:/root/catkin_ws/install/sensor_msgs_py:/root/catkin_ws/install/topic_service_action_rclpy_example:/root/catkin_ws/install/time_rclpy_example:/root/catkin_ws/install/tf2_rclpy_example:/root/catkin_ws/install/ros2env:/root/catkin_ws/install/omo_r1mini_teleop:/root/catkin_ws/install/omo_r1mini_bringup:/root/catkin_ws/install/my_first_ros_rclpy_pkg:/root/catkin_ws/install/logging_rclpy_example:/root/catkin_ws/install/iahrs_driver:/root/install/topic_service_action_rclpy_example:/root/install/time_rclpy_example:/root/install/tf2_rclpy_example:/root/install/ros2env:/root/install/omo_r1mini_teleop:/root/install/omo_r1mini_bringup:/root/install/my_first_ros_rclpy_pkg:/root/install/logging_rclpy_example:/opt/ros/foxy /usr/bin/cmake --build /root/catkin_ws/build/builtin_interfaces -- -j12 -l12
[1.528s] [  2%] Built target builtin_interfaces__cpp
[1.528s] [ 10%] Built target builtin_interfaces__rosidl_generator_c
[1.576s] [ 20%] Built target builtin_interfaces__rosidl_typesupport_cpp
[1.578s] [ 28%] Built target builtin_interfaces__rosidl_typesupport_microxrcedds_cpp
[1.579s] [ 34%] Built target builtin_interfaces__rosidl_typesupport_microxrcedds_c
[1.582s] [ 42%] Built target builtin_interfaces__rosidl_typesupport_c
[1.582s] [ 59%] Built target builtin_interfaces__rosidl_typesupport_introspection_c
[1.583s] [ 59%] Built target builtin_interfaces__rosidl_typesupport_introspection_cpp
[1.586s] [ 67%] Built target builtin_interfaces__rosidl_typesupport_fastrtps_cpp
[1.629s] [ 75%] Built target builtin_interfaces__rosidl_typesupport_fastrtps_c
[1.655s] [ 75%] Built target builtin_interfaces
[1.682s] [ 77%] Built target builtin_interfaces__py
[1.715s] [ 83%] Built target builtin_interfaces__python
[1.755s] [ 87%] Built target builtin_interfaces__rosidl_typesupport_fastrtps_c__pyext
[1.755s] [ 91%] Built target builtin_interfaces__rosidl_typesupport_introspection_c__pyext
[1.756s] [ 95%] Built target builtin_interfaces__rosidl_typesupport_c__pyext
[1.756s] [100%] Built target builtin_interfaces__rosidl_typesupport_microxrcedds_c__pyext
[1.771s] Invoked command in '/root/catkin_ws/build/builtin_interfaces' returned '0': CMAKE_PREFIX_PATH=${CMAKE_PREFIX_PATH}:/root/catkin_ws/install/sensor_msgs_py:/root/catkin_ws/install/topic_service_action_rclpy_example:/root/catkin_ws/install/time_rclpy_example:/root/catkin_ws/install/tf2_rclpy_example:/root/catkin_ws/install/ros2env:/root/catkin_ws/install/omo_r1mini_teleop:/root/catkin_ws/install/omo_r1mini_bringup:/root/catkin_ws/install/my_first_ros_rclpy_pkg:/root/catkin_ws/install/logging_rclpy_example:/root/catkin_ws/install/iahrs_driver:/root/install/topic_service_action_rclpy_example:/root/install/time_rclpy_example:/root/install/tf2_rclpy_example:/root/install/ros2env:/root/install/omo_r1mini_teleop:/root/install/omo_r1mini_bringup:/root/install/my_first_ros_rclpy_pkg:/root/install/logging_rclpy_example:/opt/ros/foxy /usr/bin/cmake --build /root/catkin_ws/build/builtin_interfaces -- -j12 -l12
[1.908s] Invoking command in '/root/catkin_ws/build/builtin_interfaces': CMAKE_PREFIX_PATH=${CMAKE_PREFIX_PATH}:/root/catkin_ws/install/sensor_msgs_py:/root/catkin_ws/install/topic_service_action_rclpy_example:/root/catkin_ws/install/time_rclpy_example:/root/catkin_ws/install/tf2_rclpy_example:/root/catkin_ws/install/ros2env:/root/catkin_ws/install/omo_r1mini_teleop:/root/catkin_ws/install/omo_r1mini_bringup:/root/catkin_ws/install/my_first_ros_rclpy_pkg:/root/catkin_ws/install/logging_rclpy_example:/root/catkin_ws/install/iahrs_driver:/root/install/topic_service_action_rclpy_example:/root/install/time_rclpy_example:/root/install/tf2_rclpy_example:/root/install/ros2env:/root/install/omo_r1mini_teleop:/root/install/omo_r1mini_bringup:/root/install/my_first_ros_rclpy_pkg:/root/install/logging_rclpy_example:/opt/ros/foxy /usr/bin/cmake --install /root/catkin_ws/build/builtin_interfaces
[1.919s] -- Install configuration: ""
[1.919s] -- Up-to-date: /root/catkin_ws/install/builtin_interfaces/share/ament_index/resource_index/rosidl_interfaces/builtin_interfaces
[1.919s] -- Up-to-date: /root/catkin_ws/install/builtin_interfaces/include/builtin_interfaces
[1.919s] -- Up-to-date: /root/catkin_ws/install/builtin_interfaces/include/builtin_interfaces/msg
[1.919s] -- Up-to-date: /root/catkin_ws/install/builtin_interfaces/include/builtin_interfaces/msg/time.h
[1.919s] -- Up-to-date: /root/catkin_ws/install/builtin_interfaces/include/builtin_interfaces/msg/detail
[1.919s] -- Up-to-date: /root/catkin_ws/install/builtin_interfaces/include/builtin_interfaces/msg/detail/time__functions.c
[1.919s] -- Up-to-date: /root/catkin_ws/install/builtin_interfaces/include/builtin_interfaces/msg/detail/duration__struct.h
[1.920s] -- Up-to-date: /root/catkin_ws/install/builtin_interfaces/include/builtin_interfaces/msg/detail/duration__functions.h
[1.920s] -- Up-to-date: /root/catkin_ws/install/builtin_interfaces/include/builtin_interfaces/msg/detail/duration__functions.c
[1.920s] -- Up-to-date: /root/catkin_ws/install/builtin_interfaces/include/builtin_interfaces/msg/detail/time__functions.h
[1.920s] -- Up-to-date: /root/catkin_ws/install/builtin_interfaces/include/builtin_interfaces/msg/detail/duration__type_support.h
[1.920s] -- Up-to-date: /root/catkin_ws/install/builtin_interfaces/include/builtin_interfaces/msg/detail/time__struct.h
[1.920s] -- Up-to-date: /root/catkin_ws/install/builtin_interfaces/include/builtin_interfaces/msg/detail/time__type_support.h
[1.920s] -- Up-to-date: /root/catkin_ws/install/builtin_interfaces/include/builtin_interfaces/msg/rosidl_generator_c__visibility_control.h
[1.920s] -- Up-to-date: /root/catkin_ws/install/builtin_interfaces/include/builtin_interfaces/msg/duration.h
[1.920s] -- Up-to-date: /root/catkin_ws/install/builtin_interfaces/share/builtin_interfaces/environment/library_path.sh
[1.920s] -- Installing: /root/catkin_ws/install/builtin_interfaces/share/builtin_interfaces/environment/library_path.dsv
[1.920s] -- Up-to-date: /root/catkin_ws/install/builtin_interfaces/lib/libbuiltin_interfaces__rosidl_generator_c.so
[1.920s] -- Up-to-date: /root/catkin_ws/install/builtin_interfaces/include/builtin_interfaces
[1.921s] -- Up-to-date: /root/catkin_ws/install/builtin_interfaces/include/builtin_interfaces/msg
[1.921s] -- Up-to-date: /root/catkin_ws/install/builtin_interfaces/include/builtin_interfaces/msg/detail
[1.921s] -- Up-to-date: /root/catkin_ws/install/builtin_interfaces/include/builtin_interfaces/msg/detail/microxrcedds
[1.921s] -- Up-to-date: /root/catkin_ws/install/builtin_interfaces/include/builtin_interfaces/msg/detail/duration__rosidl_typesupport_microxrcedds_c.h
[1.921s] -- Up-to-date: /root/catkin_ws/install/builtin_interfaces/include/builtin_interfaces/msg/detail/time__rosidl_typesupport_microxrcedds_c.h
[1.921s] -- Up-to-date: /root/catkin_ws/install/builtin_interfaces/include/builtin_interfaces/msg/rosidl_typesupport_microxrcedds_c__visibility_control.h
[1.921s] -- Up-to-date: /root/catkin_ws/install/builtin_interfaces/lib/libbuiltin_interfaces__rosidl_typesupport_microxrcedds_c.so
[1.921s] -- Up-to-date: /root/catkin_ws/install/builtin_interfaces/include/builtin_interfaces
[1.921s] -- Up-to-date: /root/catkin_ws/install/builtin_interfaces/include/builtin_interfaces/msg
[1.921s] -- Up-to-date: /root/catkin_ws/install/builtin_interfaces/include/builtin_interfaces/msg/detail
[1.921s] -- Up-to-date: /root/catkin_ws/install/builtin_interfaces/include/builtin_interfaces/msg/detail/time__rosidl_typesupport_fastrtps_c.h
[1.922s] -- Up-to-date: /root/catkin_ws/install/builtin_interfaces/include/builtin_interfaces/msg/detail/duration__rosidl_typesupport_fastrtps_c.h
[1.922s] -- Up-to-date: /root/catkin_ws/install/builtin_interfaces/include/builtin_interfaces/msg/rosidl_typesupport_fastrtps_c__visibility_control.h
[1.922s] -- Up-to-date: /root/catkin_ws/install/builtin_interfaces/lib/libbuiltin_interfaces__rosidl_typesupport_fastrtps_c.so
[1.922s] -- Up-to-date: /root/catkin_ws/install/builtin_interfaces/include/builtin_interfaces
[1.922s] -- Up-to-date: /root/catkin_ws/install/builtin_interfaces/include/builtin_interfaces/msg
[1.922s] -- Up-to-date: /root/catkin_ws/install/builtin_interfaces/include/builtin_interfaces/msg/detail
[1.922s] -- Up-to-date: /root/catkin_ws/install/builtin_interfaces/include/builtin_interfaces/msg/detail/duration__rosidl_typesupport_fastrtps_cpp.hpp
[1.922s] -- Up-to-date: /root/catkin_ws/install/builtin_interfaces/include/builtin_interfaces/msg/detail/time__rosidl_typesupport_fastrtps_cpp.hpp
[1.922s] -- Up-to-date: /root/catkin_ws/install/builtin_interfaces/include/builtin_interfaces/msg/detail/dds_fastrtps
[1.922s] -- Up-to-date: /root/catkin_ws/install/builtin_interfaces/include/builtin_interfaces/msg/rosidl_typesupport_fastrtps_cpp__visibility_control.h
[1.922s] -- Up-to-date: /root/catkin_ws/install/builtin_interfaces/lib/libbuiltin_interfaces__rosidl_typesupport_fastrtps_cpp.so
[1.923s] -- Up-to-date: /root/catkin_ws/install/builtin_interfaces/include/builtin_interfaces
[1.923s] -- Up-to-date: /root/catkin_ws/install/builtin_interfaces/include/builtin_interfaces/msg
[1.923s] -- Up-to-date: /root/catkin_ws/install/builtin_interfaces/include/builtin_interfaces/msg/detail
[1.923s] -- Up-to-date: /root/catkin_ws/install/builtin_interfaces/include/builtin_interfaces/msg/detail/time__rosidl_typesupport_introspection_c.h
[1.923s] -- Up-to-date: /root/catkin_ws/install/builtin_interfaces/include/builtin_interfaces/msg/detail/duration__type_support.c
[1.923s] -- Up-to-date: /root/catkin_ws/install/builtin_interfaces/include/builtin_interfaces/msg/detail/duration__rosidl_typesupport_introspection_c.h
[1.923s] -- Up-to-date: /root/catkin_ws/install/builtin_interfaces/include/builtin_interfaces/msg/detail/time__type_support.c
[1.923s] -- Up-to-date: /root/catkin_ws/install/builtin_interfaces/include/builtin_interfaces/msg/rosidl_typesupport_introspection_c__visibility_control.h
[1.923s] -- Up-to-date: /root/catkin_ws/install/builtin_interfaces/lib/libbuiltin_interfaces__rosidl_typesupport_introspection_c.so
[1.923s] -- Up-to-date: /root/catkin_ws/install/builtin_interfaces/lib/libbuiltin_interfaces__rosidl_typesupport_c.so
[1.923s] -- Up-to-date: /root/catkin_ws/install/builtin_interfaces/include/builtin_interfaces
[1.924s] -- Up-to-date: /root/catkin_ws/install/builtin_interfaces/include/builtin_interfaces/msg
[1.924s] -- Up-to-date: /root/catkin_ws/install/builtin_interfaces/include/builtin_interfaces/msg/duration.hpp
[1.924s] -- Up-to-date: /root/catkin_ws/install/builtin_interfaces/include/builtin_interfaces/msg/detail
[1.924s] -- Up-to-date: /root/catkin_ws/install/builtin_interfaces/include/builtin_interfaces/msg/detail/duration__struct.hpp
[1.924s] -- Up-to-date: /root/catkin_ws/install/builtin_interfaces/include/builtin_interfaces/msg/detail/time__struct.hpp
[1.924s] -- Up-to-date: /root/catkin_ws/install/builtin_interfaces/include/builtin_interfaces/msg/detail/duration__builder.hpp
[1.924s] -- Up-to-date: /root/catkin_ws/install/builtin_interfaces/include/builtin_interfaces/msg/detail/time__builder.hpp
[1.924s] -- Up-to-date: /root/catkin_ws/install/builtin_interfaces/include/builtin_interfaces/msg/detail/duration__traits.hpp
[1.924s] -- Up-to-date: /root/catkin_ws/install/builtin_interfaces/include/builtin_interfaces/msg/detail/time__traits.hpp
[1.924s] -- Up-to-date: /root/catkin_ws/install/builtin_interfaces/include/builtin_interfaces/msg/time.hpp
[1.924s] -- Up-to-date: /root/catkin_ws/install/builtin_interfaces/include/builtin_interfaces
[1.924s] -- Up-to-date: /root/catkin_ws/install/builtin_interfaces/include/builtin_interfaces/msg
[1.924s] -- Up-to-date: /root/catkin_ws/install/builtin_interfaces/include/builtin_interfaces/msg/detail
[1.924s] -- Up-to-date: /root/catkin_ws/install/builtin_interfaces/include/builtin_interfaces/msg/detail/duration__rosidl_typesupport_microxrcedds_cpp.hpp
[1.924s] -- Up-to-date: /root/catkin_ws/install/builtin_interfaces/include/builtin_interfaces/msg/detail/time__rosidl_typesupport_microxrcedds_cpp.hpp
[1.924s] -- Up-to-date: /root/catkin_ws/install/builtin_interfaces/include/builtin_interfaces/msg/detail/microxrcedds
[1.924s] -- Up-to-date: /root/catkin_ws/install/builtin_interfaces/include/builtin_interfaces/msg/detail/microxrcedds/duration__type_support_cpp.cpp
[1.925s] -- Up-to-date: /root/catkin_ws/install/builtin_interfaces/include/builtin_interfaces/msg/detail/microxrcedds/time__type_support_cpp.cpp
[1.925s] -- Up-to-date: /root/catkin_ws/install/builtin_interfaces/include/builtin_interfaces/msg/rosidl_typesupport_microxrcedds_cpp__visibility_control.h
[1.925s] -- Up-to-date: /root/catkin_ws/install/builtin_interfaces/lib/libbuiltin_interfaces__rosidl_typesupport_microxrcedds_cpp.so
[1.925s] -- Up-to-date: /root/catkin_ws/install/builtin_interfaces/include/builtin_interfaces
[1.925s] -- Up-to-date: /root/catkin_ws/install/builtin_interfaces/include/builtin_interfaces/msg
[1.925s] -- Up-to-date: /root/catkin_ws/install/builtin_interfaces/include/builtin_interfaces/msg/detail
[1.925s] -- Up-to-date: /root/catkin_ws/install/builtin_interfaces/include/builtin_interfaces/msg/detail/time__rosidl_typesupport_introspection_cpp.hpp
[1.925s] -- Up-to-date: /root/catkin_ws/install/builtin_interfaces/include/builtin_interfaces/msg/detail/duration__type_support.cpp
[1.925s] -- Up-to-date: /root/catkin_ws/install/builtin_interfaces/include/builtin_interfaces/msg/detail/time__type_support.cpp
[1.925s] -- Up-to-date: /root/catkin_ws/install/builtin_interfaces/include/builtin_interfaces/msg/detail/duration__rosidl_typesupport_introspection_cpp.hpp
[1.926s] -- Up-to-date: /root/catkin_ws/install/builtin_interfaces/lib/libbuiltin_interfaces__rosidl_typesupport_introspection_cpp.so
[1.926s] -- Up-to-date: /root/catkin_ws/install/builtin_interfaces/lib/libbuiltin_interfaces__rosidl_typesupport_cpp.so
[1.926s] -- Up-to-date: /root/catkin_ws/install/builtin_interfaces/share/builtin_interfaces/environment/pythonpath.sh
[1.926s] -- Installing: /root/catkin_ws/install/builtin_interfaces/share/builtin_interfaces/environment/pythonpath.dsv
[1.926s] -- Installing: /root/catkin_ws/install/builtin_interfaces/lib/python3.8/site-packages/builtin_interfaces/__init__.py
[2.007s] Compiling '/root/catkin_ws/install/builtin_interfaces/lib/python3.8/site-packages/builtin_interfaces/__init__.py'...
[2.010s] -- Up-to-date: /root/catkin_ws/install/builtin_interfaces/lib/python3.8/site-packages/builtin_interfaces/msg
[2.010s] -- Up-to-date: /root/catkin_ws/install/builtin_interfaces/lib/python3.8/site-packages/builtin_interfaces/msg/_duration_s.c
[2.010s] -- Up-to-date: /root/catkin_ws/install/builtin_interfaces/lib/python3.8/site-packages/builtin_interfaces/msg/_duration.py
[2.010s] -- Up-to-date: /root/catkin_ws/install/builtin_interfaces/lib/python3.8/site-packages/builtin_interfaces/msg/_time.py
[2.011s] -- Up-to-date: /root/catkin_ws/install/builtin_interfaces/lib/python3.8/site-packages/builtin_interfaces/msg/_time_s.c
[2.011s] -- Up-to-date: /root/catkin_ws/install/builtin_interfaces/lib/python3.8/site-packages/builtin_interfaces/msg/__init__.py
[2.011s] -- Up-to-date: /root/catkin_ws/install/builtin_interfaces/lib/python3.8/site-packages/builtin_interfaces/builtin_interfaces_s__rosidl_typesupport_microxrcedds_c.cpython-38-x86_64-linux-gnu.so
[2.011s] -- Up-to-date: /root/catkin_ws/install/builtin_interfaces/lib/python3.8/site-packages/builtin_interfaces/builtin_interfaces_s__rosidl_typesupport_fastrtps_c.cpython-38-x86_64-linux-gnu.so
[2.012s] -- Up-to-date: /root/catkin_ws/install/builtin_interfaces/lib/python3.8/site-packages/builtin_interfaces/builtin_interfaces_s__rosidl_typesupport_introspection_c.cpython-38-x86_64-linux-gnu.so
[2.012s] -- Up-to-date: /root/catkin_ws/install/builtin_interfaces/lib/python3.8/site-packages/builtin_interfaces/builtin_interfaces_s__rosidl_typesupport_c.cpython-38-x86_64-linux-gnu.so
[2.013s] -- Up-to-date: /root/catkin_ws/install/builtin_interfaces/lib/libbuiltin_interfaces__python.so
[2.013s] -- Up-to-date: /root/catkin_ws/install/builtin_interfaces/share/builtin_interfaces/msg/Duration.idl
[2.013s] -- Up-to-date: /root/catkin_ws/install/builtin_interfaces/share/builtin_interfaces/msg/Time.idl
[2.013s] -- Up-to-date: /root/catkin_ws/install/builtin_interfaces/share/builtin_interfaces/msg/Duration.msg
[2.013s] -- Up-to-date: /root/catkin_ws/install/builtin_interfaces/share/builtin_interfaces/msg/Time.msg
[2.013s] -- Up-to-date: /root/catkin_ws/install/builtin_interfaces/share/ament_index/resource_index/package_run_dependencies/builtin_interfaces
[2.013s] -- Installing: /root/catkin_ws/install/builtin_interfaces/share/ament_index/resource_index/parent_prefix_path/builtin_interfaces
[2.013s] -- Up-to-date: /root/catkin_ws/install/builtin_interfaces/share/builtin_interfaces/environment/ament_prefix_path.sh
[2.013s] -- Installing: /root/catkin_ws/install/builtin_interfaces/share/builtin_interfaces/environment/ament_prefix_path.dsv
[2.013s] -- Up-to-date: /root/catkin_ws/install/builtin_interfaces/share/builtin_interfaces/environment/path.sh
[2.013s] -- Installing: /root/catkin_ws/install/builtin_interfaces/share/builtin_interfaces/environment/path.dsv
[2.014s] -- Up-to-date: /root/catkin_ws/install/builtin_interfaces/share/builtin_interfaces/local_setup.bash
[2.014s] -- Up-to-date: /root/catkin_ws/install/builtin_interfaces/share/builtin_interfaces/local_setup.sh
[2.014s] -- Up-to-date: /root/catkin_ws/install/builtin_interfaces/share/builtin_interfaces/local_setup.zsh
[2.014s] -- Installing: /root/catkin_ws/install/builtin_interfaces/share/builtin_interfaces/local_setup.dsv
[2.014s] -- Installing: /root/catkin_ws/install/builtin_interfaces/share/builtin_interfaces/package.dsv
[2.014s] -- Up-to-date: /root/catkin_ws/install/builtin_interfaces/share/ament_index/resource_index/packages/builtin_interfaces
[2.014s] -- Up-to-date: /root/catkin_ws/install/builtin_interfaces/share/builtin_interfaces/cmake/builtin_interfaces__rosidl_generator_cExport.cmake
[2.014s] -- Installing: /root/catkin_ws/install/builtin_interfaces/share/builtin_interfaces/cmake/builtin_interfaces__rosidl_generator_cExport-noconfig.cmake
[2.014s] -- Up-to-date: /root/catkin_ws/install/builtin_interfaces/share/builtin_interfaces/cmake/builtin_interfaces__rosidl_typesupport_introspection_cExport.cmake
[2.015s] -- Installing: /root/catkin_ws/install/builtin_interfaces/share/builtin_interfaces/cmake/builtin_interfaces__rosidl_typesupport_introspection_cExport-noconfig.cmake
[2.015s] -- Up-to-date: /root/catkin_ws/install/builtin_interfaces/share/builtin_interfaces/cmake/builtin_interfaces__rosidl_typesupport_cExport.cmake
[2.015s] -- Installing: /root/catkin_ws/install/builtin_interfaces/share/builtin_interfaces/cmake/builtin_interfaces__rosidl_typesupport_cExport-noconfig.cmake
[2.015s] -- Up-to-date: /root/catkin_ws/install/builtin_interfaces/share/builtin_interfaces/cmake/builtin_interfaces__rosidl_generator_cppExport.cmake
[2.015s] -- Up-to-date: /root/catkin_ws/install/builtin_interfaces/share/builtin_interfaces/cmake/builtin_interfaces__rosidl_typesupport_introspection_cppExport.cmake
[2.015s] -- Installing: /root/catkin_ws/install/builtin_interfaces/share/builtin_interfaces/cmake/builtin_interfaces__rosidl_typesupport_introspection_cppExport-noconfig.cmake
[2.015s] -- Up-to-date: /root/catkin_ws/install/builtin_interfaces/share/builtin_interfaces/cmake/builtin_interfaces__rosidl_typesupport_cppExport.cmake
[2.016s] -- Installing: /root/catkin_ws/install/builtin_interfaces/share/builtin_interfaces/cmake/builtin_interfaces__rosidl_typesupport_cppExport-noconfig.cmake
[2.016s] -- Up-to-date: /root/catkin_ws/install/builtin_interfaces/share/builtin_interfaces/cmake/rosidl_cmake-extras.cmake
[2.016s] -- Up-to-date: /root/catkin_ws/install/builtin_interfaces/share/builtin_interfaces/cmake/ament_cmake_export_dependencies-extras.cmake
[2.016s] -- Up-to-date: /root/catkin_ws/install/builtin_interfaces/share/builtin_interfaces/cmake/ament_cmake_export_libraries-extras.cmake
[2.016s] -- Up-to-date: /root/catkin_ws/install/builtin_interfaces/share/builtin_interfaces/cmake/ament_cmake_export_targets-extras.cmake
[2.016s] -- Up-to-date: /root/catkin_ws/install/builtin_interfaces/share/builtin_interfaces/cmake/ament_cmake_export_include_directories-extras.cmake
[2.016s] -- Up-to-date: /root/catkin_ws/install/builtin_interfaces/share/builtin_interfaces/cmake/rosidl_cmake_export_typesupport_libraries-extras.cmake
[2.016s] -- Up-to-date: /root/catkin_ws/install/builtin_interfaces/share/builtin_interfaces/cmake/rosidl_cmake_export_typesupport_targets-extras.cmake
[2.016s] -- Up-to-date: /root/catkin_ws/install/builtin_interfaces/share/builtin_interfaces/cmake/builtin_interfacesConfig.cmake
[2.016s] -- Up-to-date: /root/catkin_ws/install/builtin_interfaces/share/builtin_interfaces/cmake/builtin_interfacesConfig-version.cmake
[2.016s] -- Up-to-date: /root/catkin_ws/install/builtin_interfaces/share/builtin_interfaces/package.xml
[2.018s] Invoked command in '/root/catkin_ws/build/builtin_interfaces' returned '0': CMAKE_PREFIX_PATH=${CMAKE_PREFIX_PATH}:/root/catkin_ws/install/sensor_msgs_py:/root/catkin_ws/install/topic_service_action_rclpy_example:/root/catkin_ws/install/time_rclpy_example:/root/catkin_ws/install/tf2_rclpy_example:/root/catkin_ws/install/ros2env:/root/catkin_ws/install/omo_r1mini_teleop:/root/catkin_ws/install/omo_r1mini_bringup:/root/catkin_ws/install/my_first_ros_rclpy_pkg:/root/catkin_ws/install/logging_rclpy_example:/root/catkin_ws/install/iahrs_driver:/root/install/topic_service_action_rclpy_example:/root/install/time_rclpy_example:/root/install/tf2_rclpy_example:/root/install/ros2env:/root/install/omo_r1mini_teleop:/root/install/omo_r1mini_bringup:/root/install/my_first_ros_rclpy_pkg:/root/install/logging_rclpy_example:/opt/ros/foxy /usr/bin/cmake --install /root/catkin_ws/build/builtin_interfaces
