[0.312s] Invoking command in '/root/catkin_ws/build/my_first_ros_rclcpp_pkg': CMAKE_PREFIX_PATH=${CMAKE_PREFIX_PATH}:/root/catkin_ws/install/topic_service_action_rclpy_example:/root/catkin_ws/install/time_rclpy_example:/root/catkin_ws/install/tf2_rclpy_example:/root/catkin_ws/install/ros2env:/root/catkin_ws/install/omo_r1mini_teleop:/root/catkin_ws/install/omo_r1mini_bringup:/root/catkin_ws/install/my_first_ros_rclpy_pkg:/root/catkin_ws/install/logging_rclpy_example:/root/catkin_ws/src/install/topic_service_action_rclpy_example:/root/catkin_ws/src/install/time_rclpy_example:/root/catkin_ws/src/install/tf2_rclpy_example:/root/catkin_ws/src/install/ros2env:/root/catkin_ws/src/install/omo_r1mini_teleop:/root/catkin_ws/src/install/omo_r1mini_bringup:/root/catkin_ws/src/install/my_first_ros_rclpy_pkg:/root/catkin_ws/src/install/logging_rclpy_example:/opt/ros/foxy /usr/bin/cmake --build /root/catkin_ws/build/my_first_ros_rclcpp_pkg -- -j12 -l12
[0.721s] [100%] Built target helloworld_publisher
[0.723s] [100%] Built target helloworld_subscriber
[0.730s] Invoked command in '/root/catkin_ws/build/my_first_ros_rclcpp_pkg' returned '0': CMAKE_PREFIX_PATH=${CMAKE_PREFIX_PATH}:/root/catkin_ws/install/topic_service_action_rclpy_example:/root/catkin_ws/install/time_rclpy_example:/root/catkin_ws/install/tf2_rclpy_example:/root/catkin_ws/install/ros2env:/root/catkin_ws/install/omo_r1mini_teleop:/root/catkin_ws/install/omo_r1mini_bringup:/root/catkin_ws/install/my_first_ros_rclpy_pkg:/root/catkin_ws/install/logging_rclpy_example:/root/catkin_ws/src/install/topic_service_action_rclpy_example:/root/catkin_ws/src/install/time_rclpy_example:/root/catkin_ws/src/install/tf2_rclpy_example:/root/catkin_ws/src/install/ros2env:/root/catkin_ws/src/install/omo_r1mini_teleop:/root/catkin_ws/src/install/omo_r1mini_bringup:/root/catkin_ws/src/install/my_first_ros_rclpy_pkg:/root/catkin_ws/src/install/logging_rclpy_example:/opt/ros/foxy /usr/bin/cmake --build /root/catkin_ws/build/my_first_ros_rclcpp_pkg -- -j12 -l12
[0.803s] Invoking command in '/root/catkin_ws/build/my_first_ros_rclcpp_pkg': CMAKE_PREFIX_PATH=${CMAKE_PREFIX_PATH}:/root/catkin_ws/install/topic_service_action_rclpy_example:/root/catkin_ws/install/time_rclpy_example:/root/catkin_ws/install/tf2_rclpy_example:/root/catkin_ws/install/ros2env:/root/catkin_ws/install/omo_r1mini_teleop:/root/catkin_ws/install/omo_r1mini_bringup:/root/catkin_ws/install/my_first_ros_rclpy_pkg:/root/catkin_ws/install/logging_rclpy_example:/root/catkin_ws/src/install/topic_service_action_rclpy_example:/root/catkin_ws/src/install/time_rclpy_example:/root/catkin_ws/src/install/tf2_rclpy_example:/root/catkin_ws/src/install/ros2env:/root/catkin_ws/src/install/omo_r1mini_teleop:/root/catkin_ws/src/install/omo_r1mini_bringup:/root/catkin_ws/src/install/my_first_ros_rclpy_pkg:/root/catkin_ws/src/install/logging_rclpy_example:/opt/ros/foxy /usr/bin/cmake --install /root/catkin_ws/build/my_first_ros_rclcpp_pkg
[0.830s] -- Install configuration: ""
[0.830s] -- Execute custom install script
[0.830s] -- Up-to-date symlink: /root/catkin_ws/install/my_first_ros_rclcpp_pkg/lib/my_first_ros_rclcpp_pkg/helloworld_publisher
[0.830s] -- Up-to-date symlink: /root/catkin_ws/install/my_first_ros_rclcpp_pkg/lib/my_first_ros_rclcpp_pkg/helloworld_subscriber
[0.830s] -- Up-to-date symlink: /root/catkin_ws/install/my_first_ros_rclcpp_pkg/share/ament_index/resource_index/package_run_dependencies/my_first_ros_rclcpp_pkg
[0.834s] -- Up-to-date symlink: /root/catkin_ws/install/my_first_ros_rclcpp_pkg/share/ament_index/resource_index/parent_prefix_path/my_first_ros_rclcpp_pkg
[0.834s] -- Up-to-date symlink: /root/catkin_ws/install/my_first_ros_rclcpp_pkg/share/my_first_ros_rclcpp_pkg/environment/ament_prefix_path.sh
[0.834s] -- Up-to-date symlink: /root/catkin_ws/install/my_first_ros_rclcpp_pkg/share/my_first_ros_rclcpp_pkg/environment/ament_prefix_path.dsv
[0.835s] -- Up-to-date symlink: /root/catkin_ws/install/my_first_ros_rclcpp_pkg/share/my_first_ros_rclcpp_pkg/environment/path.sh
[0.835s] -- Up-to-date symlink: /root/catkin_ws/install/my_first_ros_rclcpp_pkg/share/my_first_ros_rclcpp_pkg/environment/path.dsv
[0.835s] -- Up-to-date symlink: /root/catkin_ws/install/my_first_ros_rclcpp_pkg/share/my_first_ros_rclcpp_pkg/local_setup.bash
[0.835s] -- Up-to-date symlink: /root/catkin_ws/install/my_first_ros_rclcpp_pkg/share/my_first_ros_rclcpp_pkg/local_setup.sh
[0.836s] -- Up-to-date symlink: /root/catkin_ws/install/my_first_ros_rclcpp_pkg/share/my_first_ros_rclcpp_pkg/local_setup.zsh
[0.837s] -- Up-to-date symlink: /root/catkin_ws/install/my_first_ros_rclcpp_pkg/share/my_first_ros_rclcpp_pkg/local_setup.dsv
[0.837s] -- Symlinking: /root/catkin_ws/install/my_first_ros_rclcpp_pkg/share/my_first_ros_rclcpp_pkg/package.dsv
[0.850s] -- Up-to-date symlink: /root/catkin_ws/install/my_first_ros_rclcpp_pkg/share/ament_index/resource_index/packages/my_first_ros_rclcpp_pkg
[0.851s] -- Up-to-date symlink: /root/catkin_ws/install/my_first_ros_rclcpp_pkg/share/my_first_ros_rclcpp_pkg/cmake/my_first_ros_rclcpp_pkgConfig.cmake
[0.856s] -- Up-to-date symlink: /root/catkin_ws/install/my_first_ros_rclcpp_pkg/share/my_first_ros_rclcpp_pkg/cmake/my_first_ros_rclcpp_pkgConfig-version.cmake
[0.856s] -- Up-to-date symlink: /root/catkin_ws/install/my_first_ros_rclcpp_pkg/share/my_first_ros_rclcpp_pkg/package.xml
[0.932s] Invoked command in '/root/catkin_ws/build/my_first_ros_rclcpp_pkg' returned '0': CMAKE_PREFIX_PATH=${CMAKE_PREFIX_PATH}:/root/catkin_ws/install/topic_service_action_rclpy_example:/root/catkin_ws/install/time_rclpy_example:/root/catkin_ws/install/tf2_rclpy_example:/root/catkin_ws/install/ros2env:/root/catkin_ws/install/omo_r1mini_teleop:/root/catkin_ws/install/omo_r1mini_bringup:/root/catkin_ws/install/my_first_ros_rclpy_pkg:/root/catkin_ws/install/logging_rclpy_example:/root/catkin_ws/src/install/topic_service_action_rclpy_example:/root/catkin_ws/src/install/time_rclpy_example:/root/catkin_ws/src/install/tf2_rclpy_example:/root/catkin_ws/src/install/ros2env:/root/catkin_ws/src/install/omo_r1mini_teleop:/root/catkin_ws/src/install/omo_r1mini_bringup:/root/catkin_ws/src/install/my_first_ros_rclpy_pkg:/root/catkin_ws/src/install/logging_rclpy_example:/opt/ros/foxy /usr/bin/cmake --install /root/catkin_ws/build/my_first_ros_rclcpp_pkg
