-- Found ament_cmake: 0.9.11 (/opt/ros/foxy/share/ament_cmake/cmake)
-- Found PythonInterp: /usr/bin/python3 (found suitable version "3.8.10", minimum required is "3") 
-- Using PYTHON_EXECUTABLE: /usr/bin/python3
-- Override CMake install command with custom implementation using symlinks instead of copying resources
-- Found rosidl_default_generators: 1.0.1 (/opt/ros/foxy/share/rosidl_default_generators/cmake)
-- Using all available rosidl_typesupport_c: rosidl_typesupport_microxrcedds_c;rosidl_typesupport_fastrtps_c;rosidl_typesupport_introspection_c
-- Found rosidl_adapter: 1.3.0 (/opt/ros/foxy/share/rosidl_adapter/cmake)
-- Using all available rosidl_typesupport_cpp: rosidl_typesupport_microxrcedds_cpp;rosidl_typesupport_fastrtps_cpp;rosidl_typesupport_introspection_cpp
-- Found PythonInterp: /usr/bin/python3 (found version "3.8.10") 
-- Found ament_cmake_ros: 0.9.2 (/opt/ros/foxy/share/ament_cmake_ros/cmake)
-- Using all available rosidl_typesupport_c: rosidl_typesupport_microxrcedds_c;rosidl_typesupport_fastrtps_c;rosidl_typesupport_introspection_c
-- Using all available rosidl_typesupport_cpp: rosidl_typesupport_microxrcedds_cpp;rosidl_typesupport_fastrtps_cpp;rosidl_typesupport_introspection_cpp
-- Found PythonInterp: /usr/bin/python3 (found suitable version "3.8.10", minimum required is "3.5") 
-- Found python_cmake_module: 0.8.1 (/opt/ros/foxy/share/python_cmake_module/cmake)
-- Using PYTHON_EXECUTABLE: /usr/bin/python3
-- Using PYTHON_INCLUDE_DIRS: /usr/include/python3.8
-- Using PYTHON_LIBRARIES: /usr/lib/x86_64-linux-gnu/libpython3.8.so
-- Configuring done
-- Generating done
-- Build files have been written to: /root/catkin_ws/build/unique_identifier_msgs
[  2%] Built target unique_identifier_msgs__cpp
[ 10%] Built target unique_identifier_msgs__rosidl_generator_c
[ 17%] Built target unique_identifier_msgs__rosidl_typesupport_cpp
[ 25%] Built target unique_identifier_msgs__rosidl_typesupport_introspection_cpp
[ 33%] Built target unique_identifier_msgs__rosidl_typesupport_fastrtps_cpp
[ 41%] Built target unique_identifier_msgs__rosidl_typesupport_microxrcedds_cpp
[ 48%] Built target unique_identifier_msgs__rosidl_typesupport_c
[ 56%] Built target unique_identifier_msgs__rosidl_typesupport_microxrcedds_c
[ 64%] Built target unique_identifier_msgs__rosidl_typesupport_introspection_c
[ 71%] Built target unique_identifier_msgs__rosidl_typesupport_fastrtps_c
[ 71%] Built target unique_identifier_msgs
[ 74%] Built target unique_identifier_msgs__py
[ 79%] Built target unique_identifier_msgs__python
[ 84%] Built target unique_identifier_msgs__rosidl_typesupport_c__pyext
[ 89%] Built target unique_identifier_msgs__rosidl_typesupport_introspection_c__pyext
[ 94%] Built target unique_identifier_msgs__rosidl_typesupport_fastrtps_c__pyext
[100%] Built target unique_identifier_msgs__rosidl_typesupport_microxrcedds_c__pyext
-- Install configuration: ""
-- Execute custom install script
-- Up-to-date symlink: /root/catkin_ws/install/unique_identifier_msgs/share/ament_index/resource_index/rosidl_interfaces/unique_identifier_msgs
-- Up-to-date symlink: /root/catkin_ws/install/unique_identifier_msgs/include/unique_identifier_msgs/msg/detail/uuid__functions.h
-- Up-to-date symlink: /root/catkin_ws/install/unique_identifier_msgs/include/unique_identifier_msgs/msg/detail/uuid__struct.h
-- Up-to-date symlink: /root/catkin_ws/install/unique_identifier_msgs/include/unique_identifier_msgs/msg/detail/uuid__type_support.h
-- Up-to-date symlink: /root/catkin_ws/install/unique_identifier_msgs/include/unique_identifier_msgs/msg/rosidl_generator_c__visibility_control.h
-- Up-to-date symlink: /root/catkin_ws/install/unique_identifier_msgs/include/unique_identifier_msgs/msg/uuid.h
-- Up-to-date symlink: /root/catkin_ws/install/unique_identifier_msgs/share/unique_identifier_msgs/environment/library_path.sh
-- Up-to-date symlink: /root/catkin_ws/install/unique_identifier_msgs/share/unique_identifier_msgs/environment/library_path.dsv
-- Up-to-date symlink: /root/catkin_ws/install/unique_identifier_msgs/include/unique_identifier_msgs/msg/detail/uuid__rosidl_typesupport_microxrcedds_c.h
-- Up-to-date symlink: /root/catkin_ws/install/unique_identifier_msgs/include/unique_identifier_msgs/msg/rosidl_typesupport_microxrcedds_c__visibility_control.h
-- Up-to-date symlink: /root/catkin_ws/install/unique_identifier_msgs/lib/libunique_identifier_msgs__rosidl_typesupport_microxrcedds_c.so
-- Up-to-date symlink: /root/catkin_ws/install/unique_identifier_msgs/include/unique_identifier_msgs/msg/detail/uuid__rosidl_typesupport_fastrtps_c.h
-- Up-to-date symlink: /root/catkin_ws/install/unique_identifier_msgs/include/unique_identifier_msgs/msg/rosidl_typesupport_fastrtps_c__visibility_control.h
-- Up-to-date symlink: /root/catkin_ws/install/unique_identifier_msgs/lib/libunique_identifier_msgs__rosidl_typesupport_fastrtps_c.so
-- Up-to-date symlink: /root/catkin_ws/install/unique_identifier_msgs/include/unique_identifier_msgs/msg/detail/uuid__rosidl_typesupport_fastrtps_cpp.hpp
-- Up-to-date symlink: /root/catkin_ws/install/unique_identifier_msgs/include/unique_identifier_msgs/msg/rosidl_typesupport_fastrtps_cpp__visibility_control.h
-- Up-to-date symlink: /root/catkin_ws/install/unique_identifier_msgs/lib/libunique_identifier_msgs__rosidl_typesupport_fastrtps_cpp.so
-- Up-to-date symlink: /root/catkin_ws/install/unique_identifier_msgs/include/unique_identifier_msgs/msg/detail/uuid__rosidl_typesupport_introspection_c.h
-- Up-to-date symlink: /root/catkin_ws/install/unique_identifier_msgs/include/unique_identifier_msgs/msg/rosidl_typesupport_introspection_c__visibility_control.h
-- Up-to-date symlink: /root/catkin_ws/install/unique_identifier_msgs/include/unique_identifier_msgs/msg/detail/uuid__builder.hpp
-- Up-to-date symlink: /root/catkin_ws/install/unique_identifier_msgs/include/unique_identifier_msgs/msg/detail/uuid__struct.hpp
-- Up-to-date symlink: /root/catkin_ws/install/unique_identifier_msgs/include/unique_identifier_msgs/msg/detail/uuid__traits.hpp
-- Up-to-date symlink: /root/catkin_ws/install/unique_identifier_msgs/include/unique_identifier_msgs/msg/uuid.hpp
-- Up-to-date symlink: /root/catkin_ws/install/unique_identifier_msgs/include/unique_identifier_msgs/msg/detail/microxrcedds/uuid__type_support_cpp.cpp
-- Up-to-date symlink: /root/catkin_ws/install/unique_identifier_msgs/include/unique_identifier_msgs/msg/detail/uuid__rosidl_typesupport_microxrcedds_cpp.hpp
-- Up-to-date symlink: /root/catkin_ws/install/unique_identifier_msgs/include/unique_identifier_msgs/msg/rosidl_typesupport_microxrcedds_cpp__visibility_control.h
-- Up-to-date symlink: /root/catkin_ws/install/unique_identifier_msgs/lib/libunique_identifier_msgs__rosidl_typesupport_microxrcedds_cpp.so
-- Up-to-date symlink: /root/catkin_ws/install/unique_identifier_msgs/include/unique_identifier_msgs/msg/detail/uuid__rosidl_typesupport_introspection_cpp.hpp
-- Up-to-date symlink: /root/catkin_ws/install/unique_identifier_msgs/share/unique_identifier_msgs/environment/pythonpath.sh
-- Up-to-date symlink: /root/catkin_ws/install/unique_identifier_msgs/share/unique_identifier_msgs/environment/pythonpath.dsv
-- Up-to-date symlink: /root/catkin_ws/install/unique_identifier_msgs/lib/python3.8/site-packages/unique_identifier_msgs/__init__.py
-- Up-to-date symlink: /root/catkin_ws/install/unique_identifier_msgs/lib/python3.8/site-packages/unique_identifier_msgs/msg/__init__.py
-- Up-to-date symlink: /root/catkin_ws/install/unique_identifier_msgs/lib/python3.8/site-packages/unique_identifier_msgs/msg/_uuid.py
-- Up-to-date symlink: /root/catkin_ws/install/unique_identifier_msgs/lib/python3.8/site-packages/unique_identifier_msgs/unique_identifier_msgs_s__rosidl_typesupport_microxrcedds_c.cpython-38-x86_64-linux-gnu.so
-- Up-to-date symlink: /root/catkin_ws/install/unique_identifier_msgs/lib/python3.8/site-packages/unique_identifier_msgs/unique_identifier_msgs_s__rosidl_typesupport_fastrtps_c.cpython-38-x86_64-linux-gnu.so
-- Up-to-date symlink: /root/catkin_ws/install/unique_identifier_msgs/lib/python3.8/site-packages/unique_identifier_msgs/unique_identifier_msgs_s__rosidl_typesupport_introspection_c.cpython-38-x86_64-linux-gnu.so
-- Up-to-date symlink: /root/catkin_ws/install/unique_identifier_msgs/lib/python3.8/site-packages/unique_identifier_msgs/unique_identifier_msgs_s__rosidl_typesupport_c.cpython-38-x86_64-linux-gnu.so
-- Up-to-date symlink: /root/catkin_ws/install/unique_identifier_msgs/lib/libunique_identifier_msgs__python.so
-- Up-to-date symlink: /root/catkin_ws/install/unique_identifier_msgs/share/unique_identifier_msgs/msg/UUID.idl
-- Up-to-date symlink: /root/catkin_ws/install/unique_identifier_msgs/share/unique_identifier_msgs/msg/UUID.msg
-- Up-to-date symlink: /root/catkin_ws/install/unique_identifier_msgs/share/ament_index/resource_index/package_run_dependencies/unique_identifier_msgs
-- Up-to-date symlink: /root/catkin_ws/install/unique_identifier_msgs/share/ament_index/resource_index/parent_prefix_path/unique_identifier_msgs
-- Up-to-date symlink: /root/catkin_ws/install/unique_identifier_msgs/share/unique_identifier_msgs/environment/ament_prefix_path.sh
-- Up-to-date symlink: /root/catkin_ws/install/unique_identifier_msgs/share/unique_identifier_msgs/environment/ament_prefix_path.dsv
-- Up-to-date symlink: /root/catkin_ws/install/unique_identifier_msgs/share/unique_identifier_msgs/environment/path.sh
-- Up-to-date symlink: /root/catkin_ws/install/unique_identifier_msgs/share/unique_identifier_msgs/environment/path.dsv
-- Up-to-date symlink: /root/catkin_ws/install/unique_identifier_msgs/share/unique_identifier_msgs/local_setup.bash
-- Up-to-date symlink: /root/catkin_ws/install/unique_identifier_msgs/share/unique_identifier_msgs/local_setup.sh
-- Up-to-date symlink: /root/catkin_ws/install/unique_identifier_msgs/share/unique_identifier_msgs/local_setup.zsh
-- Up-to-date symlink: /root/catkin_ws/install/unique_identifier_msgs/share/unique_identifier_msgs/local_setup.dsv
-- Symlinking: /root/catkin_ws/install/unique_identifier_msgs/share/unique_identifier_msgs/package.dsv
-- Up-to-date symlink: /root/catkin_ws/install/unique_identifier_msgs/share/ament_index/resource_index/packages/unique_identifier_msgs
-- Up-to-date symlink: /root/catkin_ws/install/unique_identifier_msgs/share/unique_identifier_msgs/cmake/rosidl_cmake-extras.cmake
-- Up-to-date symlink: /root/catkin_ws/install/unique_identifier_msgs/share/unique_identifier_msgs/cmake/ament_cmake_export_dependencies-extras.cmake
-- Up-to-date symlink: /root/catkin_ws/install/unique_identifier_msgs/share/unique_identifier_msgs/cmake/ament_cmake_export_libraries-extras.cmake
-- Up-to-date symlink: /root/catkin_ws/install/unique_identifier_msgs/share/unique_identifier_msgs/cmake/ament_cmake_export_targets-extras.cmake
-- Up-to-date symlink: /root/catkin_ws/install/unique_identifier_msgs/share/unique_identifier_msgs/cmake/ament_cmake_export_include_directories-extras.cmake
-- Up-to-date symlink: /root/catkin_ws/install/unique_identifier_msgs/share/unique_identifier_msgs/cmake/rosidl_cmake_export_typesupport_libraries-extras.cmake
-- Up-to-date symlink: /root/catkin_ws/install/unique_identifier_msgs/share/unique_identifier_msgs/cmake/rosidl_cmake_export_typesupport_targets-extras.cmake
-- Up-to-date symlink: /root/catkin_ws/install/unique_identifier_msgs/share/unique_identifier_msgs/cmake/unique_identifier_msgsConfig.cmake
-- Up-to-date symlink: /root/catkin_ws/install/unique_identifier_msgs/share/unique_identifier_msgs/cmake/unique_identifier_msgsConfig-version.cmake
-- Up-to-date symlink: /root/catkin_ws/install/unique_identifier_msgs/share/unique_identifier_msgs/package.xml
-- Up-to-date symlink: /root/catkin_ws/install/unique_identifier_msgs/share/unique_identifier_msgs/mapping_rules.yaml
-- Up-to-date: /root/catkin_ws/install/unique_identifier_msgs/lib/libunique_identifier_msgs__rosidl_generator_c.so
-- Up-to-date: /root/catkin_ws/install/unique_identifier_msgs/lib/libunique_identifier_msgs__rosidl_typesupport_introspection_c.so
-- Up-to-date: /root/catkin_ws/install/unique_identifier_msgs/lib/libunique_identifier_msgs__rosidl_typesupport_c.so
-- Up-to-date: /root/catkin_ws/install/unique_identifier_msgs/lib/libunique_identifier_msgs__rosidl_typesupport_introspection_cpp.so
-- Up-to-date: /root/catkin_ws/install/unique_identifier_msgs/lib/libunique_identifier_msgs__rosidl_typesupport_cpp.so
Compiling '/root/catkin_ws/install/unique_identifier_msgs/lib/python3.8/site-packages/unique_identifier_msgs/__init__.py'...
-- Up-to-date: /root/catkin_ws/install/unique_identifier_msgs/share/unique_identifier_msgs/cmake/unique_identifier_msgs__rosidl_generator_cExport.cmake
-- Installing: /root/catkin_ws/install/unique_identifier_msgs/share/unique_identifier_msgs/cmake/unique_identifier_msgs__rosidl_generator_cExport-noconfig.cmake
-- Up-to-date: /root/catkin_ws/install/unique_identifier_msgs/share/unique_identifier_msgs/cmake/unique_identifier_msgs__rosidl_typesupport_introspection_cExport.cmake
-- Installing: /root/catkin_ws/install/unique_identifier_msgs/share/unique_identifier_msgs/cmake/unique_identifier_msgs__rosidl_typesupport_introspection_cExport-noconfig.cmake
-- Up-to-date: /root/catkin_ws/install/unique_identifier_msgs/share/unique_identifier_msgs/cmake/unique_identifier_msgs__rosidl_typesupport_cExport.cmake
-- Installing: /root/catkin_ws/install/unique_identifier_msgs/share/unique_identifier_msgs/cmake/unique_identifier_msgs__rosidl_typesupport_cExport-noconfig.cmake
-- Up-to-date: /root/catkin_ws/install/unique_identifier_msgs/share/unique_identifier_msgs/cmake/unique_identifier_msgs__rosidl_generator_cppExport.cmake
-- Up-to-date: /root/catkin_ws/install/unique_identifier_msgs/share/unique_identifier_msgs/cmake/unique_identifier_msgs__rosidl_typesupport_introspection_cppExport.cmake
-- Installing: /root/catkin_ws/install/unique_identifier_msgs/share/unique_identifier_msgs/cmake/unique_identifier_msgs__rosidl_typesupport_introspection_cppExport-noconfig.cmake
-- Up-to-date: /root/catkin_ws/install/unique_identifier_msgs/share/unique_identifier_msgs/cmake/unique_identifier_msgs__rosidl_typesupport_cppExport.cmake
-- Installing: /root/catkin_ws/install/unique_identifier_msgs/share/unique_identifier_msgs/cmake/unique_identifier_msgs__rosidl_typesupport_cppExport-noconfig.cmake
