[0.139s] Invoking command in '/root/catkin_ws/build/unique_identifier_msgs': CMAKE_PREFIX_PATH=${CMAKE_PREFIX_PATH}:/root/catkin_ws/install/topic_service_action_rclpy_example:/root/catkin_ws/install/time_rclpy_example:/root/catkin_ws/install/tf2_rclpy_example:/root/catkin_ws/install/sensor_msgs_py:/root/catkin_ws/install/omo_r1mini_teleop:/root/catkin_ws/install/omo_r1mini_bringup:/root/catkin_ws/install/my_first_ros_rclpy_pkg:/root/catkin_ws/install/logging_rclpy_example:/root/catkin_ws/install/iahrs_driver:/root/catkin_ws/install/ros2env:/root/install/topic_service_action_rclpy_example:/root/install/time_rclpy_example:/root/install/tf2_rclpy_example:/root/install/ros2env:/root/install/omo_r1mini_teleop:/root/install/omo_r1mini_bringup:/root/install/my_first_ros_rclpy_pkg:/root/install/logging_rclpy_example:/opt/ros/foxy /usr/bin/cmake --build /root/catkin_ws/build/unique_identifier_msgs -- -j12 -l12
[0.178s] -- Found ament_cmake: 0.9.11 (/opt/ros/foxy/share/ament_cmake/cmake)
[0.308s] -- Found PythonInterp: /usr/bin/python3 (found suitable version "3.8.10", minimum required is "3") 
[0.308s] -- Using PYTHON_EXECUTABLE: /usr/bin/python3
[0.644s] -- Override CMake install command with custom implementation using symlinks instead of copying resources
[0.652s] -- Found rosidl_default_generators: 1.0.1 (/opt/ros/foxy/share/rosidl_default_generators/cmake)
[0.670s] -- Using all available rosidl_typesupport_c: rosidl_typesupport_microxrcedds_c;rosidl_typesupport_fastrtps_c;rosidl_typesupport_introspection_c
[0.679s] -- Found rosidl_adapter: 1.3.0 (/opt/ros/foxy/share/rosidl_adapter/cmake)
[0.920s] -- Using all available rosidl_typesupport_cpp: rosidl_typesupport_microxrcedds_cpp;rosidl_typesupport_fastrtps_cpp;rosidl_typesupport_introspection_cpp
[1.042s] -- Found PythonInterp: /usr/bin/python3 (found version "3.8.10") 
[1.320s] -- Found ament_cmake_ros: 0.9.2 (/opt/ros/foxy/share/ament_cmake_ros/cmake)
[1.677s] -- Using all available rosidl_typesupport_c: rosidl_typesupport_microxrcedds_c;rosidl_typesupport_fastrtps_c;rosidl_typesupport_introspection_c
[1.713s] -- Using all available rosidl_typesupport_cpp: rosidl_typesupport_microxrcedds_cpp;rosidl_typesupport_fastrtps_cpp;rosidl_typesupport_introspection_cpp
[1.839s] -- Found PythonInterp: /usr/bin/python3 (found suitable version "3.8.10", minimum required is "3.5") 
[1.839s] -- Found python_cmake_module: 0.8.1 (/opt/ros/foxy/share/python_cmake_module/cmake)
[1.926s] -- Using PYTHON_EXECUTABLE: /usr/bin/python3
[1.926s] -- Using PYTHON_INCLUDE_DIRS: /usr/include/python3.8
[1.927s] -- Using PYTHON_LIBRARIES: /usr/lib/x86_64-linux-gnu/libpython3.8.so
[2.047s] -- Configuring done
[2.106s] -- Generating done
[2.126s] -- Build files have been written to: /root/catkin_ws/build/unique_identifier_msgs
[2.313s] [  2%] Built target unique_identifier_msgs__cpp
[2.379s] [ 10%] Built target unique_identifier_msgs__rosidl_generator_c
[2.469s] [ 17%] Built target unique_identifier_msgs__rosidl_typesupport_cpp
[2.475s] [ 25%] Built target unique_identifier_msgs__rosidl_typesupport_introspection_cpp
[2.510s] [ 33%] Built target unique_identifier_msgs__rosidl_typesupport_fastrtps_cpp
[2.521s] [ 41%] Built target unique_identifier_msgs__rosidl_typesupport_microxrcedds_cpp
[2.536s] [ 48%] Built target unique_identifier_msgs__rosidl_typesupport_c
[2.540s] [ 56%] Built target unique_identifier_msgs__rosidl_typesupport_microxrcedds_c
[2.553s] [ 64%] Built target unique_identifier_msgs__rosidl_typesupport_introspection_c
[2.633s] [ 71%] Built target unique_identifier_msgs__rosidl_typesupport_fastrtps_c
[2.711s] [ 71%] Built target unique_identifier_msgs
[2.789s] [ 74%] Built target unique_identifier_msgs__py
[2.899s] [ 79%] Built target unique_identifier_msgs__python
[3.000s] [ 84%] Built target unique_identifier_msgs__rosidl_typesupport_c__pyext
[3.020s] [ 89%] Built target unique_identifier_msgs__rosidl_typesupport_introspection_c__pyext
[3.042s] [ 94%] Built target unique_identifier_msgs__rosidl_typesupport_fastrtps_c__pyext
[3.063s] [100%] Built target unique_identifier_msgs__rosidl_typesupport_microxrcedds_c__pyext
[3.182s] Invoked command in '/root/catkin_ws/build/unique_identifier_msgs' returned '0': CMAKE_PREFIX_PATH=${CMAKE_PREFIX_PATH}:/root/catkin_ws/install/topic_service_action_rclpy_example:/root/catkin_ws/install/time_rclpy_example:/root/catkin_ws/install/tf2_rclpy_example:/root/catkin_ws/install/sensor_msgs_py:/root/catkin_ws/install/omo_r1mini_teleop:/root/catkin_ws/install/omo_r1mini_bringup:/root/catkin_ws/install/my_first_ros_rclpy_pkg:/root/catkin_ws/install/logging_rclpy_example:/root/catkin_ws/install/iahrs_driver:/root/catkin_ws/install/ros2env:/root/install/topic_service_action_rclpy_example:/root/install/time_rclpy_example:/root/install/tf2_rclpy_example:/root/install/ros2env:/root/install/omo_r1mini_teleop:/root/install/omo_r1mini_bringup:/root/install/my_first_ros_rclpy_pkg:/root/install/logging_rclpy_example:/opt/ros/foxy /usr/bin/cmake --build /root/catkin_ws/build/unique_identifier_msgs -- -j12 -l12
[3.521s] Invoking command in '/root/catkin_ws/build/unique_identifier_msgs': CMAKE_PREFIX_PATH=${CMAKE_PREFIX_PATH}:/root/catkin_ws/install/topic_service_action_rclpy_example:/root/catkin_ws/install/time_rclpy_example:/root/catkin_ws/install/tf2_rclpy_example:/root/catkin_ws/install/sensor_msgs_py:/root/catkin_ws/install/omo_r1mini_teleop:/root/catkin_ws/install/omo_r1mini_bringup:/root/catkin_ws/install/my_first_ros_rclpy_pkg:/root/catkin_ws/install/logging_rclpy_example:/root/catkin_ws/install/iahrs_driver:/root/catkin_ws/install/ros2env:/root/install/topic_service_action_rclpy_example:/root/install/time_rclpy_example:/root/install/tf2_rclpy_example:/root/install/ros2env:/root/install/omo_r1mini_teleop:/root/install/omo_r1mini_bringup:/root/install/my_first_ros_rclpy_pkg:/root/install/logging_rclpy_example:/opt/ros/foxy /usr/bin/cmake --install /root/catkin_ws/build/unique_identifier_msgs
[3.554s] -- Install configuration: ""
[3.563s] -- Execute custom install script
[3.564s] -- Up-to-date symlink: /root/catkin_ws/install/unique_identifier_msgs/share/ament_index/resource_index/rosidl_interfaces/unique_identifier_msgs
[3.564s] -- Up-to-date symlink: /root/catkin_ws/install/unique_identifier_msgs/include/unique_identifier_msgs/msg/detail/uuid__functions.h
[3.564s] -- Up-to-date symlink: /root/catkin_ws/install/unique_identifier_msgs/include/unique_identifier_msgs/msg/detail/uuid__struct.h
[3.564s] -- Up-to-date symlink: /root/catkin_ws/install/unique_identifier_msgs/include/unique_identifier_msgs/msg/detail/uuid__type_support.h
[3.564s] -- Up-to-date symlink: /root/catkin_ws/install/unique_identifier_msgs/include/unique_identifier_msgs/msg/rosidl_generator_c__visibility_control.h
[3.564s] -- Up-to-date symlink: /root/catkin_ws/install/unique_identifier_msgs/include/unique_identifier_msgs/msg/uuid.h
[3.564s] -- Up-to-date symlink: /root/catkin_ws/install/unique_identifier_msgs/share/unique_identifier_msgs/environment/library_path.sh
[3.564s] -- Up-to-date symlink: /root/catkin_ws/install/unique_identifier_msgs/share/unique_identifier_msgs/environment/library_path.dsv
[3.565s] -- Up-to-date symlink: /root/catkin_ws/install/unique_identifier_msgs/include/unique_identifier_msgs/msg/detail/uuid__rosidl_typesupport_microxrcedds_c.h
[3.565s] -- Up-to-date symlink: /root/catkin_ws/install/unique_identifier_msgs/include/unique_identifier_msgs/msg/rosidl_typesupport_microxrcedds_c__visibility_control.h
[3.565s] -- Up-to-date symlink: /root/catkin_ws/install/unique_identifier_msgs/lib/libunique_identifier_msgs__rosidl_typesupport_microxrcedds_c.so
[3.565s] -- Up-to-date symlink: /root/catkin_ws/install/unique_identifier_msgs/include/unique_identifier_msgs/msg/detail/uuid__rosidl_typesupport_fastrtps_c.h
[3.565s] -- Up-to-date symlink: /root/catkin_ws/install/unique_identifier_msgs/include/unique_identifier_msgs/msg/rosidl_typesupport_fastrtps_c__visibility_control.h
[3.565s] -- Up-to-date symlink: /root/catkin_ws/install/unique_identifier_msgs/lib/libunique_identifier_msgs__rosidl_typesupport_fastrtps_c.so
[3.565s] -- Up-to-date symlink: /root/catkin_ws/install/unique_identifier_msgs/include/unique_identifier_msgs/msg/detail/uuid__rosidl_typesupport_fastrtps_cpp.hpp
[3.565s] -- Up-to-date symlink: /root/catkin_ws/install/unique_identifier_msgs/include/unique_identifier_msgs/msg/rosidl_typesupport_fastrtps_cpp__visibility_control.h
[3.566s] -- Up-to-date symlink: /root/catkin_ws/install/unique_identifier_msgs/lib/libunique_identifier_msgs__rosidl_typesupport_fastrtps_cpp.so
[3.566s] -- Up-to-date symlink: /root/catkin_ws/install/unique_identifier_msgs/include/unique_identifier_msgs/msg/detail/uuid__rosidl_typesupport_introspection_c.h
[3.566s] -- Up-to-date symlink: /root/catkin_ws/install/unique_identifier_msgs/include/unique_identifier_msgs/msg/rosidl_typesupport_introspection_c__visibility_control.h
[3.567s] -- Up-to-date symlink: /root/catkin_ws/install/unique_identifier_msgs/include/unique_identifier_msgs/msg/detail/uuid__builder.hpp
[3.567s] -- Up-to-date symlink: /root/catkin_ws/install/unique_identifier_msgs/include/unique_identifier_msgs/msg/detail/uuid__struct.hpp
[3.567s] -- Up-to-date symlink: /root/catkin_ws/install/unique_identifier_msgs/include/unique_identifier_msgs/msg/detail/uuid__traits.hpp
[3.567s] -- Up-to-date symlink: /root/catkin_ws/install/unique_identifier_msgs/include/unique_identifier_msgs/msg/uuid.hpp
[3.567s] -- Up-to-date symlink: /root/catkin_ws/install/unique_identifier_msgs/include/unique_identifier_msgs/msg/detail/microxrcedds/uuid__type_support_cpp.cpp
[3.567s] -- Up-to-date symlink: /root/catkin_ws/install/unique_identifier_msgs/include/unique_identifier_msgs/msg/detail/uuid__rosidl_typesupport_microxrcedds_cpp.hpp
[3.568s] -- Up-to-date symlink: /root/catkin_ws/install/unique_identifier_msgs/include/unique_identifier_msgs/msg/rosidl_typesupport_microxrcedds_cpp__visibility_control.h
[3.568s] -- Up-to-date symlink: /root/catkin_ws/install/unique_identifier_msgs/lib/libunique_identifier_msgs__rosidl_typesupport_microxrcedds_cpp.so
[3.569s] -- Up-to-date symlink: /root/catkin_ws/install/unique_identifier_msgs/include/unique_identifier_msgs/msg/detail/uuid__rosidl_typesupport_introspection_cpp.hpp
[3.569s] -- Up-to-date symlink: /root/catkin_ws/install/unique_identifier_msgs/share/unique_identifier_msgs/environment/pythonpath.sh
[3.569s] -- Up-to-date symlink: /root/catkin_ws/install/unique_identifier_msgs/share/unique_identifier_msgs/environment/pythonpath.dsv
[3.569s] -- Up-to-date symlink: /root/catkin_ws/install/unique_identifier_msgs/lib/python3.8/site-packages/unique_identifier_msgs/__init__.py
[3.570s] -- Up-to-date symlink: /root/catkin_ws/install/unique_identifier_msgs/lib/python3.8/site-packages/unique_identifier_msgs/msg/__init__.py
[3.570s] -- Up-to-date symlink: /root/catkin_ws/install/unique_identifier_msgs/lib/python3.8/site-packages/unique_identifier_msgs/msg/_uuid.py
[3.570s] -- Up-to-date symlink: /root/catkin_ws/install/unique_identifier_msgs/lib/python3.8/site-packages/unique_identifier_msgs/unique_identifier_msgs_s__rosidl_typesupport_microxrcedds_c.cpython-38-x86_64-linux-gnu.so
[3.571s] -- Up-to-date symlink: /root/catkin_ws/install/unique_identifier_msgs/lib/python3.8/site-packages/unique_identifier_msgs/unique_identifier_msgs_s__rosidl_typesupport_fastrtps_c.cpython-38-x86_64-linux-gnu.so
[3.571s] -- Up-to-date symlink: /root/catkin_ws/install/unique_identifier_msgs/lib/python3.8/site-packages/unique_identifier_msgs/unique_identifier_msgs_s__rosidl_typesupport_introspection_c.cpython-38-x86_64-linux-gnu.so
[3.571s] -- Up-to-date symlink: /root/catkin_ws/install/unique_identifier_msgs/lib/python3.8/site-packages/unique_identifier_msgs/unique_identifier_msgs_s__rosidl_typesupport_c.cpython-38-x86_64-linux-gnu.so
[3.572s] -- Up-to-date symlink: /root/catkin_ws/install/unique_identifier_msgs/lib/libunique_identifier_msgs__python.so
[3.572s] -- Up-to-date symlink: /root/catkin_ws/install/unique_identifier_msgs/share/unique_identifier_msgs/msg/UUID.idl
[3.572s] -- Up-to-date symlink: /root/catkin_ws/install/unique_identifier_msgs/share/unique_identifier_msgs/msg/UUID.msg
[3.572s] -- Up-to-date symlink: /root/catkin_ws/install/unique_identifier_msgs/share/ament_index/resource_index/package_run_dependencies/unique_identifier_msgs
[3.573s] -- Up-to-date symlink: /root/catkin_ws/install/unique_identifier_msgs/share/ament_index/resource_index/parent_prefix_path/unique_identifier_msgs
[3.573s] -- Up-to-date symlink: /root/catkin_ws/install/unique_identifier_msgs/share/unique_identifier_msgs/environment/ament_prefix_path.sh
[3.573s] -- Up-to-date symlink: /root/catkin_ws/install/unique_identifier_msgs/share/unique_identifier_msgs/environment/ament_prefix_path.dsv
[3.573s] -- Up-to-date symlink: /root/catkin_ws/install/unique_identifier_msgs/share/unique_identifier_msgs/environment/path.sh
[3.574s] -- Up-to-date symlink: /root/catkin_ws/install/unique_identifier_msgs/share/unique_identifier_msgs/environment/path.dsv
[3.575s] -- Up-to-date symlink: /root/catkin_ws/install/unique_identifier_msgs/share/unique_identifier_msgs/local_setup.bash
[3.575s] -- Up-to-date symlink: /root/catkin_ws/install/unique_identifier_msgs/share/unique_identifier_msgs/local_setup.sh
[3.578s] -- Up-to-date symlink: /root/catkin_ws/install/unique_identifier_msgs/share/unique_identifier_msgs/local_setup.zsh
[3.578s] -- Up-to-date symlink: /root/catkin_ws/install/unique_identifier_msgs/share/unique_identifier_msgs/local_setup.dsv
[3.579s] -- Symlinking: /root/catkin_ws/install/unique_identifier_msgs/share/unique_identifier_msgs/package.dsv
[3.601s] -- Up-to-date symlink: /root/catkin_ws/install/unique_identifier_msgs/share/ament_index/resource_index/packages/unique_identifier_msgs
[3.601s] -- Up-to-date symlink: /root/catkin_ws/install/unique_identifier_msgs/share/unique_identifier_msgs/cmake/rosidl_cmake-extras.cmake
[3.602s] -- Up-to-date symlink: /root/catkin_ws/install/unique_identifier_msgs/share/unique_identifier_msgs/cmake/ament_cmake_export_dependencies-extras.cmake
[3.604s] -- Up-to-date symlink: /root/catkin_ws/install/unique_identifier_msgs/share/unique_identifier_msgs/cmake/ament_cmake_export_libraries-extras.cmake
[3.604s] -- Up-to-date symlink: /root/catkin_ws/install/unique_identifier_msgs/share/unique_identifier_msgs/cmake/ament_cmake_export_targets-extras.cmake
[3.605s] -- Up-to-date symlink: /root/catkin_ws/install/unique_identifier_msgs/share/unique_identifier_msgs/cmake/ament_cmake_export_include_directories-extras.cmake
[3.605s] -- Up-to-date symlink: /root/catkin_ws/install/unique_identifier_msgs/share/unique_identifier_msgs/cmake/rosidl_cmake_export_typesupport_libraries-extras.cmake
[3.606s] -- Up-to-date symlink: /root/catkin_ws/install/unique_identifier_msgs/share/unique_identifier_msgs/cmake/rosidl_cmake_export_typesupport_targets-extras.cmake
[3.607s] -- Up-to-date symlink: /root/catkin_ws/install/unique_identifier_msgs/share/unique_identifier_msgs/cmake/unique_identifier_msgsConfig.cmake
[3.607s] -- Up-to-date symlink: /root/catkin_ws/install/unique_identifier_msgs/share/unique_identifier_msgs/cmake/unique_identifier_msgsConfig-version.cmake
[3.608s] -- Up-to-date symlink: /root/catkin_ws/install/unique_identifier_msgs/share/unique_identifier_msgs/package.xml
[3.608s] -- Up-to-date symlink: /root/catkin_ws/install/unique_identifier_msgs/share/unique_identifier_msgs/mapping_rules.yaml
[3.608s] -- Up-to-date: /root/catkin_ws/install/unique_identifier_msgs/lib/libunique_identifier_msgs__rosidl_generator_c.so
[3.609s] -- Up-to-date: /root/catkin_ws/install/unique_identifier_msgs/lib/libunique_identifier_msgs__rosidl_typesupport_introspection_c.so
[3.609s] -- Up-to-date: /root/catkin_ws/install/unique_identifier_msgs/lib/libunique_identifier_msgs__rosidl_typesupport_c.so
[3.610s] -- Up-to-date: /root/catkin_ws/install/unique_identifier_msgs/lib/libunique_identifier_msgs__rosidl_typesupport_introspection_cpp.so
[3.610s] -- Up-to-date: /root/catkin_ws/install/unique_identifier_msgs/lib/libunique_identifier_msgs__rosidl_typesupport_cpp.so
[3.765s] Compiling '/root/catkin_ws/install/unique_identifier_msgs/lib/python3.8/site-packages/unique_identifier_msgs/__init__.py'...
[3.771s] -- Up-to-date: /root/catkin_ws/install/unique_identifier_msgs/share/unique_identifier_msgs/cmake/unique_identifier_msgs__rosidl_generator_cExport.cmake
[3.772s] -- Installing: /root/catkin_ws/install/unique_identifier_msgs/share/unique_identifier_msgs/cmake/unique_identifier_msgs__rosidl_generator_cExport-noconfig.cmake
[3.773s] -- Up-to-date: /root/catkin_ws/install/unique_identifier_msgs/share/unique_identifier_msgs/cmake/unique_identifier_msgs__rosidl_typesupport_introspection_cExport.cmake
[3.773s] -- Installing: /root/catkin_ws/install/unique_identifier_msgs/share/unique_identifier_msgs/cmake/unique_identifier_msgs__rosidl_typesupport_introspection_cExport-noconfig.cmake
[3.774s] -- Up-to-date: /root/catkin_ws/install/unique_identifier_msgs/share/unique_identifier_msgs/cmake/unique_identifier_msgs__rosidl_typesupport_cExport.cmake
[3.777s] -- Installing: /root/catkin_ws/install/unique_identifier_msgs/share/unique_identifier_msgs/cmake/unique_identifier_msgs__rosidl_typesupport_cExport-noconfig.cmake
[3.777s] -- Up-to-date: /root/catkin_ws/install/unique_identifier_msgs/share/unique_identifier_msgs/cmake/unique_identifier_msgs__rosidl_generator_cppExport.cmake
[3.778s] -- Up-to-date: /root/catkin_ws/install/unique_identifier_msgs/share/unique_identifier_msgs/cmake/unique_identifier_msgs__rosidl_typesupport_introspection_cppExport.cmake
[3.778s] -- Installing: /root/catkin_ws/install/unique_identifier_msgs/share/unique_identifier_msgs/cmake/unique_identifier_msgs__rosidl_typesupport_introspection_cppExport-noconfig.cmake
[3.778s] -- Up-to-date: /root/catkin_ws/install/unique_identifier_msgs/share/unique_identifier_msgs/cmake/unique_identifier_msgs__rosidl_typesupport_cppExport.cmake
[3.786s] -- Installing: /root/catkin_ws/install/unique_identifier_msgs/share/unique_identifier_msgs/cmake/unique_identifier_msgs__rosidl_typesupport_cppExport-noconfig.cmake
[3.845s] Invoked command in '/root/catkin_ws/build/unique_identifier_msgs' returned '0': CMAKE_PREFIX_PATH=${CMAKE_PREFIX_PATH}:/root/catkin_ws/install/topic_service_action_rclpy_example:/root/catkin_ws/install/time_rclpy_example:/root/catkin_ws/install/tf2_rclpy_example:/root/catkin_ws/install/sensor_msgs_py:/root/catkin_ws/install/omo_r1mini_teleop:/root/catkin_ws/install/omo_r1mini_bringup:/root/catkin_ws/install/my_first_ros_rclpy_pkg:/root/catkin_ws/install/logging_rclpy_example:/root/catkin_ws/install/iahrs_driver:/root/catkin_ws/install/ros2env:/root/install/topic_service_action_rclpy_example:/root/install/time_rclpy_example:/root/install/tf2_rclpy_example:/root/install/ros2env:/root/install/omo_r1mini_teleop:/root/install/omo_r1mini_bringup:/root/install/my_first_ros_rclpy_pkg:/root/install/logging_rclpy_example:/opt/ros/foxy /usr/bin/cmake --install /root/catkin_ws/build/unique_identifier_msgs
