running develop
Removing /root/catkin_ws/install/omo_r1mini_bringup/lib/python3.8/site-packages/omo-r1mini-bringup.egg-link (link to .)
running egg_info
writing ../../../build/omo_r1mini_bringup/omo_r1mini_bringup.egg-info/PKG-INFO
writing dependency_links to ../../../build/omo_r1mini_bringup/omo_r1mini_bringup.egg-info/dependency_links.txt
writing entry points to ../../../build/omo_r1mini_bringup/omo_r1mini_bringup.egg-info/entry_points.txt
writing requirements to ../../../build/omo_r1mini_bringup/omo_r1mini_bringup.egg-info/requires.txt
writing top-level names to ../../../build/omo_r1mini_bringup/omo_r1mini_bringup.egg-info/top_level.txt
reading manifest file '../../../build/omo_r1mini_bringup/omo_r1mini_bringup.egg-info/SOURCES.txt'
writing manifest file '../../../build/omo_r1mini_bringup/omo_r1mini_bringup.egg-info/SOURCES.txt'
running build
running build_py
creating /root/catkin_ws/build/omo_r1mini_bringup/build
creating /root/catkin_ws/build/omo_r1mini_bringup/build/lib
creating /root/catkin_ws/build/omo_r1mini_bringup/build/lib/omo_r1mini_bringup
copying omo_r1mini_bringup/__init__.py -> /root/catkin_ws/build/omo_r1mini_bringup/build/lib/omo_r1mini_bringup
creating /root/catkin_ws/build/omo_r1mini_bringup/build/lib/omo_r1mini_bringup/scripts
copying omo_r1mini_bringup/scripts/omo_r1mini_mcu_node.py -> /root/catkin_ws/build/omo_r1mini_bringup/build/lib/omo_r1mini_bringup/scripts
copying omo_r1mini_bringup/scripts/omo_r1mini_imu_node.py -> /root/catkin_ws/build/omo_r1mini_bringup/build/lib/omo_r1mini_bringup/scripts
copying omo_r1mini_bringup/scripts/omo_r1mini_motor_setting_node.py -> /root/catkin_ws/build/omo_r1mini_bringup/build/lib/omo_r1mini_bringup/scripts
copying omo_r1mini_bringup/scripts/omo_packet_handler.py -> /root/catkin_ws/build/omo_r1mini_bringup/build/lib/omo_r1mini_bringup/scripts
copying omo_r1mini_bringup/scripts/__init__.py -> /root/catkin_ws/build/omo_r1mini_bringup/build/lib/omo_r1mini_bringup/scripts
creating /root/catkin_ws/build/omo_r1mini_bringup/build/lib/omo_r1mini_bringup/scripts/driver
copying omo_r1mini_bringup/scripts/driver/packet.py -> /root/catkin_ws/build/omo_r1mini_bringup/build/lib/omo_r1mini_bringup/scripts/driver
copying omo_r1mini_bringup/scripts/driver/template.py -> /root/catkin_ws/build/omo_r1mini_bringup/build/lib/omo_r1mini_bringup/scripts/driver
copying omo_r1mini_bringup/scripts/driver/port.py -> /root/catkin_ws/build/omo_r1mini_bringup/build/lib/omo_r1mini_bringup/scripts/driver
copying omo_r1mini_bringup/scripts/driver/__init__.py -> /root/catkin_ws/build/omo_r1mini_bringup/build/lib/omo_r1mini_bringup/scripts/driver
creating /root/catkin_ws/build/omo_r1mini_bringup/build/lib/omo_r1mini_bringup/scripts/calc
copying omo_r1mini_bringup/scripts/calc/quaternion_from_euler.py -> /root/catkin_ws/build/omo_r1mini_bringup/build/lib/omo_r1mini_bringup/scripts/calc
copying omo_r1mini_bringup/scripts/calc/__init__.py -> /root/catkin_ws/build/omo_r1mini_bringup/build/lib/omo_r1mini_bringup/scripts/calc
running install
running install_lib
creating /root/catkin_ws/install/omo_r1mini_bringup/lib/python3.8/site-packages/omo_r1mini_bringup
creating /root/catkin_ws/install/omo_r1mini_bringup/lib/python3.8/site-packages/omo_r1mini_bringup/scripts
copying /root/catkin_ws/build/omo_r1mini_bringup/build/lib/omo_r1mini_bringup/scripts/omo_r1mini_mcu_node.py -> /root/catkin_ws/install/omo_r1mini_bringup/lib/python3.8/site-packages/omo_r1mini_bringup/scripts
copying /root/catkin_ws/build/omo_r1mini_bringup/build/lib/omo_r1mini_bringup/scripts/omo_r1mini_imu_node.py -> /root/catkin_ws/install/omo_r1mini_bringup/lib/python3.8/site-packages/omo_r1mini_bringup/scripts
creating /root/catkin_ws/install/omo_r1mini_bringup/lib/python3.8/site-packages/omo_r1mini_bringup/scripts/driver
copying /root/catkin_ws/build/omo_r1mini_bringup/build/lib/omo_r1mini_bringup/scripts/driver/packet.py -> /root/catkin_ws/install/omo_r1mini_bringup/lib/python3.8/site-packages/omo_r1mini_bringup/scripts/driver
copying /root/catkin_ws/build/omo_r1mini_bringup/build/lib/omo_r1mini_bringup/scripts/driver/template.py -> /root/catkin_ws/install/omo_r1mini_bringup/lib/python3.8/site-packages/omo_r1mini_bringup/scripts/driver
copying /root/catkin_ws/build/omo_r1mini_bringup/build/lib/omo_r1mini_bringup/scripts/driver/port.py -> /root/catkin_ws/install/omo_r1mini_bringup/lib/python3.8/site-packages/omo_r1mini_bringup/scripts/driver
copying /root/catkin_ws/build/omo_r1mini_bringup/build/lib/omo_r1mini_bringup/scripts/driver/__init__.py -> /root/catkin_ws/install/omo_r1mini_bringup/lib/python3.8/site-packages/omo_r1mini_bringup/scripts/driver
copying /root/catkin_ws/build/omo_r1mini_bringup/build/lib/omo_r1mini_bringup/scripts/omo_r1mini_motor_setting_node.py -> /root/catkin_ws/install/omo_r1mini_bringup/lib/python3.8/site-packages/omo_r1mini_bringup/scripts
creating /root/catkin_ws/install/omo_r1mini_bringup/lib/python3.8/site-packages/omo_r1mini_bringup/scripts/calc
copying /root/catkin_ws/build/omo_r1mini_bringup/build/lib/omo_r1mini_bringup/scripts/calc/quaternion_from_euler.py -> /root/catkin_ws/install/omo_r1mini_bringup/lib/python3.8/site-packages/omo_r1mini_bringup/scripts/calc
copying /root/catkin_ws/build/omo_r1mini_bringup/build/lib/omo_r1mini_bringup/scripts/calc/__init__.py -> /root/catkin_ws/install/omo_r1mini_bringup/lib/python3.8/site-packages/omo_r1mini_bringup/scripts/calc
copying /root/catkin_ws/build/omo_r1mini_bringup/build/lib/omo_r1mini_bringup/scripts/omo_packet_handler.py -> /root/catkin_ws/install/omo_r1mini_bringup/lib/python3.8/site-packages/omo_r1mini_bringup/scripts
copying /root/catkin_ws/build/omo_r1mini_bringup/build/lib/omo_r1mini_bringup/scripts/__init__.py -> /root/catkin_ws/install/omo_r1mini_bringup/lib/python3.8/site-packages/omo_r1mini_bringup/scripts
copying /root/catkin_ws/build/omo_r1mini_bringup/build/lib/omo_r1mini_bringup/__init__.py -> /root/catkin_ws/install/omo_r1mini_bringup/lib/python3.8/site-packages/omo_r1mini_bringup
byte-compiling /root/catkin_ws/install/omo_r1mini_bringup/lib/python3.8/site-packages/omo_r1mini_bringup/scripts/omo_r1mini_mcu_node.py to omo_r1mini_mcu_node.cpython-38.pyc
byte-compiling /root/catkin_ws/install/omo_r1mini_bringup/lib/python3.8/site-packages/omo_r1mini_bringup/scripts/omo_r1mini_imu_node.py to omo_r1mini_imu_node.cpython-38.pyc
byte-compiling /root/catkin_ws/install/omo_r1mini_bringup/lib/python3.8/site-packages/omo_r1mini_bringup/scripts/driver/packet.py to packet.cpython-38.pyc
byte-compiling /root/catkin_ws/install/omo_r1mini_bringup/lib/python3.8/site-packages/omo_r1mini_bringup/scripts/driver/template.py to template.cpython-38.pyc
byte-compiling /root/catkin_ws/install/omo_r1mini_bringup/lib/python3.8/site-packages/omo_r1mini_bringup/scripts/driver/port.py to port.cpython-38.pyc
byte-compiling /root/catkin_ws/install/omo_r1mini_bringup/lib/python3.8/site-packages/omo_r1mini_bringup/scripts/driver/__init__.py to __init__.cpython-38.pyc
byte-compiling /root/catkin_ws/install/omo_r1mini_bringup/lib/python3.8/site-packages/omo_r1mini_bringup/scripts/omo_r1mini_motor_setting_node.py to omo_r1mini_motor_setting_node.cpython-38.pyc
byte-compiling /root/catkin_ws/install/omo_r1mini_bringup/lib/python3.8/site-packages/omo_r1mini_bringup/scripts/calc/quaternion_from_euler.py to quaternion_from_euler.cpython-38.pyc
byte-compiling /root/catkin_ws/install/omo_r1mini_bringup/lib/python3.8/site-packages/omo_r1mini_bringup/scripts/calc/__init__.py to __init__.cpython-38.pyc
byte-compiling /root/catkin_ws/install/omo_r1mini_bringup/lib/python3.8/site-packages/omo_r1mini_bringup/scripts/omo_packet_handler.py to omo_packet_handler.cpython-38.pyc
byte-compiling /root/catkin_ws/install/omo_r1mini_bringup/lib/python3.8/site-packages/omo_r1mini_bringup/scripts/__init__.py to __init__.cpython-38.pyc
byte-compiling /root/catkin_ws/install/omo_r1mini_bringup/lib/python3.8/site-packages/omo_r1mini_bringup/__init__.py to __init__.cpython-38.pyc
running install_data
running install_egg_info
Copying ../../../build/omo_r1mini_bringup/omo_r1mini_bringup.egg-info to /root/catkin_ws/install/omo_r1mini_bringup/lib/python3.8/site-packages/omo_r1mini_bringup-0.0.1-py3.8.egg-info
running install_scripts
Installing omo_r1mini_imu_node script to /root/catkin_ws/install/omo_r1mini_bringup/lib/omo_r1mini_bringup
Installing omo_r1mini_mcu_node script to /root/catkin_ws/install/omo_r1mini_bringup/lib/omo_r1mini_bringup
Installing omo_r1mini_motor_setting_node script to /root/catkin_ws/install/omo_r1mini_bringup/lib/omo_r1mini_bringup
writing list of installed files to '/root/catkin_ws/build/omo_r1mini_bringup/install.log'
