[0.173s] Invoking command in '/root/catkin_ws/build/msg_srv_action_interface_example': CMAKE_PREFIX_PATH=${CMAKE_PREFIX_PATH}:/root/catkin_ws/install/topic_service_action_rclpy_example:/root/catkin_ws/install/time_rclpy_example:/root/catkin_ws/install/tf2_rclpy_example:/root/catkin_ws/install/ros2env:/root/catkin_ws/install/omo_r1mini_teleop:/root/catkin_ws/install/omo_r1mini_bringup:/root/catkin_ws/install/my_first_ros_rclpy_pkg:/root/catkin_ws/install/logging_rclpy_example:/root/catkin_ws/install/iahrs_driver:/root/install/topic_service_action_rclpy_example:/root/install/time_rclpy_example:/root/install/tf2_rclpy_example:/root/install/ros2env:/root/install/omo_r1mini_teleop:/root/install/omo_r1mini_bringup:/root/install/my_first_ros_rclpy_pkg:/root/install/logging_rclpy_example:/root/catkin_ws/src/install/topic_service_action_rclpy_example:/root/catkin_ws/src/install/time_rclpy_example:/root/catkin_ws/src/install/tf2_rclpy_example:/root/catkin_ws/src/install/ros2env:/root/catkin_ws/src/install/omo_r1mini_teleop:/root/catkin_ws/src/install/omo_r1mini_bringup:/root/catkin_ws/src/install/my_first_ros_rclpy_pkg:/root/catkin_ws/src/install/logging_rclpy_example:/opt/ros/foxy /usr/bin/cmake --build /root/catkin_ws/build/msg_srv_action_interface_example -- -j12 -l12
[1.087s] [  2%] Built target msg_srv_action_interface_example__cpp
[1.087s] [ 12%] Built target msg_srv_action_interface_example__rosidl_generator_c
[1.087s] [ 23%] Built target msg_srv_action_interface_example__rosidl_typesupport_introspection_cpp
[1.087s] [ 34%] Built target msg_srv_action_interface_example__rosidl_typesupport_cpp
[1.089s] [ 44%] Built target msg_srv_action_interface_example__rosidl_typesupport_c
[1.091s] [ 55%] Built target msg_srv_action_interface_example__rosidl_typesupport_fastrtps_cpp
[1.091s] [ 65%] Built target msg_srv_action_interface_example__rosidl_typesupport_introspection_c
[1.092s] [ 76%] Built target msg_srv_action_interface_example__rosidl_typesupport_fastrtps_c
[1.092s] [ 76%] Built target msg_srv_action_interface_example
[1.092s] [ 78%] Built target msg_srv_action_interface_example__py
[1.092s] [ 87%] Built target msg_srv_action_interface_example__python
[1.092s] [ 91%] Built target msg_srv_action_interface_example__rosidl_typesupport_introspection_c__pyext
[1.092s] [ 95%] Built target msg_srv_action_interface_example__rosidl_typesupport_c__pyext
[1.093s] [100%] Built target msg_srv_action_interface_example__rosidl_typesupport_fastrtps_c__pyext
[1.105s] Invoked command in '/root/catkin_ws/build/msg_srv_action_interface_example' returned '0': CMAKE_PREFIX_PATH=${CMAKE_PREFIX_PATH}:/root/catkin_ws/install/topic_service_action_rclpy_example:/root/catkin_ws/install/time_rclpy_example:/root/catkin_ws/install/tf2_rclpy_example:/root/catkin_ws/install/ros2env:/root/catkin_ws/install/omo_r1mini_teleop:/root/catkin_ws/install/omo_r1mini_bringup:/root/catkin_ws/install/my_first_ros_rclpy_pkg:/root/catkin_ws/install/logging_rclpy_example:/root/catkin_ws/install/iahrs_driver:/root/install/topic_service_action_rclpy_example:/root/install/time_rclpy_example:/root/install/tf2_rclpy_example:/root/install/ros2env:/root/install/omo_r1mini_teleop:/root/install/omo_r1mini_bringup:/root/install/my_first_ros_rclpy_pkg:/root/install/logging_rclpy_example:/root/catkin_ws/src/install/topic_service_action_rclpy_example:/root/catkin_ws/src/install/time_rclpy_example:/root/catkin_ws/src/install/tf2_rclpy_example:/root/catkin_ws/src/install/ros2env:/root/catkin_ws/src/install/omo_r1mini_teleop:/root/catkin_ws/src/install/omo_r1mini_bringup:/root/catkin_ws/src/install/my_first_ros_rclpy_pkg:/root/catkin_ws/src/install/logging_rclpy_example:/opt/ros/foxy /usr/bin/cmake --build /root/catkin_ws/build/msg_srv_action_interface_example -- -j12 -l12
[1.346s] Invoking command in '/root/catkin_ws/build/msg_srv_action_interface_example': CMAKE_PREFIX_PATH=${CMAKE_PREFIX_PATH}:/root/catkin_ws/install/topic_service_action_rclpy_example:/root/catkin_ws/install/time_rclpy_example:/root/catkin_ws/install/tf2_rclpy_example:/root/catkin_ws/install/ros2env:/root/catkin_ws/install/omo_r1mini_teleop:/root/catkin_ws/install/omo_r1mini_bringup:/root/catkin_ws/install/my_first_ros_rclpy_pkg:/root/catkin_ws/install/logging_rclpy_example:/root/catkin_ws/install/iahrs_driver:/root/install/topic_service_action_rclpy_example:/root/install/time_rclpy_example:/root/install/tf2_rclpy_example:/root/install/ros2env:/root/install/omo_r1mini_teleop:/root/install/omo_r1mini_bringup:/root/install/my_first_ros_rclpy_pkg:/root/install/logging_rclpy_example:/root/catkin_ws/src/install/topic_service_action_rclpy_example:/root/catkin_ws/src/install/time_rclpy_example:/root/catkin_ws/src/install/tf2_rclpy_example:/root/catkin_ws/src/install/ros2env:/root/catkin_ws/src/install/omo_r1mini_teleop:/root/catkin_ws/src/install/omo_r1mini_bringup:/root/catkin_ws/src/install/my_first_ros_rclpy_pkg:/root/catkin_ws/src/install/logging_rclpy_example:/opt/ros/foxy /usr/bin/cmake --install /root/catkin_ws/build/msg_srv_action_interface_example
[1.359s] -- Install configuration: ""
[1.368s] -- Execute custom install script
[1.369s] -- Up-to-date symlink: /root/catkin_ws/install/msg_srv_action_interface_example/share/ament_index/resource_index/rosidl_interfaces/msg_srv_action_interface_example
[1.371s] -- Up-to-date symlink: /root/catkin_ws/install/msg_srv_action_interface_example/include/msg_srv_action_interface_example/action/arithmetic_checker.h
[1.371s] -- Up-to-date symlink: /root/catkin_ws/install/msg_srv_action_interface_example/include/msg_srv_action_interface_example/action/detail/arithmetic_checker__functions.h
[1.371s] -- Up-to-date symlink: /root/catkin_ws/install/msg_srv_action_interface_example/include/msg_srv_action_interface_example/action/detail/arithmetic_checker__struct.h
[1.371s] -- Up-to-date symlink: /root/catkin_ws/install/msg_srv_action_interface_example/include/msg_srv_action_interface_example/action/detail/arithmetic_checker__type_support.h
[1.372s] -- Up-to-date symlink: /root/catkin_ws/install/msg_srv_action_interface_example/include/msg_srv_action_interface_example/msg/arithmetic_argument.h
[1.372s] -- Up-to-date symlink: /root/catkin_ws/install/msg_srv_action_interface_example/include/msg_srv_action_interface_example/msg/detail/arithmetic_argument__functions.h
[1.372s] -- Up-to-date symlink: /root/catkin_ws/install/msg_srv_action_interface_example/include/msg_srv_action_interface_example/msg/detail/arithmetic_argument__struct.h
[1.372s] -- Up-to-date symlink: /root/catkin_ws/install/msg_srv_action_interface_example/include/msg_srv_action_interface_example/msg/detail/arithmetic_argument__type_support.h
[1.373s] -- Up-to-date symlink: /root/catkin_ws/install/msg_srv_action_interface_example/include/msg_srv_action_interface_example/msg/rosidl_generator_c__visibility_control.h
[1.377s] -- Up-to-date symlink: /root/catkin_ws/install/msg_srv_action_interface_example/include/msg_srv_action_interface_example/srv/arithmetic_operator.h
[1.377s] -- Up-to-date symlink: /root/catkin_ws/install/msg_srv_action_interface_example/include/msg_srv_action_interface_example/srv/detail/arithmetic_operator__functions.h
[1.378s] -- Up-to-date symlink: /root/catkin_ws/install/msg_srv_action_interface_example/include/msg_srv_action_interface_example/srv/detail/arithmetic_operator__struct.h
[1.380s] -- Up-to-date symlink: /root/catkin_ws/install/msg_srv_action_interface_example/include/msg_srv_action_interface_example/srv/detail/arithmetic_operator__type_support.h
[1.381s] -- Up-to-date symlink: /root/catkin_ws/install/msg_srv_action_interface_example/share/msg_srv_action_interface_example/environment/library_path.sh
[1.384s] -- Up-to-date symlink: /root/catkin_ws/install/msg_srv_action_interface_example/share/msg_srv_action_interface_example/environment/library_path.dsv
[1.385s] -- Up-to-date symlink: /root/catkin_ws/install/msg_srv_action_interface_example/include/msg_srv_action_interface_example/action/detail/arithmetic_checker__rosidl_typesupport_fastrtps_c.h
[1.386s] -- Up-to-date symlink: /root/catkin_ws/install/msg_srv_action_interface_example/include/msg_srv_action_interface_example/msg/detail/arithmetic_argument__rosidl_typesupport_fastrtps_c.h
[1.397s] -- Up-to-date symlink: /root/catkin_ws/install/msg_srv_action_interface_example/include/msg_srv_action_interface_example/msg/rosidl_typesupport_fastrtps_c__visibility_control.h
[1.412s] -- Up-to-date symlink: /root/catkin_ws/install/msg_srv_action_interface_example/include/msg_srv_action_interface_example/srv/detail/arithmetic_operator__rosidl_typesupport_fastrtps_c.h
[1.413s] -- Up-to-date symlink: /root/catkin_ws/install/msg_srv_action_interface_example/lib/libmsg_srv_action_interface_example__rosidl_typesupport_fastrtps_c.so
[1.419s] -- Up-to-date symlink: /root/catkin_ws/install/msg_srv_action_interface_example/include/msg_srv_action_interface_example/action/detail/arithmetic_checker__rosidl_typesupport_fastrtps_cpp.hpp
[1.419s] -- Up-to-date symlink: /root/catkin_ws/install/msg_srv_action_interface_example/include/msg_srv_action_interface_example/msg/detail/arithmetic_argument__rosidl_typesupport_fastrtps_cpp.hpp
[1.420s] -- Up-to-date symlink: /root/catkin_ws/install/msg_srv_action_interface_example/include/msg_srv_action_interface_example/msg/rosidl_typesupport_fastrtps_cpp__visibility_control.h
[1.420s] -- Up-to-date symlink: /root/catkin_ws/install/msg_srv_action_interface_example/include/msg_srv_action_interface_example/srv/detail/arithmetic_operator__rosidl_typesupport_fastrtps_cpp.hpp
[1.420s] -- Up-to-date symlink: /root/catkin_ws/install/msg_srv_action_interface_example/lib/libmsg_srv_action_interface_example__rosidl_typesupport_fastrtps_cpp.so
[1.421s] -- Up-to-date symlink: /root/catkin_ws/install/msg_srv_action_interface_example/include/msg_srv_action_interface_example/action/detail/arithmetic_checker__rosidl_typesupport_introspection_c.h
[1.421s] -- Up-to-date symlink: /root/catkin_ws/install/msg_srv_action_interface_example/include/msg_srv_action_interface_example/msg/detail/arithmetic_argument__rosidl_typesupport_introspection_c.h
[1.422s] -- Up-to-date symlink: /root/catkin_ws/install/msg_srv_action_interface_example/include/msg_srv_action_interface_example/msg/rosidl_typesupport_introspection_c__visibility_control.h
[1.423s] -- Up-to-date symlink: /root/catkin_ws/install/msg_srv_action_interface_example/include/msg_srv_action_interface_example/srv/detail/arithmetic_operator__rosidl_typesupport_introspection_c.h
[1.425s] -- Up-to-date symlink: /root/catkin_ws/install/msg_srv_action_interface_example/include/msg_srv_action_interface_example/action/arithmetic_checker.hpp
[1.432s] -- Up-to-date symlink: /root/catkin_ws/install/msg_srv_action_interface_example/include/msg_srv_action_interface_example/action/detail/arithmetic_checker__builder.hpp
[1.432s] -- Up-to-date symlink: /root/catkin_ws/install/msg_srv_action_interface_example/include/msg_srv_action_interface_example/action/detail/arithmetic_checker__struct.hpp
[1.432s] -- Up-to-date symlink: /root/catkin_ws/install/msg_srv_action_interface_example/include/msg_srv_action_interface_example/action/detail/arithmetic_checker__traits.hpp
[1.432s] -- Up-to-date symlink: /root/catkin_ws/install/msg_srv_action_interface_example/include/msg_srv_action_interface_example/msg/arithmetic_argument.hpp
[1.432s] -- Up-to-date symlink: /root/catkin_ws/install/msg_srv_action_interface_example/include/msg_srv_action_interface_example/msg/detail/arithmetic_argument__builder.hpp
[1.437s] -- Up-to-date symlink: /root/catkin_ws/install/msg_srv_action_interface_example/include/msg_srv_action_interface_example/msg/detail/arithmetic_argument__struct.hpp
[1.438s] -- Up-to-date symlink: /root/catkin_ws/install/msg_srv_action_interface_example/include/msg_srv_action_interface_example/msg/detail/arithmetic_argument__traits.hpp
[1.438s] -- Up-to-date symlink: /root/catkin_ws/install/msg_srv_action_interface_example/include/msg_srv_action_interface_example/srv/arithmetic_operator.hpp
[1.438s] -- Up-to-date symlink: /root/catkin_ws/install/msg_srv_action_interface_example/include/msg_srv_action_interface_example/srv/detail/arithmetic_operator__builder.hpp
[1.438s] -- Up-to-date symlink: /root/catkin_ws/install/msg_srv_action_interface_example/include/msg_srv_action_interface_example/srv/detail/arithmetic_operator__struct.hpp
[1.438s] -- Up-to-date symlink: /root/catkin_ws/install/msg_srv_action_interface_example/include/msg_srv_action_interface_example/srv/detail/arithmetic_operator__traits.hpp
[1.439s] -- Up-to-date symlink: /root/catkin_ws/install/msg_srv_action_interface_example/include/msg_srv_action_interface_example/action/detail/arithmetic_checker__rosidl_typesupport_introspection_cpp.hpp
[1.439s] -- Up-to-date symlink: /root/catkin_ws/install/msg_srv_action_interface_example/include/msg_srv_action_interface_example/msg/detail/arithmetic_argument__rosidl_typesupport_introspection_cpp.hpp
[1.440s] -- Up-to-date symlink: /root/catkin_ws/install/msg_srv_action_interface_example/include/msg_srv_action_interface_example/srv/detail/arithmetic_operator__rosidl_typesupport_introspection_cpp.hpp
[1.441s] -- Up-to-date symlink: /root/catkin_ws/install/msg_srv_action_interface_example/share/msg_srv_action_interface_example/environment/pythonpath.sh
[1.444s] -- Up-to-date symlink: /root/catkin_ws/install/msg_srv_action_interface_example/share/msg_srv_action_interface_example/environment/pythonpath.dsv
[1.444s] -- Up-to-date symlink: /root/catkin_ws/install/msg_srv_action_interface_example/lib/python3.8/site-packages/msg_srv_action_interface_example/__init__.py
[1.444s] -- Up-to-date symlink: /root/catkin_ws/install/msg_srv_action_interface_example/lib/python3.8/site-packages/msg_srv_action_interface_example/msg/__init__.py
[1.445s] -- Up-to-date symlink: /root/catkin_ws/install/msg_srv_action_interface_example/lib/python3.8/site-packages/msg_srv_action_interface_example/msg/_arithmetic_argument.py
[1.445s] -- Up-to-date symlink: /root/catkin_ws/install/msg_srv_action_interface_example/lib/python3.8/site-packages/msg_srv_action_interface_example/srv/__init__.py
[1.446s] -- Up-to-date symlink: /root/catkin_ws/install/msg_srv_action_interface_example/lib/python3.8/site-packages/msg_srv_action_interface_example/srv/_arithmetic_operator.py
[1.453s] -- Up-to-date symlink: /root/catkin_ws/install/msg_srv_action_interface_example/lib/python3.8/site-packages/msg_srv_action_interface_example/action/__init__.py
[1.454s] -- Up-to-date symlink: /root/catkin_ws/install/msg_srv_action_interface_example/lib/python3.8/site-packages/msg_srv_action_interface_example/action/_arithmetic_checker.py
[1.459s] -- Up-to-date symlink: /root/catkin_ws/install/msg_srv_action_interface_example/lib/python3.8/site-packages/msg_srv_action_interface_example/msg_srv_action_interface_example_s__rosidl_typesupport_fastrtps_c.cpython-38-x86_64-linux-gnu.so
[1.459s] -- Up-to-date symlink: /root/catkin_ws/install/msg_srv_action_interface_example/lib/python3.8/site-packages/msg_srv_action_interface_example/msg_srv_action_interface_example_s__rosidl_typesupport_introspection_c.cpython-38-x86_64-linux-gnu.so
[1.464s] -- Up-to-date symlink: /root/catkin_ws/install/msg_srv_action_interface_example/lib/python3.8/site-packages/msg_srv_action_interface_example/msg_srv_action_interface_example_s__rosidl_typesupport_c.cpython-38-x86_64-linux-gnu.so
[1.465s] -- Up-to-date symlink: /root/catkin_ws/install/msg_srv_action_interface_example/lib/libmsg_srv_action_interface_example__python.so
[1.469s] -- Up-to-date symlink: /root/catkin_ws/install/msg_srv_action_interface_example/share/msg_srv_action_interface_example/msg/ArithmeticArgument.idl
[1.469s] -- Up-to-date symlink: /root/catkin_ws/install/msg_srv_action_interface_example/share/msg_srv_action_interface_example/srv/ArithmeticOperator.idl
[1.469s] -- Up-to-date symlink: /root/catkin_ws/install/msg_srv_action_interface_example/share/msg_srv_action_interface_example/action/ArithmeticChecker.idl
[1.470s] -- Up-to-date symlink: /root/catkin_ws/install/msg_srv_action_interface_example/share/msg_srv_action_interface_example/msg/ArithmeticArgument.msg
[1.471s] -- Up-to-date symlink: /root/catkin_ws/install/msg_srv_action_interface_example/share/msg_srv_action_interface_example/srv/ArithmeticOperator.srv
[1.472s] -- Up-to-date symlink: /root/catkin_ws/install/msg_srv_action_interface_example/share/msg_srv_action_interface_example/srv/ArithmeticOperator_Request.msg
[1.473s] -- Up-to-date symlink: /root/catkin_ws/install/msg_srv_action_interface_example/share/msg_srv_action_interface_example/srv/ArithmeticOperator_Response.msg
[1.476s] -- Up-to-date symlink: /root/catkin_ws/install/msg_srv_action_interface_example/share/msg_srv_action_interface_example/action/ArithmeticChecker.action
[1.476s] -- Up-to-date symlink: /root/catkin_ws/install/msg_srv_action_interface_example/share/ament_index/resource_index/package_run_dependencies/msg_srv_action_interface_example
[1.477s] -- Up-to-date symlink: /root/catkin_ws/install/msg_srv_action_interface_example/share/ament_index/resource_index/parent_prefix_path/msg_srv_action_interface_example
[1.479s] -- Up-to-date symlink: /root/catkin_ws/install/msg_srv_action_interface_example/share/msg_srv_action_interface_example/environment/ament_prefix_path.sh
[1.479s] -- Up-to-date symlink: /root/catkin_ws/install/msg_srv_action_interface_example/share/msg_srv_action_interface_example/environment/ament_prefix_path.dsv
[1.481s] -- Up-to-date symlink: /root/catkin_ws/install/msg_srv_action_interface_example/share/msg_srv_action_interface_example/environment/path.sh
[1.481s] -- Up-to-date symlink: /root/catkin_ws/install/msg_srv_action_interface_example/share/msg_srv_action_interface_example/environment/path.dsv
[1.481s] -- Up-to-date symlink: /root/catkin_ws/install/msg_srv_action_interface_example/share/msg_srv_action_interface_example/local_setup.bash
[1.482s] -- Up-to-date symlink: /root/catkin_ws/install/msg_srv_action_interface_example/share/msg_srv_action_interface_example/local_setup.sh
[1.485s] -- Up-to-date symlink: /root/catkin_ws/install/msg_srv_action_interface_example/share/msg_srv_action_interface_example/local_setup.zsh
[1.500s] -- Up-to-date symlink: /root/catkin_ws/install/msg_srv_action_interface_example/share/msg_srv_action_interface_example/local_setup.dsv
[1.500s] -- Symlinking: /root/catkin_ws/install/msg_srv_action_interface_example/share/msg_srv_action_interface_example/package.dsv
[1.502s] -- Up-to-date symlink: /root/catkin_ws/install/msg_srv_action_interface_example/share/ament_index/resource_index/packages/msg_srv_action_interface_example
[1.502s] -- Up-to-date symlink: /root/catkin_ws/install/msg_srv_action_interface_example/share/msg_srv_action_interface_example/cmake/rosidl_cmake-extras.cmake
[1.502s] -- Up-to-date symlink: /root/catkin_ws/install/msg_srv_action_interface_example/share/msg_srv_action_interface_example/cmake/ament_cmake_export_dependencies-extras.cmake
[1.503s] -- Up-to-date symlink: /root/catkin_ws/install/msg_srv_action_interface_example/share/msg_srv_action_interface_example/cmake/ament_cmake_export_libraries-extras.cmake
[1.503s] -- Up-to-date symlink: /root/catkin_ws/install/msg_srv_action_interface_example/share/msg_srv_action_interface_example/cmake/ament_cmake_export_targets-extras.cmake
[1.504s] -- Up-to-date symlink: /root/catkin_ws/install/msg_srv_action_interface_example/share/msg_srv_action_interface_example/cmake/ament_cmake_export_include_directories-extras.cmake
[1.505s] -- Up-to-date symlink: /root/catkin_ws/install/msg_srv_action_interface_example/share/msg_srv_action_interface_example/cmake/rosidl_cmake_export_typesupport_libraries-extras.cmake
[1.505s] -- Up-to-date symlink: /root/catkin_ws/install/msg_srv_action_interface_example/share/msg_srv_action_interface_example/cmake/rosidl_cmake_export_typesupport_targets-extras.cmake
[1.506s] -- Up-to-date symlink: /root/catkin_ws/install/msg_srv_action_interface_example/share/msg_srv_action_interface_example/cmake/msg_srv_action_interface_exampleConfig.cmake
[1.506s] -- Up-to-date symlink: /root/catkin_ws/install/msg_srv_action_interface_example/share/msg_srv_action_interface_example/cmake/msg_srv_action_interface_exampleConfig-version.cmake
[1.507s] -- Up-to-date symlink: /root/catkin_ws/install/msg_srv_action_interface_example/share/msg_srv_action_interface_example/package.xml
[1.508s] -- Up-to-date: /root/catkin_ws/install/msg_srv_action_interface_example/lib/libmsg_srv_action_interface_example__rosidl_generator_c.so
[1.510s] -- Up-to-date: /root/catkin_ws/install/msg_srv_action_interface_example/lib/libmsg_srv_action_interface_example__rosidl_typesupport_introspection_c.so
[1.511s] -- Up-to-date: /root/catkin_ws/install/msg_srv_action_interface_example/lib/libmsg_srv_action_interface_example__rosidl_typesupport_c.so
[1.514s] -- Up-to-date: /root/catkin_ws/install/msg_srv_action_interface_example/lib/libmsg_srv_action_interface_example__rosidl_typesupport_introspection_cpp.so
[1.515s] -- Up-to-date: /root/catkin_ws/install/msg_srv_action_interface_example/lib/libmsg_srv_action_interface_example__rosidl_typesupport_cpp.so
[1.648s] -- Up-to-date: /root/catkin_ws/install/msg_srv_action_interface_example/share/msg_srv_action_interface_example/cmake/msg_srv_action_interface_example__rosidl_generator_cExport.cmake
[1.648s] -- Up-to-date: /root/catkin_ws/install/msg_srv_action_interface_example/share/msg_srv_action_interface_example/cmake/msg_srv_action_interface_example__rosidl_generator_cExport-noconfig.cmake
[1.649s] -- Up-to-date: /root/catkin_ws/install/msg_srv_action_interface_example/share/msg_srv_action_interface_example/cmake/msg_srv_action_interface_example__rosidl_typesupport_introspection_cExport.cmake
[1.649s] -- Up-to-date: /root/catkin_ws/install/msg_srv_action_interface_example/share/msg_srv_action_interface_example/cmake/msg_srv_action_interface_example__rosidl_typesupport_introspection_cExport-noconfig.cmake
[1.649s] -- Up-to-date: /root/catkin_ws/install/msg_srv_action_interface_example/share/msg_srv_action_interface_example/cmake/msg_srv_action_interface_example__rosidl_typesupport_cExport.cmake
[1.650s] -- Up-to-date: /root/catkin_ws/install/msg_srv_action_interface_example/share/msg_srv_action_interface_example/cmake/msg_srv_action_interface_example__rosidl_typesupport_cExport-noconfig.cmake
[1.650s] -- Up-to-date: /root/catkin_ws/install/msg_srv_action_interface_example/share/msg_srv_action_interface_example/cmake/msg_srv_action_interface_example__rosidl_generator_cppExport.cmake
[1.652s] -- Up-to-date: /root/catkin_ws/install/msg_srv_action_interface_example/share/msg_srv_action_interface_example/cmake/msg_srv_action_interface_example__rosidl_typesupport_introspection_cppExport.cmake
[1.652s] -- Up-to-date: /root/catkin_ws/install/msg_srv_action_interface_example/share/msg_srv_action_interface_example/cmake/msg_srv_action_interface_example__rosidl_typesupport_introspection_cppExport-noconfig.cmake
[1.653s] -- Up-to-date: /root/catkin_ws/install/msg_srv_action_interface_example/share/msg_srv_action_interface_example/cmake/msg_srv_action_interface_example__rosidl_typesupport_cppExport.cmake
[1.653s] -- Up-to-date: /root/catkin_ws/install/msg_srv_action_interface_example/share/msg_srv_action_interface_example/cmake/msg_srv_action_interface_example__rosidl_typesupport_cppExport-noconfig.cmake
[1.727s] Invoked command in '/root/catkin_ws/build/msg_srv_action_interface_example' returned '0': CMAKE_PREFIX_PATH=${CMAKE_PREFIX_PATH}:/root/catkin_ws/install/topic_service_action_rclpy_example:/root/catkin_ws/install/time_rclpy_example:/root/catkin_ws/install/tf2_rclpy_example:/root/catkin_ws/install/ros2env:/root/catkin_ws/install/omo_r1mini_teleop:/root/catkin_ws/install/omo_r1mini_bringup:/root/catkin_ws/install/my_first_ros_rclpy_pkg:/root/catkin_ws/install/logging_rclpy_example:/root/catkin_ws/install/iahrs_driver:/root/install/topic_service_action_rclpy_example:/root/install/time_rclpy_example:/root/install/tf2_rclpy_example:/root/install/ros2env:/root/install/omo_r1mini_teleop:/root/install/omo_r1mini_bringup:/root/install/my_first_ros_rclpy_pkg:/root/install/logging_rclpy_example:/root/catkin_ws/src/install/topic_service_action_rclpy_example:/root/catkin_ws/src/install/time_rclpy_example:/root/catkin_ws/src/install/tf2_rclpy_example:/root/catkin_ws/src/install/ros2env:/root/catkin_ws/src/install/omo_r1mini_teleop:/root/catkin_ws/src/install/omo_r1mini_bringup:/root/catkin_ws/src/install/my_first_ros_rclpy_pkg:/root/catkin_ws/src/install/logging_rclpy_example:/opt/ros/foxy /usr/bin/cmake --install /root/catkin_ws/build/msg_srv_action_interface_example
