-- Found ament_cmake: 0.9.11 (/opt/ros/foxy/share/ament_cmake/cmake)
-- Found PythonInterp: /usr/bin/python3 (found suitable version "3.8.10", minimum required is "3") 
-- Using PYTHON_EXECUTABLE: /usr/bin/python3
-- Override CMake install command with custom implementation using symlinks instead of copying resources
-- Found rosidl_default_generators: 1.0.1 (/opt/ros/foxy/share/rosidl_default_generators/cmake)
-- Using all available rosidl_typesupport_c: rosidl_typesupport_microxrcedds_c;rosidl_typesupport_fastrtps_c;rosidl_typesupport_introspection_c
-- Found rosidl_adapter: 1.3.0 (/opt/ros/foxy/share/rosidl_adapter/cmake)
-- Using all available rosidl_typesupport_cpp: rosidl_typesupport_microxrcedds_cpp;rosidl_typesupport_fastrtps_cpp;rosidl_typesupport_introspection_cpp
-- Found PythonInterp: /usr/bin/python3 (found version "3.8.10") 
-- Found ament_cmake_ros: 0.9.2 (/opt/ros/foxy/share/ament_cmake_ros/cmake)
-- Using all available rosidl_typesupport_c: rosidl_typesupport_microxrcedds_c;rosidl_typesupport_fastrtps_c;rosidl_typesupport_introspection_c
-- Using all available rosidl_typesupport_cpp: rosidl_typesupport_microxrcedds_cpp;rosidl_typesupport_fastrtps_cpp;rosidl_typesupport_introspection_cpp
-- Found PythonInterp: /usr/bin/python3 (found suitable version "3.8.10", minimum required is "3.5") 
-- Found python_cmake_module: 0.8.1 (/opt/ros/foxy/share/python_cmake_module/cmake)
-- Using PYTHON_EXECUTABLE: /usr/bin/python3
-- Using PYTHON_INCLUDE_DIRS: /usr/include/python3.8
-- Using PYTHON_LIBRARIES: /usr/lib/x86_64-linux-gnu/libpython3.8.so
-- Configuring done
-- Generating done
-- Build files have been written to: /root/catkin_ws/build/std_srvs
[  1%] Built target std_srvs__cpp
[ 10%] Built target std_srvs__rosidl_generator_c
[ 18%] Built target std_srvs__rosidl_typesupport_fastrtps_cpp
[ 27%] Built target std_srvs__rosidl_typesupport_introspection_cpp
[ 35%] Built target std_srvs__rosidl_typesupport_microxrcedds_cpp
[ 44%] Built target std_srvs__rosidl_typesupport_cpp
[ 52%] Built target std_srvs__rosidl_typesupport_introspection_c
[ 61%] Built target std_srvs__rosidl_typesupport_c
[ 69%] Built target std_srvs__rosidl_typesupport_microxrcedds_c
[ 77%] Built target std_srvs__rosidl_typesupport_fastrtps_c
[ 77%] Built target std_srvs
[ 79%] Built target std_srvs__py
[ 86%] Built target std_srvs__python
[ 91%] Built target std_srvs__rosidl_typesupport_microxrcedds_c__pyext
[ 93%] Built target std_srvs__rosidl_typesupport_introspection_c__pyext
[ 96%] Built target std_srvs__rosidl_typesupport_c__pyext
[100%] Built target std_srvs__rosidl_typesupport_fastrtps_c__pyext
-- Install configuration: ""
-- Execute custom install script
-- Up-to-date symlink: /root/catkin_ws/install/std_srvs/share/ament_index/resource_index/rosidl_interfaces/std_srvs
-- Up-to-date symlink: /root/catkin_ws/install/std_srvs/include/std_srvs/msg/rosidl_generator_c__visibility_control.h
-- Up-to-date symlink: /root/catkin_ws/install/std_srvs/include/std_srvs/srv/detail/empty__functions.h
-- Up-to-date symlink: /root/catkin_ws/install/std_srvs/include/std_srvs/srv/detail/empty__struct.h
-- Up-to-date symlink: /root/catkin_ws/install/std_srvs/include/std_srvs/srv/detail/empty__type_support.h
-- Up-to-date symlink: /root/catkin_ws/install/std_srvs/include/std_srvs/srv/detail/set_bool__functions.h
-- Up-to-date symlink: /root/catkin_ws/install/std_srvs/include/std_srvs/srv/detail/set_bool__struct.h
-- Up-to-date symlink: /root/catkin_ws/install/std_srvs/include/std_srvs/srv/detail/set_bool__type_support.h
-- Up-to-date symlink: /root/catkin_ws/install/std_srvs/include/std_srvs/srv/detail/trigger__functions.h
-- Up-to-date symlink: /root/catkin_ws/install/std_srvs/include/std_srvs/srv/detail/trigger__struct.h
-- Up-to-date symlink: /root/catkin_ws/install/std_srvs/include/std_srvs/srv/detail/trigger__type_support.h
-- Up-to-date symlink: /root/catkin_ws/install/std_srvs/include/std_srvs/srv/empty.h
-- Up-to-date symlink: /root/catkin_ws/install/std_srvs/include/std_srvs/srv/set_bool.h
-- Up-to-date symlink: /root/catkin_ws/install/std_srvs/include/std_srvs/srv/trigger.h
-- Up-to-date symlink: /root/catkin_ws/install/std_srvs/share/std_srvs/environment/library_path.sh
-- Up-to-date symlink: /root/catkin_ws/install/std_srvs/share/std_srvs/environment/library_path.dsv
-- Up-to-date symlink: /root/catkin_ws/install/std_srvs/include/std_srvs/msg/rosidl_typesupport_microxrcedds_c__visibility_control.h
-- Up-to-date symlink: /root/catkin_ws/install/std_srvs/include/std_srvs/srv/detail/empty__rosidl_typesupport_microxrcedds_c.h
-- Up-to-date symlink: /root/catkin_ws/install/std_srvs/include/std_srvs/srv/detail/set_bool__rosidl_typesupport_microxrcedds_c.h
-- Up-to-date symlink: /root/catkin_ws/install/std_srvs/include/std_srvs/srv/detail/trigger__rosidl_typesupport_microxrcedds_c.h
-- Up-to-date symlink: /root/catkin_ws/install/std_srvs/lib/libstd_srvs__rosidl_typesupport_microxrcedds_c.so
-- Up-to-date symlink: /root/catkin_ws/install/std_srvs/include/std_srvs/msg/rosidl_typesupport_fastrtps_c__visibility_control.h
-- Up-to-date symlink: /root/catkin_ws/install/std_srvs/include/std_srvs/srv/detail/empty__rosidl_typesupport_fastrtps_c.h
-- Up-to-date symlink: /root/catkin_ws/install/std_srvs/include/std_srvs/srv/detail/set_bool__rosidl_typesupport_fastrtps_c.h
-- Up-to-date symlink: /root/catkin_ws/install/std_srvs/include/std_srvs/srv/detail/trigger__rosidl_typesupport_fastrtps_c.h
-- Up-to-date symlink: /root/catkin_ws/install/std_srvs/lib/libstd_srvs__rosidl_typesupport_fastrtps_c.so
-- Up-to-date symlink: /root/catkin_ws/install/std_srvs/include/std_srvs/msg/rosidl_typesupport_fastrtps_cpp__visibility_control.h
-- Up-to-date symlink: /root/catkin_ws/install/std_srvs/include/std_srvs/srv/detail/empty__rosidl_typesupport_fastrtps_cpp.hpp
-- Up-to-date symlink: /root/catkin_ws/install/std_srvs/include/std_srvs/srv/detail/set_bool__rosidl_typesupport_fastrtps_cpp.hpp
-- Up-to-date symlink: /root/catkin_ws/install/std_srvs/include/std_srvs/srv/detail/trigger__rosidl_typesupport_fastrtps_cpp.hpp
-- Up-to-date symlink: /root/catkin_ws/install/std_srvs/lib/libstd_srvs__rosidl_typesupport_fastrtps_cpp.so
-- Up-to-date symlink: /root/catkin_ws/install/std_srvs/include/std_srvs/msg/rosidl_typesupport_introspection_c__visibility_control.h
-- Up-to-date symlink: /root/catkin_ws/install/std_srvs/include/std_srvs/srv/detail/empty__rosidl_typesupport_introspection_c.h
-- Up-to-date symlink: /root/catkin_ws/install/std_srvs/include/std_srvs/srv/detail/set_bool__rosidl_typesupport_introspection_c.h
-- Up-to-date symlink: /root/catkin_ws/install/std_srvs/include/std_srvs/srv/detail/trigger__rosidl_typesupport_introspection_c.h
-- Up-to-date symlink: /root/catkin_ws/install/std_srvs/include/std_srvs/srv/detail/empty__builder.hpp
-- Up-to-date symlink: /root/catkin_ws/install/std_srvs/include/std_srvs/srv/detail/empty__struct.hpp
-- Up-to-date symlink: /root/catkin_ws/install/std_srvs/include/std_srvs/srv/detail/empty__traits.hpp
-- Up-to-date symlink: /root/catkin_ws/install/std_srvs/include/std_srvs/srv/detail/set_bool__builder.hpp
-- Up-to-date symlink: /root/catkin_ws/install/std_srvs/include/std_srvs/srv/detail/set_bool__struct.hpp
-- Up-to-date symlink: /root/catkin_ws/install/std_srvs/include/std_srvs/srv/detail/set_bool__traits.hpp
-- Up-to-date symlink: /root/catkin_ws/install/std_srvs/include/std_srvs/srv/detail/trigger__builder.hpp
-- Up-to-date symlink: /root/catkin_ws/install/std_srvs/include/std_srvs/srv/detail/trigger__struct.hpp
-- Up-to-date symlink: /root/catkin_ws/install/std_srvs/include/std_srvs/srv/detail/trigger__traits.hpp
-- Up-to-date symlink: /root/catkin_ws/install/std_srvs/include/std_srvs/srv/empty.hpp
-- Up-to-date symlink: /root/catkin_ws/install/std_srvs/include/std_srvs/srv/set_bool.hpp
-- Up-to-date symlink: /root/catkin_ws/install/std_srvs/include/std_srvs/srv/trigger.hpp
-- Up-to-date symlink: /root/catkin_ws/install/std_srvs/include/std_srvs/msg/rosidl_typesupport_microxrcedds_cpp__visibility_control.h
-- Up-to-date symlink: /root/catkin_ws/install/std_srvs/include/std_srvs/srv/detail/empty__rosidl_typesupport_microxrcedds_cpp.hpp
-- Up-to-date symlink: /root/catkin_ws/install/std_srvs/include/std_srvs/srv/detail/microxrcedds/empty__type_support_cpp.cpp
-- Up-to-date symlink: /root/catkin_ws/install/std_srvs/include/std_srvs/srv/detail/microxrcedds/set_bool__type_support_cpp.cpp
-- Up-to-date symlink: /root/catkin_ws/install/std_srvs/include/std_srvs/srv/detail/microxrcedds/trigger__type_support_cpp.cpp
-- Up-to-date symlink: /root/catkin_ws/install/std_srvs/include/std_srvs/srv/detail/set_bool__rosidl_typesupport_microxrcedds_cpp.hpp
-- Up-to-date symlink: /root/catkin_ws/install/std_srvs/include/std_srvs/srv/detail/trigger__rosidl_typesupport_microxrcedds_cpp.hpp
-- Up-to-date symlink: /root/catkin_ws/install/std_srvs/lib/libstd_srvs__rosidl_typesupport_microxrcedds_cpp.so
-- Up-to-date symlink: /root/catkin_ws/install/std_srvs/include/std_srvs/srv/detail/empty__rosidl_typesupport_introspection_cpp.hpp
-- Up-to-date symlink: /root/catkin_ws/install/std_srvs/include/std_srvs/srv/detail/set_bool__rosidl_typesupport_introspection_cpp.hpp
-- Up-to-date symlink: /root/catkin_ws/install/std_srvs/include/std_srvs/srv/detail/trigger__rosidl_typesupport_introspection_cpp.hpp
-- Up-to-date symlink: /root/catkin_ws/install/std_srvs/share/std_srvs/environment/pythonpath.sh
-- Up-to-date symlink: /root/catkin_ws/install/std_srvs/share/std_srvs/environment/pythonpath.dsv
-- Up-to-date symlink: /root/catkin_ws/install/std_srvs/lib/python3.8/site-packages/std_srvs/__init__.py
-- Up-to-date symlink: /root/catkin_ws/install/std_srvs/lib/python3.8/site-packages/std_srvs/srv/__init__.py
-- Up-to-date symlink: /root/catkin_ws/install/std_srvs/lib/python3.8/site-packages/std_srvs/srv/_empty.py
-- Up-to-date symlink: /root/catkin_ws/install/std_srvs/lib/python3.8/site-packages/std_srvs/srv/_set_bool.py
-- Up-to-date symlink: /root/catkin_ws/install/std_srvs/lib/python3.8/site-packages/std_srvs/srv/_trigger.py
-- Up-to-date symlink: /root/catkin_ws/install/std_srvs/lib/python3.8/site-packages/std_srvs/std_srvs_s__rosidl_typesupport_microxrcedds_c.cpython-38-x86_64-linux-gnu.so
-- Up-to-date symlink: /root/catkin_ws/install/std_srvs/lib/python3.8/site-packages/std_srvs/std_srvs_s__rosidl_typesupport_fastrtps_c.cpython-38-x86_64-linux-gnu.so
-- Up-to-date symlink: /root/catkin_ws/install/std_srvs/lib/python3.8/site-packages/std_srvs/std_srvs_s__rosidl_typesupport_introspection_c.cpython-38-x86_64-linux-gnu.so
-- Up-to-date symlink: /root/catkin_ws/install/std_srvs/lib/python3.8/site-packages/std_srvs/std_srvs_s__rosidl_typesupport_c.cpython-38-x86_64-linux-gnu.so
-- Up-to-date symlink: /root/catkin_ws/install/std_srvs/lib/libstd_srvs__python.so
-- Up-to-date symlink: /root/catkin_ws/install/std_srvs/share/std_srvs/srv/Empty.idl
-- Up-to-date symlink: /root/catkin_ws/install/std_srvs/share/std_srvs/srv/SetBool.idl
-- Up-to-date symlink: /root/catkin_ws/install/std_srvs/share/std_srvs/srv/Trigger.idl
-- Up-to-date symlink: /root/catkin_ws/install/std_srvs/share/std_srvs/srv/Empty.srv
-- Up-to-date symlink: /root/catkin_ws/install/std_srvs/share/std_srvs/srv/Empty_Request.msg
-- Up-to-date symlink: /root/catkin_ws/install/std_srvs/share/std_srvs/srv/Empty_Response.msg
-- Up-to-date symlink: /root/catkin_ws/install/std_srvs/share/std_srvs/srv/SetBool.srv
-- Up-to-date symlink: /root/catkin_ws/install/std_srvs/share/std_srvs/srv/SetBool_Request.msg
-- Up-to-date symlink: /root/catkin_ws/install/std_srvs/share/std_srvs/srv/SetBool_Response.msg
-- Up-to-date symlink: /root/catkin_ws/install/std_srvs/share/std_srvs/srv/Trigger.srv
-- Up-to-date symlink: /root/catkin_ws/install/std_srvs/share/std_srvs/srv/Trigger_Request.msg
-- Up-to-date symlink: /root/catkin_ws/install/std_srvs/share/std_srvs/srv/Trigger_Response.msg
-- Up-to-date symlink: /root/catkin_ws/install/std_srvs/share/ament_index/resource_index/package_run_dependencies/std_srvs
-- Up-to-date symlink: /root/catkin_ws/install/std_srvs/share/ament_index/resource_index/parent_prefix_path/std_srvs
-- Up-to-date symlink: /root/catkin_ws/install/std_srvs/share/std_srvs/environment/ament_prefix_path.sh
-- Up-to-date symlink: /root/catkin_ws/install/std_srvs/share/std_srvs/environment/ament_prefix_path.dsv
-- Up-to-date symlink: /root/catkin_ws/install/std_srvs/share/std_srvs/environment/path.sh
-- Up-to-date symlink: /root/catkin_ws/install/std_srvs/share/std_srvs/environment/path.dsv
-- Up-to-date symlink: /root/catkin_ws/install/std_srvs/share/std_srvs/local_setup.bash
-- Up-to-date symlink: /root/catkin_ws/install/std_srvs/share/std_srvs/local_setup.sh
-- Up-to-date symlink: /root/catkin_ws/install/std_srvs/share/std_srvs/local_setup.zsh
-- Up-to-date symlink: /root/catkin_ws/install/std_srvs/share/std_srvs/local_setup.dsv
-- Symlinking: /root/catkin_ws/install/std_srvs/share/std_srvs/package.dsv
-- Up-to-date symlink: /root/catkin_ws/install/std_srvs/share/ament_index/resource_index/packages/std_srvs
-- Up-to-date symlink: /root/catkin_ws/install/std_srvs/share/std_srvs/cmake/rosidl_cmake-extras.cmake
-- Up-to-date symlink: /root/catkin_ws/install/std_srvs/share/std_srvs/cmake/ament_cmake_export_dependencies-extras.cmake
-- Up-to-date symlink: /root/catkin_ws/install/std_srvs/share/std_srvs/cmake/ament_cmake_export_libraries-extras.cmake
-- Up-to-date symlink: /root/catkin_ws/install/std_srvs/share/std_srvs/cmake/ament_cmake_export_targets-extras.cmake
-- Up-to-date symlink: /root/catkin_ws/install/std_srvs/share/std_srvs/cmake/ament_cmake_export_include_directories-extras.cmake
-- Up-to-date symlink: /root/catkin_ws/install/std_srvs/share/std_srvs/cmake/rosidl_cmake_export_typesupport_libraries-extras.cmake
-- Up-to-date symlink: /root/catkin_ws/install/std_srvs/share/std_srvs/cmake/rosidl_cmake_export_typesupport_targets-extras.cmake
-- Up-to-date symlink: /root/catkin_ws/install/std_srvs/share/std_srvs/cmake/std_srvsConfig.cmake
-- Up-to-date symlink: /root/catkin_ws/install/std_srvs/share/std_srvs/cmake/std_srvsConfig-version.cmake
-- Up-to-date symlink: /root/catkin_ws/install/std_srvs/share/std_srvs/package.xml
-- Up-to-date: /root/catkin_ws/install/std_srvs/lib/libstd_srvs__rosidl_generator_c.so
-- Up-to-date: /root/catkin_ws/install/std_srvs/lib/libstd_srvs__rosidl_typesupport_introspection_c.so
-- Up-to-date: /root/catkin_ws/install/std_srvs/lib/libstd_srvs__rosidl_typesupport_c.so
-- Up-to-date: /root/catkin_ws/install/std_srvs/lib/libstd_srvs__rosidl_typesupport_introspection_cpp.so
-- Up-to-date: /root/catkin_ws/install/std_srvs/lib/libstd_srvs__rosidl_typesupport_cpp.so
Compiling '/root/catkin_ws/install/std_srvs/lib/python3.8/site-packages/std_srvs/__init__.py'...
-- Up-to-date: /root/catkin_ws/install/std_srvs/share/std_srvs/cmake/std_srvs__rosidl_generator_cExport.cmake
-- Installing: /root/catkin_ws/install/std_srvs/share/std_srvs/cmake/std_srvs__rosidl_generator_cExport-noconfig.cmake
-- Up-to-date: /root/catkin_ws/install/std_srvs/share/std_srvs/cmake/std_srvs__rosidl_typesupport_introspection_cExport.cmake
-- Installing: /root/catkin_ws/install/std_srvs/share/std_srvs/cmake/std_srvs__rosidl_typesupport_introspection_cExport-noconfig.cmake
-- Up-to-date: /root/catkin_ws/install/std_srvs/share/std_srvs/cmake/std_srvs__rosidl_typesupport_cExport.cmake
-- Installing: /root/catkin_ws/install/std_srvs/share/std_srvs/cmake/std_srvs__rosidl_typesupport_cExport-noconfig.cmake
-- Up-to-date: /root/catkin_ws/install/std_srvs/share/std_srvs/cmake/std_srvs__rosidl_generator_cppExport.cmake
-- Up-to-date: /root/catkin_ws/install/std_srvs/share/std_srvs/cmake/std_srvs__rosidl_typesupport_introspection_cppExport.cmake
-- Installing: /root/catkin_ws/install/std_srvs/share/std_srvs/cmake/std_srvs__rosidl_typesupport_introspection_cppExport-noconfig.cmake
-- Up-to-date: /root/catkin_ws/install/std_srvs/share/std_srvs/cmake/std_srvs__rosidl_typesupport_cppExport.cmake
-- Installing: /root/catkin_ws/install/std_srvs/share/std_srvs/cmake/std_srvs__rosidl_typesupport_cppExport-noconfig.cmake
