[0.129s] Invoking command in '/root/catkin_ws/build/std_srvs': CMAKE_PREFIX_PATH=${CMAKE_PREFIX_PATH}:/root/catkin_ws/install/topic_service_action_rclpy_example:/root/catkin_ws/install/time_rclpy_example:/root/catkin_ws/install/tf2_rclpy_example:/root/catkin_ws/install/sensor_msgs_py:/root/catkin_ws/install/omo_r1mini_teleop:/root/catkin_ws/install/omo_r1mini_bringup:/root/catkin_ws/install/my_first_ros_rclpy_pkg:/root/catkin_ws/install/logging_rclpy_example:/root/catkin_ws/install/iahrs_driver:/root/catkin_ws/install/ros2env:/root/install/topic_service_action_rclpy_example:/root/install/time_rclpy_example:/root/install/tf2_rclpy_example:/root/install/ros2env:/root/install/omo_r1mini_teleop:/root/install/omo_r1mini_bringup:/root/install/my_first_ros_rclpy_pkg:/root/install/logging_rclpy_example:/opt/ros/foxy /usr/bin/cmake --build /root/catkin_ws/build/std_srvs -- -j12 -l12
[0.166s] -- Found ament_cmake: 0.9.11 (/opt/ros/foxy/share/ament_cmake/cmake)
[0.308s] -- Found PythonInterp: /usr/bin/python3 (found suitable version "3.8.10", minimum required is "3") 
[0.308s] -- Using PYTHON_EXECUTABLE: /usr/bin/python3
[0.733s] -- Override CMake install command with custom implementation using symlinks instead of copying resources
[0.740s] -- Found rosidl_default_generators: 1.0.1 (/opt/ros/foxy/share/rosidl_default_generators/cmake)
[0.768s] -- Using all available rosidl_typesupport_c: rosidl_typesupport_microxrcedds_c;rosidl_typesupport_fastrtps_c;rosidl_typesupport_introspection_c
[0.772s] -- Found rosidl_adapter: 1.3.0 (/opt/ros/foxy/share/rosidl_adapter/cmake)
[1.096s] -- Using all available rosidl_typesupport_cpp: rosidl_typesupport_microxrcedds_cpp;rosidl_typesupport_fastrtps_cpp;rosidl_typesupport_introspection_cpp
[1.202s] -- Found PythonInterp: /usr/bin/python3 (found version "3.8.10") 
[1.596s] -- Found ament_cmake_ros: 0.9.2 (/opt/ros/foxy/share/ament_cmake_ros/cmake)
[1.877s] -- Using all available rosidl_typesupport_c: rosidl_typesupport_microxrcedds_c;rosidl_typesupport_fastrtps_c;rosidl_typesupport_introspection_c
[1.906s] -- Using all available rosidl_typesupport_cpp: rosidl_typesupport_microxrcedds_cpp;rosidl_typesupport_fastrtps_cpp;rosidl_typesupport_introspection_cpp
[2.038s] -- Found PythonInterp: /usr/bin/python3 (found suitable version "3.8.10", minimum required is "3.5") 
[2.038s] -- Found python_cmake_module: 0.8.1 (/opt/ros/foxy/share/python_cmake_module/cmake)
[2.207s] -- Using PYTHON_EXECUTABLE: /usr/bin/python3
[2.207s] -- Using PYTHON_INCLUDE_DIRS: /usr/include/python3.8
[2.207s] -- Using PYTHON_LIBRARIES: /usr/lib/x86_64-linux-gnu/libpython3.8.so
[2.422s] -- Configuring done
[2.492s] -- Generating done
[2.511s] -- Build files have been written to: /root/catkin_ws/build/std_srvs
[2.624s] [  1%] Built target std_srvs__cpp
[2.642s] [ 10%] Built target std_srvs__rosidl_generator_c
[2.718s] [ 18%] Built target std_srvs__rosidl_typesupport_fastrtps_cpp
[2.722s] [ 27%] Built target std_srvs__rosidl_typesupport_introspection_cpp
[2.734s] [ 35%] Built target std_srvs__rosidl_typesupport_microxrcedds_cpp
[2.749s] [ 44%] Built target std_srvs__rosidl_typesupport_cpp
[2.750s] [ 52%] Built target std_srvs__rosidl_typesupport_introspection_c
[2.757s] [ 61%] Built target std_srvs__rosidl_typesupport_c
[2.777s] [ 69%] Built target std_srvs__rosidl_typesupport_microxrcedds_c
[2.838s] [ 77%] Built target std_srvs__rosidl_typesupport_fastrtps_c
[2.964s] [ 77%] Built target std_srvs
[3.028s] [ 79%] Built target std_srvs__py
[3.098s] [ 86%] Built target std_srvs__python
[3.182s] [ 91%] Built target std_srvs__rosidl_typesupport_microxrcedds_c__pyext
[3.182s] [ 93%] Built target std_srvs__rosidl_typesupport_introspection_c__pyext
[3.193s] [ 96%] Built target std_srvs__rosidl_typesupport_c__pyext
[3.193s] [100%] Built target std_srvs__rosidl_typesupport_fastrtps_c__pyext
[3.232s] Invoked command in '/root/catkin_ws/build/std_srvs' returned '0': CMAKE_PREFIX_PATH=${CMAKE_PREFIX_PATH}:/root/catkin_ws/install/topic_service_action_rclpy_example:/root/catkin_ws/install/time_rclpy_example:/root/catkin_ws/install/tf2_rclpy_example:/root/catkin_ws/install/sensor_msgs_py:/root/catkin_ws/install/omo_r1mini_teleop:/root/catkin_ws/install/omo_r1mini_bringup:/root/catkin_ws/install/my_first_ros_rclpy_pkg:/root/catkin_ws/install/logging_rclpy_example:/root/catkin_ws/install/iahrs_driver:/root/catkin_ws/install/ros2env:/root/install/topic_service_action_rclpy_example:/root/install/time_rclpy_example:/root/install/tf2_rclpy_example:/root/install/ros2env:/root/install/omo_r1mini_teleop:/root/install/omo_r1mini_bringup:/root/install/my_first_ros_rclpy_pkg:/root/install/logging_rclpy_example:/opt/ros/foxy /usr/bin/cmake --build /root/catkin_ws/build/std_srvs -- -j12 -l12
[3.671s] Invoking command in '/root/catkin_ws/build/std_srvs': CMAKE_PREFIX_PATH=${CMAKE_PREFIX_PATH}:/root/catkin_ws/install/topic_service_action_rclpy_example:/root/catkin_ws/install/time_rclpy_example:/root/catkin_ws/install/tf2_rclpy_example:/root/catkin_ws/install/sensor_msgs_py:/root/catkin_ws/install/omo_r1mini_teleop:/root/catkin_ws/install/omo_r1mini_bringup:/root/catkin_ws/install/my_first_ros_rclpy_pkg:/root/catkin_ws/install/logging_rclpy_example:/root/catkin_ws/install/iahrs_driver:/root/catkin_ws/install/ros2env:/root/install/topic_service_action_rclpy_example:/root/install/time_rclpy_example:/root/install/tf2_rclpy_example:/root/install/ros2env:/root/install/omo_r1mini_teleop:/root/install/omo_r1mini_bringup:/root/install/my_first_ros_rclpy_pkg:/root/install/logging_rclpy_example:/opt/ros/foxy /usr/bin/cmake --install /root/catkin_ws/build/std_srvs
[3.695s] -- Install configuration: ""
[3.696s] -- Execute custom install script
[3.696s] -- Up-to-date symlink: /root/catkin_ws/install/std_srvs/share/ament_index/resource_index/rosidl_interfaces/std_srvs
[3.697s] -- Up-to-date symlink: /root/catkin_ws/install/std_srvs/include/std_srvs/msg/rosidl_generator_c__visibility_control.h
[3.698s] -- Up-to-date symlink: /root/catkin_ws/install/std_srvs/include/std_srvs/srv/detail/empty__functions.h
[3.698s] -- Up-to-date symlink: /root/catkin_ws/install/std_srvs/include/std_srvs/srv/detail/empty__struct.h
[3.699s] -- Up-to-date symlink: /root/catkin_ws/install/std_srvs/include/std_srvs/srv/detail/empty__type_support.h
[3.699s] -- Up-to-date symlink: /root/catkin_ws/install/std_srvs/include/std_srvs/srv/detail/set_bool__functions.h
[3.700s] -- Up-to-date symlink: /root/catkin_ws/install/std_srvs/include/std_srvs/srv/detail/set_bool__struct.h
[3.700s] -- Up-to-date symlink: /root/catkin_ws/install/std_srvs/include/std_srvs/srv/detail/set_bool__type_support.h
[3.700s] -- Up-to-date symlink: /root/catkin_ws/install/std_srvs/include/std_srvs/srv/detail/trigger__functions.h
[3.701s] -- Up-to-date symlink: /root/catkin_ws/install/std_srvs/include/std_srvs/srv/detail/trigger__struct.h
[3.701s] -- Up-to-date symlink: /root/catkin_ws/install/std_srvs/include/std_srvs/srv/detail/trigger__type_support.h
[3.702s] -- Up-to-date symlink: /root/catkin_ws/install/std_srvs/include/std_srvs/srv/empty.h
[3.703s] -- Up-to-date symlink: /root/catkin_ws/install/std_srvs/include/std_srvs/srv/set_bool.h
[3.704s] -- Up-to-date symlink: /root/catkin_ws/install/std_srvs/include/std_srvs/srv/trigger.h
[3.704s] -- Up-to-date symlink: /root/catkin_ws/install/std_srvs/share/std_srvs/environment/library_path.sh
[3.704s] -- Up-to-date symlink: /root/catkin_ws/install/std_srvs/share/std_srvs/environment/library_path.dsv
[3.705s] -- Up-to-date symlink: /root/catkin_ws/install/std_srvs/include/std_srvs/msg/rosidl_typesupport_microxrcedds_c__visibility_control.h
[3.705s] -- Up-to-date symlink: /root/catkin_ws/install/std_srvs/include/std_srvs/srv/detail/empty__rosidl_typesupport_microxrcedds_c.h
[3.706s] -- Up-to-date symlink: /root/catkin_ws/install/std_srvs/include/std_srvs/srv/detail/set_bool__rosidl_typesupport_microxrcedds_c.h
[3.706s] -- Up-to-date symlink: /root/catkin_ws/install/std_srvs/include/std_srvs/srv/detail/trigger__rosidl_typesupport_microxrcedds_c.h
[3.707s] -- Up-to-date symlink: /root/catkin_ws/install/std_srvs/lib/libstd_srvs__rosidl_typesupport_microxrcedds_c.so
[3.708s] -- Up-to-date symlink: /root/catkin_ws/install/std_srvs/include/std_srvs/msg/rosidl_typesupport_fastrtps_c__visibility_control.h
[3.708s] -- Up-to-date symlink: /root/catkin_ws/install/std_srvs/include/std_srvs/srv/detail/empty__rosidl_typesupport_fastrtps_c.h
[3.708s] -- Up-to-date symlink: /root/catkin_ws/install/std_srvs/include/std_srvs/srv/detail/set_bool__rosidl_typesupport_fastrtps_c.h
[3.709s] -- Up-to-date symlink: /root/catkin_ws/install/std_srvs/include/std_srvs/srv/detail/trigger__rosidl_typesupport_fastrtps_c.h
[3.709s] -- Up-to-date symlink: /root/catkin_ws/install/std_srvs/lib/libstd_srvs__rosidl_typesupport_fastrtps_c.so
[3.711s] -- Up-to-date symlink: /root/catkin_ws/install/std_srvs/include/std_srvs/msg/rosidl_typesupport_fastrtps_cpp__visibility_control.h
[3.712s] -- Up-to-date symlink: /root/catkin_ws/install/std_srvs/include/std_srvs/srv/detail/empty__rosidl_typesupport_fastrtps_cpp.hpp
[3.712s] -- Up-to-date symlink: /root/catkin_ws/install/std_srvs/include/std_srvs/srv/detail/set_bool__rosidl_typesupport_fastrtps_cpp.hpp
[3.713s] -- Up-to-date symlink: /root/catkin_ws/install/std_srvs/include/std_srvs/srv/detail/trigger__rosidl_typesupport_fastrtps_cpp.hpp
[3.713s] -- Up-to-date symlink: /root/catkin_ws/install/std_srvs/lib/libstd_srvs__rosidl_typesupport_fastrtps_cpp.so
[3.714s] -- Up-to-date symlink: /root/catkin_ws/install/std_srvs/include/std_srvs/msg/rosidl_typesupport_introspection_c__visibility_control.h
[3.715s] -- Up-to-date symlink: /root/catkin_ws/install/std_srvs/include/std_srvs/srv/detail/empty__rosidl_typesupport_introspection_c.h
[3.715s] -- Up-to-date symlink: /root/catkin_ws/install/std_srvs/include/std_srvs/srv/detail/set_bool__rosidl_typesupport_introspection_c.h
[3.716s] -- Up-to-date symlink: /root/catkin_ws/install/std_srvs/include/std_srvs/srv/detail/trigger__rosidl_typesupport_introspection_c.h
[3.717s] -- Up-to-date symlink: /root/catkin_ws/install/std_srvs/include/std_srvs/srv/detail/empty__builder.hpp
[3.717s] -- Up-to-date symlink: /root/catkin_ws/install/std_srvs/include/std_srvs/srv/detail/empty__struct.hpp
[3.718s] -- Up-to-date symlink: /root/catkin_ws/install/std_srvs/include/std_srvs/srv/detail/empty__traits.hpp
[3.718s] -- Up-to-date symlink: /root/catkin_ws/install/std_srvs/include/std_srvs/srv/detail/set_bool__builder.hpp
[3.719s] -- Up-to-date symlink: /root/catkin_ws/install/std_srvs/include/std_srvs/srv/detail/set_bool__struct.hpp
[3.719s] -- Up-to-date symlink: /root/catkin_ws/install/std_srvs/include/std_srvs/srv/detail/set_bool__traits.hpp
[3.720s] -- Up-to-date symlink: /root/catkin_ws/install/std_srvs/include/std_srvs/srv/detail/trigger__builder.hpp
[3.720s] -- Up-to-date symlink: /root/catkin_ws/install/std_srvs/include/std_srvs/srv/detail/trigger__struct.hpp
[3.720s] -- Up-to-date symlink: /root/catkin_ws/install/std_srvs/include/std_srvs/srv/detail/trigger__traits.hpp
[3.721s] -- Up-to-date symlink: /root/catkin_ws/install/std_srvs/include/std_srvs/srv/empty.hpp
[3.721s] -- Up-to-date symlink: /root/catkin_ws/install/std_srvs/include/std_srvs/srv/set_bool.hpp
[3.726s] -- Up-to-date symlink: /root/catkin_ws/install/std_srvs/include/std_srvs/srv/trigger.hpp
[3.727s] -- Up-to-date symlink: /root/catkin_ws/install/std_srvs/include/std_srvs/msg/rosidl_typesupport_microxrcedds_cpp__visibility_control.h
[3.728s] -- Up-to-date symlink: /root/catkin_ws/install/std_srvs/include/std_srvs/srv/detail/empty__rosidl_typesupport_microxrcedds_cpp.hpp
[3.728s] -- Up-to-date symlink: /root/catkin_ws/install/std_srvs/include/std_srvs/srv/detail/microxrcedds/empty__type_support_cpp.cpp
[3.728s] -- Up-to-date symlink: /root/catkin_ws/install/std_srvs/include/std_srvs/srv/detail/microxrcedds/set_bool__type_support_cpp.cpp
[3.729s] -- Up-to-date symlink: /root/catkin_ws/install/std_srvs/include/std_srvs/srv/detail/microxrcedds/trigger__type_support_cpp.cpp
[3.729s] -- Up-to-date symlink: /root/catkin_ws/install/std_srvs/include/std_srvs/srv/detail/set_bool__rosidl_typesupport_microxrcedds_cpp.hpp
[3.729s] -- Up-to-date symlink: /root/catkin_ws/install/std_srvs/include/std_srvs/srv/detail/trigger__rosidl_typesupport_microxrcedds_cpp.hpp
[3.730s] -- Up-to-date symlink: /root/catkin_ws/install/std_srvs/lib/libstd_srvs__rosidl_typesupport_microxrcedds_cpp.so
[3.731s] -- Up-to-date symlink: /root/catkin_ws/install/std_srvs/include/std_srvs/srv/detail/empty__rosidl_typesupport_introspection_cpp.hpp
[3.731s] -- Up-to-date symlink: /root/catkin_ws/install/std_srvs/include/std_srvs/srv/detail/set_bool__rosidl_typesupport_introspection_cpp.hpp
[3.732s] -- Up-to-date symlink: /root/catkin_ws/install/std_srvs/include/std_srvs/srv/detail/trigger__rosidl_typesupport_introspection_cpp.hpp
[3.732s] -- Up-to-date symlink: /root/catkin_ws/install/std_srvs/share/std_srvs/environment/pythonpath.sh
[3.732s] -- Up-to-date symlink: /root/catkin_ws/install/std_srvs/share/std_srvs/environment/pythonpath.dsv
[3.733s] -- Up-to-date symlink: /root/catkin_ws/install/std_srvs/lib/python3.8/site-packages/std_srvs/__init__.py
[3.734s] -- Up-to-date symlink: /root/catkin_ws/install/std_srvs/lib/python3.8/site-packages/std_srvs/srv/__init__.py
[3.735s] -- Up-to-date symlink: /root/catkin_ws/install/std_srvs/lib/python3.8/site-packages/std_srvs/srv/_empty.py
[3.736s] -- Up-to-date symlink: /root/catkin_ws/install/std_srvs/lib/python3.8/site-packages/std_srvs/srv/_set_bool.py
[3.736s] -- Up-to-date symlink: /root/catkin_ws/install/std_srvs/lib/python3.8/site-packages/std_srvs/srv/_trigger.py
[3.736s] -- Up-to-date symlink: /root/catkin_ws/install/std_srvs/lib/python3.8/site-packages/std_srvs/std_srvs_s__rosidl_typesupport_microxrcedds_c.cpython-38-x86_64-linux-gnu.so
[3.737s] -- Up-to-date symlink: /root/catkin_ws/install/std_srvs/lib/python3.8/site-packages/std_srvs/std_srvs_s__rosidl_typesupport_fastrtps_c.cpython-38-x86_64-linux-gnu.so
[3.737s] -- Up-to-date symlink: /root/catkin_ws/install/std_srvs/lib/python3.8/site-packages/std_srvs/std_srvs_s__rosidl_typesupport_introspection_c.cpython-38-x86_64-linux-gnu.so
[3.737s] -- Up-to-date symlink: /root/catkin_ws/install/std_srvs/lib/python3.8/site-packages/std_srvs/std_srvs_s__rosidl_typesupport_c.cpython-38-x86_64-linux-gnu.so
[3.740s] -- Up-to-date symlink: /root/catkin_ws/install/std_srvs/lib/libstd_srvs__python.so
[3.740s] -- Up-to-date symlink: /root/catkin_ws/install/std_srvs/share/std_srvs/srv/Empty.idl
[3.740s] -- Up-to-date symlink: /root/catkin_ws/install/std_srvs/share/std_srvs/srv/SetBool.idl
[3.741s] -- Up-to-date symlink: /root/catkin_ws/install/std_srvs/share/std_srvs/srv/Trigger.idl
[3.741s] -- Up-to-date symlink: /root/catkin_ws/install/std_srvs/share/std_srvs/srv/Empty.srv
[3.741s] -- Up-to-date symlink: /root/catkin_ws/install/std_srvs/share/std_srvs/srv/Empty_Request.msg
[3.741s] -- Up-to-date symlink: /root/catkin_ws/install/std_srvs/share/std_srvs/srv/Empty_Response.msg
[3.742s] -- Up-to-date symlink: /root/catkin_ws/install/std_srvs/share/std_srvs/srv/SetBool.srv
[3.742s] -- Up-to-date symlink: /root/catkin_ws/install/std_srvs/share/std_srvs/srv/SetBool_Request.msg
[3.742s] -- Up-to-date symlink: /root/catkin_ws/install/std_srvs/share/std_srvs/srv/SetBool_Response.msg
[3.742s] -- Up-to-date symlink: /root/catkin_ws/install/std_srvs/share/std_srvs/srv/Trigger.srv
[3.743s] -- Up-to-date symlink: /root/catkin_ws/install/std_srvs/share/std_srvs/srv/Trigger_Request.msg
[3.743s] -- Up-to-date symlink: /root/catkin_ws/install/std_srvs/share/std_srvs/srv/Trigger_Response.msg
[3.744s] -- Up-to-date symlink: /root/catkin_ws/install/std_srvs/share/ament_index/resource_index/package_run_dependencies/std_srvs
[3.745s] -- Up-to-date symlink: /root/catkin_ws/install/std_srvs/share/ament_index/resource_index/parent_prefix_path/std_srvs
[3.745s] -- Up-to-date symlink: /root/catkin_ws/install/std_srvs/share/std_srvs/environment/ament_prefix_path.sh
[3.746s] -- Up-to-date symlink: /root/catkin_ws/install/std_srvs/share/std_srvs/environment/ament_prefix_path.dsv
[3.746s] -- Up-to-date symlink: /root/catkin_ws/install/std_srvs/share/std_srvs/environment/path.sh
[3.746s] -- Up-to-date symlink: /root/catkin_ws/install/std_srvs/share/std_srvs/environment/path.dsv
[3.747s] -- Up-to-date symlink: /root/catkin_ws/install/std_srvs/share/std_srvs/local_setup.bash
[3.747s] -- Up-to-date symlink: /root/catkin_ws/install/std_srvs/share/std_srvs/local_setup.sh
[3.748s] -- Up-to-date symlink: /root/catkin_ws/install/std_srvs/share/std_srvs/local_setup.zsh
[3.748s] -- Up-to-date symlink: /root/catkin_ws/install/std_srvs/share/std_srvs/local_setup.dsv
[3.748s] -- Symlinking: /root/catkin_ws/install/std_srvs/share/std_srvs/package.dsv
[3.778s] -- Up-to-date symlink: /root/catkin_ws/install/std_srvs/share/ament_index/resource_index/packages/std_srvs
[3.778s] -- Up-to-date symlink: /root/catkin_ws/install/std_srvs/share/std_srvs/cmake/rosidl_cmake-extras.cmake
[3.778s] -- Up-to-date symlink: /root/catkin_ws/install/std_srvs/share/std_srvs/cmake/ament_cmake_export_dependencies-extras.cmake
[3.781s] -- Up-to-date symlink: /root/catkin_ws/install/std_srvs/share/std_srvs/cmake/ament_cmake_export_libraries-extras.cmake
[3.781s] -- Up-to-date symlink: /root/catkin_ws/install/std_srvs/share/std_srvs/cmake/ament_cmake_export_targets-extras.cmake
[3.781s] -- Up-to-date symlink: /root/catkin_ws/install/std_srvs/share/std_srvs/cmake/ament_cmake_export_include_directories-extras.cmake
[3.782s] -- Up-to-date symlink: /root/catkin_ws/install/std_srvs/share/std_srvs/cmake/rosidl_cmake_export_typesupport_libraries-extras.cmake
[3.782s] -- Up-to-date symlink: /root/catkin_ws/install/std_srvs/share/std_srvs/cmake/rosidl_cmake_export_typesupport_targets-extras.cmake
[3.782s] -- Up-to-date symlink: /root/catkin_ws/install/std_srvs/share/std_srvs/cmake/std_srvsConfig.cmake
[3.783s] -- Up-to-date symlink: /root/catkin_ws/install/std_srvs/share/std_srvs/cmake/std_srvsConfig-version.cmake
[3.783s] -- Up-to-date symlink: /root/catkin_ws/install/std_srvs/share/std_srvs/package.xml
[3.784s] -- Up-to-date: /root/catkin_ws/install/std_srvs/lib/libstd_srvs__rosidl_generator_c.so
[3.787s] -- Up-to-date: /root/catkin_ws/install/std_srvs/lib/libstd_srvs__rosidl_typesupport_introspection_c.so
[3.787s] -- Up-to-date: /root/catkin_ws/install/std_srvs/lib/libstd_srvs__rosidl_typesupport_c.so
[3.787s] -- Up-to-date: /root/catkin_ws/install/std_srvs/lib/libstd_srvs__rosidl_typesupport_introspection_cpp.so
[3.787s] -- Up-to-date: /root/catkin_ws/install/std_srvs/lib/libstd_srvs__rosidl_typesupport_cpp.so
[3.946s] Compiling '/root/catkin_ws/install/std_srvs/lib/python3.8/site-packages/std_srvs/__init__.py'...
[3.952s] -- Up-to-date: /root/catkin_ws/install/std_srvs/share/std_srvs/cmake/std_srvs__rosidl_generator_cExport.cmake
[3.952s] -- Installing: /root/catkin_ws/install/std_srvs/share/std_srvs/cmake/std_srvs__rosidl_generator_cExport-noconfig.cmake
[3.953s] -- Up-to-date: /root/catkin_ws/install/std_srvs/share/std_srvs/cmake/std_srvs__rosidl_typesupport_introspection_cExport.cmake
[3.953s] -- Installing: /root/catkin_ws/install/std_srvs/share/std_srvs/cmake/std_srvs__rosidl_typesupport_introspection_cExport-noconfig.cmake
[3.953s] -- Up-to-date: /root/catkin_ws/install/std_srvs/share/std_srvs/cmake/std_srvs__rosidl_typesupport_cExport.cmake
[3.953s] -- Installing: /root/catkin_ws/install/std_srvs/share/std_srvs/cmake/std_srvs__rosidl_typesupport_cExport-noconfig.cmake
[3.954s] -- Up-to-date: /root/catkin_ws/install/std_srvs/share/std_srvs/cmake/std_srvs__rosidl_generator_cppExport.cmake
[3.954s] -- Up-to-date: /root/catkin_ws/install/std_srvs/share/std_srvs/cmake/std_srvs__rosidl_typesupport_introspection_cppExport.cmake
[3.954s] -- Installing: /root/catkin_ws/install/std_srvs/share/std_srvs/cmake/std_srvs__rosidl_typesupport_introspection_cppExport-noconfig.cmake
[3.956s] -- Up-to-date: /root/catkin_ws/install/std_srvs/share/std_srvs/cmake/std_srvs__rosidl_typesupport_cppExport.cmake
[3.957s] -- Installing: /root/catkin_ws/install/std_srvs/share/std_srvs/cmake/std_srvs__rosidl_typesupport_cppExport-noconfig.cmake
[3.964s] Invoked command in '/root/catkin_ws/build/std_srvs' returned '0': CMAKE_PREFIX_PATH=${CMAKE_PREFIX_PATH}:/root/catkin_ws/install/topic_service_action_rclpy_example:/root/catkin_ws/install/time_rclpy_example:/root/catkin_ws/install/tf2_rclpy_example:/root/catkin_ws/install/sensor_msgs_py:/root/catkin_ws/install/omo_r1mini_teleop:/root/catkin_ws/install/omo_r1mini_bringup:/root/catkin_ws/install/my_first_ros_rclpy_pkg:/root/catkin_ws/install/logging_rclpy_example:/root/catkin_ws/install/iahrs_driver:/root/catkin_ws/install/ros2env:/root/install/topic_service_action_rclpy_example:/root/install/time_rclpy_example:/root/install/tf2_rclpy_example:/root/install/ros2env:/root/install/omo_r1mini_teleop:/root/install/omo_r1mini_bringup:/root/install/my_first_ros_rclpy_pkg:/root/install/logging_rclpy_example:/opt/ros/foxy /usr/bin/cmake --install /root/catkin_ws/build/std_srvs
