[0.111s] Invoking command in '/root/catkin_ws/build/ydlidar_ros2_driver': CMAKE_PREFIX_PATH=${CMAKE_PREFIX_PATH}:/root/catkin_ws/install/omo_r1mini_teleop:/root/catkin_ws/install/omo_r1mini_bringup:/opt/ros/foxy /usr/bin/cmake --build /root/catkin_ws/build/ydlidar_ros2_driver -- -j12 -l12
[0.221s] [ 50%] Built target ydlidar_ros2_driver_client
[0.221s] [100%] Built target ydlidar_ros2_driver_node
[0.239s] Invoked command in '/root/catkin_ws/build/ydlidar_ros2_driver' returned '0': CMAKE_PREFIX_PATH=${CMAKE_PREFIX_PATH}:/root/catkin_ws/install/omo_r1mini_teleop:/root/catkin_ws/install/omo_r1mini_bringup:/opt/ros/foxy /usr/bin/cmake --build /root/catkin_ws/build/ydlidar_ros2_driver -- -j12 -l12
[0.288s] Invoking command in '/root/catkin_ws/build/ydlidar_ros2_driver': CMAKE_PREFIX_PATH=${CMAKE_PREFIX_PATH}:/root/catkin_ws/install/omo_r1mini_teleop:/root/catkin_ws/install/omo_r1mini_bringup:/opt/ros/foxy /usr/bin/cmake --install /root/catkin_ws/build/ydlidar_ros2_driver
[0.301s] -- Install configuration: ""
[0.301s] -- Execute custom install script
[0.302s] -- Up-to-date symlink: /root/catkin_ws/install/ydlidar_ros2_driver/lib/ydlidar_ros2_driver/ydlidar_ros2_driver_node
[0.302s] -- Up-to-date symlink: /root/catkin_ws/install/ydlidar_ros2_driver/lib/ydlidar_ros2_driver/ydlidar_ros2_driver_client
[0.303s] -- Up-to-date symlink: /root/catkin_ws/install/ydlidar_ros2_driver/share/ydlidar_ros2_driver/launch/ydlidar.py
[0.303s] -- Up-to-date symlink: /root/catkin_ws/install/ydlidar_ros2_driver/share/ydlidar_ros2_driver/launch/ydlidar_launch.py
[0.303s] -- Up-to-date symlink: /root/catkin_ws/install/ydlidar_ros2_driver/share/ydlidar_ros2_driver/launch/ydlidar_launch_view.py
[0.303s] -- Up-to-date symlink: /root/catkin_ws/install/ydlidar_ros2_driver/share/ydlidar_ros2_driver/params/ydlidar.yaml
[0.304s] -- Up-to-date symlink: /root/catkin_ws/install/ydlidar_ros2_driver/share/ydlidar_ros2_driver/startup/initenv.sh
[0.304s] -- Up-to-date symlink: /root/catkin_ws/install/ydlidar_ros2_driver/share/ydlidar_ros2_driver/config/ydlidar.rviz
[0.305s] -- Up-to-date symlink: /root/catkin_ws/install/ydlidar_ros2_driver/share/ament_index/resource_index/package_run_dependencies/ydlidar_ros2_driver
[0.305s] -- Up-to-date symlink: /root/catkin_ws/install/ydlidar_ros2_driver/share/ament_index/resource_index/parent_prefix_path/ydlidar_ros2_driver
[0.305s] -- Up-to-date symlink: /root/catkin_ws/install/ydlidar_ros2_driver/share/ydlidar_ros2_driver/environment/ament_prefix_path.sh
[0.306s] -- Up-to-date symlink: /root/catkin_ws/install/ydlidar_ros2_driver/share/ydlidar_ros2_driver/environment/ament_prefix_path.dsv
[0.306s] -- Up-to-date symlink: /root/catkin_ws/install/ydlidar_ros2_driver/share/ydlidar_ros2_driver/environment/path.sh
[0.306s] -- Up-to-date symlink: /root/catkin_ws/install/ydlidar_ros2_driver/share/ydlidar_ros2_driver/environment/path.dsv
[0.307s] -- Up-to-date symlink: /root/catkin_ws/install/ydlidar_ros2_driver/share/ydlidar_ros2_driver/local_setup.bash
[0.307s] -- Up-to-date symlink: /root/catkin_ws/install/ydlidar_ros2_driver/share/ydlidar_ros2_driver/local_setup.sh
[0.307s] -- Up-to-date symlink: /root/catkin_ws/install/ydlidar_ros2_driver/share/ydlidar_ros2_driver/local_setup.zsh
[0.308s] -- Up-to-date symlink: /root/catkin_ws/install/ydlidar_ros2_driver/share/ydlidar_ros2_driver/local_setup.dsv
[0.308s] -- Symlinking: /root/catkin_ws/install/ydlidar_ros2_driver/share/ydlidar_ros2_driver/package.dsv
[0.320s] -- Up-to-date symlink: /root/catkin_ws/install/ydlidar_ros2_driver/share/ament_index/resource_index/packages/ydlidar_ros2_driver
[0.320s] -- Up-to-date symlink: /root/catkin_ws/install/ydlidar_ros2_driver/share/ydlidar_ros2_driver/cmake/ydlidar_ros2_driverConfig.cmake
[0.321s] -- Up-to-date symlink: /root/catkin_ws/install/ydlidar_ros2_driver/share/ydlidar_ros2_driver/cmake/ydlidar_ros2_driverConfig-version.cmake
[0.321s] -- Up-to-date symlink: /root/catkin_ws/install/ydlidar_ros2_driver/share/ydlidar_ros2_driver/package.xml
[0.327s] Invoked command in '/root/catkin_ws/build/ydlidar_ros2_driver' returned '0': CMAKE_PREFIX_PATH=${CMAKE_PREFIX_PATH}:/root/catkin_ws/install/omo_r1mini_teleop:/root/catkin_ws/install/omo_r1mini_bringup:/opt/ros/foxy /usr/bin/cmake --install /root/catkin_ws/build/ydlidar_ros2_driver
