-- Found ament_cmake: 0.9.11 (/opt/ros/foxy/share/ament_cmake/cmake)
-- Found PythonInterp: /usr/bin/python3 (found suitable version "3.8.10", minimum required is "3") 
-- Using PYTHON_EXECUTABLE: /usr/bin/python3
-- Override CMake install command with custom implementation using symlinks instead of copying resources
-- Found std_msgs: 2.0.5 (/opt/ros/foxy/share/std_msgs/cmake)
-- Using all available rosidl_typesupport_c: rosidl_typesupport_microxrcedds_c;rosidl_typesupport_fastrtps_c;rosidl_typesupport_introspection_c
-- Found rosidl_adapter: 1.3.0 (/opt/ros/foxy/share/rosidl_adapter/cmake)
-- Using all available rosidl_typesupport_cpp: rosidl_typesupport_microxrcedds_cpp;rosidl_typesupport_fastrtps_cpp;rosidl_typesupport_introspection_cpp
-- Found rosidl_default_generators: 1.0.1 (/opt/ros/foxy/share/rosidl_default_generators/cmake)
-- Found PythonInterp: /usr/bin/python3 (found version "3.8.10") 
-- Found ament_cmake_ros: 0.9.2 (/opt/ros/foxy/share/ament_cmake_ros/cmake)
-- Using all available rosidl_typesupport_c: rosidl_typesupport_microxrcedds_c;rosidl_typesupport_fastrtps_c;rosidl_typesupport_introspection_c
-- Using all available rosidl_typesupport_cpp: rosidl_typesupport_microxrcedds_cpp;rosidl_typesupport_fastrtps_cpp;rosidl_typesupport_introspection_cpp
-- Found PythonInterp: /usr/bin/python3 (found suitable version "3.8.10", minimum required is "3.5") 
-- Found python_cmake_module: 0.8.1 (/opt/ros/foxy/share/python_cmake_module/cmake)
-- Using PYTHON_EXECUTABLE: /usr/bin/python3
-- Using PYTHON_INCLUDE_DIRS: /usr/include/python3.8
-- Using PYTHON_LIBRARIES: /usr/lib/x86_64-linux-gnu/libpython3.8.so
-- Configuring done
-- Generating done
-- Build files have been written to: /root/catkin_ws/build/drive_base_msgs
[  1%] Built target drive_base_msgs__cpp
[ 10%] Built target drive_base_msgs__rosidl_generator_c
[ 18%] Built target drive_base_msgs__rosidl_typesupport_introspection_cpp
[ 20%] [34m[1mGenerating C++ type support for eProsima Micro XRCE-DDS[0m
[ 21%] [34m[1mGenerating C type support dispatch for ROS interfaces[0m
[35m[1mScanning dependencies of target drive_base_msgs__rosidl_typesupport_c[0m
[ 23%] [32mBuilding CXX object CMakeFiles/drive_base_msgs__rosidl_typesupport_c.dir/rosidl_typesupport_c/drive_base_msgs/msg/base_info__type_support.cpp.o[0m
[ 24%] [32mBuilding CXX object CMakeFiles/drive_base_msgs__rosidl_typesupport_c.dir/rosidl_typesupport_c/drive_base_msgs/msg/command_header__type_support.cpp.o[0m
[35m[1mScanning dependencies of target drive_base_msgs__rosidl_typesupport_microxrcedds_cpp[0m
[ 26%] [32mBuilding CXX object CMakeFiles/drive_base_msgs__rosidl_typesupport_microxrcedds_cpp.dir/rosidl_typesupport_microxrcedds_cpp/drive_base_msgs/msg/detail/microxrcedds/command_header__type_support_cpp.cpp.o[0m
[ 27%] [32mBuilding CXX object CMakeFiles/drive_base_msgs__rosidl_typesupport_microxrcedds_cpp.dir/rosidl_typesupport_microxrcedds_cpp/drive_base_msgs/msg/detail/microxrcedds/base_info__type_support_cpp.cpp.o[0m
[ 28%] [32mBuilding CXX object CMakeFiles/drive_base_msgs__rosidl_typesupport_c.dir/rosidl_typesupport_c/drive_base_msgs/msg/trv_command__type_support.cpp.o[0m
[ 30%] [32mBuilding CXX object CMakeFiles/drive_base_msgs__rosidl_typesupport_c.dir/rosidl_typesupport_c/drive_base_msgs/msg/command_status__type_support.cpp.o[0m
[ 31%] [32m[1mLinking CXX shared library libdrive_base_msgs__rosidl_typesupport_c.so[0m
[ 31%] Built target drive_base_msgs__rosidl_typesupport_c
[ 33%] [34m[1mGenerating C type support for eProsima Micro XRCE-DDS[0m
[ 34%] [32mBuilding CXX object CMakeFiles/drive_base_msgs__rosidl_typesupport_microxrcedds_cpp.dir/rosidl_typesupport_microxrcedds_cpp/drive_base_msgs/msg/detail/microxrcedds/trv_command__type_support_cpp.cpp.o[0m
[ 36%] [32mBuilding CXX object CMakeFiles/drive_base_msgs__rosidl_typesupport_microxrcedds_cpp.dir/rosidl_typesupport_microxrcedds_cpp/drive_base_msgs/msg/detail/microxrcedds/command_status__type_support_cpp.cpp.o[0m
[ 37%] [32m[1mLinking CXX shared library libdrive_base_msgs__rosidl_typesupport_microxrcedds_cpp.so[0m
[35m[1mScanning dependencies of target drive_base_msgs__rosidl_typesupport_microxrcedds_c[0m
[ 39%] [32mBuilding C object CMakeFiles/drive_base_msgs__rosidl_typesupport_microxrcedds_c.dir/rosidl_typesupport_microxrcedds_c/drive_base_msgs/msg/detail/microxrcedds/command_header__type_support_c.c.o[0m
[ 39%] Built target drive_base_msgs__rosidl_typesupport_microxrcedds_cpp
[ 40%] [32mBuilding C object CMakeFiles/drive_base_msgs__rosidl_typesupport_microxrcedds_c.dir/rosidl_typesupport_microxrcedds_c/drive_base_msgs/msg/detail/microxrcedds/trv_command__type_support_c.c.o[0m
[ 42%] [32mBuilding C object CMakeFiles/drive_base_msgs__rosidl_typesupport_microxrcedds_c.dir/rosidl_typesupport_microxrcedds_c/drive_base_msgs/msg/detail/microxrcedds/command_status__type_support_c.c.o[0m
[ 43%] [32mBuilding C object CMakeFiles/drive_base_msgs__rosidl_typesupport_microxrcedds_c.dir/rosidl_typesupport_microxrcedds_c/drive_base_msgs/msg/detail/microxrcedds/base_info__type_support_c.c.o[0m
[ 44%] [32m[1mLinking C shared library libdrive_base_msgs__rosidl_typesupport_microxrcedds_c.so[0m
[ 44%] Built target drive_base_msgs__rosidl_typesupport_microxrcedds_c
[ 53%] Built target drive_base_msgs__rosidl_typesupport_introspection_c
[ 55%] [34m[1mGenerating C++ type support dispatch for ROS interfaces[0m
[35m[1mScanning dependencies of target drive_base_msgs__rosidl_typesupport_cpp[0m
[ 56%] [32mBuilding CXX object CMakeFiles/drive_base_msgs__rosidl_typesupport_cpp.dir/rosidl_typesupport_cpp/drive_base_msgs/msg/command_header__type_support.cpp.o[0m
[ 57%] [32mBuilding CXX object CMakeFiles/drive_base_msgs__rosidl_typesupport_cpp.dir/rosidl_typesupport_cpp/drive_base_msgs/msg/trv_command__type_support.cpp.o[0m
[ 59%] [32mBuilding CXX object CMakeFiles/drive_base_msgs__rosidl_typesupport_cpp.dir/rosidl_typesupport_cpp/drive_base_msgs/msg/command_status__type_support.cpp.o[0m
[ 60%] [32mBuilding CXX object CMakeFiles/drive_base_msgs__rosidl_typesupport_cpp.dir/rosidl_typesupport_cpp/drive_base_msgs/msg/base_info__type_support.cpp.o[0m
[ 62%] [32m[1mLinking CXX shared library libdrive_base_msgs__rosidl_typesupport_cpp.so[0m
[ 62%] Built target drive_base_msgs__rosidl_typesupport_cpp
[ 71%] Built target drive_base_msgs__rosidl_typesupport_fastrtps_cpp
[ 79%] Built target drive_base_msgs__rosidl_typesupport_fastrtps_c
[ 79%] Built target drive_base_msgs
[35m[1mScanning dependencies of target drive_base_msgs__py[0m
[ 81%] [34m[1mGenerating Python code for ROS interfaces[0m
[ 81%] Built target drive_base_msgs__py
[35m[1mScanning dependencies of target drive_base_msgs__python[0m
[ 82%] [32mBuilding C object CMakeFiles/drive_base_msgs__python.dir/rosidl_generator_py/drive_base_msgs/msg/_command_header_s.c.o[0m
[ 84%] [32mBuilding C object CMakeFiles/drive_base_msgs__python.dir/rosidl_generator_py/drive_base_msgs/msg/_trv_command_s.c.o[0m
[ 85%] [32mBuilding C object CMakeFiles/drive_base_msgs__python.dir/rosidl_generator_py/drive_base_msgs/msg/_command_status_s.c.o[0m
[ 86%] [32mBuilding C object CMakeFiles/drive_base_msgs__python.dir/rosidl_generator_py/drive_base_msgs/msg/_base_info_s.c.o[0m
[ 88%] [32m[1mLinking C shared library rosidl_generator_py/drive_base_msgs/libdrive_base_msgs__python.so[0m
[ 88%] Built target drive_base_msgs__python
[35m[1mScanning dependencies of target drive_base_msgs__rosidl_typesupport_c__pyext[0m
[ 89%] [32mBuilding C object CMakeFiles/drive_base_msgs__rosidl_typesupport_c__pyext.dir/rosidl_generator_py/drive_base_msgs/_drive_base_msgs_s.ep.rosidl_typesupport_c.c.o[0m
[ 91%] [32m[1mLinking C shared library rosidl_generator_py/drive_base_msgs/drive_base_msgs_s__rosidl_typesupport_c.cpython-38-x86_64-linux-gnu.so[0m
[ 91%] Built target drive_base_msgs__rosidl_typesupport_c__pyext
[35m[1mScanning dependencies of target drive_base_msgs__rosidl_typesupport_introspection_c__pyext[0m
[ 92%] [32mBuilding C object CMakeFiles/drive_base_msgs__rosidl_typesupport_introspection_c__pyext.dir/rosidl_generator_py/drive_base_msgs/_drive_base_msgs_s.ep.rosidl_typesupport_introspection_c.c.o[0m
[ 94%] [32m[1mLinking C shared library rosidl_generator_py/drive_base_msgs/drive_base_msgs_s__rosidl_typesupport_introspection_c.cpython-38-x86_64-linux-gnu.so[0m
[ 94%] Built target drive_base_msgs__rosidl_typesupport_introspection_c__pyext
[35m[1mScanning dependencies of target drive_base_msgs__rosidl_typesupport_microxrcedds_c__pyext[0m
[ 95%] [32mBuilding C object CMakeFiles/drive_base_msgs__rosidl_typesupport_microxrcedds_c__pyext.dir/rosidl_generator_py/drive_base_msgs/_drive_base_msgs_s.ep.rosidl_typesupport_microxrcedds_c.c.o[0m
[ 97%] [32m[1mLinking C shared library rosidl_generator_py/drive_base_msgs/drive_base_msgs_s__rosidl_typesupport_microxrcedds_c.cpython-38-x86_64-linux-gnu.so[0m
[ 97%] Built target drive_base_msgs__rosidl_typesupport_microxrcedds_c__pyext
[35m[1mScanning dependencies of target drive_base_msgs__rosidl_typesupport_fastrtps_c__pyext[0m
[ 98%] [32mBuilding C object CMakeFiles/drive_base_msgs__rosidl_typesupport_fastrtps_c__pyext.dir/rosidl_generator_py/drive_base_msgs/_drive_base_msgs_s.ep.rosidl_typesupport_fastrtps_c.c.o[0m
[100%] [32m[1mLinking CXX shared library rosidl_generator_py/drive_base_msgs/drive_base_msgs_s__rosidl_typesupport_fastrtps_c.cpython-38-x86_64-linux-gnu.so[0m
[100%] Built target drive_base_msgs__rosidl_typesupport_fastrtps_c__pyext
-- Install configuration: ""
-- Execute custom install script
-- Up-to-date symlink: /root/catkin_ws/install/drive_base_msgs/share/ament_index/resource_index/rosidl_interfaces/drive_base_msgs
-- Up-to-date symlink: /root/catkin_ws/install/drive_base_msgs/include/drive_base_msgs/msg/base_info.h
-- Up-to-date symlink: /root/catkin_ws/install/drive_base_msgs/include/drive_base_msgs/msg/command_header.h
-- Up-to-date symlink: /root/catkin_ws/install/drive_base_msgs/include/drive_base_msgs/msg/command_status.h
-- Up-to-date symlink: /root/catkin_ws/install/drive_base_msgs/include/drive_base_msgs/msg/detail/base_info__functions.h
-- Up-to-date symlink: /root/catkin_ws/install/drive_base_msgs/include/drive_base_msgs/msg/detail/base_info__struct.h
-- Up-to-date symlink: /root/catkin_ws/install/drive_base_msgs/include/drive_base_msgs/msg/detail/base_info__type_support.h
-- Up-to-date symlink: /root/catkin_ws/install/drive_base_msgs/include/drive_base_msgs/msg/detail/command_header__functions.h
-- Up-to-date symlink: /root/catkin_ws/install/drive_base_msgs/include/drive_base_msgs/msg/detail/command_header__struct.h
-- Up-to-date symlink: /root/catkin_ws/install/drive_base_msgs/include/drive_base_msgs/msg/detail/command_header__type_support.h
-- Up-to-date symlink: /root/catkin_ws/install/drive_base_msgs/include/drive_base_msgs/msg/detail/command_status__functions.h
-- Up-to-date symlink: /root/catkin_ws/install/drive_base_msgs/include/drive_base_msgs/msg/detail/command_status__struct.h
-- Up-to-date symlink: /root/catkin_ws/install/drive_base_msgs/include/drive_base_msgs/msg/detail/command_status__type_support.h
-- Up-to-date symlink: /root/catkin_ws/install/drive_base_msgs/include/drive_base_msgs/msg/detail/trv_command__functions.h
-- Up-to-date symlink: /root/catkin_ws/install/drive_base_msgs/include/drive_base_msgs/msg/detail/trv_command__struct.h
-- Up-to-date symlink: /root/catkin_ws/install/drive_base_msgs/include/drive_base_msgs/msg/detail/trv_command__type_support.h
-- Up-to-date symlink: /root/catkin_ws/install/drive_base_msgs/include/drive_base_msgs/msg/rosidl_generator_c__visibility_control.h
-- Up-to-date symlink: /root/catkin_ws/install/drive_base_msgs/include/drive_base_msgs/msg/trv_command.h
-- Up-to-date symlink: /root/catkin_ws/install/drive_base_msgs/share/drive_base_msgs/environment/library_path.sh
-- Up-to-date symlink: /root/catkin_ws/install/drive_base_msgs/share/drive_base_msgs/environment/library_path.dsv
-- Symlinking: /root/catkin_ws/install/drive_base_msgs/include/drive_base_msgs/msg/detail/base_info__rosidl_typesupport_microxrcedds_c.h
-- Symlinking: /root/catkin_ws/install/drive_base_msgs/include/drive_base_msgs/msg/detail/command_header__rosidl_typesupport_microxrcedds_c.h
-- Symlinking: /root/catkin_ws/install/drive_base_msgs/include/drive_base_msgs/msg/detail/command_status__rosidl_typesupport_microxrcedds_c.h
-- Symlinking: /root/catkin_ws/install/drive_base_msgs/include/drive_base_msgs/msg/detail/trv_command__rosidl_typesupport_microxrcedds_c.h
-- Symlinking: /root/catkin_ws/install/drive_base_msgs/include/drive_base_msgs/msg/rosidl_typesupport_microxrcedds_c__visibility_control.h
-- Symlinking: /root/catkin_ws/install/drive_base_msgs/lib/libdrive_base_msgs__rosidl_typesupport_microxrcedds_c.so
-- Up-to-date symlink: /root/catkin_ws/install/drive_base_msgs/include/drive_base_msgs/msg/detail/base_info__rosidl_typesupport_fastrtps_c.h
-- Up-to-date symlink: /root/catkin_ws/install/drive_base_msgs/include/drive_base_msgs/msg/detail/command_header__rosidl_typesupport_fastrtps_c.h
-- Up-to-date symlink: /root/catkin_ws/install/drive_base_msgs/include/drive_base_msgs/msg/detail/command_status__rosidl_typesupport_fastrtps_c.h
-- Up-to-date symlink: /root/catkin_ws/install/drive_base_msgs/include/drive_base_msgs/msg/detail/trv_command__rosidl_typesupport_fastrtps_c.h
-- Up-to-date symlink: /root/catkin_ws/install/drive_base_msgs/include/drive_base_msgs/msg/rosidl_typesupport_fastrtps_c__visibility_control.h
-- Up-to-date symlink: /root/catkin_ws/install/drive_base_msgs/lib/libdrive_base_msgs__rosidl_typesupport_fastrtps_c.so
-- Up-to-date symlink: /root/catkin_ws/install/drive_base_msgs/include/drive_base_msgs/msg/detail/base_info__rosidl_typesupport_fastrtps_cpp.hpp
-- Up-to-date symlink: /root/catkin_ws/install/drive_base_msgs/include/drive_base_msgs/msg/detail/command_header__rosidl_typesupport_fastrtps_cpp.hpp
-- Up-to-date symlink: /root/catkin_ws/install/drive_base_msgs/include/drive_base_msgs/msg/detail/command_status__rosidl_typesupport_fastrtps_cpp.hpp
-- Up-to-date symlink: /root/catkin_ws/install/drive_base_msgs/include/drive_base_msgs/msg/detail/trv_command__rosidl_typesupport_fastrtps_cpp.hpp
-- Up-to-date symlink: /root/catkin_ws/install/drive_base_msgs/include/drive_base_msgs/msg/rosidl_typesupport_fastrtps_cpp__visibility_control.h
-- Up-to-date symlink: /root/catkin_ws/install/drive_base_msgs/lib/libdrive_base_msgs__rosidl_typesupport_fastrtps_cpp.so
-- Up-to-date symlink: /root/catkin_ws/install/drive_base_msgs/include/drive_base_msgs/msg/detail/base_info__rosidl_typesupport_introspection_c.h
-- Up-to-date symlink: /root/catkin_ws/install/drive_base_msgs/include/drive_base_msgs/msg/detail/command_header__rosidl_typesupport_introspection_c.h
-- Up-to-date symlink: /root/catkin_ws/install/drive_base_msgs/include/drive_base_msgs/msg/detail/command_status__rosidl_typesupport_introspection_c.h
-- Up-to-date symlink: /root/catkin_ws/install/drive_base_msgs/include/drive_base_msgs/msg/detail/trv_command__rosidl_typesupport_introspection_c.h
-- Up-to-date symlink: /root/catkin_ws/install/drive_base_msgs/include/drive_base_msgs/msg/rosidl_typesupport_introspection_c__visibility_control.h
-- Up-to-date symlink: /root/catkin_ws/install/drive_base_msgs/include/drive_base_msgs/msg/base_info.hpp
-- Up-to-date symlink: /root/catkin_ws/install/drive_base_msgs/include/drive_base_msgs/msg/command_header.hpp
-- Up-to-date symlink: /root/catkin_ws/install/drive_base_msgs/include/drive_base_msgs/msg/command_status.hpp
-- Up-to-date symlink: /root/catkin_ws/install/drive_base_msgs/include/drive_base_msgs/msg/detail/base_info__builder.hpp
-- Up-to-date symlink: /root/catkin_ws/install/drive_base_msgs/include/drive_base_msgs/msg/detail/base_info__struct.hpp
-- Up-to-date symlink: /root/catkin_ws/install/drive_base_msgs/include/drive_base_msgs/msg/detail/base_info__traits.hpp
-- Up-to-date symlink: /root/catkin_ws/install/drive_base_msgs/include/drive_base_msgs/msg/detail/command_header__builder.hpp
-- Up-to-date symlink: /root/catkin_ws/install/drive_base_msgs/include/drive_base_msgs/msg/detail/command_header__struct.hpp
-- Up-to-date symlink: /root/catkin_ws/install/drive_base_msgs/include/drive_base_msgs/msg/detail/command_header__traits.hpp
-- Up-to-date symlink: /root/catkin_ws/install/drive_base_msgs/include/drive_base_msgs/msg/detail/command_status__builder.hpp
-- Up-to-date symlink: /root/catkin_ws/install/drive_base_msgs/include/drive_base_msgs/msg/detail/command_status__struct.hpp
-- Up-to-date symlink: /root/catkin_ws/install/drive_base_msgs/include/drive_base_msgs/msg/detail/command_status__traits.hpp
-- Up-to-date symlink: /root/catkin_ws/install/drive_base_msgs/include/drive_base_msgs/msg/detail/trv_command__builder.hpp
-- Up-to-date symlink: /root/catkin_ws/install/drive_base_msgs/include/drive_base_msgs/msg/detail/trv_command__struct.hpp
-- Up-to-date symlink: /root/catkin_ws/install/drive_base_msgs/include/drive_base_msgs/msg/detail/trv_command__traits.hpp
-- Up-to-date symlink: /root/catkin_ws/install/drive_base_msgs/include/drive_base_msgs/msg/trv_command.hpp
-- Symlinking: /root/catkin_ws/install/drive_base_msgs/include/drive_base_msgs/msg/detail/base_info__rosidl_typesupport_microxrcedds_cpp.hpp
-- Symlinking: /root/catkin_ws/install/drive_base_msgs/include/drive_base_msgs/msg/detail/command_header__rosidl_typesupport_microxrcedds_cpp.hpp
-- Symlinking: /root/catkin_ws/install/drive_base_msgs/include/drive_base_msgs/msg/detail/command_status__rosidl_typesupport_microxrcedds_cpp.hpp
-- Symlinking: /root/catkin_ws/install/drive_base_msgs/include/drive_base_msgs/msg/detail/microxrcedds/base_info__type_support_cpp.cpp
-- Symlinking: /root/catkin_ws/install/drive_base_msgs/include/drive_base_msgs/msg/detail/microxrcedds/command_header__type_support_cpp.cpp
-- Symlinking: /root/catkin_ws/install/drive_base_msgs/include/drive_base_msgs/msg/detail/microxrcedds/command_status__type_support_cpp.cpp
-- Symlinking: /root/catkin_ws/install/drive_base_msgs/include/drive_base_msgs/msg/detail/microxrcedds/trv_command__type_support_cpp.cpp
-- Symlinking: /root/catkin_ws/install/drive_base_msgs/include/drive_base_msgs/msg/detail/trv_command__rosidl_typesupport_microxrcedds_cpp.hpp
-- Symlinking: /root/catkin_ws/install/drive_base_msgs/include/drive_base_msgs/msg/rosidl_typesupport_microxrcedds_cpp__visibility_control.h
-- Symlinking: /root/catkin_ws/install/drive_base_msgs/lib/libdrive_base_msgs__rosidl_typesupport_microxrcedds_cpp.so
-- Up-to-date symlink: /root/catkin_ws/install/drive_base_msgs/include/drive_base_msgs/msg/detail/base_info__rosidl_typesupport_introspection_cpp.hpp
-- Up-to-date symlink: /root/catkin_ws/install/drive_base_msgs/include/drive_base_msgs/msg/detail/command_header__rosidl_typesupport_introspection_cpp.hpp
-- Up-to-date symlink: /root/catkin_ws/install/drive_base_msgs/include/drive_base_msgs/msg/detail/command_status__rosidl_typesupport_introspection_cpp.hpp
-- Up-to-date symlink: /root/catkin_ws/install/drive_base_msgs/include/drive_base_msgs/msg/detail/trv_command__rosidl_typesupport_introspection_cpp.hpp
-- Up-to-date symlink: /root/catkin_ws/install/drive_base_msgs/share/drive_base_msgs/environment/pythonpath.sh
-- Up-to-date symlink: /root/catkin_ws/install/drive_base_msgs/share/drive_base_msgs/environment/pythonpath.dsv
-- Up-to-date symlink: /root/catkin_ws/install/drive_base_msgs/lib/python3.8/site-packages/drive_base_msgs/__init__.py
-- Up-to-date symlink: /root/catkin_ws/install/drive_base_msgs/lib/python3.8/site-packages/drive_base_msgs/msg/__init__.py
-- Up-to-date symlink: /root/catkin_ws/install/drive_base_msgs/lib/python3.8/site-packages/drive_base_msgs/msg/_base_info.py
-- Up-to-date symlink: /root/catkin_ws/install/drive_base_msgs/lib/python3.8/site-packages/drive_base_msgs/msg/_command_header.py
-- Up-to-date symlink: /root/catkin_ws/install/drive_base_msgs/lib/python3.8/site-packages/drive_base_msgs/msg/_command_status.py
-- Up-to-date symlink: /root/catkin_ws/install/drive_base_msgs/lib/python3.8/site-packages/drive_base_msgs/msg/_trv_command.py
-- Symlinking: /root/catkin_ws/install/drive_base_msgs/lib/python3.8/site-packages/drive_base_msgs/drive_base_msgs_s__rosidl_typesupport_microxrcedds_c.cpython-38-x86_64-linux-gnu.so
-- Up-to-date symlink: /root/catkin_ws/install/drive_base_msgs/lib/python3.8/site-packages/drive_base_msgs/drive_base_msgs_s__rosidl_typesupport_fastrtps_c.cpython-38-x86_64-linux-gnu.so
-- Up-to-date symlink: /root/catkin_ws/install/drive_base_msgs/lib/python3.8/site-packages/drive_base_msgs/drive_base_msgs_s__rosidl_typesupport_introspection_c.cpython-38-x86_64-linux-gnu.so
-- Up-to-date symlink: /root/catkin_ws/install/drive_base_msgs/lib/python3.8/site-packages/drive_base_msgs/drive_base_msgs_s__rosidl_typesupport_c.cpython-38-x86_64-linux-gnu.so
-- Up-to-date symlink: /root/catkin_ws/install/drive_base_msgs/lib/libdrive_base_msgs__python.so
-- Up-to-date symlink: /root/catkin_ws/install/drive_base_msgs/share/drive_base_msgs/msg/CommandHeader.idl
-- Up-to-date symlink: /root/catkin_ws/install/drive_base_msgs/share/drive_base_msgs/msg/BaseInfo.idl
-- Up-to-date symlink: /root/catkin_ws/install/drive_base_msgs/share/drive_base_msgs/msg/CommandStatus.idl
-- Up-to-date symlink: /root/catkin_ws/install/drive_base_msgs/share/drive_base_msgs/msg/TRVCommand.idl
-- Up-to-date symlink: /root/catkin_ws/install/drive_base_msgs/share/drive_base_msgs/msg/CommandHeader.msg
-- Up-to-date symlink: /root/catkin_ws/install/drive_base_msgs/share/drive_base_msgs/msg/BaseInfo.msg
-- Up-to-date symlink: /root/catkin_ws/install/drive_base_msgs/share/drive_base_msgs/msg/CommandStatus.msg
-- Up-to-date symlink: /root/catkin_ws/install/drive_base_msgs/share/drive_base_msgs/msg/TRVCommand.msg
-- Up-to-date symlink: /root/catkin_ws/install/drive_base_msgs/share/ament_index/resource_index/package_run_dependencies/drive_base_msgs
-- Up-to-date symlink: /root/catkin_ws/install/drive_base_msgs/share/ament_index/resource_index/parent_prefix_path/drive_base_msgs
-- Up-to-date symlink: /root/catkin_ws/install/drive_base_msgs/share/drive_base_msgs/environment/ament_prefix_path.sh
-- Up-to-date symlink: /root/catkin_ws/install/drive_base_msgs/share/drive_base_msgs/environment/ament_prefix_path.dsv
-- Up-to-date symlink: /root/catkin_ws/install/drive_base_msgs/share/drive_base_msgs/environment/path.sh
-- Up-to-date symlink: /root/catkin_ws/install/drive_base_msgs/share/drive_base_msgs/environment/path.dsv
-- Up-to-date symlink: /root/catkin_ws/install/drive_base_msgs/share/drive_base_msgs/local_setup.bash
-- Up-to-date symlink: /root/catkin_ws/install/drive_base_msgs/share/drive_base_msgs/local_setup.sh
-- Up-to-date symlink: /root/catkin_ws/install/drive_base_msgs/share/drive_base_msgs/local_setup.zsh
-- Up-to-date symlink: /root/catkin_ws/install/drive_base_msgs/share/drive_base_msgs/local_setup.dsv
-- Symlinking: /root/catkin_ws/install/drive_base_msgs/share/drive_base_msgs/package.dsv
-- Up-to-date symlink: /root/catkin_ws/install/drive_base_msgs/share/ament_index/resource_index/packages/drive_base_msgs
-- Up-to-date symlink: /root/catkin_ws/install/drive_base_msgs/share/drive_base_msgs/cmake/rosidl_cmake-extras.cmake
-- Up-to-date symlink: /root/catkin_ws/install/drive_base_msgs/share/drive_base_msgs/cmake/ament_cmake_export_dependencies-extras.cmake
-- Up-to-date symlink: /root/catkin_ws/install/drive_base_msgs/share/drive_base_msgs/cmake/ament_cmake_export_libraries-extras.cmake
-- Up-to-date symlink: /root/catkin_ws/install/drive_base_msgs/share/drive_base_msgs/cmake/ament_cmake_export_targets-extras.cmake
-- Up-to-date symlink: /root/catkin_ws/install/drive_base_msgs/share/drive_base_msgs/cmake/ament_cmake_export_include_directories-extras.cmake
-- Up-to-date symlink: /root/catkin_ws/install/drive_base_msgs/share/drive_base_msgs/cmake/rosidl_cmake_export_typesupport_libraries-extras.cmake
-- Up-to-date symlink: /root/catkin_ws/install/drive_base_msgs/share/drive_base_msgs/cmake/rosidl_cmake_export_typesupport_targets-extras.cmake
-- Up-to-date symlink: /root/catkin_ws/install/drive_base_msgs/share/drive_base_msgs/cmake/drive_base_msgsConfig.cmake
-- Up-to-date symlink: /root/catkin_ws/install/drive_base_msgs/share/drive_base_msgs/cmake/drive_base_msgsConfig-version.cmake
-- Up-to-date symlink: /root/catkin_ws/install/drive_base_msgs/share/drive_base_msgs/package.xml
-- Up-to-date: /root/catkin_ws/install/drive_base_msgs/lib/libdrive_base_msgs__rosidl_generator_c.so
-- Up-to-date: /root/catkin_ws/install/drive_base_msgs/lib/libdrive_base_msgs__rosidl_typesupport_introspection_c.so
-- Installing: /root/catkin_ws/install/drive_base_msgs/lib/libdrive_base_msgs__rosidl_typesupport_c.so
-- Set runtime path of "/root/catkin_ws/install/drive_base_msgs/lib/libdrive_base_msgs__rosidl_typesupport_c.so" to ""
-- Up-to-date: /root/catkin_ws/install/drive_base_msgs/lib/libdrive_base_msgs__rosidl_typesupport_introspection_cpp.so
-- Installing: /root/catkin_ws/install/drive_base_msgs/lib/libdrive_base_msgs__rosidl_typesupport_cpp.so
-- Set runtime path of "/root/catkin_ws/install/drive_base_msgs/lib/libdrive_base_msgs__rosidl_typesupport_cpp.so" to ""
Compiling '/root/catkin_ws/install/drive_base_msgs/lib/python3.8/site-packages/drive_base_msgs/__init__.py'...
-- Up-to-date: /root/catkin_ws/install/drive_base_msgs/share/drive_base_msgs/cmake/drive_base_msgs__rosidl_generator_cExport.cmake
-- Installing: /root/catkin_ws/install/drive_base_msgs/share/drive_base_msgs/cmake/drive_base_msgs__rosidl_generator_cExport-noconfig.cmake
-- Up-to-date: /root/catkin_ws/install/drive_base_msgs/share/drive_base_msgs/cmake/drive_base_msgs__rosidl_typesupport_introspection_cExport.cmake
-- Installing: /root/catkin_ws/install/drive_base_msgs/share/drive_base_msgs/cmake/drive_base_msgs__rosidl_typesupport_introspection_cExport-noconfig.cmake
-- Up-to-date: /root/catkin_ws/install/drive_base_msgs/share/drive_base_msgs/cmake/drive_base_msgs__rosidl_typesupport_cExport.cmake
-- Installing: /root/catkin_ws/install/drive_base_msgs/share/drive_base_msgs/cmake/drive_base_msgs__rosidl_typesupport_cExport-noconfig.cmake
-- Up-to-date: /root/catkin_ws/install/drive_base_msgs/share/drive_base_msgs/cmake/drive_base_msgs__rosidl_generator_cppExport.cmake
-- Up-to-date: /root/catkin_ws/install/drive_base_msgs/share/drive_base_msgs/cmake/drive_base_msgs__rosidl_typesupport_introspection_cppExport.cmake
-- Installing: /root/catkin_ws/install/drive_base_msgs/share/drive_base_msgs/cmake/drive_base_msgs__rosidl_typesupport_introspection_cppExport-noconfig.cmake
-- Up-to-date: /root/catkin_ws/install/drive_base_msgs/share/drive_base_msgs/cmake/drive_base_msgs__rosidl_typesupport_cppExport.cmake
-- Installing: /root/catkin_ws/install/drive_base_msgs/share/drive_base_msgs/cmake/drive_base_msgs__rosidl_typesupport_cppExport-noconfig.cmake
