[0.160s] Invoking command in '/root/catkin_ws/build/drive_base_msgs': AMENT_PREFIX_PATH=/root/catkin_ws/install/std_msgs:/root/catkin_ws/install/builtin_interfaces:${AMENT_PREFIX_PATH} CMAKE_PREFIX_PATH=/root/catkin_ws/install/std_msgs:/root/catkin_ws/install/builtin_interfaces:/root/catkin_ws/install/rosidl_typesupport_microxrcedds_cpp:/root/catkin_ws/install/rosidl_typesupport_microxrcedds_c:/root/catkin_ws/install/microcdr:/root/catkin_ws/install/ydlidar_sdk:/root/catkin_ws/install/ydlidar_ros2_driver:/root/catkin_ws/install/udp_driver:/root/catkin_ws/install/topic_service_action_rclcpp_example:/root/catkin_ws/install/time_rclcpp_example:/root/catkin_ws/install/tf2_rclcpp_example:/root/catkin_ws/install/testbot_description:/root/catkin_ws/install/serial_driver:/root/catkin_ws/install/rqt_example:/root/catkin_ws/install/omo_r1mini:/root/catkin_ws/install/omo_r1mini_navigation2:/root/catkin_ws/install/omo_r1mini_interfaces:/root/catkin_ws/install/omo_r1mini_gazebo:/root/catkin_ws/install/omo_r1mini_description:/root/catkin_ws/install/omo_r1mini_cartographer:/root/catkin_ws/install/my_first_ros_rclcpp_pkg:/root/catkin_ws/install/msg_srv_action_interface_example:/root/catkin_ws/install/micro_ros_setup:/root/catkin_ws/install/micro_ros_agent:/root/catkin_ws/install/micro_ros_msgs:/root/catkin_ws/install/io_context:/root/catkin_ws/install/iahrs_driver_interface:/root/catkin_ws/install/drive_base_msgs:/root/catkin_ws/install/asio_cmake_module:/root/install/ydlidar_sdk:/root/install/ydlidar_ros2_driver:/root/install/udp_driver:/root/install/topic_service_action_rclcpp_example:/root/install/time_rclcpp_example:/root/install/tf2_rclcpp_example:/root/install/testbot_description:/root/install/serial_driver:/root/install/rqt_example:/root/install/omo_r1mini:/root/install/omo_r1mini_navigation2:/root/install/omo_r1mini_interfaces:/root/install/omo_r1mini_gazebo:/root/install/omo_r1mini_description:/root/install/omo_r1mini_cartographer:/root/install/my_first_ros_rclcpp_pkg:/root/install/msg_srv_action_interface_example:/root/install/io_context:/root/install/asio_cmake_module:/root/catkin_ws/install/topic_service_action_rclpy_example:/root/catkin_ws/install/time_rclpy_example:/root/catkin_ws/install/tf2_rclpy_example:/root/catkin_ws/install/ros2env:/root/catkin_ws/install/omo_r1mini_teleop:/root/catkin_ws/install/omo_r1mini_bringup:/root/catkin_ws/install/my_first_ros_rclpy_pkg:/root/catkin_ws/install/logging_rclpy_example:/root/catkin_ws/install/iahrs_driver:/root/install/topic_service_action_rclpy_example:/root/install/time_rclpy_example:/root/install/tf2_rclpy_example:/root/install/ros2env:/root/install/omo_r1mini_teleop:/root/install/omo_r1mini_bringup:/root/install/my_first_ros_rclpy_pkg:/root/install/logging_rclpy_example:/opt/ros/foxy LD_LIBRARY_PATH=/root/catkin_ws/install/std_msgs/lib:/root/catkin_ws/install/builtin_interfaces/lib:${LD_LIBRARY_PATH} PYTHONPATH=/root/catkin_ws/install/std_msgs/lib/python3.8/site-packages:/root/catkin_ws/install/builtin_interfaces/lib/python3.8/site-packages:${PYTHONPATH} /usr/bin/cmake /root/catkin_ws/src/uros/drive_base/drive_base_msgs -DBUILD_TESTING=OFF -DBUILD_SHARED_LIBS=ON -DCMAKE_INSTALL_PREFIX=/root/catkin_ws/install/drive_base_msgs
[1.309s] -- Found ament_cmake: 0.9.11 (/opt/ros/foxy/share/ament_cmake/cmake)
[1.309s] -- Found PythonInterp: /usr/bin/python3 (found suitable version "3.8.10", minimum required is "3") 
[1.309s] -- Using PYTHON_EXECUTABLE: /usr/bin/python3
[1.309s] -- Override CMake install command with custom implementation using symlinks instead of copying resources
[1.309s] -- Found std_msgs: 2.0.5 (/opt/ros/foxy/share/std_msgs/cmake)
[1.310s] -- Using all available rosidl_typesupport_c: rosidl_typesupport_microxrcedds_c;rosidl_typesupport_fastrtps_c;rosidl_typesupport_introspection_c
[1.310s] -- Found rosidl_adapter: 1.3.0 (/opt/ros/foxy/share/rosidl_adapter/cmake)
[1.310s] -- Using all available rosidl_typesupport_cpp: rosidl_typesupport_microxrcedds_cpp;rosidl_typesupport_fastrtps_cpp;rosidl_typesupport_introspection_cpp
[1.310s] -- Found rosidl_default_generators: 1.0.1 (/opt/ros/foxy/share/rosidl_default_generators/cmake)
[1.413s] -- Found PythonInterp: /usr/bin/python3 (found version "3.8.10") 
[2.086s] -- Found ament_cmake_ros: 0.9.2 (/opt/ros/foxy/share/ament_cmake_ros/cmake)
[2.800s] -- Using all available rosidl_typesupport_c: rosidl_typesupport_microxrcedds_c;rosidl_typesupport_fastrtps_c;rosidl_typesupport_introspection_c
[2.994s] -- Using all available rosidl_typesupport_cpp: rosidl_typesupport_microxrcedds_cpp;rosidl_typesupport_fastrtps_cpp;rosidl_typesupport_introspection_cpp
[3.151s] -- Found PythonInterp: /usr/bin/python3 (found suitable version "3.8.10", minimum required is "3.5") 
[3.152s] -- Found python_cmake_module: 0.8.1 (/opt/ros/foxy/share/python_cmake_module/cmake)
[3.255s] -- Using PYTHON_EXECUTABLE: /usr/bin/python3
[3.256s] -- Using PYTHON_INCLUDE_DIRS: /usr/include/python3.8
[3.256s] -- Using PYTHON_LIBRARIES: /usr/lib/x86_64-linux-gnu/libpython3.8.so
[3.509s] -- Configuring done
[3.730s] -- Generating done
[3.740s] -- Build files have been written to: /root/catkin_ws/build/drive_base_msgs
[3.760s] Invoked command in '/root/catkin_ws/build/drive_base_msgs' returned '0': AMENT_PREFIX_PATH=/root/catkin_ws/install/std_msgs:/root/catkin_ws/install/builtin_interfaces:${AMENT_PREFIX_PATH} CMAKE_PREFIX_PATH=/root/catkin_ws/install/std_msgs:/root/catkin_ws/install/builtin_interfaces:/root/catkin_ws/install/rosidl_typesupport_microxrcedds_cpp:/root/catkin_ws/install/rosidl_typesupport_microxrcedds_c:/root/catkin_ws/install/microcdr:/root/catkin_ws/install/ydlidar_sdk:/root/catkin_ws/install/ydlidar_ros2_driver:/root/catkin_ws/install/udp_driver:/root/catkin_ws/install/topic_service_action_rclcpp_example:/root/catkin_ws/install/time_rclcpp_example:/root/catkin_ws/install/tf2_rclcpp_example:/root/catkin_ws/install/testbot_description:/root/catkin_ws/install/serial_driver:/root/catkin_ws/install/rqt_example:/root/catkin_ws/install/omo_r1mini:/root/catkin_ws/install/omo_r1mini_navigation2:/root/catkin_ws/install/omo_r1mini_interfaces:/root/catkin_ws/install/omo_r1mini_gazebo:/root/catkin_ws/install/omo_r1mini_description:/root/catkin_ws/install/omo_r1mini_cartographer:/root/catkin_ws/install/my_first_ros_rclcpp_pkg:/root/catkin_ws/install/msg_srv_action_interface_example:/root/catkin_ws/install/micro_ros_setup:/root/catkin_ws/install/micro_ros_agent:/root/catkin_ws/install/micro_ros_msgs:/root/catkin_ws/install/io_context:/root/catkin_ws/install/iahrs_driver_interface:/root/catkin_ws/install/drive_base_msgs:/root/catkin_ws/install/asio_cmake_module:/root/install/ydlidar_sdk:/root/install/ydlidar_ros2_driver:/root/install/udp_driver:/root/install/topic_service_action_rclcpp_example:/root/install/time_rclcpp_example:/root/install/tf2_rclcpp_example:/root/install/testbot_description:/root/install/serial_driver:/root/install/rqt_example:/root/install/omo_r1mini:/root/install/omo_r1mini_navigation2:/root/install/omo_r1mini_interfaces:/root/install/omo_r1mini_gazebo:/root/install/omo_r1mini_description:/root/install/omo_r1mini_cartographer:/root/install/my_first_ros_rclcpp_pkg:/root/install/msg_srv_action_interface_example:/root/install/io_context:/root/install/asio_cmake_module:/root/catkin_ws/install/topic_service_action_rclpy_example:/root/catkin_ws/install/time_rclpy_example:/root/catkin_ws/install/tf2_rclpy_example:/root/catkin_ws/install/ros2env:/root/catkin_ws/install/omo_r1mini_teleop:/root/catkin_ws/install/omo_r1mini_bringup:/root/catkin_ws/install/my_first_ros_rclpy_pkg:/root/catkin_ws/install/logging_rclpy_example:/root/catkin_ws/install/iahrs_driver:/root/install/topic_service_action_rclpy_example:/root/install/time_rclpy_example:/root/install/tf2_rclpy_example:/root/install/ros2env:/root/install/omo_r1mini_teleop:/root/install/omo_r1mini_bringup:/root/install/my_first_ros_rclpy_pkg:/root/install/logging_rclpy_example:/opt/ros/foxy LD_LIBRARY_PATH=/root/catkin_ws/install/std_msgs/lib:/root/catkin_ws/install/builtin_interfaces/lib:${LD_LIBRARY_PATH} PYTHONPATH=/root/catkin_ws/install/std_msgs/lib/python3.8/site-packages:/root/catkin_ws/install/builtin_interfaces/lib/python3.8/site-packages:${PYTHONPATH} /usr/bin/cmake /root/catkin_ws/src/uros/drive_base/drive_base_msgs -DBUILD_TESTING=OFF -DBUILD_SHARED_LIBS=ON -DCMAKE_INSTALL_PREFIX=/root/catkin_ws/install/drive_base_msgs
[3.773s] Invoking command in '/root/catkin_ws/build/drive_base_msgs': AMENT_PREFIX_PATH=/root/catkin_ws/install/std_msgs:/root/catkin_ws/install/builtin_interfaces:${AMENT_PREFIX_PATH} CMAKE_PREFIX_PATH=/root/catkin_ws/install/std_msgs:/root/catkin_ws/install/builtin_interfaces:/root/catkin_ws/install/rosidl_typesupport_microxrcedds_cpp:/root/catkin_ws/install/rosidl_typesupport_microxrcedds_c:/root/catkin_ws/install/microcdr:/root/catkin_ws/install/ydlidar_sdk:/root/catkin_ws/install/ydlidar_ros2_driver:/root/catkin_ws/install/udp_driver:/root/catkin_ws/install/topic_service_action_rclcpp_example:/root/catkin_ws/install/time_rclcpp_example:/root/catkin_ws/install/tf2_rclcpp_example:/root/catkin_ws/install/testbot_description:/root/catkin_ws/install/serial_driver:/root/catkin_ws/install/rqt_example:/root/catkin_ws/install/omo_r1mini:/root/catkin_ws/install/omo_r1mini_navigation2:/root/catkin_ws/install/omo_r1mini_interfaces:/root/catkin_ws/install/omo_r1mini_gazebo:/root/catkin_ws/install/omo_r1mini_description:/root/catkin_ws/install/omo_r1mini_cartographer:/root/catkin_ws/install/my_first_ros_rclcpp_pkg:/root/catkin_ws/install/msg_srv_action_interface_example:/root/catkin_ws/install/micro_ros_setup:/root/catkin_ws/install/micro_ros_agent:/root/catkin_ws/install/micro_ros_msgs:/root/catkin_ws/install/io_context:/root/catkin_ws/install/iahrs_driver_interface:/root/catkin_ws/install/drive_base_msgs:/root/catkin_ws/install/asio_cmake_module:/root/install/ydlidar_sdk:/root/install/ydlidar_ros2_driver:/root/install/udp_driver:/root/install/topic_service_action_rclcpp_example:/root/install/time_rclcpp_example:/root/install/tf2_rclcpp_example:/root/install/testbot_description:/root/install/serial_driver:/root/install/rqt_example:/root/install/omo_r1mini:/root/install/omo_r1mini_navigation2:/root/install/omo_r1mini_interfaces:/root/install/omo_r1mini_gazebo:/root/install/omo_r1mini_description:/root/install/omo_r1mini_cartographer:/root/install/my_first_ros_rclcpp_pkg:/root/install/msg_srv_action_interface_example:/root/install/io_context:/root/install/asio_cmake_module:/root/catkin_ws/install/topic_service_action_rclpy_example:/root/catkin_ws/install/time_rclpy_example:/root/catkin_ws/install/tf2_rclpy_example:/root/catkin_ws/install/ros2env:/root/catkin_ws/install/omo_r1mini_teleop:/root/catkin_ws/install/omo_r1mini_bringup:/root/catkin_ws/install/my_first_ros_rclpy_pkg:/root/catkin_ws/install/logging_rclpy_example:/root/catkin_ws/install/iahrs_driver:/root/install/topic_service_action_rclpy_example:/root/install/time_rclpy_example:/root/install/tf2_rclpy_example:/root/install/ros2env:/root/install/omo_r1mini_teleop:/root/install/omo_r1mini_bringup:/root/install/my_first_ros_rclpy_pkg:/root/install/logging_rclpy_example:/opt/ros/foxy LD_LIBRARY_PATH=/root/catkin_ws/install/std_msgs/lib:/root/catkin_ws/install/builtin_interfaces/lib:${LD_LIBRARY_PATH} PYTHONPATH=/root/catkin_ws/install/std_msgs/lib/python3.8/site-packages:/root/catkin_ws/install/builtin_interfaces/lib/python3.8/site-packages:${PYTHONPATH} /usr/bin/cmake --build /root/catkin_ws/build/drive_base_msgs -- -j12 -l12
[3.920s] [  1%] Built target drive_base_msgs__cpp
[3.969s] [ 10%] Built target drive_base_msgs__rosidl_generator_c
[4.029s] [ 18%] Built target drive_base_msgs__rosidl_typesupport_introspection_cpp
[4.095s] [ 20%] [34m[1mGenerating C++ type support for eProsima Micro XRCE-DDS[0m
[4.118s] [ 21%] [34m[1mGenerating C type support dispatch for ROS interfaces[0m
[5.409s] [35m[1mScanning dependencies of target drive_base_msgs__rosidl_typesupport_c[0m
[5.474s] [ 23%] [32mBuilding CXX object CMakeFiles/drive_base_msgs__rosidl_typesupport_c.dir/rosidl_typesupport_c/drive_base_msgs/msg/base_info__type_support.cpp.o[0m
[5.491s] [ 24%] [32mBuilding CXX object CMakeFiles/drive_base_msgs__rosidl_typesupport_c.dir/rosidl_typesupport_c/drive_base_msgs/msg/command_header__type_support.cpp.o[0m
[5.520s] [35m[1mScanning dependencies of target drive_base_msgs__rosidl_typesupport_microxrcedds_cpp[0m
[5.576s] [ 26%] [32mBuilding CXX object CMakeFiles/drive_base_msgs__rosidl_typesupport_microxrcedds_cpp.dir/rosidl_typesupport_microxrcedds_cpp/drive_base_msgs/msg/detail/microxrcedds/command_header__type_support_cpp.cpp.o[0m
[5.596s] [ 27%] [32mBuilding CXX object CMakeFiles/drive_base_msgs__rosidl_typesupport_microxrcedds_cpp.dir/rosidl_typesupport_microxrcedds_cpp/drive_base_msgs/msg/detail/microxrcedds/base_info__type_support_cpp.cpp.o[0m
[5.599s] [ 28%] [32mBuilding CXX object CMakeFiles/drive_base_msgs__rosidl_typesupport_c.dir/rosidl_typesupport_c/drive_base_msgs/msg/trv_command__type_support.cpp.o[0m
[5.617s] [ 30%] [32mBuilding CXX object CMakeFiles/drive_base_msgs__rosidl_typesupport_c.dir/rosidl_typesupport_c/drive_base_msgs/msg/command_status__type_support.cpp.o[0m
[5.701s] [ 31%] [32m[1mLinking CXX shared library libdrive_base_msgs__rosidl_typesupport_c.so[0m
[5.862s] [ 31%] Built target drive_base_msgs__rosidl_typesupport_c
[5.946s] [ 33%] [34m[1mGenerating C type support for eProsima Micro XRCE-DDS[0m
[6.213s] [ 34%] [32mBuilding CXX object CMakeFiles/drive_base_msgs__rosidl_typesupport_microxrcedds_cpp.dir/rosidl_typesupport_microxrcedds_cpp/drive_base_msgs/msg/detail/microxrcedds/trv_command__type_support_cpp.cpp.o[0m
[6.825s] [ 36%] [32mBuilding CXX object CMakeFiles/drive_base_msgs__rosidl_typesupport_microxrcedds_cpp.dir/rosidl_typesupport_microxrcedds_cpp/drive_base_msgs/msg/detail/microxrcedds/command_status__type_support_cpp.cpp.o[0m
[7.361s] [ 37%] [32m[1mLinking CXX shared library libdrive_base_msgs__rosidl_typesupport_microxrcedds_cpp.so[0m
[7.374s] [35m[1mScanning dependencies of target drive_base_msgs__rosidl_typesupport_microxrcedds_c[0m
[7.409s] [ 39%] [32mBuilding C object CMakeFiles/drive_base_msgs__rosidl_typesupport_microxrcedds_c.dir/rosidl_typesupport_microxrcedds_c/drive_base_msgs/msg/detail/microxrcedds/command_header__type_support_c.c.o[0m
[7.448s] [ 39%] Built target drive_base_msgs__rosidl_typesupport_microxrcedds_cpp
[7.555s] [ 40%] [32mBuilding C object CMakeFiles/drive_base_msgs__rosidl_typesupport_microxrcedds_c.dir/rosidl_typesupport_microxrcedds_c/drive_base_msgs/msg/detail/microxrcedds/trv_command__type_support_c.c.o[0m
[7.626s] [ 42%] [32mBuilding C object CMakeFiles/drive_base_msgs__rosidl_typesupport_microxrcedds_c.dir/rosidl_typesupport_microxrcedds_c/drive_base_msgs/msg/detail/microxrcedds/command_status__type_support_c.c.o[0m
[7.694s] [ 43%] [32mBuilding C object CMakeFiles/drive_base_msgs__rosidl_typesupport_microxrcedds_c.dir/rosidl_typesupport_microxrcedds_c/drive_base_msgs/msg/detail/microxrcedds/base_info__type_support_c.c.o[0m
[7.754s] [ 44%] [32m[1mLinking C shared library libdrive_base_msgs__rosidl_typesupport_microxrcedds_c.so[0m
[7.828s] [ 44%] Built target drive_base_msgs__rosidl_typesupport_microxrcedds_c
[7.870s] [ 53%] Built target drive_base_msgs__rosidl_typesupport_introspection_c
[7.895s] [ 55%] [34m[1mGenerating C++ type support dispatch for ROS interfaces[0m
[8.934s] [35m[1mScanning dependencies of target drive_base_msgs__rosidl_typesupport_cpp[0m
[8.961s] [ 56%] [32mBuilding CXX object CMakeFiles/drive_base_msgs__rosidl_typesupport_cpp.dir/rosidl_typesupport_cpp/drive_base_msgs/msg/command_header__type_support.cpp.o[0m
[9.444s] [ 57%] [32mBuilding CXX object CMakeFiles/drive_base_msgs__rosidl_typesupport_cpp.dir/rosidl_typesupport_cpp/drive_base_msgs/msg/trv_command__type_support.cpp.o[0m
[9.918s] [ 59%] [32mBuilding CXX object CMakeFiles/drive_base_msgs__rosidl_typesupport_cpp.dir/rosidl_typesupport_cpp/drive_base_msgs/msg/command_status__type_support.cpp.o[0m
[10.397s] [ 60%] [32mBuilding CXX object CMakeFiles/drive_base_msgs__rosidl_typesupport_cpp.dir/rosidl_typesupport_cpp/drive_base_msgs/msg/base_info__type_support.cpp.o[0m
[10.829s] [ 62%] [32m[1mLinking CXX shared library libdrive_base_msgs__rosidl_typesupport_cpp.so[0m
[10.888s] [ 62%] Built target drive_base_msgs__rosidl_typesupport_cpp
[10.931s] [ 71%] Built target drive_base_msgs__rosidl_typesupport_fastrtps_cpp
[10.982s] [ 79%] Built target drive_base_msgs__rosidl_typesupport_fastrtps_c
[11.020s] [ 79%] Built target drive_base_msgs
[11.036s] [35m[1mScanning dependencies of target drive_base_msgs__py[0m
[11.051s] [ 81%] [34m[1mGenerating Python code for ROS interfaces[0m
[13.441s] [ 81%] Built target drive_base_msgs__py
[13.459s] [35m[1mScanning dependencies of target drive_base_msgs__python[0m
[13.490s] [ 82%] [32mBuilding C object CMakeFiles/drive_base_msgs__python.dir/rosidl_generator_py/drive_base_msgs/msg/_command_header_s.c.o[0m
[13.592s] [ 84%] [32mBuilding C object CMakeFiles/drive_base_msgs__python.dir/rosidl_generator_py/drive_base_msgs/msg/_trv_command_s.c.o[0m
[13.700s] [ 85%] [32mBuilding C object CMakeFiles/drive_base_msgs__python.dir/rosidl_generator_py/drive_base_msgs/msg/_command_status_s.c.o[0m
[13.851s] [ 86%] [32mBuilding C object CMakeFiles/drive_base_msgs__python.dir/rosidl_generator_py/drive_base_msgs/msg/_base_info_s.c.o[0m
[13.970s] [ 88%] [32m[1mLinking C shared library rosidl_generator_py/drive_base_msgs/libdrive_base_msgs__python.so[0m
[14.027s] [ 88%] Built target drive_base_msgs__python
[14.039s] [35m[1mScanning dependencies of target drive_base_msgs__rosidl_typesupport_c__pyext[0m
[14.059s] [ 89%] [32mBuilding C object CMakeFiles/drive_base_msgs__rosidl_typesupport_c__pyext.dir/rosidl_generator_py/drive_base_msgs/_drive_base_msgs_s.ep.rosidl_typesupport_c.c.o[0m
[14.148s] [ 91%] [32m[1mLinking C shared library rosidl_generator_py/drive_base_msgs/drive_base_msgs_s__rosidl_typesupport_c.cpython-38-x86_64-linux-gnu.so[0m
[14.219s] [ 91%] Built target drive_base_msgs__rosidl_typesupport_c__pyext
[14.233s] [35m[1mScanning dependencies of target drive_base_msgs__rosidl_typesupport_introspection_c__pyext[0m
[14.256s] [ 92%] [32mBuilding C object CMakeFiles/drive_base_msgs__rosidl_typesupport_introspection_c__pyext.dir/rosidl_generator_py/drive_base_msgs/_drive_base_msgs_s.ep.rosidl_typesupport_introspection_c.c.o[0m
[14.348s] [ 94%] [32m[1mLinking C shared library rosidl_generator_py/drive_base_msgs/drive_base_msgs_s__rosidl_typesupport_introspection_c.cpython-38-x86_64-linux-gnu.so[0m
[14.404s] [ 94%] Built target drive_base_msgs__rosidl_typesupport_introspection_c__pyext
[14.418s] [35m[1mScanning dependencies of target drive_base_msgs__rosidl_typesupport_microxrcedds_c__pyext[0m
[14.449s] [ 95%] [32mBuilding C object CMakeFiles/drive_base_msgs__rosidl_typesupport_microxrcedds_c__pyext.dir/rosidl_generator_py/drive_base_msgs/_drive_base_msgs_s.ep.rosidl_typesupport_microxrcedds_c.c.o[0m
[14.559s] [ 97%] [32m[1mLinking C shared library rosidl_generator_py/drive_base_msgs/drive_base_msgs_s__rosidl_typesupport_microxrcedds_c.cpython-38-x86_64-linux-gnu.so[0m
[14.604s] [ 97%] Built target drive_base_msgs__rosidl_typesupport_microxrcedds_c__pyext
[14.618s] [35m[1mScanning dependencies of target drive_base_msgs__rosidl_typesupport_fastrtps_c__pyext[0m
[14.637s] [ 98%] [32mBuilding C object CMakeFiles/drive_base_msgs__rosidl_typesupport_fastrtps_c__pyext.dir/rosidl_generator_py/drive_base_msgs/_drive_base_msgs_s.ep.rosidl_typesupport_fastrtps_c.c.o[0m
[14.732s] [100%] [32m[1mLinking CXX shared library rosidl_generator_py/drive_base_msgs/drive_base_msgs_s__rosidl_typesupport_fastrtps_c.cpython-38-x86_64-linux-gnu.so[0m
[14.808s] [100%] Built target drive_base_msgs__rosidl_typesupport_fastrtps_c__pyext
[14.823s] Invoked command in '/root/catkin_ws/build/drive_base_msgs' returned '0': AMENT_PREFIX_PATH=/root/catkin_ws/install/std_msgs:/root/catkin_ws/install/builtin_interfaces:${AMENT_PREFIX_PATH} CMAKE_PREFIX_PATH=/root/catkin_ws/install/std_msgs:/root/catkin_ws/install/builtin_interfaces:/root/catkin_ws/install/rosidl_typesupport_microxrcedds_cpp:/root/catkin_ws/install/rosidl_typesupport_microxrcedds_c:/root/catkin_ws/install/microcdr:/root/catkin_ws/install/ydlidar_sdk:/root/catkin_ws/install/ydlidar_ros2_driver:/root/catkin_ws/install/udp_driver:/root/catkin_ws/install/topic_service_action_rclcpp_example:/root/catkin_ws/install/time_rclcpp_example:/root/catkin_ws/install/tf2_rclcpp_example:/root/catkin_ws/install/testbot_description:/root/catkin_ws/install/serial_driver:/root/catkin_ws/install/rqt_example:/root/catkin_ws/install/omo_r1mini:/root/catkin_ws/install/omo_r1mini_navigation2:/root/catkin_ws/install/omo_r1mini_interfaces:/root/catkin_ws/install/omo_r1mini_gazebo:/root/catkin_ws/install/omo_r1mini_description:/root/catkin_ws/install/omo_r1mini_cartographer:/root/catkin_ws/install/my_first_ros_rclcpp_pkg:/root/catkin_ws/install/msg_srv_action_interface_example:/root/catkin_ws/install/micro_ros_setup:/root/catkin_ws/install/micro_ros_agent:/root/catkin_ws/install/micro_ros_msgs:/root/catkin_ws/install/io_context:/root/catkin_ws/install/iahrs_driver_interface:/root/catkin_ws/install/drive_base_msgs:/root/catkin_ws/install/asio_cmake_module:/root/install/ydlidar_sdk:/root/install/ydlidar_ros2_driver:/root/install/udp_driver:/root/install/topic_service_action_rclcpp_example:/root/install/time_rclcpp_example:/root/install/tf2_rclcpp_example:/root/install/testbot_description:/root/install/serial_driver:/root/install/rqt_example:/root/install/omo_r1mini:/root/install/omo_r1mini_navigation2:/root/install/omo_r1mini_interfaces:/root/install/omo_r1mini_gazebo:/root/install/omo_r1mini_description:/root/install/omo_r1mini_cartographer:/root/install/my_first_ros_rclcpp_pkg:/root/install/msg_srv_action_interface_example:/root/install/io_context:/root/install/asio_cmake_module:/root/catkin_ws/install/topic_service_action_rclpy_example:/root/catkin_ws/install/time_rclpy_example:/root/catkin_ws/install/tf2_rclpy_example:/root/catkin_ws/install/ros2env:/root/catkin_ws/install/omo_r1mini_teleop:/root/catkin_ws/install/omo_r1mini_bringup:/root/catkin_ws/install/my_first_ros_rclpy_pkg:/root/catkin_ws/install/logging_rclpy_example:/root/catkin_ws/install/iahrs_driver:/root/install/topic_service_action_rclpy_example:/root/install/time_rclpy_example:/root/install/tf2_rclpy_example:/root/install/ros2env:/root/install/omo_r1mini_teleop:/root/install/omo_r1mini_bringup:/root/install/my_first_ros_rclpy_pkg:/root/install/logging_rclpy_example:/opt/ros/foxy LD_LIBRARY_PATH=/root/catkin_ws/install/std_msgs/lib:/root/catkin_ws/install/builtin_interfaces/lib:${LD_LIBRARY_PATH} PYTHONPATH=/root/catkin_ws/install/std_msgs/lib/python3.8/site-packages:/root/catkin_ws/install/builtin_interfaces/lib/python3.8/site-packages:${PYTHONPATH} /usr/bin/cmake --build /root/catkin_ws/build/drive_base_msgs -- -j12 -l12
[14.963s] Invoking command in '/root/catkin_ws/build/drive_base_msgs': AMENT_PREFIX_PATH=/root/catkin_ws/install/std_msgs:/root/catkin_ws/install/builtin_interfaces:${AMENT_PREFIX_PATH} CMAKE_PREFIX_PATH=/root/catkin_ws/install/std_msgs:/root/catkin_ws/install/builtin_interfaces:/root/catkin_ws/install/rosidl_typesupport_microxrcedds_cpp:/root/catkin_ws/install/rosidl_typesupport_microxrcedds_c:/root/catkin_ws/install/microcdr:/root/catkin_ws/install/ydlidar_sdk:/root/catkin_ws/install/ydlidar_ros2_driver:/root/catkin_ws/install/udp_driver:/root/catkin_ws/install/topic_service_action_rclcpp_example:/root/catkin_ws/install/time_rclcpp_example:/root/catkin_ws/install/tf2_rclcpp_example:/root/catkin_ws/install/testbot_description:/root/catkin_ws/install/serial_driver:/root/catkin_ws/install/rqt_example:/root/catkin_ws/install/omo_r1mini:/root/catkin_ws/install/omo_r1mini_navigation2:/root/catkin_ws/install/omo_r1mini_interfaces:/root/catkin_ws/install/omo_r1mini_gazebo:/root/catkin_ws/install/omo_r1mini_description:/root/catkin_ws/install/omo_r1mini_cartographer:/root/catkin_ws/install/my_first_ros_rclcpp_pkg:/root/catkin_ws/install/msg_srv_action_interface_example:/root/catkin_ws/install/micro_ros_setup:/root/catkin_ws/install/micro_ros_agent:/root/catkin_ws/install/micro_ros_msgs:/root/catkin_ws/install/io_context:/root/catkin_ws/install/iahrs_driver_interface:/root/catkin_ws/install/drive_base_msgs:/root/catkin_ws/install/asio_cmake_module:/root/install/ydlidar_sdk:/root/install/ydlidar_ros2_driver:/root/install/udp_driver:/root/install/topic_service_action_rclcpp_example:/root/install/time_rclcpp_example:/root/install/tf2_rclcpp_example:/root/install/testbot_description:/root/install/serial_driver:/root/install/rqt_example:/root/install/omo_r1mini:/root/install/omo_r1mini_navigation2:/root/install/omo_r1mini_interfaces:/root/install/omo_r1mini_gazebo:/root/install/omo_r1mini_description:/root/install/omo_r1mini_cartographer:/root/install/my_first_ros_rclcpp_pkg:/root/install/msg_srv_action_interface_example:/root/install/io_context:/root/install/asio_cmake_module:/root/catkin_ws/install/topic_service_action_rclpy_example:/root/catkin_ws/install/time_rclpy_example:/root/catkin_ws/install/tf2_rclpy_example:/root/catkin_ws/install/ros2env:/root/catkin_ws/install/omo_r1mini_teleop:/root/catkin_ws/install/omo_r1mini_bringup:/root/catkin_ws/install/my_first_ros_rclpy_pkg:/root/catkin_ws/install/logging_rclpy_example:/root/catkin_ws/install/iahrs_driver:/root/install/topic_service_action_rclpy_example:/root/install/time_rclpy_example:/root/install/tf2_rclpy_example:/root/install/ros2env:/root/install/omo_r1mini_teleop:/root/install/omo_r1mini_bringup:/root/install/my_first_ros_rclpy_pkg:/root/install/logging_rclpy_example:/opt/ros/foxy LD_LIBRARY_PATH=/root/catkin_ws/install/std_msgs/lib:/root/catkin_ws/install/builtin_interfaces/lib:${LD_LIBRARY_PATH} PYTHONPATH=/root/catkin_ws/install/std_msgs/lib/python3.8/site-packages:/root/catkin_ws/install/builtin_interfaces/lib/python3.8/site-packages:${PYTHONPATH} /usr/bin/cmake --install /root/catkin_ws/build/drive_base_msgs
[14.974s] -- Install configuration: ""
[14.974s] -- Execute custom install script
[14.975s] -- Up-to-date symlink: /root/catkin_ws/install/drive_base_msgs/share/ament_index/resource_index/rosidl_interfaces/drive_base_msgs
[14.975s] -- Up-to-date symlink: /root/catkin_ws/install/drive_base_msgs/include/drive_base_msgs/msg/base_info.h
[14.975s] -- Up-to-date symlink: /root/catkin_ws/install/drive_base_msgs/include/drive_base_msgs/msg/command_header.h
[14.976s] -- Up-to-date symlink: /root/catkin_ws/install/drive_base_msgs/include/drive_base_msgs/msg/command_status.h
[14.976s] -- Up-to-date symlink: /root/catkin_ws/install/drive_base_msgs/include/drive_base_msgs/msg/detail/base_info__functions.h
[14.976s] -- Up-to-date symlink: /root/catkin_ws/install/drive_base_msgs/include/drive_base_msgs/msg/detail/base_info__struct.h
[14.976s] -- Up-to-date symlink: /root/catkin_ws/install/drive_base_msgs/include/drive_base_msgs/msg/detail/base_info__type_support.h
[14.976s] -- Up-to-date symlink: /root/catkin_ws/install/drive_base_msgs/include/drive_base_msgs/msg/detail/command_header__functions.h
[14.977s] -- Up-to-date symlink: /root/catkin_ws/install/drive_base_msgs/include/drive_base_msgs/msg/detail/command_header__struct.h
[14.977s] -- Up-to-date symlink: /root/catkin_ws/install/drive_base_msgs/include/drive_base_msgs/msg/detail/command_header__type_support.h
[14.977s] -- Up-to-date symlink: /root/catkin_ws/install/drive_base_msgs/include/drive_base_msgs/msg/detail/command_status__functions.h
[14.977s] -- Up-to-date symlink: /root/catkin_ws/install/drive_base_msgs/include/drive_base_msgs/msg/detail/command_status__struct.h
[14.977s] -- Up-to-date symlink: /root/catkin_ws/install/drive_base_msgs/include/drive_base_msgs/msg/detail/command_status__type_support.h
[14.978s] -- Up-to-date symlink: /root/catkin_ws/install/drive_base_msgs/include/drive_base_msgs/msg/detail/trv_command__functions.h
[14.978s] -- Up-to-date symlink: /root/catkin_ws/install/drive_base_msgs/include/drive_base_msgs/msg/detail/trv_command__struct.h
[14.978s] -- Up-to-date symlink: /root/catkin_ws/install/drive_base_msgs/include/drive_base_msgs/msg/detail/trv_command__type_support.h
[14.978s] -- Up-to-date symlink: /root/catkin_ws/install/drive_base_msgs/include/drive_base_msgs/msg/rosidl_generator_c__visibility_control.h
[14.978s] -- Up-to-date symlink: /root/catkin_ws/install/drive_base_msgs/include/drive_base_msgs/msg/trv_command.h
[14.979s] -- Up-to-date symlink: /root/catkin_ws/install/drive_base_msgs/share/drive_base_msgs/environment/library_path.sh
[14.979s] -- Up-to-date symlink: /root/catkin_ws/install/drive_base_msgs/share/drive_base_msgs/environment/library_path.dsv
[14.980s] -- Symlinking: /root/catkin_ws/install/drive_base_msgs/include/drive_base_msgs/msg/detail/base_info__rosidl_typesupport_microxrcedds_c.h
[14.990s] -- Symlinking: /root/catkin_ws/install/drive_base_msgs/include/drive_base_msgs/msg/detail/command_header__rosidl_typesupport_microxrcedds_c.h
[15.001s] -- Symlinking: /root/catkin_ws/install/drive_base_msgs/include/drive_base_msgs/msg/detail/command_status__rosidl_typesupport_microxrcedds_c.h
[15.013s] -- Symlinking: /root/catkin_ws/install/drive_base_msgs/include/drive_base_msgs/msg/detail/trv_command__rosidl_typesupport_microxrcedds_c.h
[15.024s] -- Symlinking: /root/catkin_ws/install/drive_base_msgs/include/drive_base_msgs/msg/rosidl_typesupport_microxrcedds_c__visibility_control.h
[15.036s] -- Symlinking: /root/catkin_ws/install/drive_base_msgs/lib/libdrive_base_msgs__rosidl_typesupport_microxrcedds_c.so
[15.048s] -- Up-to-date symlink: /root/catkin_ws/install/drive_base_msgs/include/drive_base_msgs/msg/detail/base_info__rosidl_typesupport_fastrtps_c.h
[15.048s] -- Up-to-date symlink: /root/catkin_ws/install/drive_base_msgs/include/drive_base_msgs/msg/detail/command_header__rosidl_typesupport_fastrtps_c.h
[15.048s] -- Up-to-date symlink: /root/catkin_ws/install/drive_base_msgs/include/drive_base_msgs/msg/detail/command_status__rosidl_typesupport_fastrtps_c.h
[15.049s] -- Up-to-date symlink: /root/catkin_ws/install/drive_base_msgs/include/drive_base_msgs/msg/detail/trv_command__rosidl_typesupport_fastrtps_c.h
[15.049s] -- Up-to-date symlink: /root/catkin_ws/install/drive_base_msgs/include/drive_base_msgs/msg/rosidl_typesupport_fastrtps_c__visibility_control.h
[15.049s] -- Up-to-date symlink: /root/catkin_ws/install/drive_base_msgs/lib/libdrive_base_msgs__rosidl_typesupport_fastrtps_c.so
[15.050s] -- Up-to-date symlink: /root/catkin_ws/install/drive_base_msgs/include/drive_base_msgs/msg/detail/base_info__rosidl_typesupport_fastrtps_cpp.hpp
[15.050s] -- Up-to-date symlink: /root/catkin_ws/install/drive_base_msgs/include/drive_base_msgs/msg/detail/command_header__rosidl_typesupport_fastrtps_cpp.hpp
[15.051s] -- Up-to-date symlink: /root/catkin_ws/install/drive_base_msgs/include/drive_base_msgs/msg/detail/command_status__rosidl_typesupport_fastrtps_cpp.hpp
[15.051s] -- Up-to-date symlink: /root/catkin_ws/install/drive_base_msgs/include/drive_base_msgs/msg/detail/trv_command__rosidl_typesupport_fastrtps_cpp.hpp
[15.051s] -- Up-to-date symlink: /root/catkin_ws/install/drive_base_msgs/include/drive_base_msgs/msg/rosidl_typesupport_fastrtps_cpp__visibility_control.h
[15.052s] -- Up-to-date symlink: /root/catkin_ws/install/drive_base_msgs/lib/libdrive_base_msgs__rosidl_typesupport_fastrtps_cpp.so
[15.052s] -- Up-to-date symlink: /root/catkin_ws/install/drive_base_msgs/include/drive_base_msgs/msg/detail/base_info__rosidl_typesupport_introspection_c.h
[15.052s] -- Up-to-date symlink: /root/catkin_ws/install/drive_base_msgs/include/drive_base_msgs/msg/detail/command_header__rosidl_typesupport_introspection_c.h
[15.053s] -- Up-to-date symlink: /root/catkin_ws/install/drive_base_msgs/include/drive_base_msgs/msg/detail/command_status__rosidl_typesupport_introspection_c.h
[15.053s] -- Up-to-date symlink: /root/catkin_ws/install/drive_base_msgs/include/drive_base_msgs/msg/detail/trv_command__rosidl_typesupport_introspection_c.h
[15.053s] -- Up-to-date symlink: /root/catkin_ws/install/drive_base_msgs/include/drive_base_msgs/msg/rosidl_typesupport_introspection_c__visibility_control.h
[15.054s] -- Up-to-date symlink: /root/catkin_ws/install/drive_base_msgs/include/drive_base_msgs/msg/base_info.hpp
[15.054s] -- Up-to-date symlink: /root/catkin_ws/install/drive_base_msgs/include/drive_base_msgs/msg/command_header.hpp
[15.054s] -- Up-to-date symlink: /root/catkin_ws/install/drive_base_msgs/include/drive_base_msgs/msg/command_status.hpp
[15.055s] -- Up-to-date symlink: /root/catkin_ws/install/drive_base_msgs/include/drive_base_msgs/msg/detail/base_info__builder.hpp
[15.055s] -- Up-to-date symlink: /root/catkin_ws/install/drive_base_msgs/include/drive_base_msgs/msg/detail/base_info__struct.hpp
[15.055s] -- Up-to-date symlink: /root/catkin_ws/install/drive_base_msgs/include/drive_base_msgs/msg/detail/base_info__traits.hpp
[15.055s] -- Up-to-date symlink: /root/catkin_ws/install/drive_base_msgs/include/drive_base_msgs/msg/detail/command_header__builder.hpp
[15.056s] -- Up-to-date symlink: /root/catkin_ws/install/drive_base_msgs/include/drive_base_msgs/msg/detail/command_header__struct.hpp
[15.056s] -- Up-to-date symlink: /root/catkin_ws/install/drive_base_msgs/include/drive_base_msgs/msg/detail/command_header__traits.hpp
[15.056s] -- Up-to-date symlink: /root/catkin_ws/install/drive_base_msgs/include/drive_base_msgs/msg/detail/command_status__builder.hpp
[15.056s] -- Up-to-date symlink: /root/catkin_ws/install/drive_base_msgs/include/drive_base_msgs/msg/detail/command_status__struct.hpp
[15.057s] -- Up-to-date symlink: /root/catkin_ws/install/drive_base_msgs/include/drive_base_msgs/msg/detail/command_status__traits.hpp
[15.057s] -- Up-to-date symlink: /root/catkin_ws/install/drive_base_msgs/include/drive_base_msgs/msg/detail/trv_command__builder.hpp
[15.057s] -- Up-to-date symlink: /root/catkin_ws/install/drive_base_msgs/include/drive_base_msgs/msg/detail/trv_command__struct.hpp
[15.057s] -- Up-to-date symlink: /root/catkin_ws/install/drive_base_msgs/include/drive_base_msgs/msg/detail/trv_command__traits.hpp
[15.058s] -- Up-to-date symlink: /root/catkin_ws/install/drive_base_msgs/include/drive_base_msgs/msg/trv_command.hpp
[15.058s] -- Symlinking: /root/catkin_ws/install/drive_base_msgs/include/drive_base_msgs/msg/detail/base_info__rosidl_typesupport_microxrcedds_cpp.hpp
[15.070s] -- Symlinking: /root/catkin_ws/install/drive_base_msgs/include/drive_base_msgs/msg/detail/command_header__rosidl_typesupport_microxrcedds_cpp.hpp
[15.081s] -- Symlinking: /root/catkin_ws/install/drive_base_msgs/include/drive_base_msgs/msg/detail/command_status__rosidl_typesupport_microxrcedds_cpp.hpp
[15.091s] -- Symlinking: /root/catkin_ws/install/drive_base_msgs/include/drive_base_msgs/msg/detail/microxrcedds/base_info__type_support_cpp.cpp
[15.101s] -- Symlinking: /root/catkin_ws/install/drive_base_msgs/include/drive_base_msgs/msg/detail/microxrcedds/command_header__type_support_cpp.cpp
[15.111s] -- Symlinking: /root/catkin_ws/install/drive_base_msgs/include/drive_base_msgs/msg/detail/microxrcedds/command_status__type_support_cpp.cpp
[15.121s] -- Symlinking: /root/catkin_ws/install/drive_base_msgs/include/drive_base_msgs/msg/detail/microxrcedds/trv_command__type_support_cpp.cpp
[15.132s] -- Symlinking: /root/catkin_ws/install/drive_base_msgs/include/drive_base_msgs/msg/detail/trv_command__rosidl_typesupport_microxrcedds_cpp.hpp
[15.143s] -- Symlinking: /root/catkin_ws/install/drive_base_msgs/include/drive_base_msgs/msg/rosidl_typesupport_microxrcedds_cpp__visibility_control.h
[15.153s] -- Symlinking: /root/catkin_ws/install/drive_base_msgs/lib/libdrive_base_msgs__rosidl_typesupport_microxrcedds_cpp.so
[15.165s] -- Up-to-date symlink: /root/catkin_ws/install/drive_base_msgs/include/drive_base_msgs/msg/detail/base_info__rosidl_typesupport_introspection_cpp.hpp
[15.165s] -- Up-to-date symlink: /root/catkin_ws/install/drive_base_msgs/include/drive_base_msgs/msg/detail/command_header__rosidl_typesupport_introspection_cpp.hpp
[15.165s] -- Up-to-date symlink: /root/catkin_ws/install/drive_base_msgs/include/drive_base_msgs/msg/detail/command_status__rosidl_typesupport_introspection_cpp.hpp
[15.166s] -- Up-to-date symlink: /root/catkin_ws/install/drive_base_msgs/include/drive_base_msgs/msg/detail/trv_command__rosidl_typesupport_introspection_cpp.hpp
[15.166s] -- Up-to-date symlink: /root/catkin_ws/install/drive_base_msgs/share/drive_base_msgs/environment/pythonpath.sh
[15.166s] -- Up-to-date symlink: /root/catkin_ws/install/drive_base_msgs/share/drive_base_msgs/environment/pythonpath.dsv
[15.167s] -- Up-to-date symlink: /root/catkin_ws/install/drive_base_msgs/lib/python3.8/site-packages/drive_base_msgs/__init__.py
[15.167s] -- Up-to-date symlink: /root/catkin_ws/install/drive_base_msgs/lib/python3.8/site-packages/drive_base_msgs/msg/__init__.py
[15.168s] -- Up-to-date symlink: /root/catkin_ws/install/drive_base_msgs/lib/python3.8/site-packages/drive_base_msgs/msg/_base_info.py
[15.168s] -- Up-to-date symlink: /root/catkin_ws/install/drive_base_msgs/lib/python3.8/site-packages/drive_base_msgs/msg/_command_header.py
[15.168s] -- Up-to-date symlink: /root/catkin_ws/install/drive_base_msgs/lib/python3.8/site-packages/drive_base_msgs/msg/_command_status.py
[15.169s] -- Up-to-date symlink: /root/catkin_ws/install/drive_base_msgs/lib/python3.8/site-packages/drive_base_msgs/msg/_trv_command.py
[15.169s] -- Symlinking: /root/catkin_ws/install/drive_base_msgs/lib/python3.8/site-packages/drive_base_msgs/drive_base_msgs_s__rosidl_typesupport_microxrcedds_c.cpython-38-x86_64-linux-gnu.so
[15.180s] -- Up-to-date symlink: /root/catkin_ws/install/drive_base_msgs/lib/python3.8/site-packages/drive_base_msgs/drive_base_msgs_s__rosidl_typesupport_fastrtps_c.cpython-38-x86_64-linux-gnu.so
[15.181s] -- Up-to-date symlink: /root/catkin_ws/install/drive_base_msgs/lib/python3.8/site-packages/drive_base_msgs/drive_base_msgs_s__rosidl_typesupport_introspection_c.cpython-38-x86_64-linux-gnu.so
[15.182s] -- Up-to-date symlink: /root/catkin_ws/install/drive_base_msgs/lib/python3.8/site-packages/drive_base_msgs/drive_base_msgs_s__rosidl_typesupport_c.cpython-38-x86_64-linux-gnu.so
[15.182s] -- Up-to-date symlink: /root/catkin_ws/install/drive_base_msgs/lib/libdrive_base_msgs__python.so
[15.183s] -- Up-to-date symlink: /root/catkin_ws/install/drive_base_msgs/share/drive_base_msgs/msg/CommandHeader.idl
[15.183s] -- Up-to-date symlink: /root/catkin_ws/install/drive_base_msgs/share/drive_base_msgs/msg/BaseInfo.idl
[15.184s] -- Up-to-date symlink: /root/catkin_ws/install/drive_base_msgs/share/drive_base_msgs/msg/CommandStatus.idl
[15.184s] -- Up-to-date symlink: /root/catkin_ws/install/drive_base_msgs/share/drive_base_msgs/msg/TRVCommand.idl
[15.184s] -- Up-to-date symlink: /root/catkin_ws/install/drive_base_msgs/share/drive_base_msgs/msg/CommandHeader.msg
[15.185s] -- Up-to-date symlink: /root/catkin_ws/install/drive_base_msgs/share/drive_base_msgs/msg/BaseInfo.msg
[15.185s] -- Up-to-date symlink: /root/catkin_ws/install/drive_base_msgs/share/drive_base_msgs/msg/CommandStatus.msg
[15.186s] -- Up-to-date symlink: /root/catkin_ws/install/drive_base_msgs/share/drive_base_msgs/msg/TRVCommand.msg
[15.186s] -- Up-to-date symlink: /root/catkin_ws/install/drive_base_msgs/share/ament_index/resource_index/package_run_dependencies/drive_base_msgs
[15.187s] -- Up-to-date symlink: /root/catkin_ws/install/drive_base_msgs/share/ament_index/resource_index/parent_prefix_path/drive_base_msgs
[15.187s] -- Up-to-date symlink: /root/catkin_ws/install/drive_base_msgs/share/drive_base_msgs/environment/ament_prefix_path.sh
[15.187s] -- Up-to-date symlink: /root/catkin_ws/install/drive_base_msgs/share/drive_base_msgs/environment/ament_prefix_path.dsv
[15.188s] -- Up-to-date symlink: /root/catkin_ws/install/drive_base_msgs/share/drive_base_msgs/environment/path.sh
[15.188s] -- Up-to-date symlink: /root/catkin_ws/install/drive_base_msgs/share/drive_base_msgs/environment/path.dsv
[15.189s] -- Up-to-date symlink: /root/catkin_ws/install/drive_base_msgs/share/drive_base_msgs/local_setup.bash
[15.189s] -- Up-to-date symlink: /root/catkin_ws/install/drive_base_msgs/share/drive_base_msgs/local_setup.sh
[15.189s] -- Up-to-date symlink: /root/catkin_ws/install/drive_base_msgs/share/drive_base_msgs/local_setup.zsh
[15.190s] -- Up-to-date symlink: /root/catkin_ws/install/drive_base_msgs/share/drive_base_msgs/local_setup.dsv
[15.190s] -- Symlinking: /root/catkin_ws/install/drive_base_msgs/share/drive_base_msgs/package.dsv
[15.201s] -- Up-to-date symlink: /root/catkin_ws/install/drive_base_msgs/share/ament_index/resource_index/packages/drive_base_msgs
[15.201s] -- Up-to-date symlink: /root/catkin_ws/install/drive_base_msgs/share/drive_base_msgs/cmake/rosidl_cmake-extras.cmake
[15.202s] -- Up-to-date symlink: /root/catkin_ws/install/drive_base_msgs/share/drive_base_msgs/cmake/ament_cmake_export_dependencies-extras.cmake
[15.202s] -- Up-to-date symlink: /root/catkin_ws/install/drive_base_msgs/share/drive_base_msgs/cmake/ament_cmake_export_libraries-extras.cmake
[15.202s] -- Up-to-date symlink: /root/catkin_ws/install/drive_base_msgs/share/drive_base_msgs/cmake/ament_cmake_export_targets-extras.cmake
[15.203s] -- Up-to-date symlink: /root/catkin_ws/install/drive_base_msgs/share/drive_base_msgs/cmake/ament_cmake_export_include_directories-extras.cmake
[15.204s] -- Up-to-date symlink: /root/catkin_ws/install/drive_base_msgs/share/drive_base_msgs/cmake/rosidl_cmake_export_typesupport_libraries-extras.cmake
[15.204s] -- Up-to-date symlink: /root/catkin_ws/install/drive_base_msgs/share/drive_base_msgs/cmake/rosidl_cmake_export_typesupport_targets-extras.cmake
[15.204s] -- Up-to-date symlink: /root/catkin_ws/install/drive_base_msgs/share/drive_base_msgs/cmake/drive_base_msgsConfig.cmake
[15.205s] -- Up-to-date symlink: /root/catkin_ws/install/drive_base_msgs/share/drive_base_msgs/cmake/drive_base_msgsConfig-version.cmake
[15.205s] -- Up-to-date symlink: /root/catkin_ws/install/drive_base_msgs/share/drive_base_msgs/package.xml
[15.205s] -- Up-to-date: /root/catkin_ws/install/drive_base_msgs/lib/libdrive_base_msgs__rosidl_generator_c.so
[15.206s] -- Up-to-date: /root/catkin_ws/install/drive_base_msgs/lib/libdrive_base_msgs__rosidl_typesupport_introspection_c.so
[15.207s] -- Installing: /root/catkin_ws/install/drive_base_msgs/lib/libdrive_base_msgs__rosidl_typesupport_c.so
[15.207s] -- Set runtime path of "/root/catkin_ws/install/drive_base_msgs/lib/libdrive_base_msgs__rosidl_typesupport_c.so" to ""
[15.207s] -- Up-to-date: /root/catkin_ws/install/drive_base_msgs/lib/libdrive_base_msgs__rosidl_typesupport_introspection_cpp.so
[15.208s] -- Installing: /root/catkin_ws/install/drive_base_msgs/lib/libdrive_base_msgs__rosidl_typesupport_cpp.so
[15.208s] -- Set runtime path of "/root/catkin_ws/install/drive_base_msgs/lib/libdrive_base_msgs__rosidl_typesupport_cpp.so" to ""
[15.280s] Compiling '/root/catkin_ws/install/drive_base_msgs/lib/python3.8/site-packages/drive_base_msgs/__init__.py'...
[15.284s] -- Up-to-date: /root/catkin_ws/install/drive_base_msgs/share/drive_base_msgs/cmake/drive_base_msgs__rosidl_generator_cExport.cmake
[15.284s] -- Installing: /root/catkin_ws/install/drive_base_msgs/share/drive_base_msgs/cmake/drive_base_msgs__rosidl_generator_cExport-noconfig.cmake
[15.285s] -- Up-to-date: /root/catkin_ws/install/drive_base_msgs/share/drive_base_msgs/cmake/drive_base_msgs__rosidl_typesupport_introspection_cExport.cmake
[15.285s] -- Installing: /root/catkin_ws/install/drive_base_msgs/share/drive_base_msgs/cmake/drive_base_msgs__rosidl_typesupport_introspection_cExport-noconfig.cmake
[15.285s] -- Up-to-date: /root/catkin_ws/install/drive_base_msgs/share/drive_base_msgs/cmake/drive_base_msgs__rosidl_typesupport_cExport.cmake
[15.285s] -- Installing: /root/catkin_ws/install/drive_base_msgs/share/drive_base_msgs/cmake/drive_base_msgs__rosidl_typesupport_cExport-noconfig.cmake
[15.286s] -- Up-to-date: /root/catkin_ws/install/drive_base_msgs/share/drive_base_msgs/cmake/drive_base_msgs__rosidl_generator_cppExport.cmake
[15.286s] -- Up-to-date: /root/catkin_ws/install/drive_base_msgs/share/drive_base_msgs/cmake/drive_base_msgs__rosidl_typesupport_introspection_cppExport.cmake
[15.286s] -- Installing: /root/catkin_ws/install/drive_base_msgs/share/drive_base_msgs/cmake/drive_base_msgs__rosidl_typesupport_introspection_cppExport-noconfig.cmake
[15.286s] -- Up-to-date: /root/catkin_ws/install/drive_base_msgs/share/drive_base_msgs/cmake/drive_base_msgs__rosidl_typesupport_cppExport.cmake
[15.286s] -- Installing: /root/catkin_ws/install/drive_base_msgs/share/drive_base_msgs/cmake/drive_base_msgs__rosidl_typesupport_cppExport-noconfig.cmake
[15.294s] Invoked command in '/root/catkin_ws/build/drive_base_msgs' returned '0': AMENT_PREFIX_PATH=/root/catkin_ws/install/std_msgs:/root/catkin_ws/install/builtin_interfaces:${AMENT_PREFIX_PATH} CMAKE_PREFIX_PATH=/root/catkin_ws/install/std_msgs:/root/catkin_ws/install/builtin_interfaces:/root/catkin_ws/install/rosidl_typesupport_microxrcedds_cpp:/root/catkin_ws/install/rosidl_typesupport_microxrcedds_c:/root/catkin_ws/install/microcdr:/root/catkin_ws/install/ydlidar_sdk:/root/catkin_ws/install/ydlidar_ros2_driver:/root/catkin_ws/install/udp_driver:/root/catkin_ws/install/topic_service_action_rclcpp_example:/root/catkin_ws/install/time_rclcpp_example:/root/catkin_ws/install/tf2_rclcpp_example:/root/catkin_ws/install/testbot_description:/root/catkin_ws/install/serial_driver:/root/catkin_ws/install/rqt_example:/root/catkin_ws/install/omo_r1mini:/root/catkin_ws/install/omo_r1mini_navigation2:/root/catkin_ws/install/omo_r1mini_interfaces:/root/catkin_ws/install/omo_r1mini_gazebo:/root/catkin_ws/install/omo_r1mini_description:/root/catkin_ws/install/omo_r1mini_cartographer:/root/catkin_ws/install/my_first_ros_rclcpp_pkg:/root/catkin_ws/install/msg_srv_action_interface_example:/root/catkin_ws/install/micro_ros_setup:/root/catkin_ws/install/micro_ros_agent:/root/catkin_ws/install/micro_ros_msgs:/root/catkin_ws/install/io_context:/root/catkin_ws/install/iahrs_driver_interface:/root/catkin_ws/install/drive_base_msgs:/root/catkin_ws/install/asio_cmake_module:/root/install/ydlidar_sdk:/root/install/ydlidar_ros2_driver:/root/install/udp_driver:/root/install/topic_service_action_rclcpp_example:/root/install/time_rclcpp_example:/root/install/tf2_rclcpp_example:/root/install/testbot_description:/root/install/serial_driver:/root/install/rqt_example:/root/install/omo_r1mini:/root/install/omo_r1mini_navigation2:/root/install/omo_r1mini_interfaces:/root/install/omo_r1mini_gazebo:/root/install/omo_r1mini_description:/root/install/omo_r1mini_cartographer:/root/install/my_first_ros_rclcpp_pkg:/root/install/msg_srv_action_interface_example:/root/install/io_context:/root/install/asio_cmake_module:/root/catkin_ws/install/topic_service_action_rclpy_example:/root/catkin_ws/install/time_rclpy_example:/root/catkin_ws/install/tf2_rclpy_example:/root/catkin_ws/install/ros2env:/root/catkin_ws/install/omo_r1mini_teleop:/root/catkin_ws/install/omo_r1mini_bringup:/root/catkin_ws/install/my_first_ros_rclpy_pkg:/root/catkin_ws/install/logging_rclpy_example:/root/catkin_ws/install/iahrs_driver:/root/install/topic_service_action_rclpy_example:/root/install/time_rclpy_example:/root/install/tf2_rclpy_example:/root/install/ros2env:/root/install/omo_r1mini_teleop:/root/install/omo_r1mini_bringup:/root/install/my_first_ros_rclpy_pkg:/root/install/logging_rclpy_example:/opt/ros/foxy LD_LIBRARY_PATH=/root/catkin_ws/install/std_msgs/lib:/root/catkin_ws/install/builtin_interfaces/lib:${LD_LIBRARY_PATH} PYTHONPATH=/root/catkin_ws/install/std_msgs/lib/python3.8/site-packages:/root/catkin_ws/install/builtin_interfaces/lib/python3.8/site-packages:${PYTHONPATH} /usr/bin/cmake --install /root/catkin_ws/build/drive_base_msgs
