[1.088s] Invoking command in '/root/catkin_ws/build/tf2_rclpy_example': PYTHONPATH=/root/catkin_ws/build/tf2_rclpy_example/prefix_override:/root/catkin_ws/install/tf2_rclpy_example/lib/python3.8/site-packages:${PYTHONPATH} /usr/bin/python3 setup.py develop --editable --build-directory /root/catkin_ws/build/tf2_rclpy_example/build --no-deps install_data
[1.484s] running develop
[1.508s] running egg_info
[1.509s] creating tf2_rclpy_example.egg-info
[1.509s] writing tf2_rclpy_example.egg-info/PKG-INFO
[1.510s] writing dependency_links to tf2_rclpy_example.egg-info/dependency_links.txt
[1.510s] writing entry points to tf2_rclpy_example.egg-info/entry_points.txt
[1.510s] writing requirements to tf2_rclpy_example.egg-info/requires.txt
[1.511s] writing top-level names to tf2_rclpy_example.egg-info/top_level.txt
[1.511s] writing manifest file 'tf2_rclpy_example.egg-info/SOURCES.txt'
[1.557s] reading manifest file 'tf2_rclpy_example.egg-info/SOURCES.txt'
[1.561s] writing manifest file 'tf2_rclpy_example.egg-info/SOURCES.txt'
[1.613s] running build_ext
[1.613s] Creating /root/catkin_ws/install/tf2_rclpy_example/lib/python3.8/site-packages/site.py
[1.616s] Creating /root/catkin_ws/install/tf2_rclpy_example/lib/python3.8/site-packages/tf2-rclpy-example.egg-link (link to .)
[1.617s] Installing broadcaster script to /root/catkin_ws/install/tf2_rclpy_example/lib/tf2_rclpy_example
[1.617s] Installing listener script to /root/catkin_ws/install/tf2_rclpy_example/lib/tf2_rclpy_example
[1.617s] Installing static_broadcaster script to /root/catkin_ws/install/tf2_rclpy_example/lib/tf2_rclpy_example
[1.617s] 
[1.617s] Installed /root/catkin_ws/build/tf2_rclpy_example
[1.617s] running install_data
[1.617s] creating /root/catkin_ws/install/tf2_rclpy_example/share/ament_index
[1.617s] creating /root/catkin_ws/install/tf2_rclpy_example/share/ament_index/resource_index
[1.617s] creating /root/catkin_ws/install/tf2_rclpy_example/share/ament_index/resource_index/packages
[1.618s] copying resource/tf2_rclpy_example -> /root/catkin_ws/install/tf2_rclpy_example/share/ament_index/resource_index/packages
[1.618s] copying package.xml -> /root/catkin_ws/install/tf2_rclpy_example/share/tf2_rclpy_example
[1.692s] Invoked command in '/root/catkin_ws/build/tf2_rclpy_example' returned '0': PYTHONPATH=/root/catkin_ws/build/tf2_rclpy_example/prefix_override:/root/catkin_ws/install/tf2_rclpy_example/lib/python3.8/site-packages:${PYTHONPATH} /usr/bin/python3 setup.py develop --editable --build-directory /root/catkin_ws/build/tf2_rclpy_example/build --no-deps install_data
