[0.121s] Invoking command in '/root/catkin_ws/build/micro_ros_msgs': CMAKE_PREFIX_PATH=${CMAKE_PREFIX_PATH}:/root/catkin_ws/install/topic_service_action_rclpy_example:/root/catkin_ws/install/time_rclpy_example:/root/catkin_ws/install/tf2_rclpy_example:/root/catkin_ws/install/sensor_msgs_py:/root/catkin_ws/install/omo_r1mini_teleop:/root/catkin_ws/install/omo_r1mini_bringup:/root/catkin_ws/install/my_first_ros_rclpy_pkg:/root/catkin_ws/install/logging_rclpy_example:/root/catkin_ws/install/iahrs_driver:/root/catkin_ws/install/ros2env:/root/install/topic_service_action_rclpy_example:/root/install/time_rclpy_example:/root/install/tf2_rclpy_example:/root/install/ros2env:/root/install/omo_r1mini_teleop:/root/install/omo_r1mini_bringup:/root/install/my_first_ros_rclpy_pkg:/root/install/logging_rclpy_example:/opt/ros/foxy /usr/bin/cmake --build /root/catkin_ws/build/micro_ros_msgs -- -j12 -l12
[0.165s] -- Found ament_cmake: 0.9.11 (/opt/ros/foxy/share/ament_cmake/cmake)
[0.292s] -- Found PythonInterp: /usr/bin/python3 (found suitable version "3.8.10", minimum required is "3") 
[0.293s] -- Using PYTHON_EXECUTABLE: /usr/bin/python3
[0.640s] -- Override CMake install command with custom implementation using symlinks instead of copying resources
[0.643s] -- Found rosidl_default_generators: 1.0.1 (/opt/ros/foxy/share/rosidl_default_generators/cmake)
[0.663s] -- Using all available rosidl_typesupport_c: rosidl_typesupport_microxrcedds_c;rosidl_typesupport_fastrtps_c;rosidl_typesupport_introspection_c
[0.665s] -- Found rosidl_adapter: 1.3.0 (/opt/ros/foxy/share/rosidl_adapter/cmake)
[0.928s] -- Using all available rosidl_typesupport_cpp: rosidl_typesupport_microxrcedds_cpp;rosidl_typesupport_fastrtps_cpp;rosidl_typesupport_introspection_cpp
[1.036s] -- Found PythonInterp: /usr/bin/python3 (found version "3.8.10") 
[1.322s] -- Found ament_cmake_ros: 0.9.2 (/opt/ros/foxy/share/ament_cmake_ros/cmake)
[1.672s] -- Using all available rosidl_typesupport_c: rosidl_typesupport_microxrcedds_c;rosidl_typesupport_fastrtps_c;rosidl_typesupport_introspection_c
[1.702s] -- Using all available rosidl_typesupport_cpp: rosidl_typesupport_microxrcedds_cpp;rosidl_typesupport_fastrtps_cpp;rosidl_typesupport_introspection_cpp
[1.807s] -- Found PythonInterp: /usr/bin/python3 (found suitable version "3.8.10", minimum required is "3.5") 
[1.807s] -- Found python_cmake_module: 0.8.1 (/opt/ros/foxy/share/python_cmake_module/cmake)
[1.909s] -- Using PYTHON_EXECUTABLE: /usr/bin/python3
[1.909s] -- Using PYTHON_INCLUDE_DIRS: /usr/include/python3.8
[1.909s] -- Using PYTHON_LIBRARIES: /usr/lib/x86_64-linux-gnu/libpython3.8.so
[2.045s] -- Configuring done
[2.175s] -- Generating done
[2.183s] -- Build files have been written to: /root/catkin_ws/build/micro_ros_msgs
[2.399s] [  1%] Built target micro_ros_msgs__cpp
[2.410s] [ 10%] Built target micro_ros_msgs__rosidl_generator_c
[2.483s] [ 18%] Built target micro_ros_msgs__rosidl_typesupport_cpp
[2.506s] [ 27%] Built target micro_ros_msgs__rosidl_typesupport_introspection_cpp
[2.533s] [ 35%] Built target micro_ros_msgs__rosidl_typesupport_fastrtps_cpp
[2.542s] [ 44%] Built target micro_ros_msgs__rosidl_typesupport_microxrcedds_cpp
[2.585s] [ 52%] Built target micro_ros_msgs__rosidl_typesupport_c
[2.587s] [ 61%] Built target micro_ros_msgs__rosidl_typesupport_introspection_c
[2.593s] [ 69%] Built target micro_ros_msgs__rosidl_typesupport_microxrcedds_c
[2.627s] [ 77%] Built target micro_ros_msgs__rosidl_typesupport_fastrtps_c
[2.701s] [ 77%] Built target micro_ros_msgs
[2.767s] [ 79%] Built target micro_ros_msgs__py
[2.896s] [ 86%] Built target micro_ros_msgs__python
[3.010s] [ 89%] Built target micro_ros_msgs__rosidl_typesupport_introspection_c__pyext
[3.045s] [ 93%] Built target micro_ros_msgs__rosidl_typesupport_fastrtps_c__pyext
[3.050s] [ 96%] Built target micro_ros_msgs__rosidl_typesupport_c__pyext
[3.064s] [100%] Built target micro_ros_msgs__rosidl_typesupport_microxrcedds_c__pyext
[3.166s] Invoked command in '/root/catkin_ws/build/micro_ros_msgs' returned '0': CMAKE_PREFIX_PATH=${CMAKE_PREFIX_PATH}:/root/catkin_ws/install/topic_service_action_rclpy_example:/root/catkin_ws/install/time_rclpy_example:/root/catkin_ws/install/tf2_rclpy_example:/root/catkin_ws/install/sensor_msgs_py:/root/catkin_ws/install/omo_r1mini_teleop:/root/catkin_ws/install/omo_r1mini_bringup:/root/catkin_ws/install/my_first_ros_rclpy_pkg:/root/catkin_ws/install/logging_rclpy_example:/root/catkin_ws/install/iahrs_driver:/root/catkin_ws/install/ros2env:/root/install/topic_service_action_rclpy_example:/root/install/time_rclpy_example:/root/install/tf2_rclpy_example:/root/install/ros2env:/root/install/omo_r1mini_teleop:/root/install/omo_r1mini_bringup:/root/install/my_first_ros_rclpy_pkg:/root/install/logging_rclpy_example:/opt/ros/foxy /usr/bin/cmake --build /root/catkin_ws/build/micro_ros_msgs -- -j12 -l12
[3.635s] Invoking command in '/root/catkin_ws/build/micro_ros_msgs': CMAKE_PREFIX_PATH=${CMAKE_PREFIX_PATH}:/root/catkin_ws/install/topic_service_action_rclpy_example:/root/catkin_ws/install/time_rclpy_example:/root/catkin_ws/install/tf2_rclpy_example:/root/catkin_ws/install/sensor_msgs_py:/root/catkin_ws/install/omo_r1mini_teleop:/root/catkin_ws/install/omo_r1mini_bringup:/root/catkin_ws/install/my_first_ros_rclpy_pkg:/root/catkin_ws/install/logging_rclpy_example:/root/catkin_ws/install/iahrs_driver:/root/catkin_ws/install/ros2env:/root/install/topic_service_action_rclpy_example:/root/install/time_rclpy_example:/root/install/tf2_rclpy_example:/root/install/ros2env:/root/install/omo_r1mini_teleop:/root/install/omo_r1mini_bringup:/root/install/my_first_ros_rclpy_pkg:/root/install/logging_rclpy_example:/opt/ros/foxy /usr/bin/cmake --install /root/catkin_ws/build/micro_ros_msgs
[3.656s] -- Install configuration: ""
[3.660s] -- Execute custom install script
[3.661s] -- Up-to-date symlink: /root/catkin_ws/install/micro_ros_msgs/share/ament_index/resource_index/rosidl_interfaces/micro_ros_msgs
[3.663s] -- Up-to-date symlink: /root/catkin_ws/install/micro_ros_msgs/include/micro_ros_msgs/msg/detail/entity__functions.h
[3.663s] -- Up-to-date symlink: /root/catkin_ws/install/micro_ros_msgs/include/micro_ros_msgs/msg/detail/entity__struct.h
[3.664s] -- Up-to-date symlink: /root/catkin_ws/install/micro_ros_msgs/include/micro_ros_msgs/msg/detail/entity__type_support.h
[3.664s] -- Up-to-date symlink: /root/catkin_ws/install/micro_ros_msgs/include/micro_ros_msgs/msg/detail/graph__functions.h
[3.664s] -- Up-to-date symlink: /root/catkin_ws/install/micro_ros_msgs/include/micro_ros_msgs/msg/detail/graph__struct.h
[3.664s] -- Up-to-date symlink: /root/catkin_ws/install/micro_ros_msgs/include/micro_ros_msgs/msg/detail/graph__type_support.h
[3.664s] -- Up-to-date symlink: /root/catkin_ws/install/micro_ros_msgs/include/micro_ros_msgs/msg/detail/node__functions.h
[3.664s] -- Up-to-date symlink: /root/catkin_ws/install/micro_ros_msgs/include/micro_ros_msgs/msg/detail/node__struct.h
[3.664s] -- Up-to-date symlink: /root/catkin_ws/install/micro_ros_msgs/include/micro_ros_msgs/msg/detail/node__type_support.h
[3.665s] -- Up-to-date symlink: /root/catkin_ws/install/micro_ros_msgs/include/micro_ros_msgs/msg/entity.h
[3.665s] -- Up-to-date symlink: /root/catkin_ws/install/micro_ros_msgs/include/micro_ros_msgs/msg/graph.h
[3.665s] -- Up-to-date symlink: /root/catkin_ws/install/micro_ros_msgs/include/micro_ros_msgs/msg/node.h
[3.665s] -- Up-to-date symlink: /root/catkin_ws/install/micro_ros_msgs/include/micro_ros_msgs/msg/rosidl_generator_c__visibility_control.h
[3.665s] -- Up-to-date symlink: /root/catkin_ws/install/micro_ros_msgs/share/micro_ros_msgs/environment/library_path.sh
[3.665s] -- Up-to-date symlink: /root/catkin_ws/install/micro_ros_msgs/share/micro_ros_msgs/environment/library_path.dsv
[3.665s] -- Up-to-date symlink: /root/catkin_ws/install/micro_ros_msgs/include/micro_ros_msgs/msg/detail/entity__rosidl_typesupport_microxrcedds_c.h
[3.666s] -- Up-to-date symlink: /root/catkin_ws/install/micro_ros_msgs/include/micro_ros_msgs/msg/detail/graph__rosidl_typesupport_microxrcedds_c.h
[3.666s] -- Up-to-date symlink: /root/catkin_ws/install/micro_ros_msgs/include/micro_ros_msgs/msg/detail/node__rosidl_typesupport_microxrcedds_c.h
[3.666s] -- Up-to-date symlink: /root/catkin_ws/install/micro_ros_msgs/include/micro_ros_msgs/msg/rosidl_typesupport_microxrcedds_c__visibility_control.h
[3.666s] -- Up-to-date symlink: /root/catkin_ws/install/micro_ros_msgs/lib/libmicro_ros_msgs__rosidl_typesupport_microxrcedds_c.so
[3.667s] -- Up-to-date symlink: /root/catkin_ws/install/micro_ros_msgs/include/micro_ros_msgs/msg/detail/entity__rosidl_typesupport_fastrtps_c.h
[3.667s] -- Up-to-date symlink: /root/catkin_ws/install/micro_ros_msgs/include/micro_ros_msgs/msg/detail/graph__rosidl_typesupport_fastrtps_c.h
[3.668s] -- Up-to-date symlink: /root/catkin_ws/install/micro_ros_msgs/include/micro_ros_msgs/msg/detail/node__rosidl_typesupport_fastrtps_c.h
[3.668s] -- Up-to-date symlink: /root/catkin_ws/install/micro_ros_msgs/include/micro_ros_msgs/msg/rosidl_typesupport_fastrtps_c__visibility_control.h
[3.668s] -- Up-to-date symlink: /root/catkin_ws/install/micro_ros_msgs/lib/libmicro_ros_msgs__rosidl_typesupport_fastrtps_c.so
[3.670s] -- Up-to-date symlink: /root/catkin_ws/install/micro_ros_msgs/include/micro_ros_msgs/msg/detail/entity__rosidl_typesupport_fastrtps_cpp.hpp
[3.671s] -- Up-to-date symlink: /root/catkin_ws/install/micro_ros_msgs/include/micro_ros_msgs/msg/detail/graph__rosidl_typesupport_fastrtps_cpp.hpp
[3.671s] -- Up-to-date symlink: /root/catkin_ws/install/micro_ros_msgs/include/micro_ros_msgs/msg/detail/node__rosidl_typesupport_fastrtps_cpp.hpp
[3.671s] -- Up-to-date symlink: /root/catkin_ws/install/micro_ros_msgs/include/micro_ros_msgs/msg/rosidl_typesupport_fastrtps_cpp__visibility_control.h
[3.671s] -- Up-to-date symlink: /root/catkin_ws/install/micro_ros_msgs/lib/libmicro_ros_msgs__rosidl_typesupport_fastrtps_cpp.so
[3.672s] -- Up-to-date symlink: /root/catkin_ws/install/micro_ros_msgs/include/micro_ros_msgs/msg/detail/entity__rosidl_typesupport_introspection_c.h
[3.672s] -- Up-to-date symlink: /root/catkin_ws/install/micro_ros_msgs/include/micro_ros_msgs/msg/detail/graph__rosidl_typesupport_introspection_c.h
[3.673s] -- Up-to-date symlink: /root/catkin_ws/install/micro_ros_msgs/include/micro_ros_msgs/msg/detail/node__rosidl_typesupport_introspection_c.h
[3.673s] -- Up-to-date symlink: /root/catkin_ws/install/micro_ros_msgs/include/micro_ros_msgs/msg/rosidl_typesupport_introspection_c__visibility_control.h
[3.674s] -- Up-to-date symlink: /root/catkin_ws/install/micro_ros_msgs/include/micro_ros_msgs/msg/detail/entity__builder.hpp
[3.675s] -- Up-to-date symlink: /root/catkin_ws/install/micro_ros_msgs/include/micro_ros_msgs/msg/detail/entity__struct.hpp
[3.675s] -- Up-to-date symlink: /root/catkin_ws/install/micro_ros_msgs/include/micro_ros_msgs/msg/detail/entity__traits.hpp
[3.676s] -- Up-to-date symlink: /root/catkin_ws/install/micro_ros_msgs/include/micro_ros_msgs/msg/detail/graph__builder.hpp
[3.676s] -- Up-to-date symlink: /root/catkin_ws/install/micro_ros_msgs/include/micro_ros_msgs/msg/detail/graph__struct.hpp
[3.676s] -- Up-to-date symlink: /root/catkin_ws/install/micro_ros_msgs/include/micro_ros_msgs/msg/detail/graph__traits.hpp
[3.676s] -- Up-to-date symlink: /root/catkin_ws/install/micro_ros_msgs/include/micro_ros_msgs/msg/detail/node__builder.hpp
[3.677s] -- Up-to-date symlink: /root/catkin_ws/install/micro_ros_msgs/include/micro_ros_msgs/msg/detail/node__struct.hpp
[3.677s] -- Up-to-date symlink: /root/catkin_ws/install/micro_ros_msgs/include/micro_ros_msgs/msg/detail/node__traits.hpp
[3.677s] -- Up-to-date symlink: /root/catkin_ws/install/micro_ros_msgs/include/micro_ros_msgs/msg/entity.hpp
[3.678s] -- Up-to-date symlink: /root/catkin_ws/install/micro_ros_msgs/include/micro_ros_msgs/msg/graph.hpp
[3.678s] -- Up-to-date symlink: /root/catkin_ws/install/micro_ros_msgs/include/micro_ros_msgs/msg/node.hpp
[3.679s] -- Up-to-date symlink: /root/catkin_ws/install/micro_ros_msgs/include/micro_ros_msgs/msg/detail/entity__rosidl_typesupport_microxrcedds_cpp.hpp
[3.680s] -- Up-to-date symlink: /root/catkin_ws/install/micro_ros_msgs/include/micro_ros_msgs/msg/detail/graph__rosidl_typesupport_microxrcedds_cpp.hpp
[3.680s] -- Up-to-date symlink: /root/catkin_ws/install/micro_ros_msgs/include/micro_ros_msgs/msg/detail/microxrcedds/entity__type_support_cpp.cpp
[3.680s] -- Up-to-date symlink: /root/catkin_ws/install/micro_ros_msgs/include/micro_ros_msgs/msg/detail/microxrcedds/graph__type_support_cpp.cpp
[3.681s] -- Up-to-date symlink: /root/catkin_ws/install/micro_ros_msgs/include/micro_ros_msgs/msg/detail/microxrcedds/node__type_support_cpp.cpp
[3.681s] -- Up-to-date symlink: /root/catkin_ws/install/micro_ros_msgs/include/micro_ros_msgs/msg/detail/node__rosidl_typesupport_microxrcedds_cpp.hpp
[3.681s] -- Up-to-date symlink: /root/catkin_ws/install/micro_ros_msgs/include/micro_ros_msgs/msg/rosidl_typesupport_microxrcedds_cpp__visibility_control.h
[3.682s] -- Up-to-date symlink: /root/catkin_ws/install/micro_ros_msgs/lib/libmicro_ros_msgs__rosidl_typesupport_microxrcedds_cpp.so
[3.683s] -- Up-to-date symlink: /root/catkin_ws/install/micro_ros_msgs/include/micro_ros_msgs/msg/detail/entity__rosidl_typesupport_introspection_cpp.hpp
[3.683s] -- Up-to-date symlink: /root/catkin_ws/install/micro_ros_msgs/include/micro_ros_msgs/msg/detail/graph__rosidl_typesupport_introspection_cpp.hpp
[3.683s] -- Up-to-date symlink: /root/catkin_ws/install/micro_ros_msgs/include/micro_ros_msgs/msg/detail/node__rosidl_typesupport_introspection_cpp.hpp
[3.683s] -- Up-to-date symlink: /root/catkin_ws/install/micro_ros_msgs/share/micro_ros_msgs/environment/pythonpath.sh
[3.684s] -- Up-to-date symlink: /root/catkin_ws/install/micro_ros_msgs/share/micro_ros_msgs/environment/pythonpath.dsv
[3.684s] -- Up-to-date symlink: /root/catkin_ws/install/micro_ros_msgs/lib/python3.8/site-packages/micro_ros_msgs/__init__.py
[3.685s] -- Up-to-date symlink: /root/catkin_ws/install/micro_ros_msgs/lib/python3.8/site-packages/micro_ros_msgs/msg/__init__.py
[3.685s] -- Up-to-date symlink: /root/catkin_ws/install/micro_ros_msgs/lib/python3.8/site-packages/micro_ros_msgs/msg/_entity.py
[3.686s] -- Up-to-date symlink: /root/catkin_ws/install/micro_ros_msgs/lib/python3.8/site-packages/micro_ros_msgs/msg/_graph.py
[3.686s] -- Up-to-date symlink: /root/catkin_ws/install/micro_ros_msgs/lib/python3.8/site-packages/micro_ros_msgs/msg/_node.py
[3.687s] -- Up-to-date symlink: /root/catkin_ws/install/micro_ros_msgs/lib/python3.8/site-packages/micro_ros_msgs/micro_ros_msgs_s__rosidl_typesupport_microxrcedds_c.cpython-38-x86_64-linux-gnu.so
[3.687s] -- Up-to-date symlink: /root/catkin_ws/install/micro_ros_msgs/lib/python3.8/site-packages/micro_ros_msgs/micro_ros_msgs_s__rosidl_typesupport_fastrtps_c.cpython-38-x86_64-linux-gnu.so
[3.687s] -- Up-to-date symlink: /root/catkin_ws/install/micro_ros_msgs/lib/python3.8/site-packages/micro_ros_msgs/micro_ros_msgs_s__rosidl_typesupport_introspection_c.cpython-38-x86_64-linux-gnu.so
[3.688s] -- Up-to-date symlink: /root/catkin_ws/install/micro_ros_msgs/lib/python3.8/site-packages/micro_ros_msgs/micro_ros_msgs_s__rosidl_typesupport_c.cpython-38-x86_64-linux-gnu.so
[3.689s] -- Up-to-date symlink: /root/catkin_ws/install/micro_ros_msgs/lib/libmicro_ros_msgs__python.so
[3.689s] -- Up-to-date symlink: /root/catkin_ws/install/micro_ros_msgs/share/micro_ros_msgs/msg/Graph.idl
[3.690s] -- Up-to-date symlink: /root/catkin_ws/install/micro_ros_msgs/share/micro_ros_msgs/msg/Node.idl
[3.691s] -- Up-to-date symlink: /root/catkin_ws/install/micro_ros_msgs/share/micro_ros_msgs/msg/Entity.idl
[3.691s] -- Up-to-date symlink: /root/catkin_ws/install/micro_ros_msgs/share/micro_ros_msgs/msg/Graph.msg
[3.691s] -- Up-to-date symlink: /root/catkin_ws/install/micro_ros_msgs/share/micro_ros_msgs/msg/Node.msg
[3.692s] -- Up-to-date symlink: /root/catkin_ws/install/micro_ros_msgs/share/micro_ros_msgs/msg/Entity.msg
[3.692s] -- Up-to-date symlink: /root/catkin_ws/install/micro_ros_msgs/share/ament_index/resource_index/package_run_dependencies/micro_ros_msgs
[3.692s] -- Up-to-date symlink: /root/catkin_ws/install/micro_ros_msgs/share/ament_index/resource_index/parent_prefix_path/micro_ros_msgs
[3.693s] -- Up-to-date symlink: /root/catkin_ws/install/micro_ros_msgs/share/micro_ros_msgs/environment/ament_prefix_path.sh
[3.693s] -- Up-to-date symlink: /root/catkin_ws/install/micro_ros_msgs/share/micro_ros_msgs/environment/ament_prefix_path.dsv
[3.694s] -- Up-to-date symlink: /root/catkin_ws/install/micro_ros_msgs/share/micro_ros_msgs/environment/path.sh
[3.694s] -- Up-to-date symlink: /root/catkin_ws/install/micro_ros_msgs/share/micro_ros_msgs/environment/path.dsv
[3.694s] -- Up-to-date symlink: /root/catkin_ws/install/micro_ros_msgs/share/micro_ros_msgs/local_setup.bash
[3.695s] -- Up-to-date symlink: /root/catkin_ws/install/micro_ros_msgs/share/micro_ros_msgs/local_setup.sh
[3.695s] -- Up-to-date symlink: /root/catkin_ws/install/micro_ros_msgs/share/micro_ros_msgs/local_setup.zsh
[3.695s] -- Up-to-date symlink: /root/catkin_ws/install/micro_ros_msgs/share/micro_ros_msgs/local_setup.dsv
[3.696s] -- Symlinking: /root/catkin_ws/install/micro_ros_msgs/share/micro_ros_msgs/package.dsv
[3.719s] -- Up-to-date symlink: /root/catkin_ws/install/micro_ros_msgs/share/ament_index/resource_index/packages/micro_ros_msgs
[3.720s] -- Up-to-date symlink: /root/catkin_ws/install/micro_ros_msgs/share/micro_ros_msgs/cmake/rosidl_cmake-extras.cmake
[3.720s] -- Up-to-date symlink: /root/catkin_ws/install/micro_ros_msgs/share/micro_ros_msgs/cmake/ament_cmake_export_dependencies-extras.cmake
[3.721s] -- Up-to-date symlink: /root/catkin_ws/install/micro_ros_msgs/share/micro_ros_msgs/cmake/ament_cmake_export_libraries-extras.cmake
[3.721s] -- Up-to-date symlink: /root/catkin_ws/install/micro_ros_msgs/share/micro_ros_msgs/cmake/ament_cmake_export_targets-extras.cmake
[3.722s] -- Up-to-date symlink: /root/catkin_ws/install/micro_ros_msgs/share/micro_ros_msgs/cmake/ament_cmake_export_include_directories-extras.cmake
[3.722s] -- Up-to-date symlink: /root/catkin_ws/install/micro_ros_msgs/share/micro_ros_msgs/cmake/rosidl_cmake_export_typesupport_libraries-extras.cmake
[3.724s] -- Up-to-date symlink: /root/catkin_ws/install/micro_ros_msgs/share/micro_ros_msgs/cmake/rosidl_cmake_export_typesupport_targets-extras.cmake
[3.724s] -- Up-to-date symlink: /root/catkin_ws/install/micro_ros_msgs/share/micro_ros_msgs/cmake/micro_ros_msgsConfig.cmake
[3.725s] -- Up-to-date symlink: /root/catkin_ws/install/micro_ros_msgs/share/micro_ros_msgs/cmake/micro_ros_msgsConfig-version.cmake
[3.725s] -- Up-to-date symlink: /root/catkin_ws/install/micro_ros_msgs/share/micro_ros_msgs/package.xml
[3.725s] -- Up-to-date: /root/catkin_ws/install/micro_ros_msgs/lib/libmicro_ros_msgs__rosidl_generator_c.so
[3.728s] -- Up-to-date: /root/catkin_ws/install/micro_ros_msgs/lib/libmicro_ros_msgs__rosidl_typesupport_introspection_c.so
[3.729s] -- Up-to-date: /root/catkin_ws/install/micro_ros_msgs/lib/libmicro_ros_msgs__rosidl_typesupport_c.so
[3.729s] -- Up-to-date: /root/catkin_ws/install/micro_ros_msgs/lib/libmicro_ros_msgs__rosidl_typesupport_introspection_cpp.so
[3.729s] -- Up-to-date: /root/catkin_ws/install/micro_ros_msgs/lib/libmicro_ros_msgs__rosidl_typesupport_cpp.so
[3.891s] Compiling '/root/catkin_ws/install/micro_ros_msgs/lib/python3.8/site-packages/micro_ros_msgs/__init__.py'...
[3.896s] -- Up-to-date: /root/catkin_ws/install/micro_ros_msgs/share/micro_ros_msgs/cmake/micro_ros_msgs__rosidl_generator_cExport.cmake
[3.896s] -- Installing: /root/catkin_ws/install/micro_ros_msgs/share/micro_ros_msgs/cmake/micro_ros_msgs__rosidl_generator_cExport-noconfig.cmake
[3.896s] -- Up-to-date: /root/catkin_ws/install/micro_ros_msgs/share/micro_ros_msgs/cmake/micro_ros_msgs__rosidl_typesupport_introspection_cExport.cmake
[3.897s] -- Installing: /root/catkin_ws/install/micro_ros_msgs/share/micro_ros_msgs/cmake/micro_ros_msgs__rosidl_typesupport_introspection_cExport-noconfig.cmake
[3.897s] -- Up-to-date: /root/catkin_ws/install/micro_ros_msgs/share/micro_ros_msgs/cmake/micro_ros_msgs__rosidl_typesupport_cExport.cmake
[3.897s] -- Installing: /root/catkin_ws/install/micro_ros_msgs/share/micro_ros_msgs/cmake/micro_ros_msgs__rosidl_typesupport_cExport-noconfig.cmake
[3.897s] -- Up-to-date: /root/catkin_ws/install/micro_ros_msgs/share/micro_ros_msgs/cmake/micro_ros_msgs__rosidl_generator_cppExport.cmake
[3.897s] -- Up-to-date: /root/catkin_ws/install/micro_ros_msgs/share/micro_ros_msgs/cmake/micro_ros_msgs__rosidl_typesupport_introspection_cppExport.cmake
[3.898s] -- Installing: /root/catkin_ws/install/micro_ros_msgs/share/micro_ros_msgs/cmake/micro_ros_msgs__rosidl_typesupport_introspection_cppExport-noconfig.cmake
[3.898s] -- Up-to-date: /root/catkin_ws/install/micro_ros_msgs/share/micro_ros_msgs/cmake/micro_ros_msgs__rosidl_typesupport_cppExport.cmake
[3.899s] -- Installing: /root/catkin_ws/install/micro_ros_msgs/share/micro_ros_msgs/cmake/micro_ros_msgs__rosidl_typesupport_cppExport-noconfig.cmake
[3.922s] Invoked command in '/root/catkin_ws/build/micro_ros_msgs' returned '0': CMAKE_PREFIX_PATH=${CMAKE_PREFIX_PATH}:/root/catkin_ws/install/topic_service_action_rclpy_example:/root/catkin_ws/install/time_rclpy_example:/root/catkin_ws/install/tf2_rclpy_example:/root/catkin_ws/install/sensor_msgs_py:/root/catkin_ws/install/omo_r1mini_teleop:/root/catkin_ws/install/omo_r1mini_bringup:/root/catkin_ws/install/my_first_ros_rclpy_pkg:/root/catkin_ws/install/logging_rclpy_example:/root/catkin_ws/install/iahrs_driver:/root/catkin_ws/install/ros2env:/root/install/topic_service_action_rclpy_example:/root/install/time_rclpy_example:/root/install/tf2_rclpy_example:/root/install/ros2env:/root/install/omo_r1mini_teleop:/root/install/omo_r1mini_bringup:/root/install/my_first_ros_rclpy_pkg:/root/install/logging_rclpy_example:/opt/ros/foxy /usr/bin/cmake --install /root/catkin_ws/build/micro_ros_msgs
