[0.000000] (-) TimerEvent: {}
[0.000206] (-) JobUnselected: {'identifier': 'asio_cmake_module'}
[0.000316] (-) JobUnselected: {'identifier': 'iahrs_driver'}
[0.000506] (-) JobUnselected: {'identifier': 'iahrs_driver_interface'}
[0.000563] (-) JobUnselected: {'identifier': 'io_context'}
[0.000602] (-) JobUnselected: {'identifier': 'logging_rclpy_example'}
[0.000655] (-) JobUnselected: {'identifier': 'msg_srv_action_interface_example'}
[0.000700] (-) JobUnselected: {'identifier': 'my_first_ros_rclcpp_pkg'}
[0.000752] (-) JobUnselected: {'identifier': 'my_first_ros_rclpy_pkg'}
[0.000778] (-) JobUnselected: {'identifier': 'omo_r1mini'}
[0.000792] (-) JobUnselected: {'identifier': 'omo_r1mini_bringup'}
[0.000806] (-) JobUnselected: {'identifier': 'omo_r1mini_cartographer'}
[0.000819] (-) JobUnselected: {'identifier': 'omo_r1mini_description'}
[0.000831] (-) JobUnselected: {'identifier': 'omo_r1mini_gazebo'}
[0.000844] (-) JobUnselected: {'identifier': 'omo_r1mini_interfaces'}
[0.000857] (-) JobUnselected: {'identifier': 'omo_r1mini_navigation2'}
[0.000870] (-) JobUnselected: {'identifier': 'omo_r1mini_teleop'}
[0.000882] (-) JobUnselected: {'identifier': 'ros2env'}
[0.000895] (-) JobUnselected: {'identifier': 'rqt_example'}
[0.000908] (-) JobUnselected: {'identifier': 'serial_driver'}
[0.000923] (-) JobUnselected: {'identifier': 'testbot_description'}
[0.000936] (-) JobUnselected: {'identifier': 'tf2_rclcpp_example'}
[0.000949] (-) JobUnselected: {'identifier': 'tf2_rclpy_example'}
[0.000961] (-) JobUnselected: {'identifier': 'time_rclcpp_example'}
[0.000974] (-) JobUnselected: {'identifier': 'time_rclpy_example'}
[0.000986] (-) JobUnselected: {'identifier': 'topic_service_action_rclcpp_example'}
[0.000999] (-) JobUnselected: {'identifier': 'topic_service_action_rclpy_example'}
[0.001012] (-) JobUnselected: {'identifier': 'udp_driver'}
[0.001024] (-) JobUnselected: {'identifier': 'ydlidar_ros2_driver'}
[0.001037] (-) JobUnselected: {'identifier': 'ydlidar_sdk'}
[0.001050] (-) EventReactorShutdown: {}
