[0.574s] Invoking command in '/root/catkin_ws/build/rqt_example': CMAKE_PREFIX_PATH=${CMAKE_PREFIX_PATH}:/root/catkin_ws/install/omo_r1mini_teleop:/root/catkin_ws/install/omo_r1mini_bringup:/opt/ros/foxy /usr/bin/cmake /root/catkin_ws/src/ros2-seminar-examples/rqt_example -DAMENT_CMAKE_SYMLINK_INSTALL=1 -DCMAKE_INSTALL_PREFIX=/root/catkin_ws/install/rqt_example
[0.626s] -- The C compiler identification is GNU 9.4.0
[0.694s] -- The CXX compiler identification is GNU 9.4.0
[0.706s] -- Check for working C compiler: /usr/bin/cc
[0.780s] -- Check for working C compiler: /usr/bin/cc -- works
[0.783s] -- Detecting C compiler ABI info
[0.854s] -- Detecting C compiler ABI info - done
[0.872s] -- Detecting C compile features
[0.872s] -- Detecting C compile features - done
[0.877s] -- Check for working CXX compiler: /usr/bin/c++
[0.976s] -- Check for working CXX compiler: /usr/bin/c++ -- works
[0.977s] -- Detecting CXX compiler ABI info
[1.071s] -- Detecting CXX compiler ABI info - done
[1.082s] -- Detecting CXX compile features
[1.082s] -- Detecting CXX compile features - done
[1.086s] -- Found ament_cmake: 0.9.11 (/opt/ros/foxy/share/ament_cmake/cmake)
[1.118s] -- Found PythonInterp: /usr/bin/python3 (found suitable version "3.8.10", minimum required is "3") 
[1.118s] -- Using PYTHON_EXECUTABLE: /usr/bin/python3
[1.272s] -- Override CMake install command with custom implementation using symlinks instead of copying resources
[1.348s] -- Found ament_lint_auto: 0.9.7 (/opt/ros/foxy/share/ament_lint_auto/cmake)
[1.455s] -- Added test 'copyright' to check source files copyright and LICENSE
[1.464s] -- Added test 'flake8' to check Python code syntax and style conventions
[1.464s] -- Added test 'lint_cmake' to check CMake code style
[1.464s] -- Added test 'pep257' to check Python code against some of the style conventions in PEP 257
[1.464s] -- Added test 'xmllint' to check XML markup files
[1.464s] -- Configuring done
[1.464s] -- Generating done
[1.465s] -- Build files have been written to: /root/catkin_ws/build/rqt_example
[1.518s] Invoked command in '/root/catkin_ws/build/rqt_example' returned '0': CMAKE_PREFIX_PATH=${CMAKE_PREFIX_PATH}:/root/catkin_ws/install/omo_r1mini_teleop:/root/catkin_ws/install/omo_r1mini_bringup:/opt/ros/foxy /usr/bin/cmake /root/catkin_ws/src/ros2-seminar-examples/rqt_example -DAMENT_CMAKE_SYMLINK_INSTALL=1 -DCMAKE_INSTALL_PREFIX=/root/catkin_ws/install/rqt_example
[1.519s] Invoking command in '/root/catkin_ws/build/rqt_example': CMAKE_PREFIX_PATH=${CMAKE_PREFIX_PATH}:/root/catkin_ws/install/omo_r1mini_teleop:/root/catkin_ws/install/omo_r1mini_bringup:/opt/ros/foxy /usr/bin/cmake --build /root/catkin_ws/build/rqt_example -- -j12 -l12
[1.890s] Invoked command in '/root/catkin_ws/build/rqt_example' returned '0': CMAKE_PREFIX_PATH=${CMAKE_PREFIX_PATH}:/root/catkin_ws/install/omo_r1mini_teleop:/root/catkin_ws/install/omo_r1mini_bringup:/opt/ros/foxy /usr/bin/cmake --build /root/catkin_ws/build/rqt_example -- -j12 -l12
[1.923s] Invoking command in '/root/catkin_ws/build/rqt_example': CMAKE_PREFIX_PATH=${CMAKE_PREFIX_PATH}:/root/catkin_ws/install/omo_r1mini_teleop:/root/catkin_ws/install/omo_r1mini_bringup:/opt/ros/foxy /usr/bin/cmake --install /root/catkin_ws/build/rqt_example
[1.938s] -- Install configuration: ""
[1.938s] -- Execute custom install script
[1.938s] -- Symlinking: /root/catkin_ws/install/rqt_example/share/rqt_example/environment/pythonpath.sh
[1.950s] -- Symlinking: /root/catkin_ws/install/rqt_example/share/rqt_example/environment/pythonpath.dsv
[1.965s] -- Symlinking: /root/catkin_ws/install/rqt_example/lib/python3.8/site-packages/rqt_example/__init__.py
[1.988s] -- Symlinking: /root/catkin_ws/install/rqt_example/lib/python3.8/site-packages/rqt_example/examples.py
[1.990s] -- Symlinking: /root/catkin_ws/install/rqt_example/lib/python3.8/site-packages/rqt_example/examples_widget.py
[2.006s] -- Symlinking: /root/catkin_ws/install/rqt_example/share/rqt_example/plugin.xml
[2.022s] -- Symlinking: /root/catkin_ws/install/rqt_example/share/rqt_example/resource/rqt_example.ui
[2.032s] -- Symlinking: /root/catkin_ws/install/rqt_example/share/rqt_example/launch/turtlesim.launch.py
[2.047s] -- Symlinking: /root/catkin_ws/install/rqt_example/lib/rqt_example/rqt_example
[2.060s] -- Symlinking: /root/catkin_ws/install/rqt_example/share/ament_index/resource_index/package_run_dependencies/rqt_example
[2.073s] -- Symlinking: /root/catkin_ws/install/rqt_example/share/ament_index/resource_index/parent_prefix_path/rqt_example
[2.086s] -- Symlinking: /root/catkin_ws/install/rqt_example/share/rqt_example/environment/ament_prefix_path.sh
[2.100s] -- Symlinking: /root/catkin_ws/install/rqt_example/share/rqt_example/environment/ament_prefix_path.dsv
[2.113s] -- Symlinking: /root/catkin_ws/install/rqt_example/share/rqt_example/environment/path.sh
[2.126s] -- Symlinking: /root/catkin_ws/install/rqt_example/share/rqt_example/environment/path.dsv
[2.137s] -- Symlinking: /root/catkin_ws/install/rqt_example/share/rqt_example/local_setup.bash
[2.148s] -- Symlinking: /root/catkin_ws/install/rqt_example/share/rqt_example/local_setup.sh
[2.160s] -- Symlinking: /root/catkin_ws/install/rqt_example/share/rqt_example/local_setup.zsh
[2.172s] -- Symlinking: /root/catkin_ws/install/rqt_example/share/rqt_example/local_setup.dsv
[2.183s] -- Symlinking: /root/catkin_ws/install/rqt_example/share/rqt_example/package.dsv
[2.196s] -- Symlinking: /root/catkin_ws/install/rqt_example/share/ament_index/resource_index/packages/rqt_example
[2.208s] -- Symlinking: /root/catkin_ws/install/rqt_example/share/rqt_example/cmake/rqt_exampleConfig.cmake
[2.220s] -- Symlinking: /root/catkin_ws/install/rqt_example/share/rqt_example/cmake/rqt_exampleConfig-version.cmake
[2.232s] -- Symlinking: /root/catkin_ws/install/rqt_example/share/rqt_example/package.xml
[2.291s] Listing '/root/catkin_ws/install/rqt_example/lib/python3.8/site-packages/rqt_example'...
[2.291s] Compiling '/root/catkin_ws/install/rqt_example/lib/python3.8/site-packages/rqt_example/__init__.py'...
[2.292s] Compiling '/root/catkin_ws/install/rqt_example/lib/python3.8/site-packages/rqt_example/examples.py'...
[2.292s] Compiling '/root/catkin_ws/install/rqt_example/lib/python3.8/site-packages/rqt_example/examples_widget.py'...
[2.423s] Invoked command in '/root/catkin_ws/build/rqt_example' returned '0': CMAKE_PREFIX_PATH=${CMAKE_PREFIX_PATH}:/root/catkin_ws/install/omo_r1mini_teleop:/root/catkin_ws/install/omo_r1mini_bringup:/opt/ros/foxy /usr/bin/cmake --install /root/catkin_ws/build/rqt_example
