[1.498s] Invoking command in '/root/catkin_ws/build/ros2env': PYTHONPATH=/root/catkin_ws/build/ros2env/prefix_override:/root/catkin_ws/install/ros2env/lib/python3.8/site-packages:${PYTHONPATH} /usr/bin/python3 setup.py develop --editable --build-directory /root/catkin_ws/build/ros2env/build --no-deps install_data
[1.806s] running develop
[1.958s] running egg_info
[1.958s] creating ros2env.egg-info
[1.958s] writing ros2env.egg-info/PKG-INFO
[1.959s] writing dependency_links to ros2env.egg-info/dependency_links.txt
[1.959s] writing entry points to ros2env.egg-info/entry_points.txt
[1.959s] writing requirements to ros2env.egg-info/requires.txt
[1.959s] writing top-level names to ros2env.egg-info/top_level.txt
[1.961s] writing manifest file 'ros2env.egg-info/SOURCES.txt'
[2.012s] reading manifest file 'ros2env.egg-info/SOURCES.txt'
[2.013s] writing manifest file 'ros2env.egg-info/SOURCES.txt'
[2.069s] running build_ext
[2.070s] Creating /root/catkin_ws/install/ros2env/lib/python3.8/site-packages/site.py
[2.073s] Creating /root/catkin_ws/install/ros2env/lib/python3.8/site-packages/ros2env.egg-link (link to .)
[2.074s] 
[2.074s] Installed /root/catkin_ws/build/ros2env
[2.074s] running install_data
[2.074s] creating /root/catkin_ws/install/ros2env/share/ament_index
[2.075s] creating /root/catkin_ws/install/ros2env/share/ament_index/resource_index
[2.075s] creating /root/catkin_ws/install/ros2env/share/ament_index/resource_index/packages
[2.075s] copying resource/ros2env -> /root/catkin_ws/install/ros2env/share/ament_index/resource_index/packages
[2.075s] copying package.xml -> /root/catkin_ws/install/ros2env/share/ros2env
[2.349s] Invoked command in '/root/catkin_ws/build/ros2env' returned '0': PYTHONPATH=/root/catkin_ws/build/ros2env/prefix_override:/root/catkin_ws/install/ros2env/lib/python3.8/site-packages:${PYTHONPATH} /usr/bin/python3 setup.py develop --editable --build-directory /root/catkin_ws/build/ros2env/build --no-deps install_data
