[0.139s] Invoking command in '/root/catkin_ws/build/asio_cmake_module': CMAKE_PREFIX_PATH=${CMAKE_PREFIX_PATH}:/root/catkin_ws/install/topic_service_action_rclpy_example:/root/catkin_ws/install/time_rclpy_example:/root/catkin_ws/install/tf2_rclpy_example:/root/catkin_ws/install/ros2env:/root/catkin_ws/install/omo_r1mini_teleop:/root/catkin_ws/install/omo_r1mini_bringup:/root/catkin_ws/install/my_first_ros_rclpy_pkg:/root/catkin_ws/install/logging_rclpy_example:/root/catkin_ws/install/iahrs_driver:/root/install/topic_service_action_rclpy_example:/root/install/time_rclpy_example:/root/install/tf2_rclpy_example:/root/install/ros2env:/root/install/omo_r1mini_teleop:/root/install/omo_r1mini_bringup:/root/install/my_first_ros_rclpy_pkg:/root/install/logging_rclpy_example:/opt/ros/foxy /usr/bin/cmake --build /root/catkin_ws/build/asio_cmake_module -- -j12 -l12
[0.729s] Invoked command in '/root/catkin_ws/build/asio_cmake_module' returned '0': CMAKE_PREFIX_PATH=${CMAKE_PREFIX_PATH}:/root/catkin_ws/install/topic_service_action_rclpy_example:/root/catkin_ws/install/time_rclpy_example:/root/catkin_ws/install/tf2_rclpy_example:/root/catkin_ws/install/ros2env:/root/catkin_ws/install/omo_r1mini_teleop:/root/catkin_ws/install/omo_r1mini_bringup:/root/catkin_ws/install/my_first_ros_rclpy_pkg:/root/catkin_ws/install/logging_rclpy_example:/root/catkin_ws/install/iahrs_driver:/root/install/topic_service_action_rclpy_example:/root/install/time_rclpy_example:/root/install/tf2_rclpy_example:/root/install/ros2env:/root/install/omo_r1mini_teleop:/root/install/omo_r1mini_bringup:/root/install/my_first_ros_rclpy_pkg:/root/install/logging_rclpy_example:/opt/ros/foxy /usr/bin/cmake --build /root/catkin_ws/build/asio_cmake_module -- -j12 -l12
[0.760s] Invoking command in '/root/catkin_ws/build/asio_cmake_module': CMAKE_PREFIX_PATH=${CMAKE_PREFIX_PATH}:/root/catkin_ws/install/topic_service_action_rclpy_example:/root/catkin_ws/install/time_rclpy_example:/root/catkin_ws/install/tf2_rclpy_example:/root/catkin_ws/install/ros2env:/root/catkin_ws/install/omo_r1mini_teleop:/root/catkin_ws/install/omo_r1mini_bringup:/root/catkin_ws/install/my_first_ros_rclpy_pkg:/root/catkin_ws/install/logging_rclpy_example:/root/catkin_ws/install/iahrs_driver:/root/install/topic_service_action_rclpy_example:/root/install/time_rclpy_example:/root/install/tf2_rclpy_example:/root/install/ros2env:/root/install/omo_r1mini_teleop:/root/install/omo_r1mini_bringup:/root/install/my_first_ros_rclpy_pkg:/root/install/logging_rclpy_example:/opt/ros/foxy /usr/bin/cmake --install /root/catkin_ws/build/asio_cmake_module
[0.777s] -- Install configuration: ""
[0.779s] -- Execute custom install script
[0.780s] -- Up-to-date symlink: /root/catkin_ws/install/asio_cmake_module/share/ament_index/resource_index/package_run_dependencies/asio_cmake_module
[0.780s] -- Up-to-date symlink: /root/catkin_ws/install/asio_cmake_module/share/ament_index/resource_index/parent_prefix_path/asio_cmake_module
[0.780s] -- Up-to-date symlink: /root/catkin_ws/install/asio_cmake_module/share/asio_cmake_module/environment/ament_prefix_path.sh
[0.781s] -- Up-to-date symlink: /root/catkin_ws/install/asio_cmake_module/share/asio_cmake_module/environment/ament_prefix_path.dsv
[0.781s] -- Up-to-date symlink: /root/catkin_ws/install/asio_cmake_module/share/asio_cmake_module/environment/path.sh
[0.781s] -- Up-to-date symlink: /root/catkin_ws/install/asio_cmake_module/share/asio_cmake_module/environment/path.dsv
[0.781s] -- Up-to-date symlink: /root/catkin_ws/install/asio_cmake_module/share/asio_cmake_module/local_setup.bash
[0.781s] -- Up-to-date symlink: /root/catkin_ws/install/asio_cmake_module/share/asio_cmake_module/local_setup.sh
[0.781s] -- Up-to-date symlink: /root/catkin_ws/install/asio_cmake_module/share/asio_cmake_module/local_setup.zsh
[0.781s] -- Up-to-date symlink: /root/catkin_ws/install/asio_cmake_module/share/asio_cmake_module/local_setup.dsv
[0.781s] -- Symlinking: /root/catkin_ws/install/asio_cmake_module/share/asio_cmake_module/package.dsv
[0.795s] -- Up-to-date symlink: /root/catkin_ws/install/asio_cmake_module/share/ament_index/resource_index/packages/asio_cmake_module
[0.795s] -- Up-to-date symlink: /root/catkin_ws/install/asio_cmake_module/share/asio_cmake_module/cmake/asio_cmake_module-extras.cmake
[0.797s] -- Up-to-date symlink: /root/catkin_ws/install/asio_cmake_module/share/asio_cmake_module/cmake/asio_cmake_moduleConfig.cmake
[0.798s] -- Up-to-date symlink: /root/catkin_ws/install/asio_cmake_module/share/asio_cmake_module/cmake/asio_cmake_moduleConfig-version.cmake
[0.798s] -- Up-to-date symlink: /root/catkin_ws/install/asio_cmake_module/share/asio_cmake_module/package.xml
[0.799s] -- Up-to-date symlink: /root/catkin_ws/install/asio_cmake_module/share/asio_cmake_module/cmake/Modules/FindASIO.cmake
[0.805s] Invoked command in '/root/catkin_ws/build/asio_cmake_module' returned '0': CMAKE_PREFIX_PATH=${CMAKE_PREFIX_PATH}:/root/catkin_ws/install/topic_service_action_rclpy_example:/root/catkin_ws/install/time_rclpy_example:/root/catkin_ws/install/tf2_rclpy_example:/root/catkin_ws/install/ros2env:/root/catkin_ws/install/omo_r1mini_teleop:/root/catkin_ws/install/omo_r1mini_bringup:/root/catkin_ws/install/my_first_ros_rclpy_pkg:/root/catkin_ws/install/logging_rclpy_example:/root/catkin_ws/install/iahrs_driver:/root/install/topic_service_action_rclpy_example:/root/install/time_rclpy_example:/root/install/tf2_rclpy_example:/root/install/ros2env:/root/install/omo_r1mini_teleop:/root/install/omo_r1mini_bringup:/root/install/my_first_ros_rclpy_pkg:/root/install/logging_rclpy_example:/opt/ros/foxy /usr/bin/cmake --install /root/catkin_ws/build/asio_cmake_module
