[0.612s] Invoking command in '/root/catkin_ws/build/time_rclcpp_example': CMAKE_PREFIX_PATH=${CMAKE_PREFIX_PATH}:/root/catkin_ws/install/topic_service_action_rclpy_example:/root/catkin_ws/install/time_rclpy_example:/root/catkin_ws/install/tf2_rclpy_example:/root/catkin_ws/install/ros2env:/root/catkin_ws/install/omo_r1mini_teleop:/root/catkin_ws/install/omo_r1mini_bringup:/root/catkin_ws/install/my_first_ros_rclpy_pkg:/root/catkin_ws/install/logging_rclpy_example:/root/catkin_ws/install/iahrs_driver:/root/install/topic_service_action_rclpy_example:/root/install/time_rclpy_example:/root/install/tf2_rclpy_example:/root/install/ros2env:/root/install/omo_r1mini_teleop:/root/install/omo_r1mini_bringup:/root/install/my_first_ros_rclpy_pkg:/root/install/logging_rclpy_example:/opt/ros/foxy /usr/bin/cmake --build /root/catkin_ws/build/time_rclcpp_example -- -j12 -l12
[0.672s] [100%] Built target time_example
[0.882s] Invoked command in '/root/catkin_ws/build/time_rclcpp_example' returned '0': CMAKE_PREFIX_PATH=${CMAKE_PREFIX_PATH}:/root/catkin_ws/install/topic_service_action_rclpy_example:/root/catkin_ws/install/time_rclpy_example:/root/catkin_ws/install/tf2_rclpy_example:/root/catkin_ws/install/ros2env:/root/catkin_ws/install/omo_r1mini_teleop:/root/catkin_ws/install/omo_r1mini_bringup:/root/catkin_ws/install/my_first_ros_rclpy_pkg:/root/catkin_ws/install/logging_rclpy_example:/root/catkin_ws/install/iahrs_driver:/root/install/topic_service_action_rclpy_example:/root/install/time_rclpy_example:/root/install/tf2_rclpy_example:/root/install/ros2env:/root/install/omo_r1mini_teleop:/root/install/omo_r1mini_bringup:/root/install/my_first_ros_rclpy_pkg:/root/install/logging_rclpy_example:/opt/ros/foxy /usr/bin/cmake --build /root/catkin_ws/build/time_rclcpp_example -- -j12 -l12
[0.920s] Invoking command in '/root/catkin_ws/build/time_rclcpp_example': CMAKE_PREFIX_PATH=${CMAKE_PREFIX_PATH}:/root/catkin_ws/install/topic_service_action_rclpy_example:/root/catkin_ws/install/time_rclpy_example:/root/catkin_ws/install/tf2_rclpy_example:/root/catkin_ws/install/ros2env:/root/catkin_ws/install/omo_r1mini_teleop:/root/catkin_ws/install/omo_r1mini_bringup:/root/catkin_ws/install/my_first_ros_rclpy_pkg:/root/catkin_ws/install/logging_rclpy_example:/root/catkin_ws/install/iahrs_driver:/root/install/topic_service_action_rclpy_example:/root/install/time_rclpy_example:/root/install/tf2_rclpy_example:/root/install/ros2env:/root/install/omo_r1mini_teleop:/root/install/omo_r1mini_bringup:/root/install/my_first_ros_rclpy_pkg:/root/install/logging_rclpy_example:/opt/ros/foxy /usr/bin/cmake --install /root/catkin_ws/build/time_rclcpp_example
[0.957s] -- Install configuration: ""
[0.957s] -- Execute custom install script
[0.960s] -- Up-to-date symlink: /root/catkin_ws/install/time_rclcpp_example/lib/time_rclcpp_example/time_example
[0.965s] -- Up-to-date symlink: /root/catkin_ws/install/time_rclcpp_example/share/ament_index/resource_index/package_run_dependencies/time_rclcpp_example
[0.965s] -- Up-to-date symlink: /root/catkin_ws/install/time_rclcpp_example/share/ament_index/resource_index/parent_prefix_path/time_rclcpp_example
[0.968s] -- Up-to-date symlink: /root/catkin_ws/install/time_rclcpp_example/share/time_rclcpp_example/environment/ament_prefix_path.sh
[0.969s] -- Up-to-date symlink: /root/catkin_ws/install/time_rclcpp_example/share/time_rclcpp_example/environment/ament_prefix_path.dsv
[0.969s] -- Up-to-date symlink: /root/catkin_ws/install/time_rclcpp_example/share/time_rclcpp_example/environment/path.sh
[0.969s] -- Up-to-date symlink: /root/catkin_ws/install/time_rclcpp_example/share/time_rclcpp_example/environment/path.dsv
[0.970s] -- Up-to-date symlink: /root/catkin_ws/install/time_rclcpp_example/share/time_rclcpp_example/local_setup.bash
[0.970s] -- Up-to-date symlink: /root/catkin_ws/install/time_rclcpp_example/share/time_rclcpp_example/local_setup.sh
[0.970s] -- Up-to-date symlink: /root/catkin_ws/install/time_rclcpp_example/share/time_rclcpp_example/local_setup.zsh
[0.971s] -- Up-to-date symlink: /root/catkin_ws/install/time_rclcpp_example/share/time_rclcpp_example/local_setup.dsv
[0.971s] -- Symlinking: /root/catkin_ws/install/time_rclcpp_example/share/time_rclcpp_example/package.dsv
[0.972s] -- Up-to-date symlink: /root/catkin_ws/install/time_rclcpp_example/share/ament_index/resource_index/packages/time_rclcpp_example
[0.972s] -- Up-to-date symlink: /root/catkin_ws/install/time_rclcpp_example/share/time_rclcpp_example/cmake/time_rclcpp_exampleConfig.cmake
[0.972s] -- Up-to-date symlink: /root/catkin_ws/install/time_rclcpp_example/share/time_rclcpp_example/cmake/time_rclcpp_exampleConfig-version.cmake
[0.972s] -- Up-to-date symlink: /root/catkin_ws/install/time_rclcpp_example/share/time_rclcpp_example/package.xml
[1.066s] Invoked command in '/root/catkin_ws/build/time_rclcpp_example' returned '0': CMAKE_PREFIX_PATH=${CMAKE_PREFIX_PATH}:/root/catkin_ws/install/topic_service_action_rclpy_example:/root/catkin_ws/install/time_rclpy_example:/root/catkin_ws/install/tf2_rclpy_example:/root/catkin_ws/install/ros2env:/root/catkin_ws/install/omo_r1mini_teleop:/root/catkin_ws/install/omo_r1mini_bringup:/root/catkin_ws/install/my_first_ros_rclpy_pkg:/root/catkin_ws/install/logging_rclpy_example:/root/catkin_ws/install/iahrs_driver:/root/install/topic_service_action_rclpy_example:/root/install/time_rclpy_example:/root/install/tf2_rclpy_example:/root/install/ros2env:/root/install/omo_r1mini_teleop:/root/install/omo_r1mini_bringup:/root/install/my_first_ros_rclpy_pkg:/root/install/logging_rclpy_example:/opt/ros/foxy /usr/bin/cmake --install /root/catkin_ws/build/time_rclcpp_example
