[0.058s] Invoking command in '/root/catkin_ws/build/udp_driver': AMENT_PREFIX_PATH=/root/catkin_ws/install/asio_cmake_module:${AMENT_PREFIX_PATH} CMAKE_PREFIX_PATH=/root/catkin_ws/install/io_context:/root/catkin_ws/install/asio_cmake_module:/root/catkin_ws/src/install/iahrs_driver_interface:/root/catkin_ws/install/omo_r1mini_navigation2:/root/catkin_ws/install/my_first_ros_rclcpp_pkg:/root/catkin_ws/install/omo_r1mini_description:/root/catkin_ws/install/ydlidar_sdk:/root/catkin_ws/install/ydlidar_ros2_driver:/root/catkin_ws/install/udp_driver:/root/catkin_ws/install/topic_service_action_rclcpp_example:/root/catkin_ws/install/time_rclcpp_example:/root/catkin_ws/install/tf2_rclcpp_example:/root/catkin_ws/install/testbot_description:/root/catkin_ws/install/serial_driver:/root/catkin_ws/install/rqt_example:/root/catkin_ws/install/omo_r1mini:/root/catkin_ws/install/omo_r1mini_interfaces:/root/catkin_ws/install/omo_r1mini_gazebo:/root/catkin_ws/install/omo_r1mini_cartographer:/root/catkin_ws/install/msg_srv_action_interface_example:/root/catkin_ws/install/iahrs_driver_interface:/root/install/ydlidar_sdk:/root/install/ydlidar_ros2_driver:/root/install/udp_driver:/root/install/topic_service_action_rclcpp_example:/root/install/time_rclcpp_example:/root/install/tf2_rclcpp_example:/root/install/testbot_description:/root/install/serial_driver:/root/install/rqt_example:/root/install/omo_r1mini:/root/install/omo_r1mini_navigation2:/root/install/omo_r1mini_interfaces:/root/install/omo_r1mini_gazebo:/root/install/omo_r1mini_description:/root/install/omo_r1mini_cartographer:/root/install/my_first_ros_rclcpp_pkg:/root/install/msg_srv_action_interface_example:/root/install/io_context:/root/install/asio_cmake_module:/root/catkin_ws/src/install/ydlidar_sdk:/root/catkin_ws/src/install/ydlidar_ros2_driver:/root/catkin_ws/src/install/udp_driver:/root/catkin_ws/src/install/topic_service_action_rclcpp_example:/root/catkin_ws/src/install/time_rclcpp_example:/root/catkin_ws/src/install/tf2_rclcpp_example:/root/catkin_ws/src/install/testbot_description:/root/catkin_ws/src/install/serial_driver:/root/catkin_ws/src/install/rqt_example:/root/catkin_ws/src/install/omo_r1mini:/root/catkin_ws/src/install/omo_r1mini_navigation2:/root/catkin_ws/src/install/omo_r1mini_interfaces:/root/catkin_ws/src/install/omo_r1mini_gazebo:/root/catkin_ws/src/install/omo_r1mini_description:/root/catkin_ws/src/install/omo_r1mini_cartographer:/root/catkin_ws/src/install/my_first_ros_rclcpp_pkg:/root/catkin_ws/src/install/msg_srv_action_interface_example:/root/catkin_ws/src/install/io_context:/root/catkin_ws/src/install/asio_cmake_module:/root/catkin_ws/src/install/iahrs_driver:/root/catkin_ws/install/topic_service_action_rclpy_example:/root/catkin_ws/install/time_rclpy_example:/root/catkin_ws/install/tf2_rclpy_example:/root/catkin_ws/install/ros2env:/root/catkin_ws/install/omo_r1mini_teleop:/root/catkin_ws/install/omo_r1mini_bringup:/root/catkin_ws/install/my_first_ros_rclpy_pkg:/root/catkin_ws/install/logging_rclpy_example:/root/catkin_ws/install/iahrs_driver:/root/install/topic_service_action_rclpy_example:/root/install/time_rclpy_example:/root/install/tf2_rclpy_example:/root/install/ros2env:/root/install/omo_r1mini_teleop:/root/install/omo_r1mini_bringup:/root/install/my_first_ros_rclpy_pkg:/root/install/logging_rclpy_example:/root/catkin_ws/src/install/topic_service_action_rclpy_example:/root/catkin_ws/src/install/time_rclpy_example:/root/catkin_ws/src/install/tf2_rclpy_example:/root/catkin_ws/src/install/ros2env:/root/catkin_ws/src/install/omo_r1mini_teleop:/root/catkin_ws/src/install/omo_r1mini_bringup:/root/catkin_ws/src/install/my_first_ros_rclpy_pkg:/root/catkin_ws/src/install/logging_rclpy_example:/opt/ros/foxy LD_LIBRARY_PATH=/root/catkin_ws/install/io_context/lib:/root/catkin_ws/src/install/iahrs_driver_interface/lib:/root/catkin_ws/install/udp_driver/lib:/root/catkin_ws/install/serial_driver/lib:/root/catkin_ws/install/omo_r1mini_interfaces/lib:/root/catkin_ws/install/msg_srv_action_interface_example/lib:/root/catkin_ws/install/iahrs_driver_interface/lib:/root/install/udp_driver/lib:/root/install/serial_driver/lib:/root/install/omo_r1mini_interfaces/lib:/root/install/msg_srv_action_interface_example/lib:/root/install/io_context/lib:/root/catkin_ws/src/install/udp_driver/lib:/root/catkin_ws/src/install/serial_driver/lib:/root/catkin_ws/src/install/omo_r1mini_interfaces/lib:/root/catkin_ws/src/install/msg_srv_action_interface_example/lib:/root/catkin_ws/src/install/io_context/lib:/usr/lib/x86_64-linux-gnu/gazebo-11/plugins:/opt/ros/foxy/opt/yaml_cpp_vendor/lib:/opt/ros/foxy/opt/rviz_ogre_vendor/lib:/opt/ros/foxy/lib/x86_64-linux-gnu:/opt/ros/foxy/lib /usr/bin/cmake --build /root/catkin_ws/build/udp_driver -- -j12 -l12
[0.096s] -- Found ament_cmake_auto: 0.9.11 (/opt/ros/foxy/share/ament_cmake_auto/cmake)
[0.174s] -- Using PYTHON_EXECUTABLE: /usr/bin/python3
[0.504s] -- Override CMake install command with custom implementation using symlinks instead of copying resources
[0.821s] -- Using all available rosidl_typesupport_c: rosidl_typesupport_fastrtps_c;rosidl_typesupport_introspection_c
[0.824s] -- Found rosidl_adapter: 1.3.0 (/opt/ros/foxy/share/rosidl_adapter/cmake)
[1.007s] -- Using all available rosidl_typesupport_cpp: rosidl_typesupport_fastrtps_cpp;rosidl_typesupport_introspection_cpp
[1.059s] -- Found rmw_implementation_cmake: 1.0.4 (/opt/ros/foxy/share/rmw_implementation_cmake/cmake)
[1.065s] -- Using RMW implementation 'rmw_fastrtps_cpp' as default
[1.419s] -- Found ament_lint_auto: 0.9.8 (/opt/ros/foxy/share/ament_lint_auto/cmake)
[1.426s] -- Found gtest sources under '/opt/ros/foxy/src/gtest_vendor': C++ tests using 'Google Test' will be built
[1.719s] -- Added test 'copyright' to check source files copyright and LICENSE
[1.720s] -- Added test 'cppcheck' to perform static code analysis on C / C++ code
[1.720s] -- Configured cppcheck include dirs: /root/catkin_ws/src/transport_drivers/udp_driver/include
[1.720s] -- Configured cppcheck exclude dirs and/or files: 
[1.721s] -- Added test 'cpplint' to check C / C++ code against the Google style
[1.722s] -- Configured cpplint exclude dirs and/or files: 
[1.722s] -- Added test 'lint_cmake' to check CMake code style
[1.723s] -- Added test 'uncrustify' to check C / C++ code style
[1.723s] -- Configured uncrustify additional arguments: 
[1.724s] -- Added test 'xmllint' to check XML markup files
[1.733s] -- Configuring done
[2.063s] -- Generating done
[2.111s] -- Build files have been written to: /root/catkin_ws/build/udp_driver
[2.152s] [35m[1mScanning dependencies of target udp_driver[0m
[2.153s] [35m[1mScanning dependencies of target udp_receiver_node_exe[0m
[2.155s] [35m[1mScanning dependencies of target udp_sender_node_exe[0m
[2.168s] [  8%] Built target gtest
[2.174s] [ 16%] Built target gtest_main
[2.191s] [ 20%] [32mBuilding CXX object CMakeFiles/udp_driver.dir/src/udp_socket.cpp.o[0m
[2.198s] [ 25%] [32mBuilding CXX object CMakeFiles/udp_driver.dir/src/udp_driver.cpp.o[0m
[2.207s] [ 29%] [32mBuilding CXX object CMakeFiles/udp_receiver_node_exe.dir/rclcpp_components/node_main_udp_receiver_node_exe.cpp.o[0m
[2.219s] [ 33%] [32mBuilding CXX object CMakeFiles/udp_sender_node_exe.dir/rclcpp_components/node_main_udp_sender_node_exe.cpp.o[0m
[4.392s] [ 37%] [32m[1mLinking CXX shared library libudp_driver.so[0m
[4.666s] [ 37%] Built target udp_driver
[4.780s] [35m[1mScanning dependencies of target udp_driver_nodes[0m
[4.840s] [ 41%] [32m[1mLinking CXX executable udp_sender_node_exe[0m
[4.854s] [ 50%] [32mBuilding CXX object CMakeFiles/udp_driver_nodes.dir/src/udp_sender_node.cpp.o[0m
[4.854s] [ 50%] [32mBuilding CXX object CMakeFiles/udp_driver_nodes.dir/src/udp_receiver_node.cpp.o[0m
[5.151s] [ 54%] [32m[1mLinking CXX executable udp_receiver_node_exe[0m
[5.163s] [ 54%] Built target udp_sender_node_exe
[5.354s] [ 54%] Built target udp_receiver_node_exe
[10.035s] [ 58%] [32m[1mLinking CXX shared library libudp_driver_nodes.so[0m
[10.298s] [ 58%] Built target udp_driver_nodes
[10.308s] [35m[1mScanning dependencies of target test_udp_socket[0m
[10.309s] [35m[1mScanning dependencies of target test_udp_data[0m
[10.309s] [35m[1mScanning dependencies of target udp_bridge_node_exe[0m
[10.313s] [35m[1mScanning dependencies of target test_udp_driver[0m
[10.313s] [35m[1mScanning dependencies of target test_udp_driver_nodes[0m
[10.326s] [ 62%] [32mBuilding CXX object CMakeFiles/test_udp_socket.dir/test/test_udp_socket.cpp.o[0m
[10.327s] [ 66%] [32mBuilding CXX object CMakeFiles/test_udp_data.dir/test/test_udp_data.cpp.o[0m
[10.352s] [ 70%] [32mBuilding CXX object CMakeFiles/udp_bridge_node_exe.dir/src/udp_bridge_node.cpp.o[0m
[10.366s] [ 75%] [32mBuilding CXX object CMakeFiles/test_udp_driver.dir/test/test_udp_driver.cpp.o[0m
[10.367s] [ 79%] [32mBuilding CXX object CMakeFiles/test_udp_driver_nodes.dir/test/test_udp_driver_nodes.cpp.o[0m
[11.578s] [ 83%] [32m[1mLinking CXX executable test_udp_socket[0m
[11.760s] [ 87%] [32m[1mLinking CXX executable test_udp_data[0m
[11.823s] [ 87%] Built target test_udp_socket
[11.941s] [ 87%] Built target test_udp_data
[12.562s] [ 91%] [32m[1mLinking CXX executable udp_bridge_node_exe[0m
[12.750s] [ 95%] [32m[1mLinking CXX executable test_udp_driver[0m
[12.751s] [ 95%] Built target udp_bridge_node_exe
[12.908s] [ 95%] Built target test_udp_driver
[15.807s] [100%] [32m[1mLinking CXX executable test_udp_driver_nodes[0m
[16.085s] [100%] Built target test_udp_driver_nodes
[16.100s] Invoked command in '/root/catkin_ws/build/udp_driver' returned '0': AMENT_PREFIX_PATH=/root/catkin_ws/install/asio_cmake_module:${AMENT_PREFIX_PATH} CMAKE_PREFIX_PATH=/root/catkin_ws/install/io_context:/root/catkin_ws/install/asio_cmake_module:/root/catkin_ws/src/install/iahrs_driver_interface:/root/catkin_ws/install/omo_r1mini_navigation2:/root/catkin_ws/install/my_first_ros_rclcpp_pkg:/root/catkin_ws/install/omo_r1mini_description:/root/catkin_ws/install/ydlidar_sdk:/root/catkin_ws/install/ydlidar_ros2_driver:/root/catkin_ws/install/udp_driver:/root/catkin_ws/install/topic_service_action_rclcpp_example:/root/catkin_ws/install/time_rclcpp_example:/root/catkin_ws/install/tf2_rclcpp_example:/root/catkin_ws/install/testbot_description:/root/catkin_ws/install/serial_driver:/root/catkin_ws/install/rqt_example:/root/catkin_ws/install/omo_r1mini:/root/catkin_ws/install/omo_r1mini_interfaces:/root/catkin_ws/install/omo_r1mini_gazebo:/root/catkin_ws/install/omo_r1mini_cartographer:/root/catkin_ws/install/msg_srv_action_interface_example:/root/catkin_ws/install/iahrs_driver_interface:/root/install/ydlidar_sdk:/root/install/ydlidar_ros2_driver:/root/install/udp_driver:/root/install/topic_service_action_rclcpp_example:/root/install/time_rclcpp_example:/root/install/tf2_rclcpp_example:/root/install/testbot_description:/root/install/serial_driver:/root/install/rqt_example:/root/install/omo_r1mini:/root/install/omo_r1mini_navigation2:/root/install/omo_r1mini_interfaces:/root/install/omo_r1mini_gazebo:/root/install/omo_r1mini_description:/root/install/omo_r1mini_cartographer:/root/install/my_first_ros_rclcpp_pkg:/root/install/msg_srv_action_interface_example:/root/install/io_context:/root/install/asio_cmake_module:/root/catkin_ws/src/install/ydlidar_sdk:/root/catkin_ws/src/install/ydlidar_ros2_driver:/root/catkin_ws/src/install/udp_driver:/root/catkin_ws/src/install/topic_service_action_rclcpp_example:/root/catkin_ws/src/install/time_rclcpp_example:/root/catkin_ws/src/install/tf2_rclcpp_example:/root/catkin_ws/src/install/testbot_description:/root/catkin_ws/src/install/serial_driver:/root/catkin_ws/src/install/rqt_example:/root/catkin_ws/src/install/omo_r1mini:/root/catkin_ws/src/install/omo_r1mini_navigation2:/root/catkin_ws/src/install/omo_r1mini_interfaces:/root/catkin_ws/src/install/omo_r1mini_gazebo:/root/catkin_ws/src/install/omo_r1mini_description:/root/catkin_ws/src/install/omo_r1mini_cartographer:/root/catkin_ws/src/install/my_first_ros_rclcpp_pkg:/root/catkin_ws/src/install/msg_srv_action_interface_example:/root/catkin_ws/src/install/io_context:/root/catkin_ws/src/install/asio_cmake_module:/root/catkin_ws/src/install/iahrs_driver:/root/catkin_ws/install/topic_service_action_rclpy_example:/root/catkin_ws/install/time_rclpy_example:/root/catkin_ws/install/tf2_rclpy_example:/root/catkin_ws/install/ros2env:/root/catkin_ws/install/omo_r1mini_teleop:/root/catkin_ws/install/omo_r1mini_bringup:/root/catkin_ws/install/my_first_ros_rclpy_pkg:/root/catkin_ws/install/logging_rclpy_example:/root/catkin_ws/install/iahrs_driver:/root/install/topic_service_action_rclpy_example:/root/install/time_rclpy_example:/root/install/tf2_rclpy_example:/root/install/ros2env:/root/install/omo_r1mini_teleop:/root/install/omo_r1mini_bringup:/root/install/my_first_ros_rclpy_pkg:/root/install/logging_rclpy_example:/root/catkin_ws/src/install/topic_service_action_rclpy_example:/root/catkin_ws/src/install/time_rclpy_example:/root/catkin_ws/src/install/tf2_rclpy_example:/root/catkin_ws/src/install/ros2env:/root/catkin_ws/src/install/omo_r1mini_teleop:/root/catkin_ws/src/install/omo_r1mini_bringup:/root/catkin_ws/src/install/my_first_ros_rclpy_pkg:/root/catkin_ws/src/install/logging_rclpy_example:/opt/ros/foxy LD_LIBRARY_PATH=/root/catkin_ws/install/io_context/lib:/root/catkin_ws/src/install/iahrs_driver_interface/lib:/root/catkin_ws/install/udp_driver/lib:/root/catkin_ws/install/serial_driver/lib:/root/catkin_ws/install/omo_r1mini_interfaces/lib:/root/catkin_ws/install/msg_srv_action_interface_example/lib:/root/catkin_ws/install/iahrs_driver_interface/lib:/root/install/udp_driver/lib:/root/install/serial_driver/lib:/root/install/omo_r1mini_interfaces/lib:/root/install/msg_srv_action_interface_example/lib:/root/install/io_context/lib:/root/catkin_ws/src/install/udp_driver/lib:/root/catkin_ws/src/install/serial_driver/lib:/root/catkin_ws/src/install/omo_r1mini_interfaces/lib:/root/catkin_ws/src/install/msg_srv_action_interface_example/lib:/root/catkin_ws/src/install/io_context/lib:/usr/lib/x86_64-linux-gnu/gazebo-11/plugins:/opt/ros/foxy/opt/yaml_cpp_vendor/lib:/opt/ros/foxy/opt/rviz_ogre_vendor/lib:/opt/ros/foxy/lib/x86_64-linux-gnu:/opt/ros/foxy/lib /usr/bin/cmake --build /root/catkin_ws/build/udp_driver -- -j12 -l12
[16.141s] Invoking command in '/root/catkin_ws/build/udp_driver': AMENT_PREFIX_PATH=/root/catkin_ws/install/asio_cmake_module:${AMENT_PREFIX_PATH} CMAKE_PREFIX_PATH=/root/catkin_ws/install/io_context:/root/catkin_ws/install/asio_cmake_module:/root/catkin_ws/src/install/iahrs_driver_interface:/root/catkin_ws/install/omo_r1mini_navigation2:/root/catkin_ws/install/my_first_ros_rclcpp_pkg:/root/catkin_ws/install/omo_r1mini_description:/root/catkin_ws/install/ydlidar_sdk:/root/catkin_ws/install/ydlidar_ros2_driver:/root/catkin_ws/install/udp_driver:/root/catkin_ws/install/topic_service_action_rclcpp_example:/root/catkin_ws/install/time_rclcpp_example:/root/catkin_ws/install/tf2_rclcpp_example:/root/catkin_ws/install/testbot_description:/root/catkin_ws/install/serial_driver:/root/catkin_ws/install/rqt_example:/root/catkin_ws/install/omo_r1mini:/root/catkin_ws/install/omo_r1mini_interfaces:/root/catkin_ws/install/omo_r1mini_gazebo:/root/catkin_ws/install/omo_r1mini_cartographer:/root/catkin_ws/install/msg_srv_action_interface_example:/root/catkin_ws/install/iahrs_driver_interface:/root/install/ydlidar_sdk:/root/install/ydlidar_ros2_driver:/root/install/udp_driver:/root/install/topic_service_action_rclcpp_example:/root/install/time_rclcpp_example:/root/install/tf2_rclcpp_example:/root/install/testbot_description:/root/install/serial_driver:/root/install/rqt_example:/root/install/omo_r1mini:/root/install/omo_r1mini_navigation2:/root/install/omo_r1mini_interfaces:/root/install/omo_r1mini_gazebo:/root/install/omo_r1mini_description:/root/install/omo_r1mini_cartographer:/root/install/my_first_ros_rclcpp_pkg:/root/install/msg_srv_action_interface_example:/root/install/io_context:/root/install/asio_cmake_module:/root/catkin_ws/src/install/ydlidar_sdk:/root/catkin_ws/src/install/ydlidar_ros2_driver:/root/catkin_ws/src/install/udp_driver:/root/catkin_ws/src/install/topic_service_action_rclcpp_example:/root/catkin_ws/src/install/time_rclcpp_example:/root/catkin_ws/src/install/tf2_rclcpp_example:/root/catkin_ws/src/install/testbot_description:/root/catkin_ws/src/install/serial_driver:/root/catkin_ws/src/install/rqt_example:/root/catkin_ws/src/install/omo_r1mini:/root/catkin_ws/src/install/omo_r1mini_navigation2:/root/catkin_ws/src/install/omo_r1mini_interfaces:/root/catkin_ws/src/install/omo_r1mini_gazebo:/root/catkin_ws/src/install/omo_r1mini_description:/root/catkin_ws/src/install/omo_r1mini_cartographer:/root/catkin_ws/src/install/my_first_ros_rclcpp_pkg:/root/catkin_ws/src/install/msg_srv_action_interface_example:/root/catkin_ws/src/install/io_context:/root/catkin_ws/src/install/asio_cmake_module:/root/catkin_ws/src/install/iahrs_driver:/root/catkin_ws/install/topic_service_action_rclpy_example:/root/catkin_ws/install/time_rclpy_example:/root/catkin_ws/install/tf2_rclpy_example:/root/catkin_ws/install/ros2env:/root/catkin_ws/install/omo_r1mini_teleop:/root/catkin_ws/install/omo_r1mini_bringup:/root/catkin_ws/install/my_first_ros_rclpy_pkg:/root/catkin_ws/install/logging_rclpy_example:/root/catkin_ws/install/iahrs_driver:/root/install/topic_service_action_rclpy_example:/root/install/time_rclpy_example:/root/install/tf2_rclpy_example:/root/install/ros2env:/root/install/omo_r1mini_teleop:/root/install/omo_r1mini_bringup:/root/install/my_first_ros_rclpy_pkg:/root/install/logging_rclpy_example:/root/catkin_ws/src/install/topic_service_action_rclpy_example:/root/catkin_ws/src/install/time_rclpy_example:/root/catkin_ws/src/install/tf2_rclpy_example:/root/catkin_ws/src/install/ros2env:/root/catkin_ws/src/install/omo_r1mini_teleop:/root/catkin_ws/src/install/omo_r1mini_bringup:/root/catkin_ws/src/install/my_first_ros_rclpy_pkg:/root/catkin_ws/src/install/logging_rclpy_example:/opt/ros/foxy LD_LIBRARY_PATH=/root/catkin_ws/install/io_context/lib:/root/catkin_ws/src/install/iahrs_driver_interface/lib:/root/catkin_ws/install/udp_driver/lib:/root/catkin_ws/install/serial_driver/lib:/root/catkin_ws/install/omo_r1mini_interfaces/lib:/root/catkin_ws/install/msg_srv_action_interface_example/lib:/root/catkin_ws/install/iahrs_driver_interface/lib:/root/install/udp_driver/lib:/root/install/serial_driver/lib:/root/install/omo_r1mini_interfaces/lib:/root/install/msg_srv_action_interface_example/lib:/root/install/io_context/lib:/root/catkin_ws/src/install/udp_driver/lib:/root/catkin_ws/src/install/serial_driver/lib:/root/catkin_ws/src/install/omo_r1mini_interfaces/lib:/root/catkin_ws/src/install/msg_srv_action_interface_example/lib:/root/catkin_ws/src/install/io_context/lib:/usr/lib/x86_64-linux-gnu/gazebo-11/plugins:/opt/ros/foxy/opt/yaml_cpp_vendor/lib:/opt/ros/foxy/opt/rviz_ogre_vendor/lib:/opt/ros/foxy/lib/x86_64-linux-gnu:/opt/ros/foxy/lib /usr/bin/cmake --install /root/catkin_ws/build/udp_driver
[16.148s] -- Install configuration: ""
[16.148s] -- Execute custom install script
[16.149s] -- Up-to-date symlink: /root/catkin_ws/install/udp_driver/lib/udp_driver/udp_receiver_node_exe
[16.149s] -- Up-to-date symlink: /root/catkin_ws/install/udp_driver/lib/udp_driver/udp_sender_node_exe
[16.150s] -- Up-to-date symlink: /root/catkin_ws/install/udp_driver/include/udp_driver/udp_driver.hpp
[16.150s] -- Up-to-date symlink: /root/catkin_ws/install/udp_driver/include/udp_driver/udp_receiver_node.hpp
[16.150s] -- Up-to-date symlink: /root/catkin_ws/install/udp_driver/include/udp_driver/udp_sender_node.hpp
[16.150s] -- Up-to-date symlink: /root/catkin_ws/install/udp_driver/include/udp_driver/udp_socket.hpp
[16.150s] -- Up-to-date symlink: /root/catkin_ws/install/udp_driver/include/udp_driver/visibility_control.hpp
[16.151s] -- Up-to-date symlink: /root/catkin_ws/install/udp_driver/share/udp_driver/environment/library_path.sh
[16.151s] -- Up-to-date symlink: /root/catkin_ws/install/udp_driver/share/udp_driver/environment/library_path.dsv
[16.151s] -- Up-to-date symlink: /root/catkin_ws/install/udp_driver/lib/libudp_driver.so
[16.151s] -- Up-to-date symlink: /root/catkin_ws/install/udp_driver/lib/libudp_driver_nodes.so
[16.151s] -- Up-to-date symlink: /root/catkin_ws/install/udp_driver/lib/udp_driver/udp_bridge_node_exe
[16.152s] -- Up-to-date symlink: /root/catkin_ws/install/udp_driver/share/ament_index/resource_index/package_run_dependencies/udp_driver
[16.152s] -- Up-to-date symlink: /root/catkin_ws/install/udp_driver/share/ament_index/resource_index/parent_prefix_path/udp_driver
[16.152s] -- Up-to-date symlink: /root/catkin_ws/install/udp_driver/share/udp_driver/environment/ament_prefix_path.sh
[16.152s] -- Up-to-date symlink: /root/catkin_ws/install/udp_driver/share/udp_driver/environment/ament_prefix_path.dsv
[16.152s] -- Up-to-date symlink: /root/catkin_ws/install/udp_driver/share/udp_driver/environment/path.sh
[16.153s] -- Up-to-date symlink: /root/catkin_ws/install/udp_driver/share/udp_driver/environment/path.dsv
[16.153s] -- Up-to-date symlink: /root/catkin_ws/install/udp_driver/share/udp_driver/local_setup.bash
[16.153s] -- Up-to-date symlink: /root/catkin_ws/install/udp_driver/share/udp_driver/local_setup.sh
[16.153s] -- Up-to-date symlink: /root/catkin_ws/install/udp_driver/share/udp_driver/local_setup.zsh
[16.153s] -- Up-to-date symlink: /root/catkin_ws/install/udp_driver/share/udp_driver/local_setup.dsv
[16.154s] -- Symlinking: /root/catkin_ws/install/udp_driver/share/udp_driver/package.dsv
[16.161s] -- Up-to-date symlink: /root/catkin_ws/install/udp_driver/share/ament_index/resource_index/packages/udp_driver
[16.161s] -- Up-to-date symlink: /root/catkin_ws/install/udp_driver/share/ament_index/resource_index/rclcpp_components/udp_driver
[16.161s] -- Up-to-date symlink: /root/catkin_ws/install/udp_driver/share/udp_driver/cmake/ament_cmake_export_dependencies-extras.cmake
[16.161s] -- Up-to-date symlink: /root/catkin_ws/install/udp_driver/share/udp_driver/cmake/ament_cmake_export_include_directories-extras.cmake
[16.162s] -- Up-to-date symlink: /root/catkin_ws/install/udp_driver/share/udp_driver/cmake/ament_cmake_export_libraries-extras.cmake
[16.162s] -- Up-to-date symlink: /root/catkin_ws/install/udp_driver/share/udp_driver/cmake/udp_driverConfig.cmake
[16.162s] -- Up-to-date symlink: /root/catkin_ws/install/udp_driver/share/udp_driver/cmake/udp_driverConfig-version.cmake
[16.162s] -- Up-to-date symlink: /root/catkin_ws/install/udp_driver/share/udp_driver/package.xml
[16.166s] Invoked command in '/root/catkin_ws/build/udp_driver' returned '0': AMENT_PREFIX_PATH=/root/catkin_ws/install/asio_cmake_module:${AMENT_PREFIX_PATH} CMAKE_PREFIX_PATH=/root/catkin_ws/install/io_context:/root/catkin_ws/install/asio_cmake_module:/root/catkin_ws/src/install/iahrs_driver_interface:/root/catkin_ws/install/omo_r1mini_navigation2:/root/catkin_ws/install/my_first_ros_rclcpp_pkg:/root/catkin_ws/install/omo_r1mini_description:/root/catkin_ws/install/ydlidar_sdk:/root/catkin_ws/install/ydlidar_ros2_driver:/root/catkin_ws/install/udp_driver:/root/catkin_ws/install/topic_service_action_rclcpp_example:/root/catkin_ws/install/time_rclcpp_example:/root/catkin_ws/install/tf2_rclcpp_example:/root/catkin_ws/install/testbot_description:/root/catkin_ws/install/serial_driver:/root/catkin_ws/install/rqt_example:/root/catkin_ws/install/omo_r1mini:/root/catkin_ws/install/omo_r1mini_interfaces:/root/catkin_ws/install/omo_r1mini_gazebo:/root/catkin_ws/install/omo_r1mini_cartographer:/root/catkin_ws/install/msg_srv_action_interface_example:/root/catkin_ws/install/iahrs_driver_interface:/root/install/ydlidar_sdk:/root/install/ydlidar_ros2_driver:/root/install/udp_driver:/root/install/topic_service_action_rclcpp_example:/root/install/time_rclcpp_example:/root/install/tf2_rclcpp_example:/root/install/testbot_description:/root/install/serial_driver:/root/install/rqt_example:/root/install/omo_r1mini:/root/install/omo_r1mini_navigation2:/root/install/omo_r1mini_interfaces:/root/install/omo_r1mini_gazebo:/root/install/omo_r1mini_description:/root/install/omo_r1mini_cartographer:/root/install/my_first_ros_rclcpp_pkg:/root/install/msg_srv_action_interface_example:/root/install/io_context:/root/install/asio_cmake_module:/root/catkin_ws/src/install/ydlidar_sdk:/root/catkin_ws/src/install/ydlidar_ros2_driver:/root/catkin_ws/src/install/udp_driver:/root/catkin_ws/src/install/topic_service_action_rclcpp_example:/root/catkin_ws/src/install/time_rclcpp_example:/root/catkin_ws/src/install/tf2_rclcpp_example:/root/catkin_ws/src/install/testbot_description:/root/catkin_ws/src/install/serial_driver:/root/catkin_ws/src/install/rqt_example:/root/catkin_ws/src/install/omo_r1mini:/root/catkin_ws/src/install/omo_r1mini_navigation2:/root/catkin_ws/src/install/omo_r1mini_interfaces:/root/catkin_ws/src/install/omo_r1mini_gazebo:/root/catkin_ws/src/install/omo_r1mini_description:/root/catkin_ws/src/install/omo_r1mini_cartographer:/root/catkin_ws/src/install/my_first_ros_rclcpp_pkg:/root/catkin_ws/src/install/msg_srv_action_interface_example:/root/catkin_ws/src/install/io_context:/root/catkin_ws/src/install/asio_cmake_module:/root/catkin_ws/src/install/iahrs_driver:/root/catkin_ws/install/topic_service_action_rclpy_example:/root/catkin_ws/install/time_rclpy_example:/root/catkin_ws/install/tf2_rclpy_example:/root/catkin_ws/install/ros2env:/root/catkin_ws/install/omo_r1mini_teleop:/root/catkin_ws/install/omo_r1mini_bringup:/root/catkin_ws/install/my_first_ros_rclpy_pkg:/root/catkin_ws/install/logging_rclpy_example:/root/catkin_ws/install/iahrs_driver:/root/install/topic_service_action_rclpy_example:/root/install/time_rclpy_example:/root/install/tf2_rclpy_example:/root/install/ros2env:/root/install/omo_r1mini_teleop:/root/install/omo_r1mini_bringup:/root/install/my_first_ros_rclpy_pkg:/root/install/logging_rclpy_example:/root/catkin_ws/src/install/topic_service_action_rclpy_example:/root/catkin_ws/src/install/time_rclpy_example:/root/catkin_ws/src/install/tf2_rclpy_example:/root/catkin_ws/src/install/ros2env:/root/catkin_ws/src/install/omo_r1mini_teleop:/root/catkin_ws/src/install/omo_r1mini_bringup:/root/catkin_ws/src/install/my_first_ros_rclpy_pkg:/root/catkin_ws/src/install/logging_rclpy_example:/opt/ros/foxy LD_LIBRARY_PATH=/root/catkin_ws/install/io_context/lib:/root/catkin_ws/src/install/iahrs_driver_interface/lib:/root/catkin_ws/install/udp_driver/lib:/root/catkin_ws/install/serial_driver/lib:/root/catkin_ws/install/omo_r1mini_interfaces/lib:/root/catkin_ws/install/msg_srv_action_interface_example/lib:/root/catkin_ws/install/iahrs_driver_interface/lib:/root/install/udp_driver/lib:/root/install/serial_driver/lib:/root/install/omo_r1mini_interfaces/lib:/root/install/msg_srv_action_interface_example/lib:/root/install/io_context/lib:/root/catkin_ws/src/install/udp_driver/lib:/root/catkin_ws/src/install/serial_driver/lib:/root/catkin_ws/src/install/omo_r1mini_interfaces/lib:/root/catkin_ws/src/install/msg_srv_action_interface_example/lib:/root/catkin_ws/src/install/io_context/lib:/usr/lib/x86_64-linux-gnu/gazebo-11/plugins:/opt/ros/foxy/opt/yaml_cpp_vendor/lib:/opt/ros/foxy/opt/rviz_ogre_vendor/lib:/opt/ros/foxy/lib/x86_64-linux-gnu:/opt/ros/foxy/lib /usr/bin/cmake --install /root/catkin_ws/build/udp_driver
