-- Found ament_cmake: 0.9.11 (/opt/ros/foxy/share/ament_cmake/cmake)
-- Found PythonInterp: /usr/bin/python3 (found suitable version "3.8.10", minimum required is "3") 
-- Using PYTHON_EXECUTABLE: /usr/bin/python3
-- Override CMake install command with custom implementation using symlinks instead of copying resources
-- Found rosidl_default_generators: 1.0.1 (/opt/ros/foxy/share/rosidl_default_generators/cmake)
-- Using all available rosidl_typesupport_c: rosidl_typesupport_microxrcedds_c;rosidl_typesupport_fastrtps_c;rosidl_typesupport_introspection_c
-- Found rosidl_adapter: 1.3.0 (/opt/ros/foxy/share/rosidl_adapter/cmake)
-- Using all available rosidl_typesupport_cpp: rosidl_typesupport_microxrcedds_cpp;rosidl_typesupport_fastrtps_cpp;rosidl_typesupport_introspection_cpp
-- Found PythonInterp: /usr/bin/python3 (found version "3.8.10") 
-- Found ament_cmake_ros: 0.9.2 (/opt/ros/foxy/share/ament_cmake_ros/cmake)
-- Using all available rosidl_typesupport_c: rosidl_typesupport_microxrcedds_c;rosidl_typesupport_fastrtps_c;rosidl_typesupport_introspection_c
-- Using all available rosidl_typesupport_cpp: rosidl_typesupport_microxrcedds_cpp;rosidl_typesupport_fastrtps_cpp;rosidl_typesupport_introspection_cpp
-- Found PythonInterp: /usr/bin/python3 (found suitable version "3.8.10", minimum required is "3.5") 
-- Found python_cmake_module: 0.8.1 (/opt/ros/foxy/share/python_cmake_module/cmake)
-- Using PYTHON_EXECUTABLE: /usr/bin/python3
-- Using PYTHON_INCLUDE_DIRS: /usr/include/python3.8
-- Using PYTHON_LIBRARIES: /usr/lib/x86_64-linux-gnu/libpython3.8.so
-- Configuring done
-- Generating done
-- Build files have been written to: /root/catkin_ws/build/example_interfaces
[  0%] Built target example_interfaces__cpp
[  9%] Built target example_interfaces__rosidl_generator_c
[ 24%] Built target example_interfaces__rosidl_typesupport_introspection_cpp
[ 27%] Built target example_interfaces__rosidl_typesupport_cpp
[ 28%] [32m[1mLinking CXX shared library libexample_interfaces__rosidl_typesupport_microxrcedds_cpp.so[0m
[ 38%] Built target example_interfaces__rosidl_typesupport_c
[ 38%] [32m[1mLinking C shared library libexample_interfaces__rosidl_typesupport_microxrcedds_c.so[0m
[ 48%] Built target example_interfaces__rosidl_typesupport_introspection_c
[ 48%] [32m[1mLinking CXX shared library libexample_interfaces__rosidl_typesupport_fastrtps_cpp.so[0m
[ 58%] Built target example_interfaces__rosidl_typesupport_microxrcedds_c
[ 67%] Built target example_interfaces__rosidl_typesupport_microxrcedds_cpp
[ 76%] Built target example_interfaces__rosidl_typesupport_fastrtps_cpp
[ 76%] [32m[1mLinking CXX shared library libexample_interfaces__rosidl_typesupport_fastrtps_c.so[0m
[ 86%] Built target example_interfaces__rosidl_typesupport_fastrtps_c
[ 86%] Built target example_interfaces
[ 86%] Built target example_interfaces__py
[ 87%] [32m[1mLinking C shared library rosidl_generator_py/example_interfaces/libexample_interfaces__python.so[0m
[ 96%] Built target example_interfaces__python
[ 97%] [32m[1mLinking CXX shared library rosidl_generator_py/example_interfaces/example_interfaces_s__rosidl_typesupport_fastrtps_c.cpython-38-x86_64-linux-gnu.so[0m
[ 98%] [32m[1mLinking C shared library rosidl_generator_py/example_interfaces/example_interfaces_s__rosidl_typesupport_c.cpython-38-x86_64-linux-gnu.so[0m
[ 99%] [32m[1mLinking C shared library rosidl_generator_py/example_interfaces/example_interfaces_s__rosidl_typesupport_introspection_c.cpython-38-x86_64-linux-gnu.so[0m
[100%] [32m[1mLinking C shared library rosidl_generator_py/example_interfaces/example_interfaces_s__rosidl_typesupport_microxrcedds_c.cpython-38-x86_64-linux-gnu.so[0m
[100%] Built target example_interfaces__rosidl_typesupport_introspection_c__pyext
[100%] Built target example_interfaces__rosidl_typesupport_c__pyext
[100%] Built target example_interfaces__rosidl_typesupport_microxrcedds_c__pyext
[100%] Built target example_interfaces__rosidl_typesupport_fastrtps_c__pyext
-- Install configuration: ""
-- Execute custom install script
-- Symlinking: /root/catkin_ws/install/example_interfaces/share/ament_index/resource_index/rosidl_interfaces/example_interfaces
-- Symlinking: /root/catkin_ws/install/example_interfaces/include/example_interfaces/action/detail/fibonacci__functions.h
-- Symlinking: /root/catkin_ws/install/example_interfaces/include/example_interfaces/action/detail/fibonacci__struct.h
-- Symlinking: /root/catkin_ws/install/example_interfaces/include/example_interfaces/action/detail/fibonacci__type_support.h
-- Symlinking: /root/catkin_ws/install/example_interfaces/include/example_interfaces/action/fibonacci.h
-- Symlinking: /root/catkin_ws/install/example_interfaces/include/example_interfaces/msg/bool.h
-- Symlinking: /root/catkin_ws/install/example_interfaces/include/example_interfaces/msg/byte.h
-- Symlinking: /root/catkin_ws/install/example_interfaces/include/example_interfaces/msg/byte_multi_array.h
-- Symlinking: /root/catkin_ws/install/example_interfaces/include/example_interfaces/msg/char.h
-- Symlinking: /root/catkin_ws/install/example_interfaces/include/example_interfaces/msg/detail/bool__functions.h
-- Symlinking: /root/catkin_ws/install/example_interfaces/include/example_interfaces/msg/detail/bool__struct.h
-- Symlinking: /root/catkin_ws/install/example_interfaces/include/example_interfaces/msg/detail/bool__type_support.h
-- Symlinking: /root/catkin_ws/install/example_interfaces/include/example_interfaces/msg/detail/byte__functions.h
-- Symlinking: /root/catkin_ws/install/example_interfaces/include/example_interfaces/msg/detail/byte__struct.h
-- Symlinking: /root/catkin_ws/install/example_interfaces/include/example_interfaces/msg/detail/byte__type_support.h
-- Symlinking: /root/catkin_ws/install/example_interfaces/include/example_interfaces/msg/detail/byte_multi_array__functions.h
-- Symlinking: /root/catkin_ws/install/example_interfaces/include/example_interfaces/msg/detail/byte_multi_array__struct.h
-- Symlinking: /root/catkin_ws/install/example_interfaces/include/example_interfaces/msg/detail/byte_multi_array__type_support.h
-- Symlinking: /root/catkin_ws/install/example_interfaces/include/example_interfaces/msg/detail/char__functions.h
-- Symlinking: /root/catkin_ws/install/example_interfaces/include/example_interfaces/msg/detail/char__struct.h
-- Symlinking: /root/catkin_ws/install/example_interfaces/include/example_interfaces/msg/detail/char__type_support.h
-- Symlinking: /root/catkin_ws/install/example_interfaces/include/example_interfaces/msg/detail/empty__functions.h
-- Symlinking: /root/catkin_ws/install/example_interfaces/include/example_interfaces/msg/detail/empty__struct.h
-- Symlinking: /root/catkin_ws/install/example_interfaces/include/example_interfaces/msg/detail/empty__type_support.h
-- Symlinking: /root/catkin_ws/install/example_interfaces/include/example_interfaces/msg/detail/float32__functions.h
-- Symlinking: /root/catkin_ws/install/example_interfaces/include/example_interfaces/msg/detail/float32__struct.h
-- Symlinking: /root/catkin_ws/install/example_interfaces/include/example_interfaces/msg/detail/float32__type_support.h
-- Symlinking: /root/catkin_ws/install/example_interfaces/include/example_interfaces/msg/detail/float32_multi_array__functions.h
-- Symlinking: /root/catkin_ws/install/example_interfaces/include/example_interfaces/msg/detail/float32_multi_array__struct.h
-- Symlinking: /root/catkin_ws/install/example_interfaces/include/example_interfaces/msg/detail/float32_multi_array__type_support.h
-- Symlinking: /root/catkin_ws/install/example_interfaces/include/example_interfaces/msg/detail/float64__functions.h
-- Symlinking: /root/catkin_ws/install/example_interfaces/include/example_interfaces/msg/detail/float64__struct.h
-- Symlinking: /root/catkin_ws/install/example_interfaces/include/example_interfaces/msg/detail/float64__type_support.h
-- Symlinking: /root/catkin_ws/install/example_interfaces/include/example_interfaces/msg/detail/float64_multi_array__functions.h
-- Symlinking: /root/catkin_ws/install/example_interfaces/include/example_interfaces/msg/detail/float64_multi_array__struct.h
-- Symlinking: /root/catkin_ws/install/example_interfaces/include/example_interfaces/msg/detail/float64_multi_array__type_support.h
-- Symlinking: /root/catkin_ws/install/example_interfaces/include/example_interfaces/msg/detail/int16__functions.h
-- Symlinking: /root/catkin_ws/install/example_interfaces/include/example_interfaces/msg/detail/int16__struct.h
-- Symlinking: /root/catkin_ws/install/example_interfaces/include/example_interfaces/msg/detail/int16__type_support.h
-- Symlinking: /root/catkin_ws/install/example_interfaces/include/example_interfaces/msg/detail/int16_multi_array__functions.h
-- Symlinking: /root/catkin_ws/install/example_interfaces/include/example_interfaces/msg/detail/int16_multi_array__struct.h
-- Symlinking: /root/catkin_ws/install/example_interfaces/include/example_interfaces/msg/detail/int16_multi_array__type_support.h
-- Symlinking: /root/catkin_ws/install/example_interfaces/include/example_interfaces/msg/detail/int32__functions.h
-- Symlinking: /root/catkin_ws/install/example_interfaces/include/example_interfaces/msg/detail/int32__struct.h
-- Symlinking: /root/catkin_ws/install/example_interfaces/include/example_interfaces/msg/detail/int32__type_support.h
-- Symlinking: /root/catkin_ws/install/example_interfaces/include/example_interfaces/msg/detail/int32_multi_array__functions.h
-- Symlinking: /root/catkin_ws/install/example_interfaces/include/example_interfaces/msg/detail/int32_multi_array__struct.h
-- Symlinking: /root/catkin_ws/install/example_interfaces/include/example_interfaces/msg/detail/int32_multi_array__type_support.h
-- Symlinking: /root/catkin_ws/install/example_interfaces/include/example_interfaces/msg/detail/int64__functions.h
-- Symlinking: /root/catkin_ws/install/example_interfaces/include/example_interfaces/msg/detail/int64__struct.h
-- Symlinking: /root/catkin_ws/install/example_interfaces/include/example_interfaces/msg/detail/int64__type_support.h
-- Symlinking: /root/catkin_ws/install/example_interfaces/include/example_interfaces/msg/detail/int64_multi_array__functions.h
-- Symlinking: /root/catkin_ws/install/example_interfaces/include/example_interfaces/msg/detail/int64_multi_array__struct.h
-- Symlinking: /root/catkin_ws/install/example_interfaces/include/example_interfaces/msg/detail/int64_multi_array__type_support.h
-- Symlinking: /root/catkin_ws/install/example_interfaces/include/example_interfaces/msg/detail/int8__functions.h
-- Symlinking: /root/catkin_ws/install/example_interfaces/include/example_interfaces/msg/detail/int8__struct.h
-- Symlinking: /root/catkin_ws/install/example_interfaces/include/example_interfaces/msg/detail/int8__type_support.h
-- Symlinking: /root/catkin_ws/install/example_interfaces/include/example_interfaces/msg/detail/int8_multi_array__functions.h
-- Symlinking: /root/catkin_ws/install/example_interfaces/include/example_interfaces/msg/detail/int8_multi_array__struct.h
-- Symlinking: /root/catkin_ws/install/example_interfaces/include/example_interfaces/msg/detail/int8_multi_array__type_support.h
-- Symlinking: /root/catkin_ws/install/example_interfaces/include/example_interfaces/msg/detail/multi_array_dimension__functions.h
-- Symlinking: /root/catkin_ws/install/example_interfaces/include/example_interfaces/msg/detail/multi_array_dimension__struct.h
-- Symlinking: /root/catkin_ws/install/example_interfaces/include/example_interfaces/msg/detail/multi_array_dimension__type_support.h
-- Symlinking: /root/catkin_ws/install/example_interfaces/include/example_interfaces/msg/detail/multi_array_layout__functions.h
-- Symlinking: /root/catkin_ws/install/example_interfaces/include/example_interfaces/msg/detail/multi_array_layout__struct.h
-- Symlinking: /root/catkin_ws/install/example_interfaces/include/example_interfaces/msg/detail/multi_array_layout__type_support.h
-- Symlinking: /root/catkin_ws/install/example_interfaces/include/example_interfaces/msg/detail/string__functions.h
-- Symlinking: /root/catkin_ws/install/example_interfaces/include/example_interfaces/msg/detail/string__struct.h
-- Symlinking: /root/catkin_ws/install/example_interfaces/include/example_interfaces/msg/detail/string__type_support.h
-- Symlinking: /root/catkin_ws/install/example_interfaces/include/example_interfaces/msg/detail/u_int16__functions.h
-- Symlinking: /root/catkin_ws/install/example_interfaces/include/example_interfaces/msg/detail/u_int16__struct.h
-- Symlinking: /root/catkin_ws/install/example_interfaces/include/example_interfaces/msg/detail/u_int16__type_support.h
-- Symlinking: /root/catkin_ws/install/example_interfaces/include/example_interfaces/msg/detail/u_int16_multi_array__functions.h
-- Symlinking: /root/catkin_ws/install/example_interfaces/include/example_interfaces/msg/detail/u_int16_multi_array__struct.h
-- Symlinking: /root/catkin_ws/install/example_interfaces/include/example_interfaces/msg/detail/u_int16_multi_array__type_support.h
-- Symlinking: /root/catkin_ws/install/example_interfaces/include/example_interfaces/msg/detail/u_int32__functions.h
-- Symlinking: /root/catkin_ws/install/example_interfaces/include/example_interfaces/msg/detail/u_int32__struct.h
-- Symlinking: /root/catkin_ws/install/example_interfaces/include/example_interfaces/msg/detail/u_int32__type_support.h
-- Symlinking: /root/catkin_ws/install/example_interfaces/include/example_interfaces/msg/detail/u_int32_multi_array__functions.h
-- Symlinking: /root/catkin_ws/install/example_interfaces/include/example_interfaces/msg/detail/u_int32_multi_array__struct.h
-- Symlinking: /root/catkin_ws/install/example_interfaces/include/example_interfaces/msg/detail/u_int32_multi_array__type_support.h
-- Symlinking: /root/catkin_ws/install/example_interfaces/include/example_interfaces/msg/detail/u_int64__functions.h
-- Symlinking: /root/catkin_ws/install/example_interfaces/include/example_interfaces/msg/detail/u_int64__struct.h
-- Symlinking: /root/catkin_ws/install/example_interfaces/include/example_interfaces/msg/detail/u_int64__type_support.h
-- Symlinking: /root/catkin_ws/install/example_interfaces/include/example_interfaces/msg/detail/u_int64_multi_array__functions.h
-- Symlinking: /root/catkin_ws/install/example_interfaces/include/example_interfaces/msg/detail/u_int64_multi_array__struct.h
-- Symlinking: /root/catkin_ws/install/example_interfaces/include/example_interfaces/msg/detail/u_int64_multi_array__type_support.h
-- Symlinking: /root/catkin_ws/install/example_interfaces/include/example_interfaces/msg/detail/u_int8__functions.h
-- Symlinking: /root/catkin_ws/install/example_interfaces/include/example_interfaces/msg/detail/u_int8__struct.h
-- Symlinking: /root/catkin_ws/install/example_interfaces/include/example_interfaces/msg/detail/u_int8__type_support.h
-- Symlinking: /root/catkin_ws/install/example_interfaces/include/example_interfaces/msg/detail/u_int8_multi_array__functions.h
-- Symlinking: /root/catkin_ws/install/example_interfaces/include/example_interfaces/msg/detail/u_int8_multi_array__struct.h
-- Symlinking: /root/catkin_ws/install/example_interfaces/include/example_interfaces/msg/detail/u_int8_multi_array__type_support.h
-- Symlinking: /root/catkin_ws/install/example_interfaces/include/example_interfaces/msg/detail/w_string__functions.h
-- Symlinking: /root/catkin_ws/install/example_interfaces/include/example_interfaces/msg/detail/w_string__struct.h
-- Symlinking: /root/catkin_ws/install/example_interfaces/include/example_interfaces/msg/detail/w_string__type_support.h
-- Symlinking: /root/catkin_ws/install/example_interfaces/include/example_interfaces/msg/empty.h
-- Symlinking: /root/catkin_ws/install/example_interfaces/include/example_interfaces/msg/float32.h
-- Symlinking: /root/catkin_ws/install/example_interfaces/include/example_interfaces/msg/float32_multi_array.h
-- Symlinking: /root/catkin_ws/install/example_interfaces/include/example_interfaces/msg/float64.h
-- Symlinking: /root/catkin_ws/install/example_interfaces/include/example_interfaces/msg/float64_multi_array.h
-- Symlinking: /root/catkin_ws/install/example_interfaces/include/example_interfaces/msg/int16.h
-- Symlinking: /root/catkin_ws/install/example_interfaces/include/example_interfaces/msg/int16_multi_array.h
-- Symlinking: /root/catkin_ws/install/example_interfaces/include/example_interfaces/msg/int32.h
-- Symlinking: /root/catkin_ws/install/example_interfaces/include/example_interfaces/msg/int32_multi_array.h
-- Symlinking: /root/catkin_ws/install/example_interfaces/include/example_interfaces/msg/int64.h
-- Symlinking: /root/catkin_ws/install/example_interfaces/include/example_interfaces/msg/int64_multi_array.h
-- Symlinking: /root/catkin_ws/install/example_interfaces/include/example_interfaces/msg/int8.h
-- Symlinking: /root/catkin_ws/install/example_interfaces/include/example_interfaces/msg/int8_multi_array.h
-- Symlinking: /root/catkin_ws/install/example_interfaces/include/example_interfaces/msg/multi_array_dimension.h
-- Symlinking: /root/catkin_ws/install/example_interfaces/include/example_interfaces/msg/multi_array_layout.h
-- Symlinking: /root/catkin_ws/install/example_interfaces/include/example_interfaces/msg/rosidl_generator_c__visibility_control.h
-- Symlinking: /root/catkin_ws/install/example_interfaces/include/example_interfaces/msg/string.h
-- Symlinking: /root/catkin_ws/install/example_interfaces/include/example_interfaces/msg/u_int16.h
-- Symlinking: /root/catkin_ws/install/example_interfaces/include/example_interfaces/msg/u_int16_multi_array.h
-- Symlinking: /root/catkin_ws/install/example_interfaces/include/example_interfaces/msg/u_int32.h
-- Symlinking: /root/catkin_ws/install/example_interfaces/include/example_interfaces/msg/u_int32_multi_array.h
-- Symlinking: /root/catkin_ws/install/example_interfaces/include/example_interfaces/msg/u_int64.h
-- Symlinking: /root/catkin_ws/install/example_interfaces/include/example_interfaces/msg/u_int64_multi_array.h
-- Symlinking: /root/catkin_ws/install/example_interfaces/include/example_interfaces/msg/u_int8.h
-- Symlinking: /root/catkin_ws/install/example_interfaces/include/example_interfaces/msg/u_int8_multi_array.h
-- Symlinking: /root/catkin_ws/install/example_interfaces/include/example_interfaces/msg/w_string.h
-- Symlinking: /root/catkin_ws/install/example_interfaces/include/example_interfaces/srv/add_two_ints.h
-- Symlinking: /root/catkin_ws/install/example_interfaces/include/example_interfaces/srv/detail/add_two_ints__functions.h
-- Symlinking: /root/catkin_ws/install/example_interfaces/include/example_interfaces/srv/detail/add_two_ints__struct.h
-- Symlinking: /root/catkin_ws/install/example_interfaces/include/example_interfaces/srv/detail/add_two_ints__type_support.h
-- Symlinking: /root/catkin_ws/install/example_interfaces/include/example_interfaces/srv/detail/set_bool__functions.h
-- Symlinking: /root/catkin_ws/install/example_interfaces/include/example_interfaces/srv/detail/set_bool__struct.h
-- Symlinking: /root/catkin_ws/install/example_interfaces/include/example_interfaces/srv/detail/set_bool__type_support.h
-- Symlinking: /root/catkin_ws/install/example_interfaces/include/example_interfaces/srv/detail/trigger__functions.h
-- Symlinking: /root/catkin_ws/install/example_interfaces/include/example_interfaces/srv/detail/trigger__struct.h
-- Symlinking: /root/catkin_ws/install/example_interfaces/include/example_interfaces/srv/detail/trigger__type_support.h
-- Symlinking: /root/catkin_ws/install/example_interfaces/include/example_interfaces/srv/set_bool.h
-- Symlinking: /root/catkin_ws/install/example_interfaces/include/example_interfaces/srv/trigger.h
-- Symlinking: /root/catkin_ws/install/example_interfaces/share/example_interfaces/environment/library_path.sh
-- Symlinking: /root/catkin_ws/install/example_interfaces/share/example_interfaces/environment/library_path.dsv
-- Symlinking: /root/catkin_ws/install/example_interfaces/include/example_interfaces/action/detail/fibonacci__rosidl_typesupport_microxrcedds_c.h
-- Symlinking: /root/catkin_ws/install/example_interfaces/include/example_interfaces/msg/detail/bool__rosidl_typesupport_microxrcedds_c.h
-- Symlinking: /root/catkin_ws/install/example_interfaces/include/example_interfaces/msg/detail/byte__rosidl_typesupport_microxrcedds_c.h
-- Symlinking: /root/catkin_ws/install/example_interfaces/include/example_interfaces/msg/detail/byte_multi_array__rosidl_typesupport_microxrcedds_c.h
-- Symlinking: /root/catkin_ws/install/example_interfaces/include/example_interfaces/msg/detail/char__rosidl_typesupport_microxrcedds_c.h
-- Symlinking: /root/catkin_ws/install/example_interfaces/include/example_interfaces/msg/detail/empty__rosidl_typesupport_microxrcedds_c.h
-- Symlinking: /root/catkin_ws/install/example_interfaces/include/example_interfaces/msg/detail/float32__rosidl_typesupport_microxrcedds_c.h
-- Symlinking: /root/catkin_ws/install/example_interfaces/include/example_interfaces/msg/detail/float32_multi_array__rosidl_typesupport_microxrcedds_c.h
-- Symlinking: /root/catkin_ws/install/example_interfaces/include/example_interfaces/msg/detail/float64__rosidl_typesupport_microxrcedds_c.h
-- Symlinking: /root/catkin_ws/install/example_interfaces/include/example_interfaces/msg/detail/float64_multi_array__rosidl_typesupport_microxrcedds_c.h
-- Symlinking: /root/catkin_ws/install/example_interfaces/include/example_interfaces/msg/detail/int16__rosidl_typesupport_microxrcedds_c.h
-- Symlinking: /root/catkin_ws/install/example_interfaces/include/example_interfaces/msg/detail/int16_multi_array__rosidl_typesupport_microxrcedds_c.h
-- Symlinking: /root/catkin_ws/install/example_interfaces/include/example_interfaces/msg/detail/int32__rosidl_typesupport_microxrcedds_c.h
-- Symlinking: /root/catkin_ws/install/example_interfaces/include/example_interfaces/msg/detail/int32_multi_array__rosidl_typesupport_microxrcedds_c.h
-- Symlinking: /root/catkin_ws/install/example_interfaces/include/example_interfaces/msg/detail/int64__rosidl_typesupport_microxrcedds_c.h
-- Symlinking: /root/catkin_ws/install/example_interfaces/include/example_interfaces/msg/detail/int64_multi_array__rosidl_typesupport_microxrcedds_c.h
-- Symlinking: /root/catkin_ws/install/example_interfaces/include/example_interfaces/msg/detail/int8__rosidl_typesupport_microxrcedds_c.h
-- Symlinking: /root/catkin_ws/install/example_interfaces/include/example_interfaces/msg/detail/int8_multi_array__rosidl_typesupport_microxrcedds_c.h
-- Symlinking: /root/catkin_ws/install/example_interfaces/include/example_interfaces/msg/detail/multi_array_dimension__rosidl_typesupport_microxrcedds_c.h
-- Symlinking: /root/catkin_ws/install/example_interfaces/include/example_interfaces/msg/detail/multi_array_layout__rosidl_typesupport_microxrcedds_c.h
-- Symlinking: /root/catkin_ws/install/example_interfaces/include/example_interfaces/msg/detail/string__rosidl_typesupport_microxrcedds_c.h
-- Symlinking: /root/catkin_ws/install/example_interfaces/include/example_interfaces/msg/detail/u_int16__rosidl_typesupport_microxrcedds_c.h
-- Symlinking: /root/catkin_ws/install/example_interfaces/include/example_interfaces/msg/detail/u_int16_multi_array__rosidl_typesupport_microxrcedds_c.h
-- Symlinking: /root/catkin_ws/install/example_interfaces/include/example_interfaces/msg/detail/u_int32__rosidl_typesupport_microxrcedds_c.h
-- Symlinking: /root/catkin_ws/install/example_interfaces/include/example_interfaces/msg/detail/u_int32_multi_array__rosidl_typesupport_microxrcedds_c.h
-- Symlinking: /root/catkin_ws/install/example_interfaces/include/example_interfaces/msg/detail/u_int64__rosidl_typesupport_microxrcedds_c.h
-- Symlinking: /root/catkin_ws/install/example_interfaces/include/example_interfaces/msg/detail/u_int64_multi_array__rosidl_typesupport_microxrcedds_c.h
-- Symlinking: /root/catkin_ws/install/example_interfaces/include/example_interfaces/msg/detail/u_int8__rosidl_typesupport_microxrcedds_c.h
-- Symlinking: /root/catkin_ws/install/example_interfaces/include/example_interfaces/msg/detail/u_int8_multi_array__rosidl_typesupport_microxrcedds_c.h
-- Symlinking: /root/catkin_ws/install/example_interfaces/include/example_interfaces/msg/detail/w_string__rosidl_typesupport_microxrcedds_c.h
-- Symlinking: /root/catkin_ws/install/example_interfaces/include/example_interfaces/msg/rosidl_typesupport_microxrcedds_c__visibility_control.h
-- Symlinking: /root/catkin_ws/install/example_interfaces/include/example_interfaces/srv/detail/add_two_ints__rosidl_typesupport_microxrcedds_c.h
-- Symlinking: /root/catkin_ws/install/example_interfaces/include/example_interfaces/srv/detail/set_bool__rosidl_typesupport_microxrcedds_c.h
-- Symlinking: /root/catkin_ws/install/example_interfaces/include/example_interfaces/srv/detail/trigger__rosidl_typesupport_microxrcedds_c.h
-- Symlinking: /root/catkin_ws/install/example_interfaces/lib/libexample_interfaces__rosidl_typesupport_microxrcedds_c.so
-- Symlinking: /root/catkin_ws/install/example_interfaces/include/example_interfaces/action/detail/fibonacci__rosidl_typesupport_fastrtps_c.h
-- Symlinking: /root/catkin_ws/install/example_interfaces/include/example_interfaces/msg/detail/bool__rosidl_typesupport_fastrtps_c.h
-- Symlinking: /root/catkin_ws/install/example_interfaces/include/example_interfaces/msg/detail/byte__rosidl_typesupport_fastrtps_c.h
-- Symlinking: /root/catkin_ws/install/example_interfaces/include/example_interfaces/msg/detail/byte_multi_array__rosidl_typesupport_fastrtps_c.h
-- Symlinking: /root/catkin_ws/install/example_interfaces/include/example_interfaces/msg/detail/char__rosidl_typesupport_fastrtps_c.h
-- Symlinking: /root/catkin_ws/install/example_interfaces/include/example_interfaces/msg/detail/empty__rosidl_typesupport_fastrtps_c.h
-- Symlinking: /root/catkin_ws/install/example_interfaces/include/example_interfaces/msg/detail/float32__rosidl_typesupport_fastrtps_c.h
-- Symlinking: /root/catkin_ws/install/example_interfaces/include/example_interfaces/msg/detail/float32_multi_array__rosidl_typesupport_fastrtps_c.h
-- Symlinking: /root/catkin_ws/install/example_interfaces/include/example_interfaces/msg/detail/float64__rosidl_typesupport_fastrtps_c.h
-- Symlinking: /root/catkin_ws/install/example_interfaces/include/example_interfaces/msg/detail/float64_multi_array__rosidl_typesupport_fastrtps_c.h
-- Symlinking: /root/catkin_ws/install/example_interfaces/include/example_interfaces/msg/detail/int16__rosidl_typesupport_fastrtps_c.h
-- Symlinking: /root/catkin_ws/install/example_interfaces/include/example_interfaces/msg/detail/int16_multi_array__rosidl_typesupport_fastrtps_c.h
-- Symlinking: /root/catkin_ws/install/example_interfaces/include/example_interfaces/msg/detail/int32__rosidl_typesupport_fastrtps_c.h
-- Symlinking: /root/catkin_ws/install/example_interfaces/include/example_interfaces/msg/detail/int32_multi_array__rosidl_typesupport_fastrtps_c.h
-- Symlinking: /root/catkin_ws/install/example_interfaces/include/example_interfaces/msg/detail/int64__rosidl_typesupport_fastrtps_c.h
-- Symlinking: /root/catkin_ws/install/example_interfaces/include/example_interfaces/msg/detail/int64_multi_array__rosidl_typesupport_fastrtps_c.h
-- Symlinking: /root/catkin_ws/install/example_interfaces/include/example_interfaces/msg/detail/int8__rosidl_typesupport_fastrtps_c.h
-- Symlinking: /root/catkin_ws/install/example_interfaces/include/example_interfaces/msg/detail/int8_multi_array__rosidl_typesupport_fastrtps_c.h
-- Symlinking: /root/catkin_ws/install/example_interfaces/include/example_interfaces/msg/detail/multi_array_dimension__rosidl_typesupport_fastrtps_c.h
-- Symlinking: /root/catkin_ws/install/example_interfaces/include/example_interfaces/msg/detail/multi_array_layout__rosidl_typesupport_fastrtps_c.h
-- Symlinking: /root/catkin_ws/install/example_interfaces/include/example_interfaces/msg/detail/string__rosidl_typesupport_fastrtps_c.h
-- Symlinking: /root/catkin_ws/install/example_interfaces/include/example_interfaces/msg/detail/u_int16__rosidl_typesupport_fastrtps_c.h
-- Symlinking: /root/catkin_ws/install/example_interfaces/include/example_interfaces/msg/detail/u_int16_multi_array__rosidl_typesupport_fastrtps_c.h
-- Symlinking: /root/catkin_ws/install/example_interfaces/include/example_interfaces/msg/detail/u_int32__rosidl_typesupport_fastrtps_c.h
-- Symlinking: /root/catkin_ws/install/example_interfaces/include/example_interfaces/msg/detail/u_int32_multi_array__rosidl_typesupport_fastrtps_c.h
-- Symlinking: /root/catkin_ws/install/example_interfaces/include/example_interfaces/msg/detail/u_int64__rosidl_typesupport_fastrtps_c.h
-- Symlinking: /root/catkin_ws/install/example_interfaces/include/example_interfaces/msg/detail/u_int64_multi_array__rosidl_typesupport_fastrtps_c.h
-- Symlinking: /root/catkin_ws/install/example_interfaces/include/example_interfaces/msg/detail/u_int8__rosidl_typesupport_fastrtps_c.h
-- Symlinking: /root/catkin_ws/install/example_interfaces/include/example_interfaces/msg/detail/u_int8_multi_array__rosidl_typesupport_fastrtps_c.h
-- Symlinking: /root/catkin_ws/install/example_interfaces/include/example_interfaces/msg/detail/w_string__rosidl_typesupport_fastrtps_c.h
-- Symlinking: /root/catkin_ws/install/example_interfaces/include/example_interfaces/msg/rosidl_typesupport_fastrtps_c__visibility_control.h
-- Symlinking: /root/catkin_ws/install/example_interfaces/include/example_interfaces/srv/detail/add_two_ints__rosidl_typesupport_fastrtps_c.h
-- Symlinking: /root/catkin_ws/install/example_interfaces/include/example_interfaces/srv/detail/set_bool__rosidl_typesupport_fastrtps_c.h
-- Symlinking: /root/catkin_ws/install/example_interfaces/include/example_interfaces/srv/detail/trigger__rosidl_typesupport_fastrtps_c.h
-- Symlinking: /root/catkin_ws/install/example_interfaces/lib/libexample_interfaces__rosidl_typesupport_fastrtps_c.so
-- Symlinking: /root/catkin_ws/install/example_interfaces/include/example_interfaces/action/detail/fibonacci__rosidl_typesupport_fastrtps_cpp.hpp
-- Symlinking: /root/catkin_ws/install/example_interfaces/include/example_interfaces/msg/detail/bool__rosidl_typesupport_fastrtps_cpp.hpp
-- Symlinking: /root/catkin_ws/install/example_interfaces/include/example_interfaces/msg/detail/byte__rosidl_typesupport_fastrtps_cpp.hpp
-- Symlinking: /root/catkin_ws/install/example_interfaces/include/example_interfaces/msg/detail/byte_multi_array__rosidl_typesupport_fastrtps_cpp.hpp
-- Symlinking: /root/catkin_ws/install/example_interfaces/include/example_interfaces/msg/detail/char__rosidl_typesupport_fastrtps_cpp.hpp
-- Symlinking: /root/catkin_ws/install/example_interfaces/include/example_interfaces/msg/detail/empty__rosidl_typesupport_fastrtps_cpp.hpp
-- Symlinking: /root/catkin_ws/install/example_interfaces/include/example_interfaces/msg/detail/float32__rosidl_typesupport_fastrtps_cpp.hpp
-- Symlinking: /root/catkin_ws/install/example_interfaces/include/example_interfaces/msg/detail/float32_multi_array__rosidl_typesupport_fastrtps_cpp.hpp
-- Symlinking: /root/catkin_ws/install/example_interfaces/include/example_interfaces/msg/detail/float64__rosidl_typesupport_fastrtps_cpp.hpp
-- Symlinking: /root/catkin_ws/install/example_interfaces/include/example_interfaces/msg/detail/float64_multi_array__rosidl_typesupport_fastrtps_cpp.hpp
-- Symlinking: /root/catkin_ws/install/example_interfaces/include/example_interfaces/msg/detail/int16__rosidl_typesupport_fastrtps_cpp.hpp
-- Symlinking: /root/catkin_ws/install/example_interfaces/include/example_interfaces/msg/detail/int16_multi_array__rosidl_typesupport_fastrtps_cpp.hpp
-- Symlinking: /root/catkin_ws/install/example_interfaces/include/example_interfaces/msg/detail/int32__rosidl_typesupport_fastrtps_cpp.hpp
-- Symlinking: /root/catkin_ws/install/example_interfaces/include/example_interfaces/msg/detail/int32_multi_array__rosidl_typesupport_fastrtps_cpp.hpp
-- Symlinking: /root/catkin_ws/install/example_interfaces/include/example_interfaces/msg/detail/int64__rosidl_typesupport_fastrtps_cpp.hpp
-- Symlinking: /root/catkin_ws/install/example_interfaces/include/example_interfaces/msg/detail/int64_multi_array__rosidl_typesupport_fastrtps_cpp.hpp
-- Symlinking: /root/catkin_ws/install/example_interfaces/include/example_interfaces/msg/detail/int8__rosidl_typesupport_fastrtps_cpp.hpp
-- Symlinking: /root/catkin_ws/install/example_interfaces/include/example_interfaces/msg/detail/int8_multi_array__rosidl_typesupport_fastrtps_cpp.hpp
-- Symlinking: /root/catkin_ws/install/example_interfaces/include/example_interfaces/msg/detail/multi_array_dimension__rosidl_typesupport_fastrtps_cpp.hpp
-- Symlinking: /root/catkin_ws/install/example_interfaces/include/example_interfaces/msg/detail/multi_array_layout__rosidl_typesupport_fastrtps_cpp.hpp
-- Symlinking: /root/catkin_ws/install/example_interfaces/include/example_interfaces/msg/detail/string__rosidl_typesupport_fastrtps_cpp.hpp
-- Symlinking: /root/catkin_ws/install/example_interfaces/include/example_interfaces/msg/detail/u_int16__rosidl_typesupport_fastrtps_cpp.hpp
-- Symlinking: /root/catkin_ws/install/example_interfaces/include/example_interfaces/msg/detail/u_int16_multi_array__rosidl_typesupport_fastrtps_cpp.hpp
-- Symlinking: /root/catkin_ws/install/example_interfaces/include/example_interfaces/msg/detail/u_int32__rosidl_typesupport_fastrtps_cpp.hpp
-- Symlinking: /root/catkin_ws/install/example_interfaces/include/example_interfaces/msg/detail/u_int32_multi_array__rosidl_typesupport_fastrtps_cpp.hpp
-- Symlinking: /root/catkin_ws/install/example_interfaces/include/example_interfaces/msg/detail/u_int64__rosidl_typesupport_fastrtps_cpp.hpp
-- Symlinking: /root/catkin_ws/install/example_interfaces/include/example_interfaces/msg/detail/u_int64_multi_array__rosidl_typesupport_fastrtps_cpp.hpp
-- Symlinking: /root/catkin_ws/install/example_interfaces/include/example_interfaces/msg/detail/u_int8__rosidl_typesupport_fastrtps_cpp.hpp
-- Symlinking: /root/catkin_ws/install/example_interfaces/include/example_interfaces/msg/detail/u_int8_multi_array__rosidl_typesupport_fastrtps_cpp.hpp
-- Symlinking: /root/catkin_ws/install/example_interfaces/include/example_interfaces/msg/detail/w_string__rosidl_typesupport_fastrtps_cpp.hpp
-- Symlinking: /root/catkin_ws/install/example_interfaces/include/example_interfaces/msg/rosidl_typesupport_fastrtps_cpp__visibility_control.h
-- Symlinking: /root/catkin_ws/install/example_interfaces/include/example_interfaces/srv/detail/add_two_ints__rosidl_typesupport_fastrtps_cpp.hpp
-- Symlinking: /root/catkin_ws/install/example_interfaces/include/example_interfaces/srv/detail/set_bool__rosidl_typesupport_fastrtps_cpp.hpp
-- Symlinking: /root/catkin_ws/install/example_interfaces/include/example_interfaces/srv/detail/trigger__rosidl_typesupport_fastrtps_cpp.hpp
-- Symlinking: /root/catkin_ws/install/example_interfaces/lib/libexample_interfaces__rosidl_typesupport_fastrtps_cpp.so
-- Symlinking: /root/catkin_ws/install/example_interfaces/include/example_interfaces/action/detail/fibonacci__rosidl_typesupport_introspection_c.h
-- Symlinking: /root/catkin_ws/install/example_interfaces/include/example_interfaces/msg/detail/bool__rosidl_typesupport_introspection_c.h
-- Symlinking: /root/catkin_ws/install/example_interfaces/include/example_interfaces/msg/detail/byte__rosidl_typesupport_introspection_c.h
-- Symlinking: /root/catkin_ws/install/example_interfaces/include/example_interfaces/msg/detail/byte_multi_array__rosidl_typesupport_introspection_c.h
-- Symlinking: /root/catkin_ws/install/example_interfaces/include/example_interfaces/msg/detail/char__rosidl_typesupport_introspection_c.h
-- Symlinking: /root/catkin_ws/install/example_interfaces/include/example_interfaces/msg/detail/empty__rosidl_typesupport_introspection_c.h
-- Symlinking: /root/catkin_ws/install/example_interfaces/include/example_interfaces/msg/detail/float32__rosidl_typesupport_introspection_c.h
-- Symlinking: /root/catkin_ws/install/example_interfaces/include/example_interfaces/msg/detail/float32_multi_array__rosidl_typesupport_introspection_c.h
-- Symlinking: /root/catkin_ws/install/example_interfaces/include/example_interfaces/msg/detail/float64__rosidl_typesupport_introspection_c.h
-- Symlinking: /root/catkin_ws/install/example_interfaces/include/example_interfaces/msg/detail/float64_multi_array__rosidl_typesupport_introspection_c.h
-- Symlinking: /root/catkin_ws/install/example_interfaces/include/example_interfaces/msg/detail/int16__rosidl_typesupport_introspection_c.h
-- Symlinking: /root/catkin_ws/install/example_interfaces/include/example_interfaces/msg/detail/int16_multi_array__rosidl_typesupport_introspection_c.h
-- Symlinking: /root/catkin_ws/install/example_interfaces/include/example_interfaces/msg/detail/int32__rosidl_typesupport_introspection_c.h
-- Symlinking: /root/catkin_ws/install/example_interfaces/include/example_interfaces/msg/detail/int32_multi_array__rosidl_typesupport_introspection_c.h
-- Symlinking: /root/catkin_ws/install/example_interfaces/include/example_interfaces/msg/detail/int64__rosidl_typesupport_introspection_c.h
-- Symlinking: /root/catkin_ws/install/example_interfaces/include/example_interfaces/msg/detail/int64_multi_array__rosidl_typesupport_introspection_c.h
-- Symlinking: /root/catkin_ws/install/example_interfaces/include/example_interfaces/msg/detail/int8__rosidl_typesupport_introspection_c.h
-- Symlinking: /root/catkin_ws/install/example_interfaces/include/example_interfaces/msg/detail/int8_multi_array__rosidl_typesupport_introspection_c.h
-- Symlinking: /root/catkin_ws/install/example_interfaces/include/example_interfaces/msg/detail/multi_array_dimension__rosidl_typesupport_introspection_c.h
-- Symlinking: /root/catkin_ws/install/example_interfaces/include/example_interfaces/msg/detail/multi_array_layout__rosidl_typesupport_introspection_c.h
-- Symlinking: /root/catkin_ws/install/example_interfaces/include/example_interfaces/msg/detail/string__rosidl_typesupport_introspection_c.h
-- Symlinking: /root/catkin_ws/install/example_interfaces/include/example_interfaces/msg/detail/u_int16__rosidl_typesupport_introspection_c.h
-- Symlinking: /root/catkin_ws/install/example_interfaces/include/example_interfaces/msg/detail/u_int16_multi_array__rosidl_typesupport_introspection_c.h
-- Symlinking: /root/catkin_ws/install/example_interfaces/include/example_interfaces/msg/detail/u_int32__rosidl_typesupport_introspection_c.h
-- Symlinking: /root/catkin_ws/install/example_interfaces/include/example_interfaces/msg/detail/u_int32_multi_array__rosidl_typesupport_introspection_c.h
-- Symlinking: /root/catkin_ws/install/example_interfaces/include/example_interfaces/msg/detail/u_int64__rosidl_typesupport_introspection_c.h
-- Symlinking: /root/catkin_ws/install/example_interfaces/include/example_interfaces/msg/detail/u_int64_multi_array__rosidl_typesupport_introspection_c.h
-- Symlinking: /root/catkin_ws/install/example_interfaces/include/example_interfaces/msg/detail/u_int8__rosidl_typesupport_introspection_c.h
-- Symlinking: /root/catkin_ws/install/example_interfaces/include/example_interfaces/msg/detail/u_int8_multi_array__rosidl_typesupport_introspection_c.h
-- Symlinking: /root/catkin_ws/install/example_interfaces/include/example_interfaces/msg/detail/w_string__rosidl_typesupport_introspection_c.h
-- Symlinking: /root/catkin_ws/install/example_interfaces/include/example_interfaces/msg/rosidl_typesupport_introspection_c__visibility_control.h
-- Symlinking: /root/catkin_ws/install/example_interfaces/include/example_interfaces/srv/detail/add_two_ints__rosidl_typesupport_introspection_c.h
-- Symlinking: /root/catkin_ws/install/example_interfaces/include/example_interfaces/srv/detail/set_bool__rosidl_typesupport_introspection_c.h
-- Symlinking: /root/catkin_ws/install/example_interfaces/include/example_interfaces/srv/detail/trigger__rosidl_typesupport_introspection_c.h
-- Symlinking: /root/catkin_ws/install/example_interfaces/include/example_interfaces/action/detail/fibonacci__builder.hpp
-- Symlinking: /root/catkin_ws/install/example_interfaces/include/example_interfaces/action/detail/fibonacci__struct.hpp
-- Symlinking: /root/catkin_ws/install/example_interfaces/include/example_interfaces/action/detail/fibonacci__traits.hpp
-- Symlinking: /root/catkin_ws/install/example_interfaces/include/example_interfaces/action/fibonacci.hpp
-- Symlinking: /root/catkin_ws/install/example_interfaces/include/example_interfaces/msg/bool.hpp
-- Symlinking: /root/catkin_ws/install/example_interfaces/include/example_interfaces/msg/byte.hpp
-- Symlinking: /root/catkin_ws/install/example_interfaces/include/example_interfaces/msg/byte_multi_array.hpp
-- Symlinking: /root/catkin_ws/install/example_interfaces/include/example_interfaces/msg/char.hpp
-- Symlinking: /root/catkin_ws/install/example_interfaces/include/example_interfaces/msg/detail/bool__builder.hpp
-- Symlinking: /root/catkin_ws/install/example_interfaces/include/example_interfaces/msg/detail/bool__struct.hpp
-- Symlinking: /root/catkin_ws/install/example_interfaces/include/example_interfaces/msg/detail/bool__traits.hpp
-- Symlinking: /root/catkin_ws/install/example_interfaces/include/example_interfaces/msg/detail/byte__builder.hpp
-- Symlinking: /root/catkin_ws/install/example_interfaces/include/example_interfaces/msg/detail/byte__struct.hpp
-- Symlinking: /root/catkin_ws/install/example_interfaces/include/example_interfaces/msg/detail/byte__traits.hpp
-- Symlinking: /root/catkin_ws/install/example_interfaces/include/example_interfaces/msg/detail/byte_multi_array__builder.hpp
-- Symlinking: /root/catkin_ws/install/example_interfaces/include/example_interfaces/msg/detail/byte_multi_array__struct.hpp
-- Symlinking: /root/catkin_ws/install/example_interfaces/include/example_interfaces/msg/detail/byte_multi_array__traits.hpp
-- Symlinking: /root/catkin_ws/install/example_interfaces/include/example_interfaces/msg/detail/char__builder.hpp
-- Symlinking: /root/catkin_ws/install/example_interfaces/include/example_interfaces/msg/detail/char__struct.hpp
-- Symlinking: /root/catkin_ws/install/example_interfaces/include/example_interfaces/msg/detail/char__traits.hpp
-- Symlinking: /root/catkin_ws/install/example_interfaces/include/example_interfaces/msg/detail/empty__builder.hpp
-- Symlinking: /root/catkin_ws/install/example_interfaces/include/example_interfaces/msg/detail/empty__struct.hpp
-- Symlinking: /root/catkin_ws/install/example_interfaces/include/example_interfaces/msg/detail/empty__traits.hpp
-- Symlinking: /root/catkin_ws/install/example_interfaces/include/example_interfaces/msg/detail/float32__builder.hpp
-- Symlinking: /root/catkin_ws/install/example_interfaces/include/example_interfaces/msg/detail/float32__struct.hpp
-- Symlinking: /root/catkin_ws/install/example_interfaces/include/example_interfaces/msg/detail/float32__traits.hpp
-- Symlinking: /root/catkin_ws/install/example_interfaces/include/example_interfaces/msg/detail/float32_multi_array__builder.hpp
-- Symlinking: /root/catkin_ws/install/example_interfaces/include/example_interfaces/msg/detail/float32_multi_array__struct.hpp
-- Symlinking: /root/catkin_ws/install/example_interfaces/include/example_interfaces/msg/detail/float32_multi_array__traits.hpp
-- Symlinking: /root/catkin_ws/install/example_interfaces/include/example_interfaces/msg/detail/float64__builder.hpp
-- Symlinking: /root/catkin_ws/install/example_interfaces/include/example_interfaces/msg/detail/float64__struct.hpp
-- Symlinking: /root/catkin_ws/install/example_interfaces/include/example_interfaces/msg/detail/float64__traits.hpp
-- Symlinking: /root/catkin_ws/install/example_interfaces/include/example_interfaces/msg/detail/float64_multi_array__builder.hpp
-- Symlinking: /root/catkin_ws/install/example_interfaces/include/example_interfaces/msg/detail/float64_multi_array__struct.hpp
-- Symlinking: /root/catkin_ws/install/example_interfaces/include/example_interfaces/msg/detail/float64_multi_array__traits.hpp
-- Symlinking: /root/catkin_ws/install/example_interfaces/include/example_interfaces/msg/detail/int16__builder.hpp
-- Symlinking: /root/catkin_ws/install/example_interfaces/include/example_interfaces/msg/detail/int16__struct.hpp
-- Symlinking: /root/catkin_ws/install/example_interfaces/include/example_interfaces/msg/detail/int16__traits.hpp
-- Symlinking: /root/catkin_ws/install/example_interfaces/include/example_interfaces/msg/detail/int16_multi_array__builder.hpp
-- Symlinking: /root/catkin_ws/install/example_interfaces/include/example_interfaces/msg/detail/int16_multi_array__struct.hpp
-- Symlinking: /root/catkin_ws/install/example_interfaces/include/example_interfaces/msg/detail/int16_multi_array__traits.hpp
-- Symlinking: /root/catkin_ws/install/example_interfaces/include/example_interfaces/msg/detail/int32__builder.hpp
-- Symlinking: /root/catkin_ws/install/example_interfaces/include/example_interfaces/msg/detail/int32__struct.hpp
-- Symlinking: /root/catkin_ws/install/example_interfaces/include/example_interfaces/msg/detail/int32__traits.hpp
-- Symlinking: /root/catkin_ws/install/example_interfaces/include/example_interfaces/msg/detail/int32_multi_array__builder.hpp
-- Symlinking: /root/catkin_ws/install/example_interfaces/include/example_interfaces/msg/detail/int32_multi_array__struct.hpp
-- Symlinking: /root/catkin_ws/install/example_interfaces/include/example_interfaces/msg/detail/int32_multi_array__traits.hpp
-- Symlinking: /root/catkin_ws/install/example_interfaces/include/example_interfaces/msg/detail/int64__builder.hpp
-- Symlinking: /root/catkin_ws/install/example_interfaces/include/example_interfaces/msg/detail/int64__struct.hpp
-- Symlinking: /root/catkin_ws/install/example_interfaces/include/example_interfaces/msg/detail/int64__traits.hpp
-- Symlinking: /root/catkin_ws/install/example_interfaces/include/example_interfaces/msg/detail/int64_multi_array__builder.hpp
-- Symlinking: /root/catkin_ws/install/example_interfaces/include/example_interfaces/msg/detail/int64_multi_array__struct.hpp
-- Symlinking: /root/catkin_ws/install/example_interfaces/include/example_interfaces/msg/detail/int64_multi_array__traits.hpp
-- Symlinking: /root/catkin_ws/install/example_interfaces/include/example_interfaces/msg/detail/int8__builder.hpp
-- Symlinking: /root/catkin_ws/install/example_interfaces/include/example_interfaces/msg/detail/int8__struct.hpp
-- Symlinking: /root/catkin_ws/install/example_interfaces/include/example_interfaces/msg/detail/int8__traits.hpp
-- Symlinking: /root/catkin_ws/install/example_interfaces/include/example_interfaces/msg/detail/int8_multi_array__builder.hpp
-- Symlinking: /root/catkin_ws/install/example_interfaces/include/example_interfaces/msg/detail/int8_multi_array__struct.hpp
-- Symlinking: /root/catkin_ws/install/example_interfaces/include/example_interfaces/msg/detail/int8_multi_array__traits.hpp
-- Symlinking: /root/catkin_ws/install/example_interfaces/include/example_interfaces/msg/detail/multi_array_dimension__builder.hpp
-- Symlinking: /root/catkin_ws/install/example_interfaces/include/example_interfaces/msg/detail/multi_array_dimension__struct.hpp
-- Symlinking: /root/catkin_ws/install/example_interfaces/include/example_interfaces/msg/detail/multi_array_dimension__traits.hpp
-- Symlinking: /root/catkin_ws/install/example_interfaces/include/example_interfaces/msg/detail/multi_array_layout__builder.hpp
-- Symlinking: /root/catkin_ws/install/example_interfaces/include/example_interfaces/msg/detail/multi_array_layout__struct.hpp
-- Symlinking: /root/catkin_ws/install/example_interfaces/include/example_interfaces/msg/detail/multi_array_layout__traits.hpp
-- Symlinking: /root/catkin_ws/install/example_interfaces/include/example_interfaces/msg/detail/string__builder.hpp
-- Symlinking: /root/catkin_ws/install/example_interfaces/include/example_interfaces/msg/detail/string__struct.hpp
-- Symlinking: /root/catkin_ws/install/example_interfaces/include/example_interfaces/msg/detail/string__traits.hpp
-- Symlinking: /root/catkin_ws/install/example_interfaces/include/example_interfaces/msg/detail/u_int16__builder.hpp
-- Symlinking: /root/catkin_ws/install/example_interfaces/include/example_interfaces/msg/detail/u_int16__struct.hpp
-- Symlinking: /root/catkin_ws/install/example_interfaces/include/example_interfaces/msg/detail/u_int16__traits.hpp
-- Symlinking: /root/catkin_ws/install/example_interfaces/include/example_interfaces/msg/detail/u_int16_multi_array__builder.hpp
-- Symlinking: /root/catkin_ws/install/example_interfaces/include/example_interfaces/msg/detail/u_int16_multi_array__struct.hpp
-- Symlinking: /root/catkin_ws/install/example_interfaces/include/example_interfaces/msg/detail/u_int16_multi_array__traits.hpp
-- Symlinking: /root/catkin_ws/install/example_interfaces/include/example_interfaces/msg/detail/u_int32__builder.hpp
-- Symlinking: /root/catkin_ws/install/example_interfaces/include/example_interfaces/msg/detail/u_int32__struct.hpp
-- Symlinking: /root/catkin_ws/install/example_interfaces/include/example_interfaces/msg/detail/u_int32__traits.hpp
-- Symlinking: /root/catkin_ws/install/example_interfaces/include/example_interfaces/msg/detail/u_int32_multi_array__builder.hpp
-- Symlinking: /root/catkin_ws/install/example_interfaces/include/example_interfaces/msg/detail/u_int32_multi_array__struct.hpp
-- Symlinking: /root/catkin_ws/install/example_interfaces/include/example_interfaces/msg/detail/u_int32_multi_array__traits.hpp
-- Symlinking: /root/catkin_ws/install/example_interfaces/include/example_interfaces/msg/detail/u_int64__builder.hpp
-- Symlinking: /root/catkin_ws/install/example_interfaces/include/example_interfaces/msg/detail/u_int64__struct.hpp
-- Symlinking: /root/catkin_ws/install/example_interfaces/include/example_interfaces/msg/detail/u_int64__traits.hpp
-- Symlinking: /root/catkin_ws/install/example_interfaces/include/example_interfaces/msg/detail/u_int64_multi_array__builder.hpp
-- Symlinking: /root/catkin_ws/install/example_interfaces/include/example_interfaces/msg/detail/u_int64_multi_array__struct.hpp
-- Symlinking: /root/catkin_ws/install/example_interfaces/include/example_interfaces/msg/detail/u_int64_multi_array__traits.hpp
-- Symlinking: /root/catkin_ws/install/example_interfaces/include/example_interfaces/msg/detail/u_int8__builder.hpp
-- Symlinking: /root/catkin_ws/install/example_interfaces/include/example_interfaces/msg/detail/u_int8__struct.hpp
-- Symlinking: /root/catkin_ws/install/example_interfaces/include/example_interfaces/msg/detail/u_int8__traits.hpp
-- Symlinking: /root/catkin_ws/install/example_interfaces/include/example_interfaces/msg/detail/u_int8_multi_array__builder.hpp
-- Symlinking: /root/catkin_ws/install/example_interfaces/include/example_interfaces/msg/detail/u_int8_multi_array__struct.hpp
-- Symlinking: /root/catkin_ws/install/example_interfaces/include/example_interfaces/msg/detail/u_int8_multi_array__traits.hpp
-- Symlinking: /root/catkin_ws/install/example_interfaces/include/example_interfaces/msg/detail/w_string__builder.hpp
-- Symlinking: /root/catkin_ws/install/example_interfaces/include/example_interfaces/msg/detail/w_string__struct.hpp
-- Symlinking: /root/catkin_ws/install/example_interfaces/include/example_interfaces/msg/detail/w_string__traits.hpp
-- Symlinking: /root/catkin_ws/install/example_interfaces/include/example_interfaces/msg/empty.hpp
-- Symlinking: /root/catkin_ws/install/example_interfaces/include/example_interfaces/msg/float32.hpp
-- Symlinking: /root/catkin_ws/install/example_interfaces/include/example_interfaces/msg/float32_multi_array.hpp
-- Symlinking: /root/catkin_ws/install/example_interfaces/include/example_interfaces/msg/float64.hpp
-- Symlinking: /root/catkin_ws/install/example_interfaces/include/example_interfaces/msg/float64_multi_array.hpp
-- Symlinking: /root/catkin_ws/install/example_interfaces/include/example_interfaces/msg/int16.hpp
-- Symlinking: /root/catkin_ws/install/example_interfaces/include/example_interfaces/msg/int16_multi_array.hpp
-- Symlinking: /root/catkin_ws/install/example_interfaces/include/example_interfaces/msg/int32.hpp
-- Symlinking: /root/catkin_ws/install/example_interfaces/include/example_interfaces/msg/int32_multi_array.hpp
-- Symlinking: /root/catkin_ws/install/example_interfaces/include/example_interfaces/msg/int64.hpp
-- Symlinking: /root/catkin_ws/install/example_interfaces/include/example_interfaces/msg/int64_multi_array.hpp
-- Symlinking: /root/catkin_ws/install/example_interfaces/include/example_interfaces/msg/int8.hpp
-- Symlinking: /root/catkin_ws/install/example_interfaces/include/example_interfaces/msg/int8_multi_array.hpp
-- Symlinking: /root/catkin_ws/install/example_interfaces/include/example_interfaces/msg/multi_array_dimension.hpp
-- Symlinking: /root/catkin_ws/install/example_interfaces/include/example_interfaces/msg/multi_array_layout.hpp
-- Symlinking: /root/catkin_ws/install/example_interfaces/include/example_interfaces/msg/string.hpp
-- Symlinking: /root/catkin_ws/install/example_interfaces/include/example_interfaces/msg/u_int16.hpp
-- Symlinking: /root/catkin_ws/install/example_interfaces/include/example_interfaces/msg/u_int16_multi_array.hpp
-- Symlinking: /root/catkin_ws/install/example_interfaces/include/example_interfaces/msg/u_int32.hpp
-- Symlinking: /root/catkin_ws/install/example_interfaces/include/example_interfaces/msg/u_int32_multi_array.hpp
-- Symlinking: /root/catkin_ws/install/example_interfaces/include/example_interfaces/msg/u_int64.hpp
-- Symlinking: /root/catkin_ws/install/example_interfaces/include/example_interfaces/msg/u_int64_multi_array.hpp
-- Symlinking: /root/catkin_ws/install/example_interfaces/include/example_interfaces/msg/u_int8.hpp
-- Symlinking: /root/catkin_ws/install/example_interfaces/include/example_interfaces/msg/u_int8_multi_array.hpp
-- Symlinking: /root/catkin_ws/install/example_interfaces/include/example_interfaces/msg/w_string.hpp
-- Symlinking: /root/catkin_ws/install/example_interfaces/include/example_interfaces/srv/add_two_ints.hpp
-- Symlinking: /root/catkin_ws/install/example_interfaces/include/example_interfaces/srv/detail/add_two_ints__builder.hpp
-- Symlinking: /root/catkin_ws/install/example_interfaces/include/example_interfaces/srv/detail/add_two_ints__struct.hpp
-- Symlinking: /root/catkin_ws/install/example_interfaces/include/example_interfaces/srv/detail/add_two_ints__traits.hpp
-- Symlinking: /root/catkin_ws/install/example_interfaces/include/example_interfaces/srv/detail/set_bool__builder.hpp
-- Symlinking: /root/catkin_ws/install/example_interfaces/include/example_interfaces/srv/detail/set_bool__struct.hpp
-- Symlinking: /root/catkin_ws/install/example_interfaces/include/example_interfaces/srv/detail/set_bool__traits.hpp
-- Symlinking: /root/catkin_ws/install/example_interfaces/include/example_interfaces/srv/detail/trigger__builder.hpp
-- Symlinking: /root/catkin_ws/install/example_interfaces/include/example_interfaces/srv/detail/trigger__struct.hpp
-- Symlinking: /root/catkin_ws/install/example_interfaces/include/example_interfaces/srv/detail/trigger__traits.hpp
-- Symlinking: /root/catkin_ws/install/example_interfaces/include/example_interfaces/srv/set_bool.hpp
-- Symlinking: /root/catkin_ws/install/example_interfaces/include/example_interfaces/srv/trigger.hpp
-- Symlinking: /root/catkin_ws/install/example_interfaces/include/example_interfaces/action/detail/fibonacci__rosidl_typesupport_microxrcedds_cpp.hpp
-- Symlinking: /root/catkin_ws/install/example_interfaces/include/example_interfaces/action/detail/microxrcedds/fibonacci__type_support_cpp.cpp
-- Symlinking: /root/catkin_ws/install/example_interfaces/include/example_interfaces/msg/detail/bool__rosidl_typesupport_microxrcedds_cpp.hpp
-- Symlinking: /root/catkin_ws/install/example_interfaces/include/example_interfaces/msg/detail/byte__rosidl_typesupport_microxrcedds_cpp.hpp
-- Symlinking: /root/catkin_ws/install/example_interfaces/include/example_interfaces/msg/detail/byte_multi_array__rosidl_typesupport_microxrcedds_cpp.hpp
-- Symlinking: /root/catkin_ws/install/example_interfaces/include/example_interfaces/msg/detail/char__rosidl_typesupport_microxrcedds_cpp.hpp
-- Symlinking: /root/catkin_ws/install/example_interfaces/include/example_interfaces/msg/detail/empty__rosidl_typesupport_microxrcedds_cpp.hpp
-- Symlinking: /root/catkin_ws/install/example_interfaces/include/example_interfaces/msg/detail/float32__rosidl_typesupport_microxrcedds_cpp.hpp
-- Symlinking: /root/catkin_ws/install/example_interfaces/include/example_interfaces/msg/detail/float32_multi_array__rosidl_typesupport_microxrcedds_cpp.hpp
-- Symlinking: /root/catkin_ws/install/example_interfaces/include/example_interfaces/msg/detail/float64__rosidl_typesupport_microxrcedds_cpp.hpp
-- Symlinking: /root/catkin_ws/install/example_interfaces/include/example_interfaces/msg/detail/float64_multi_array__rosidl_typesupport_microxrcedds_cpp.hpp
-- Symlinking: /root/catkin_ws/install/example_interfaces/include/example_interfaces/msg/detail/int16__rosidl_typesupport_microxrcedds_cpp.hpp
-- Symlinking: /root/catkin_ws/install/example_interfaces/include/example_interfaces/msg/detail/int16_multi_array__rosidl_typesupport_microxrcedds_cpp.hpp
-- Symlinking: /root/catkin_ws/install/example_interfaces/include/example_interfaces/msg/detail/int32__rosidl_typesupport_microxrcedds_cpp.hpp
-- Symlinking: /root/catkin_ws/install/example_interfaces/include/example_interfaces/msg/detail/int32_multi_array__rosidl_typesupport_microxrcedds_cpp.hpp
-- Symlinking: /root/catkin_ws/install/example_interfaces/include/example_interfaces/msg/detail/int64__rosidl_typesupport_microxrcedds_cpp.hpp
-- Symlinking: /root/catkin_ws/install/example_interfaces/include/example_interfaces/msg/detail/int64_multi_array__rosidl_typesupport_microxrcedds_cpp.hpp
-- Symlinking: /root/catkin_ws/install/example_interfaces/include/example_interfaces/msg/detail/int8__rosidl_typesupport_microxrcedds_cpp.hpp
-- Symlinking: /root/catkin_ws/install/example_interfaces/include/example_interfaces/msg/detail/int8_multi_array__rosidl_typesupport_microxrcedds_cpp.hpp
-- Symlinking: /root/catkin_ws/install/example_interfaces/include/example_interfaces/msg/detail/microxrcedds/bool__type_support_cpp.cpp
-- Symlinking: /root/catkin_ws/install/example_interfaces/include/example_interfaces/msg/detail/microxrcedds/byte__type_support_cpp.cpp
-- Symlinking: /root/catkin_ws/install/example_interfaces/include/example_interfaces/msg/detail/microxrcedds/byte_multi_array__type_support_cpp.cpp
-- Symlinking: /root/catkin_ws/install/example_interfaces/include/example_interfaces/msg/detail/microxrcedds/char__type_support_cpp.cpp
-- Symlinking: /root/catkin_ws/install/example_interfaces/include/example_interfaces/msg/detail/microxrcedds/empty__type_support_cpp.cpp
-- Symlinking: /root/catkin_ws/install/example_interfaces/include/example_interfaces/msg/detail/microxrcedds/float32__type_support_cpp.cpp
-- Symlinking: /root/catkin_ws/install/example_interfaces/include/example_interfaces/msg/detail/microxrcedds/float32_multi_array__type_support_cpp.cpp
-- Symlinking: /root/catkin_ws/install/example_interfaces/include/example_interfaces/msg/detail/microxrcedds/float64__type_support_cpp.cpp
-- Symlinking: /root/catkin_ws/install/example_interfaces/include/example_interfaces/msg/detail/microxrcedds/float64_multi_array__type_support_cpp.cpp
-- Symlinking: /root/catkin_ws/install/example_interfaces/include/example_interfaces/msg/detail/microxrcedds/int16__type_support_cpp.cpp
-- Symlinking: /root/catkin_ws/install/example_interfaces/include/example_interfaces/msg/detail/microxrcedds/int16_multi_array__type_support_cpp.cpp
-- Symlinking: /root/catkin_ws/install/example_interfaces/include/example_interfaces/msg/detail/microxrcedds/int32__type_support_cpp.cpp
-- Symlinking: /root/catkin_ws/install/example_interfaces/include/example_interfaces/msg/detail/microxrcedds/int32_multi_array__type_support_cpp.cpp
-- Symlinking: /root/catkin_ws/install/example_interfaces/include/example_interfaces/msg/detail/microxrcedds/int64__type_support_cpp.cpp
-- Symlinking: /root/catkin_ws/install/example_interfaces/include/example_interfaces/msg/detail/microxrcedds/int64_multi_array__type_support_cpp.cpp
-- Symlinking: /root/catkin_ws/install/example_interfaces/include/example_interfaces/msg/detail/microxrcedds/int8__type_support_cpp.cpp
-- Symlinking: /root/catkin_ws/install/example_interfaces/include/example_interfaces/msg/detail/microxrcedds/int8_multi_array__type_support_cpp.cpp
-- Symlinking: /root/catkin_ws/install/example_interfaces/include/example_interfaces/msg/detail/microxrcedds/multi_array_dimension__type_support_cpp.cpp
-- Symlinking: /root/catkin_ws/install/example_interfaces/include/example_interfaces/msg/detail/microxrcedds/multi_array_layout__type_support_cpp.cpp
-- Symlinking: /root/catkin_ws/install/example_interfaces/include/example_interfaces/msg/detail/microxrcedds/string__type_support_cpp.cpp
-- Symlinking: /root/catkin_ws/install/example_interfaces/include/example_interfaces/msg/detail/microxrcedds/u_int16__type_support_cpp.cpp
-- Symlinking: /root/catkin_ws/install/example_interfaces/include/example_interfaces/msg/detail/microxrcedds/u_int16_multi_array__type_support_cpp.cpp
-- Symlinking: /root/catkin_ws/install/example_interfaces/include/example_interfaces/msg/detail/microxrcedds/u_int32__type_support_cpp.cpp
-- Symlinking: /root/catkin_ws/install/example_interfaces/include/example_interfaces/msg/detail/microxrcedds/u_int32_multi_array__type_support_cpp.cpp
-- Symlinking: /root/catkin_ws/install/example_interfaces/include/example_interfaces/msg/detail/microxrcedds/u_int64__type_support_cpp.cpp
-- Symlinking: /root/catkin_ws/install/example_interfaces/include/example_interfaces/msg/detail/microxrcedds/u_int64_multi_array__type_support_cpp.cpp
-- Symlinking: /root/catkin_ws/install/example_interfaces/include/example_interfaces/msg/detail/microxrcedds/u_int8__type_support_cpp.cpp
-- Symlinking: /root/catkin_ws/install/example_interfaces/include/example_interfaces/msg/detail/microxrcedds/u_int8_multi_array__type_support_cpp.cpp
-- Symlinking: /root/catkin_ws/install/example_interfaces/include/example_interfaces/msg/detail/microxrcedds/w_string__type_support_cpp.cpp
-- Symlinking: /root/catkin_ws/install/example_interfaces/include/example_interfaces/msg/detail/multi_array_dimension__rosidl_typesupport_microxrcedds_cpp.hpp
-- Symlinking: /root/catkin_ws/install/example_interfaces/include/example_interfaces/msg/detail/multi_array_layout__rosidl_typesupport_microxrcedds_cpp.hpp
-- Symlinking: /root/catkin_ws/install/example_interfaces/include/example_interfaces/msg/detail/string__rosidl_typesupport_microxrcedds_cpp.hpp
-- Symlinking: /root/catkin_ws/install/example_interfaces/include/example_interfaces/msg/detail/u_int16__rosidl_typesupport_microxrcedds_cpp.hpp
-- Symlinking: /root/catkin_ws/install/example_interfaces/include/example_interfaces/msg/detail/u_int16_multi_array__rosidl_typesupport_microxrcedds_cpp.hpp
-- Symlinking: /root/catkin_ws/install/example_interfaces/include/example_interfaces/msg/detail/u_int32__rosidl_typesupport_microxrcedds_cpp.hpp
-- Symlinking: /root/catkin_ws/install/example_interfaces/include/example_interfaces/msg/detail/u_int32_multi_array__rosidl_typesupport_microxrcedds_cpp.hpp
-- Symlinking: /root/catkin_ws/install/example_interfaces/include/example_interfaces/msg/detail/u_int64__rosidl_typesupport_microxrcedds_cpp.hpp
-- Symlinking: /root/catkin_ws/install/example_interfaces/include/example_interfaces/msg/detail/u_int64_multi_array__rosidl_typesupport_microxrcedds_cpp.hpp
-- Symlinking: /root/catkin_ws/install/example_interfaces/include/example_interfaces/msg/detail/u_int8__rosidl_typesupport_microxrcedds_cpp.hpp
-- Symlinking: /root/catkin_ws/install/example_interfaces/include/example_interfaces/msg/detail/u_int8_multi_array__rosidl_typesupport_microxrcedds_cpp.hpp
-- Symlinking: /root/catkin_ws/install/example_interfaces/include/example_interfaces/msg/detail/w_string__rosidl_typesupport_microxrcedds_cpp.hpp
-- Symlinking: /root/catkin_ws/install/example_interfaces/include/example_interfaces/msg/rosidl_typesupport_microxrcedds_cpp__visibility_control.h
-- Symlinking: /root/catkin_ws/install/example_interfaces/include/example_interfaces/srv/detail/add_two_ints__rosidl_typesupport_microxrcedds_cpp.hpp
-- Symlinking: /root/catkin_ws/install/example_interfaces/include/example_interfaces/srv/detail/microxrcedds/add_two_ints__type_support_cpp.cpp
-- Symlinking: /root/catkin_ws/install/example_interfaces/include/example_interfaces/srv/detail/microxrcedds/set_bool__type_support_cpp.cpp
-- Symlinking: /root/catkin_ws/install/example_interfaces/include/example_interfaces/srv/detail/microxrcedds/trigger__type_support_cpp.cpp
-- Symlinking: /root/catkin_ws/install/example_interfaces/include/example_interfaces/srv/detail/set_bool__rosidl_typesupport_microxrcedds_cpp.hpp
-- Symlinking: /root/catkin_ws/install/example_interfaces/include/example_interfaces/srv/detail/trigger__rosidl_typesupport_microxrcedds_cpp.hpp
-- Symlinking: /root/catkin_ws/install/example_interfaces/lib/libexample_interfaces__rosidl_typesupport_microxrcedds_cpp.so
-- Symlinking: /root/catkin_ws/install/example_interfaces/include/example_interfaces/action/detail/fibonacci__rosidl_typesupport_introspection_cpp.hpp
-- Symlinking: /root/catkin_ws/install/example_interfaces/include/example_interfaces/msg/detail/bool__rosidl_typesupport_introspection_cpp.hpp
-- Symlinking: /root/catkin_ws/install/example_interfaces/include/example_interfaces/msg/detail/byte__rosidl_typesupport_introspection_cpp.hpp
-- Symlinking: /root/catkin_ws/install/example_interfaces/include/example_interfaces/msg/detail/byte_multi_array__rosidl_typesupport_introspection_cpp.hpp
-- Symlinking: /root/catkin_ws/install/example_interfaces/include/example_interfaces/msg/detail/char__rosidl_typesupport_introspection_cpp.hpp
-- Symlinking: /root/catkin_ws/install/example_interfaces/include/example_interfaces/msg/detail/empty__rosidl_typesupport_introspection_cpp.hpp
-- Symlinking: /root/catkin_ws/install/example_interfaces/include/example_interfaces/msg/detail/float32__rosidl_typesupport_introspection_cpp.hpp
-- Symlinking: /root/catkin_ws/install/example_interfaces/include/example_interfaces/msg/detail/float32_multi_array__rosidl_typesupport_introspection_cpp.hpp
-- Symlinking: /root/catkin_ws/install/example_interfaces/include/example_interfaces/msg/detail/float64__rosidl_typesupport_introspection_cpp.hpp
-- Symlinking: /root/catkin_ws/install/example_interfaces/include/example_interfaces/msg/detail/float64_multi_array__rosidl_typesupport_introspection_cpp.hpp
-- Symlinking: /root/catkin_ws/install/example_interfaces/include/example_interfaces/msg/detail/int16__rosidl_typesupport_introspection_cpp.hpp
-- Symlinking: /root/catkin_ws/install/example_interfaces/include/example_interfaces/msg/detail/int16_multi_array__rosidl_typesupport_introspection_cpp.hpp
-- Symlinking: /root/catkin_ws/install/example_interfaces/include/example_interfaces/msg/detail/int32__rosidl_typesupport_introspection_cpp.hpp
-- Symlinking: /root/catkin_ws/install/example_interfaces/include/example_interfaces/msg/detail/int32_multi_array__rosidl_typesupport_introspection_cpp.hpp
-- Symlinking: /root/catkin_ws/install/example_interfaces/include/example_interfaces/msg/detail/int64__rosidl_typesupport_introspection_cpp.hpp
-- Symlinking: /root/catkin_ws/install/example_interfaces/include/example_interfaces/msg/detail/int64_multi_array__rosidl_typesupport_introspection_cpp.hpp
-- Symlinking: /root/catkin_ws/install/example_interfaces/include/example_interfaces/msg/detail/int8__rosidl_typesupport_introspection_cpp.hpp
-- Symlinking: /root/catkin_ws/install/example_interfaces/include/example_interfaces/msg/detail/int8_multi_array__rosidl_typesupport_introspection_cpp.hpp
-- Symlinking: /root/catkin_ws/install/example_interfaces/include/example_interfaces/msg/detail/multi_array_dimension__rosidl_typesupport_introspection_cpp.hpp
-- Symlinking: /root/catkin_ws/install/example_interfaces/include/example_interfaces/msg/detail/multi_array_layout__rosidl_typesupport_introspection_cpp.hpp
-- Symlinking: /root/catkin_ws/install/example_interfaces/include/example_interfaces/msg/detail/string__rosidl_typesupport_introspection_cpp.hpp
-- Symlinking: /root/catkin_ws/install/example_interfaces/include/example_interfaces/msg/detail/u_int16__rosidl_typesupport_introspection_cpp.hpp
-- Symlinking: /root/catkin_ws/install/example_interfaces/include/example_interfaces/msg/detail/u_int16_multi_array__rosidl_typesupport_introspection_cpp.hpp
-- Symlinking: /root/catkin_ws/install/example_interfaces/include/example_interfaces/msg/detail/u_int32__rosidl_typesupport_introspection_cpp.hpp
-- Symlinking: /root/catkin_ws/install/example_interfaces/include/example_interfaces/msg/detail/u_int32_multi_array__rosidl_typesupport_introspection_cpp.hpp
-- Symlinking: /root/catkin_ws/install/example_interfaces/include/example_interfaces/msg/detail/u_int64__rosidl_typesupport_introspection_cpp.hpp
-- Symlinking: /root/catkin_ws/install/example_interfaces/include/example_interfaces/msg/detail/u_int64_multi_array__rosidl_typesupport_introspection_cpp.hpp
-- Symlinking: /root/catkin_ws/install/example_interfaces/include/example_interfaces/msg/detail/u_int8__rosidl_typesupport_introspection_cpp.hpp
-- Symlinking: /root/catkin_ws/install/example_interfaces/include/example_interfaces/msg/detail/u_int8_multi_array__rosidl_typesupport_introspection_cpp.hpp
-- Symlinking: /root/catkin_ws/install/example_interfaces/include/example_interfaces/msg/detail/w_string__rosidl_typesupport_introspection_cpp.hpp
-- Symlinking: /root/catkin_ws/install/example_interfaces/include/example_interfaces/srv/detail/add_two_ints__rosidl_typesupport_introspection_cpp.hpp
-- Symlinking: /root/catkin_ws/install/example_interfaces/include/example_interfaces/srv/detail/set_bool__rosidl_typesupport_introspection_cpp.hpp
-- Symlinking: /root/catkin_ws/install/example_interfaces/include/example_interfaces/srv/detail/trigger__rosidl_typesupport_introspection_cpp.hpp
-- Symlinking: /root/catkin_ws/install/example_interfaces/share/example_interfaces/environment/pythonpath.sh
-- Symlinking: /root/catkin_ws/install/example_interfaces/share/example_interfaces/environment/pythonpath.dsv
-- Symlinking: /root/catkin_ws/install/example_interfaces/lib/python3.8/site-packages/example_interfaces/__init__.py
-- Symlinking: /root/catkin_ws/install/example_interfaces/lib/python3.8/site-packages/example_interfaces/action/__init__.py
-- Symlinking: /root/catkin_ws/install/example_interfaces/lib/python3.8/site-packages/example_interfaces/action/_fibonacci.py
-- Symlinking: /root/catkin_ws/install/example_interfaces/lib/python3.8/site-packages/example_interfaces/msg/__init__.py
-- Symlinking: /root/catkin_ws/install/example_interfaces/lib/python3.8/site-packages/example_interfaces/msg/_bool.py
-- Symlinking: /root/catkin_ws/install/example_interfaces/lib/python3.8/site-packages/example_interfaces/msg/_byte.py
-- Symlinking: /root/catkin_ws/install/example_interfaces/lib/python3.8/site-packages/example_interfaces/msg/_byte_multi_array.py
-- Symlinking: /root/catkin_ws/install/example_interfaces/lib/python3.8/site-packages/example_interfaces/msg/_char.py
-- Symlinking: /root/catkin_ws/install/example_interfaces/lib/python3.8/site-packages/example_interfaces/msg/_empty.py
-- Symlinking: /root/catkin_ws/install/example_interfaces/lib/python3.8/site-packages/example_interfaces/msg/_float32.py
-- Symlinking: /root/catkin_ws/install/example_interfaces/lib/python3.8/site-packages/example_interfaces/msg/_float32_multi_array.py
-- Symlinking: /root/catkin_ws/install/example_interfaces/lib/python3.8/site-packages/example_interfaces/msg/_float64.py
-- Symlinking: /root/catkin_ws/install/example_interfaces/lib/python3.8/site-packages/example_interfaces/msg/_float64_multi_array.py
-- Symlinking: /root/catkin_ws/install/example_interfaces/lib/python3.8/site-packages/example_interfaces/msg/_int16.py
-- Symlinking: /root/catkin_ws/install/example_interfaces/lib/python3.8/site-packages/example_interfaces/msg/_int16_multi_array.py
-- Symlinking: /root/catkin_ws/install/example_interfaces/lib/python3.8/site-packages/example_interfaces/msg/_int32.py
-- Symlinking: /root/catkin_ws/install/example_interfaces/lib/python3.8/site-packages/example_interfaces/msg/_int32_multi_array.py
-- Symlinking: /root/catkin_ws/install/example_interfaces/lib/python3.8/site-packages/example_interfaces/msg/_int64.py
-- Symlinking: /root/catkin_ws/install/example_interfaces/lib/python3.8/site-packages/example_interfaces/msg/_int64_multi_array.py
-- Symlinking: /root/catkin_ws/install/example_interfaces/lib/python3.8/site-packages/example_interfaces/msg/_int8.py
-- Symlinking: /root/catkin_ws/install/example_interfaces/lib/python3.8/site-packages/example_interfaces/msg/_int8_multi_array.py
-- Symlinking: /root/catkin_ws/install/example_interfaces/lib/python3.8/site-packages/example_interfaces/msg/_multi_array_dimension.py
-- Symlinking: /root/catkin_ws/install/example_interfaces/lib/python3.8/site-packages/example_interfaces/msg/_multi_array_layout.py
-- Symlinking: /root/catkin_ws/install/example_interfaces/lib/python3.8/site-packages/example_interfaces/msg/_string.py
-- Symlinking: /root/catkin_ws/install/example_interfaces/lib/python3.8/site-packages/example_interfaces/msg/_u_int16.py
-- Symlinking: /root/catkin_ws/install/example_interfaces/lib/python3.8/site-packages/example_interfaces/msg/_u_int16_multi_array.py
-- Symlinking: /root/catkin_ws/install/example_interfaces/lib/python3.8/site-packages/example_interfaces/msg/_u_int32.py
-- Symlinking: /root/catkin_ws/install/example_interfaces/lib/python3.8/site-packages/example_interfaces/msg/_u_int32_multi_array.py
-- Symlinking: /root/catkin_ws/install/example_interfaces/lib/python3.8/site-packages/example_interfaces/msg/_u_int64.py
-- Symlinking: /root/catkin_ws/install/example_interfaces/lib/python3.8/site-packages/example_interfaces/msg/_u_int64_multi_array.py
-- Symlinking: /root/catkin_ws/install/example_interfaces/lib/python3.8/site-packages/example_interfaces/msg/_u_int8.py
-- Symlinking: /root/catkin_ws/install/example_interfaces/lib/python3.8/site-packages/example_interfaces/msg/_u_int8_multi_array.py
-- Symlinking: /root/catkin_ws/install/example_interfaces/lib/python3.8/site-packages/example_interfaces/msg/_w_string.py
-- Symlinking: /root/catkin_ws/install/example_interfaces/lib/python3.8/site-packages/example_interfaces/srv/__init__.py
-- Symlinking: /root/catkin_ws/install/example_interfaces/lib/python3.8/site-packages/example_interfaces/srv/_add_two_ints.py
-- Symlinking: /root/catkin_ws/install/example_interfaces/lib/python3.8/site-packages/example_interfaces/srv/_set_bool.py
-- Symlinking: /root/catkin_ws/install/example_interfaces/lib/python3.8/site-packages/example_interfaces/srv/_trigger.py
-- Symlinking: /root/catkin_ws/install/example_interfaces/lib/python3.8/site-packages/example_interfaces/example_interfaces_s__rosidl_typesupport_microxrcedds_c.cpython-38-x86_64-linux-gnu.so
-- Symlinking: /root/catkin_ws/install/example_interfaces/lib/python3.8/site-packages/example_interfaces/example_interfaces_s__rosidl_typesupport_fastrtps_c.cpython-38-x86_64-linux-gnu.so
-- Symlinking: /root/catkin_ws/install/example_interfaces/lib/python3.8/site-packages/example_interfaces/example_interfaces_s__rosidl_typesupport_introspection_c.cpython-38-x86_64-linux-gnu.so
-- Symlinking: /root/catkin_ws/install/example_interfaces/lib/python3.8/site-packages/example_interfaces/example_interfaces_s__rosidl_typesupport_c.cpython-38-x86_64-linux-gnu.so
-- Symlinking: /root/catkin_ws/install/example_interfaces/lib/libexample_interfaces__python.so
-- Symlinking: /root/catkin_ws/install/example_interfaces/share/example_interfaces/action/Fibonacci.idl
-- Symlinking: /root/catkin_ws/install/example_interfaces/share/example_interfaces/msg/Bool.idl
-- Symlinking: /root/catkin_ws/install/example_interfaces/share/example_interfaces/msg/Byte.idl
-- Symlinking: /root/catkin_ws/install/example_interfaces/share/example_interfaces/msg/ByteMultiArray.idl
-- Symlinking: /root/catkin_ws/install/example_interfaces/share/example_interfaces/msg/Char.idl
-- Symlinking: /root/catkin_ws/install/example_interfaces/share/example_interfaces/msg/Empty.idl
-- Symlinking: /root/catkin_ws/install/example_interfaces/share/example_interfaces/msg/Float32.idl
-- Symlinking: /root/catkin_ws/install/example_interfaces/share/example_interfaces/msg/Float32MultiArray.idl
-- Symlinking: /root/catkin_ws/install/example_interfaces/share/example_interfaces/msg/Float64.idl
-- Symlinking: /root/catkin_ws/install/example_interfaces/share/example_interfaces/msg/Float64MultiArray.idl
-- Symlinking: /root/catkin_ws/install/example_interfaces/share/example_interfaces/msg/Int16.idl
-- Symlinking: /root/catkin_ws/install/example_interfaces/share/example_interfaces/msg/Int16MultiArray.idl
-- Symlinking: /root/catkin_ws/install/example_interfaces/share/example_interfaces/msg/Int32.idl
-- Symlinking: /root/catkin_ws/install/example_interfaces/share/example_interfaces/msg/Int32MultiArray.idl
-- Symlinking: /root/catkin_ws/install/example_interfaces/share/example_interfaces/msg/Int64.idl
-- Symlinking: /root/catkin_ws/install/example_interfaces/share/example_interfaces/msg/Int64MultiArray.idl
-- Symlinking: /root/catkin_ws/install/example_interfaces/share/example_interfaces/msg/Int8.idl
-- Symlinking: /root/catkin_ws/install/example_interfaces/share/example_interfaces/msg/Int8MultiArray.idl
-- Symlinking: /root/catkin_ws/install/example_interfaces/share/example_interfaces/msg/MultiArrayDimension.idl
-- Symlinking: /root/catkin_ws/install/example_interfaces/share/example_interfaces/msg/MultiArrayLayout.idl
-- Symlinking: /root/catkin_ws/install/example_interfaces/share/example_interfaces/msg/String.idl
-- Symlinking: /root/catkin_ws/install/example_interfaces/share/example_interfaces/msg/UInt16.idl
-- Symlinking: /root/catkin_ws/install/example_interfaces/share/example_interfaces/msg/UInt16MultiArray.idl
-- Symlinking: /root/catkin_ws/install/example_interfaces/share/example_interfaces/msg/UInt32.idl
-- Symlinking: /root/catkin_ws/install/example_interfaces/share/example_interfaces/msg/UInt32MultiArray.idl
-- Symlinking: /root/catkin_ws/install/example_interfaces/share/example_interfaces/msg/UInt64.idl
-- Symlinking: /root/catkin_ws/install/example_interfaces/share/example_interfaces/msg/UInt64MultiArray.idl
-- Symlinking: /root/catkin_ws/install/example_interfaces/share/example_interfaces/msg/UInt8.idl
-- Symlinking: /root/catkin_ws/install/example_interfaces/share/example_interfaces/msg/UInt8MultiArray.idl
-- Symlinking: /root/catkin_ws/install/example_interfaces/share/example_interfaces/msg/WString.idl
-- Symlinking: /root/catkin_ws/install/example_interfaces/share/example_interfaces/srv/AddTwoInts.idl
-- Symlinking: /root/catkin_ws/install/example_interfaces/share/example_interfaces/srv/SetBool.idl
-- Symlinking: /root/catkin_ws/install/example_interfaces/share/example_interfaces/srv/Trigger.idl
-- Symlinking: /root/catkin_ws/install/example_interfaces/share/example_interfaces/action/Fibonacci.action
-- Symlinking: /root/catkin_ws/install/example_interfaces/share/example_interfaces/msg/Bool.msg
-- Symlinking: /root/catkin_ws/install/example_interfaces/share/example_interfaces/msg/Byte.msg
-- Symlinking: /root/catkin_ws/install/example_interfaces/share/example_interfaces/msg/ByteMultiArray.msg
-- Symlinking: /root/catkin_ws/install/example_interfaces/share/example_interfaces/msg/Char.msg
-- Symlinking: /root/catkin_ws/install/example_interfaces/share/example_interfaces/msg/Empty.msg
-- Symlinking: /root/catkin_ws/install/example_interfaces/share/example_interfaces/msg/Float32.msg
-- Symlinking: /root/catkin_ws/install/example_interfaces/share/example_interfaces/msg/Float32MultiArray.msg
-- Symlinking: /root/catkin_ws/install/example_interfaces/share/example_interfaces/msg/Float64.msg
-- Symlinking: /root/catkin_ws/install/example_interfaces/share/example_interfaces/msg/Float64MultiArray.msg
-- Symlinking: /root/catkin_ws/install/example_interfaces/share/example_interfaces/msg/Int16.msg
-- Symlinking: /root/catkin_ws/install/example_interfaces/share/example_interfaces/msg/Int16MultiArray.msg
-- Symlinking: /root/catkin_ws/install/example_interfaces/share/example_interfaces/msg/Int32.msg
-- Symlinking: /root/catkin_ws/install/example_interfaces/share/example_interfaces/msg/Int32MultiArray.msg
-- Symlinking: /root/catkin_ws/install/example_interfaces/share/example_interfaces/msg/Int64.msg
-- Symlinking: /root/catkin_ws/install/example_interfaces/share/example_interfaces/msg/Int64MultiArray.msg
-- Symlinking: /root/catkin_ws/install/example_interfaces/share/example_interfaces/msg/Int8.msg
-- Symlinking: /root/catkin_ws/install/example_interfaces/share/example_interfaces/msg/Int8MultiArray.msg
-- Symlinking: /root/catkin_ws/install/example_interfaces/share/example_interfaces/msg/MultiArrayDimension.msg
-- Symlinking: /root/catkin_ws/install/example_interfaces/share/example_interfaces/msg/MultiArrayLayout.msg
-- Symlinking: /root/catkin_ws/install/example_interfaces/share/example_interfaces/msg/String.msg
-- Symlinking: /root/catkin_ws/install/example_interfaces/share/example_interfaces/msg/UInt16.msg
-- Symlinking: /root/catkin_ws/install/example_interfaces/share/example_interfaces/msg/UInt16MultiArray.msg
-- Symlinking: /root/catkin_ws/install/example_interfaces/share/example_interfaces/msg/UInt32.msg
-- Symlinking: /root/catkin_ws/install/example_interfaces/share/example_interfaces/msg/UInt32MultiArray.msg
-- Symlinking: /root/catkin_ws/install/example_interfaces/share/example_interfaces/msg/UInt64.msg
-- Symlinking: /root/catkin_ws/install/example_interfaces/share/example_interfaces/msg/UInt64MultiArray.msg
-- Symlinking: /root/catkin_ws/install/example_interfaces/share/example_interfaces/msg/UInt8.msg
-- Symlinking: /root/catkin_ws/install/example_interfaces/share/example_interfaces/msg/UInt8MultiArray.msg
-- Symlinking: /root/catkin_ws/install/example_interfaces/share/example_interfaces/msg/WString.msg
-- Symlinking: /root/catkin_ws/install/example_interfaces/share/example_interfaces/srv/AddTwoInts.srv
-- Symlinking: /root/catkin_ws/install/example_interfaces/share/example_interfaces/srv/AddTwoInts_Request.msg
-- Symlinking: /root/catkin_ws/install/example_interfaces/share/example_interfaces/srv/AddTwoInts_Response.msg
-- Symlinking: /root/catkin_ws/install/example_interfaces/share/example_interfaces/srv/SetBool.srv
-- Symlinking: /root/catkin_ws/install/example_interfaces/share/example_interfaces/srv/SetBool_Request.msg
-- Symlinking: /root/catkin_ws/install/example_interfaces/share/example_interfaces/srv/SetBool_Response.msg
-- Symlinking: /root/catkin_ws/install/example_interfaces/share/example_interfaces/srv/Trigger.srv
-- Symlinking: /root/catkin_ws/install/example_interfaces/share/example_interfaces/srv/Trigger_Request.msg
-- Symlinking: /root/catkin_ws/install/example_interfaces/share/example_interfaces/srv/Trigger_Response.msg
-- Symlinking: /root/catkin_ws/install/example_interfaces/share/example_interfaces/mapping_rules.yaml
-- Symlinking: /root/catkin_ws/install/example_interfaces/share/ament_index/resource_index/package_run_dependencies/example_interfaces
-- Symlinking: /root/catkin_ws/install/example_interfaces/share/ament_index/resource_index/parent_prefix_path/example_interfaces
-- Symlinking: /root/catkin_ws/install/example_interfaces/share/example_interfaces/environment/ament_prefix_path.sh
-- Symlinking: /root/catkin_ws/install/example_interfaces/share/example_interfaces/environment/ament_prefix_path.dsv
-- Symlinking: /root/catkin_ws/install/example_interfaces/share/example_interfaces/environment/path.sh
-- Symlinking: /root/catkin_ws/install/example_interfaces/share/example_interfaces/environment/path.dsv
-- Symlinking: /root/catkin_ws/install/example_interfaces/share/example_interfaces/local_setup.bash
-- Symlinking: /root/catkin_ws/install/example_interfaces/share/example_interfaces/local_setup.sh
-- Symlinking: /root/catkin_ws/install/example_interfaces/share/example_interfaces/local_setup.zsh
-- Symlinking: /root/catkin_ws/install/example_interfaces/share/example_interfaces/local_setup.dsv
-- Symlinking: /root/catkin_ws/install/example_interfaces/share/example_interfaces/package.dsv
-- Symlinking: /root/catkin_ws/install/example_interfaces/share/ament_index/resource_index/packages/example_interfaces
-- Symlinking: /root/catkin_ws/install/example_interfaces/share/example_interfaces/cmake/rosidl_cmake-extras.cmake
-- Symlinking: /root/catkin_ws/install/example_interfaces/share/example_interfaces/cmake/ament_cmake_export_dependencies-extras.cmake
-- Symlinking: /root/catkin_ws/install/example_interfaces/share/example_interfaces/cmake/ament_cmake_export_libraries-extras.cmake
-- Symlinking: /root/catkin_ws/install/example_interfaces/share/example_interfaces/cmake/ament_cmake_export_targets-extras.cmake
-- Symlinking: /root/catkin_ws/install/example_interfaces/share/example_interfaces/cmake/ament_cmake_export_include_directories-extras.cmake
-- Symlinking: /root/catkin_ws/install/example_interfaces/share/example_interfaces/cmake/rosidl_cmake_export_typesupport_libraries-extras.cmake
-- Symlinking: /root/catkin_ws/install/example_interfaces/share/example_interfaces/cmake/rosidl_cmake_export_typesupport_targets-extras.cmake
-- Symlinking: /root/catkin_ws/install/example_interfaces/share/example_interfaces/cmake/example_interfacesConfig.cmake
-- Symlinking: /root/catkin_ws/install/example_interfaces/share/example_interfaces/cmake/example_interfacesConfig-version.cmake
-- Symlinking: /root/catkin_ws/install/example_interfaces/share/example_interfaces/package.xml
-- Up-to-date: /root/catkin_ws/install/example_interfaces/lib/libexample_interfaces__rosidl_generator_c.so
-- Up-to-date: /root/catkin_ws/install/example_interfaces/lib/libexample_interfaces__rosidl_typesupport_introspection_c.so
-- Up-to-date: /root/catkin_ws/install/example_interfaces/lib/libexample_interfaces__rosidl_typesupport_c.so
-- Up-to-date: /root/catkin_ws/install/example_interfaces/lib/libexample_interfaces__rosidl_typesupport_introspection_cpp.so
-- Up-to-date: /root/catkin_ws/install/example_interfaces/lib/libexample_interfaces__rosidl_typesupport_cpp.so
Compiling '/root/catkin_ws/install/example_interfaces/lib/python3.8/site-packages/example_interfaces/__init__.py'...
-- Up-to-date: /root/catkin_ws/install/example_interfaces/share/example_interfaces/cmake/example_interfaces__rosidl_generator_cExport.cmake
-- Installing: /root/catkin_ws/install/example_interfaces/share/example_interfaces/cmake/example_interfaces__rosidl_generator_cExport-noconfig.cmake
-- Up-to-date: /root/catkin_ws/install/example_interfaces/share/example_interfaces/cmake/example_interfaces__rosidl_typesupport_introspection_cExport.cmake
-- Installing: /root/catkin_ws/install/example_interfaces/share/example_interfaces/cmake/example_interfaces__rosidl_typesupport_introspection_cExport-noconfig.cmake
-- Up-to-date: /root/catkin_ws/install/example_interfaces/share/example_interfaces/cmake/example_interfaces__rosidl_typesupport_cExport.cmake
-- Installing: /root/catkin_ws/install/example_interfaces/share/example_interfaces/cmake/example_interfaces__rosidl_typesupport_cExport-noconfig.cmake
-- Up-to-date: /root/catkin_ws/install/example_interfaces/share/example_interfaces/cmake/example_interfaces__rosidl_generator_cppExport.cmake
-- Up-to-date: /root/catkin_ws/install/example_interfaces/share/example_interfaces/cmake/example_interfaces__rosidl_typesupport_introspection_cppExport.cmake
-- Installing: /root/catkin_ws/install/example_interfaces/share/example_interfaces/cmake/example_interfaces__rosidl_typesupport_introspection_cppExport-noconfig.cmake
-- Up-to-date: /root/catkin_ws/install/example_interfaces/share/example_interfaces/cmake/example_interfaces__rosidl_typesupport_cppExport.cmake
-- Installing: /root/catkin_ws/install/example_interfaces/share/example_interfaces/cmake/example_interfaces__rosidl_typesupport_cppExport-noconfig.cmake
