[0.364s] Invoking command in '/root/catkin_ws/build/iahrs_driver_interface': CMAKE_PREFIX_PATH=${CMAKE_PREFIX_PATH}:/root/catkin_ws/install/iahrs_driver:/root/install/topic_service_action_rclpy_example:/root/install/time_rclpy_example:/root/install/tf2_rclpy_example:/root/install/ros2env:/root/install/omo_r1mini_teleop:/root/install/omo_r1mini_bringup:/root/install/my_first_ros_rclpy_pkg:/root/install/logging_rclpy_example:/root/catkin_ws/install/topic_service_action_rclpy_example:/root/catkin_ws/install/time_rclpy_example:/root/catkin_ws/install/tf2_rclpy_example:/root/catkin_ws/install/ros2env:/root/catkin_ws/install/omo_r1mini_teleop:/root/catkin_ws/install/omo_r1mini_bringup:/root/catkin_ws/install/my_first_ros_rclpy_pkg:/root/catkin_ws/install/logging_rclpy_example:/root/catkin_ws/src/install/topic_service_action_rclpy_example:/root/catkin_ws/src/install/time_rclpy_example:/root/catkin_ws/src/install/tf2_rclpy_example:/root/catkin_ws/src/install/ros2env:/root/catkin_ws/src/install/omo_r1mini_teleop:/root/catkin_ws/src/install/omo_r1mini_bringup:/root/catkin_ws/src/install/my_first_ros_rclpy_pkg:/root/catkin_ws/src/install/logging_rclpy_example:/opt/ros/foxy /usr/bin/cmake --build /root/catkin_ws/build/iahrs_driver_interface -- -j12 -l12
[0.864s] [  3%] Built target iahrs_driver_interface__cpp
[0.864s] [ 12%] Built target iahrs_driver_interface__rosidl_generator_c
[0.864s] [ 32%] Built target iahrs_driver_interface__rosidl_typesupport_cpp
[0.865s] [ 32%] Built target iahrs_driver_interface__rosidl_typesupport_introspection_cpp
[0.866s] [ 41%] Built target iahrs_driver_interface__rosidl_typesupport_fastrtps_cpp
[0.867s] [ 61%] Built target iahrs_driver_interface__rosidl_typesupport_c
[0.867s] [ 61%] Built target iahrs_driver_interface__rosidl_typesupport_introspection_c
[0.868s] [ 70%] Built target iahrs_driver_interface__rosidl_typesupport_fastrtps_c
[0.869s] [ 70%] Built target iahrs_driver_interface
[0.869s] [ 74%] Built target iahrs_driver_interface__py
[0.870s] [ 80%] Built target iahrs_driver_interface__python
[0.870s] [100%] Built target iahrs_driver_interface__rosidl_typesupport_c__pyext
[0.870s] [100%] Built target iahrs_driver_interface__rosidl_typesupport_fastrtps_c__pyext
[0.870s] [100%] Built target iahrs_driver_interface__rosidl_typesupport_introspection_c__pyext
[0.872s] Invoked command in '/root/catkin_ws/build/iahrs_driver_interface' returned '0': CMAKE_PREFIX_PATH=${CMAKE_PREFIX_PATH}:/root/catkin_ws/install/iahrs_driver:/root/install/topic_service_action_rclpy_example:/root/install/time_rclpy_example:/root/install/tf2_rclpy_example:/root/install/ros2env:/root/install/omo_r1mini_teleop:/root/install/omo_r1mini_bringup:/root/install/my_first_ros_rclpy_pkg:/root/install/logging_rclpy_example:/root/catkin_ws/install/topic_service_action_rclpy_example:/root/catkin_ws/install/time_rclpy_example:/root/catkin_ws/install/tf2_rclpy_example:/root/catkin_ws/install/ros2env:/root/catkin_ws/install/omo_r1mini_teleop:/root/catkin_ws/install/omo_r1mini_bringup:/root/catkin_ws/install/my_first_ros_rclpy_pkg:/root/catkin_ws/install/logging_rclpy_example:/root/catkin_ws/src/install/topic_service_action_rclpy_example:/root/catkin_ws/src/install/time_rclpy_example:/root/catkin_ws/src/install/tf2_rclpy_example:/root/catkin_ws/src/install/ros2env:/root/catkin_ws/src/install/omo_r1mini_teleop:/root/catkin_ws/src/install/omo_r1mini_bringup:/root/catkin_ws/src/install/my_first_ros_rclpy_pkg:/root/catkin_ws/src/install/logging_rclpy_example:/opt/ros/foxy /usr/bin/cmake --build /root/catkin_ws/build/iahrs_driver_interface -- -j12 -l12
[0.943s] Invoking command in '/root/catkin_ws/build/iahrs_driver_interface': CMAKE_PREFIX_PATH=${CMAKE_PREFIX_PATH}:/root/catkin_ws/install/iahrs_driver:/root/install/topic_service_action_rclpy_example:/root/install/time_rclpy_example:/root/install/tf2_rclpy_example:/root/install/ros2env:/root/install/omo_r1mini_teleop:/root/install/omo_r1mini_bringup:/root/install/my_first_ros_rclpy_pkg:/root/install/logging_rclpy_example:/root/catkin_ws/install/topic_service_action_rclpy_example:/root/catkin_ws/install/time_rclpy_example:/root/catkin_ws/install/tf2_rclpy_example:/root/catkin_ws/install/ros2env:/root/catkin_ws/install/omo_r1mini_teleop:/root/catkin_ws/install/omo_r1mini_bringup:/root/catkin_ws/install/my_first_ros_rclpy_pkg:/root/catkin_ws/install/logging_rclpy_example:/root/catkin_ws/src/install/topic_service_action_rclpy_example:/root/catkin_ws/src/install/time_rclpy_example:/root/catkin_ws/src/install/tf2_rclpy_example:/root/catkin_ws/src/install/ros2env:/root/catkin_ws/src/install/omo_r1mini_teleop:/root/catkin_ws/src/install/omo_r1mini_bringup:/root/catkin_ws/src/install/my_first_ros_rclpy_pkg:/root/catkin_ws/src/install/logging_rclpy_example:/opt/ros/foxy /usr/bin/cmake --install /root/catkin_ws/build/iahrs_driver_interface
[0.983s] -- Install configuration: ""
[0.986s] -- Execute custom install script
[0.987s] -- Up-to-date symlink: /root/catkin_ws/install/iahrs_driver_interface/share/ament_index/resource_index/rosidl_interfaces/iahrs_driver_interface
[0.987s] -- Up-to-date symlink: /root/catkin_ws/install/iahrs_driver_interface/include/iahrs_driver_interface/msg/rosidl_generator_c__visibility_control.h
[0.987s] -- Up-to-date symlink: /root/catkin_ws/install/iahrs_driver_interface/include/iahrs_driver_interface/srv/detail/set__functions.h
[0.987s] -- Up-to-date symlink: /root/catkin_ws/install/iahrs_driver_interface/include/iahrs_driver_interface/srv/detail/set__struct.h
[0.987s] -- Up-to-date symlink: /root/catkin_ws/install/iahrs_driver_interface/include/iahrs_driver_interface/srv/detail/set__type_support.h
[0.988s] -- Up-to-date symlink: /root/catkin_ws/install/iahrs_driver_interface/include/iahrs_driver_interface/srv/set.h
[0.988s] -- Up-to-date symlink: /root/catkin_ws/install/iahrs_driver_interface/share/iahrs_driver_interface/environment/library_path.sh
[0.988s] -- Up-to-date symlink: /root/catkin_ws/install/iahrs_driver_interface/share/iahrs_driver_interface/environment/library_path.dsv
[0.988s] -- Up-to-date symlink: /root/catkin_ws/install/iahrs_driver_interface/include/iahrs_driver_interface/msg/rosidl_typesupport_fastrtps_c__visibility_control.h
[0.988s] -- Up-to-date symlink: /root/catkin_ws/install/iahrs_driver_interface/include/iahrs_driver_interface/srv/detail/set__rosidl_typesupport_fastrtps_c.h
[0.988s] -- Up-to-date symlink: /root/catkin_ws/install/iahrs_driver_interface/lib/libiahrs_driver_interface__rosidl_typesupport_fastrtps_c.so
[0.988s] -- Up-to-date symlink: /root/catkin_ws/install/iahrs_driver_interface/include/iahrs_driver_interface/msg/rosidl_typesupport_fastrtps_cpp__visibility_control.h
[0.989s] -- Up-to-date symlink: /root/catkin_ws/install/iahrs_driver_interface/include/iahrs_driver_interface/srv/detail/set__rosidl_typesupport_fastrtps_cpp.hpp
[0.989s] -- Up-to-date symlink: /root/catkin_ws/install/iahrs_driver_interface/lib/libiahrs_driver_interface__rosidl_typesupport_fastrtps_cpp.so
[0.989s] -- Up-to-date symlink: /root/catkin_ws/install/iahrs_driver_interface/include/iahrs_driver_interface/msg/rosidl_typesupport_introspection_c__visibility_control.h
[0.989s] -- Up-to-date symlink: /root/catkin_ws/install/iahrs_driver_interface/include/iahrs_driver_interface/srv/detail/set__rosidl_typesupport_introspection_c.h
[0.991s] -- Up-to-date symlink: /root/catkin_ws/install/iahrs_driver_interface/include/iahrs_driver_interface/srv/detail/set__builder.hpp
[0.991s] -- Up-to-date symlink: /root/catkin_ws/install/iahrs_driver_interface/include/iahrs_driver_interface/srv/detail/set__struct.hpp
[0.991s] -- Up-to-date symlink: /root/catkin_ws/install/iahrs_driver_interface/include/iahrs_driver_interface/srv/detail/set__traits.hpp
[0.992s] -- Up-to-date symlink: /root/catkin_ws/install/iahrs_driver_interface/include/iahrs_driver_interface/srv/set.hpp
[0.992s] -- Up-to-date symlink: /root/catkin_ws/install/iahrs_driver_interface/include/iahrs_driver_interface/srv/detail/set__rosidl_typesupport_introspection_cpp.hpp
[0.992s] -- Up-to-date symlink: /root/catkin_ws/install/iahrs_driver_interface/share/iahrs_driver_interface/environment/pythonpath.sh
[0.992s] -- Up-to-date symlink: /root/catkin_ws/install/iahrs_driver_interface/share/iahrs_driver_interface/environment/pythonpath.dsv
[0.992s] -- Up-to-date symlink: /root/catkin_ws/install/iahrs_driver_interface/lib/python3.8/site-packages/iahrs_driver_interface/__init__.py
[0.993s] -- Up-to-date symlink: /root/catkin_ws/install/iahrs_driver_interface/lib/python3.8/site-packages/iahrs_driver_interface/srv/__init__.py
[0.993s] -- Up-to-date symlink: /root/catkin_ws/install/iahrs_driver_interface/lib/python3.8/site-packages/iahrs_driver_interface/srv/_set.py
[0.993s] -- Up-to-date symlink: /root/catkin_ws/install/iahrs_driver_interface/lib/python3.8/site-packages/iahrs_driver_interface/iahrs_driver_interface_s__rosidl_typesupport_fastrtps_c.cpython-38-x86_64-linux-gnu.so
[0.993s] -- Up-to-date symlink: /root/catkin_ws/install/iahrs_driver_interface/lib/python3.8/site-packages/iahrs_driver_interface/iahrs_driver_interface_s__rosidl_typesupport_introspection_c.cpython-38-x86_64-linux-gnu.so
[0.993s] -- Up-to-date symlink: /root/catkin_ws/install/iahrs_driver_interface/lib/python3.8/site-packages/iahrs_driver_interface/iahrs_driver_interface_s__rosidl_typesupport_c.cpython-38-x86_64-linux-gnu.so
[0.996s] -- Up-to-date symlink: /root/catkin_ws/install/iahrs_driver_interface/lib/libiahrs_driver_interface__python.so
[0.996s] -- Up-to-date symlink: /root/catkin_ws/install/iahrs_driver_interface/share/iahrs_driver_interface/srv/Set.idl
[0.996s] -- Up-to-date symlink: /root/catkin_ws/install/iahrs_driver_interface/share/iahrs_driver_interface/srv/Set.srv
[0.996s] -- Up-to-date symlink: /root/catkin_ws/install/iahrs_driver_interface/share/iahrs_driver_interface/srv/Set_Request.msg
[0.997s] -- Up-to-date symlink: /root/catkin_ws/install/iahrs_driver_interface/share/iahrs_driver_interface/srv/Set_Response.msg
[0.997s] -- Up-to-date symlink: /root/catkin_ws/install/iahrs_driver_interface/share/ament_index/resource_index/package_run_dependencies/iahrs_driver_interface
[0.997s] -- Up-to-date symlink: /root/catkin_ws/install/iahrs_driver_interface/share/ament_index/resource_index/parent_prefix_path/iahrs_driver_interface
[0.997s] -- Up-to-date symlink: /root/catkin_ws/install/iahrs_driver_interface/share/iahrs_driver_interface/environment/ament_prefix_path.sh
[0.997s] -- Up-to-date symlink: /root/catkin_ws/install/iahrs_driver_interface/share/iahrs_driver_interface/environment/ament_prefix_path.dsv
[0.997s] -- Up-to-date symlink: /root/catkin_ws/install/iahrs_driver_interface/share/iahrs_driver_interface/environment/path.sh
[0.998s] -- Up-to-date symlink: /root/catkin_ws/install/iahrs_driver_interface/share/iahrs_driver_interface/environment/path.dsv
[0.998s] -- Up-to-date symlink: /root/catkin_ws/install/iahrs_driver_interface/share/iahrs_driver_interface/local_setup.bash
[0.998s] -- Up-to-date symlink: /root/catkin_ws/install/iahrs_driver_interface/share/iahrs_driver_interface/local_setup.sh
[0.998s] -- Up-to-date symlink: /root/catkin_ws/install/iahrs_driver_interface/share/iahrs_driver_interface/local_setup.zsh
[0.998s] -- Up-to-date symlink: /root/catkin_ws/install/iahrs_driver_interface/share/iahrs_driver_interface/local_setup.dsv
[0.998s] -- Symlinking: /root/catkin_ws/install/iahrs_driver_interface/share/iahrs_driver_interface/package.dsv
[0.999s] -- Up-to-date symlink: /root/catkin_ws/install/iahrs_driver_interface/share/ament_index/resource_index/packages/iahrs_driver_interface
[0.999s] -- Up-to-date symlink: /root/catkin_ws/install/iahrs_driver_interface/share/iahrs_driver_interface/cmake/rosidl_cmake-extras.cmake
[0.999s] -- Up-to-date symlink: /root/catkin_ws/install/iahrs_driver_interface/share/iahrs_driver_interface/cmake/ament_cmake_export_dependencies-extras.cmake
[1.000s] -- Up-to-date symlink: /root/catkin_ws/install/iahrs_driver_interface/share/iahrs_driver_interface/cmake/ament_cmake_export_libraries-extras.cmake
[1.000s] -- Up-to-date symlink: /root/catkin_ws/install/iahrs_driver_interface/share/iahrs_driver_interface/cmake/ament_cmake_export_targets-extras.cmake
[1.001s] -- Up-to-date symlink: /root/catkin_ws/install/iahrs_driver_interface/share/iahrs_driver_interface/cmake/ament_cmake_export_include_directories-extras.cmake
[1.002s] -- Up-to-date symlink: /root/catkin_ws/install/iahrs_driver_interface/share/iahrs_driver_interface/cmake/rosidl_cmake_export_typesupport_libraries-extras.cmake
[1.007s] -- Up-to-date symlink: /root/catkin_ws/install/iahrs_driver_interface/share/iahrs_driver_interface/cmake/rosidl_cmake_export_typesupport_targets-extras.cmake
[1.007s] -- Up-to-date symlink: /root/catkin_ws/install/iahrs_driver_interface/share/iahrs_driver_interface/cmake/iahrs_driver_interfaceConfig.cmake
[1.008s] -- Up-to-date symlink: /root/catkin_ws/install/iahrs_driver_interface/share/iahrs_driver_interface/cmake/iahrs_driver_interfaceConfig-version.cmake
[1.008s] -- Up-to-date symlink: /root/catkin_ws/install/iahrs_driver_interface/share/iahrs_driver_interface/package.xml
[1.008s] -- Up-to-date: /root/catkin_ws/install/iahrs_driver_interface/lib/libiahrs_driver_interface__rosidl_generator_c.so
[1.008s] -- Up-to-date: /root/catkin_ws/install/iahrs_driver_interface/lib/libiahrs_driver_interface__rosidl_typesupport_introspection_c.so
[1.008s] -- Up-to-date: /root/catkin_ws/install/iahrs_driver_interface/lib/libiahrs_driver_interface__rosidl_typesupport_c.so
[1.008s] -- Up-to-date: /root/catkin_ws/install/iahrs_driver_interface/lib/libiahrs_driver_interface__rosidl_typesupport_introspection_cpp.so
[1.009s] -- Up-to-date: /root/catkin_ws/install/iahrs_driver_interface/lib/libiahrs_driver_interface__rosidl_typesupport_cpp.so
[1.095s] -- Up-to-date: /root/catkin_ws/install/iahrs_driver_interface/share/iahrs_driver_interface/cmake/iahrs_driver_interface__rosidl_generator_cExport.cmake
[1.096s] -- Up-to-date: /root/catkin_ws/install/iahrs_driver_interface/share/iahrs_driver_interface/cmake/iahrs_driver_interface__rosidl_generator_cExport-noconfig.cmake
[1.096s] -- Up-to-date: /root/catkin_ws/install/iahrs_driver_interface/share/iahrs_driver_interface/cmake/iahrs_driver_interface__rosidl_typesupport_introspection_cExport.cmake
[1.096s] -- Up-to-date: /root/catkin_ws/install/iahrs_driver_interface/share/iahrs_driver_interface/cmake/iahrs_driver_interface__rosidl_typesupport_introspection_cExport-noconfig.cmake
[1.096s] -- Up-to-date: /root/catkin_ws/install/iahrs_driver_interface/share/iahrs_driver_interface/cmake/iahrs_driver_interface__rosidl_typesupport_cExport.cmake
[1.096s] -- Up-to-date: /root/catkin_ws/install/iahrs_driver_interface/share/iahrs_driver_interface/cmake/iahrs_driver_interface__rosidl_typesupport_cExport-noconfig.cmake
[1.096s] -- Up-to-date: /root/catkin_ws/install/iahrs_driver_interface/share/iahrs_driver_interface/cmake/iahrs_driver_interface__rosidl_generator_cppExport.cmake
[1.096s] -- Up-to-date: /root/catkin_ws/install/iahrs_driver_interface/share/iahrs_driver_interface/cmake/iahrs_driver_interface__rosidl_typesupport_introspection_cppExport.cmake
[1.097s] -- Up-to-date: /root/catkin_ws/install/iahrs_driver_interface/share/iahrs_driver_interface/cmake/iahrs_driver_interface__rosidl_typesupport_introspection_cppExport-noconfig.cmake
[1.097s] -- Up-to-date: /root/catkin_ws/install/iahrs_driver_interface/share/iahrs_driver_interface/cmake/iahrs_driver_interface__rosidl_typesupport_cppExport.cmake
[1.097s] -- Up-to-date: /root/catkin_ws/install/iahrs_driver_interface/share/iahrs_driver_interface/cmake/iahrs_driver_interface__rosidl_typesupport_cppExport-noconfig.cmake
[1.234s] Invoked command in '/root/catkin_ws/build/iahrs_driver_interface' returned '0': CMAKE_PREFIX_PATH=${CMAKE_PREFIX_PATH}:/root/catkin_ws/install/iahrs_driver:/root/install/topic_service_action_rclpy_example:/root/install/time_rclpy_example:/root/install/tf2_rclpy_example:/root/install/ros2env:/root/install/omo_r1mini_teleop:/root/install/omo_r1mini_bringup:/root/install/my_first_ros_rclpy_pkg:/root/install/logging_rclpy_example:/root/catkin_ws/install/topic_service_action_rclpy_example:/root/catkin_ws/install/time_rclpy_example:/root/catkin_ws/install/tf2_rclpy_example:/root/catkin_ws/install/ros2env:/root/catkin_ws/install/omo_r1mini_teleop:/root/catkin_ws/install/omo_r1mini_bringup:/root/catkin_ws/install/my_first_ros_rclpy_pkg:/root/catkin_ws/install/logging_rclpy_example:/root/catkin_ws/src/install/topic_service_action_rclpy_example:/root/catkin_ws/src/install/time_rclpy_example:/root/catkin_ws/src/install/tf2_rclpy_example:/root/catkin_ws/src/install/ros2env:/root/catkin_ws/src/install/omo_r1mini_teleop:/root/catkin_ws/src/install/omo_r1mini_bringup:/root/catkin_ws/src/install/my_first_ros_rclpy_pkg:/root/catkin_ws/src/install/logging_rclpy_example:/opt/ros/foxy /usr/bin/cmake --install /root/catkin_ws/build/iahrs_driver_interface
