[0.100s] Invoking command in '/root/catkin_ws/build/omo_r1mini_cartographer': CMAKE_PREFIX_PATH=${CMAKE_PREFIX_PATH}:/root/catkin_ws/install/topic_service_action_rclpy_example:/root/catkin_ws/install/time_rclpy_example:/root/catkin_ws/install/tf2_rclpy_example:/root/catkin_ws/install/ros2env:/root/catkin_ws/install/omo_r1mini_teleop:/root/catkin_ws/install/omo_r1mini_bringup:/root/catkin_ws/install/my_first_ros_rclpy_pkg:/root/catkin_ws/install/logging_rclpy_example:/root/catkin_ws/install/iahrs_driver:/root/install/topic_service_action_rclpy_example:/root/install/time_rclpy_example:/root/install/tf2_rclpy_example:/root/install/ros2env:/root/install/omo_r1mini_teleop:/root/install/omo_r1mini_bringup:/root/install/my_first_ros_rclpy_pkg:/root/install/logging_rclpy_example:/opt/ros/foxy /usr/bin/cmake /root/catkin_ws/src/omo_r1mini-foxy/omo_r1mini_cartographer -DBUILD_TESTING=OFF -DBUILD_SHARED_LIBS=ON -DCMAKE_INSTALL_PREFIX=/root/catkin_ws/install/omo_r1mini_cartographer
[1.150s] -- Found ament_cmake: 0.9.11 (/opt/ros/foxy/share/ament_cmake/cmake)
[1.150s] -- Using PYTHON_EXECUTABLE: /usr/bin/python3
[1.154s] -- Override CMake install command with custom implementation using symlinks instead of copying resources
[1.155s] -- Configuring done
[1.155s] -- Generating done
[1.156s] -- Build files have been written to: /root/catkin_ws/build/omo_r1mini_cartographer
[1.156s] CMake Warning:
[1.156s]   Manually-specified variables were not used by the project:
[1.156s] 
[1.156s]     BUILD_SHARED_LIBS
[1.156s] 
[1.157s] 
[1.169s] Invoked command in '/root/catkin_ws/build/omo_r1mini_cartographer' returned '0': CMAKE_PREFIX_PATH=${CMAKE_PREFIX_PATH}:/root/catkin_ws/install/topic_service_action_rclpy_example:/root/catkin_ws/install/time_rclpy_example:/root/catkin_ws/install/tf2_rclpy_example:/root/catkin_ws/install/ros2env:/root/catkin_ws/install/omo_r1mini_teleop:/root/catkin_ws/install/omo_r1mini_bringup:/root/catkin_ws/install/my_first_ros_rclpy_pkg:/root/catkin_ws/install/logging_rclpy_example:/root/catkin_ws/install/iahrs_driver:/root/install/topic_service_action_rclpy_example:/root/install/time_rclpy_example:/root/install/tf2_rclpy_example:/root/install/ros2env:/root/install/omo_r1mini_teleop:/root/install/omo_r1mini_bringup:/root/install/my_first_ros_rclpy_pkg:/root/install/logging_rclpy_example:/opt/ros/foxy /usr/bin/cmake /root/catkin_ws/src/omo_r1mini-foxy/omo_r1mini_cartographer -DBUILD_TESTING=OFF -DBUILD_SHARED_LIBS=ON -DCMAKE_INSTALL_PREFIX=/root/catkin_ws/install/omo_r1mini_cartographer
[1.176s] Invoking command in '/root/catkin_ws/build/omo_r1mini_cartographer': CMAKE_PREFIX_PATH=${CMAKE_PREFIX_PATH}:/root/catkin_ws/install/topic_service_action_rclpy_example:/root/catkin_ws/install/time_rclpy_example:/root/catkin_ws/install/tf2_rclpy_example:/root/catkin_ws/install/ros2env:/root/catkin_ws/install/omo_r1mini_teleop:/root/catkin_ws/install/omo_r1mini_bringup:/root/catkin_ws/install/my_first_ros_rclpy_pkg:/root/catkin_ws/install/logging_rclpy_example:/root/catkin_ws/install/iahrs_driver:/root/install/topic_service_action_rclpy_example:/root/install/time_rclpy_example:/root/install/tf2_rclpy_example:/root/install/ros2env:/root/install/omo_r1mini_teleop:/root/install/omo_r1mini_bringup:/root/install/my_first_ros_rclpy_pkg:/root/install/logging_rclpy_example:/opt/ros/foxy /usr/bin/cmake --build /root/catkin_ws/build/omo_r1mini_cartographer -- -j12 -l12
[1.299s] Invoked command in '/root/catkin_ws/build/omo_r1mini_cartographer' returned '0': CMAKE_PREFIX_PATH=${CMAKE_PREFIX_PATH}:/root/catkin_ws/install/topic_service_action_rclpy_example:/root/catkin_ws/install/time_rclpy_example:/root/catkin_ws/install/tf2_rclpy_example:/root/catkin_ws/install/ros2env:/root/catkin_ws/install/omo_r1mini_teleop:/root/catkin_ws/install/omo_r1mini_bringup:/root/catkin_ws/install/my_first_ros_rclpy_pkg:/root/catkin_ws/install/logging_rclpy_example:/root/catkin_ws/install/iahrs_driver:/root/install/topic_service_action_rclpy_example:/root/install/time_rclpy_example:/root/install/tf2_rclpy_example:/root/install/ros2env:/root/install/omo_r1mini_teleop:/root/install/omo_r1mini_bringup:/root/install/my_first_ros_rclpy_pkg:/root/install/logging_rclpy_example:/opt/ros/foxy /usr/bin/cmake --build /root/catkin_ws/build/omo_r1mini_cartographer -- -j12 -l12
[1.376s] Invoking command in '/root/catkin_ws/build/omo_r1mini_cartographer': CMAKE_PREFIX_PATH=${CMAKE_PREFIX_PATH}:/root/catkin_ws/install/topic_service_action_rclpy_example:/root/catkin_ws/install/time_rclpy_example:/root/catkin_ws/install/tf2_rclpy_example:/root/catkin_ws/install/ros2env:/root/catkin_ws/install/omo_r1mini_teleop:/root/catkin_ws/install/omo_r1mini_bringup:/root/catkin_ws/install/my_first_ros_rclpy_pkg:/root/catkin_ws/install/logging_rclpy_example:/root/catkin_ws/install/iahrs_driver:/root/install/topic_service_action_rclpy_example:/root/install/time_rclpy_example:/root/install/tf2_rclpy_example:/root/install/ros2env:/root/install/omo_r1mini_teleop:/root/install/omo_r1mini_bringup:/root/install/my_first_ros_rclpy_pkg:/root/install/logging_rclpy_example:/opt/ros/foxy /usr/bin/cmake --install /root/catkin_ws/build/omo_r1mini_cartographer
[1.485s] -- Install configuration: ""
[1.485s] -- Execute custom install script
[1.486s] -- Up-to-date symlink: /root/catkin_ws/install/omo_r1mini_cartographer/share/omo_r1mini_cartographer/config/omo_r1mini_lidar.lua
[1.486s] -- Up-to-date symlink: /root/catkin_ws/install/omo_r1mini_cartographer/share/omo_r1mini_cartographer/launch/cartographer.launch.py
[1.486s] -- Up-to-date symlink: /root/catkin_ws/install/omo_r1mini_cartographer/share/omo_r1mini_cartographer/launch/cartographer_rviz.launch.py
[1.486s] -- Up-to-date symlink: /root/catkin_ws/install/omo_r1mini_cartographer/share/omo_r1mini_cartographer/launch/occupancy_grid.launch.py
[1.486s] -- Up-to-date symlink: /root/catkin_ws/install/omo_r1mini_cartographer/share/omo_r1mini_cartographer/rviz/omo_r1mini_cartographer.rviz
[1.486s] -- Up-to-date symlink: /root/catkin_ws/install/omo_r1mini_cartographer/share/ament_index/resource_index/package_run_dependencies/omo_r1mini_cartographer
[1.486s] -- Up-to-date symlink: /root/catkin_ws/install/omo_r1mini_cartographer/share/ament_index/resource_index/parent_prefix_path/omo_r1mini_cartographer
[1.487s] -- Up-to-date symlink: /root/catkin_ws/install/omo_r1mini_cartographer/share/omo_r1mini_cartographer/environment/ament_prefix_path.sh
[1.487s] -- Up-to-date symlink: /root/catkin_ws/install/omo_r1mini_cartographer/share/omo_r1mini_cartographer/environment/ament_prefix_path.dsv
[1.487s] -- Up-to-date symlink: /root/catkin_ws/install/omo_r1mini_cartographer/share/omo_r1mini_cartographer/environment/path.sh
[1.487s] -- Up-to-date symlink: /root/catkin_ws/install/omo_r1mini_cartographer/share/omo_r1mini_cartographer/environment/path.dsv
[1.487s] -- Up-to-date symlink: /root/catkin_ws/install/omo_r1mini_cartographer/share/omo_r1mini_cartographer/local_setup.bash
[1.488s] -- Up-to-date symlink: /root/catkin_ws/install/omo_r1mini_cartographer/share/omo_r1mini_cartographer/local_setup.sh
[1.488s] -- Up-to-date symlink: /root/catkin_ws/install/omo_r1mini_cartographer/share/omo_r1mini_cartographer/local_setup.zsh
[1.488s] -- Up-to-date symlink: /root/catkin_ws/install/omo_r1mini_cartographer/share/omo_r1mini_cartographer/local_setup.dsv
[1.488s] -- Symlinking: /root/catkin_ws/install/omo_r1mini_cartographer/share/omo_r1mini_cartographer/package.dsv
[1.488s] -- Up-to-date symlink: /root/catkin_ws/install/omo_r1mini_cartographer/share/ament_index/resource_index/packages/omo_r1mini_cartographer
[1.488s] -- Up-to-date symlink: /root/catkin_ws/install/omo_r1mini_cartographer/share/omo_r1mini_cartographer/cmake/omo_r1mini_cartographerConfig.cmake
[1.488s] -- Up-to-date symlink: /root/catkin_ws/install/omo_r1mini_cartographer/share/omo_r1mini_cartographer/cmake/omo_r1mini_cartographerConfig-version.cmake
[1.488s] -- Up-to-date symlink: /root/catkin_ws/install/omo_r1mini_cartographer/share/omo_r1mini_cartographer/package.xml
[1.570s] Invoked command in '/root/catkin_ws/build/omo_r1mini_cartographer' returned '0': CMAKE_PREFIX_PATH=${CMAKE_PREFIX_PATH}:/root/catkin_ws/install/topic_service_action_rclpy_example:/root/catkin_ws/install/time_rclpy_example:/root/catkin_ws/install/tf2_rclpy_example:/root/catkin_ws/install/ros2env:/root/catkin_ws/install/omo_r1mini_teleop:/root/catkin_ws/install/omo_r1mini_bringup:/root/catkin_ws/install/my_first_ros_rclpy_pkg:/root/catkin_ws/install/logging_rclpy_example:/root/catkin_ws/install/iahrs_driver:/root/install/topic_service_action_rclpy_example:/root/install/time_rclpy_example:/root/install/tf2_rclpy_example:/root/install/ros2env:/root/install/omo_r1mini_teleop:/root/install/omo_r1mini_bringup:/root/install/my_first_ros_rclpy_pkg:/root/install/logging_rclpy_example:/opt/ros/foxy /usr/bin/cmake --install /root/catkin_ws/build/omo_r1mini_cartographer
