[0.134s] Invoking command in '/root/catkin_ws/build/microxrcedds_client': CMAKE_PREFIX_PATH=/root/catkin_ws/install/microcdr:/root/catkin_ws/install/rosidl_typesupport_microxrcedds_cpp:/root/catkin_ws/install/rosidl_typesupport_microxrcedds_c:/root/catkin_ws/install/ydlidar_sdk:/root/catkin_ws/install/ydlidar_ros2_driver:/root/catkin_ws/install/udp_driver:/root/catkin_ws/install/topic_service_action_rclcpp_example:/root/catkin_ws/install/time_rclcpp_example:/root/catkin_ws/install/tf2_rclcpp_example:/root/catkin_ws/install/testbot_description:/root/catkin_ws/install/serial_driver:/root/catkin_ws/install/rqt_example:/root/catkin_ws/install/omo_r1mini:/root/catkin_ws/install/omo_r1mini_navigation2:/root/catkin_ws/install/omo_r1mini_interfaces:/root/catkin_ws/install/omo_r1mini_gazebo:/root/catkin_ws/install/omo_r1mini_description:/root/catkin_ws/install/omo_r1mini_cartographer:/root/catkin_ws/install/my_first_ros_rclcpp_pkg:/root/catkin_ws/install/msg_srv_action_interface_example:/root/catkin_ws/install/micro_ros_setup:/root/catkin_ws/install/micro_ros_agent:/root/catkin_ws/install/micro_ros_msgs:/root/catkin_ws/install/io_context:/root/catkin_ws/install/iahrs_driver_interface:/root/catkin_ws/install/drive_base_msgs:/root/catkin_ws/install/asio_cmake_module:/root/install/ydlidar_sdk:/root/install/ydlidar_ros2_driver:/root/install/udp_driver:/root/install/topic_service_action_rclcpp_example:/root/install/time_rclcpp_example:/root/install/tf2_rclcpp_example:/root/install/testbot_description:/root/install/serial_driver:/root/install/rqt_example:/root/install/omo_r1mini:/root/install/omo_r1mini_navigation2:/root/install/omo_r1mini_interfaces:/root/install/omo_r1mini_gazebo:/root/install/omo_r1mini_description:/root/install/omo_r1mini_cartographer:/root/install/my_first_ros_rclcpp_pkg:/root/install/msg_srv_action_interface_example:/root/install/io_context:/root/install/asio_cmake_module LD_LIBRARY_PATH=/root/catkin_ws/install/microcdr/lib:/root/catkin_ws/install/rosidl_typesupport_microxrcedds_cpp/lib:/root/catkin_ws/install/rosidl_typesupport_microxrcedds_c/lib:/root/catkin_ws/install/udp_driver/lib:/root/catkin_ws/install/serial_driver/lib:/root/catkin_ws/install/omo_r1mini_interfaces/lib:/root/catkin_ws/install/msg_srv_action_interface_example/lib:/root/catkin_ws/install/micro_ros_agent/lib:/root/catkin_ws/install/micro_ros_msgs/lib:/root/catkin_ws/install/io_context/lib:/root/catkin_ws/install/iahrs_driver_interface/lib:/root/catkin_ws/install/drive_base_msgs/lib:/root/install/udp_driver/lib:/root/install/serial_driver/lib:/root/install/omo_r1mini_interfaces/lib:/root/install/msg_srv_action_interface_example/lib:/root/install/io_context/lib:/usr/lib/x86_64-linux-gnu/gazebo-11/plugins:/opt/ros/foxy/opt/yaml_cpp_vendor/lib:/opt/ros/foxy/opt/rviz_ogre_vendor/lib:/opt/ros/foxy/lib/x86_64-linux-gnu:/opt/ros/foxy/lib /usr/bin/cmake /root/catkin_ws/src/eProsima/Micro-XRCE-DDS-Client -DBUILD_TESTING=OFF -DBUILD_SHARED_LIBS=ON -DUCLIENT_ISOLATED_INSTALL=OFF -DUCLIENT_SUPERBUILD=OFF -DBUILD_SHARED_LIBS=ON -DCMAKE_INSTALL_PREFIX=/root/catkin_ws/install/microxrcedds_client
[0.186s] -- The C compiler identification is GNU 9.4.0
[0.206s] -- Check for working C compiler: /usr/bin/cc
[0.330s] -- Check for working C compiler: /usr/bin/cc -- works
[0.331s] -- Detecting C compiler ABI info
[0.432s] -- Detecting C compiler ABI info - done
[0.449s] -- Detecting C compile features
[0.450s] -- Detecting C compile features - done
[0.451s] -- Setting build type to 'Release' as none was specified.
[0.459s] -- Looking for pthread.h
[0.556s] -- Looking for pthread.h - found
[0.556s] -- Performing Test CMAKE_HAVE_LIBC_PTHREAD
[0.632s] -- Performing Test CMAKE_HAVE_LIBC_PTHREAD - Failed
[0.632s] -- Looking for pthread_create in pthreads
[0.711s] -- Looking for pthread_create in pthreads - not found
[0.711s] -- Looking for pthread_create in pthread
[0.867s] -- Looking for pthread_create in pthread - found
[0.868s] -- Found Threads: TRUE  
[0.882s] -- Configuring done
[0.908s] -- Generating done
[0.909s] CMake Warning:
[0.909s]   Manually-specified variables were not used by the project:
[0.909s] 
[0.909s]     BUILD_TESTING
[0.909s] 
[0.909s] 
[0.910s] -- Build files have been written to: /root/catkin_ws/build/microxrcedds_client
[0.921s] Invoked command in '/root/catkin_ws/build/microxrcedds_client' returned '0': CMAKE_PREFIX_PATH=/root/catkin_ws/install/microcdr:/root/catkin_ws/install/rosidl_typesupport_microxrcedds_cpp:/root/catkin_ws/install/rosidl_typesupport_microxrcedds_c:/root/catkin_ws/install/ydlidar_sdk:/root/catkin_ws/install/ydlidar_ros2_driver:/root/catkin_ws/install/udp_driver:/root/catkin_ws/install/topic_service_action_rclcpp_example:/root/catkin_ws/install/time_rclcpp_example:/root/catkin_ws/install/tf2_rclcpp_example:/root/catkin_ws/install/testbot_description:/root/catkin_ws/install/serial_driver:/root/catkin_ws/install/rqt_example:/root/catkin_ws/install/omo_r1mini:/root/catkin_ws/install/omo_r1mini_navigation2:/root/catkin_ws/install/omo_r1mini_interfaces:/root/catkin_ws/install/omo_r1mini_gazebo:/root/catkin_ws/install/omo_r1mini_description:/root/catkin_ws/install/omo_r1mini_cartographer:/root/catkin_ws/install/my_first_ros_rclcpp_pkg:/root/catkin_ws/install/msg_srv_action_interface_example:/root/catkin_ws/install/micro_ros_setup:/root/catkin_ws/install/micro_ros_agent:/root/catkin_ws/install/micro_ros_msgs:/root/catkin_ws/install/io_context:/root/catkin_ws/install/iahrs_driver_interface:/root/catkin_ws/install/drive_base_msgs:/root/catkin_ws/install/asio_cmake_module:/root/install/ydlidar_sdk:/root/install/ydlidar_ros2_driver:/root/install/udp_driver:/root/install/topic_service_action_rclcpp_example:/root/install/time_rclcpp_example:/root/install/tf2_rclcpp_example:/root/install/testbot_description:/root/install/serial_driver:/root/install/rqt_example:/root/install/omo_r1mini:/root/install/omo_r1mini_navigation2:/root/install/omo_r1mini_interfaces:/root/install/omo_r1mini_gazebo:/root/install/omo_r1mini_description:/root/install/omo_r1mini_cartographer:/root/install/my_first_ros_rclcpp_pkg:/root/install/msg_srv_action_interface_example:/root/install/io_context:/root/install/asio_cmake_module LD_LIBRARY_PATH=/root/catkin_ws/install/microcdr/lib:/root/catkin_ws/install/rosidl_typesupport_microxrcedds_cpp/lib:/root/catkin_ws/install/rosidl_typesupport_microxrcedds_c/lib:/root/catkin_ws/install/udp_driver/lib:/root/catkin_ws/install/serial_driver/lib:/root/catkin_ws/install/omo_r1mini_interfaces/lib:/root/catkin_ws/install/msg_srv_action_interface_example/lib:/root/catkin_ws/install/micro_ros_agent/lib:/root/catkin_ws/install/micro_ros_msgs/lib:/root/catkin_ws/install/io_context/lib:/root/catkin_ws/install/iahrs_driver_interface/lib:/root/catkin_ws/install/drive_base_msgs/lib:/root/install/udp_driver/lib:/root/install/serial_driver/lib:/root/install/omo_r1mini_interfaces/lib:/root/install/msg_srv_action_interface_example/lib:/root/install/io_context/lib:/usr/lib/x86_64-linux-gnu/gazebo-11/plugins:/opt/ros/foxy/opt/yaml_cpp_vendor/lib:/opt/ros/foxy/opt/rviz_ogre_vendor/lib:/opt/ros/foxy/lib/x86_64-linux-gnu:/opt/ros/foxy/lib /usr/bin/cmake /root/catkin_ws/src/eProsima/Micro-XRCE-DDS-Client -DBUILD_TESTING=OFF -DBUILD_SHARED_LIBS=ON -DUCLIENT_ISOLATED_INSTALL=OFF -DUCLIENT_SUPERBUILD=OFF -DBUILD_SHARED_LIBS=ON -DCMAKE_INSTALL_PREFIX=/root/catkin_ws/install/microxrcedds_client
[0.922s] Invoking command in '/root/catkin_ws/build/microxrcedds_client': CMAKE_PREFIX_PATH=/root/catkin_ws/install/microcdr:/root/catkin_ws/install/rosidl_typesupport_microxrcedds_cpp:/root/catkin_ws/install/rosidl_typesupport_microxrcedds_c:/root/catkin_ws/install/ydlidar_sdk:/root/catkin_ws/install/ydlidar_ros2_driver:/root/catkin_ws/install/udp_driver:/root/catkin_ws/install/topic_service_action_rclcpp_example:/root/catkin_ws/install/time_rclcpp_example:/root/catkin_ws/install/tf2_rclcpp_example:/root/catkin_ws/install/testbot_description:/root/catkin_ws/install/serial_driver:/root/catkin_ws/install/rqt_example:/root/catkin_ws/install/omo_r1mini:/root/catkin_ws/install/omo_r1mini_navigation2:/root/catkin_ws/install/omo_r1mini_interfaces:/root/catkin_ws/install/omo_r1mini_gazebo:/root/catkin_ws/install/omo_r1mini_description:/root/catkin_ws/install/omo_r1mini_cartographer:/root/catkin_ws/install/my_first_ros_rclcpp_pkg:/root/catkin_ws/install/msg_srv_action_interface_example:/root/catkin_ws/install/micro_ros_setup:/root/catkin_ws/install/micro_ros_agent:/root/catkin_ws/install/micro_ros_msgs:/root/catkin_ws/install/io_context:/root/catkin_ws/install/iahrs_driver_interface:/root/catkin_ws/install/drive_base_msgs:/root/catkin_ws/install/asio_cmake_module:/root/install/ydlidar_sdk:/root/install/ydlidar_ros2_driver:/root/install/udp_driver:/root/install/topic_service_action_rclcpp_example:/root/install/time_rclcpp_example:/root/install/tf2_rclcpp_example:/root/install/testbot_description:/root/install/serial_driver:/root/install/rqt_example:/root/install/omo_r1mini:/root/install/omo_r1mini_navigation2:/root/install/omo_r1mini_interfaces:/root/install/omo_r1mini_gazebo:/root/install/omo_r1mini_description:/root/install/omo_r1mini_cartographer:/root/install/my_first_ros_rclcpp_pkg:/root/install/msg_srv_action_interface_example:/root/install/io_context:/root/install/asio_cmake_module LD_LIBRARY_PATH=/root/catkin_ws/install/microcdr/lib:/root/catkin_ws/install/rosidl_typesupport_microxrcedds_cpp/lib:/root/catkin_ws/install/rosidl_typesupport_microxrcedds_c/lib:/root/catkin_ws/install/udp_driver/lib:/root/catkin_ws/install/serial_driver/lib:/root/catkin_ws/install/omo_r1mini_interfaces/lib:/root/catkin_ws/install/msg_srv_action_interface_example/lib:/root/catkin_ws/install/micro_ros_agent/lib:/root/catkin_ws/install/micro_ros_msgs/lib:/root/catkin_ws/install/io_context/lib:/root/catkin_ws/install/iahrs_driver_interface/lib:/root/catkin_ws/install/drive_base_msgs/lib:/root/install/udp_driver/lib:/root/install/serial_driver/lib:/root/install/omo_r1mini_interfaces/lib:/root/install/msg_srv_action_interface_example/lib:/root/install/io_context/lib:/usr/lib/x86_64-linux-gnu/gazebo-11/plugins:/opt/ros/foxy/opt/yaml_cpp_vendor/lib:/opt/ros/foxy/opt/rviz_ogre_vendor/lib:/opt/ros/foxy/lib/x86_64-linux-gnu:/opt/ros/foxy/lib /usr/bin/cmake --build /root/catkin_ws/build/microxrcedds_client -- -j12 -l12
[1.213s] [35m[1mScanning dependencies of target microxrcedds_client[0m
[1.311s] [  2%] [32mBuilding C object CMakeFiles/microxrcedds_client.dir/src/c/core/session/stream/input_best_effort_stream.c.o[0m
[1.327s] [  5%] [32mBuilding C object CMakeFiles/microxrcedds_client.dir/src/c/core/session/stream/input_reliable_stream.c.o[0m
[1.355s] [  8%] [32mBuilding C object CMakeFiles/microxrcedds_client.dir/src/c/core/session/stream/output_best_effort_stream.c.o[0m
[1.388s] [ 11%] [32mBuilding C object CMakeFiles/microxrcedds_client.dir/src/c/core/session/stream/output_reliable_stream.c.o[0m
[1.411s] [ 14%] [32mBuilding C object CMakeFiles/microxrcedds_client.dir/src/c/core/session/stream/stream_storage.c.o[0m
[1.449s] [ 17%] [32mBuilding C object CMakeFiles/microxrcedds_client.dir/src/c/core/session/stream/stream_id.c.o[0m
[1.484s] [ 20%] [32mBuilding C object CMakeFiles/microxrcedds_client.dir/src/c/core/session/stream/seq_num.c.o[0m
[1.517s] [ 23%] [32mBuilding C object CMakeFiles/microxrcedds_client.dir/src/c/core/session/session.c.o[0m
[1.523s] [ 26%] [32mBuilding C object CMakeFiles/microxrcedds_client.dir/src/c/core/session/session_info.c.o[0m
[1.539s] [ 29%] [32mBuilding C object CMakeFiles/microxrcedds_client.dir/src/c/core/session/submessage.c.o[0m
[1.585s] [ 32%] [32mBuilding C object CMakeFiles/microxrcedds_client.dir/src/c/core/session/object_id.c.o[0m
[1.629s] [ 35%] [32mBuilding C object CMakeFiles/microxrcedds_client.dir/src/c/core/serialization/xrce_types.c.o[0m
[1.673s] [ 38%] [32mBuilding C object CMakeFiles/microxrcedds_client.dir/src/c/core/serialization/xrce_header.c.o[0m
[1.711s] [ 41%] [32mBuilding C object CMakeFiles/microxrcedds_client.dir/src/c/core/serialization/xrce_subheader.c.o[0m
[1.747s] [ 44%] [32mBuilding C object CMakeFiles/microxrcedds_client.dir/src/c/util/time.c.o[0m
[1.772s] [ 47%] [32mBuilding C object CMakeFiles/microxrcedds_client.dir/src/c/util/ping.c.o[0m
[1.794s] [ 50%] [32mBuilding C object CMakeFiles/microxrcedds_client.dir/src/c/core/session/common_create_entities.c.o[0m
[1.807s] [ 52%] [32mBuilding C object CMakeFiles/microxrcedds_client.dir/src/c/core/session/create_entities_ref.c.o[0m
[1.816s] [ 55%] [32mBuilding C object CMakeFiles/microxrcedds_client.dir/src/c/core/session/create_entities_xml.c.o[0m
[1.855s] [ 58%] [32mBuilding C object CMakeFiles/microxrcedds_client.dir/src/c/core/session/create_entities_bin.c.o[0m
[1.951s] [ 61%] [32mBuilding C object CMakeFiles/microxrcedds_client.dir/src/c/core/session/read_access.c.o[0m
[1.962s] [ 64%] [32mBuilding C object CMakeFiles/microxrcedds_client.dir/src/c/core/session/write_access.c.o[0m
[1.965s] [ 67%] [32mBuilding C object CMakeFiles/microxrcedds_client.dir/src/c/profile/transport/stream_framing/stream_framing_protocol.c.o[0m
[2.001s] [ 73%] [32mBuilding C object CMakeFiles/microxrcedds_client.dir/src/c/profile/transport/ip/udp/udp_transport_posix.c.o[0m
[2.001s] [ 73%] [32mBuilding C object CMakeFiles/microxrcedds_client.dir/src/c/profile/transport/ip/udp/udp_transport.c.o[0m
[2.121s] [ 76%] [32mBuilding C object CMakeFiles/microxrcedds_client.dir/src/c/profile/transport/ip/tcp/tcp_transport.c.o[0m
[2.131s] [ 79%] [32mBuilding C object CMakeFiles/microxrcedds_client.dir/src/c/profile/transport/serial/serial_transport.c.o[0m
[2.135s] [ 82%] [32mBuilding C object CMakeFiles/microxrcedds_client.dir/src/c/profile/transport/ip/tcp/tcp_transport_posix.c.o[0m
[2.191s] [ 85%] [32mBuilding C object CMakeFiles/microxrcedds_client.dir/src/c/profile/transport/ip/ip_posix.c.o[0m
[2.200s] [ 88%] [32mBuilding C object CMakeFiles/microxrcedds_client.dir/src/c/profile/transport/serial/serial_transport_posix.c.o[0m
[2.324s] [ 91%] [32mBuilding C object CMakeFiles/microxrcedds_client.dir/src/c/profile/discovery/discovery.c.o[0m
[2.349s] [ 94%] [32mBuilding C object CMakeFiles/microxrcedds_client.dir/src/c/profile/transport/custom/custom_transport.c.o[0m
[2.361s] [ 97%] [32mBuilding C object CMakeFiles/microxrcedds_client.dir/src/c/profile/discovery/transport/udp_transport_datagram_posix.c.o[0m
[4.183s] [100%] [32m[1mLinking C shared library libmicroxrcedds_client.so[0m
[4.462s] [100%] Built target microxrcedds_client
[4.528s] Invoked command in '/root/catkin_ws/build/microxrcedds_client' returned '0': CMAKE_PREFIX_PATH=/root/catkin_ws/install/microcdr:/root/catkin_ws/install/rosidl_typesupport_microxrcedds_cpp:/root/catkin_ws/install/rosidl_typesupport_microxrcedds_c:/root/catkin_ws/install/ydlidar_sdk:/root/catkin_ws/install/ydlidar_ros2_driver:/root/catkin_ws/install/udp_driver:/root/catkin_ws/install/topic_service_action_rclcpp_example:/root/catkin_ws/install/time_rclcpp_example:/root/catkin_ws/install/tf2_rclcpp_example:/root/catkin_ws/install/testbot_description:/root/catkin_ws/install/serial_driver:/root/catkin_ws/install/rqt_example:/root/catkin_ws/install/omo_r1mini:/root/catkin_ws/install/omo_r1mini_navigation2:/root/catkin_ws/install/omo_r1mini_interfaces:/root/catkin_ws/install/omo_r1mini_gazebo:/root/catkin_ws/install/omo_r1mini_description:/root/catkin_ws/install/omo_r1mini_cartographer:/root/catkin_ws/install/my_first_ros_rclcpp_pkg:/root/catkin_ws/install/msg_srv_action_interface_example:/root/catkin_ws/install/micro_ros_setup:/root/catkin_ws/install/micro_ros_agent:/root/catkin_ws/install/micro_ros_msgs:/root/catkin_ws/install/io_context:/root/catkin_ws/install/iahrs_driver_interface:/root/catkin_ws/install/drive_base_msgs:/root/catkin_ws/install/asio_cmake_module:/root/install/ydlidar_sdk:/root/install/ydlidar_ros2_driver:/root/install/udp_driver:/root/install/topic_service_action_rclcpp_example:/root/install/time_rclcpp_example:/root/install/tf2_rclcpp_example:/root/install/testbot_description:/root/install/serial_driver:/root/install/rqt_example:/root/install/omo_r1mini:/root/install/omo_r1mini_navigation2:/root/install/omo_r1mini_interfaces:/root/install/omo_r1mini_gazebo:/root/install/omo_r1mini_description:/root/install/omo_r1mini_cartographer:/root/install/my_first_ros_rclcpp_pkg:/root/install/msg_srv_action_interface_example:/root/install/io_context:/root/install/asio_cmake_module LD_LIBRARY_PATH=/root/catkin_ws/install/microcdr/lib:/root/catkin_ws/install/rosidl_typesupport_microxrcedds_cpp/lib:/root/catkin_ws/install/rosidl_typesupport_microxrcedds_c/lib:/root/catkin_ws/install/udp_driver/lib:/root/catkin_ws/install/serial_driver/lib:/root/catkin_ws/install/omo_r1mini_interfaces/lib:/root/catkin_ws/install/msg_srv_action_interface_example/lib:/root/catkin_ws/install/micro_ros_agent/lib:/root/catkin_ws/install/micro_ros_msgs/lib:/root/catkin_ws/install/io_context/lib:/root/catkin_ws/install/iahrs_driver_interface/lib:/root/catkin_ws/install/drive_base_msgs/lib:/root/install/udp_driver/lib:/root/install/serial_driver/lib:/root/install/omo_r1mini_interfaces/lib:/root/install/msg_srv_action_interface_example/lib:/root/install/io_context/lib:/usr/lib/x86_64-linux-gnu/gazebo-11/plugins:/opt/ros/foxy/opt/yaml_cpp_vendor/lib:/opt/ros/foxy/opt/rviz_ogre_vendor/lib:/opt/ros/foxy/lib/x86_64-linux-gnu:/opt/ros/foxy/lib /usr/bin/cmake --build /root/catkin_ws/build/microxrcedds_client -- -j12 -l12
[5.614s] Invoking command in '/root/catkin_ws/build/microxrcedds_client': CMAKE_PREFIX_PATH=/root/catkin_ws/install/microcdr:/root/catkin_ws/install/rosidl_typesupport_microxrcedds_cpp:/root/catkin_ws/install/rosidl_typesupport_microxrcedds_c:/root/catkin_ws/install/ydlidar_sdk:/root/catkin_ws/install/ydlidar_ros2_driver:/root/catkin_ws/install/udp_driver:/root/catkin_ws/install/topic_service_action_rclcpp_example:/root/catkin_ws/install/time_rclcpp_example:/root/catkin_ws/install/tf2_rclcpp_example:/root/catkin_ws/install/testbot_description:/root/catkin_ws/install/serial_driver:/root/catkin_ws/install/rqt_example:/root/catkin_ws/install/omo_r1mini:/root/catkin_ws/install/omo_r1mini_navigation2:/root/catkin_ws/install/omo_r1mini_interfaces:/root/catkin_ws/install/omo_r1mini_gazebo:/root/catkin_ws/install/omo_r1mini_description:/root/catkin_ws/install/omo_r1mini_cartographer:/root/catkin_ws/install/my_first_ros_rclcpp_pkg:/root/catkin_ws/install/msg_srv_action_interface_example:/root/catkin_ws/install/micro_ros_setup:/root/catkin_ws/install/micro_ros_agent:/root/catkin_ws/install/micro_ros_msgs:/root/catkin_ws/install/io_context:/root/catkin_ws/install/iahrs_driver_interface:/root/catkin_ws/install/drive_base_msgs:/root/catkin_ws/install/asio_cmake_module:/root/install/ydlidar_sdk:/root/install/ydlidar_ros2_driver:/root/install/udp_driver:/root/install/topic_service_action_rclcpp_example:/root/install/time_rclcpp_example:/root/install/tf2_rclcpp_example:/root/install/testbot_description:/root/install/serial_driver:/root/install/rqt_example:/root/install/omo_r1mini:/root/install/omo_r1mini_navigation2:/root/install/omo_r1mini_interfaces:/root/install/omo_r1mini_gazebo:/root/install/omo_r1mini_description:/root/install/omo_r1mini_cartographer:/root/install/my_first_ros_rclcpp_pkg:/root/install/msg_srv_action_interface_example:/root/install/io_context:/root/install/asio_cmake_module LD_LIBRARY_PATH=/root/catkin_ws/install/microcdr/lib:/root/catkin_ws/install/rosidl_typesupport_microxrcedds_cpp/lib:/root/catkin_ws/install/rosidl_typesupport_microxrcedds_c/lib:/root/catkin_ws/install/udp_driver/lib:/root/catkin_ws/install/serial_driver/lib:/root/catkin_ws/install/omo_r1mini_interfaces/lib:/root/catkin_ws/install/msg_srv_action_interface_example/lib:/root/catkin_ws/install/micro_ros_agent/lib:/root/catkin_ws/install/micro_ros_msgs/lib:/root/catkin_ws/install/io_context/lib:/root/catkin_ws/install/iahrs_driver_interface/lib:/root/catkin_ws/install/drive_base_msgs/lib:/root/install/udp_driver/lib:/root/install/serial_driver/lib:/root/install/omo_r1mini_interfaces/lib:/root/install/msg_srv_action_interface_example/lib:/root/install/io_context/lib:/usr/lib/x86_64-linux-gnu/gazebo-11/plugins:/opt/ros/foxy/opt/yaml_cpp_vendor/lib:/opt/ros/foxy/opt/rviz_ogre_vendor/lib:/opt/ros/foxy/lib/x86_64-linux-gnu:/opt/ros/foxy/lib /usr/bin/cmake --install /root/catkin_ws/build/microxrcedds_client
[5.652s] -- Install configuration: "Release"
[5.654s] -- Installing: /root/catkin_ws/install/microxrcedds_client/lib/libmicroxrcedds_client.so.2.4.0
[5.655s] -- Installing: /root/catkin_ws/install/microxrcedds_client/lib/libmicroxrcedds_client.so.2.4
[5.656s] -- Set runtime path of "/root/catkin_ws/install/microxrcedds_client/lib/libmicroxrcedds_client.so.2.4.0" to ""
[5.656s] -- Installing: /root/catkin_ws/install/microxrcedds_client/lib/libmicroxrcedds_client.so
[5.656s] -- Installing: /root/catkin_ws/install/microxrcedds_client/include/uxr/client
[5.661s] -- Installing: /root/catkin_ws/install/microxrcedds_client/include/uxr/client/core
[5.661s] -- Installing: /root/catkin_ws/install/microxrcedds_client/include/uxr/client/core/type
[5.662s] -- Installing: /root/catkin_ws/install/microxrcedds_client/include/uxr/client/core/type/xrce_types.h
[5.662s] -- Installing: /root/catkin_ws/install/microxrcedds_client/include/uxr/client/core/communication
[5.662s] -- Installing: /root/catkin_ws/install/microxrcedds_client/include/uxr/client/core/communication/communication.h
[5.662s] -- Installing: /root/catkin_ws/install/microxrcedds_client/include/uxr/client/core/session
[5.662s] -- Installing: /root/catkin_ws/install/microxrcedds_client/include/uxr/client/core/session/common_create_entities.h
[5.663s] -- Installing: /root/catkin_ws/install/microxrcedds_client/include/uxr/client/core/session/session_info.h
[5.663s] -- Installing: /root/catkin_ws/install/microxrcedds_client/include/uxr/client/core/session/session.h
[5.664s] -- Installing: /root/catkin_ws/install/microxrcedds_client/include/uxr/client/core/session/read_access.h
[5.665s] -- Installing: /root/catkin_ws/install/microxrcedds_client/include/uxr/client/core/session/stream
[5.665s] -- Installing: /root/catkin_ws/install/microxrcedds_client/include/uxr/client/core/session/stream/output_reliable_stream.h
[5.665s] -- Installing: /root/catkin_ws/install/microxrcedds_client/include/uxr/client/core/session/stream/output_best_effort_stream.h
[5.665s] -- Installing: /root/catkin_ws/install/microxrcedds_client/include/uxr/client/core/session/stream/stream_id.h
[5.665s] -- Installing: /root/catkin_ws/install/microxrcedds_client/include/uxr/client/core/session/stream/input_reliable_stream.h
[5.666s] -- Installing: /root/catkin_ws/install/microxrcedds_client/include/uxr/client/core/session/stream/input_best_effort_stream.h
[5.666s] -- Installing: /root/catkin_ws/install/microxrcedds_client/include/uxr/client/core/session/stream/reliable_stream.h
[5.666s] -- Installing: /root/catkin_ws/install/microxrcedds_client/include/uxr/client/core/session/stream/stream_storage.h
[5.666s] -- Installing: /root/catkin_ws/install/microxrcedds_client/include/uxr/client/core/session/stream/seq_num.h
[5.666s] -- Installing: /root/catkin_ws/install/microxrcedds_client/include/uxr/client/core/session/create_entities_ref.h
[5.667s] -- Installing: /root/catkin_ws/install/microxrcedds_client/include/uxr/client/core/session/write_access.h
[5.667s] -- Installing: /root/catkin_ws/install/microxrcedds_client/include/uxr/client/core/session/create_entities_xml.h
[5.667s] -- Installing: /root/catkin_ws/install/microxrcedds_client/include/uxr/client/core/session/object_id.h
[5.667s] -- Installing: /root/catkin_ws/install/microxrcedds_client/include/uxr/client/core/session/time_sync.h
[5.667s] -- Installing: /root/catkin_ws/install/microxrcedds_client/include/uxr/client/core/session/create_entities_bin.h
[5.670s] -- Installing: /root/catkin_ws/install/microxrcedds_client/include/uxr/client/defines.h
[5.670s] -- Installing: /root/catkin_ws/install/microxrcedds_client/include/uxr/client/profile
[5.670s] -- Installing: /root/catkin_ws/install/microxrcedds_client/include/uxr/client/profile/transport
[5.671s] -- Installing: /root/catkin_ws/install/microxrcedds_client/include/uxr/client/profile/transport/serial
[5.671s] -- Installing: /root/catkin_ws/install/microxrcedds_client/include/uxr/client/profile/transport/serial/serial_transport_rtems_bsd_net.h
[5.671s] -- Installing: /root/catkin_ws/install/microxrcedds_client/include/uxr/client/profile/transport/serial/serial_transport_posix.h
[5.671s] -- Installing: /root/catkin_ws/install/microxrcedds_client/include/uxr/client/profile/transport/serial/serial_transport_platform.h
[5.674s] -- Installing: /root/catkin_ws/install/microxrcedds_client/include/uxr/client/profile/transport/serial/serial_transport.h
[5.674s] -- Installing: /root/catkin_ws/install/microxrcedds_client/include/uxr/client/profile/transport/custom
[5.675s] -- Installing: /root/catkin_ws/install/microxrcedds_client/include/uxr/client/profile/transport/custom/custom_transport.h
[5.675s] -- Installing: /root/catkin_ws/install/microxrcedds_client/include/uxr/client/profile/transport/can
[5.675s] -- Installing: /root/catkin_ws/install/microxrcedds_client/include/uxr/client/profile/transport/can/can_transport_posix.h
[5.675s] -- Installing: /root/catkin_ws/install/microxrcedds_client/include/uxr/client/profile/transport/can/can_transport.h
[5.675s] -- Installing: /root/catkin_ws/install/microxrcedds_client/include/uxr/client/profile/transport/ip
[5.676s] -- Installing: /root/catkin_ws/install/microxrcedds_client/include/uxr/client/profile/transport/ip/udp
[5.676s] -- Installing: /root/catkin_ws/install/microxrcedds_client/include/uxr/client/profile/transport/ip/udp/udp_transport_windows.h
[5.676s] -- Installing: /root/catkin_ws/install/microxrcedds_client/include/uxr/client/profile/transport/ip/udp/udp_transport_posix_nopoll.h
[5.681s] -- Installing: /root/catkin_ws/install/microxrcedds_client/include/uxr/client/profile/transport/ip/udp/udp_transport_posix.h
[5.681s] -- Installing: /root/catkin_ws/install/microxrcedds_client/include/uxr/client/profile/transport/ip/udp/udp_transport_rtems_bsd_net.h
[5.681s] -- Installing: /root/catkin_ws/install/microxrcedds_client/include/uxr/client/profile/transport/ip/udp/udp_transport.h
[5.681s] -- Installing: /root/catkin_ws/install/microxrcedds_client/include/uxr/client/profile/transport/ip/udp/udp_transport_freertos_plus_tcp.h
[5.682s] -- Installing: /root/catkin_ws/install/microxrcedds_client/include/uxr/client/profile/transport/ip/tcp
[5.682s] -- Installing: /root/catkin_ws/install/microxrcedds_client/include/uxr/client/profile/transport/ip/tcp/tcp_transport_rtems_bsd_net.h
[5.691s] -- Installing: /root/catkin_ws/install/microxrcedds_client/include/uxr/client/profile/transport/ip/tcp/tcp_transport_posix.h
[5.691s] -- Installing: /root/catkin_ws/install/microxrcedds_client/include/uxr/client/profile/transport/ip/tcp/tcp_transport_freertos_plus_tcp.h
[5.691s] -- Installing: /root/catkin_ws/install/microxrcedds_client/include/uxr/client/profile/transport/ip/tcp/tcp_transport_windows.h
[5.691s] -- Installing: /root/catkin_ws/install/microxrcedds_client/include/uxr/client/profile/transport/ip/tcp/tcp_transport_posix_nopoll.h
[5.692s] -- Installing: /root/catkin_ws/install/microxrcedds_client/include/uxr/client/profile/transport/ip/tcp/tcp_transport.h
[5.692s] -- Installing: /root/catkin_ws/install/microxrcedds_client/include/uxr/client/profile/transport/ip/ip.h
[5.692s] -- Installing: /root/catkin_ws/install/microxrcedds_client/include/uxr/client/profile/transport/stream_framing
[5.692s] -- Installing: /root/catkin_ws/install/microxrcedds_client/include/uxr/client/profile/transport/stream_framing/stream_framing_protocol.h
[5.692s] -- Installing: /root/catkin_ws/install/microxrcedds_client/include/uxr/client/profile/multithread
[5.692s] -- Installing: /root/catkin_ws/install/microxrcedds_client/include/uxr/client/profile/multithread/multithread.h
[5.693s] -- Installing: /root/catkin_ws/install/microxrcedds_client/include/uxr/client/profile/discovery
[5.693s] -- Installing: /root/catkin_ws/install/microxrcedds_client/include/uxr/client/profile/discovery/discovery.h
[5.693s] -- Installing: /root/catkin_ws/install/microxrcedds_client/include/uxr/client/client.h
[5.693s] -- Installing: /root/catkin_ws/install/microxrcedds_client/include/uxr/client/visibility.h
[5.693s] -- Installing: /root/catkin_ws/install/microxrcedds_client/include/uxr/client/transport.h
[5.693s] -- Installing: /root/catkin_ws/install/microxrcedds_client/include/uxr/client/util
[5.694s] -- Installing: /root/catkin_ws/install/microxrcedds_client/include/uxr/client/util/time.h
[5.694s] -- Installing: /root/catkin_ws/install/microxrcedds_client/include/uxr/client/util/ping.h
[5.699s] -- Installing: /root/catkin_ws/install/microxrcedds_client/include/uxr/client/config.h
[5.700s] -- Installing: /root/catkin_ws/install/microxrcedds_client/share/microxrcedds_client/cmake/microxrcedds_clientTargets.cmake
[5.701s] -- Installing: /root/catkin_ws/install/microxrcedds_client/share/microxrcedds_client/cmake/microxrcedds_clientTargets-release.cmake
[5.702s] -- Installing: /root/catkin_ws/install/microxrcedds_client/share/microxrcedds_client/cmake/microxrcedds_clientConfig.cmake
[5.702s] -- Installing: /root/catkin_ws/install/microxrcedds_client/share/microxrcedds_client/cmake/microxrcedds_clientConfigVersion.cmake
[5.711s] Invoked command in '/root/catkin_ws/build/microxrcedds_client' returned '0': CMAKE_PREFIX_PATH=/root/catkin_ws/install/microcdr:/root/catkin_ws/install/rosidl_typesupport_microxrcedds_cpp:/root/catkin_ws/install/rosidl_typesupport_microxrcedds_c:/root/catkin_ws/install/ydlidar_sdk:/root/catkin_ws/install/ydlidar_ros2_driver:/root/catkin_ws/install/udp_driver:/root/catkin_ws/install/topic_service_action_rclcpp_example:/root/catkin_ws/install/time_rclcpp_example:/root/catkin_ws/install/tf2_rclcpp_example:/root/catkin_ws/install/testbot_description:/root/catkin_ws/install/serial_driver:/root/catkin_ws/install/rqt_example:/root/catkin_ws/install/omo_r1mini:/root/catkin_ws/install/omo_r1mini_navigation2:/root/catkin_ws/install/omo_r1mini_interfaces:/root/catkin_ws/install/omo_r1mini_gazebo:/root/catkin_ws/install/omo_r1mini_description:/root/catkin_ws/install/omo_r1mini_cartographer:/root/catkin_ws/install/my_first_ros_rclcpp_pkg:/root/catkin_ws/install/msg_srv_action_interface_example:/root/catkin_ws/install/micro_ros_setup:/root/catkin_ws/install/micro_ros_agent:/root/catkin_ws/install/micro_ros_msgs:/root/catkin_ws/install/io_context:/root/catkin_ws/install/iahrs_driver_interface:/root/catkin_ws/install/drive_base_msgs:/root/catkin_ws/install/asio_cmake_module:/root/install/ydlidar_sdk:/root/install/ydlidar_ros2_driver:/root/install/udp_driver:/root/install/topic_service_action_rclcpp_example:/root/install/time_rclcpp_example:/root/install/tf2_rclcpp_example:/root/install/testbot_description:/root/install/serial_driver:/root/install/rqt_example:/root/install/omo_r1mini:/root/install/omo_r1mini_navigation2:/root/install/omo_r1mini_interfaces:/root/install/omo_r1mini_gazebo:/root/install/omo_r1mini_description:/root/install/omo_r1mini_cartographer:/root/install/my_first_ros_rclcpp_pkg:/root/install/msg_srv_action_interface_example:/root/install/io_context:/root/install/asio_cmake_module LD_LIBRARY_PATH=/root/catkin_ws/install/microcdr/lib:/root/catkin_ws/install/rosidl_typesupport_microxrcedds_cpp/lib:/root/catkin_ws/install/rosidl_typesupport_microxrcedds_c/lib:/root/catkin_ws/install/udp_driver/lib:/root/catkin_ws/install/serial_driver/lib:/root/catkin_ws/install/omo_r1mini_interfaces/lib:/root/catkin_ws/install/msg_srv_action_interface_example/lib:/root/catkin_ws/install/micro_ros_agent/lib:/root/catkin_ws/install/micro_ros_msgs/lib:/root/catkin_ws/install/io_context/lib:/root/catkin_ws/install/iahrs_driver_interface/lib:/root/catkin_ws/install/drive_base_msgs/lib:/root/install/udp_driver/lib:/root/install/serial_driver/lib:/root/install/omo_r1mini_interfaces/lib:/root/install/msg_srv_action_interface_example/lib:/root/install/io_context/lib:/usr/lib/x86_64-linux-gnu/gazebo-11/plugins:/opt/ros/foxy/opt/yaml_cpp_vendor/lib:/opt/ros/foxy/opt/rviz_ogre_vendor/lib:/opt/ros/foxy/lib/x86_64-linux-gnu:/opt/ros/foxy/lib /usr/bin/cmake --install /root/catkin_ws/build/microxrcedds_client
