[0.905s] Invoking command in '/root/catkin_ws/build/time_rclcpp_example': CMAKE_PREFIX_PATH=${CMAKE_PREFIX_PATH}:/root/catkin_ws/install/topic_service_action_rclpy_example:/root/catkin_ws/install/time_rclpy_example:/root/catkin_ws/install/tf2_rclpy_example:/root/catkin_ws/install/ros2env:/root/catkin_ws/install/omo_r1mini_teleop:/root/catkin_ws/install/omo_r1mini_bringup:/root/catkin_ws/install/my_first_ros_rclpy_pkg:/root/catkin_ws/install/logging_rclpy_example:/root/catkin_ws/install/iahrs_driver:/root/install/topic_service_action_rclpy_example:/root/install/time_rclpy_example:/root/install/tf2_rclpy_example:/root/install/ros2env:/root/install/omo_r1mini_teleop:/root/install/omo_r1mini_bringup:/root/install/my_first_ros_rclpy_pkg:/root/install/logging_rclpy_example:/opt/ros/foxy /usr/bin/cmake --build /root/catkin_ws/build/time_rclcpp_example -- -j12 -l12
[1.083s] [100%] Built target time_example
[1.312s] Invoked command in '/root/catkin_ws/build/time_rclcpp_example' returned '0': CMAKE_PREFIX_PATH=${CMAKE_PREFIX_PATH}:/root/catkin_ws/install/topic_service_action_rclpy_example:/root/catkin_ws/install/time_rclpy_example:/root/catkin_ws/install/tf2_rclpy_example:/root/catkin_ws/install/ros2env:/root/catkin_ws/install/omo_r1mini_teleop:/root/catkin_ws/install/omo_r1mini_bringup:/root/catkin_ws/install/my_first_ros_rclpy_pkg:/root/catkin_ws/install/logging_rclpy_example:/root/catkin_ws/install/iahrs_driver:/root/install/topic_service_action_rclpy_example:/root/install/time_rclpy_example:/root/install/tf2_rclpy_example:/root/install/ros2env:/root/install/omo_r1mini_teleop:/root/install/omo_r1mini_bringup:/root/install/my_first_ros_rclpy_pkg:/root/install/logging_rclpy_example:/opt/ros/foxy /usr/bin/cmake --build /root/catkin_ws/build/time_rclcpp_example -- -j12 -l12
[2.248s] Invoking command in '/root/catkin_ws/build/time_rclcpp_example': CMAKE_PREFIX_PATH=${CMAKE_PREFIX_PATH}:/root/catkin_ws/install/topic_service_action_rclpy_example:/root/catkin_ws/install/time_rclpy_example:/root/catkin_ws/install/tf2_rclpy_example:/root/catkin_ws/install/ros2env:/root/catkin_ws/install/omo_r1mini_teleop:/root/catkin_ws/install/omo_r1mini_bringup:/root/catkin_ws/install/my_first_ros_rclpy_pkg:/root/catkin_ws/install/logging_rclpy_example:/root/catkin_ws/install/iahrs_driver:/root/install/topic_service_action_rclpy_example:/root/install/time_rclpy_example:/root/install/tf2_rclpy_example:/root/install/ros2env:/root/install/omo_r1mini_teleop:/root/install/omo_r1mini_bringup:/root/install/my_first_ros_rclpy_pkg:/root/install/logging_rclpy_example:/opt/ros/foxy /usr/bin/cmake --install /root/catkin_ws/build/time_rclcpp_example
[2.389s] -- Install configuration: ""
[2.390s] -- Execute custom install script
[2.393s] -- Up-to-date symlink: /root/catkin_ws/install/time_rclcpp_example/lib/time_rclcpp_example/time_example
[2.394s] -- Up-to-date symlink: /root/catkin_ws/install/time_rclcpp_example/share/ament_index/resource_index/package_run_dependencies/time_rclcpp_example
[2.394s] -- Up-to-date symlink: /root/catkin_ws/install/time_rclcpp_example/share/ament_index/resource_index/parent_prefix_path/time_rclcpp_example
[2.394s] -- Up-to-date symlink: /root/catkin_ws/install/time_rclcpp_example/share/time_rclcpp_example/environment/ament_prefix_path.sh
[2.394s] -- Up-to-date symlink: /root/catkin_ws/install/time_rclcpp_example/share/time_rclcpp_example/environment/ament_prefix_path.dsv
[2.395s] -- Up-to-date symlink: /root/catkin_ws/install/time_rclcpp_example/share/time_rclcpp_example/environment/path.sh
[2.395s] -- Up-to-date symlink: /root/catkin_ws/install/time_rclcpp_example/share/time_rclcpp_example/environment/path.dsv
[2.395s] -- Up-to-date symlink: /root/catkin_ws/install/time_rclcpp_example/share/time_rclcpp_example/local_setup.bash
[2.396s] -- Up-to-date symlink: /root/catkin_ws/install/time_rclcpp_example/share/time_rclcpp_example/local_setup.sh
[2.396s] -- Up-to-date symlink: /root/catkin_ws/install/time_rclcpp_example/share/time_rclcpp_example/local_setup.zsh
[2.396s] -- Up-to-date symlink: /root/catkin_ws/install/time_rclcpp_example/share/time_rclcpp_example/local_setup.dsv
[2.401s] -- Symlinking: /root/catkin_ws/install/time_rclcpp_example/share/time_rclcpp_example/package.dsv
[2.401s] -- Up-to-date symlink: /root/catkin_ws/install/time_rclcpp_example/share/ament_index/resource_index/packages/time_rclcpp_example
[2.402s] -- Up-to-date symlink: /root/catkin_ws/install/time_rclcpp_example/share/time_rclcpp_example/cmake/time_rclcpp_exampleConfig.cmake
[2.402s] -- Up-to-date symlink: /root/catkin_ws/install/time_rclcpp_example/share/time_rclcpp_example/cmake/time_rclcpp_exampleConfig-version.cmake
[2.402s] -- Up-to-date symlink: /root/catkin_ws/install/time_rclcpp_example/share/time_rclcpp_example/package.xml
[3.117s] Invoked command in '/root/catkin_ws/build/time_rclcpp_example' returned '0': CMAKE_PREFIX_PATH=${CMAKE_PREFIX_PATH}:/root/catkin_ws/install/topic_service_action_rclpy_example:/root/catkin_ws/install/time_rclpy_example:/root/catkin_ws/install/tf2_rclpy_example:/root/catkin_ws/install/ros2env:/root/catkin_ws/install/omo_r1mini_teleop:/root/catkin_ws/install/omo_r1mini_bringup:/root/catkin_ws/install/my_first_ros_rclpy_pkg:/root/catkin_ws/install/logging_rclpy_example:/root/catkin_ws/install/iahrs_driver:/root/install/topic_service_action_rclpy_example:/root/install/time_rclpy_example:/root/install/tf2_rclpy_example:/root/install/ros2env:/root/install/omo_r1mini_teleop:/root/install/omo_r1mini_bringup:/root/install/my_first_ros_rclpy_pkg:/root/install/logging_rclpy_example:/opt/ros/foxy /usr/bin/cmake --install /root/catkin_ws/build/time_rclcpp_example
