-- Found ament_cmake: 0.9.11 (/opt/ros/foxy/share/ament_cmake/cmake)
-- Using PYTHON_EXECUTABLE: /usr/bin/python3
-- Override CMake install command with custom implementation using symlinks instead of copying resources
-- Configuring done
-- Generating done
-- Build files have been written to: /root/catkin_ws/build/micro_ros_demos_rclcpp
[ 41%] Built target string_subscriber
[ 42%] Built target string_publisher
[ 42%] Built target RAD0_control
[ 57%] Built target complex_msg_publisher
[ 80%] Built target int32_publisher
[ 85%] Built target complex_msg_subscriber
[100%] Built target int32_subscriber
-- Install configuration: ""
-- Execute custom install script
-- Symlinking: /root/catkin_ws/install/micro_ros_demos_rclcpp/share/ament_index/resource_index/package_run_dependencies/micro_ros_demos_rclcpp
-- Symlinking: /root/catkin_ws/install/micro_ros_demos_rclcpp/share/ament_index/resource_index/parent_prefix_path/micro_ros_demos_rclcpp
-- Symlinking: /root/catkin_ws/install/micro_ros_demos_rclcpp/share/micro_ros_demos_rclcpp/environment/ament_prefix_path.sh
-- Symlinking: /root/catkin_ws/install/micro_ros_demos_rclcpp/share/micro_ros_demos_rclcpp/environment/ament_prefix_path.dsv
-- Symlinking: /root/catkin_ws/install/micro_ros_demos_rclcpp/share/micro_ros_demos_rclcpp/environment/path.sh
-- Symlinking: /root/catkin_ws/install/micro_ros_demos_rclcpp/share/micro_ros_demos_rclcpp/environment/path.dsv
-- Symlinking: /root/catkin_ws/install/micro_ros_demos_rclcpp/share/micro_ros_demos_rclcpp/local_setup.bash
-- Symlinking: /root/catkin_ws/install/micro_ros_demos_rclcpp/share/micro_ros_demos_rclcpp/local_setup.sh
-- Symlinking: /root/catkin_ws/install/micro_ros_demos_rclcpp/share/micro_ros_demos_rclcpp/local_setup.zsh
-- Symlinking: /root/catkin_ws/install/micro_ros_demos_rclcpp/share/micro_ros_demos_rclcpp/local_setup.dsv
-- Symlinking: /root/catkin_ws/install/micro_ros_demos_rclcpp/share/micro_ros_demos_rclcpp/package.dsv
-- Symlinking: /root/catkin_ws/install/micro_ros_demos_rclcpp/share/ament_index/resource_index/packages/micro_ros_demos_rclcpp
-- Symlinking: /root/catkin_ws/install/micro_ros_demos_rclcpp/share/micro_ros_demos_rclcpp/cmake/micro_ros_demos_rclcppConfig.cmake
-- Symlinking: /root/catkin_ws/install/micro_ros_demos_rclcpp/share/micro_ros_demos_rclcpp/cmake/micro_ros_demos_rclcppConfig-version.cmake
-- Symlinking: /root/catkin_ws/install/micro_ros_demos_rclcpp/share/micro_ros_demos_rclcpp/package.xml
-- Up-to-date: /root/catkin_ws/install/micro_ros_demos_rclcpp/lib/micro_ros_demos_rclcpp
-- Up-to-date: /root/catkin_ws/install/micro_ros_demos_rclcpp/lib/micro_ros_demos_rclcpp/string_publisher
-- Up-to-date: /root/catkin_ws/install/micro_ros_demos_rclcpp/lib/micro_ros_demos_rclcpp/string_publisher/string_publisher
-- Up-to-date: /root/catkin_ws/install/micro_ros_demos_rclcpp/lib/micro_ros_demos_rclcpp/complex_msg_subscriber
-- Up-to-date: /root/catkin_ws/install/micro_ros_demos_rclcpp/lib/micro_ros_demos_rclcpp/complex_msg_subscriber/complex_msg_subscriber
-- Up-to-date: /root/catkin_ws/install/micro_ros_demos_rclcpp/lib/micro_ros_demos_rclcpp/int32_publisher
-- Up-to-date: /root/catkin_ws/install/micro_ros_demos_rclcpp/lib/micro_ros_demos_rclcpp/int32_publisher/int32_publisher
-- Up-to-date: /root/catkin_ws/install/micro_ros_demos_rclcpp/lib/micro_ros_demos_rclcpp/rad0_control
-- Up-to-date: /root/catkin_ws/install/micro_ros_demos_rclcpp/lib/micro_ros_demos_rclcpp/rad0_control/rad0_control
-- Up-to-date: /root/catkin_ws/install/micro_ros_demos_rclcpp/lib/micro_ros_demos_rclcpp/string_subscriber
-- Up-to-date: /root/catkin_ws/install/micro_ros_demos_rclcpp/lib/micro_ros_demos_rclcpp/string_subscriber/string_subscriber
-- Up-to-date: /root/catkin_ws/install/micro_ros_demos_rclcpp/lib/micro_ros_demos_rclcpp/complex_msg_publisher
-- Up-to-date: /root/catkin_ws/install/micro_ros_demos_rclcpp/lib/micro_ros_demos_rclcpp/complex_msg_publisher/complex_msg_publisher
-- Up-to-date: /root/catkin_ws/install/micro_ros_demos_rclcpp/lib/micro_ros_demos_rclcpp/int32_subscriber
-- Up-to-date: /root/catkin_ws/install/micro_ros_demos_rclcpp/lib/micro_ros_demos_rclcpp/int32_subscriber/int32_subscriber
