[0.299s] Invoking command in '/root/catkin_ws/build/msg_srv_action_interface_example': CMAKE_PREFIX_PATH=${CMAKE_PREFIX_PATH}:/root/catkin_ws/install/topic_service_action_rclpy_example:/root/catkin_ws/install/time_rclpy_example:/root/catkin_ws/install/tf2_rclpy_example:/root/catkin_ws/install/ros2env:/root/catkin_ws/install/omo_r1mini_teleop:/root/catkin_ws/install/omo_r1mini_bringup:/root/catkin_ws/install/my_first_ros_rclpy_pkg:/root/catkin_ws/install/logging_rclpy_example:/root/catkin_ws/src/install/topic_service_action_rclpy_example:/root/catkin_ws/src/install/time_rclpy_example:/root/catkin_ws/src/install/tf2_rclpy_example:/root/catkin_ws/src/install/ros2env:/root/catkin_ws/src/install/omo_r1mini_teleop:/root/catkin_ws/src/install/omo_r1mini_bringup:/root/catkin_ws/src/install/my_first_ros_rclpy_pkg:/root/catkin_ws/src/install/logging_rclpy_example:/opt/ros/foxy /usr/bin/cmake --build /root/catkin_ws/build/msg_srv_action_interface_example -- -j12 -l12
[2.318s] [  2%] Built target msg_srv_action_interface_example__cpp
[2.319s] [ 12%] Built target msg_srv_action_interface_example__rosidl_generator_c
[2.319s] [ 23%] Built target msg_srv_action_interface_example__rosidl_typesupport_cpp
[2.321s] [ 34%] Built target msg_srv_action_interface_example__rosidl_typesupport_fastrtps_cpp
[2.322s] [ 44%] Built target msg_srv_action_interface_example__rosidl_typesupport_introspection_cpp
[2.322s] [ 55%] Built target msg_srv_action_interface_example__rosidl_typesupport_c
[2.322s] [ 65%] Built target msg_srv_action_interface_example__rosidl_typesupport_introspection_c
[2.322s] [ 76%] Built target msg_srv_action_interface_example__rosidl_typesupport_fastrtps_c
[2.322s] [ 76%] Built target msg_srv_action_interface_example
[2.322s] [ 78%] Built target msg_srv_action_interface_example__py
[2.323s] [ 87%] Built target msg_srv_action_interface_example__python
[2.323s] [ 91%] Built target msg_srv_action_interface_example__rosidl_typesupport_c__pyext
[2.325s] [ 95%] Built target msg_srv_action_interface_example__rosidl_typesupport_introspection_c__pyext
[2.325s] [100%] Built target msg_srv_action_interface_example__rosidl_typesupport_fastrtps_c__pyext
[2.328s] Invoked command in '/root/catkin_ws/build/msg_srv_action_interface_example' returned '0': CMAKE_PREFIX_PATH=${CMAKE_PREFIX_PATH}:/root/catkin_ws/install/topic_service_action_rclpy_example:/root/catkin_ws/install/time_rclpy_example:/root/catkin_ws/install/tf2_rclpy_example:/root/catkin_ws/install/ros2env:/root/catkin_ws/install/omo_r1mini_teleop:/root/catkin_ws/install/omo_r1mini_bringup:/root/catkin_ws/install/my_first_ros_rclpy_pkg:/root/catkin_ws/install/logging_rclpy_example:/root/catkin_ws/src/install/topic_service_action_rclpy_example:/root/catkin_ws/src/install/time_rclpy_example:/root/catkin_ws/src/install/tf2_rclpy_example:/root/catkin_ws/src/install/ros2env:/root/catkin_ws/src/install/omo_r1mini_teleop:/root/catkin_ws/src/install/omo_r1mini_bringup:/root/catkin_ws/src/install/my_first_ros_rclpy_pkg:/root/catkin_ws/src/install/logging_rclpy_example:/opt/ros/foxy /usr/bin/cmake --build /root/catkin_ws/build/msg_srv_action_interface_example -- -j12 -l12
[2.582s] Invoking command in '/root/catkin_ws/build/msg_srv_action_interface_example': CMAKE_PREFIX_PATH=${CMAKE_PREFIX_PATH}:/root/catkin_ws/install/topic_service_action_rclpy_example:/root/catkin_ws/install/time_rclpy_example:/root/catkin_ws/install/tf2_rclpy_example:/root/catkin_ws/install/ros2env:/root/catkin_ws/install/omo_r1mini_teleop:/root/catkin_ws/install/omo_r1mini_bringup:/root/catkin_ws/install/my_first_ros_rclpy_pkg:/root/catkin_ws/install/logging_rclpy_example:/root/catkin_ws/src/install/topic_service_action_rclpy_example:/root/catkin_ws/src/install/time_rclpy_example:/root/catkin_ws/src/install/tf2_rclpy_example:/root/catkin_ws/src/install/ros2env:/root/catkin_ws/src/install/omo_r1mini_teleop:/root/catkin_ws/src/install/omo_r1mini_bringup:/root/catkin_ws/src/install/my_first_ros_rclpy_pkg:/root/catkin_ws/src/install/logging_rclpy_example:/opt/ros/foxy /usr/bin/cmake --install /root/catkin_ws/build/msg_srv_action_interface_example
[2.627s] -- Install configuration: ""
[2.630s] -- Execute custom install script
[2.640s] -- Up-to-date symlink: /root/catkin_ws/install/msg_srv_action_interface_example/share/ament_index/resource_index/rosidl_interfaces/msg_srv_action_interface_example
[2.641s] -- Up-to-date symlink: /root/catkin_ws/install/msg_srv_action_interface_example/include/msg_srv_action_interface_example/action/arithmetic_checker.h
[2.641s] -- Up-to-date symlink: /root/catkin_ws/install/msg_srv_action_interface_example/include/msg_srv_action_interface_example/action/detail/arithmetic_checker__functions.h
[2.641s] -- Up-to-date symlink: /root/catkin_ws/install/msg_srv_action_interface_example/include/msg_srv_action_interface_example/action/detail/arithmetic_checker__struct.h
[2.641s] -- Up-to-date symlink: /root/catkin_ws/install/msg_srv_action_interface_example/include/msg_srv_action_interface_example/action/detail/arithmetic_checker__type_support.h
[2.641s] -- Up-to-date symlink: /root/catkin_ws/install/msg_srv_action_interface_example/include/msg_srv_action_interface_example/msg/arithmetic_argument.h
[2.642s] -- Up-to-date symlink: /root/catkin_ws/install/msg_srv_action_interface_example/include/msg_srv_action_interface_example/msg/detail/arithmetic_argument__functions.h
[2.642s] -- Up-to-date symlink: /root/catkin_ws/install/msg_srv_action_interface_example/include/msg_srv_action_interface_example/msg/detail/arithmetic_argument__struct.h
[2.642s] -- Up-to-date symlink: /root/catkin_ws/install/msg_srv_action_interface_example/include/msg_srv_action_interface_example/msg/detail/arithmetic_argument__type_support.h
[2.643s] -- Up-to-date symlink: /root/catkin_ws/install/msg_srv_action_interface_example/include/msg_srv_action_interface_example/msg/rosidl_generator_c__visibility_control.h
[2.643s] -- Up-to-date symlink: /root/catkin_ws/install/msg_srv_action_interface_example/include/msg_srv_action_interface_example/srv/arithmetic_operator.h
[2.643s] -- Up-to-date symlink: /root/catkin_ws/install/msg_srv_action_interface_example/include/msg_srv_action_interface_example/srv/detail/arithmetic_operator__functions.h
[2.643s] -- Up-to-date symlink: /root/catkin_ws/install/msg_srv_action_interface_example/include/msg_srv_action_interface_example/srv/detail/arithmetic_operator__struct.h
[2.643s] -- Up-to-date symlink: /root/catkin_ws/install/msg_srv_action_interface_example/include/msg_srv_action_interface_example/srv/detail/arithmetic_operator__type_support.h
[2.644s] -- Up-to-date symlink: /root/catkin_ws/install/msg_srv_action_interface_example/share/msg_srv_action_interface_example/environment/library_path.sh
[2.648s] -- Up-to-date symlink: /root/catkin_ws/install/msg_srv_action_interface_example/share/msg_srv_action_interface_example/environment/library_path.dsv
[2.650s] -- Up-to-date symlink: /root/catkin_ws/install/msg_srv_action_interface_example/include/msg_srv_action_interface_example/action/detail/arithmetic_checker__rosidl_typesupport_fastrtps_c.h
[2.653s] -- Up-to-date symlink: /root/catkin_ws/install/msg_srv_action_interface_example/include/msg_srv_action_interface_example/msg/detail/arithmetic_argument__rosidl_typesupport_fastrtps_c.h
[2.653s] -- Up-to-date symlink: /root/catkin_ws/install/msg_srv_action_interface_example/include/msg_srv_action_interface_example/msg/rosidl_typesupport_fastrtps_c__visibility_control.h
[2.654s] -- Up-to-date symlink: /root/catkin_ws/install/msg_srv_action_interface_example/include/msg_srv_action_interface_example/srv/detail/arithmetic_operator__rosidl_typesupport_fastrtps_c.h
[2.654s] -- Up-to-date symlink: /root/catkin_ws/install/msg_srv_action_interface_example/lib/libmsg_srv_action_interface_example__rosidl_typesupport_fastrtps_c.so
[2.656s] -- Up-to-date symlink: /root/catkin_ws/install/msg_srv_action_interface_example/include/msg_srv_action_interface_example/action/detail/arithmetic_checker__rosidl_typesupport_fastrtps_cpp.hpp
[2.657s] -- Up-to-date symlink: /root/catkin_ws/install/msg_srv_action_interface_example/include/msg_srv_action_interface_example/msg/detail/arithmetic_argument__rosidl_typesupport_fastrtps_cpp.hpp
[2.658s] -- Up-to-date symlink: /root/catkin_ws/install/msg_srv_action_interface_example/include/msg_srv_action_interface_example/msg/rosidl_typesupport_fastrtps_cpp__visibility_control.h
[2.661s] -- Up-to-date symlink: /root/catkin_ws/install/msg_srv_action_interface_example/include/msg_srv_action_interface_example/srv/detail/arithmetic_operator__rosidl_typesupport_fastrtps_cpp.hpp
[2.662s] -- Up-to-date symlink: /root/catkin_ws/install/msg_srv_action_interface_example/lib/libmsg_srv_action_interface_example__rosidl_typesupport_fastrtps_cpp.so
[2.662s] -- Up-to-date symlink: /root/catkin_ws/install/msg_srv_action_interface_example/include/msg_srv_action_interface_example/action/detail/arithmetic_checker__rosidl_typesupport_introspection_c.h
[2.662s] -- Up-to-date symlink: /root/catkin_ws/install/msg_srv_action_interface_example/include/msg_srv_action_interface_example/msg/detail/arithmetic_argument__rosidl_typesupport_introspection_c.h
[2.662s] -- Up-to-date symlink: /root/catkin_ws/install/msg_srv_action_interface_example/include/msg_srv_action_interface_example/msg/rosidl_typesupport_introspection_c__visibility_control.h
[2.662s] -- Up-to-date symlink: /root/catkin_ws/install/msg_srv_action_interface_example/include/msg_srv_action_interface_example/srv/detail/arithmetic_operator__rosidl_typesupport_introspection_c.h
[2.662s] -- Up-to-date symlink: /root/catkin_ws/install/msg_srv_action_interface_example/include/msg_srv_action_interface_example/action/arithmetic_checker.hpp
[2.663s] -- Up-to-date symlink: /root/catkin_ws/install/msg_srv_action_interface_example/include/msg_srv_action_interface_example/action/detail/arithmetic_checker__builder.hpp
[2.663s] -- Up-to-date symlink: /root/catkin_ws/install/msg_srv_action_interface_example/include/msg_srv_action_interface_example/action/detail/arithmetic_checker__struct.hpp
[2.663s] -- Up-to-date symlink: /root/catkin_ws/install/msg_srv_action_interface_example/include/msg_srv_action_interface_example/action/detail/arithmetic_checker__traits.hpp
[2.663s] -- Up-to-date symlink: /root/catkin_ws/install/msg_srv_action_interface_example/include/msg_srv_action_interface_example/msg/arithmetic_argument.hpp
[2.663s] -- Up-to-date symlink: /root/catkin_ws/install/msg_srv_action_interface_example/include/msg_srv_action_interface_example/msg/detail/arithmetic_argument__builder.hpp
[2.663s] -- Up-to-date symlink: /root/catkin_ws/install/msg_srv_action_interface_example/include/msg_srv_action_interface_example/msg/detail/arithmetic_argument__struct.hpp
[2.663s] -- Up-to-date symlink: /root/catkin_ws/install/msg_srv_action_interface_example/include/msg_srv_action_interface_example/msg/detail/arithmetic_argument__traits.hpp
[2.664s] -- Up-to-date symlink: /root/catkin_ws/install/msg_srv_action_interface_example/include/msg_srv_action_interface_example/srv/arithmetic_operator.hpp
[2.664s] -- Up-to-date symlink: /root/catkin_ws/install/msg_srv_action_interface_example/include/msg_srv_action_interface_example/srv/detail/arithmetic_operator__builder.hpp
[2.667s] -- Up-to-date symlink: /root/catkin_ws/install/msg_srv_action_interface_example/include/msg_srv_action_interface_example/srv/detail/arithmetic_operator__struct.hpp
[2.669s] -- Up-to-date symlink: /root/catkin_ws/install/msg_srv_action_interface_example/include/msg_srv_action_interface_example/srv/detail/arithmetic_operator__traits.hpp
[2.669s] -- Up-to-date symlink: /root/catkin_ws/install/msg_srv_action_interface_example/include/msg_srv_action_interface_example/action/detail/arithmetic_checker__rosidl_typesupport_introspection_cpp.hpp
[2.670s] -- Up-to-date symlink: /root/catkin_ws/install/msg_srv_action_interface_example/include/msg_srv_action_interface_example/msg/detail/arithmetic_argument__rosidl_typesupport_introspection_cpp.hpp
[2.670s] -- Up-to-date symlink: /root/catkin_ws/install/msg_srv_action_interface_example/include/msg_srv_action_interface_example/srv/detail/arithmetic_operator__rosidl_typesupport_introspection_cpp.hpp
[2.670s] -- Up-to-date symlink: /root/catkin_ws/install/msg_srv_action_interface_example/share/msg_srv_action_interface_example/environment/pythonpath.sh
[2.670s] -- Up-to-date symlink: /root/catkin_ws/install/msg_srv_action_interface_example/share/msg_srv_action_interface_example/environment/pythonpath.dsv
[2.670s] -- Up-to-date symlink: /root/catkin_ws/install/msg_srv_action_interface_example/lib/python3.8/site-packages/msg_srv_action_interface_example/__init__.py
[2.670s] -- Up-to-date symlink: /root/catkin_ws/install/msg_srv_action_interface_example/lib/python3.8/site-packages/msg_srv_action_interface_example/msg/__init__.py
[2.670s] -- Up-to-date symlink: /root/catkin_ws/install/msg_srv_action_interface_example/lib/python3.8/site-packages/msg_srv_action_interface_example/msg/_arithmetic_argument.py
[2.671s] -- Up-to-date symlink: /root/catkin_ws/install/msg_srv_action_interface_example/lib/python3.8/site-packages/msg_srv_action_interface_example/srv/__init__.py
[2.671s] -- Up-to-date symlink: /root/catkin_ws/install/msg_srv_action_interface_example/lib/python3.8/site-packages/msg_srv_action_interface_example/srv/_arithmetic_operator.py
[2.671s] -- Up-to-date symlink: /root/catkin_ws/install/msg_srv_action_interface_example/lib/python3.8/site-packages/msg_srv_action_interface_example/action/__init__.py
[2.671s] -- Up-to-date symlink: /root/catkin_ws/install/msg_srv_action_interface_example/lib/python3.8/site-packages/msg_srv_action_interface_example/action/_arithmetic_checker.py
[2.671s] -- Up-to-date symlink: /root/catkin_ws/install/msg_srv_action_interface_example/lib/python3.8/site-packages/msg_srv_action_interface_example/msg_srv_action_interface_example_s__rosidl_typesupport_fastrtps_c.cpython-38-x86_64-linux-gnu.so
[2.671s] -- Up-to-date symlink: /root/catkin_ws/install/msg_srv_action_interface_example/lib/python3.8/site-packages/msg_srv_action_interface_example/msg_srv_action_interface_example_s__rosidl_typesupport_introspection_c.cpython-38-x86_64-linux-gnu.so
[2.671s] -- Up-to-date symlink: /root/catkin_ws/install/msg_srv_action_interface_example/lib/python3.8/site-packages/msg_srv_action_interface_example/msg_srv_action_interface_example_s__rosidl_typesupport_c.cpython-38-x86_64-linux-gnu.so
[2.671s] -- Up-to-date symlink: /root/catkin_ws/install/msg_srv_action_interface_example/lib/libmsg_srv_action_interface_example__python.so
[2.671s] -- Up-to-date symlink: /root/catkin_ws/install/msg_srv_action_interface_example/share/msg_srv_action_interface_example/msg/ArithmeticArgument.idl
[2.672s] -- Up-to-date symlink: /root/catkin_ws/install/msg_srv_action_interface_example/share/msg_srv_action_interface_example/srv/ArithmeticOperator.idl
[2.672s] -- Up-to-date symlink: /root/catkin_ws/install/msg_srv_action_interface_example/share/msg_srv_action_interface_example/action/ArithmeticChecker.idl
[2.672s] -- Up-to-date symlink: /root/catkin_ws/install/msg_srv_action_interface_example/share/msg_srv_action_interface_example/msg/ArithmeticArgument.msg
[2.672s] -- Up-to-date symlink: /root/catkin_ws/install/msg_srv_action_interface_example/share/msg_srv_action_interface_example/srv/ArithmeticOperator.srv
[2.672s] -- Up-to-date symlink: /root/catkin_ws/install/msg_srv_action_interface_example/share/msg_srv_action_interface_example/srv/ArithmeticOperator_Request.msg
[2.672s] -- Up-to-date symlink: /root/catkin_ws/install/msg_srv_action_interface_example/share/msg_srv_action_interface_example/srv/ArithmeticOperator_Response.msg
[2.672s] -- Up-to-date symlink: /root/catkin_ws/install/msg_srv_action_interface_example/share/msg_srv_action_interface_example/action/ArithmeticChecker.action
[2.672s] -- Up-to-date symlink: /root/catkin_ws/install/msg_srv_action_interface_example/share/ament_index/resource_index/package_run_dependencies/msg_srv_action_interface_example
[2.673s] -- Up-to-date symlink: /root/catkin_ws/install/msg_srv_action_interface_example/share/ament_index/resource_index/parent_prefix_path/msg_srv_action_interface_example
[2.673s] -- Up-to-date symlink: /root/catkin_ws/install/msg_srv_action_interface_example/share/msg_srv_action_interface_example/environment/ament_prefix_path.sh
[2.673s] -- Up-to-date symlink: /root/catkin_ws/install/msg_srv_action_interface_example/share/msg_srv_action_interface_example/environment/ament_prefix_path.dsv
[2.673s] -- Up-to-date symlink: /root/catkin_ws/install/msg_srv_action_interface_example/share/msg_srv_action_interface_example/environment/path.sh
[2.673s] -- Up-to-date symlink: /root/catkin_ws/install/msg_srv_action_interface_example/share/msg_srv_action_interface_example/environment/path.dsv
[2.673s] -- Up-to-date symlink: /root/catkin_ws/install/msg_srv_action_interface_example/share/msg_srv_action_interface_example/local_setup.bash
[2.673s] -- Up-to-date symlink: /root/catkin_ws/install/msg_srv_action_interface_example/share/msg_srv_action_interface_example/local_setup.sh
[2.673s] -- Up-to-date symlink: /root/catkin_ws/install/msg_srv_action_interface_example/share/msg_srv_action_interface_example/local_setup.zsh
[2.673s] -- Up-to-date symlink: /root/catkin_ws/install/msg_srv_action_interface_example/share/msg_srv_action_interface_example/local_setup.dsv
[2.674s] -- Symlinking: /root/catkin_ws/install/msg_srv_action_interface_example/share/msg_srv_action_interface_example/package.dsv
[2.674s] -- Up-to-date symlink: /root/catkin_ws/install/msg_srv_action_interface_example/share/ament_index/resource_index/packages/msg_srv_action_interface_example
[2.674s] -- Up-to-date symlink: /root/catkin_ws/install/msg_srv_action_interface_example/share/msg_srv_action_interface_example/cmake/rosidl_cmake-extras.cmake
[2.675s] -- Up-to-date symlink: /root/catkin_ws/install/msg_srv_action_interface_example/share/msg_srv_action_interface_example/cmake/ament_cmake_export_dependencies-extras.cmake
[2.675s] -- Up-to-date symlink: /root/catkin_ws/install/msg_srv_action_interface_example/share/msg_srv_action_interface_example/cmake/ament_cmake_export_libraries-extras.cmake
[2.675s] -- Up-to-date symlink: /root/catkin_ws/install/msg_srv_action_interface_example/share/msg_srv_action_interface_example/cmake/ament_cmake_export_targets-extras.cmake
[2.675s] -- Up-to-date symlink: /root/catkin_ws/install/msg_srv_action_interface_example/share/msg_srv_action_interface_example/cmake/ament_cmake_export_include_directories-extras.cmake
[2.675s] -- Up-to-date symlink: /root/catkin_ws/install/msg_srv_action_interface_example/share/msg_srv_action_interface_example/cmake/rosidl_cmake_export_typesupport_libraries-extras.cmake
[2.676s] -- Up-to-date symlink: /root/catkin_ws/install/msg_srv_action_interface_example/share/msg_srv_action_interface_example/cmake/rosidl_cmake_export_typesupport_targets-extras.cmake
[2.676s] -- Up-to-date symlink: /root/catkin_ws/install/msg_srv_action_interface_example/share/msg_srv_action_interface_example/cmake/msg_srv_action_interface_exampleConfig.cmake
[2.676s] -- Up-to-date symlink: /root/catkin_ws/install/msg_srv_action_interface_example/share/msg_srv_action_interface_example/cmake/msg_srv_action_interface_exampleConfig-version.cmake
[2.677s] -- Up-to-date symlink: /root/catkin_ws/install/msg_srv_action_interface_example/share/msg_srv_action_interface_example/package.xml
[2.677s] -- Up-to-date: /root/catkin_ws/install/msg_srv_action_interface_example/lib/libmsg_srv_action_interface_example__rosidl_generator_c.so
[2.677s] -- Up-to-date: /root/catkin_ws/install/msg_srv_action_interface_example/lib/libmsg_srv_action_interface_example__rosidl_typesupport_introspection_c.so
[2.677s] -- Up-to-date: /root/catkin_ws/install/msg_srv_action_interface_example/lib/libmsg_srv_action_interface_example__rosidl_typesupport_c.so
[2.677s] -- Up-to-date: /root/catkin_ws/install/msg_srv_action_interface_example/lib/libmsg_srv_action_interface_example__rosidl_typesupport_introspection_cpp.so
[2.678s] -- Up-to-date: /root/catkin_ws/install/msg_srv_action_interface_example/lib/libmsg_srv_action_interface_example__rosidl_typesupport_cpp.so
[2.765s] -- Up-to-date: /root/catkin_ws/install/msg_srv_action_interface_example/share/msg_srv_action_interface_example/cmake/msg_srv_action_interface_example__rosidl_generator_cExport.cmake
[2.767s] -- Up-to-date: /root/catkin_ws/install/msg_srv_action_interface_example/share/msg_srv_action_interface_example/cmake/msg_srv_action_interface_example__rosidl_generator_cExport-noconfig.cmake
[2.768s] -- Up-to-date: /root/catkin_ws/install/msg_srv_action_interface_example/share/msg_srv_action_interface_example/cmake/msg_srv_action_interface_example__rosidl_typesupport_introspection_cExport.cmake
[2.768s] -- Up-to-date: /root/catkin_ws/install/msg_srv_action_interface_example/share/msg_srv_action_interface_example/cmake/msg_srv_action_interface_example__rosidl_typesupport_introspection_cExport-noconfig.cmake
[2.768s] -- Up-to-date: /root/catkin_ws/install/msg_srv_action_interface_example/share/msg_srv_action_interface_example/cmake/msg_srv_action_interface_example__rosidl_typesupport_cExport.cmake
[2.768s] -- Up-to-date: /root/catkin_ws/install/msg_srv_action_interface_example/share/msg_srv_action_interface_example/cmake/msg_srv_action_interface_example__rosidl_typesupport_cExport-noconfig.cmake
[2.769s] -- Up-to-date: /root/catkin_ws/install/msg_srv_action_interface_example/share/msg_srv_action_interface_example/cmake/msg_srv_action_interface_example__rosidl_generator_cppExport.cmake
[2.769s] -- Up-to-date: /root/catkin_ws/install/msg_srv_action_interface_example/share/msg_srv_action_interface_example/cmake/msg_srv_action_interface_example__rosidl_typesupport_introspection_cppExport.cmake
[2.769s] -- Up-to-date: /root/catkin_ws/install/msg_srv_action_interface_example/share/msg_srv_action_interface_example/cmake/msg_srv_action_interface_example__rosidl_typesupport_introspection_cppExport-noconfig.cmake
[2.770s] -- Up-to-date: /root/catkin_ws/install/msg_srv_action_interface_example/share/msg_srv_action_interface_example/cmake/msg_srv_action_interface_example__rosidl_typesupport_cppExport.cmake
[2.770s] -- Up-to-date: /root/catkin_ws/install/msg_srv_action_interface_example/share/msg_srv_action_interface_example/cmake/msg_srv_action_interface_example__rosidl_typesupport_cppExport-noconfig.cmake
[2.994s] Invoked command in '/root/catkin_ws/build/msg_srv_action_interface_example' returned '0': CMAKE_PREFIX_PATH=${CMAKE_PREFIX_PATH}:/root/catkin_ws/install/topic_service_action_rclpy_example:/root/catkin_ws/install/time_rclpy_example:/root/catkin_ws/install/tf2_rclpy_example:/root/catkin_ws/install/ros2env:/root/catkin_ws/install/omo_r1mini_teleop:/root/catkin_ws/install/omo_r1mini_bringup:/root/catkin_ws/install/my_first_ros_rclpy_pkg:/root/catkin_ws/install/logging_rclpy_example:/root/catkin_ws/src/install/topic_service_action_rclpy_example:/root/catkin_ws/src/install/time_rclpy_example:/root/catkin_ws/src/install/tf2_rclpy_example:/root/catkin_ws/src/install/ros2env:/root/catkin_ws/src/install/omo_r1mini_teleop:/root/catkin_ws/src/install/omo_r1mini_bringup:/root/catkin_ws/src/install/my_first_ros_rclpy_pkg:/root/catkin_ws/src/install/logging_rclpy_example:/opt/ros/foxy /usr/bin/cmake --install /root/catkin_ws/build/msg_srv_action_interface_example
