[0.094s] Invoking command in '/root/catkin_ws/build/stereo_msgs': AMENT_PREFIX_PATH=/root/catkin_ws/install/sensor_msgs:/root/catkin_ws/install/geometry_msgs:/root/catkin_ws/install/std_msgs:/root/catkin_ws/install/builtin_interfaces:${AMENT_PREFIX_PATH} CMAKE_PREFIX_PATH=/root/catkin_ws/install/sensor_msgs:/root/catkin_ws/install/geometry_msgs:/root/catkin_ws/install/std_msgs:/root/catkin_ws/install/builtin_interfaces:/root/catkin_ws/install/rosidl_typesupport_microxrcedds_cpp:/root/catkin_ws/install/rosidl_typesupport_microxrcedds_c:/root/catkin_ws/install/microcdr:/root/catkin_ws/install/ydlidar_sdk:/root/catkin_ws/install/ydlidar_ros2_driver:/root/catkin_ws/install/udp_driver:/root/catkin_ws/install/topic_service_action_rclcpp_example:/root/catkin_ws/install/time_rclcpp_example:/root/catkin_ws/install/tf2_rclcpp_example:/root/catkin_ws/install/testbot_description:/root/catkin_ws/install/serial_driver:/root/catkin_ws/install/rqt_example:/root/catkin_ws/install/omo_r1mini:/root/catkin_ws/install/omo_r1mini_navigation2:/root/catkin_ws/install/omo_r1mini_interfaces:/root/catkin_ws/install/omo_r1mini_gazebo:/root/catkin_ws/install/omo_r1mini_description:/root/catkin_ws/install/omo_r1mini_cartographer:/root/catkin_ws/install/my_first_ros_rclcpp_pkg:/root/catkin_ws/install/msg_srv_action_interface_example:/root/catkin_ws/install/micro_ros_setup:/root/catkin_ws/install/micro_ros_agent:/root/catkin_ws/install/micro_ros_msgs:/root/catkin_ws/install/io_context:/root/catkin_ws/install/iahrs_driver_interface:/root/catkin_ws/install/drive_base_msgs:/root/catkin_ws/install/asio_cmake_module:/root/install/ydlidar_sdk:/root/install/ydlidar_ros2_driver:/root/install/udp_driver:/root/install/topic_service_action_rclcpp_example:/root/install/time_rclcpp_example:/root/install/tf2_rclcpp_example:/root/install/testbot_description:/root/install/serial_driver:/root/install/rqt_example:/root/install/omo_r1mini:/root/install/omo_r1mini_navigation2:/root/install/omo_r1mini_interfaces:/root/install/omo_r1mini_gazebo:/root/install/omo_r1mini_description:/root/install/omo_r1mini_cartographer:/root/install/my_first_ros_rclcpp_pkg:/root/install/msg_srv_action_interface_example:/root/install/io_context:/root/install/asio_cmake_module:/root/catkin_ws/install/topic_service_action_rclpy_example:/root/catkin_ws/install/time_rclpy_example:/root/catkin_ws/install/tf2_rclpy_example:/root/catkin_ws/install/ros2env:/root/catkin_ws/install/omo_r1mini_teleop:/root/catkin_ws/install/omo_r1mini_bringup:/root/catkin_ws/install/my_first_ros_rclpy_pkg:/root/catkin_ws/install/logging_rclpy_example:/root/catkin_ws/install/iahrs_driver:/root/install/topic_service_action_rclpy_example:/root/install/time_rclpy_example:/root/install/tf2_rclpy_example:/root/install/ros2env:/root/install/omo_r1mini_teleop:/root/install/omo_r1mini_bringup:/root/install/my_first_ros_rclpy_pkg:/root/install/logging_rclpy_example:/opt/ros/foxy LD_LIBRARY_PATH=/root/catkin_ws/install/sensor_msgs/lib:/root/catkin_ws/install/geometry_msgs/lib:/root/catkin_ws/install/std_msgs/lib:/root/catkin_ws/install/builtin_interfaces/lib:${LD_LIBRARY_PATH} PYTHONPATH=/root/catkin_ws/install/sensor_msgs/lib/python3.8/site-packages:/root/catkin_ws/install/geometry_msgs/lib/python3.8/site-packages:/root/catkin_ws/install/std_msgs/lib/python3.8/site-packages:/root/catkin_ws/install/builtin_interfaces/lib/python3.8/site-packages:${PYTHONPATH} /usr/bin/cmake /root/catkin_ws/src/ros2/common_interfaces/stereo_msgs -DBUILD_TESTING=OFF -DBUILD_SHARED_LIBS=ON -DCMAKE_INSTALL_PREFIX=/root/catkin_ws/install/stereo_msgs
[0.464s] -- The C compiler identification is GNU 9.4.0
[0.464s] -- The CXX compiler identification is GNU 9.4.0
[0.465s] -- Check for working C compiler: /usr/bin/cc
[0.465s] -- Check for working C compiler: /usr/bin/cc -- works
[0.465s] -- Detecting C compiler ABI info
[0.466s] -- Detecting C compiler ABI info - done
[0.469s] -- Detecting C compile features
[0.469s] -- Detecting C compile features - done
[0.470s] -- Check for working CXX compiler: /usr/bin/c++
[0.558s] -- Check for working CXX compiler: /usr/bin/c++ -- works
[0.560s] -- Detecting CXX compiler ABI info
[0.676s] -- Detecting CXX compiler ABI info - done
[0.697s] -- Detecting CXX compile features
[0.698s] -- Detecting CXX compile features - done
[0.713s] -- Found ament_cmake: 0.9.11 (/opt/ros/foxy/share/ament_cmake/cmake)
[0.845s] -- Found PythonInterp: /usr/bin/python3 (found suitable version "3.8.10", minimum required is "3") 
[0.845s] -- Using PYTHON_EXECUTABLE: /usr/bin/python3
[1.299s] -- Found rosidl_default_generators: 1.0.1 (/opt/ros/foxy/share/rosidl_default_generators/cmake)
[1.328s] -- Using all available rosidl_typesupport_c: rosidl_typesupport_microxrcedds_c;rosidl_typesupport_fastrtps_c;rosidl_typesupport_introspection_c
[1.365s] -- Found rosidl_adapter: 1.3.0 (/opt/ros/foxy/share/rosidl_adapter/cmake)
[1.603s] -- Found OpenSSL: /usr/lib/x86_64-linux-gnu/libcrypto.so (found version "1.1.1f")  
[1.658s] -- Found FastRTPS: /opt/ros/foxy/include  
[1.825s] -- Using all available rosidl_typesupport_cpp: rosidl_typesupport_microxrcedds_cpp;rosidl_typesupport_fastrtps_cpp;rosidl_typesupport_introspection_cpp
[1.886s] -- Found sensor_msgs: 2.0.5 (/root/catkin_ws/install/sensor_msgs/share/sensor_msgs/cmake)
[2.143s] -- Found PythonInterp: /usr/bin/python3 (found version "3.8.10") 
[2.532s] -- Found ament_cmake_ros: 0.9.2 (/opt/ros/foxy/share/ament_cmake_ros/cmake)
[2.991s] -- Using all available rosidl_typesupport_c: rosidl_typesupport_microxrcedds_c;rosidl_typesupport_fastrtps_c;rosidl_typesupport_introspection_c
[3.197s] -- Using all available rosidl_typesupport_cpp: rosidl_typesupport_microxrcedds_cpp;rosidl_typesupport_fastrtps_cpp;rosidl_typesupport_introspection_cpp
[3.263s] -- Found PythonInterp: /usr/bin/python3 (found suitable version "3.8.10", minimum required is "3.5") 
[3.272s] -- Found python_cmake_module: 0.8.1 (/opt/ros/foxy/share/python_cmake_module/cmake)
[3.337s] -- Found PythonLibs: /usr/lib/x86_64-linux-gnu/libpython3.8.so (found suitable version "3.8.10", minimum required is "3.5") 
[3.338s] -- Using PYTHON_EXECUTABLE: /usr/bin/python3
[3.338s] -- Using PYTHON_INCLUDE_DIRS: /usr/include/python3.8
[3.338s] -- Using PYTHON_LIBRARIES: /usr/lib/x86_64-linux-gnu/libpython3.8.so
[3.397s] -- Found PythonExtra: .so  
[3.580s] -- Configuring done
[3.658s] -- Generating done
[3.661s] -- Build files have been written to: /root/catkin_ws/build/stereo_msgs
[3.671s] Invoked command in '/root/catkin_ws/build/stereo_msgs' returned '0': AMENT_PREFIX_PATH=/root/catkin_ws/install/sensor_msgs:/root/catkin_ws/install/geometry_msgs:/root/catkin_ws/install/std_msgs:/root/catkin_ws/install/builtin_interfaces:${AMENT_PREFIX_PATH} CMAKE_PREFIX_PATH=/root/catkin_ws/install/sensor_msgs:/root/catkin_ws/install/geometry_msgs:/root/catkin_ws/install/std_msgs:/root/catkin_ws/install/builtin_interfaces:/root/catkin_ws/install/rosidl_typesupport_microxrcedds_cpp:/root/catkin_ws/install/rosidl_typesupport_microxrcedds_c:/root/catkin_ws/install/microcdr:/root/catkin_ws/install/ydlidar_sdk:/root/catkin_ws/install/ydlidar_ros2_driver:/root/catkin_ws/install/udp_driver:/root/catkin_ws/install/topic_service_action_rclcpp_example:/root/catkin_ws/install/time_rclcpp_example:/root/catkin_ws/install/tf2_rclcpp_example:/root/catkin_ws/install/testbot_description:/root/catkin_ws/install/serial_driver:/root/catkin_ws/install/rqt_example:/root/catkin_ws/install/omo_r1mini:/root/catkin_ws/install/omo_r1mini_navigation2:/root/catkin_ws/install/omo_r1mini_interfaces:/root/catkin_ws/install/omo_r1mini_gazebo:/root/catkin_ws/install/omo_r1mini_description:/root/catkin_ws/install/omo_r1mini_cartographer:/root/catkin_ws/install/my_first_ros_rclcpp_pkg:/root/catkin_ws/install/msg_srv_action_interface_example:/root/catkin_ws/install/micro_ros_setup:/root/catkin_ws/install/micro_ros_agent:/root/catkin_ws/install/micro_ros_msgs:/root/catkin_ws/install/io_context:/root/catkin_ws/install/iahrs_driver_interface:/root/catkin_ws/install/drive_base_msgs:/root/catkin_ws/install/asio_cmake_module:/root/install/ydlidar_sdk:/root/install/ydlidar_ros2_driver:/root/install/udp_driver:/root/install/topic_service_action_rclcpp_example:/root/install/time_rclcpp_example:/root/install/tf2_rclcpp_example:/root/install/testbot_description:/root/install/serial_driver:/root/install/rqt_example:/root/install/omo_r1mini:/root/install/omo_r1mini_navigation2:/root/install/omo_r1mini_interfaces:/root/install/omo_r1mini_gazebo:/root/install/omo_r1mini_description:/root/install/omo_r1mini_cartographer:/root/install/my_first_ros_rclcpp_pkg:/root/install/msg_srv_action_interface_example:/root/install/io_context:/root/install/asio_cmake_module:/root/catkin_ws/install/topic_service_action_rclpy_example:/root/catkin_ws/install/time_rclpy_example:/root/catkin_ws/install/tf2_rclpy_example:/root/catkin_ws/install/ros2env:/root/catkin_ws/install/omo_r1mini_teleop:/root/catkin_ws/install/omo_r1mini_bringup:/root/catkin_ws/install/my_first_ros_rclpy_pkg:/root/catkin_ws/install/logging_rclpy_example:/root/catkin_ws/install/iahrs_driver:/root/install/topic_service_action_rclpy_example:/root/install/time_rclpy_example:/root/install/tf2_rclpy_example:/root/install/ros2env:/root/install/omo_r1mini_teleop:/root/install/omo_r1mini_bringup:/root/install/my_first_ros_rclpy_pkg:/root/install/logging_rclpy_example:/opt/ros/foxy LD_LIBRARY_PATH=/root/catkin_ws/install/sensor_msgs/lib:/root/catkin_ws/install/geometry_msgs/lib:/root/catkin_ws/install/std_msgs/lib:/root/catkin_ws/install/builtin_interfaces/lib:${LD_LIBRARY_PATH} PYTHONPATH=/root/catkin_ws/install/sensor_msgs/lib/python3.8/site-packages:/root/catkin_ws/install/geometry_msgs/lib/python3.8/site-packages:/root/catkin_ws/install/std_msgs/lib/python3.8/site-packages:/root/catkin_ws/install/builtin_interfaces/lib/python3.8/site-packages:${PYTHONPATH} /usr/bin/cmake /root/catkin_ws/src/ros2/common_interfaces/stereo_msgs -DBUILD_TESTING=OFF -DBUILD_SHARED_LIBS=ON -DCMAKE_INSTALL_PREFIX=/root/catkin_ws/install/stereo_msgs
[3.674s] Invoking command in '/root/catkin_ws/build/stereo_msgs': AMENT_PREFIX_PATH=/root/catkin_ws/install/sensor_msgs:/root/catkin_ws/install/geometry_msgs:/root/catkin_ws/install/std_msgs:/root/catkin_ws/install/builtin_interfaces:${AMENT_PREFIX_PATH} CMAKE_PREFIX_PATH=/root/catkin_ws/install/sensor_msgs:/root/catkin_ws/install/geometry_msgs:/root/catkin_ws/install/std_msgs:/root/catkin_ws/install/builtin_interfaces:/root/catkin_ws/install/rosidl_typesupport_microxrcedds_cpp:/root/catkin_ws/install/rosidl_typesupport_microxrcedds_c:/root/catkin_ws/install/microcdr:/root/catkin_ws/install/ydlidar_sdk:/root/catkin_ws/install/ydlidar_ros2_driver:/root/catkin_ws/install/udp_driver:/root/catkin_ws/install/topic_service_action_rclcpp_example:/root/catkin_ws/install/time_rclcpp_example:/root/catkin_ws/install/tf2_rclcpp_example:/root/catkin_ws/install/testbot_description:/root/catkin_ws/install/serial_driver:/root/catkin_ws/install/rqt_example:/root/catkin_ws/install/omo_r1mini:/root/catkin_ws/install/omo_r1mini_navigation2:/root/catkin_ws/install/omo_r1mini_interfaces:/root/catkin_ws/install/omo_r1mini_gazebo:/root/catkin_ws/install/omo_r1mini_description:/root/catkin_ws/install/omo_r1mini_cartographer:/root/catkin_ws/install/my_first_ros_rclcpp_pkg:/root/catkin_ws/install/msg_srv_action_interface_example:/root/catkin_ws/install/micro_ros_setup:/root/catkin_ws/install/micro_ros_agent:/root/catkin_ws/install/micro_ros_msgs:/root/catkin_ws/install/io_context:/root/catkin_ws/install/iahrs_driver_interface:/root/catkin_ws/install/drive_base_msgs:/root/catkin_ws/install/asio_cmake_module:/root/install/ydlidar_sdk:/root/install/ydlidar_ros2_driver:/root/install/udp_driver:/root/install/topic_service_action_rclcpp_example:/root/install/time_rclcpp_example:/root/install/tf2_rclcpp_example:/root/install/testbot_description:/root/install/serial_driver:/root/install/rqt_example:/root/install/omo_r1mini:/root/install/omo_r1mini_navigation2:/root/install/omo_r1mini_interfaces:/root/install/omo_r1mini_gazebo:/root/install/omo_r1mini_description:/root/install/omo_r1mini_cartographer:/root/install/my_first_ros_rclcpp_pkg:/root/install/msg_srv_action_interface_example:/root/install/io_context:/root/install/asio_cmake_module:/root/catkin_ws/install/topic_service_action_rclpy_example:/root/catkin_ws/install/time_rclpy_example:/root/catkin_ws/install/tf2_rclpy_example:/root/catkin_ws/install/ros2env:/root/catkin_ws/install/omo_r1mini_teleop:/root/catkin_ws/install/omo_r1mini_bringup:/root/catkin_ws/install/my_first_ros_rclpy_pkg:/root/catkin_ws/install/logging_rclpy_example:/root/catkin_ws/install/iahrs_driver:/root/install/topic_service_action_rclpy_example:/root/install/time_rclpy_example:/root/install/tf2_rclpy_example:/root/install/ros2env:/root/install/omo_r1mini_teleop:/root/install/omo_r1mini_bringup:/root/install/my_first_ros_rclpy_pkg:/root/install/logging_rclpy_example:/opt/ros/foxy LD_LIBRARY_PATH=/root/catkin_ws/install/sensor_msgs/lib:/root/catkin_ws/install/geometry_msgs/lib:/root/catkin_ws/install/std_msgs/lib:/root/catkin_ws/install/builtin_interfaces/lib:${LD_LIBRARY_PATH} PYTHONPATH=/root/catkin_ws/install/sensor_msgs/lib/python3.8/site-packages:/root/catkin_ws/install/geometry_msgs/lib/python3.8/site-packages:/root/catkin_ws/install/std_msgs/lib/python3.8/site-packages:/root/catkin_ws/install/builtin_interfaces/lib/python3.8/site-packages:${PYTHONPATH} /usr/bin/cmake --build /root/catkin_ws/build/stereo_msgs -- -j12 -l12
[3.720s] [  2%] [34m[1mGenerating C code for ROS interfaces[0m
[3.721s] [35m[1mScanning dependencies of target stereo_msgs__cpp[0m
[3.735s] [  5%] [34m[1mGenerating C++ code for ROS interfaces[0m
[4.113s] [35m[1mScanning dependencies of target stereo_msgs__rosidl_generator_c[0m
[4.129s] [  7%] [32mBuilding C object CMakeFiles/stereo_msgs__rosidl_generator_c.dir/rosidl_generator_c/stereo_msgs/msg/detail/disparity_image__functions.c.o[0m
[4.129s] [  7%] Built target stereo_msgs__cpp
[4.148s] [ 12%] [34m[1mGenerating C++ type support for eProsima Micro XRCE-DDS[0m
[4.148s] [ 12%] [34m[1mGenerating C++ type support dispatch for ROS interfaces[0m
[4.149s] [ 15%] [34m[1mGenerating C++ introspection for ROS interfaces[0m
[4.150s] [ 17%] [34m[1mGenerating C++ type support for eProsima Fast-RTPS[0m
[4.216s] [ 20%] [32m[1mLinking C shared library libstereo_msgs__rosidl_generator_c.so[0m
[4.291s] [ 20%] Built target stereo_msgs__rosidl_generator_c
[4.314s] [ 23%] [34m[1mGenerating C type support dispatch for ROS interfaces[0m
[4.317s] [ 25%] [34m[1mGenerating C type support for eProsima Micro XRCE-DDS[0m
[4.321s] [ 28%] [34m[1mGenerating C introspection for ROS interfaces[0m
[4.743s] [35m[1mScanning dependencies of target stereo_msgs__rosidl_typesupport_cpp[0m
[4.785s] [ 30%] [32mBuilding CXX object CMakeFiles/stereo_msgs__rosidl_typesupport_cpp.dir/rosidl_typesupport_cpp/stereo_msgs/msg/disparity_image__type_support.cpp.o[0m
[4.815s] [35m[1mScanning dependencies of target stereo_msgs__rosidl_typesupport_fastrtps_cpp[0m
[4.830s] [35m[1mScanning dependencies of target stereo_msgs__rosidl_typesupport_introspection_cpp[0m
[4.851s] [ 33%] [32mBuilding CXX object CMakeFiles/stereo_msgs__rosidl_typesupport_fastrtps_cpp.dir/rosidl_typesupport_fastrtps_cpp/stereo_msgs/msg/detail/dds_fastrtps/disparity_image__type_support.cpp.o[0m
[4.856s] [35m[1mScanning dependencies of target stereo_msgs__rosidl_typesupport_microxrcedds_cpp[0m
[4.867s] [ 35%] [32mBuilding CXX object CMakeFiles/stereo_msgs__rosidl_typesupport_introspection_cpp.dir/rosidl_typesupport_introspection_cpp/stereo_msgs/msg/detail/disparity_image__type_support.cpp.o[0m
[4.890s] [ 38%] [32mBuilding CXX object CMakeFiles/stereo_msgs__rosidl_typesupport_microxrcedds_cpp.dir/rosidl_typesupport_microxrcedds_cpp/stereo_msgs/msg/detail/microxrcedds/disparity_image__type_support_cpp.cpp.o[0m
[4.948s] [35m[1mScanning dependencies of target stereo_msgs__rosidl_typesupport_c[0m
[4.977s] [ 41%] [32mBuilding CXX object CMakeFiles/stereo_msgs__rosidl_typesupport_c.dir/rosidl_typesupport_c/stereo_msgs/msg/disparity_image__type_support.cpp.o[0m
[4.985s] [35m[1mScanning dependencies of target stereo_msgs__rosidl_typesupport_introspection_c[0m
[4.998s] [35m[1mScanning dependencies of target stereo_msgs__rosidl_typesupport_microxrcedds_c[0m
[5.027s] [ 43%] [32mBuilding C object CMakeFiles/stereo_msgs__rosidl_typesupport_introspection_c.dir/rosidl_typesupport_introspection_c/stereo_msgs/msg/detail/disparity_image__type_support.c.o[0m
[5.032s] [ 46%] [32m[1mLinking CXX shared library libstereo_msgs__rosidl_typesupport_c.so[0m
[5.045s] [ 48%] [32mBuilding C object CMakeFiles/stereo_msgs__rosidl_typesupport_microxrcedds_c.dir/rosidl_typesupport_microxrcedds_c/stereo_msgs/msg/detail/microxrcedds/disparity_image__type_support_c.c.o[0m
[5.084s] [ 51%] [32m[1mLinking C shared library libstereo_msgs__rosidl_typesupport_introspection_c.so[0m
[5.118s] [ 51%] Built target stereo_msgs__rosidl_typesupport_c
[5.136s] [ 53%] [32m[1mLinking C shared library libstereo_msgs__rosidl_typesupport_microxrcedds_c.so[0m
[5.146s] [ 53%] Built target stereo_msgs__rosidl_typesupport_introspection_c
[5.206s] [ 53%] Built target stereo_msgs__rosidl_typesupport_microxrcedds_c
[5.274s] [ 56%] [32m[1mLinking CXX shared library libstereo_msgs__rosidl_typesupport_cpp.so[0m
[5.293s] [ 58%] [32m[1mLinking CXX shared library libstereo_msgs__rosidl_typesupport_introspection_cpp.so[0m
[5.294s] [ 61%] [32m[1mLinking CXX shared library libstereo_msgs__rosidl_typesupport_microxrcedds_cpp.so[0m
[5.348s] [ 61%] Built target stereo_msgs__rosidl_typesupport_cpp
[5.365s] [ 61%] Built target stereo_msgs__rosidl_typesupport_microxrcedds_cpp
[5.385s] [ 61%] Built target stereo_msgs__rosidl_typesupport_introspection_cpp
[5.472s] [ 64%] [32m[1mLinking CXX shared library libstereo_msgs__rosidl_typesupport_fastrtps_cpp.so[0m
[5.570s] [ 64%] Built target stereo_msgs__rosidl_typesupport_fastrtps_cpp
[5.583s] [ 66%] [34m[1mGenerating C type support for eProsima Fast-RTPS[0m
[5.921s] [35m[1mScanning dependencies of target stereo_msgs__rosidl_typesupport_fastrtps_c[0m
[5.942s] [ 69%] [32mBuilding CXX object CMakeFiles/stereo_msgs__rosidl_typesupport_fastrtps_c.dir/rosidl_typesupport_fastrtps_c/stereo_msgs/msg/detail/disparity_image__type_support_c.cpp.o[0m
[6.276s] [ 71%] [32m[1mLinking CXX shared library libstereo_msgs__rosidl_typesupport_fastrtps_c.so[0m
[6.364s] [ 71%] Built target stereo_msgs__rosidl_typesupport_fastrtps_c
[6.375s] [35m[1mScanning dependencies of target stereo_msgs[0m
[6.387s] [ 71%] Built target stereo_msgs
[6.399s] [35m[1mScanning dependencies of target stereo_msgs__py[0m
[6.412s] [ 74%] [34m[1mGenerating Python code for ROS interfaces[0m
[6.985s] [ 74%] Built target stereo_msgs__py
[6.995s] [35m[1mScanning dependencies of target stereo_msgs__python[0m
[7.016s] [ 76%] [32mBuilding C object CMakeFiles/stereo_msgs__python.dir/rosidl_generator_py/stereo_msgs/msg/_disparity_image_s.c.o[0m
[7.104s] [ 79%] [32m[1mLinking C shared library rosidl_generator_py/stereo_msgs/libstereo_msgs__python.so[0m
[7.151s] [ 79%] Built target stereo_msgs__python
[7.164s] [35m[1mScanning dependencies of target stereo_msgs__rosidl_typesupport_introspection_c__pyext[0m
[7.164s] [35m[1mScanning dependencies of target stereo_msgs__rosidl_typesupport_microxrcedds_c__pyext[0m
[7.165s] [35m[1mScanning dependencies of target stereo_msgs__rosidl_typesupport_c__pyext[0m
[7.169s] [35m[1mScanning dependencies of target stereo_msgs__rosidl_typesupport_fastrtps_c__pyext[0m
[7.191s] [ 82%] [32mBuilding C object CMakeFiles/stereo_msgs__rosidl_typesupport_introspection_c__pyext.dir/rosidl_generator_py/stereo_msgs/_stereo_msgs_s.ep.rosidl_typesupport_introspection_c.c.o[0m
[7.191s] [ 84%] [32mBuilding C object CMakeFiles/stereo_msgs__rosidl_typesupport_c__pyext.dir/rosidl_generator_py/stereo_msgs/_stereo_msgs_s.ep.rosidl_typesupport_c.c.o[0m
[7.195s] [ 87%] [32mBuilding C object CMakeFiles/stereo_msgs__rosidl_typesupport_microxrcedds_c__pyext.dir/rosidl_generator_py/stereo_msgs/_stereo_msgs_s.ep.rosidl_typesupport_microxrcedds_c.c.o[0m
[7.202s] [ 89%] [32mBuilding C object CMakeFiles/stereo_msgs__rosidl_typesupport_fastrtps_c__pyext.dir/rosidl_generator_py/stereo_msgs/_stereo_msgs_s.ep.rosidl_typesupport_fastrtps_c.c.o[0m
[7.281s] [ 92%] [32m[1mLinking C shared library rosidl_generator_py/stereo_msgs/stereo_msgs_s__rosidl_typesupport_introspection_c.cpython-38-x86_64-linux-gnu.so[0m
[7.284s] [ 94%] [32m[1mLinking C shared library rosidl_generator_py/stereo_msgs/stereo_msgs_s__rosidl_typesupport_microxrcedds_c.cpython-38-x86_64-linux-gnu.so[0m
[7.291s] [ 97%] [32m[1mLinking CXX shared library rosidl_generator_py/stereo_msgs/stereo_msgs_s__rosidl_typesupport_fastrtps_c.cpython-38-x86_64-linux-gnu.so[0m
[7.320s] [100%] [32m[1mLinking C shared library rosidl_generator_py/stereo_msgs/stereo_msgs_s__rosidl_typesupport_c.cpython-38-x86_64-linux-gnu.so[0m
[7.328s] [100%] Built target stereo_msgs__rosidl_typesupport_introspection_c__pyext
[7.336s] [100%] Built target stereo_msgs__rosidl_typesupport_microxrcedds_c__pyext
[7.368s] [100%] Built target stereo_msgs__rosidl_typesupport_c__pyext
[7.369s] [100%] Built target stereo_msgs__rosidl_typesupport_fastrtps_c__pyext
[7.382s] Invoked command in '/root/catkin_ws/build/stereo_msgs' returned '0': AMENT_PREFIX_PATH=/root/catkin_ws/install/sensor_msgs:/root/catkin_ws/install/geometry_msgs:/root/catkin_ws/install/std_msgs:/root/catkin_ws/install/builtin_interfaces:${AMENT_PREFIX_PATH} CMAKE_PREFIX_PATH=/root/catkin_ws/install/sensor_msgs:/root/catkin_ws/install/geometry_msgs:/root/catkin_ws/install/std_msgs:/root/catkin_ws/install/builtin_interfaces:/root/catkin_ws/install/rosidl_typesupport_microxrcedds_cpp:/root/catkin_ws/install/rosidl_typesupport_microxrcedds_c:/root/catkin_ws/install/microcdr:/root/catkin_ws/install/ydlidar_sdk:/root/catkin_ws/install/ydlidar_ros2_driver:/root/catkin_ws/install/udp_driver:/root/catkin_ws/install/topic_service_action_rclcpp_example:/root/catkin_ws/install/time_rclcpp_example:/root/catkin_ws/install/tf2_rclcpp_example:/root/catkin_ws/install/testbot_description:/root/catkin_ws/install/serial_driver:/root/catkin_ws/install/rqt_example:/root/catkin_ws/install/omo_r1mini:/root/catkin_ws/install/omo_r1mini_navigation2:/root/catkin_ws/install/omo_r1mini_interfaces:/root/catkin_ws/install/omo_r1mini_gazebo:/root/catkin_ws/install/omo_r1mini_description:/root/catkin_ws/install/omo_r1mini_cartographer:/root/catkin_ws/install/my_first_ros_rclcpp_pkg:/root/catkin_ws/install/msg_srv_action_interface_example:/root/catkin_ws/install/micro_ros_setup:/root/catkin_ws/install/micro_ros_agent:/root/catkin_ws/install/micro_ros_msgs:/root/catkin_ws/install/io_context:/root/catkin_ws/install/iahrs_driver_interface:/root/catkin_ws/install/drive_base_msgs:/root/catkin_ws/install/asio_cmake_module:/root/install/ydlidar_sdk:/root/install/ydlidar_ros2_driver:/root/install/udp_driver:/root/install/topic_service_action_rclcpp_example:/root/install/time_rclcpp_example:/root/install/tf2_rclcpp_example:/root/install/testbot_description:/root/install/serial_driver:/root/install/rqt_example:/root/install/omo_r1mini:/root/install/omo_r1mini_navigation2:/root/install/omo_r1mini_interfaces:/root/install/omo_r1mini_gazebo:/root/install/omo_r1mini_description:/root/install/omo_r1mini_cartographer:/root/install/my_first_ros_rclcpp_pkg:/root/install/msg_srv_action_interface_example:/root/install/io_context:/root/install/asio_cmake_module:/root/catkin_ws/install/topic_service_action_rclpy_example:/root/catkin_ws/install/time_rclpy_example:/root/catkin_ws/install/tf2_rclpy_example:/root/catkin_ws/install/ros2env:/root/catkin_ws/install/omo_r1mini_teleop:/root/catkin_ws/install/omo_r1mini_bringup:/root/catkin_ws/install/my_first_ros_rclpy_pkg:/root/catkin_ws/install/logging_rclpy_example:/root/catkin_ws/install/iahrs_driver:/root/install/topic_service_action_rclpy_example:/root/install/time_rclpy_example:/root/install/tf2_rclpy_example:/root/install/ros2env:/root/install/omo_r1mini_teleop:/root/install/omo_r1mini_bringup:/root/install/my_first_ros_rclpy_pkg:/root/install/logging_rclpy_example:/opt/ros/foxy LD_LIBRARY_PATH=/root/catkin_ws/install/sensor_msgs/lib:/root/catkin_ws/install/geometry_msgs/lib:/root/catkin_ws/install/std_msgs/lib:/root/catkin_ws/install/builtin_interfaces/lib:${LD_LIBRARY_PATH} PYTHONPATH=/root/catkin_ws/install/sensor_msgs/lib/python3.8/site-packages:/root/catkin_ws/install/geometry_msgs/lib/python3.8/site-packages:/root/catkin_ws/install/std_msgs/lib/python3.8/site-packages:/root/catkin_ws/install/builtin_interfaces/lib/python3.8/site-packages:${PYTHONPATH} /usr/bin/cmake --build /root/catkin_ws/build/stereo_msgs -- -j12 -l12
[7.444s] Invoking command in '/root/catkin_ws/build/stereo_msgs': AMENT_PREFIX_PATH=/root/catkin_ws/install/sensor_msgs:/root/catkin_ws/install/geometry_msgs:/root/catkin_ws/install/std_msgs:/root/catkin_ws/install/builtin_interfaces:${AMENT_PREFIX_PATH} CMAKE_PREFIX_PATH=/root/catkin_ws/install/sensor_msgs:/root/catkin_ws/install/geometry_msgs:/root/catkin_ws/install/std_msgs:/root/catkin_ws/install/builtin_interfaces:/root/catkin_ws/install/rosidl_typesupport_microxrcedds_cpp:/root/catkin_ws/install/rosidl_typesupport_microxrcedds_c:/root/catkin_ws/install/microcdr:/root/catkin_ws/install/ydlidar_sdk:/root/catkin_ws/install/ydlidar_ros2_driver:/root/catkin_ws/install/udp_driver:/root/catkin_ws/install/topic_service_action_rclcpp_example:/root/catkin_ws/install/time_rclcpp_example:/root/catkin_ws/install/tf2_rclcpp_example:/root/catkin_ws/install/testbot_description:/root/catkin_ws/install/serial_driver:/root/catkin_ws/install/rqt_example:/root/catkin_ws/install/omo_r1mini:/root/catkin_ws/install/omo_r1mini_navigation2:/root/catkin_ws/install/omo_r1mini_interfaces:/root/catkin_ws/install/omo_r1mini_gazebo:/root/catkin_ws/install/omo_r1mini_description:/root/catkin_ws/install/omo_r1mini_cartographer:/root/catkin_ws/install/my_first_ros_rclcpp_pkg:/root/catkin_ws/install/msg_srv_action_interface_example:/root/catkin_ws/install/micro_ros_setup:/root/catkin_ws/install/micro_ros_agent:/root/catkin_ws/install/micro_ros_msgs:/root/catkin_ws/install/io_context:/root/catkin_ws/install/iahrs_driver_interface:/root/catkin_ws/install/drive_base_msgs:/root/catkin_ws/install/asio_cmake_module:/root/install/ydlidar_sdk:/root/install/ydlidar_ros2_driver:/root/install/udp_driver:/root/install/topic_service_action_rclcpp_example:/root/install/time_rclcpp_example:/root/install/tf2_rclcpp_example:/root/install/testbot_description:/root/install/serial_driver:/root/install/rqt_example:/root/install/omo_r1mini:/root/install/omo_r1mini_navigation2:/root/install/omo_r1mini_interfaces:/root/install/omo_r1mini_gazebo:/root/install/omo_r1mini_description:/root/install/omo_r1mini_cartographer:/root/install/my_first_ros_rclcpp_pkg:/root/install/msg_srv_action_interface_example:/root/install/io_context:/root/install/asio_cmake_module:/root/catkin_ws/install/topic_service_action_rclpy_example:/root/catkin_ws/install/time_rclpy_example:/root/catkin_ws/install/tf2_rclpy_example:/root/catkin_ws/install/ros2env:/root/catkin_ws/install/omo_r1mini_teleop:/root/catkin_ws/install/omo_r1mini_bringup:/root/catkin_ws/install/my_first_ros_rclpy_pkg:/root/catkin_ws/install/logging_rclpy_example:/root/catkin_ws/install/iahrs_driver:/root/install/topic_service_action_rclpy_example:/root/install/time_rclpy_example:/root/install/tf2_rclpy_example:/root/install/ros2env:/root/install/omo_r1mini_teleop:/root/install/omo_r1mini_bringup:/root/install/my_first_ros_rclpy_pkg:/root/install/logging_rclpy_example:/opt/ros/foxy LD_LIBRARY_PATH=/root/catkin_ws/install/sensor_msgs/lib:/root/catkin_ws/install/geometry_msgs/lib:/root/catkin_ws/install/std_msgs/lib:/root/catkin_ws/install/builtin_interfaces/lib:${LD_LIBRARY_PATH} PYTHONPATH=/root/catkin_ws/install/sensor_msgs/lib/python3.8/site-packages:/root/catkin_ws/install/geometry_msgs/lib/python3.8/site-packages:/root/catkin_ws/install/std_msgs/lib/python3.8/site-packages:/root/catkin_ws/install/builtin_interfaces/lib/python3.8/site-packages:${PYTHONPATH} /usr/bin/cmake --install /root/catkin_ws/build/stereo_msgs
[7.455s] -- Install configuration: ""
[7.455s] -- Installing: /root/catkin_ws/install/stereo_msgs/share/ament_index/resource_index/rosidl_interfaces/stereo_msgs
[7.456s] -- Installing: /root/catkin_ws/install/stereo_msgs/include/stereo_msgs
[7.456s] -- Installing: /root/catkin_ws/install/stereo_msgs/include/stereo_msgs/msg
[7.456s] -- Installing: /root/catkin_ws/install/stereo_msgs/include/stereo_msgs/msg/detail
[7.456s] -- Installing: /root/catkin_ws/install/stereo_msgs/include/stereo_msgs/msg/detail/disparity_image__type_support.h
[7.456s] -- Installing: /root/catkin_ws/install/stereo_msgs/include/stereo_msgs/msg/detail/disparity_image__functions.c
[7.456s] -- Installing: /root/catkin_ws/install/stereo_msgs/include/stereo_msgs/msg/detail/disparity_image__struct.h
[7.457s] -- Installing: /root/catkin_ws/install/stereo_msgs/include/stereo_msgs/msg/detail/disparity_image__functions.h
[7.457s] -- Installing: /root/catkin_ws/install/stereo_msgs/include/stereo_msgs/msg/rosidl_generator_c__visibility_control.h
[7.457s] -- Installing: /root/catkin_ws/install/stereo_msgs/include/stereo_msgs/msg/disparity_image.h
[7.457s] -- Installing: /root/catkin_ws/install/stereo_msgs/share/stereo_msgs/environment/library_path.sh
[7.457s] -- Installing: /root/catkin_ws/install/stereo_msgs/share/stereo_msgs/environment/library_path.dsv
[7.457s] -- Installing: /root/catkin_ws/install/stereo_msgs/lib/libstereo_msgs__rosidl_generator_c.so
[7.457s] -- Set runtime path of "/root/catkin_ws/install/stereo_msgs/lib/libstereo_msgs__rosidl_generator_c.so" to ""
[7.458s] -- Up-to-date: /root/catkin_ws/install/stereo_msgs/include/stereo_msgs
[7.458s] -- Up-to-date: /root/catkin_ws/install/stereo_msgs/include/stereo_msgs/msg
[7.458s] -- Up-to-date: /root/catkin_ws/install/stereo_msgs/include/stereo_msgs/msg/detail
[7.458s] -- Installing: /root/catkin_ws/install/stereo_msgs/include/stereo_msgs/msg/detail/disparity_image__rosidl_typesupport_microxrcedds_c.h
[7.458s] -- Installing: /root/catkin_ws/install/stereo_msgs/include/stereo_msgs/msg/detail/microxrcedds
[7.458s] -- Installing: /root/catkin_ws/install/stereo_msgs/include/stereo_msgs/msg/rosidl_typesupport_microxrcedds_c__visibility_control.h
[7.459s] -- Installing: /root/catkin_ws/install/stereo_msgs/lib/libstereo_msgs__rosidl_typesupport_microxrcedds_c.so
[7.459s] -- Set runtime path of "/root/catkin_ws/install/stereo_msgs/lib/libstereo_msgs__rosidl_typesupport_microxrcedds_c.so" to ""
[7.459s] -- Up-to-date: /root/catkin_ws/install/stereo_msgs/include/stereo_msgs
[7.459s] -- Up-to-date: /root/catkin_ws/install/stereo_msgs/include/stereo_msgs/msg
[7.459s] -- Up-to-date: /root/catkin_ws/install/stereo_msgs/include/stereo_msgs/msg/detail
[7.459s] -- Installing: /root/catkin_ws/install/stereo_msgs/include/stereo_msgs/msg/detail/disparity_image__rosidl_typesupport_fastrtps_c.h
[7.459s] -- Installing: /root/catkin_ws/install/stereo_msgs/include/stereo_msgs/msg/rosidl_typesupport_fastrtps_c__visibility_control.h
[7.460s] -- Installing: /root/catkin_ws/install/stereo_msgs/lib/libstereo_msgs__rosidl_typesupport_fastrtps_c.so
[7.460s] -- Set runtime path of "/root/catkin_ws/install/stereo_msgs/lib/libstereo_msgs__rosidl_typesupport_fastrtps_c.so" to ""
[7.460s] -- Up-to-date: /root/catkin_ws/install/stereo_msgs/include/stereo_msgs
[7.460s] -- Up-to-date: /root/catkin_ws/install/stereo_msgs/include/stereo_msgs/msg
[7.460s] -- Up-to-date: /root/catkin_ws/install/stereo_msgs/include/stereo_msgs/msg/detail
[7.460s] -- Installing: /root/catkin_ws/install/stereo_msgs/include/stereo_msgs/msg/detail/disparity_image__rosidl_typesupport_fastrtps_cpp.hpp
[7.461s] -- Installing: /root/catkin_ws/install/stereo_msgs/include/stereo_msgs/msg/detail/dds_fastrtps
[7.461s] -- Installing: /root/catkin_ws/install/stereo_msgs/include/stereo_msgs/msg/rosidl_typesupport_fastrtps_cpp__visibility_control.h
[7.461s] -- Installing: /root/catkin_ws/install/stereo_msgs/lib/libstereo_msgs__rosidl_typesupport_fastrtps_cpp.so
[7.461s] -- Set runtime path of "/root/catkin_ws/install/stereo_msgs/lib/libstereo_msgs__rosidl_typesupport_fastrtps_cpp.so" to ""
[7.461s] -- Up-to-date: /root/catkin_ws/install/stereo_msgs/include/stereo_msgs
[7.461s] -- Up-to-date: /root/catkin_ws/install/stereo_msgs/include/stereo_msgs/msg
[7.462s] -- Up-to-date: /root/catkin_ws/install/stereo_msgs/include/stereo_msgs/msg/detail
[7.462s] -- Installing: /root/catkin_ws/install/stereo_msgs/include/stereo_msgs/msg/detail/disparity_image__type_support.c
[7.462s] -- Installing: /root/catkin_ws/install/stereo_msgs/include/stereo_msgs/msg/detail/disparity_image__rosidl_typesupport_introspection_c.h
[7.462s] -- Installing: /root/catkin_ws/install/stereo_msgs/include/stereo_msgs/msg/rosidl_typesupport_introspection_c__visibility_control.h
[7.462s] -- Installing: /root/catkin_ws/install/stereo_msgs/lib/libstereo_msgs__rosidl_typesupport_introspection_c.so
[7.462s] -- Set runtime path of "/root/catkin_ws/install/stereo_msgs/lib/libstereo_msgs__rosidl_typesupport_introspection_c.so" to ""
[7.462s] -- Installing: /root/catkin_ws/install/stereo_msgs/lib/libstereo_msgs__rosidl_typesupport_c.so
[7.463s] -- Set runtime path of "/root/catkin_ws/install/stereo_msgs/lib/libstereo_msgs__rosidl_typesupport_c.so" to ""
[7.463s] -- Up-to-date: /root/catkin_ws/install/stereo_msgs/include/stereo_msgs
[7.463s] -- Up-to-date: /root/catkin_ws/install/stereo_msgs/include/stereo_msgs/msg
[7.463s] -- Up-to-date: /root/catkin_ws/install/stereo_msgs/include/stereo_msgs/msg/detail
[7.463s] -- Installing: /root/catkin_ws/install/stereo_msgs/include/stereo_msgs/msg/detail/disparity_image__struct.hpp
[7.463s] -- Installing: /root/catkin_ws/install/stereo_msgs/include/stereo_msgs/msg/detail/disparity_image__builder.hpp
[7.463s] -- Installing: /root/catkin_ws/install/stereo_msgs/include/stereo_msgs/msg/detail/disparity_image__traits.hpp
[7.463s] -- Installing: /root/catkin_ws/install/stereo_msgs/include/stereo_msgs/msg/disparity_image.hpp
[7.464s] -- Up-to-date: /root/catkin_ws/install/stereo_msgs/include/stereo_msgs
[7.464s] -- Up-to-date: /root/catkin_ws/install/stereo_msgs/include/stereo_msgs/msg
[7.464s] -- Up-to-date: /root/catkin_ws/install/stereo_msgs/include/stereo_msgs/msg/detail
[7.464s] -- Up-to-date: /root/catkin_ws/install/stereo_msgs/include/stereo_msgs/msg/detail/microxrcedds
[7.464s] -- Installing: /root/catkin_ws/install/stereo_msgs/include/stereo_msgs/msg/detail/microxrcedds/disparity_image__type_support_cpp.cpp
[7.464s] -- Installing: /root/catkin_ws/install/stereo_msgs/include/stereo_msgs/msg/detail/disparity_image__rosidl_typesupport_microxrcedds_cpp.hpp
[7.464s] -- Installing: /root/catkin_ws/install/stereo_msgs/include/stereo_msgs/msg/rosidl_typesupport_microxrcedds_cpp__visibility_control.h
[7.464s] -- Installing: /root/catkin_ws/install/stereo_msgs/lib/libstereo_msgs__rosidl_typesupport_microxrcedds_cpp.so
[7.464s] -- Set runtime path of "/root/catkin_ws/install/stereo_msgs/lib/libstereo_msgs__rosidl_typesupport_microxrcedds_cpp.so" to ""
[7.464s] -- Up-to-date: /root/catkin_ws/install/stereo_msgs/include/stereo_msgs
[7.465s] -- Up-to-date: /root/catkin_ws/install/stereo_msgs/include/stereo_msgs/msg
[7.465s] -- Up-to-date: /root/catkin_ws/install/stereo_msgs/include/stereo_msgs/msg/detail
[7.465s] -- Installing: /root/catkin_ws/install/stereo_msgs/include/stereo_msgs/msg/detail/disparity_image__rosidl_typesupport_introspection_cpp.hpp
[7.465s] -- Installing: /root/catkin_ws/install/stereo_msgs/include/stereo_msgs/msg/detail/disparity_image__type_support.cpp
[7.465s] -- Installing: /root/catkin_ws/install/stereo_msgs/lib/libstereo_msgs__rosidl_typesupport_introspection_cpp.so
[7.465s] -- Set runtime path of "/root/catkin_ws/install/stereo_msgs/lib/libstereo_msgs__rosidl_typesupport_introspection_cpp.so" to ""
[7.465s] -- Installing: /root/catkin_ws/install/stereo_msgs/lib/libstereo_msgs__rosidl_typesupport_cpp.so
[7.465s] -- Set runtime path of "/root/catkin_ws/install/stereo_msgs/lib/libstereo_msgs__rosidl_typesupport_cpp.so" to ""
[7.465s] -- Installing: /root/catkin_ws/install/stereo_msgs/share/stereo_msgs/environment/pythonpath.sh
[7.466s] -- Installing: /root/catkin_ws/install/stereo_msgs/share/stereo_msgs/environment/pythonpath.dsv
[7.466s] -- Installing: /root/catkin_ws/install/stereo_msgs/lib/python3.8/site-packages/stereo_msgs/__init__.py
[7.533s] Compiling '/root/catkin_ws/install/stereo_msgs/lib/python3.8/site-packages/stereo_msgs/__init__.py'...
[7.536s] -- Installing: /root/catkin_ws/install/stereo_msgs/lib/python3.8/site-packages/stereo_msgs/msg
[7.537s] -- Installing: /root/catkin_ws/install/stereo_msgs/lib/python3.8/site-packages/stereo_msgs/msg/_disparity_image.py
[7.537s] -- Installing: /root/catkin_ws/install/stereo_msgs/lib/python3.8/site-packages/stereo_msgs/msg/_disparity_image_s.c
[7.537s] -- Installing: /root/catkin_ws/install/stereo_msgs/lib/python3.8/site-packages/stereo_msgs/msg/__init__.py
[7.537s] -- Installing: /root/catkin_ws/install/stereo_msgs/lib/python3.8/site-packages/stereo_msgs/stereo_msgs_s__rosidl_typesupport_microxrcedds_c.cpython-38-x86_64-linux-gnu.so
[7.537s] -- Set runtime path of "/root/catkin_ws/install/stereo_msgs/lib/python3.8/site-packages/stereo_msgs/stereo_msgs_s__rosidl_typesupport_microxrcedds_c.cpython-38-x86_64-linux-gnu.so" to ""
[7.538s] -- Installing: /root/catkin_ws/install/stereo_msgs/lib/python3.8/site-packages/stereo_msgs/stereo_msgs_s__rosidl_typesupport_fastrtps_c.cpython-38-x86_64-linux-gnu.so
[7.538s] -- Set runtime path of "/root/catkin_ws/install/stereo_msgs/lib/python3.8/site-packages/stereo_msgs/stereo_msgs_s__rosidl_typesupport_fastrtps_c.cpython-38-x86_64-linux-gnu.so" to ""
[7.538s] -- Installing: /root/catkin_ws/install/stereo_msgs/lib/python3.8/site-packages/stereo_msgs/stereo_msgs_s__rosidl_typesupport_introspection_c.cpython-38-x86_64-linux-gnu.so
[7.539s] -- Set runtime path of "/root/catkin_ws/install/stereo_msgs/lib/python3.8/site-packages/stereo_msgs/stereo_msgs_s__rosidl_typesupport_introspection_c.cpython-38-x86_64-linux-gnu.so" to ""
[7.539s] -- Installing: /root/catkin_ws/install/stereo_msgs/lib/python3.8/site-packages/stereo_msgs/stereo_msgs_s__rosidl_typesupport_c.cpython-38-x86_64-linux-gnu.so
[7.539s] -- Set runtime path of "/root/catkin_ws/install/stereo_msgs/lib/python3.8/site-packages/stereo_msgs/stereo_msgs_s__rosidl_typesupport_c.cpython-38-x86_64-linux-gnu.so" to ""
[7.539s] -- Installing: /root/catkin_ws/install/stereo_msgs/lib/libstereo_msgs__python.so
[7.540s] -- Set runtime path of "/root/catkin_ws/install/stereo_msgs/lib/libstereo_msgs__python.so" to ""
[7.540s] -- Installing: /root/catkin_ws/install/stereo_msgs/share/stereo_msgs/msg/DisparityImage.idl
[7.540s] -- Installing: /root/catkin_ws/install/stereo_msgs/share/stereo_msgs/msg/DisparityImage.msg
[7.540s] -- Installing: /root/catkin_ws/install/stereo_msgs/share/ament_index/resource_index/package_run_dependencies/stereo_msgs
[7.540s] -- Installing: /root/catkin_ws/install/stereo_msgs/share/ament_index/resource_index/parent_prefix_path/stereo_msgs
[7.540s] -- Installing: /root/catkin_ws/install/stereo_msgs/share/stereo_msgs/environment/ament_prefix_path.sh
[7.540s] -- Installing: /root/catkin_ws/install/stereo_msgs/share/stereo_msgs/environment/ament_prefix_path.dsv
[7.541s] -- Installing: /root/catkin_ws/install/stereo_msgs/share/stereo_msgs/environment/path.sh
[7.541s] -- Installing: /root/catkin_ws/install/stereo_msgs/share/stereo_msgs/environment/path.dsv
[7.541s] -- Installing: /root/catkin_ws/install/stereo_msgs/share/stereo_msgs/local_setup.bash
[7.541s] -- Installing: /root/catkin_ws/install/stereo_msgs/share/stereo_msgs/local_setup.sh
[7.541s] -- Installing: /root/catkin_ws/install/stereo_msgs/share/stereo_msgs/local_setup.zsh
[7.542s] -- Installing: /root/catkin_ws/install/stereo_msgs/share/stereo_msgs/local_setup.dsv
[7.542s] -- Installing: /root/catkin_ws/install/stereo_msgs/share/stereo_msgs/package.dsv
[7.542s] -- Installing: /root/catkin_ws/install/stereo_msgs/share/ament_index/resource_index/packages/stereo_msgs
[7.542s] -- Installing: /root/catkin_ws/install/stereo_msgs/share/stereo_msgs/cmake/stereo_msgs__rosidl_generator_cExport.cmake
[7.542s] -- Installing: /root/catkin_ws/install/stereo_msgs/share/stereo_msgs/cmake/stereo_msgs__rosidl_generator_cExport-noconfig.cmake
[7.542s] -- Installing: /root/catkin_ws/install/stereo_msgs/share/stereo_msgs/cmake/stereo_msgs__rosidl_typesupport_introspection_cExport.cmake
[7.542s] -- Installing: /root/catkin_ws/install/stereo_msgs/share/stereo_msgs/cmake/stereo_msgs__rosidl_typesupport_introspection_cExport-noconfig.cmake
[7.543s] -- Installing: /root/catkin_ws/install/stereo_msgs/share/stereo_msgs/cmake/stereo_msgs__rosidl_typesupport_cExport.cmake
[7.543s] -- Installing: /root/catkin_ws/install/stereo_msgs/share/stereo_msgs/cmake/stereo_msgs__rosidl_typesupport_cExport-noconfig.cmake
[7.543s] -- Installing: /root/catkin_ws/install/stereo_msgs/share/stereo_msgs/cmake/stereo_msgs__rosidl_generator_cppExport.cmake
[7.543s] -- Installing: /root/catkin_ws/install/stereo_msgs/share/stereo_msgs/cmake/stereo_msgs__rosidl_typesupport_introspection_cppExport.cmake
[7.543s] -- Installing: /root/catkin_ws/install/stereo_msgs/share/stereo_msgs/cmake/stereo_msgs__rosidl_typesupport_introspection_cppExport-noconfig.cmake
[7.543s] -- Installing: /root/catkin_ws/install/stereo_msgs/share/stereo_msgs/cmake/stereo_msgs__rosidl_typesupport_cppExport.cmake
[7.543s] -- Installing: /root/catkin_ws/install/stereo_msgs/share/stereo_msgs/cmake/stereo_msgs__rosidl_typesupport_cppExport-noconfig.cmake
[7.543s] -- Installing: /root/catkin_ws/install/stereo_msgs/share/stereo_msgs/cmake/rosidl_cmake-extras.cmake
[7.544s] -- Installing: /root/catkin_ws/install/stereo_msgs/share/stereo_msgs/cmake/ament_cmake_export_dependencies-extras.cmake
[7.544s] -- Installing: /root/catkin_ws/install/stereo_msgs/share/stereo_msgs/cmake/ament_cmake_export_libraries-extras.cmake
[7.544s] -- Installing: /root/catkin_ws/install/stereo_msgs/share/stereo_msgs/cmake/ament_cmake_export_targets-extras.cmake
[7.544s] -- Installing: /root/catkin_ws/install/stereo_msgs/share/stereo_msgs/cmake/ament_cmake_export_include_directories-extras.cmake
[7.544s] -- Installing: /root/catkin_ws/install/stereo_msgs/share/stereo_msgs/cmake/rosidl_cmake_export_typesupport_libraries-extras.cmake
[7.544s] -- Installing: /root/catkin_ws/install/stereo_msgs/share/stereo_msgs/cmake/rosidl_cmake_export_typesupport_targets-extras.cmake
[7.545s] -- Installing: /root/catkin_ws/install/stereo_msgs/share/stereo_msgs/cmake/stereo_msgsConfig.cmake
[7.545s] -- Installing: /root/catkin_ws/install/stereo_msgs/share/stereo_msgs/cmake/stereo_msgsConfig-version.cmake
[7.545s] -- Installing: /root/catkin_ws/install/stereo_msgs/share/stereo_msgs/package.xml
[7.549s] Invoked command in '/root/catkin_ws/build/stereo_msgs' returned '0': AMENT_PREFIX_PATH=/root/catkin_ws/install/sensor_msgs:/root/catkin_ws/install/geometry_msgs:/root/catkin_ws/install/std_msgs:/root/catkin_ws/install/builtin_interfaces:${AMENT_PREFIX_PATH} CMAKE_PREFIX_PATH=/root/catkin_ws/install/sensor_msgs:/root/catkin_ws/install/geometry_msgs:/root/catkin_ws/install/std_msgs:/root/catkin_ws/install/builtin_interfaces:/root/catkin_ws/install/rosidl_typesupport_microxrcedds_cpp:/root/catkin_ws/install/rosidl_typesupport_microxrcedds_c:/root/catkin_ws/install/microcdr:/root/catkin_ws/install/ydlidar_sdk:/root/catkin_ws/install/ydlidar_ros2_driver:/root/catkin_ws/install/udp_driver:/root/catkin_ws/install/topic_service_action_rclcpp_example:/root/catkin_ws/install/time_rclcpp_example:/root/catkin_ws/install/tf2_rclcpp_example:/root/catkin_ws/install/testbot_description:/root/catkin_ws/install/serial_driver:/root/catkin_ws/install/rqt_example:/root/catkin_ws/install/omo_r1mini:/root/catkin_ws/install/omo_r1mini_navigation2:/root/catkin_ws/install/omo_r1mini_interfaces:/root/catkin_ws/install/omo_r1mini_gazebo:/root/catkin_ws/install/omo_r1mini_description:/root/catkin_ws/install/omo_r1mini_cartographer:/root/catkin_ws/install/my_first_ros_rclcpp_pkg:/root/catkin_ws/install/msg_srv_action_interface_example:/root/catkin_ws/install/micro_ros_setup:/root/catkin_ws/install/micro_ros_agent:/root/catkin_ws/install/micro_ros_msgs:/root/catkin_ws/install/io_context:/root/catkin_ws/install/iahrs_driver_interface:/root/catkin_ws/install/drive_base_msgs:/root/catkin_ws/install/asio_cmake_module:/root/install/ydlidar_sdk:/root/install/ydlidar_ros2_driver:/root/install/udp_driver:/root/install/topic_service_action_rclcpp_example:/root/install/time_rclcpp_example:/root/install/tf2_rclcpp_example:/root/install/testbot_description:/root/install/serial_driver:/root/install/rqt_example:/root/install/omo_r1mini:/root/install/omo_r1mini_navigation2:/root/install/omo_r1mini_interfaces:/root/install/omo_r1mini_gazebo:/root/install/omo_r1mini_description:/root/install/omo_r1mini_cartographer:/root/install/my_first_ros_rclcpp_pkg:/root/install/msg_srv_action_interface_example:/root/install/io_context:/root/install/asio_cmake_module:/root/catkin_ws/install/topic_service_action_rclpy_example:/root/catkin_ws/install/time_rclpy_example:/root/catkin_ws/install/tf2_rclpy_example:/root/catkin_ws/install/ros2env:/root/catkin_ws/install/omo_r1mini_teleop:/root/catkin_ws/install/omo_r1mini_bringup:/root/catkin_ws/install/my_first_ros_rclpy_pkg:/root/catkin_ws/install/logging_rclpy_example:/root/catkin_ws/install/iahrs_driver:/root/install/topic_service_action_rclpy_example:/root/install/time_rclpy_example:/root/install/tf2_rclpy_example:/root/install/ros2env:/root/install/omo_r1mini_teleop:/root/install/omo_r1mini_bringup:/root/install/my_first_ros_rclpy_pkg:/root/install/logging_rclpy_example:/opt/ros/foxy LD_LIBRARY_PATH=/root/catkin_ws/install/sensor_msgs/lib:/root/catkin_ws/install/geometry_msgs/lib:/root/catkin_ws/install/std_msgs/lib:/root/catkin_ws/install/builtin_interfaces/lib:${LD_LIBRARY_PATH} PYTHONPATH=/root/catkin_ws/install/sensor_msgs/lib/python3.8/site-packages:/root/catkin_ws/install/geometry_msgs/lib/python3.8/site-packages:/root/catkin_ws/install/std_msgs/lib/python3.8/site-packages:/root/catkin_ws/install/builtin_interfaces/lib/python3.8/site-packages:${PYTHONPATH} /usr/bin/cmake --install /root/catkin_ws/build/stereo_msgs
