[0.163s] Invoking command in '/root/catkin_ws/build/complex_msgs': AMENT_PREFIX_PATH=/root/catkin_ws/install/builtin_interfaces:${AMENT_PREFIX_PATH} CMAKE_PREFIX_PATH=/root/catkin_ws/install/builtin_interfaces:/root/catkin_ws/install/rosidl_typesupport_microxrcedds_cpp:/root/catkin_ws/install/rosidl_typesupport_microxrcedds_c:/root/catkin_ws/install/microcdr:/root/catkin_ws/install/ydlidar_sdk:/root/catkin_ws/install/ydlidar_ros2_driver:/root/catkin_ws/install/udp_driver:/root/catkin_ws/install/topic_service_action_rclcpp_example:/root/catkin_ws/install/time_rclcpp_example:/root/catkin_ws/install/tf2_rclcpp_example:/root/catkin_ws/install/testbot_description:/root/catkin_ws/install/serial_driver:/root/catkin_ws/install/rqt_example:/root/catkin_ws/install/omo_r1mini:/root/catkin_ws/install/omo_r1mini_navigation2:/root/catkin_ws/install/omo_r1mini_interfaces:/root/catkin_ws/install/omo_r1mini_gazebo:/root/catkin_ws/install/omo_r1mini_description:/root/catkin_ws/install/omo_r1mini_cartographer:/root/catkin_ws/install/my_first_ros_rclcpp_pkg:/root/catkin_ws/install/msg_srv_action_interface_example:/root/catkin_ws/install/micro_ros_setup:/root/catkin_ws/install/micro_ros_agent:/root/catkin_ws/install/micro_ros_msgs:/root/catkin_ws/install/io_context:/root/catkin_ws/install/iahrs_driver_interface:/root/catkin_ws/install/drive_base_msgs:/root/catkin_ws/install/asio_cmake_module:/root/install/ydlidar_sdk:/root/install/ydlidar_ros2_driver:/root/install/udp_driver:/root/install/topic_service_action_rclcpp_example:/root/install/time_rclcpp_example:/root/install/tf2_rclcpp_example:/root/install/testbot_description:/root/install/serial_driver:/root/install/rqt_example:/root/install/omo_r1mini:/root/install/omo_r1mini_navigation2:/root/install/omo_r1mini_interfaces:/root/install/omo_r1mini_gazebo:/root/install/omo_r1mini_description:/root/install/omo_r1mini_cartographer:/root/install/my_first_ros_rclcpp_pkg:/root/install/msg_srv_action_interface_example:/root/install/io_context:/root/install/asio_cmake_module:/root/catkin_ws/install/topic_service_action_rclpy_example:/root/catkin_ws/install/time_rclpy_example:/root/catkin_ws/install/tf2_rclpy_example:/root/catkin_ws/install/ros2env:/root/catkin_ws/install/omo_r1mini_teleop:/root/catkin_ws/install/omo_r1mini_bringup:/root/catkin_ws/install/my_first_ros_rclpy_pkg:/root/catkin_ws/install/logging_rclpy_example:/root/catkin_ws/install/iahrs_driver:/root/install/topic_service_action_rclpy_example:/root/install/time_rclpy_example:/root/install/tf2_rclpy_example:/root/install/ros2env:/root/install/omo_r1mini_teleop:/root/install/omo_r1mini_bringup:/root/install/my_first_ros_rclpy_pkg:/root/install/logging_rclpy_example:/opt/ros/foxy LD_LIBRARY_PATH=/root/catkin_ws/install/builtin_interfaces/lib:${LD_LIBRARY_PATH} PYTHONPATH=/root/catkin_ws/install/builtin_interfaces/lib/python3.8/site-packages:${PYTHONPATH} /usr/bin/cmake /root/catkin_ws/src/uros/micro-ROS-demos/messages/complex_msg -DBUILD_TESTING=OFF -DBUILD_SHARED_LIBS=ON -DCMAKE_INSTALL_PREFIX=/root/catkin_ws/install/complex_msgs
[0.265s] -- The C compiler identification is GNU 9.4.0
[0.434s] -- The CXX compiler identification is GNU 9.4.0
[0.450s] -- Check for working C compiler: /usr/bin/cc
[0.635s] -- Check for working C compiler: /usr/bin/cc -- works
[0.637s] -- Detecting C compiler ABI info
[0.779s] -- Detecting C compiler ABI info - done
[0.815s] -- Detecting C compile features
[0.815s] -- Detecting C compile features - done
[0.815s] -- Check for working CXX compiler: /usr/bin/c++
[1.242s] -- Check for working CXX compiler: /usr/bin/c++ -- works
[1.244s] -- Detecting CXX compiler ABI info
[1.693s] -- Detecting CXX compiler ABI info - done
[1.704s] -- Detecting CXX compile features
[1.705s] -- Detecting CXX compile features - done
[1.726s] -- Found ament_cmake: 0.9.11 (/opt/ros/foxy/share/ament_cmake/cmake)
[1.890s] -- Found PythonInterp: /usr/bin/python3 (found suitable version "3.8.10", minimum required is "3") 
[1.891s] -- Using PYTHON_EXECUTABLE: /usr/bin/python3
[2.526s] -- Found builtin_interfaces: 1.0.0 (/root/catkin_ws/install/builtin_interfaces/share/builtin_interfaces/cmake)
[2.646s] -- Using all available rosidl_typesupport_c: rosidl_typesupport_microxrcedds_c;rosidl_typesupport_fastrtps_c;rosidl_typesupport_introspection_c
[2.693s] -- Found rosidl_adapter: 1.3.0 (/opt/ros/foxy/share/rosidl_adapter/cmake)
[2.967s] -- Found OpenSSL: /usr/lib/x86_64-linux-gnu/libcrypto.so (found version "1.1.1f")  
[3.044s] -- Found FastRTPS: /opt/ros/foxy/include  
[3.299s] -- Using all available rosidl_typesupport_cpp: rosidl_typesupport_microxrcedds_cpp;rosidl_typesupport_fastrtps_cpp;rosidl_typesupport_introspection_cpp
[3.383s] -- Found rosidl_default_generators: 1.0.1 (/opt/ros/foxy/share/rosidl_default_generators/cmake)
[3.528s] -- Found PythonInterp: /usr/bin/python3 (found version "3.8.10") 
[3.974s] -- Found ament_cmake_ros: 0.9.2 (/opt/ros/foxy/share/ament_cmake_ros/cmake)
[4.557s] -- Using all available rosidl_typesupport_c: rosidl_typesupport_microxrcedds_c;rosidl_typesupport_fastrtps_c;rosidl_typesupport_introspection_c
[4.613s] -- Using all available rosidl_typesupport_cpp: rosidl_typesupport_microxrcedds_cpp;rosidl_typesupport_fastrtps_cpp;rosidl_typesupport_introspection_cpp
[4.840s] -- Found PythonInterp: /usr/bin/python3 (found suitable version "3.8.10", minimum required is "3.5") 
[4.868s] -- Found python_cmake_module: 0.8.1 (/opt/ros/foxy/share/python_cmake_module/cmake)
[5.053s] -- Found PythonLibs: /usr/lib/x86_64-linux-gnu/libpython3.8.so (found suitable version "3.8.10", minimum required is "3.5") 
[5.054s] -- Using PYTHON_EXECUTABLE: /usr/bin/python3
[5.055s] -- Using PYTHON_INCLUDE_DIRS: /usr/include/python3.8
[5.055s] -- Using PYTHON_LIBRARIES: /usr/lib/x86_64-linux-gnu/libpython3.8.so
[5.275s] -- Found PythonExtra: .so  
[5.568s] -- Configuring done
[5.697s] -- Generating done
[5.710s] -- Build files have been written to: /root/catkin_ws/build/complex_msgs
[5.730s] Invoked command in '/root/catkin_ws/build/complex_msgs' returned '0': AMENT_PREFIX_PATH=/root/catkin_ws/install/builtin_interfaces:${AMENT_PREFIX_PATH} CMAKE_PREFIX_PATH=/root/catkin_ws/install/builtin_interfaces:/root/catkin_ws/install/rosidl_typesupport_microxrcedds_cpp:/root/catkin_ws/install/rosidl_typesupport_microxrcedds_c:/root/catkin_ws/install/microcdr:/root/catkin_ws/install/ydlidar_sdk:/root/catkin_ws/install/ydlidar_ros2_driver:/root/catkin_ws/install/udp_driver:/root/catkin_ws/install/topic_service_action_rclcpp_example:/root/catkin_ws/install/time_rclcpp_example:/root/catkin_ws/install/tf2_rclcpp_example:/root/catkin_ws/install/testbot_description:/root/catkin_ws/install/serial_driver:/root/catkin_ws/install/rqt_example:/root/catkin_ws/install/omo_r1mini:/root/catkin_ws/install/omo_r1mini_navigation2:/root/catkin_ws/install/omo_r1mini_interfaces:/root/catkin_ws/install/omo_r1mini_gazebo:/root/catkin_ws/install/omo_r1mini_description:/root/catkin_ws/install/omo_r1mini_cartographer:/root/catkin_ws/install/my_first_ros_rclcpp_pkg:/root/catkin_ws/install/msg_srv_action_interface_example:/root/catkin_ws/install/micro_ros_setup:/root/catkin_ws/install/micro_ros_agent:/root/catkin_ws/install/micro_ros_msgs:/root/catkin_ws/install/io_context:/root/catkin_ws/install/iahrs_driver_interface:/root/catkin_ws/install/drive_base_msgs:/root/catkin_ws/install/asio_cmake_module:/root/install/ydlidar_sdk:/root/install/ydlidar_ros2_driver:/root/install/udp_driver:/root/install/topic_service_action_rclcpp_example:/root/install/time_rclcpp_example:/root/install/tf2_rclcpp_example:/root/install/testbot_description:/root/install/serial_driver:/root/install/rqt_example:/root/install/omo_r1mini:/root/install/omo_r1mini_navigation2:/root/install/omo_r1mini_interfaces:/root/install/omo_r1mini_gazebo:/root/install/omo_r1mini_description:/root/install/omo_r1mini_cartographer:/root/install/my_first_ros_rclcpp_pkg:/root/install/msg_srv_action_interface_example:/root/install/io_context:/root/install/asio_cmake_module:/root/catkin_ws/install/topic_service_action_rclpy_example:/root/catkin_ws/install/time_rclpy_example:/root/catkin_ws/install/tf2_rclpy_example:/root/catkin_ws/install/ros2env:/root/catkin_ws/install/omo_r1mini_teleop:/root/catkin_ws/install/omo_r1mini_bringup:/root/catkin_ws/install/my_first_ros_rclpy_pkg:/root/catkin_ws/install/logging_rclpy_example:/root/catkin_ws/install/iahrs_driver:/root/install/topic_service_action_rclpy_example:/root/install/time_rclpy_example:/root/install/tf2_rclpy_example:/root/install/ros2env:/root/install/omo_r1mini_teleop:/root/install/omo_r1mini_bringup:/root/install/my_first_ros_rclpy_pkg:/root/install/logging_rclpy_example:/opt/ros/foxy LD_LIBRARY_PATH=/root/catkin_ws/install/builtin_interfaces/lib:${LD_LIBRARY_PATH} PYTHONPATH=/root/catkin_ws/install/builtin_interfaces/lib/python3.8/site-packages:${PYTHONPATH} /usr/bin/cmake /root/catkin_ws/src/uros/micro-ROS-demos/messages/complex_msg -DBUILD_TESTING=OFF -DBUILD_SHARED_LIBS=ON -DCMAKE_INSTALL_PREFIX=/root/catkin_ws/install/complex_msgs
[5.731s] Invoking command in '/root/catkin_ws/build/complex_msgs': AMENT_PREFIX_PATH=/root/catkin_ws/install/builtin_interfaces:${AMENT_PREFIX_PATH} CMAKE_PREFIX_PATH=/root/catkin_ws/install/builtin_interfaces:/root/catkin_ws/install/rosidl_typesupport_microxrcedds_cpp:/root/catkin_ws/install/rosidl_typesupport_microxrcedds_c:/root/catkin_ws/install/microcdr:/root/catkin_ws/install/ydlidar_sdk:/root/catkin_ws/install/ydlidar_ros2_driver:/root/catkin_ws/install/udp_driver:/root/catkin_ws/install/topic_service_action_rclcpp_example:/root/catkin_ws/install/time_rclcpp_example:/root/catkin_ws/install/tf2_rclcpp_example:/root/catkin_ws/install/testbot_description:/root/catkin_ws/install/serial_driver:/root/catkin_ws/install/rqt_example:/root/catkin_ws/install/omo_r1mini:/root/catkin_ws/install/omo_r1mini_navigation2:/root/catkin_ws/install/omo_r1mini_interfaces:/root/catkin_ws/install/omo_r1mini_gazebo:/root/catkin_ws/install/omo_r1mini_description:/root/catkin_ws/install/omo_r1mini_cartographer:/root/catkin_ws/install/my_first_ros_rclcpp_pkg:/root/catkin_ws/install/msg_srv_action_interface_example:/root/catkin_ws/install/micro_ros_setup:/root/catkin_ws/install/micro_ros_agent:/root/catkin_ws/install/micro_ros_msgs:/root/catkin_ws/install/io_context:/root/catkin_ws/install/iahrs_driver_interface:/root/catkin_ws/install/drive_base_msgs:/root/catkin_ws/install/asio_cmake_module:/root/install/ydlidar_sdk:/root/install/ydlidar_ros2_driver:/root/install/udp_driver:/root/install/topic_service_action_rclcpp_example:/root/install/time_rclcpp_example:/root/install/tf2_rclcpp_example:/root/install/testbot_description:/root/install/serial_driver:/root/install/rqt_example:/root/install/omo_r1mini:/root/install/omo_r1mini_navigation2:/root/install/omo_r1mini_interfaces:/root/install/omo_r1mini_gazebo:/root/install/omo_r1mini_description:/root/install/omo_r1mini_cartographer:/root/install/my_first_ros_rclcpp_pkg:/root/install/msg_srv_action_interface_example:/root/install/io_context:/root/install/asio_cmake_module:/root/catkin_ws/install/topic_service_action_rclpy_example:/root/catkin_ws/install/time_rclpy_example:/root/catkin_ws/install/tf2_rclpy_example:/root/catkin_ws/install/ros2env:/root/catkin_ws/install/omo_r1mini_teleop:/root/catkin_ws/install/omo_r1mini_bringup:/root/catkin_ws/install/my_first_ros_rclpy_pkg:/root/catkin_ws/install/logging_rclpy_example:/root/catkin_ws/install/iahrs_driver:/root/install/topic_service_action_rclpy_example:/root/install/time_rclpy_example:/root/install/tf2_rclpy_example:/root/install/ros2env:/root/install/omo_r1mini_teleop:/root/install/omo_r1mini_bringup:/root/install/my_first_ros_rclpy_pkg:/root/install/logging_rclpy_example:/opt/ros/foxy LD_LIBRARY_PATH=/root/catkin_ws/install/builtin_interfaces/lib:${LD_LIBRARY_PATH} PYTHONPATH=/root/catkin_ws/install/builtin_interfaces/lib/python3.8/site-packages:${PYTHONPATH} /usr/bin/cmake --build /root/catkin_ws/build/complex_msgs -- -j12 -l12
[5.950s] [35m[1mScanning dependencies of target complex_msgs__cpp[0m
[5.996s] [  2%] [34m[1mGenerating C++ code for ROS interfaces[0m
[6.014s] [  4%] [34m[1mGenerating C code for ROS interfaces[0m
[7.155s] [  4%] Built target complex_msgs__cpp
[7.211s] [  6%] [34m[1mGenerating C++ type support for eProsima Fast-RTPS[0m
[7.226s] [  8%] [34m[1mGenerating C++ type support dispatch for ROS interfaces[0m
[7.237s] [ 10%] [34m[1mGenerating C++ introspection for ROS interfaces[0m
[7.285s] [ 12%] [34m[1mGenerating C++ type support for eProsima Micro XRCE-DDS[0m
[7.367s] [35m[1mScanning dependencies of target complex_msgs__rosidl_generator_c[0m
[7.453s] [ 14%] [32mBuilding C object CMakeFiles/complex_msgs__rosidl_generator_c.dir/rosidl_generator_c/complex_msgs/msg/detail/multi_string_test__functions.c.o[0m
[7.464s] [ 16%] [32mBuilding C object CMakeFiles/complex_msgs__rosidl_generator_c.dir/rosidl_generator_c/complex_msgs/msg/detail/nested_msg_test__functions.c.o[0m
[7.752s] [ 18%] [32m[1mLinking C shared library libcomplex_msgs__rosidl_generator_c.so[0m
[7.986s] [ 18%] Built target complex_msgs__rosidl_generator_c
[8.040s] [35m[1mScanning dependencies of target complex_msgs__rosidl_typesupport_fastrtps_cpp[0m
[8.078s] [ 20%] [34m[1mGenerating C type support for eProsima Micro XRCE-DDS[0m
[8.103s] [ 22%] [34m[1mGenerating C type support dispatch for ROS interfaces[0m
[8.104s] [ 24%] [34m[1mGenerating C introspection for ROS interfaces[0m
[8.141s] [ 26%] [32mBuilding CXX object CMakeFiles/complex_msgs__rosidl_typesupport_fastrtps_cpp.dir/rosidl_typesupport_fastrtps_cpp/complex_msgs/msg/detail/dds_fastrtps/multi_string_test__type_support.cpp.o[0m
[8.182s] [ 28%] [32mBuilding CXX object CMakeFiles/complex_msgs__rosidl_typesupport_fastrtps_cpp.dir/rosidl_typesupport_fastrtps_cpp/complex_msgs/msg/detail/dds_fastrtps/nested_msg_test__type_support.cpp.o[0m
[8.599s] [35m[1mScanning dependencies of target complex_msgs__rosidl_typesupport_cpp[0m
[8.644s] [35m[1mScanning dependencies of target complex_msgs__rosidl_typesupport_introspection_cpp[0m
[8.708s] [ 30%] [32mBuilding CXX object CMakeFiles/complex_msgs__rosidl_typesupport_cpp.dir/rosidl_typesupport_cpp/complex_msgs/msg/multi_string_test__type_support.cpp.o[0m
[8.746s] [ 32%] [32mBuilding CXX object CMakeFiles/complex_msgs__rosidl_typesupport_cpp.dir/rosidl_typesupport_cpp/complex_msgs/msg/nested_msg_test__type_support.cpp.o[0m
[8.765s] [ 34%] [32mBuilding CXX object CMakeFiles/complex_msgs__rosidl_typesupport_introspection_cpp.dir/rosidl_typesupport_introspection_cpp/complex_msgs/msg/detail/multi_string_test__type_support.cpp.o[0m
[8.779s] [ 36%] [32mBuilding CXX object CMakeFiles/complex_msgs__rosidl_typesupport_introspection_cpp.dir/rosidl_typesupport_introspection_cpp/complex_msgs/msg/detail/nested_msg_test__type_support.cpp.o[0m
[9.019s] [35m[1mScanning dependencies of target complex_msgs__rosidl_typesupport_microxrcedds_cpp[0m
[9.119s] [ 38%] [32mBuilding CXX object CMakeFiles/complex_msgs__rosidl_typesupport_microxrcedds_cpp.dir/rosidl_typesupport_microxrcedds_cpp/complex_msgs/msg/detail/microxrcedds/multi_string_test__type_support_cpp.cpp.o[0m
[9.146s] [ 40%] [32mBuilding CXX object CMakeFiles/complex_msgs__rosidl_typesupport_microxrcedds_cpp.dir/rosidl_typesupport_microxrcedds_cpp/complex_msgs/msg/detail/microxrcedds/nested_msg_test__type_support_cpp.cpp.o[0m
[9.457s] [35m[1mScanning dependencies of target complex_msgs__rosidl_typesupport_microxrcedds_c[0m
[9.588s] [ 42%] [32mBuilding C object CMakeFiles/complex_msgs__rosidl_typesupport_microxrcedds_c.dir/rosidl_typesupport_microxrcedds_c/complex_msgs/msg/detail/microxrcedds/multi_string_test__type_support_c.c.o[0m
[9.596s] [ 44%] [32mBuilding C object CMakeFiles/complex_msgs__rosidl_typesupport_microxrcedds_c.dir/rosidl_typesupport_microxrcedds_c/complex_msgs/msg/detail/microxrcedds/nested_msg_test__type_support_c.c.o[0m
[9.602s] [35m[1mScanning dependencies of target complex_msgs__rosidl_typesupport_c[0m
[9.697s] [ 46%] [32mBuilding CXX object CMakeFiles/complex_msgs__rosidl_typesupport_c.dir/rosidl_typesupport_c/complex_msgs/msg/multi_string_test__type_support.cpp.o[0m
[9.872s] [ 48%] [32mBuilding CXX object CMakeFiles/complex_msgs__rosidl_typesupport_c.dir/rosidl_typesupport_c/complex_msgs/msg/nested_msg_test__type_support.cpp.o[0m
[9.941s] [ 51%] [32m[1mLinking C shared library libcomplex_msgs__rosidl_typesupport_microxrcedds_c.so[0m
[10.025s] [ 53%] [32m[1mLinking CXX shared library libcomplex_msgs__rosidl_typesupport_cpp.so[0m
[10.040s] [ 55%] [32m[1mLinking CXX shared library libcomplex_msgs__rosidl_typesupport_c.so[0m
[10.052s] [35m[1mScanning dependencies of target complex_msgs__rosidl_typesupport_introspection_c[0m
[10.134s] [ 57%] [32mBuilding C object CMakeFiles/complex_msgs__rosidl_typesupport_introspection_c.dir/rosidl_typesupport_introspection_c/complex_msgs/msg/detail/multi_string_test__type_support.c.o[0m
[10.156s] [ 57%] Built target complex_msgs__rosidl_typesupport_microxrcedds_c
[10.156s] [ 59%] [32mBuilding C object CMakeFiles/complex_msgs__rosidl_typesupport_introspection_c.dir/rosidl_typesupport_introspection_c/complex_msgs/msg/detail/nested_msg_test__type_support.c.o[0m
[10.256s] [ 59%] Built target complex_msgs__rosidl_typesupport_cpp
[10.274s] [ 59%] Built target complex_msgs__rosidl_typesupport_c
[10.345s] [ 61%] [32m[1mLinking C shared library libcomplex_msgs__rosidl_typesupport_introspection_c.so[0m
[10.401s] [ 63%] [32m[1mLinking CXX shared library libcomplex_msgs__rosidl_typesupport_introspection_cpp.so[0m
[10.589s] [ 63%] Built target complex_msgs__rosidl_typesupport_introspection_c
[10.745s] [ 65%] [32m[1mLinking CXX shared library libcomplex_msgs__rosidl_typesupport_microxrcedds_cpp.so[0m
[10.845s] [ 67%] [32m[1mLinking CXX shared library libcomplex_msgs__rosidl_typesupport_fastrtps_cpp.so[0m
[10.865s] [ 67%] Built target complex_msgs__rosidl_typesupport_introspection_cpp
[11.132s] [ 67%] Built target complex_msgs__rosidl_typesupport_microxrcedds_cpp
[11.448s] [ 67%] Built target complex_msgs__rosidl_typesupport_fastrtps_cpp
[11.553s] [ 69%] [34m[1mGenerating C type support for eProsima Fast-RTPS[0m
[13.041s] [35m[1mScanning dependencies of target complex_msgs__rosidl_typesupport_fastrtps_c[0m
[13.133s] [ 71%] [32mBuilding CXX object CMakeFiles/complex_msgs__rosidl_typesupport_fastrtps_c.dir/rosidl_typesupport_fastrtps_c/complex_msgs/msg/detail/nested_msg_test__type_support_c.cpp.o[0m
[13.136s] [ 73%] [32mBuilding CXX object CMakeFiles/complex_msgs__rosidl_typesupport_fastrtps_c.dir/rosidl_typesupport_fastrtps_c/complex_msgs/msg/detail/multi_string_test__type_support_c.cpp.o[0m
[14.301s] [ 75%] [32m[1mLinking CXX shared library libcomplex_msgs__rosidl_typesupport_fastrtps_c.so[0m
[14.537s] [ 75%] Built target complex_msgs__rosidl_typesupport_fastrtps_c
[14.593s] [35m[1mScanning dependencies of target complex_msgs[0m
[14.622s] [ 75%] Built target complex_msgs
[14.666s] [35m[1mScanning dependencies of target complex_msgs__py[0m
[14.708s] [ 77%] [34m[1mGenerating Python code for ROS interfaces[0m
[15.976s] [ 77%] Built target complex_msgs__py
[16.019s] [35m[1mScanning dependencies of target complex_msgs__python[0m
[16.123s] [ 79%] [32mBuilding C object CMakeFiles/complex_msgs__python.dir/rosidl_generator_py/complex_msgs/msg/_multi_string_test_s.c.o[0m
[16.309s] [ 81%] [32mBuilding C object CMakeFiles/complex_msgs__python.dir/rosidl_generator_py/complex_msgs/msg/_nested_msg_test_s.c.o[0m
[16.548s] [ 83%] [32m[1mLinking C shared library rosidl_generator_py/complex_msgs/libcomplex_msgs__python.so[0m
[16.661s] [ 83%] Built target complex_msgs__python
[16.688s] [35m[1mScanning dependencies of target complex_msgs__rosidl_typesupport_c__pyext[0m
[16.725s] [ 85%] [32mBuilding C object CMakeFiles/complex_msgs__rosidl_typesupport_c__pyext.dir/rosidl_generator_py/complex_msgs/_complex_msgs_s.ep.rosidl_typesupport_c.c.o[0m
[16.885s] [ 87%] [32m[1mLinking C shared library rosidl_generator_py/complex_msgs/complex_msgs_s__rosidl_typesupport_c.cpython-38-x86_64-linux-gnu.so[0m
[16.948s] [ 87%] Built target complex_msgs__rosidl_typesupport_c__pyext
[16.969s] [35m[1mScanning dependencies of target complex_msgs__rosidl_typesupport_microxrcedds_c__pyext[0m
[17.006s] [ 89%] [32mBuilding C object CMakeFiles/complex_msgs__rosidl_typesupport_microxrcedds_c__pyext.dir/rosidl_generator_py/complex_msgs/_complex_msgs_s.ep.rosidl_typesupport_microxrcedds_c.c.o[0m
[17.143s] [ 91%] [32m[1mLinking C shared library rosidl_generator_py/complex_msgs/complex_msgs_s__rosidl_typesupport_microxrcedds_c.cpython-38-x86_64-linux-gnu.so[0m
[17.202s] [ 91%] Built target complex_msgs__rosidl_typesupport_microxrcedds_c__pyext
[17.221s] [35m[1mScanning dependencies of target complex_msgs__rosidl_typesupport_fastrtps_c__pyext[0m
[17.265s] [ 93%] [32mBuilding C object CMakeFiles/complex_msgs__rosidl_typesupport_fastrtps_c__pyext.dir/rosidl_generator_py/complex_msgs/_complex_msgs_s.ep.rosidl_typesupport_fastrtps_c.c.o[0m
[17.405s] [ 95%] [32m[1mLinking CXX shared library rosidl_generator_py/complex_msgs/complex_msgs_s__rosidl_typesupport_fastrtps_c.cpython-38-x86_64-linux-gnu.so[0m
[17.507s] [ 95%] Built target complex_msgs__rosidl_typesupport_fastrtps_c__pyext
[17.525s] [35m[1mScanning dependencies of target complex_msgs__rosidl_typesupport_introspection_c__pyext[0m
[17.557s] [ 97%] [32mBuilding C object CMakeFiles/complex_msgs__rosidl_typesupport_introspection_c__pyext.dir/rosidl_generator_py/complex_msgs/_complex_msgs_s.ep.rosidl_typesupport_introspection_c.c.o[0m
[17.712s] [100%] [32m[1mLinking C shared library rosidl_generator_py/complex_msgs/complex_msgs_s__rosidl_typesupport_introspection_c.cpython-38-x86_64-linux-gnu.so[0m
[17.769s] [100%] Built target complex_msgs__rosidl_typesupport_introspection_c__pyext
[17.791s] Invoked command in '/root/catkin_ws/build/complex_msgs' returned '0': AMENT_PREFIX_PATH=/root/catkin_ws/install/builtin_interfaces:${AMENT_PREFIX_PATH} CMAKE_PREFIX_PATH=/root/catkin_ws/install/builtin_interfaces:/root/catkin_ws/install/rosidl_typesupport_microxrcedds_cpp:/root/catkin_ws/install/rosidl_typesupport_microxrcedds_c:/root/catkin_ws/install/microcdr:/root/catkin_ws/install/ydlidar_sdk:/root/catkin_ws/install/ydlidar_ros2_driver:/root/catkin_ws/install/udp_driver:/root/catkin_ws/install/topic_service_action_rclcpp_example:/root/catkin_ws/install/time_rclcpp_example:/root/catkin_ws/install/tf2_rclcpp_example:/root/catkin_ws/install/testbot_description:/root/catkin_ws/install/serial_driver:/root/catkin_ws/install/rqt_example:/root/catkin_ws/install/omo_r1mini:/root/catkin_ws/install/omo_r1mini_navigation2:/root/catkin_ws/install/omo_r1mini_interfaces:/root/catkin_ws/install/omo_r1mini_gazebo:/root/catkin_ws/install/omo_r1mini_description:/root/catkin_ws/install/omo_r1mini_cartographer:/root/catkin_ws/install/my_first_ros_rclcpp_pkg:/root/catkin_ws/install/msg_srv_action_interface_example:/root/catkin_ws/install/micro_ros_setup:/root/catkin_ws/install/micro_ros_agent:/root/catkin_ws/install/micro_ros_msgs:/root/catkin_ws/install/io_context:/root/catkin_ws/install/iahrs_driver_interface:/root/catkin_ws/install/drive_base_msgs:/root/catkin_ws/install/asio_cmake_module:/root/install/ydlidar_sdk:/root/install/ydlidar_ros2_driver:/root/install/udp_driver:/root/install/topic_service_action_rclcpp_example:/root/install/time_rclcpp_example:/root/install/tf2_rclcpp_example:/root/install/testbot_description:/root/install/serial_driver:/root/install/rqt_example:/root/install/omo_r1mini:/root/install/omo_r1mini_navigation2:/root/install/omo_r1mini_interfaces:/root/install/omo_r1mini_gazebo:/root/install/omo_r1mini_description:/root/install/omo_r1mini_cartographer:/root/install/my_first_ros_rclcpp_pkg:/root/install/msg_srv_action_interface_example:/root/install/io_context:/root/install/asio_cmake_module:/root/catkin_ws/install/topic_service_action_rclpy_example:/root/catkin_ws/install/time_rclpy_example:/root/catkin_ws/install/tf2_rclpy_example:/root/catkin_ws/install/ros2env:/root/catkin_ws/install/omo_r1mini_teleop:/root/catkin_ws/install/omo_r1mini_bringup:/root/catkin_ws/install/my_first_ros_rclpy_pkg:/root/catkin_ws/install/logging_rclpy_example:/root/catkin_ws/install/iahrs_driver:/root/install/topic_service_action_rclpy_example:/root/install/time_rclpy_example:/root/install/tf2_rclpy_example:/root/install/ros2env:/root/install/omo_r1mini_teleop:/root/install/omo_r1mini_bringup:/root/install/my_first_ros_rclpy_pkg:/root/install/logging_rclpy_example:/opt/ros/foxy LD_LIBRARY_PATH=/root/catkin_ws/install/builtin_interfaces/lib:${LD_LIBRARY_PATH} PYTHONPATH=/root/catkin_ws/install/builtin_interfaces/lib/python3.8/site-packages:${PYTHONPATH} /usr/bin/cmake --build /root/catkin_ws/build/complex_msgs -- -j12 -l12
[17.979s] Invoking command in '/root/catkin_ws/build/complex_msgs': AMENT_PREFIX_PATH=/root/catkin_ws/install/builtin_interfaces:${AMENT_PREFIX_PATH} CMAKE_PREFIX_PATH=/root/catkin_ws/install/builtin_interfaces:/root/catkin_ws/install/rosidl_typesupport_microxrcedds_cpp:/root/catkin_ws/install/rosidl_typesupport_microxrcedds_c:/root/catkin_ws/install/microcdr:/root/catkin_ws/install/ydlidar_sdk:/root/catkin_ws/install/ydlidar_ros2_driver:/root/catkin_ws/install/udp_driver:/root/catkin_ws/install/topic_service_action_rclcpp_example:/root/catkin_ws/install/time_rclcpp_example:/root/catkin_ws/install/tf2_rclcpp_example:/root/catkin_ws/install/testbot_description:/root/catkin_ws/install/serial_driver:/root/catkin_ws/install/rqt_example:/root/catkin_ws/install/omo_r1mini:/root/catkin_ws/install/omo_r1mini_navigation2:/root/catkin_ws/install/omo_r1mini_interfaces:/root/catkin_ws/install/omo_r1mini_gazebo:/root/catkin_ws/install/omo_r1mini_description:/root/catkin_ws/install/omo_r1mini_cartographer:/root/catkin_ws/install/my_first_ros_rclcpp_pkg:/root/catkin_ws/install/msg_srv_action_interface_example:/root/catkin_ws/install/micro_ros_setup:/root/catkin_ws/install/micro_ros_agent:/root/catkin_ws/install/micro_ros_msgs:/root/catkin_ws/install/io_context:/root/catkin_ws/install/iahrs_driver_interface:/root/catkin_ws/install/drive_base_msgs:/root/catkin_ws/install/asio_cmake_module:/root/install/ydlidar_sdk:/root/install/ydlidar_ros2_driver:/root/install/udp_driver:/root/install/topic_service_action_rclcpp_example:/root/install/time_rclcpp_example:/root/install/tf2_rclcpp_example:/root/install/testbot_description:/root/install/serial_driver:/root/install/rqt_example:/root/install/omo_r1mini:/root/install/omo_r1mini_navigation2:/root/install/omo_r1mini_interfaces:/root/install/omo_r1mini_gazebo:/root/install/omo_r1mini_description:/root/install/omo_r1mini_cartographer:/root/install/my_first_ros_rclcpp_pkg:/root/install/msg_srv_action_interface_example:/root/install/io_context:/root/install/asio_cmake_module:/root/catkin_ws/install/topic_service_action_rclpy_example:/root/catkin_ws/install/time_rclpy_example:/root/catkin_ws/install/tf2_rclpy_example:/root/catkin_ws/install/ros2env:/root/catkin_ws/install/omo_r1mini_teleop:/root/catkin_ws/install/omo_r1mini_bringup:/root/catkin_ws/install/my_first_ros_rclpy_pkg:/root/catkin_ws/install/logging_rclpy_example:/root/catkin_ws/install/iahrs_driver:/root/install/topic_service_action_rclpy_example:/root/install/time_rclpy_example:/root/install/tf2_rclpy_example:/root/install/ros2env:/root/install/omo_r1mini_teleop:/root/install/omo_r1mini_bringup:/root/install/my_first_ros_rclpy_pkg:/root/install/logging_rclpy_example:/opt/ros/foxy LD_LIBRARY_PATH=/root/catkin_ws/install/builtin_interfaces/lib:${LD_LIBRARY_PATH} PYTHONPATH=/root/catkin_ws/install/builtin_interfaces/lib/python3.8/site-packages:${PYTHONPATH} /usr/bin/cmake --install /root/catkin_ws/build/complex_msgs
[17.996s] -- Install configuration: ""
[17.997s] -- Installing: /root/catkin_ws/install/complex_msgs/share/ament_index/resource_index/rosidl_interfaces/complex_msgs
[17.997s] -- Installing: /root/catkin_ws/install/complex_msgs/include/complex_msgs
[17.997s] -- Installing: /root/catkin_ws/install/complex_msgs/include/complex_msgs/msg
[17.998s] -- Installing: /root/catkin_ws/install/complex_msgs/include/complex_msgs/msg/detail
[17.998s] -- Installing: /root/catkin_ws/install/complex_msgs/include/complex_msgs/msg/detail/multi_string_test__type_support.h
[17.998s] -- Installing: /root/catkin_ws/install/complex_msgs/include/complex_msgs/msg/detail/nested_msg_test__type_support.h
[17.998s] -- Installing: /root/catkin_ws/install/complex_msgs/include/complex_msgs/msg/detail/nested_msg_test__struct.h
[17.999s] -- Installing: /root/catkin_ws/install/complex_msgs/include/complex_msgs/msg/detail/multi_string_test__functions.c
[17.999s] -- Installing: /root/catkin_ws/install/complex_msgs/include/complex_msgs/msg/detail/nested_msg_test__functions.h
[17.999s] -- Installing: /root/catkin_ws/install/complex_msgs/include/complex_msgs/msg/detail/nested_msg_test__functions.c
[17.999s] -- Installing: /root/catkin_ws/install/complex_msgs/include/complex_msgs/msg/detail/multi_string_test__functions.h
[17.999s] -- Installing: /root/catkin_ws/install/complex_msgs/include/complex_msgs/msg/detail/multi_string_test__struct.h
[17.999s] -- Installing: /root/catkin_ws/install/complex_msgs/include/complex_msgs/msg/rosidl_generator_c__visibility_control.h
[17.999s] -- Installing: /root/catkin_ws/install/complex_msgs/include/complex_msgs/msg/multi_string_test.h
[18.004s] -- Installing: /root/catkin_ws/install/complex_msgs/include/complex_msgs/msg/nested_msg_test.h
[18.004s] -- Installing: /root/catkin_ws/install/complex_msgs/share/complex_msgs/environment/library_path.sh
[18.004s] -- Installing: /root/catkin_ws/install/complex_msgs/share/complex_msgs/environment/library_path.dsv
[18.004s] -- Installing: /root/catkin_ws/install/complex_msgs/lib/libcomplex_msgs__rosidl_generator_c.so
[18.004s] -- Set runtime path of "/root/catkin_ws/install/complex_msgs/lib/libcomplex_msgs__rosidl_generator_c.so" to ""
[18.005s] -- Up-to-date: /root/catkin_ws/install/complex_msgs/include/complex_msgs
[18.005s] -- Up-to-date: /root/catkin_ws/install/complex_msgs/include/complex_msgs/msg
[18.005s] -- Up-to-date: /root/catkin_ws/install/complex_msgs/include/complex_msgs/msg/detail
[18.005s] -- Installing: /root/catkin_ws/install/complex_msgs/include/complex_msgs/msg/detail/multi_string_test__rosidl_typesupport_microxrcedds_c.h
[18.005s] -- Installing: /root/catkin_ws/install/complex_msgs/include/complex_msgs/msg/detail/microxrcedds
[18.005s] -- Installing: /root/catkin_ws/install/complex_msgs/include/complex_msgs/msg/detail/nested_msg_test__rosidl_typesupport_microxrcedds_c.h
[18.005s] -- Installing: /root/catkin_ws/install/complex_msgs/include/complex_msgs/msg/rosidl_typesupport_microxrcedds_c__visibility_control.h
[18.005s] -- Installing: /root/catkin_ws/install/complex_msgs/lib/libcomplex_msgs__rosidl_typesupport_microxrcedds_c.so
[18.006s] -- Set runtime path of "/root/catkin_ws/install/complex_msgs/lib/libcomplex_msgs__rosidl_typesupport_microxrcedds_c.so" to ""
[18.006s] -- Up-to-date: /root/catkin_ws/install/complex_msgs/include/complex_msgs
[18.006s] -- Up-to-date: /root/catkin_ws/install/complex_msgs/include/complex_msgs/msg
[18.006s] -- Up-to-date: /root/catkin_ws/install/complex_msgs/include/complex_msgs/msg/detail
[18.006s] -- Installing: /root/catkin_ws/install/complex_msgs/include/complex_msgs/msg/detail/nested_msg_test__rosidl_typesupport_fastrtps_c.h
[18.006s] -- Installing: /root/catkin_ws/install/complex_msgs/include/complex_msgs/msg/detail/multi_string_test__rosidl_typesupport_fastrtps_c.h
[18.006s] -- Installing: /root/catkin_ws/install/complex_msgs/include/complex_msgs/msg/rosidl_typesupport_fastrtps_c__visibility_control.h
[18.006s] -- Installing: /root/catkin_ws/install/complex_msgs/lib/libcomplex_msgs__rosidl_typesupport_fastrtps_c.so
[18.006s] -- Set runtime path of "/root/catkin_ws/install/complex_msgs/lib/libcomplex_msgs__rosidl_typesupport_fastrtps_c.so" to ""
[18.007s] -- Up-to-date: /root/catkin_ws/install/complex_msgs/include/complex_msgs
[18.007s] -- Up-to-date: /root/catkin_ws/install/complex_msgs/include/complex_msgs/msg
[18.007s] -- Up-to-date: /root/catkin_ws/install/complex_msgs/include/complex_msgs/msg/detail
[18.013s] -- Installing: /root/catkin_ws/install/complex_msgs/include/complex_msgs/msg/detail/multi_string_test__rosidl_typesupport_fastrtps_cpp.hpp
[18.014s] -- Installing: /root/catkin_ws/install/complex_msgs/include/complex_msgs/msg/detail/nested_msg_test__rosidl_typesupport_fastrtps_cpp.hpp
[18.014s] -- Installing: /root/catkin_ws/install/complex_msgs/include/complex_msgs/msg/detail/dds_fastrtps
[18.014s] -- Installing: /root/catkin_ws/install/complex_msgs/include/complex_msgs/msg/rosidl_typesupport_fastrtps_cpp__visibility_control.h
[18.014s] -- Installing: /root/catkin_ws/install/complex_msgs/lib/libcomplex_msgs__rosidl_typesupport_fastrtps_cpp.so
[18.014s] -- Set runtime path of "/root/catkin_ws/install/complex_msgs/lib/libcomplex_msgs__rosidl_typesupport_fastrtps_cpp.so" to ""
[18.014s] -- Up-to-date: /root/catkin_ws/install/complex_msgs/include/complex_msgs
[18.014s] -- Up-to-date: /root/catkin_ws/install/complex_msgs/include/complex_msgs/msg
[18.015s] -- Up-to-date: /root/catkin_ws/install/complex_msgs/include/complex_msgs/msg/detail
[18.015s] -- Installing: /root/catkin_ws/install/complex_msgs/include/complex_msgs/msg/detail/multi_string_test__rosidl_typesupport_introspection_c.h
[18.015s] -- Installing: /root/catkin_ws/install/complex_msgs/include/complex_msgs/msg/detail/nested_msg_test__type_support.c
[18.015s] -- Installing: /root/catkin_ws/install/complex_msgs/include/complex_msgs/msg/detail/nested_msg_test__rosidl_typesupport_introspection_c.h
[18.015s] -- Installing: /root/catkin_ws/install/complex_msgs/include/complex_msgs/msg/detail/multi_string_test__type_support.c
[18.015s] -- Installing: /root/catkin_ws/install/complex_msgs/include/complex_msgs/msg/rosidl_typesupport_introspection_c__visibility_control.h
[18.015s] -- Installing: /root/catkin_ws/install/complex_msgs/lib/libcomplex_msgs__rosidl_typesupport_introspection_c.so
[18.015s] -- Set runtime path of "/root/catkin_ws/install/complex_msgs/lib/libcomplex_msgs__rosidl_typesupport_introspection_c.so" to ""
[18.016s] -- Installing: /root/catkin_ws/install/complex_msgs/lib/libcomplex_msgs__rosidl_typesupport_c.so
[18.016s] -- Set runtime path of "/root/catkin_ws/install/complex_msgs/lib/libcomplex_msgs__rosidl_typesupport_c.so" to ""
[18.016s] -- Up-to-date: /root/catkin_ws/install/complex_msgs/include/complex_msgs
[18.016s] -- Up-to-date: /root/catkin_ws/install/complex_msgs/include/complex_msgs/msg
[18.016s] -- Up-to-date: /root/catkin_ws/install/complex_msgs/include/complex_msgs/msg/detail
[18.016s] -- Installing: /root/catkin_ws/install/complex_msgs/include/complex_msgs/msg/detail/multi_string_test__traits.hpp
[18.016s] -- Installing: /root/catkin_ws/install/complex_msgs/include/complex_msgs/msg/detail/multi_string_test__struct.hpp
[18.016s] -- Installing: /root/catkin_ws/install/complex_msgs/include/complex_msgs/msg/detail/multi_string_test__builder.hpp
[18.016s] -- Installing: /root/catkin_ws/install/complex_msgs/include/complex_msgs/msg/detail/nested_msg_test__builder.hpp
[18.017s] -- Installing: /root/catkin_ws/install/complex_msgs/include/complex_msgs/msg/detail/nested_msg_test__struct.hpp
[18.017s] -- Installing: /root/catkin_ws/install/complex_msgs/include/complex_msgs/msg/detail/nested_msg_test__traits.hpp
[18.017s] -- Installing: /root/catkin_ws/install/complex_msgs/include/complex_msgs/msg/multi_string_test.hpp
[18.017s] -- Installing: /root/catkin_ws/install/complex_msgs/include/complex_msgs/msg/nested_msg_test.hpp
[18.017s] -- Up-to-date: /root/catkin_ws/install/complex_msgs/include/complex_msgs
[18.017s] -- Up-to-date: /root/catkin_ws/install/complex_msgs/include/complex_msgs/msg
[18.017s] -- Up-to-date: /root/catkin_ws/install/complex_msgs/include/complex_msgs/msg/detail
[18.017s] -- Installing: /root/catkin_ws/install/complex_msgs/include/complex_msgs/msg/detail/nested_msg_test__rosidl_typesupport_microxrcedds_cpp.hpp
[18.018s] -- Up-to-date: /root/catkin_ws/install/complex_msgs/include/complex_msgs/msg/detail/microxrcedds
[18.018s] -- Installing: /root/catkin_ws/install/complex_msgs/include/complex_msgs/msg/detail/microxrcedds/nested_msg_test__type_support_cpp.cpp
[18.018s] -- Installing: /root/catkin_ws/install/complex_msgs/include/complex_msgs/msg/detail/microxrcedds/multi_string_test__type_support_cpp.cpp
[18.018s] -- Installing: /root/catkin_ws/install/complex_msgs/include/complex_msgs/msg/detail/multi_string_test__rosidl_typesupport_microxrcedds_cpp.hpp
[18.018s] -- Installing: /root/catkin_ws/install/complex_msgs/include/complex_msgs/msg/rosidl_typesupport_microxrcedds_cpp__visibility_control.h
[18.018s] -- Installing: /root/catkin_ws/install/complex_msgs/lib/libcomplex_msgs__rosidl_typesupport_microxrcedds_cpp.so
[18.018s] -- Set runtime path of "/root/catkin_ws/install/complex_msgs/lib/libcomplex_msgs__rosidl_typesupport_microxrcedds_cpp.so" to ""
[18.018s] -- Up-to-date: /root/catkin_ws/install/complex_msgs/include/complex_msgs
[18.018s] -- Up-to-date: /root/catkin_ws/install/complex_msgs/include/complex_msgs/msg
[18.019s] -- Up-to-date: /root/catkin_ws/install/complex_msgs/include/complex_msgs/msg/detail
[18.019s] -- Installing: /root/catkin_ws/install/complex_msgs/include/complex_msgs/msg/detail/multi_string_test__type_support.cpp
[18.019s] -- Installing: /root/catkin_ws/install/complex_msgs/include/complex_msgs/msg/detail/nested_msg_test__rosidl_typesupport_introspection_cpp.hpp
[18.019s] -- Installing: /root/catkin_ws/install/complex_msgs/include/complex_msgs/msg/detail/nested_msg_test__type_support.cpp
[18.019s] -- Installing: /root/catkin_ws/install/complex_msgs/include/complex_msgs/msg/detail/multi_string_test__rosidl_typesupport_introspection_cpp.hpp
[18.019s] -- Installing: /root/catkin_ws/install/complex_msgs/lib/libcomplex_msgs__rosidl_typesupport_introspection_cpp.so
[18.019s] -- Set runtime path of "/root/catkin_ws/install/complex_msgs/lib/libcomplex_msgs__rosidl_typesupport_introspection_cpp.so" to ""
[18.019s] -- Installing: /root/catkin_ws/install/complex_msgs/lib/libcomplex_msgs__rosidl_typesupport_cpp.so
[18.020s] -- Set runtime path of "/root/catkin_ws/install/complex_msgs/lib/libcomplex_msgs__rosidl_typesupport_cpp.so" to ""
[18.020s] -- Installing: /root/catkin_ws/install/complex_msgs/share/complex_msgs/environment/pythonpath.sh
[18.020s] -- Installing: /root/catkin_ws/install/complex_msgs/share/complex_msgs/environment/pythonpath.dsv
[18.020s] -- Installing: /root/catkin_ws/install/complex_msgs/lib/python3.8/site-packages/complex_msgs/__init__.py
[18.136s] Compiling '/root/catkin_ws/install/complex_msgs/lib/python3.8/site-packages/complex_msgs/__init__.py'...
[18.143s] -- Installing: /root/catkin_ws/install/complex_msgs/lib/python3.8/site-packages/complex_msgs/msg
[18.143s] -- Installing: /root/catkin_ws/install/complex_msgs/lib/python3.8/site-packages/complex_msgs/msg/_nested_msg_test.py
[18.143s] -- Installing: /root/catkin_ws/install/complex_msgs/lib/python3.8/site-packages/complex_msgs/msg/_multi_string_test_s.c
[18.144s] -- Installing: /root/catkin_ws/install/complex_msgs/lib/python3.8/site-packages/complex_msgs/msg/_nested_msg_test_s.c
[18.144s] -- Installing: /root/catkin_ws/install/complex_msgs/lib/python3.8/site-packages/complex_msgs/msg/_multi_string_test.py
[18.144s] -- Installing: /root/catkin_ws/install/complex_msgs/lib/python3.8/site-packages/complex_msgs/msg/__init__.py
[18.144s] -- Installing: /root/catkin_ws/install/complex_msgs/lib/python3.8/site-packages/complex_msgs/complex_msgs_s__rosidl_typesupport_microxrcedds_c.cpython-38-x86_64-linux-gnu.so
[18.145s] -- Set runtime path of "/root/catkin_ws/install/complex_msgs/lib/python3.8/site-packages/complex_msgs/complex_msgs_s__rosidl_typesupport_microxrcedds_c.cpython-38-x86_64-linux-gnu.so" to ""
[18.145s] -- Installing: /root/catkin_ws/install/complex_msgs/lib/python3.8/site-packages/complex_msgs/complex_msgs_s__rosidl_typesupport_fastrtps_c.cpython-38-x86_64-linux-gnu.so
[18.146s] -- Set runtime path of "/root/catkin_ws/install/complex_msgs/lib/python3.8/site-packages/complex_msgs/complex_msgs_s__rosidl_typesupport_fastrtps_c.cpython-38-x86_64-linux-gnu.so" to ""
[18.146s] -- Installing: /root/catkin_ws/install/complex_msgs/lib/python3.8/site-packages/complex_msgs/complex_msgs_s__rosidl_typesupport_introspection_c.cpython-38-x86_64-linux-gnu.so
[18.147s] -- Set runtime path of "/root/catkin_ws/install/complex_msgs/lib/python3.8/site-packages/complex_msgs/complex_msgs_s__rosidl_typesupport_introspection_c.cpython-38-x86_64-linux-gnu.so" to ""
[18.147s] -- Installing: /root/catkin_ws/install/complex_msgs/lib/python3.8/site-packages/complex_msgs/complex_msgs_s__rosidl_typesupport_c.cpython-38-x86_64-linux-gnu.so
[18.147s] -- Set runtime path of "/root/catkin_ws/install/complex_msgs/lib/python3.8/site-packages/complex_msgs/complex_msgs_s__rosidl_typesupport_c.cpython-38-x86_64-linux-gnu.so" to ""
[18.148s] -- Installing: /root/catkin_ws/install/complex_msgs/lib/libcomplex_msgs__python.so
[18.148s] -- Set runtime path of "/root/catkin_ws/install/complex_msgs/lib/libcomplex_msgs__python.so" to ""
[18.148s] -- Installing: /root/catkin_ws/install/complex_msgs/share/complex_msgs/msg/MultiStringTest.idl
[18.148s] -- Installing: /root/catkin_ws/install/complex_msgs/share/complex_msgs/msg/NestedMsgTest.idl
[18.148s] -- Installing: /root/catkin_ws/install/complex_msgs/share/complex_msgs/msg/MultiStringTest.msg
[18.149s] -- Installing: /root/catkin_ws/install/complex_msgs/share/complex_msgs/msg/NestedMsgTest.msg
[18.149s] -- Installing: /root/catkin_ws/install/complex_msgs/share/ament_index/resource_index/package_run_dependencies/complex_msgs
[18.150s] -- Installing: /root/catkin_ws/install/complex_msgs/share/ament_index/resource_index/parent_prefix_path/complex_msgs
[18.150s] -- Installing: /root/catkin_ws/install/complex_msgs/share/complex_msgs/environment/ament_prefix_path.sh
[18.150s] -- Installing: /root/catkin_ws/install/complex_msgs/share/complex_msgs/environment/ament_prefix_path.dsv
[18.150s] -- Installing: /root/catkin_ws/install/complex_msgs/share/complex_msgs/environment/path.sh
[18.150s] -- Installing: /root/catkin_ws/install/complex_msgs/share/complex_msgs/environment/path.dsv
[18.151s] -- Installing: /root/catkin_ws/install/complex_msgs/share/complex_msgs/local_setup.bash
[18.151s] -- Installing: /root/catkin_ws/install/complex_msgs/share/complex_msgs/local_setup.sh
[18.151s] -- Installing: /root/catkin_ws/install/complex_msgs/share/complex_msgs/local_setup.zsh
[18.151s] -- Installing: /root/catkin_ws/install/complex_msgs/share/complex_msgs/local_setup.dsv
[18.152s] -- Installing: /root/catkin_ws/install/complex_msgs/share/complex_msgs/package.dsv
[18.152s] -- Installing: /root/catkin_ws/install/complex_msgs/share/ament_index/resource_index/packages/complex_msgs
[18.152s] -- Installing: /root/catkin_ws/install/complex_msgs/share/complex_msgs/cmake/complex_msgs__rosidl_generator_cExport.cmake
[18.152s] -- Installing: /root/catkin_ws/install/complex_msgs/share/complex_msgs/cmake/complex_msgs__rosidl_generator_cExport-noconfig.cmake
[18.152s] -- Installing: /root/catkin_ws/install/complex_msgs/share/complex_msgs/cmake/complex_msgs__rosidl_typesupport_introspection_cExport.cmake
[18.153s] -- Installing: /root/catkin_ws/install/complex_msgs/share/complex_msgs/cmake/complex_msgs__rosidl_typesupport_introspection_cExport-noconfig.cmake
[18.153s] -- Installing: /root/catkin_ws/install/complex_msgs/share/complex_msgs/cmake/complex_msgs__rosidl_typesupport_cExport.cmake
[18.153s] -- Installing: /root/catkin_ws/install/complex_msgs/share/complex_msgs/cmake/complex_msgs__rosidl_typesupport_cExport-noconfig.cmake
[18.153s] -- Installing: /root/catkin_ws/install/complex_msgs/share/complex_msgs/cmake/complex_msgs__rosidl_generator_cppExport.cmake
[18.154s] -- Installing: /root/catkin_ws/install/complex_msgs/share/complex_msgs/cmake/complex_msgs__rosidl_typesupport_introspection_cppExport.cmake
[18.154s] -- Installing: /root/catkin_ws/install/complex_msgs/share/complex_msgs/cmake/complex_msgs__rosidl_typesupport_introspection_cppExport-noconfig.cmake
[18.154s] -- Installing: /root/catkin_ws/install/complex_msgs/share/complex_msgs/cmake/complex_msgs__rosidl_typesupport_cppExport.cmake
[18.154s] -- Installing: /root/catkin_ws/install/complex_msgs/share/complex_msgs/cmake/complex_msgs__rosidl_typesupport_cppExport-noconfig.cmake
[18.155s] -- Installing: /root/catkin_ws/install/complex_msgs/share/complex_msgs/cmake/rosidl_cmake-extras.cmake
[18.155s] -- Installing: /root/catkin_ws/install/complex_msgs/share/complex_msgs/cmake/ament_cmake_export_dependencies-extras.cmake
[18.155s] -- Installing: /root/catkin_ws/install/complex_msgs/share/complex_msgs/cmake/ament_cmake_export_libraries-extras.cmake
[18.155s] -- Installing: /root/catkin_ws/install/complex_msgs/share/complex_msgs/cmake/ament_cmake_export_targets-extras.cmake
[18.156s] -- Installing: /root/catkin_ws/install/complex_msgs/share/complex_msgs/cmake/ament_cmake_export_include_directories-extras.cmake
[18.156s] -- Installing: /root/catkin_ws/install/complex_msgs/share/complex_msgs/cmake/rosidl_cmake_export_typesupport_libraries-extras.cmake
[18.156s] -- Installing: /root/catkin_ws/install/complex_msgs/share/complex_msgs/cmake/rosidl_cmake_export_typesupport_targets-extras.cmake
[18.156s] -- Installing: /root/catkin_ws/install/complex_msgs/share/complex_msgs/cmake/complex_msgsConfig.cmake
[18.157s] -- Installing: /root/catkin_ws/install/complex_msgs/share/complex_msgs/cmake/complex_msgsConfig-version.cmake
[18.157s] -- Installing: /root/catkin_ws/install/complex_msgs/share/complex_msgs/package.xml
[18.161s] Invoked command in '/root/catkin_ws/build/complex_msgs' returned '0': AMENT_PREFIX_PATH=/root/catkin_ws/install/builtin_interfaces:${AMENT_PREFIX_PATH} CMAKE_PREFIX_PATH=/root/catkin_ws/install/builtin_interfaces:/root/catkin_ws/install/rosidl_typesupport_microxrcedds_cpp:/root/catkin_ws/install/rosidl_typesupport_microxrcedds_c:/root/catkin_ws/install/microcdr:/root/catkin_ws/install/ydlidar_sdk:/root/catkin_ws/install/ydlidar_ros2_driver:/root/catkin_ws/install/udp_driver:/root/catkin_ws/install/topic_service_action_rclcpp_example:/root/catkin_ws/install/time_rclcpp_example:/root/catkin_ws/install/tf2_rclcpp_example:/root/catkin_ws/install/testbot_description:/root/catkin_ws/install/serial_driver:/root/catkin_ws/install/rqt_example:/root/catkin_ws/install/omo_r1mini:/root/catkin_ws/install/omo_r1mini_navigation2:/root/catkin_ws/install/omo_r1mini_interfaces:/root/catkin_ws/install/omo_r1mini_gazebo:/root/catkin_ws/install/omo_r1mini_description:/root/catkin_ws/install/omo_r1mini_cartographer:/root/catkin_ws/install/my_first_ros_rclcpp_pkg:/root/catkin_ws/install/msg_srv_action_interface_example:/root/catkin_ws/install/micro_ros_setup:/root/catkin_ws/install/micro_ros_agent:/root/catkin_ws/install/micro_ros_msgs:/root/catkin_ws/install/io_context:/root/catkin_ws/install/iahrs_driver_interface:/root/catkin_ws/install/drive_base_msgs:/root/catkin_ws/install/asio_cmake_module:/root/install/ydlidar_sdk:/root/install/ydlidar_ros2_driver:/root/install/udp_driver:/root/install/topic_service_action_rclcpp_example:/root/install/time_rclcpp_example:/root/install/tf2_rclcpp_example:/root/install/testbot_description:/root/install/serial_driver:/root/install/rqt_example:/root/install/omo_r1mini:/root/install/omo_r1mini_navigation2:/root/install/omo_r1mini_interfaces:/root/install/omo_r1mini_gazebo:/root/install/omo_r1mini_description:/root/install/omo_r1mini_cartographer:/root/install/my_first_ros_rclcpp_pkg:/root/install/msg_srv_action_interface_example:/root/install/io_context:/root/install/asio_cmake_module:/root/catkin_ws/install/topic_service_action_rclpy_example:/root/catkin_ws/install/time_rclpy_example:/root/catkin_ws/install/tf2_rclpy_example:/root/catkin_ws/install/ros2env:/root/catkin_ws/install/omo_r1mini_teleop:/root/catkin_ws/install/omo_r1mini_bringup:/root/catkin_ws/install/my_first_ros_rclpy_pkg:/root/catkin_ws/install/logging_rclpy_example:/root/catkin_ws/install/iahrs_driver:/root/install/topic_service_action_rclpy_example:/root/install/time_rclpy_example:/root/install/tf2_rclpy_example:/root/install/ros2env:/root/install/omo_r1mini_teleop:/root/install/omo_r1mini_bringup:/root/install/my_first_ros_rclpy_pkg:/root/install/logging_rclpy_example:/opt/ros/foxy LD_LIBRARY_PATH=/root/catkin_ws/install/builtin_interfaces/lib:${LD_LIBRARY_PATH} PYTHONPATH=/root/catkin_ws/install/builtin_interfaces/lib/python3.8/site-packages:${PYTHONPATH} /usr/bin/cmake --install /root/catkin_ws/build/complex_msgs
