[1.180s] Invoking command in '/root/catkin_ws/build/robot_localization': CMAKE_PREFIX_PATH=${CMAKE_PREFIX_PATH}:/root/catkin_ws/install/topic_service_action_rclpy_example:/root/catkin_ws/install/time_rclpy_example:/root/catkin_ws/install/tf2_rclpy_example:/root/catkin_ws/install/ros2env:/root/catkin_ws/install/omo_r1mini_teleop:/root/catkin_ws/install/omo_r1mini_bringup:/root/catkin_ws/install/my_first_ros_rclpy_pkg:/root/catkin_ws/install/logging_rclpy_example:/root/catkin_ws/install/iahrs_driver:/root/install/topic_service_action_rclpy_example:/root/install/time_rclpy_example:/root/install/tf2_rclpy_example:/root/install/ros2env:/root/install/omo_r1mini_teleop:/root/install/omo_r1mini_bringup:/root/install/my_first_ros_rclpy_pkg:/root/install/logging_rclpy_example:/opt/ros/foxy /usr/bin/cmake --build /root/catkin_ws/build/robot_localization -- -j12 -l12
[1.900s] [  2%] Built target gtest
[1.900s] [  3%] Built target robot_localization__cpp
[1.900s] [  4%] Built target gtest_main
[1.900s] [ 11%] Built target robot_localization__rosidl_generator_c
[1.901s] [ 18%] Built target robot_localization__rosidl_typesupport_cpp
[1.901s] [ 25%] Built target robot_localization__rosidl_typesupport_introspection_cpp
[1.902s] [ 32%] Built target robot_localization__rosidl_typesupport_fastrtps_cpp
[1.914s] [ 39%] Built target robot_localization__rosidl_typesupport_c
[1.914s] [ 46%] Built target robot_localization__rosidl_typesupport_introspection_c
[1.914s] [ 53%] Built target robot_localization__rosidl_typesupport_fastrtps_c
[1.914s] [ 53%] Built target robot_localization
[1.914s] [ 54%] Built target robot_localization__py
[1.914s] [ 60%] Built target robot_localization__python
[1.914s] [ 69%] Built target rl_lib
[1.914s] [ 71%] Built target robot_localization__rosidl_typesupport_fastrtps_c__pyext
[1.915s] [ 73%] Built target robot_localization__rosidl_typesupport_introspection_c__pyext
[1.915s] [ 75%] Built target filter_base-test
[1.915s] [ 77%] Built target robot_localization__rosidl_typesupport_c__pyext
[1.915s] [ 78%] Built target navsat_transform_node
[1.915s] [ 79%] Built target robot_localization_listener_node
[1.915s] [ 80%] Built target test_ros_robot_localization_listener_publisher
[1.915s] [ 82%] Built target test_ekf
[1.915s] [ 86%] Built target ekf_node
[1.916s] [ 86%] Built target test_ros_robot_localization_listener
[1.916s] [ 86%] Built target test_navsat_conversions
[1.916s] [ 88%] Built target test_ukf
[1.916s] [ 90%] Built target test_navsat_transform
[1.916s] [ 92%] Built target test_robot_localization_estimator
[1.916s] [ 94%] Built target ukf_node
[1.916s] [ 96%] Built target test_filter_base_diagnostics_timestamps
[1.916s] [ 98%] Built target test_ekf_localization_node_interfaces
[1.916s] [100%] Built target test_ukf_localization_node_interfaces
[1.950s] Invoked command in '/root/catkin_ws/build/robot_localization' returned '0': CMAKE_PREFIX_PATH=${CMAKE_PREFIX_PATH}:/root/catkin_ws/install/topic_service_action_rclpy_example:/root/catkin_ws/install/time_rclpy_example:/root/catkin_ws/install/tf2_rclpy_example:/root/catkin_ws/install/ros2env:/root/catkin_ws/install/omo_r1mini_teleop:/root/catkin_ws/install/omo_r1mini_bringup:/root/catkin_ws/install/my_first_ros_rclpy_pkg:/root/catkin_ws/install/logging_rclpy_example:/root/catkin_ws/install/iahrs_driver:/root/install/topic_service_action_rclpy_example:/root/install/time_rclpy_example:/root/install/tf2_rclpy_example:/root/install/ros2env:/root/install/omo_r1mini_teleop:/root/install/omo_r1mini_bringup:/root/install/my_first_ros_rclpy_pkg:/root/install/logging_rclpy_example:/opt/ros/foxy /usr/bin/cmake --build /root/catkin_ws/build/robot_localization -- -j12 -l12
[2.541s] Invoking command in '/root/catkin_ws/build/robot_localization': CMAKE_PREFIX_PATH=${CMAKE_PREFIX_PATH}:/root/catkin_ws/install/topic_service_action_rclpy_example:/root/catkin_ws/install/time_rclpy_example:/root/catkin_ws/install/tf2_rclpy_example:/root/catkin_ws/install/ros2env:/root/catkin_ws/install/omo_r1mini_teleop:/root/catkin_ws/install/omo_r1mini_bringup:/root/catkin_ws/install/my_first_ros_rclpy_pkg:/root/catkin_ws/install/logging_rclpy_example:/root/catkin_ws/install/iahrs_driver:/root/install/topic_service_action_rclpy_example:/root/install/time_rclpy_example:/root/install/tf2_rclpy_example:/root/install/ros2env:/root/install/omo_r1mini_teleop:/root/install/omo_r1mini_bringup:/root/install/my_first_ros_rclpy_pkg:/root/install/logging_rclpy_example:/opt/ros/foxy /usr/bin/cmake --install /root/catkin_ws/build/robot_localization
[2.749s] -- Install configuration: "RelWithDebInfo"
[2.750s] -- Execute custom install script
[2.750s] -- Up-to-date symlink: /root/catkin_ws/install/robot_localization/share/ament_index/resource_index/rosidl_interfaces/robot_localization
[2.750s] -- Up-to-date symlink: /root/catkin_ws/install/robot_localization/include/robot_localization/msg/rosidl_generator_c__visibility_control.h
[2.750s] -- Up-to-date symlink: /root/catkin_ws/install/robot_localization/include/robot_localization/srv/detail/from_ll__functions.h
[2.750s] -- Up-to-date symlink: /root/catkin_ws/install/robot_localization/include/robot_localization/srv/detail/from_ll__struct.h
[2.751s] -- Up-to-date symlink: /root/catkin_ws/install/robot_localization/include/robot_localization/srv/detail/from_ll__type_support.h
[2.751s] -- Up-to-date symlink: /root/catkin_ws/install/robot_localization/include/robot_localization/srv/detail/get_state__functions.h
[2.751s] -- Up-to-date symlink: /root/catkin_ws/install/robot_localization/include/robot_localization/srv/detail/get_state__struct.h
[2.751s] -- Up-to-date symlink: /root/catkin_ws/install/robot_localization/include/robot_localization/srv/detail/get_state__type_support.h
[2.752s] -- Up-to-date symlink: /root/catkin_ws/install/robot_localization/include/robot_localization/srv/detail/set_datum__functions.h
[2.752s] -- Up-to-date symlink: /root/catkin_ws/install/robot_localization/include/robot_localization/srv/detail/set_datum__struct.h
[2.752s] -- Up-to-date symlink: /root/catkin_ws/install/robot_localization/include/robot_localization/srv/detail/set_datum__type_support.h
[2.754s] -- Up-to-date symlink: /root/catkin_ws/install/robot_localization/include/robot_localization/srv/detail/set_pose__functions.h
[2.755s] -- Up-to-date symlink: /root/catkin_ws/install/robot_localization/include/robot_localization/srv/detail/set_pose__struct.h
[2.755s] -- Up-to-date symlink: /root/catkin_ws/install/robot_localization/include/robot_localization/srv/detail/set_pose__type_support.h
[2.755s] -- Up-to-date symlink: /root/catkin_ws/install/robot_localization/include/robot_localization/srv/detail/to_ll__functions.h
[2.755s] -- Up-to-date symlink: /root/catkin_ws/install/robot_localization/include/robot_localization/srv/detail/to_ll__struct.h
[2.756s] -- Up-to-date symlink: /root/catkin_ws/install/robot_localization/include/robot_localization/srv/detail/to_ll__type_support.h
[2.756s] -- Up-to-date symlink: /root/catkin_ws/install/robot_localization/include/robot_localization/srv/detail/toggle_filter_processing__functions.h
[2.757s] -- Up-to-date symlink: /root/catkin_ws/install/robot_localization/include/robot_localization/srv/detail/toggle_filter_processing__struct.h
[2.758s] -- Up-to-date symlink: /root/catkin_ws/install/robot_localization/include/robot_localization/srv/detail/toggle_filter_processing__type_support.h
[2.759s] -- Up-to-date symlink: /root/catkin_ws/install/robot_localization/include/robot_localization/srv/from_ll.h
[2.759s] -- Up-to-date symlink: /root/catkin_ws/install/robot_localization/include/robot_localization/srv/get_state.h
[2.762s] -- Up-to-date symlink: /root/catkin_ws/install/robot_localization/include/robot_localization/srv/set_datum.h
[2.762s] -- Up-to-date symlink: /root/catkin_ws/install/robot_localization/include/robot_localization/srv/set_pose.h
[2.762s] -- Up-to-date symlink: /root/catkin_ws/install/robot_localization/include/robot_localization/srv/to_ll.h
[2.762s] -- Up-to-date symlink: /root/catkin_ws/install/robot_localization/include/robot_localization/srv/toggle_filter_processing.h
[2.763s] -- Up-to-date symlink: /root/catkin_ws/install/robot_localization/share/robot_localization/environment/library_path.sh
[2.763s] -- Up-to-date symlink: /root/catkin_ws/install/robot_localization/share/robot_localization/environment/library_path.dsv
[2.763s] -- Up-to-date symlink: /root/catkin_ws/install/robot_localization/include/robot_localization/msg/rosidl_typesupport_fastrtps_c__visibility_control.h
[2.763s] -- Up-to-date symlink: /root/catkin_ws/install/robot_localization/include/robot_localization/srv/detail/from_ll__rosidl_typesupport_fastrtps_c.h
[2.763s] -- Up-to-date symlink: /root/catkin_ws/install/robot_localization/include/robot_localization/srv/detail/get_state__rosidl_typesupport_fastrtps_c.h
[2.763s] -- Up-to-date symlink: /root/catkin_ws/install/robot_localization/include/robot_localization/srv/detail/set_datum__rosidl_typesupport_fastrtps_c.h
[2.763s] -- Up-to-date symlink: /root/catkin_ws/install/robot_localization/include/robot_localization/srv/detail/set_pose__rosidl_typesupport_fastrtps_c.h
[2.764s] -- Up-to-date symlink: /root/catkin_ws/install/robot_localization/include/robot_localization/srv/detail/to_ll__rosidl_typesupport_fastrtps_c.h
[2.764s] -- Up-to-date symlink: /root/catkin_ws/install/robot_localization/include/robot_localization/srv/detail/toggle_filter_processing__rosidl_typesupport_fastrtps_c.h
[2.764s] -- Up-to-date symlink: /root/catkin_ws/install/robot_localization/lib/librobot_localization__rosidl_typesupport_fastrtps_c.so
[2.764s] -- Up-to-date symlink: /root/catkin_ws/install/robot_localization/include/robot_localization/msg/rosidl_typesupport_fastrtps_cpp__visibility_control.h
[2.764s] -- Up-to-date symlink: /root/catkin_ws/install/robot_localization/include/robot_localization/srv/detail/from_ll__rosidl_typesupport_fastrtps_cpp.hpp
[2.764s] -- Up-to-date symlink: /root/catkin_ws/install/robot_localization/include/robot_localization/srv/detail/get_state__rosidl_typesupport_fastrtps_cpp.hpp
[2.764s] -- Up-to-date symlink: /root/catkin_ws/install/robot_localization/include/robot_localization/srv/detail/set_datum__rosidl_typesupport_fastrtps_cpp.hpp
[2.764s] -- Up-to-date symlink: /root/catkin_ws/install/robot_localization/include/robot_localization/srv/detail/set_pose__rosidl_typesupport_fastrtps_cpp.hpp
[2.764s] -- Up-to-date symlink: /root/catkin_ws/install/robot_localization/include/robot_localization/srv/detail/to_ll__rosidl_typesupport_fastrtps_cpp.hpp
[2.765s] -- Up-to-date symlink: /root/catkin_ws/install/robot_localization/include/robot_localization/srv/detail/toggle_filter_processing__rosidl_typesupport_fastrtps_cpp.hpp
[2.765s] -- Up-to-date symlink: /root/catkin_ws/install/robot_localization/lib/librobot_localization__rosidl_typesupport_fastrtps_cpp.so
[2.765s] -- Up-to-date symlink: /root/catkin_ws/install/robot_localization/include/robot_localization/msg/rosidl_typesupport_introspection_c__visibility_control.h
[2.765s] -- Up-to-date symlink: /root/catkin_ws/install/robot_localization/include/robot_localization/srv/detail/from_ll__rosidl_typesupport_introspection_c.h
[2.765s] -- Up-to-date symlink: /root/catkin_ws/install/robot_localization/include/robot_localization/srv/detail/get_state__rosidl_typesupport_introspection_c.h
[2.765s] -- Up-to-date symlink: /root/catkin_ws/install/robot_localization/include/robot_localization/srv/detail/set_datum__rosidl_typesupport_introspection_c.h
[2.765s] -- Up-to-date symlink: /root/catkin_ws/install/robot_localization/include/robot_localization/srv/detail/set_pose__rosidl_typesupport_introspection_c.h
[2.765s] -- Up-to-date symlink: /root/catkin_ws/install/robot_localization/include/robot_localization/srv/detail/to_ll__rosidl_typesupport_introspection_c.h
[2.765s] -- Up-to-date symlink: /root/catkin_ws/install/robot_localization/include/robot_localization/srv/detail/toggle_filter_processing__rosidl_typesupport_introspection_c.h
[2.766s] -- Up-to-date symlink: /root/catkin_ws/install/robot_localization/include/robot_localization/srv/detail/from_ll__builder.hpp
[2.766s] -- Up-to-date symlink: /root/catkin_ws/install/robot_localization/include/robot_localization/srv/detail/from_ll__struct.hpp
[2.766s] -- Up-to-date symlink: /root/catkin_ws/install/robot_localization/include/robot_localization/srv/detail/from_ll__traits.hpp
[2.766s] -- Up-to-date symlink: /root/catkin_ws/install/robot_localization/include/robot_localization/srv/detail/get_state__builder.hpp
[2.766s] -- Up-to-date symlink: /root/catkin_ws/install/robot_localization/include/robot_localization/srv/detail/get_state__struct.hpp
[2.766s] -- Up-to-date symlink: /root/catkin_ws/install/robot_localization/include/robot_localization/srv/detail/get_state__traits.hpp
[2.767s] -- Up-to-date symlink: /root/catkin_ws/install/robot_localization/include/robot_localization/srv/detail/set_datum__builder.hpp
[2.767s] -- Up-to-date symlink: /root/catkin_ws/install/robot_localization/include/robot_localization/srv/detail/set_datum__struct.hpp
[2.767s] -- Up-to-date symlink: /root/catkin_ws/install/robot_localization/include/robot_localization/srv/detail/set_datum__traits.hpp
[2.767s] -- Up-to-date symlink: /root/catkin_ws/install/robot_localization/include/robot_localization/srv/detail/set_pose__builder.hpp
[2.767s] -- Up-to-date symlink: /root/catkin_ws/install/robot_localization/include/robot_localization/srv/detail/set_pose__struct.hpp
[2.767s] -- Up-to-date symlink: /root/catkin_ws/install/robot_localization/include/robot_localization/srv/detail/set_pose__traits.hpp
[2.767s] -- Up-to-date symlink: /root/catkin_ws/install/robot_localization/include/robot_localization/srv/detail/to_ll__builder.hpp
[2.767s] -- Up-to-date symlink: /root/catkin_ws/install/robot_localization/include/robot_localization/srv/detail/to_ll__struct.hpp
[2.767s] -- Up-to-date symlink: /root/catkin_ws/install/robot_localization/include/robot_localization/srv/detail/to_ll__traits.hpp
[2.767s] -- Up-to-date symlink: /root/catkin_ws/install/robot_localization/include/robot_localization/srv/detail/toggle_filter_processing__builder.hpp
[2.768s] -- Up-to-date symlink: /root/catkin_ws/install/robot_localization/include/robot_localization/srv/detail/toggle_filter_processing__struct.hpp
[2.768s] -- Up-to-date symlink: /root/catkin_ws/install/robot_localization/include/robot_localization/srv/detail/toggle_filter_processing__traits.hpp
[2.768s] -- Up-to-date symlink: /root/catkin_ws/install/robot_localization/include/robot_localization/srv/from_ll.hpp
[2.768s] -- Up-to-date symlink: /root/catkin_ws/install/robot_localization/include/robot_localization/srv/get_state.hpp
[2.768s] -- Up-to-date symlink: /root/catkin_ws/install/robot_localization/include/robot_localization/srv/set_datum.hpp
[2.768s] -- Up-to-date symlink: /root/catkin_ws/install/robot_localization/include/robot_localization/srv/set_pose.hpp
[2.768s] -- Up-to-date symlink: /root/catkin_ws/install/robot_localization/include/robot_localization/srv/to_ll.hpp
[2.768s] -- Up-to-date symlink: /root/catkin_ws/install/robot_localization/include/robot_localization/srv/toggle_filter_processing.hpp
[2.768s] -- Up-to-date symlink: /root/catkin_ws/install/robot_localization/include/robot_localization/srv/detail/from_ll__rosidl_typesupport_introspection_cpp.hpp
[2.768s] -- Up-to-date symlink: /root/catkin_ws/install/robot_localization/include/robot_localization/srv/detail/get_state__rosidl_typesupport_introspection_cpp.hpp
[2.768s] -- Up-to-date symlink: /root/catkin_ws/install/robot_localization/include/robot_localization/srv/detail/set_datum__rosidl_typesupport_introspection_cpp.hpp
[2.769s] -- Up-to-date symlink: /root/catkin_ws/install/robot_localization/include/robot_localization/srv/detail/set_pose__rosidl_typesupport_introspection_cpp.hpp
[2.769s] -- Up-to-date symlink: /root/catkin_ws/install/robot_localization/include/robot_localization/srv/detail/to_ll__rosidl_typesupport_introspection_cpp.hpp
[2.769s] -- Up-to-date symlink: /root/catkin_ws/install/robot_localization/include/robot_localization/srv/detail/toggle_filter_processing__rosidl_typesupport_introspection_cpp.hpp
[2.769s] -- Up-to-date symlink: /root/catkin_ws/install/robot_localization/share/robot_localization/environment/pythonpath.sh
[2.769s] -- Up-to-date symlink: /root/catkin_ws/install/robot_localization/share/robot_localization/environment/pythonpath.dsv
[2.769s] -- Up-to-date symlink: /root/catkin_ws/install/robot_localization/lib/python3.8/site-packages/robot_localization/__init__.py
[2.769s] -- Up-to-date symlink: /root/catkin_ws/install/robot_localization/lib/python3.8/site-packages/robot_localization/srv/__init__.py
[2.769s] -- Up-to-date symlink: /root/catkin_ws/install/robot_localization/lib/python3.8/site-packages/robot_localization/srv/_from_ll.py
[2.769s] -- Up-to-date symlink: /root/catkin_ws/install/robot_localization/lib/python3.8/site-packages/robot_localization/srv/_get_state.py
[2.769s] -- Up-to-date symlink: /root/catkin_ws/install/robot_localization/lib/python3.8/site-packages/robot_localization/srv/_set_datum.py
[2.770s] -- Up-to-date symlink: /root/catkin_ws/install/robot_localization/lib/python3.8/site-packages/robot_localization/srv/_set_pose.py
[2.770s] -- Up-to-date symlink: /root/catkin_ws/install/robot_localization/lib/python3.8/site-packages/robot_localization/srv/_to_ll.py
[2.770s] -- Up-to-date symlink: /root/catkin_ws/install/robot_localization/lib/python3.8/site-packages/robot_localization/srv/_toggle_filter_processing.py
[2.770s] -- Up-to-date symlink: /root/catkin_ws/install/robot_localization/lib/python3.8/site-packages/robot_localization/robot_localization_s__rosidl_typesupport_fastrtps_c.cpython-38-x86_64-linux-gnu.so
[2.770s] -- Up-to-date symlink: /root/catkin_ws/install/robot_localization/lib/python3.8/site-packages/robot_localization/robot_localization_s__rosidl_typesupport_introspection_c.cpython-38-x86_64-linux-gnu.so
[2.770s] -- Up-to-date symlink: /root/catkin_ws/install/robot_localization/lib/python3.8/site-packages/robot_localization/robot_localization_s__rosidl_typesupport_c.cpython-38-x86_64-linux-gnu.so
[2.770s] -- Up-to-date symlink: /root/catkin_ws/install/robot_localization/lib/librobot_localization__python.so
[2.770s] -- Up-to-date symlink: /root/catkin_ws/install/robot_localization/share/robot_localization/srv/FromLL.idl
[2.770s] -- Up-to-date symlink: /root/catkin_ws/install/robot_localization/share/robot_localization/srv/GetState.idl
[2.771s] -- Up-to-date symlink: /root/catkin_ws/install/robot_localization/share/robot_localization/srv/SetDatum.idl
[2.771s] -- Up-to-date symlink: /root/catkin_ws/install/robot_localization/share/robot_localization/srv/SetPose.idl
[2.771s] -- Up-to-date symlink: /root/catkin_ws/install/robot_localization/share/robot_localization/srv/ToggleFilterProcessing.idl
[2.771s] -- Up-to-date symlink: /root/catkin_ws/install/robot_localization/share/robot_localization/srv/ToLL.idl
[2.771s] -- Up-to-date symlink: /root/catkin_ws/install/robot_localization/share/robot_localization/srv/FromLL.srv
[2.771s] -- Up-to-date symlink: /root/catkin_ws/install/robot_localization/share/robot_localization/srv/FromLL_Request.msg
[2.771s] -- Up-to-date symlink: /root/catkin_ws/install/robot_localization/share/robot_localization/srv/FromLL_Response.msg
[2.771s] -- Up-to-date symlink: /root/catkin_ws/install/robot_localization/share/robot_localization/srv/GetState.srv
[2.771s] -- Up-to-date symlink: /root/catkin_ws/install/robot_localization/share/robot_localization/srv/GetState_Request.msg
[2.772s] -- Up-to-date symlink: /root/catkin_ws/install/robot_localization/share/robot_localization/srv/GetState_Response.msg
[2.772s] -- Up-to-date symlink: /root/catkin_ws/install/robot_localization/share/robot_localization/srv/SetDatum.srv
[2.772s] -- Up-to-date symlink: /root/catkin_ws/install/robot_localization/share/robot_localization/srv/SetDatum_Request.msg
[2.772s] -- Up-to-date symlink: /root/catkin_ws/install/robot_localization/share/robot_localization/srv/SetDatum_Response.msg
[2.772s] -- Up-to-date symlink: /root/catkin_ws/install/robot_localization/share/robot_localization/srv/SetPose.srv
[2.772s] -- Up-to-date symlink: /root/catkin_ws/install/robot_localization/share/robot_localization/srv/SetPose_Request.msg
[2.772s] -- Up-to-date symlink: /root/catkin_ws/install/robot_localization/share/robot_localization/srv/SetPose_Response.msg
[2.772s] -- Up-to-date symlink: /root/catkin_ws/install/robot_localization/share/robot_localization/srv/ToggleFilterProcessing.srv
[2.773s] -- Up-to-date symlink: /root/catkin_ws/install/robot_localization/share/robot_localization/srv/ToggleFilterProcessing_Request.msg
[2.773s] -- Up-to-date symlink: /root/catkin_ws/install/robot_localization/share/robot_localization/srv/ToggleFilterProcessing_Response.msg
[2.773s] -- Up-to-date symlink: /root/catkin_ws/install/robot_localization/share/robot_localization/srv/ToLL.srv
[2.773s] -- Up-to-date symlink: /root/catkin_ws/install/robot_localization/share/robot_localization/srv/ToLL_Request.msg
[2.773s] -- Up-to-date symlink: /root/catkin_ws/install/robot_localization/share/robot_localization/srv/ToLL_Response.msg
[2.773s] -- Up-to-date symlink: /root/catkin_ws/install/robot_localization/lib/robot_localization/filter_base-test
[2.773s] -- Up-to-date symlink: /root/catkin_ws/install/robot_localization/lib/robot_localization/test_filter_base_diagnostics_timestamps
[2.773s] -- Up-to-date symlink: /root/catkin_ws/install/robot_localization/lib/robot_localization/test_ekf
[2.773s] -- Up-to-date symlink: /root/catkin_ws/install/robot_localization/lib/robot_localization/test_ekf_localization_node_interfaces
[2.774s] -- Up-to-date symlink: /root/catkin_ws/install/robot_localization/lib/robot_localization/test_ukf
[2.774s] -- Up-to-date symlink: /root/catkin_ws/install/robot_localization/lib/robot_localization/test_ukf_localization_node_interfaces
[2.774s] -- Up-to-date symlink: /root/catkin_ws/install/robot_localization/lib/robot_localization/test_robot_localization_estimator
[2.774s] -- Up-to-date symlink: /root/catkin_ws/install/robot_localization/lib/robot_localization/test_navsat_conversions
[2.774s] -- Up-to-date symlink: /root/catkin_ws/install/robot_localization/lib/robot_localization/test_navsat_transform
[2.774s] -- Up-to-date symlink: /root/catkin_ws/install/robot_localization/lib/robot_localization/test_ros_robot_localization_listener
[2.774s] -- Up-to-date symlink: /root/catkin_ws/install/robot_localization/lib/robot_localization/test_ros_robot_localization_listener_publisher
[2.774s] -- Up-to-date symlink: /root/catkin_ws/install/robot_localization/lib/robot_localization/navsat_transform_node
[2.774s] -- Up-to-date symlink: /root/catkin_ws/install/robot_localization/lib/robot_localization/ekf_node
[2.775s] -- Up-to-date symlink: /root/catkin_ws/install/robot_localization/lib/robot_localization/ukf_node
[2.775s] -- Up-to-date symlink: /root/catkin_ws/install/robot_localization/lib/robot_localization/robot_localization_listener_node
[2.775s] -- Up-to-date symlink: /root/catkin_ws/install/robot_localization/lib/librl_lib.so
[2.775s] -- Up-to-date symlink: /root/catkin_ws/install/robot_localization/share/ament_index/resource_index/package_run_dependencies/robot_localization
[2.775s] -- Up-to-date symlink: /root/catkin_ws/install/robot_localization/share/ament_index/resource_index/parent_prefix_path/robot_localization
[2.775s] -- Up-to-date symlink: /root/catkin_ws/install/robot_localization/share/robot_localization/environment/ament_prefix_path.sh
[2.775s] -- Up-to-date symlink: /root/catkin_ws/install/robot_localization/share/robot_localization/environment/ament_prefix_path.dsv
[2.775s] -- Up-to-date symlink: /root/catkin_ws/install/robot_localization/share/robot_localization/environment/path.sh
[2.776s] -- Up-to-date symlink: /root/catkin_ws/install/robot_localization/share/robot_localization/environment/path.dsv
[2.776s] -- Up-to-date symlink: /root/catkin_ws/install/robot_localization/share/robot_localization/local_setup.bash
[2.776s] -- Up-to-date symlink: /root/catkin_ws/install/robot_localization/share/robot_localization/local_setup.sh
[2.776s] -- Up-to-date symlink: /root/catkin_ws/install/robot_localization/share/robot_localization/local_setup.zsh
[2.776s] -- Up-to-date symlink: /root/catkin_ws/install/robot_localization/share/robot_localization/local_setup.dsv
[2.776s] -- Symlinking: /root/catkin_ws/install/robot_localization/share/robot_localization/package.dsv
[2.778s] -- Up-to-date symlink: /root/catkin_ws/install/robot_localization/share/ament_index/resource_index/packages/robot_localization
[2.778s] -- Up-to-date symlink: /root/catkin_ws/install/robot_localization/share/robot_localization/cmake/rosidl_cmake-extras.cmake
[2.778s] -- Up-to-date symlink: /root/catkin_ws/install/robot_localization/share/robot_localization/cmake/ament_cmake_export_dependencies-extras.cmake
[2.778s] -- Up-to-date symlink: /root/catkin_ws/install/robot_localization/share/robot_localization/cmake/ament_cmake_export_libraries-extras.cmake
[2.778s] -- Up-to-date symlink: /root/catkin_ws/install/robot_localization/share/robot_localization/cmake/ament_cmake_export_targets-extras.cmake
[2.778s] -- Up-to-date symlink: /root/catkin_ws/install/robot_localization/share/robot_localization/cmake/ament_cmake_export_include_directories-extras.cmake
[2.778s] -- Up-to-date symlink: /root/catkin_ws/install/robot_localization/share/robot_localization/cmake/rosidl_cmake_export_typesupport_libraries-extras.cmake
[2.778s] -- Up-to-date symlink: /root/catkin_ws/install/robot_localization/share/robot_localization/cmake/rosidl_cmake_export_typesupport_targets-extras.cmake
[2.778s] -- Up-to-date symlink: /root/catkin_ws/install/robot_localization/share/robot_localization/cmake/robot_localizationConfig.cmake
[2.779s] -- Up-to-date symlink: /root/catkin_ws/install/robot_localization/share/robot_localization/cmake/robot_localizationConfig-version.cmake
[2.779s] -- Up-to-date symlink: /root/catkin_ws/install/robot_localization/share/robot_localization/package.xml
[2.779s] -- Up-to-date: /root/catkin_ws/install/robot_localization/lib/librobot_localization__rosidl_generator_c.so
[2.779s] -- Up-to-date: /root/catkin_ws/install/robot_localization/lib/librobot_localization__rosidl_typesupport_introspection_c.so
[2.779s] -- Up-to-date: /root/catkin_ws/install/robot_localization/lib/librobot_localization__rosidl_typesupport_c.so
[2.779s] -- Up-to-date: /root/catkin_ws/install/robot_localization/lib/librobot_localization__rosidl_typesupport_introspection_cpp.so
[2.779s] -- Up-to-date: /root/catkin_ws/install/robot_localization/lib/librobot_localization__rosidl_typesupport_cpp.so
[2.860s] -- Up-to-date: /root/catkin_ws/install/robot_localization/share/robot_localization/test
[2.861s] -- Up-to-date: /root/catkin_ws/install/robot_localization/share/robot_localization/test/test_filter_base.cpp
[2.861s] -- Up-to-date: /root/catkin_ws/install/robot_localization/share/robot_localization/test/test_filter_base_diagnostics_timestamps.launch.py
[2.861s] -- Up-to-date: /root/catkin_ws/install/robot_localization/share/robot_localization/test/test_localization_node_bag_pose_tester.cpp
[2.861s] -- Up-to-date: /root/catkin_ws/install/robot_localization/share/robot_localization/test/test_ukf.cpp
[2.861s] -- Up-to-date: /root/catkin_ws/install/robot_localization/share/robot_localization/test/test_ekf_localization_node_bag2.launch.py
[2.862s] -- Up-to-date: /root/catkin_ws/install/robot_localization/share/robot_localization/test/test_navsat_conversions.cpp
[2.862s] -- Up-to-date: /root/catkin_ws/install/robot_localization/share/robot_localization/test/test_ekf_localization_node_bag3.sh
[2.862s] -- Up-to-date: /root/catkin_ws/install/robot_localization/share/robot_localization/test/test_ukf_localization_node_bag3.sh
[2.862s] -- Up-to-date: /root/catkin_ws/install/robot_localization/share/robot_localization/test/test_filter_base_diagnostics_timestamps.cpp
[2.862s] -- Up-to-date: /root/catkin_ws/install/robot_localization/share/robot_localization/test/test_ekf_localization_node_bag1.yaml
[2.862s] -- Up-to-date: /root/catkin_ws/install/robot_localization/share/robot_localization/test/test_ekf_localization_node_bag2.yaml
[2.862s] -- Up-to-date: /root/catkin_ws/install/robot_localization/share/robot_localization/test/test2.bag
[2.863s] -- Up-to-date: /root/catkin_ws/install/robot_localization/share/robot_localization/test/test_ukf_localization_node_interfaces.cpp
[2.863s] -- Up-to-date: /root/catkin_ws/install/robot_localization/share/robot_localization/test/test_ekf_localization_node_interfaces.cpp
[2.863s] -- Up-to-date: /root/catkin_ws/install/robot_localization/share/robot_localization/test/test_ekf_localization_node_interfaces.yaml
[2.863s] -- Up-to-date: /root/catkin_ws/install/robot_localization/share/robot_localization/test/test1.bag
[2.863s] -- Up-to-date: /root/catkin_ws/install/robot_localization/share/robot_localization/test/test_ekf_localization_node_bag3.yaml
[2.863s] -- Up-to-date: /root/catkin_ws/install/robot_localization/share/robot_localization/test/test3.bag
[2.863s] -- Up-to-date: /root/catkin_ws/install/robot_localization/share/robot_localization/test/test_ekf.cpp
[2.864s] -- Up-to-date: /root/catkin_ws/install/robot_localization/share/robot_localization/test/test_ekf_localization_node_bag3.launch.py
[2.864s] -- Up-to-date: /root/catkin_ws/install/robot_localization/share/robot_localization/test/test_navsat_transform.cpp
[2.864s] -- Up-to-date: /root/catkin_ws/install/robot_localization/share/robot_localization/test/test_ukf_localization_node_bag2.sh
[2.864s] -- Up-to-date: /root/catkin_ws/install/robot_localization/share/robot_localization/test/test_filter_base_diagnostics_timestamps.yaml
[2.864s] -- Up-to-date: /root/catkin_ws/install/robot_localization/share/robot_localization/test/test_ros_robot_localization_listener_publisher.cpp
[2.864s] -- Up-to-date: /root/catkin_ws/install/robot_localization/share/robot_localization/test/test_ekf_localization_node_bag1.sh
[2.864s] -- Up-to-date: /root/catkin_ws/install/robot_localization/share/robot_localization/test/test_ukf_localization_node_bag3.launch.py
[2.865s] -- Up-to-date: /root/catkin_ws/install/robot_localization/share/robot_localization/test/test_ukf_localization_node_bag2.launch.py
[2.865s] -- Up-to-date: /root/catkin_ws/install/robot_localization/share/robot_localization/test/test_navsat_transform.launch.py
[2.865s] -- Up-to-date: /root/catkin_ws/install/robot_localization/share/robot_localization/test/test_robot_localization_estimator.cpp
[2.865s] -- Up-to-date: /root/catkin_ws/install/robot_localization/share/robot_localization/test/test_ekf_localization_node_interfaces.launch.py
[2.865s] -- Up-to-date: /root/catkin_ws/install/robot_localization/share/robot_localization/test/test_ukf_localization_node_bag1.sh
[2.865s] -- Up-to-date: /root/catkin_ws/install/robot_localization/share/robot_localization/test/test_ros_robot_localization_listener.launch.py
[2.865s] -- Up-to-date: /root/catkin_ws/install/robot_localization/share/robot_localization/test/test_ukf_localization_node_interfaces.yaml
[2.865s] -- Up-to-date: /root/catkin_ws/install/robot_localization/share/robot_localization/test/test_ekf_localization_node_bag2.sh
[2.865s] -- Up-to-date: /root/catkin_ws/install/robot_localization/share/robot_localization/test/test_ekf_localization_node_bag1.launch.py
[2.865s] -- Up-to-date: /root/catkin_ws/install/robot_localization/share/robot_localization/test/test_ukf_localization_node_interfaces.launch.py
[2.866s] -- Up-to-date: /root/catkin_ws/install/robot_localization/share/robot_localization/test/test_ukf_localization_node_bag2.yaml
[2.866s] -- Up-to-date: /root/catkin_ws/install/robot_localization/share/robot_localization/test/test_ros_robot_localization_listener.cpp
[2.866s] -- Up-to-date: /root/catkin_ws/install/robot_localization/share/robot_localization/test/test_ukf_localization_node_bag3.yaml
[2.866s] -- Up-to-date: /root/catkin_ws/install/robot_localization/share/robot_localization/test/test_robot_localization_estimator.launch.py
[2.866s] -- Up-to-date: /root/catkin_ws/install/robot_localization/share/robot_localization/test/test_ukf_localization_node_bag1.launch.py
[2.866s] -- Up-to-date: /root/catkin_ws/install/robot_localization/share/robot_localization/test/test_ros_robot_localization_listener.yaml
[2.866s] -- Up-to-date: /root/catkin_ws/install/robot_localization/share/robot_localization/test/test_ukf_localization_node_bag1.yaml
[2.866s] -- Up-to-date: /root/catkin_ws/install/robot_localization/include
[2.866s] -- Up-to-date: /root/catkin_ws/install/robot_localization/include/robot_localization
[2.866s] -- Up-to-date: /root/catkin_ws/install/robot_localization/include/robot_localization/filter_state.hpp
[2.867s] -- Up-to-date: /root/catkin_ws/install/robot_localization/include/robot_localization/navsat_conversions.hpp
[2.867s] -- Up-to-date: /root/catkin_ws/install/robot_localization/include/robot_localization/robot_localization_estimator.hpp
[2.867s] -- Up-to-date: /root/catkin_ws/install/robot_localization/include/robot_localization/filter_utilities.hpp
[2.867s] -- Up-to-date: /root/catkin_ws/install/robot_localization/include/robot_localization/ros_filter_utilities.hpp
[2.867s] -- Up-to-date: /root/catkin_ws/install/robot_localization/include/robot_localization/filter_common.hpp
[2.867s] -- Up-to-date: /root/catkin_ws/install/robot_localization/include/robot_localization/ukf.hpp
[2.867s] -- Up-to-date: /root/catkin_ws/install/robot_localization/include/robot_localization/filter_base.hpp
[2.867s] -- Up-to-date: /root/catkin_ws/install/robot_localization/include/robot_localization/measurement.hpp
[2.867s] -- Up-to-date: /root/catkin_ws/install/robot_localization/include/robot_localization/ros_robot_localization_listener.hpp
[2.867s] -- Up-to-date: /root/catkin_ws/install/robot_localization/include/robot_localization/ekf.hpp
[2.867s] -- Up-to-date: /root/catkin_ws/install/robot_localization/include/robot_localization/ros_filter_types.hpp
[2.867s] -- Up-to-date: /root/catkin_ws/install/robot_localization/include/robot_localization/navsat_transform.hpp
[2.867s] -- Up-to-date: /root/catkin_ws/install/robot_localization/include/robot_localization/ros_filter.hpp
[2.867s] -- Up-to-date: /root/catkin_ws/install/robot_localization/share/robot_localization/params
[2.867s] -- Up-to-date: /root/catkin_ws/install/robot_localization/share/robot_localization/params/ukf.yaml
[2.868s] -- Up-to-date: /root/catkin_ws/install/robot_localization/share/robot_localization/params/ekf.yaml
[2.868s] -- Up-to-date: /root/catkin_ws/install/robot_localization/share/robot_localization/params/dual_ekf_navsat_example.yaml
[2.868s] -- Up-to-date: /root/catkin_ws/install/robot_localization/share/robot_localization/params/navsat_transform.yaml
[2.868s] -- Up-to-date: /root/catkin_ws/install/robot_localization/share/robot_localization/launch
[2.868s] -- Up-to-date: /root/catkin_ws/install/robot_localization/share/robot_localization/launch/ukf.launch.py
[2.868s] -- Up-to-date: /root/catkin_ws/install/robot_localization/share/robot_localization/launch/navsat_transform.launch.py
[2.868s] -- Up-to-date: /root/catkin_ws/install/robot_localization/share/robot_localization/launch/ekf.launch.py
[2.868s] -- Up-to-date: /root/catkin_ws/install/robot_localization/share/robot_localization/launch/dual_ekf_navsat_example.launch.py
[2.868s] -- Up-to-date: /root/catkin_ws/install/robot_localization/share/robot_localization/cmake/robot_localization__rosidl_generator_cExport.cmake
[2.868s] -- Up-to-date: /root/catkin_ws/install/robot_localization/share/robot_localization/cmake/robot_localization__rosidl_generator_cExport-relwithdebinfo.cmake
[2.868s] -- Up-to-date: /root/catkin_ws/install/robot_localization/share/robot_localization/cmake/robot_localization__rosidl_typesupport_introspection_cExport.cmake
[2.868s] -- Up-to-date: /root/catkin_ws/install/robot_localization/share/robot_localization/cmake/robot_localization__rosidl_typesupport_introspection_cExport-relwithdebinfo.cmake
[2.868s] -- Up-to-date: /root/catkin_ws/install/robot_localization/share/robot_localization/cmake/robot_localization__rosidl_typesupport_cExport.cmake
[2.868s] -- Up-to-date: /root/catkin_ws/install/robot_localization/share/robot_localization/cmake/robot_localization__rosidl_typesupport_cExport-relwithdebinfo.cmake
[2.868s] -- Up-to-date: /root/catkin_ws/install/robot_localization/share/robot_localization/cmake/robot_localization__rosidl_generator_cppExport.cmake
[2.869s] -- Up-to-date: /root/catkin_ws/install/robot_localization/share/robot_localization/cmake/robot_localization__rosidl_typesupport_introspection_cppExport.cmake
[2.869s] -- Up-to-date: /root/catkin_ws/install/robot_localization/share/robot_localization/cmake/robot_localization__rosidl_typesupport_introspection_cppExport-relwithdebinfo.cmake
[2.869s] -- Up-to-date: /root/catkin_ws/install/robot_localization/share/robot_localization/cmake/robot_localization__rosidl_typesupport_cppExport.cmake
[2.869s] -- Up-to-date: /root/catkin_ws/install/robot_localization/share/robot_localization/cmake/robot_localization__rosidl_typesupport_cppExport-relwithdebinfo.cmake
[3.554s] Invoked command in '/root/catkin_ws/build/robot_localization' returned '0': CMAKE_PREFIX_PATH=${CMAKE_PREFIX_PATH}:/root/catkin_ws/install/topic_service_action_rclpy_example:/root/catkin_ws/install/time_rclpy_example:/root/catkin_ws/install/tf2_rclpy_example:/root/catkin_ws/install/ros2env:/root/catkin_ws/install/omo_r1mini_teleop:/root/catkin_ws/install/omo_r1mini_bringup:/root/catkin_ws/install/my_first_ros_rclpy_pkg:/root/catkin_ws/install/logging_rclpy_example:/root/catkin_ws/install/iahrs_driver:/root/install/topic_service_action_rclpy_example:/root/install/time_rclpy_example:/root/install/tf2_rclpy_example:/root/install/ros2env:/root/install/omo_r1mini_teleop:/root/install/omo_r1mini_bringup:/root/install/my_first_ros_rclpy_pkg:/root/install/logging_rclpy_example:/opt/ros/foxy /usr/bin/cmake --install /root/catkin_ws/build/robot_localization
