[0.210s] Invoking command in '/root/catkin_ws/build/omo_r1mini_interfaces': CMAKE_PREFIX_PATH=${CMAKE_PREFIX_PATH}:/root/catkin_ws/install/topic_service_action_rclpy_example:/root/catkin_ws/install/time_rclpy_example:/root/catkin_ws/install/tf2_rclpy_example:/root/catkin_ws/install/ros2env:/root/catkin_ws/install/omo_r1mini_teleop:/root/catkin_ws/install/omo_r1mini_bringup:/root/catkin_ws/install/my_first_ros_rclpy_pkg:/root/catkin_ws/install/logging_rclpy_example:/root/catkin_ws/src/install/topic_service_action_rclpy_example:/root/catkin_ws/src/install/time_rclpy_example:/root/catkin_ws/src/install/tf2_rclpy_example:/root/catkin_ws/src/install/ros2env:/root/catkin_ws/src/install/omo_r1mini_teleop:/root/catkin_ws/src/install/omo_r1mini_bringup:/root/catkin_ws/src/install/my_first_ros_rclpy_pkg:/root/catkin_ws/src/install/logging_rclpy_example:/opt/ros/foxy /usr/bin/cmake --build /root/catkin_ws/build/omo_r1mini_interfaces -- -j12 -l12
[1.142s] [  1%] Built target omo_r1mini_interfaces__cpp
[1.143s] [ 12%] Built target omo_r1mini_interfaces__rosidl_generator_c
[1.143s] [ 23%] Built target omo_r1mini_interfaces__rosidl_typesupport_introspection_cpp
[1.144s] [ 35%] Built target omo_r1mini_interfaces__rosidl_typesupport_cpp
[1.144s] [ 52%] Built target omo_r1mini_interfaces__rosidl_typesupport_c
[1.144s] [ 57%] Built target omo_r1mini_interfaces__rosidl_typesupport_introspection_c
[1.145s] [ 69%] Built target omo_r1mini_interfaces__rosidl_typesupport_fastrtps_cpp
[1.145s] [ 80%] Built target omo_r1mini_interfaces__rosidl_typesupport_fastrtps_c
[1.145s] [ 80%] Built target omo_r1mini_interfaces
[1.145s] [ 81%] Built target omo_r1mini_interfaces__py
[1.146s] [ 91%] Built target omo_r1mini_interfaces__python
[1.147s] [ 97%] Built target omo_r1mini_interfaces__rosidl_typesupport_c__pyext
[1.148s] [ 97%] Built target omo_r1mini_interfaces__rosidl_typesupport_introspection_c__pyext
[1.148s] [100%] Built target omo_r1mini_interfaces__rosidl_typesupport_fastrtps_c__pyext
[1.156s] Invoked command in '/root/catkin_ws/build/omo_r1mini_interfaces' returned '0': CMAKE_PREFIX_PATH=${CMAKE_PREFIX_PATH}:/root/catkin_ws/install/topic_service_action_rclpy_example:/root/catkin_ws/install/time_rclpy_example:/root/catkin_ws/install/tf2_rclpy_example:/root/catkin_ws/install/ros2env:/root/catkin_ws/install/omo_r1mini_teleop:/root/catkin_ws/install/omo_r1mini_bringup:/root/catkin_ws/install/my_first_ros_rclpy_pkg:/root/catkin_ws/install/logging_rclpy_example:/root/catkin_ws/src/install/topic_service_action_rclpy_example:/root/catkin_ws/src/install/time_rclpy_example:/root/catkin_ws/src/install/tf2_rclpy_example:/root/catkin_ws/src/install/ros2env:/root/catkin_ws/src/install/omo_r1mini_teleop:/root/catkin_ws/src/install/omo_r1mini_bringup:/root/catkin_ws/src/install/my_first_ros_rclpy_pkg:/root/catkin_ws/src/install/logging_rclpy_example:/opt/ros/foxy /usr/bin/cmake --build /root/catkin_ws/build/omo_r1mini_interfaces -- -j12 -l12
[1.474s] Invoking command in '/root/catkin_ws/build/omo_r1mini_interfaces': CMAKE_PREFIX_PATH=${CMAKE_PREFIX_PATH}:/root/catkin_ws/install/topic_service_action_rclpy_example:/root/catkin_ws/install/time_rclpy_example:/root/catkin_ws/install/tf2_rclpy_example:/root/catkin_ws/install/ros2env:/root/catkin_ws/install/omo_r1mini_teleop:/root/catkin_ws/install/omo_r1mini_bringup:/root/catkin_ws/install/my_first_ros_rclpy_pkg:/root/catkin_ws/install/logging_rclpy_example:/root/catkin_ws/src/install/topic_service_action_rclpy_example:/root/catkin_ws/src/install/time_rclpy_example:/root/catkin_ws/src/install/tf2_rclpy_example:/root/catkin_ws/src/install/ros2env:/root/catkin_ws/src/install/omo_r1mini_teleop:/root/catkin_ws/src/install/omo_r1mini_bringup:/root/catkin_ws/src/install/my_first_ros_rclpy_pkg:/root/catkin_ws/src/install/logging_rclpy_example:/opt/ros/foxy /usr/bin/cmake --install /root/catkin_ws/build/omo_r1mini_interfaces
[1.549s] -- Install configuration: ""
[1.553s] -- Execute custom install script
[1.553s] -- Up-to-date symlink: /root/catkin_ws/install/omo_r1mini_interfaces/share/ament_index/resource_index/rosidl_interfaces/omo_r1mini_interfaces
[1.554s] -- Up-to-date symlink: /root/catkin_ws/install/omo_r1mini_interfaces/include/omo_r1mini_interfaces/msg/rosidl_generator_c__visibility_control.h
[1.554s] -- Up-to-date symlink: /root/catkin_ws/install/omo_r1mini_interfaces/include/omo_r1mini_interfaces/srv/battery.h
[1.554s] -- Up-to-date symlink: /root/catkin_ws/install/omo_r1mini_interfaces/include/omo_r1mini_interfaces/srv/calg.h
[1.554s] -- Up-to-date symlink: /root/catkin_ws/install/omo_r1mini_interfaces/include/omo_r1mini_interfaces/srv/color.h
[1.554s] -- Up-to-date symlink: /root/catkin_ws/install/omo_r1mini_interfaces/include/omo_r1mini_interfaces/srv/detail/battery__functions.h
[1.554s] -- Up-to-date symlink: /root/catkin_ws/install/omo_r1mini_interfaces/include/omo_r1mini_interfaces/srv/detail/battery__struct.h
[1.555s] -- Up-to-date symlink: /root/catkin_ws/install/omo_r1mini_interfaces/include/omo_r1mini_interfaces/srv/detail/battery__type_support.h
[1.555s] -- Up-to-date symlink: /root/catkin_ws/install/omo_r1mini_interfaces/include/omo_r1mini_interfaces/srv/detail/calg__functions.h
[1.555s] -- Up-to-date symlink: /root/catkin_ws/install/omo_r1mini_interfaces/include/omo_r1mini_interfaces/srv/detail/calg__struct.h
[1.555s] -- Up-to-date symlink: /root/catkin_ws/install/omo_r1mini_interfaces/include/omo_r1mini_interfaces/srv/detail/calg__type_support.h
[1.555s] -- Up-to-date symlink: /root/catkin_ws/install/omo_r1mini_interfaces/include/omo_r1mini_interfaces/srv/detail/color__functions.h
[1.555s] -- Up-to-date symlink: /root/catkin_ws/install/omo_r1mini_interfaces/include/omo_r1mini_interfaces/srv/detail/color__struct.h
[1.556s] -- Up-to-date symlink: /root/catkin_ws/install/omo_r1mini_interfaces/include/omo_r1mini_interfaces/srv/detail/color__type_support.h
[1.556s] -- Up-to-date symlink: /root/catkin_ws/install/omo_r1mini_interfaces/include/omo_r1mini_interfaces/srv/detail/onoff__functions.h
[1.556s] -- Up-to-date symlink: /root/catkin_ws/install/omo_r1mini_interfaces/include/omo_r1mini_interfaces/srv/detail/onoff__struct.h
[1.556s] -- Up-to-date symlink: /root/catkin_ws/install/omo_r1mini_interfaces/include/omo_r1mini_interfaces/srv/detail/onoff__type_support.h
[1.556s] -- Up-to-date symlink: /root/catkin_ws/install/omo_r1mini_interfaces/include/omo_r1mini_interfaces/srv/detail/reset_odom__functions.h
[1.556s] -- Up-to-date symlink: /root/catkin_ws/install/omo_r1mini_interfaces/include/omo_r1mini_interfaces/srv/detail/reset_odom__struct.h
[1.557s] -- Up-to-date symlink: /root/catkin_ws/install/omo_r1mini_interfaces/include/omo_r1mini_interfaces/srv/detail/reset_odom__type_support.h
[1.557s] -- Up-to-date symlink: /root/catkin_ws/install/omo_r1mini_interfaces/include/omo_r1mini_interfaces/srv/detail/save_color__functions.h
[1.557s] -- Up-to-date symlink: /root/catkin_ws/install/omo_r1mini_interfaces/include/omo_r1mini_interfaces/srv/detail/save_color__struct.h
[1.557s] -- Up-to-date symlink: /root/catkin_ws/install/omo_r1mini_interfaces/include/omo_r1mini_interfaces/srv/detail/save_color__type_support.h
[1.557s] -- Up-to-date symlink: /root/catkin_ws/install/omo_r1mini_interfaces/include/omo_r1mini_interfaces/srv/onoff.h
[1.557s] -- Up-to-date symlink: /root/catkin_ws/install/omo_r1mini_interfaces/include/omo_r1mini_interfaces/srv/reset_odom.h
[1.557s] -- Up-to-date symlink: /root/catkin_ws/install/omo_r1mini_interfaces/include/omo_r1mini_interfaces/srv/save_color.h
[1.558s] -- Up-to-date symlink: /root/catkin_ws/install/omo_r1mini_interfaces/share/omo_r1mini_interfaces/environment/library_path.sh
[1.558s] -- Up-to-date symlink: /root/catkin_ws/install/omo_r1mini_interfaces/share/omo_r1mini_interfaces/environment/library_path.dsv
[1.558s] -- Up-to-date symlink: /root/catkin_ws/install/omo_r1mini_interfaces/include/omo_r1mini_interfaces/msg/rosidl_typesupport_fastrtps_c__visibility_control.h
[1.558s] -- Up-to-date symlink: /root/catkin_ws/install/omo_r1mini_interfaces/include/omo_r1mini_interfaces/srv/detail/battery__rosidl_typesupport_fastrtps_c.h
[1.558s] -- Up-to-date symlink: /root/catkin_ws/install/omo_r1mini_interfaces/include/omo_r1mini_interfaces/srv/detail/calg__rosidl_typesupport_fastrtps_c.h
[1.559s] -- Up-to-date symlink: /root/catkin_ws/install/omo_r1mini_interfaces/include/omo_r1mini_interfaces/srv/detail/color__rosidl_typesupport_fastrtps_c.h
[1.559s] -- Up-to-date symlink: /root/catkin_ws/install/omo_r1mini_interfaces/include/omo_r1mini_interfaces/srv/detail/onoff__rosidl_typesupport_fastrtps_c.h
[1.559s] -- Up-to-date symlink: /root/catkin_ws/install/omo_r1mini_interfaces/include/omo_r1mini_interfaces/srv/detail/reset_odom__rosidl_typesupport_fastrtps_c.h
[1.559s] -- Up-to-date symlink: /root/catkin_ws/install/omo_r1mini_interfaces/include/omo_r1mini_interfaces/srv/detail/save_color__rosidl_typesupport_fastrtps_c.h
[1.559s] -- Up-to-date symlink: /root/catkin_ws/install/omo_r1mini_interfaces/lib/libomo_r1mini_interfaces__rosidl_typesupport_fastrtps_c.so
[1.559s] -- Up-to-date symlink: /root/catkin_ws/install/omo_r1mini_interfaces/include/omo_r1mini_interfaces/msg/rosidl_typesupport_fastrtps_cpp__visibility_control.h
[1.559s] -- Up-to-date symlink: /root/catkin_ws/install/omo_r1mini_interfaces/include/omo_r1mini_interfaces/srv/detail/battery__rosidl_typesupport_fastrtps_cpp.hpp
[1.560s] -- Up-to-date symlink: /root/catkin_ws/install/omo_r1mini_interfaces/include/omo_r1mini_interfaces/srv/detail/calg__rosidl_typesupport_fastrtps_cpp.hpp
[1.560s] -- Up-to-date symlink: /root/catkin_ws/install/omo_r1mini_interfaces/include/omo_r1mini_interfaces/srv/detail/color__rosidl_typesupport_fastrtps_cpp.hpp
[1.560s] -- Up-to-date symlink: /root/catkin_ws/install/omo_r1mini_interfaces/include/omo_r1mini_interfaces/srv/detail/onoff__rosidl_typesupport_fastrtps_cpp.hpp
[1.560s] -- Up-to-date symlink: /root/catkin_ws/install/omo_r1mini_interfaces/include/omo_r1mini_interfaces/srv/detail/reset_odom__rosidl_typesupport_fastrtps_cpp.hpp
[1.560s] -- Up-to-date symlink: /root/catkin_ws/install/omo_r1mini_interfaces/include/omo_r1mini_interfaces/srv/detail/save_color__rosidl_typesupport_fastrtps_cpp.hpp
[1.560s] -- Up-to-date symlink: /root/catkin_ws/install/omo_r1mini_interfaces/lib/libomo_r1mini_interfaces__rosidl_typesupport_fastrtps_cpp.so
[1.560s] -- Up-to-date symlink: /root/catkin_ws/install/omo_r1mini_interfaces/include/omo_r1mini_interfaces/msg/rosidl_typesupport_introspection_c__visibility_control.h
[1.560s] -- Up-to-date symlink: /root/catkin_ws/install/omo_r1mini_interfaces/include/omo_r1mini_interfaces/srv/detail/battery__rosidl_typesupport_introspection_c.h
[1.561s] -- Up-to-date symlink: /root/catkin_ws/install/omo_r1mini_interfaces/include/omo_r1mini_interfaces/srv/detail/calg__rosidl_typesupport_introspection_c.h
[1.561s] -- Up-to-date symlink: /root/catkin_ws/install/omo_r1mini_interfaces/include/omo_r1mini_interfaces/srv/detail/color__rosidl_typesupport_introspection_c.h
[1.561s] -- Up-to-date symlink: /root/catkin_ws/install/omo_r1mini_interfaces/include/omo_r1mini_interfaces/srv/detail/onoff__rosidl_typesupport_introspection_c.h
[1.561s] -- Up-to-date symlink: /root/catkin_ws/install/omo_r1mini_interfaces/include/omo_r1mini_interfaces/srv/detail/reset_odom__rosidl_typesupport_introspection_c.h
[1.561s] -- Up-to-date symlink: /root/catkin_ws/install/omo_r1mini_interfaces/include/omo_r1mini_interfaces/srv/detail/save_color__rosidl_typesupport_introspection_c.h
[1.561s] -- Up-to-date symlink: /root/catkin_ws/install/omo_r1mini_interfaces/include/omo_r1mini_interfaces/srv/battery.hpp
[1.562s] -- Up-to-date symlink: /root/catkin_ws/install/omo_r1mini_interfaces/include/omo_r1mini_interfaces/srv/calg.hpp
[1.562s] -- Up-to-date symlink: /root/catkin_ws/install/omo_r1mini_interfaces/include/omo_r1mini_interfaces/srv/color.hpp
[1.562s] -- Up-to-date symlink: /root/catkin_ws/install/omo_r1mini_interfaces/include/omo_r1mini_interfaces/srv/detail/battery__builder.hpp
[1.562s] -- Up-to-date symlink: /root/catkin_ws/install/omo_r1mini_interfaces/include/omo_r1mini_interfaces/srv/detail/battery__struct.hpp
[1.562s] -- Up-to-date symlink: /root/catkin_ws/install/omo_r1mini_interfaces/include/omo_r1mini_interfaces/srv/detail/battery__traits.hpp
[1.562s] -- Up-to-date symlink: /root/catkin_ws/install/omo_r1mini_interfaces/include/omo_r1mini_interfaces/srv/detail/calg__builder.hpp
[1.562s] -- Up-to-date symlink: /root/catkin_ws/install/omo_r1mini_interfaces/include/omo_r1mini_interfaces/srv/detail/calg__struct.hpp
[1.563s] -- Up-to-date symlink: /root/catkin_ws/install/omo_r1mini_interfaces/include/omo_r1mini_interfaces/srv/detail/calg__traits.hpp
[1.563s] -- Up-to-date symlink: /root/catkin_ws/install/omo_r1mini_interfaces/include/omo_r1mini_interfaces/srv/detail/color__builder.hpp
[1.563s] -- Up-to-date symlink: /root/catkin_ws/install/omo_r1mini_interfaces/include/omo_r1mini_interfaces/srv/detail/color__struct.hpp
[1.563s] -- Up-to-date symlink: /root/catkin_ws/install/omo_r1mini_interfaces/include/omo_r1mini_interfaces/srv/detail/color__traits.hpp
[1.563s] -- Up-to-date symlink: /root/catkin_ws/install/omo_r1mini_interfaces/include/omo_r1mini_interfaces/srv/detail/onoff__builder.hpp
[1.563s] -- Up-to-date symlink: /root/catkin_ws/install/omo_r1mini_interfaces/include/omo_r1mini_interfaces/srv/detail/onoff__struct.hpp
[1.563s] -- Up-to-date symlink: /root/catkin_ws/install/omo_r1mini_interfaces/include/omo_r1mini_interfaces/srv/detail/onoff__traits.hpp
[1.564s] -- Up-to-date symlink: /root/catkin_ws/install/omo_r1mini_interfaces/include/omo_r1mini_interfaces/srv/detail/reset_odom__builder.hpp
[1.564s] -- Up-to-date symlink: /root/catkin_ws/install/omo_r1mini_interfaces/include/omo_r1mini_interfaces/srv/detail/reset_odom__struct.hpp
[1.564s] -- Up-to-date symlink: /root/catkin_ws/install/omo_r1mini_interfaces/include/omo_r1mini_interfaces/srv/detail/reset_odom__traits.hpp
[1.564s] -- Up-to-date symlink: /root/catkin_ws/install/omo_r1mini_interfaces/include/omo_r1mini_interfaces/srv/detail/save_color__builder.hpp
[1.564s] -- Up-to-date symlink: /root/catkin_ws/install/omo_r1mini_interfaces/include/omo_r1mini_interfaces/srv/detail/save_color__struct.hpp
[1.564s] -- Up-to-date symlink: /root/catkin_ws/install/omo_r1mini_interfaces/include/omo_r1mini_interfaces/srv/detail/save_color__traits.hpp
[1.565s] -- Up-to-date symlink: /root/catkin_ws/install/omo_r1mini_interfaces/include/omo_r1mini_interfaces/srv/onoff.hpp
[1.565s] -- Up-to-date symlink: /root/catkin_ws/install/omo_r1mini_interfaces/include/omo_r1mini_interfaces/srv/reset_odom.hpp
[1.565s] -- Up-to-date symlink: /root/catkin_ws/install/omo_r1mini_interfaces/include/omo_r1mini_interfaces/srv/save_color.hpp
[1.565s] -- Up-to-date symlink: /root/catkin_ws/install/omo_r1mini_interfaces/include/omo_r1mini_interfaces/srv/detail/battery__rosidl_typesupport_introspection_cpp.hpp
[1.565s] -- Up-to-date symlink: /root/catkin_ws/install/omo_r1mini_interfaces/include/omo_r1mini_interfaces/srv/detail/calg__rosidl_typesupport_introspection_cpp.hpp
[1.566s] -- Up-to-date symlink: /root/catkin_ws/install/omo_r1mini_interfaces/include/omo_r1mini_interfaces/srv/detail/color__rosidl_typesupport_introspection_cpp.hpp
[1.566s] -- Up-to-date symlink: /root/catkin_ws/install/omo_r1mini_interfaces/include/omo_r1mini_interfaces/srv/detail/onoff__rosidl_typesupport_introspection_cpp.hpp
[1.566s] -- Up-to-date symlink: /root/catkin_ws/install/omo_r1mini_interfaces/include/omo_r1mini_interfaces/srv/detail/reset_odom__rosidl_typesupport_introspection_cpp.hpp
[1.566s] -- Up-to-date symlink: /root/catkin_ws/install/omo_r1mini_interfaces/include/omo_r1mini_interfaces/srv/detail/save_color__rosidl_typesupport_introspection_cpp.hpp
[1.566s] -- Up-to-date symlink: /root/catkin_ws/install/omo_r1mini_interfaces/share/omo_r1mini_interfaces/environment/pythonpath.sh
[1.567s] -- Up-to-date symlink: /root/catkin_ws/install/omo_r1mini_interfaces/share/omo_r1mini_interfaces/environment/pythonpath.dsv
[1.567s] -- Up-to-date symlink: /root/catkin_ws/install/omo_r1mini_interfaces/lib/python3.8/site-packages/omo_r1mini_interfaces/__init__.py
[1.567s] -- Up-to-date symlink: /root/catkin_ws/install/omo_r1mini_interfaces/lib/python3.8/site-packages/omo_r1mini_interfaces/srv/__init__.py
[1.567s] -- Up-to-date symlink: /root/catkin_ws/install/omo_r1mini_interfaces/lib/python3.8/site-packages/omo_r1mini_interfaces/srv/_battery.py
[1.567s] -- Up-to-date symlink: /root/catkin_ws/install/omo_r1mini_interfaces/lib/python3.8/site-packages/omo_r1mini_interfaces/srv/_calg.py
[1.568s] -- Up-to-date symlink: /root/catkin_ws/install/omo_r1mini_interfaces/lib/python3.8/site-packages/omo_r1mini_interfaces/srv/_color.py
[1.568s] -- Up-to-date symlink: /root/catkin_ws/install/omo_r1mini_interfaces/lib/python3.8/site-packages/omo_r1mini_interfaces/srv/_onoff.py
[1.568s] -- Up-to-date symlink: /root/catkin_ws/install/omo_r1mini_interfaces/lib/python3.8/site-packages/omo_r1mini_interfaces/srv/_reset_odom.py
[1.568s] -- Up-to-date symlink: /root/catkin_ws/install/omo_r1mini_interfaces/lib/python3.8/site-packages/omo_r1mini_interfaces/srv/_save_color.py
[1.568s] -- Up-to-date symlink: /root/catkin_ws/install/omo_r1mini_interfaces/lib/python3.8/site-packages/omo_r1mini_interfaces/omo_r1mini_interfaces_s__rosidl_typesupport_fastrtps_c.cpython-38-x86_64-linux-gnu.so
[1.569s] -- Up-to-date symlink: /root/catkin_ws/install/omo_r1mini_interfaces/lib/python3.8/site-packages/omo_r1mini_interfaces/omo_r1mini_interfaces_s__rosidl_typesupport_introspection_c.cpython-38-x86_64-linux-gnu.so
[1.569s] -- Up-to-date symlink: /root/catkin_ws/install/omo_r1mini_interfaces/lib/python3.8/site-packages/omo_r1mini_interfaces/omo_r1mini_interfaces_s__rosidl_typesupport_c.cpython-38-x86_64-linux-gnu.so
[1.569s] -- Up-to-date symlink: /root/catkin_ws/install/omo_r1mini_interfaces/lib/libomo_r1mini_interfaces__python.so
[1.569s] -- Up-to-date symlink: /root/catkin_ws/install/omo_r1mini_interfaces/share/omo_r1mini_interfaces/srv/Battery.idl
[1.569s] -- Up-to-date symlink: /root/catkin_ws/install/omo_r1mini_interfaces/share/omo_r1mini_interfaces/srv/Calg.idl
[1.570s] -- Up-to-date symlink: /root/catkin_ws/install/omo_r1mini_interfaces/share/omo_r1mini_interfaces/srv/Color.idl
[1.570s] -- Up-to-date symlink: /root/catkin_ws/install/omo_r1mini_interfaces/share/omo_r1mini_interfaces/srv/Onoff.idl
[1.570s] -- Up-to-date symlink: /root/catkin_ws/install/omo_r1mini_interfaces/share/omo_r1mini_interfaces/srv/ResetOdom.idl
[1.570s] -- Up-to-date symlink: /root/catkin_ws/install/omo_r1mini_interfaces/share/omo_r1mini_interfaces/srv/SaveColor.idl
[1.570s] -- Up-to-date symlink: /root/catkin_ws/install/omo_r1mini_interfaces/share/omo_r1mini_interfaces/srv/Battery.srv
[1.571s] -- Up-to-date symlink: /root/catkin_ws/install/omo_r1mini_interfaces/share/omo_r1mini_interfaces/srv/Battery_Request.msg
[1.571s] -- Up-to-date symlink: /root/catkin_ws/install/omo_r1mini_interfaces/share/omo_r1mini_interfaces/srv/Battery_Response.msg
[1.571s] -- Up-to-date symlink: /root/catkin_ws/install/omo_r1mini_interfaces/share/omo_r1mini_interfaces/srv/Calg.srv
[1.571s] -- Up-to-date symlink: /root/catkin_ws/install/omo_r1mini_interfaces/share/omo_r1mini_interfaces/srv/Calg_Request.msg
[1.571s] -- Up-to-date symlink: /root/catkin_ws/install/omo_r1mini_interfaces/share/omo_r1mini_interfaces/srv/Calg_Response.msg
[1.572s] -- Up-to-date symlink: /root/catkin_ws/install/omo_r1mini_interfaces/share/omo_r1mini_interfaces/srv/Color.srv
[1.572s] -- Up-to-date symlink: /root/catkin_ws/install/omo_r1mini_interfaces/share/omo_r1mini_interfaces/srv/Color_Request.msg
[1.572s] -- Up-to-date symlink: /root/catkin_ws/install/omo_r1mini_interfaces/share/omo_r1mini_interfaces/srv/Color_Response.msg
[1.572s] -- Up-to-date symlink: /root/catkin_ws/install/omo_r1mini_interfaces/share/omo_r1mini_interfaces/srv/Onoff.srv
[1.572s] -- Up-to-date symlink: /root/catkin_ws/install/omo_r1mini_interfaces/share/omo_r1mini_interfaces/srv/Onoff_Request.msg
[1.573s] -- Up-to-date symlink: /root/catkin_ws/install/omo_r1mini_interfaces/share/omo_r1mini_interfaces/srv/Onoff_Response.msg
[1.573s] -- Up-to-date symlink: /root/catkin_ws/install/omo_r1mini_interfaces/share/omo_r1mini_interfaces/srv/ResetOdom.srv
[1.573s] -- Up-to-date symlink: /root/catkin_ws/install/omo_r1mini_interfaces/share/omo_r1mini_interfaces/srv/ResetOdom_Request.msg
[1.573s] -- Up-to-date symlink: /root/catkin_ws/install/omo_r1mini_interfaces/share/omo_r1mini_interfaces/srv/ResetOdom_Response.msg
[1.573s] -- Up-to-date symlink: /root/catkin_ws/install/omo_r1mini_interfaces/share/omo_r1mini_interfaces/srv/SaveColor.srv
[1.575s] -- Up-to-date symlink: /root/catkin_ws/install/omo_r1mini_interfaces/share/omo_r1mini_interfaces/srv/SaveColor_Request.msg
[1.575s] -- Up-to-date symlink: /root/catkin_ws/install/omo_r1mini_interfaces/share/omo_r1mini_interfaces/srv/SaveColor_Response.msg
[1.575s] -- Up-to-date symlink: /root/catkin_ws/install/omo_r1mini_interfaces/share/ament_index/resource_index/package_run_dependencies/omo_r1mini_interfaces
[1.575s] -- Up-to-date symlink: /root/catkin_ws/install/omo_r1mini_interfaces/share/ament_index/resource_index/parent_prefix_path/omo_r1mini_interfaces
[1.576s] -- Up-to-date symlink: /root/catkin_ws/install/omo_r1mini_interfaces/share/omo_r1mini_interfaces/environment/ament_prefix_path.sh
[1.576s] -- Up-to-date symlink: /root/catkin_ws/install/omo_r1mini_interfaces/share/omo_r1mini_interfaces/environment/ament_prefix_path.dsv
[1.576s] -- Up-to-date symlink: /root/catkin_ws/install/omo_r1mini_interfaces/share/omo_r1mini_interfaces/environment/path.sh
[1.577s] -- Up-to-date symlink: /root/catkin_ws/install/omo_r1mini_interfaces/share/omo_r1mini_interfaces/environment/path.dsv
[1.577s] -- Up-to-date symlink: /root/catkin_ws/install/omo_r1mini_interfaces/share/omo_r1mini_interfaces/local_setup.bash
[1.577s] -- Up-to-date symlink: /root/catkin_ws/install/omo_r1mini_interfaces/share/omo_r1mini_interfaces/local_setup.sh
[1.577s] -- Up-to-date symlink: /root/catkin_ws/install/omo_r1mini_interfaces/share/omo_r1mini_interfaces/local_setup.zsh
[1.578s] -- Up-to-date symlink: /root/catkin_ws/install/omo_r1mini_interfaces/share/omo_r1mini_interfaces/local_setup.dsv
[1.578s] -- Symlinking: /root/catkin_ws/install/omo_r1mini_interfaces/share/omo_r1mini_interfaces/package.dsv
[1.578s] -- Up-to-date symlink: /root/catkin_ws/install/omo_r1mini_interfaces/share/ament_index/resource_index/packages/omo_r1mini_interfaces
[1.579s] -- Up-to-date symlink: /root/catkin_ws/install/omo_r1mini_interfaces/share/omo_r1mini_interfaces/cmake/rosidl_cmake-extras.cmake
[1.580s] -- Up-to-date symlink: /root/catkin_ws/install/omo_r1mini_interfaces/share/omo_r1mini_interfaces/cmake/ament_cmake_export_dependencies-extras.cmake
[1.580s] -- Up-to-date symlink: /root/catkin_ws/install/omo_r1mini_interfaces/share/omo_r1mini_interfaces/cmake/ament_cmake_export_libraries-extras.cmake
[1.580s] -- Up-to-date symlink: /root/catkin_ws/install/omo_r1mini_interfaces/share/omo_r1mini_interfaces/cmake/ament_cmake_export_targets-extras.cmake
[1.581s] -- Up-to-date symlink: /root/catkin_ws/install/omo_r1mini_interfaces/share/omo_r1mini_interfaces/cmake/ament_cmake_export_include_directories-extras.cmake
[1.581s] -- Up-to-date symlink: /root/catkin_ws/install/omo_r1mini_interfaces/share/omo_r1mini_interfaces/cmake/rosidl_cmake_export_typesupport_libraries-extras.cmake
[1.581s] -- Up-to-date symlink: /root/catkin_ws/install/omo_r1mini_interfaces/share/omo_r1mini_interfaces/cmake/rosidl_cmake_export_typesupport_targets-extras.cmake
[1.582s] -- Up-to-date symlink: /root/catkin_ws/install/omo_r1mini_interfaces/share/omo_r1mini_interfaces/cmake/omo_r1mini_interfacesConfig.cmake
[1.582s] -- Up-to-date symlink: /root/catkin_ws/install/omo_r1mini_interfaces/share/omo_r1mini_interfaces/cmake/omo_r1mini_interfacesConfig-version.cmake
[1.582s] -- Up-to-date symlink: /root/catkin_ws/install/omo_r1mini_interfaces/share/omo_r1mini_interfaces/package.xml
[1.583s] -- Up-to-date: /root/catkin_ws/install/omo_r1mini_interfaces/lib/libomo_r1mini_interfaces__rosidl_generator_c.so
[1.583s] -- Up-to-date: /root/catkin_ws/install/omo_r1mini_interfaces/lib/libomo_r1mini_interfaces__rosidl_typesupport_introspection_c.so
[1.583s] -- Up-to-date: /root/catkin_ws/install/omo_r1mini_interfaces/lib/libomo_r1mini_interfaces__rosidl_typesupport_c.so
[1.583s] -- Up-to-date: /root/catkin_ws/install/omo_r1mini_interfaces/lib/libomo_r1mini_interfaces__rosidl_typesupport_introspection_cpp.so
[1.585s] -- Up-to-date: /root/catkin_ws/install/omo_r1mini_interfaces/lib/libomo_r1mini_interfaces__rosidl_typesupport_cpp.so
[1.619s] -- Up-to-date: /root/catkin_ws/install/omo_r1mini_interfaces/share/omo_r1mini_interfaces/cmake/omo_r1mini_interfaces__rosidl_generator_cExport.cmake
[1.620s] -- Up-to-date: /root/catkin_ws/install/omo_r1mini_interfaces/share/omo_r1mini_interfaces/cmake/omo_r1mini_interfaces__rosidl_generator_cExport-noconfig.cmake
[1.620s] -- Up-to-date: /root/catkin_ws/install/omo_r1mini_interfaces/share/omo_r1mini_interfaces/cmake/omo_r1mini_interfaces__rosidl_typesupport_introspection_cExport.cmake
[1.620s] -- Up-to-date: /root/catkin_ws/install/omo_r1mini_interfaces/share/omo_r1mini_interfaces/cmake/omo_r1mini_interfaces__rosidl_typesupport_introspection_cExport-noconfig.cmake
[1.620s] -- Up-to-date: /root/catkin_ws/install/omo_r1mini_interfaces/share/omo_r1mini_interfaces/cmake/omo_r1mini_interfaces__rosidl_typesupport_cExport.cmake
[1.621s] -- Up-to-date: /root/catkin_ws/install/omo_r1mini_interfaces/share/omo_r1mini_interfaces/cmake/omo_r1mini_interfaces__rosidl_typesupport_cExport-noconfig.cmake
[1.621s] -- Up-to-date: /root/catkin_ws/install/omo_r1mini_interfaces/share/omo_r1mini_interfaces/cmake/omo_r1mini_interfaces__rosidl_generator_cppExport.cmake
[1.621s] -- Up-to-date: /root/catkin_ws/install/omo_r1mini_interfaces/share/omo_r1mini_interfaces/cmake/omo_r1mini_interfaces__rosidl_typesupport_introspection_cppExport.cmake
[1.621s] -- Up-to-date: /root/catkin_ws/install/omo_r1mini_interfaces/share/omo_r1mini_interfaces/cmake/omo_r1mini_interfaces__rosidl_typesupport_introspection_cppExport-noconfig.cmake
[1.622s] -- Up-to-date: /root/catkin_ws/install/omo_r1mini_interfaces/share/omo_r1mini_interfaces/cmake/omo_r1mini_interfaces__rosidl_typesupport_cppExport.cmake
[1.626s] -- Up-to-date: /root/catkin_ws/install/omo_r1mini_interfaces/share/omo_r1mini_interfaces/cmake/omo_r1mini_interfaces__rosidl_typesupport_cppExport-noconfig.cmake
[1.770s] Invoked command in '/root/catkin_ws/build/omo_r1mini_interfaces' returned '0': CMAKE_PREFIX_PATH=${CMAKE_PREFIX_PATH}:/root/catkin_ws/install/topic_service_action_rclpy_example:/root/catkin_ws/install/time_rclpy_example:/root/catkin_ws/install/tf2_rclpy_example:/root/catkin_ws/install/ros2env:/root/catkin_ws/install/omo_r1mini_teleop:/root/catkin_ws/install/omo_r1mini_bringup:/root/catkin_ws/install/my_first_ros_rclpy_pkg:/root/catkin_ws/install/logging_rclpy_example:/root/catkin_ws/src/install/topic_service_action_rclpy_example:/root/catkin_ws/src/install/time_rclpy_example:/root/catkin_ws/src/install/tf2_rclpy_example:/root/catkin_ws/src/install/ros2env:/root/catkin_ws/src/install/omo_r1mini_teleop:/root/catkin_ws/src/install/omo_r1mini_bringup:/root/catkin_ws/src/install/my_first_ros_rclpy_pkg:/root/catkin_ws/src/install/logging_rclpy_example:/opt/ros/foxy /usr/bin/cmake --install /root/catkin_ws/build/omo_r1mini_interfaces
