[0.611s] Invoking command in '/root/catkin_ws/build/micro_ros_setup': CMAKE_PREFIX_PATH=${CMAKE_PREFIX_PATH}:/root/catkin_ws/install/topic_service_action_rclpy_example:/root/catkin_ws/install/time_rclpy_example:/root/catkin_ws/install/tf2_rclpy_example:/root/catkin_ws/install/ros2env:/root/catkin_ws/install/omo_r1mini_teleop:/root/catkin_ws/install/omo_r1mini_bringup:/root/catkin_ws/install/my_first_ros_rclpy_pkg:/root/catkin_ws/install/logging_rclpy_example:/root/catkin_ws/install/iahrs_driver:/root/install/topic_service_action_rclpy_example:/root/install/time_rclpy_example:/root/install/tf2_rclpy_example:/root/install/ros2env:/root/install/omo_r1mini_teleop:/root/install/omo_r1mini_bringup:/root/install/my_first_ros_rclpy_pkg:/root/install/logging_rclpy_example:/opt/ros/foxy /usr/bin/cmake --build /root/catkin_ws/build/micro_ros_setup -- -j12 -l12
[1.654s] Invoked command in '/root/catkin_ws/build/micro_ros_setup' returned '0': CMAKE_PREFIX_PATH=${CMAKE_PREFIX_PATH}:/root/catkin_ws/install/topic_service_action_rclpy_example:/root/catkin_ws/install/time_rclpy_example:/root/catkin_ws/install/tf2_rclpy_example:/root/catkin_ws/install/ros2env:/root/catkin_ws/install/omo_r1mini_teleop:/root/catkin_ws/install/omo_r1mini_bringup:/root/catkin_ws/install/my_first_ros_rclpy_pkg:/root/catkin_ws/install/logging_rclpy_example:/root/catkin_ws/install/iahrs_driver:/root/install/topic_service_action_rclpy_example:/root/install/time_rclpy_example:/root/install/tf2_rclpy_example:/root/install/ros2env:/root/install/omo_r1mini_teleop:/root/install/omo_r1mini_bringup:/root/install/my_first_ros_rclpy_pkg:/root/install/logging_rclpy_example:/opt/ros/foxy /usr/bin/cmake --build /root/catkin_ws/build/micro_ros_setup -- -j12 -l12
[1.752s] Invoking command in '/root/catkin_ws/build/micro_ros_setup': CMAKE_PREFIX_PATH=${CMAKE_PREFIX_PATH}:/root/catkin_ws/install/topic_service_action_rclpy_example:/root/catkin_ws/install/time_rclpy_example:/root/catkin_ws/install/tf2_rclpy_example:/root/catkin_ws/install/ros2env:/root/catkin_ws/install/omo_r1mini_teleop:/root/catkin_ws/install/omo_r1mini_bringup:/root/catkin_ws/install/my_first_ros_rclpy_pkg:/root/catkin_ws/install/logging_rclpy_example:/root/catkin_ws/install/iahrs_driver:/root/install/topic_service_action_rclpy_example:/root/install/time_rclpy_example:/root/install/tf2_rclpy_example:/root/install/ros2env:/root/install/omo_r1mini_teleop:/root/install/omo_r1mini_bringup:/root/install/my_first_ros_rclpy_pkg:/root/install/logging_rclpy_example:/opt/ros/foxy /usr/bin/cmake --install /root/catkin_ws/build/micro_ros_setup
[1.778s] -- Install configuration: ""
[1.786s] -- Execute custom install script
[1.794s] -- Up-to-date symlink: /root/catkin_ws/install/micro_ros_setup/share/ament_index/resource_index/package_run_dependencies/micro_ros_setup
[1.799s] -- Up-to-date symlink: /root/catkin_ws/install/micro_ros_setup/share/ament_index/resource_index/parent_prefix_path/micro_ros_setup
[1.801s] -- Up-to-date symlink: /root/catkin_ws/install/micro_ros_setup/share/micro_ros_setup/environment/ament_prefix_path.sh
[1.802s] -- Up-to-date symlink: /root/catkin_ws/install/micro_ros_setup/share/micro_ros_setup/environment/ament_prefix_path.dsv
[1.805s] -- Up-to-date symlink: /root/catkin_ws/install/micro_ros_setup/share/micro_ros_setup/environment/path.sh
[1.806s] -- Up-to-date symlink: /root/catkin_ws/install/micro_ros_setup/share/micro_ros_setup/environment/path.dsv
[1.807s] -- Up-to-date symlink: /root/catkin_ws/install/micro_ros_setup/share/micro_ros_setup/local_setup.bash
[1.813s] -- Up-to-date symlink: /root/catkin_ws/install/micro_ros_setup/share/micro_ros_setup/local_setup.sh
[1.814s] -- Up-to-date symlink: /root/catkin_ws/install/micro_ros_setup/share/micro_ros_setup/local_setup.zsh
[1.814s] -- Up-to-date symlink: /root/catkin_ws/install/micro_ros_setup/share/micro_ros_setup/local_setup.dsv
[1.814s] -- Symlinking: /root/catkin_ws/install/micro_ros_setup/share/micro_ros_setup/package.dsv
[1.879s] -- Up-to-date symlink: /root/catkin_ws/install/micro_ros_setup/share/ament_index/resource_index/packages/micro_ros_setup
[1.889s] -- Up-to-date symlink: /root/catkin_ws/install/micro_ros_setup/share/micro_ros_setup/cmake/micro_ros_setupConfig.cmake
[1.892s] -- Up-to-date symlink: /root/catkin_ws/install/micro_ros_setup/share/micro_ros_setup/cmake/micro_ros_setupConfig-version.cmake
[1.892s] -- Up-to-date symlink: /root/catkin_ws/install/micro_ros_setup/share/micro_ros_setup/package.xml
[1.896s] -- Up-to-date symlink: /root/catkin_ws/install/micro_ros_setup/lib/micro_ros_setup/create_ws.sh
[1.898s] -- Up-to-date symlink: /root/catkin_ws/install/micro_ros_setup/lib/micro_ros_setup/create_agent_ws.sh
[1.899s] -- Up-to-date symlink: /root/catkin_ws/install/micro_ros_setup/lib/micro_ros_setup/create_firmware_ws.sh
[1.903s] -- Up-to-date symlink: /root/catkin_ws/install/micro_ros_setup/lib/micro_ros_setup/configure_firmware.sh
[1.906s] -- Up-to-date symlink: /root/catkin_ws/install/micro_ros_setup/lib/micro_ros_setup/flash_firmware.sh
[1.911s] -- Up-to-date symlink: /root/catkin_ws/install/micro_ros_setup/lib/micro_ros_setup/reset_firmware.sh
[1.918s] -- Up-to-date symlink: /root/catkin_ws/install/micro_ros_setup/lib/micro_ros_setup/build_firmware.sh
[1.921s] -- Up-to-date symlink: /root/catkin_ws/install/micro_ros_setup/lib/micro_ros_setup/build_agent.sh
[1.921s] -- Up-to-date symlink: /root/catkin_ws/install/micro_ros_setup/lib/micro_ros_setup/yaml_filter.py
[1.921s] -- Up-to-date symlink: /root/catkin_ws/install/micro_ros_setup/lib/micro_ros_setup/clean_env.sh
[1.921s] -- Up-to-date: /root/catkin_ws/install/micro_ros_setup/./config
[1.947s] -- Up-to-date: /root/catkin_ws/install/micro_ros_setup/./config/agent_ros2_packages.txt
[1.962s] -- Up-to-date: /root/catkin_ws/install/micro_ros_setup/./config/generate_lib
[1.962s] -- Up-to-date: /root/catkin_ws/install/micro_ros_setup/./config/generate_lib/generic
[1.963s] -- Up-to-date: /root/catkin_ws/install/micro_ros_setup/./config/generate_lib/generic/create.sh
[1.976s] -- Up-to-date: /root/catkin_ws/install/micro_ros_setup/./config/generate_lib/generic/client_uros_packages.repos
[1.976s] -- Up-to-date: /root/catkin_ws/install/micro_ros_setup/./config/generate_lib/generic/client-colcon.meta
[2.081s] -- Up-to-date: /root/catkin_ws/install/micro_ros_setup/./config/generate_lib/generic/package.xml
[2.180s] -- Up-to-date: /root/catkin_ws/install/micro_ros_setup/./config/generate_lib/generic/demo_toolchain.cmake
[2.229s] -- Up-to-date: /root/catkin_ws/install/micro_ros_setup/./config/generate_lib/generic/flash.sh
[2.283s] -- Up-to-date: /root/catkin_ws/install/micro_ros_setup/./config/generate_lib/generic/build.sh
[2.313s] -- Up-to-date: /root/catkin_ws/install/micro_ros_setup/./config/generate_lib/dev_ros2_packages.txt
[2.338s] -- Up-to-date: /root/catkin_ws/install/micro_ros_setup/./config/generate_lib/dev_uros_packages.repos
[2.378s] -- Up-to-date: /root/catkin_ws/install/micro_ros_setup/./config/client_uros_packages.repos
[2.433s] -- Up-to-date: /root/catkin_ws/install/micro_ros_setup/./config/host
[2.435s] -- Up-to-date: /root/catkin_ws/install/micro_ros_setup/./config/host/generic
[2.444s] -- Up-to-date: /root/catkin_ws/install/micro_ros_setup/./config/host/generic/create.sh
[2.467s] -- Up-to-date: /root/catkin_ws/install/micro_ros_setup/./config/host/generic/client-host-colcon.meta
[2.484s] -- Up-to-date: /root/catkin_ws/install/micro_ros_setup/./config/host/generic/client_host_packages.repos
[2.509s] -- Up-to-date: /root/catkin_ws/install/micro_ros_setup/./config/host/generic/package.xml
[2.525s] -- Up-to-date: /root/catkin_ws/install/micro_ros_setup/./config/host/generic/reset.sh
[2.547s] -- Up-to-date: /root/catkin_ws/install/micro_ros_setup/./config/host/generic/flash.sh
[2.574s] -- Up-to-date: /root/catkin_ws/install/micro_ros_setup/./config/host/generic/build.sh
[2.580s] -- Up-to-date: /root/catkin_ws/install/micro_ros_setup/./config/host/dev_ros2_packages.txt
[2.601s] -- Up-to-date: /root/catkin_ws/install/micro_ros_setup/./config/host/client_ros2_packages.txt
[2.613s] -- Up-to-date: /root/catkin_ws/install/micro_ros_setup/./config/host/dev_uros_packages.repos
[2.621s] -- Up-to-date: /root/catkin_ws/install/micro_ros_setup/./config/raspbian
[2.621s] -- Up-to-date: /root/catkin_ws/install/micro_ros_setup/./config/raspbian/generic
[2.623s] -- Up-to-date: /root/catkin_ws/install/micro_ros_setup/./config/raspbian/generic/create.sh
[2.646s] -- Up-to-date: /root/catkin_ws/install/micro_ros_setup/./config/raspbian/generic/supported_platforms
[2.654s] -- Up-to-date: /root/catkin_ws/install/micro_ros_setup/./config/raspbian/generic/client_uros_packages.repos
[2.664s] -- Up-to-date: /root/catkin_ws/install/micro_ros_setup/./config/raspbian/generic/client-colcon.meta
[2.677s] -- Up-to-date: /root/catkin_ws/install/micro_ros_setup/./config/raspbian/generic/configure.sh
[2.693s] -- Up-to-date: /root/catkin_ws/install/micro_ros_setup/./config/raspbian/generic/flash.sh
[2.705s] -- Up-to-date: /root/catkin_ws/install/micro_ros_setup/./config/raspbian/generic/build.sh
[2.717s] -- Up-to-date: /root/catkin_ws/install/micro_ros_setup/./config/raspbian/dev_ros2_packages.txt
[2.726s] -- Up-to-date: /root/catkin_ws/install/micro_ros_setup/./config/raspbian/dev_uros_packages.repos
[2.743s] -- Up-to-date: /root/catkin_ws/install/micro_ros_setup/./config/zephyr
[2.744s] -- Up-to-date: /root/catkin_ws/install/micro_ros_setup/./config/zephyr/generic
[2.745s] -- Up-to-date: /root/catkin_ws/install/micro_ros_setup/./config/zephyr/generic/create.sh
[2.757s] -- Up-to-date: /root/catkin_ws/install/micro_ros_setup/./config/zephyr/generic/supported_platforms
[2.768s] -- Up-to-date: /root/catkin_ws/install/micro_ros_setup/./config/zephyr/generic/board.repos
[2.779s] -- Up-to-date: /root/catkin_ws/install/micro_ros_setup/./config/zephyr/generic/client_uros_packages.repos
[2.779s] -- Up-to-date: /root/catkin_ws/install/micro_ros_setup/./config/zephyr/generic/client-colcon.meta
[2.789s] -- Up-to-date: /root/catkin_ws/install/micro_ros_setup/./config/zephyr/generic/package.xml
[2.804s] -- Up-to-date: /root/catkin_ws/install/micro_ros_setup/./config/zephyr/generic/configure.sh
[2.813s] -- Up-to-date: /root/catkin_ws/install/micro_ros_setup/./config/zephyr/generic/reset.sh
[2.824s] -- Up-to-date: /root/catkin_ws/install/micro_ros_setup/./config/zephyr/generic/flash.sh
[2.835s] -- Up-to-date: /root/catkin_ws/install/micro_ros_setup/./config/zephyr/generic/build.sh
[2.846s] -- Up-to-date: /root/catkin_ws/install/micro_ros_setup/./config/zephyr/dev_ros2_packages.txt
[2.856s] -- Up-to-date: /root/catkin_ws/install/micro_ros_setup/./config/zephyr/list_apps.sh
[2.864s] -- Up-to-date: /root/catkin_ws/install/micro_ros_setup/./config/zephyr/dev_uros_packages.repos
[2.876s] -- Up-to-date: /root/catkin_ws/install/micro_ros_setup/./config/freertos
[2.876s] -- Up-to-date: /root/catkin_ws/install/micro_ros_setup/./config/freertos/olimex-stm32-e407
[2.877s] -- Up-to-date: /root/catkin_ws/install/micro_ros_setup/./config/freertos/olimex-stm32-e407/create.sh
[2.890s] -- Up-to-date: /root/catkin_ws/install/micro_ros_setup/./config/freertos/olimex-stm32-e407/board.repos
[2.903s] -- Up-to-date: /root/catkin_ws/install/micro_ros_setup/./config/freertos/olimex-stm32-e407/client_uros_packages.repos
[2.903s] -- Up-to-date: /root/catkin_ws/install/micro_ros_setup/./config/freertos/olimex-stm32-e407/client-colcon.meta
[2.915s] -- Up-to-date: /root/catkin_ws/install/micro_ros_setup/./config/freertos/olimex-stm32-e407/package.xml
[2.924s] -- Up-to-date: /root/catkin_ws/install/micro_ros_setup/./config/freertos/olimex-stm32-e407/configure.sh
[2.939s] -- Up-to-date: /root/catkin_ws/install/micro_ros_setup/./config/freertos/olimex-stm32-e407/reset.sh
[2.947s] -- Up-to-date: /root/catkin_ws/install/micro_ros_setup/./config/freertos/olimex-stm32-e407/flash.sh
[2.957s] -- Up-to-date: /root/catkin_ws/install/micro_ros_setup/./config/freertos/olimex-stm32-e407/build.sh
[2.967s] -- Up-to-date: /root/catkin_ws/install/micro_ros_setup/./config/freertos/nucleo_f446re
[2.969s] -- Up-to-date: /root/catkin_ws/install/micro_ros_setup/./config/freertos/nucleo_f446re/create.sh
[2.995s] -- Up-to-date: /root/catkin_ws/install/micro_ros_setup/./config/freertos/nucleo_f446re/board.repos
[3.023s] -- Up-to-date: /root/catkin_ws/install/micro_ros_setup/./config/freertos/nucleo_f446re/client_uros_packages.repos
[3.024s] -- Up-to-date: /root/catkin_ws/install/micro_ros_setup/./config/freertos/nucleo_f446re/client-colcon.meta
[3.046s] -- Up-to-date: /root/catkin_ws/install/micro_ros_setup/./config/freertos/nucleo_f446re/package.xml
[3.064s] -- Up-to-date: /root/catkin_ws/install/micro_ros_setup/./config/freertos/nucleo_f446re/configure.sh
[3.100s] -- Up-to-date: /root/catkin_ws/install/micro_ros_setup/./config/freertos/nucleo_f446re/reset.sh
[3.132s] -- Up-to-date: /root/catkin_ws/install/micro_ros_setup/./config/freertos/nucleo_f446re/flash.sh
[3.171s] -- Up-to-date: /root/catkin_ws/install/micro_ros_setup/./config/freertos/nucleo_f446re/build.sh
[3.187s] -- Up-to-date: /root/catkin_ws/install/micro_ros_setup/./config/freertos/esp32
[3.188s] -- Up-to-date: /root/catkin_ws/install/micro_ros_setup/./config/freertos/esp32/create.sh
[3.200s] -- Up-to-date: /root/catkin_ws/install/micro_ros_setup/./config/freertos/esp32/board.repos
[3.202s] -- Up-to-date: /root/catkin_ws/install/micro_ros_setup/./config/freertos/esp32/client_uros_packages.repos
[3.202s] -- Up-to-date: /root/catkin_ws/install/micro_ros_setup/./config/freertos/esp32/client-colcon.meta
[3.206s] -- Up-to-date: /root/catkin_ws/install/micro_ros_setup/./config/freertos/esp32/package.xml
[3.222s] -- Up-to-date: /root/catkin_ws/install/micro_ros_setup/./config/freertos/esp32/configure.sh
[3.248s] -- Up-to-date: /root/catkin_ws/install/micro_ros_setup/./config/freertos/esp32/flash.sh
[3.259s] -- Up-to-date: /root/catkin_ws/install/micro_ros_setup/./config/freertos/esp32/README.md
[3.267s] -- Up-to-date: /root/catkin_ws/install/micro_ros_setup/./config/freertos/esp32/build.sh
[3.287s] -- Up-to-date: /root/catkin_ws/install/micro_ros_setup/./config/freertos/dev_ros2_packages.txt
[3.308s] -- Up-to-date: /root/catkin_ws/install/micro_ros_setup/./config/freertos/list_apps.sh
[3.317s] -- Up-to-date: /root/catkin_ws/install/micro_ros_setup/./config/freertos/nucleo_f746zg
[3.318s] -- Up-to-date: /root/catkin_ws/install/micro_ros_setup/./config/freertos/nucleo_f746zg/create.sh
[3.339s] -- Up-to-date: /root/catkin_ws/install/micro_ros_setup/./config/freertos/nucleo_f746zg/board.repos
[3.369s] -- Up-to-date: /root/catkin_ws/install/micro_ros_setup/./config/freertos/nucleo_f746zg/client_uros_packages.repos
[3.370s] -- Up-to-date: /root/catkin_ws/install/micro_ros_setup/./config/freertos/nucleo_f746zg/client-colcon.meta
[3.410s] -- Up-to-date: /root/catkin_ws/install/micro_ros_setup/./config/freertos/nucleo_f746zg/package.xml
[3.476s] -- Up-to-date: /root/catkin_ws/install/micro_ros_setup/./config/freertos/nucleo_f746zg/configure.sh
[3.477s] -- Up-to-date: /root/catkin_ws/install/micro_ros_setup/./config/freertos/nucleo_f746zg/reset.sh
[3.507s] -- Up-to-date: /root/catkin_ws/install/micro_ros_setup/./config/freertos/nucleo_f746zg/flash.sh
[3.567s] -- Up-to-date: /root/catkin_ws/install/micro_ros_setup/./config/freertos/nucleo_f746zg/build.sh
[3.628s] -- Up-to-date: /root/catkin_ws/install/micro_ros_setup/./config/freertos/nucleo_f767zi
[3.640s] -- Up-to-date: /root/catkin_ws/install/micro_ros_setup/./config/freertos/nucleo_f767zi/create.sh
[3.672s] -- Up-to-date: /root/catkin_ws/install/micro_ros_setup/./config/freertos/nucleo_f767zi/board.repos
[3.703s] -- Up-to-date: /root/catkin_ws/install/micro_ros_setup/./config/freertos/nucleo_f767zi/client_uros_packages.repos
[3.704s] -- Up-to-date: /root/catkin_ws/install/micro_ros_setup/./config/freertos/nucleo_f767zi/client-colcon.meta
[3.734s] -- Up-to-date: /root/catkin_ws/install/micro_ros_setup/./config/freertos/nucleo_f767zi/package.xml
[3.766s] -- Up-to-date: /root/catkin_ws/install/micro_ros_setup/./config/freertos/nucleo_f767zi/configure.sh
[3.800s] -- Up-to-date: /root/catkin_ws/install/micro_ros_setup/./config/freertos/nucleo_f767zi/reset.sh
[3.817s] -- Up-to-date: /root/catkin_ws/install/micro_ros_setup/./config/freertos/nucleo_f767zi/flash.sh
[3.849s] -- Up-to-date: /root/catkin_ws/install/micro_ros_setup/./config/freertos/nucleo_f767zi/build.sh
[3.885s] -- Up-to-date: /root/catkin_ws/install/micro_ros_setup/./config/freertos/dev_uros_packages.repos
[3.968s] -- Up-to-date: /root/catkin_ws/install/micro_ros_setup/./config/freertos/nucleo_f446ze
[3.975s] -- Up-to-date: /root/catkin_ws/install/micro_ros_setup/./config/freertos/nucleo_f446ze/create.sh
[4.018s] -- Up-to-date: /root/catkin_ws/install/micro_ros_setup/./config/freertos/nucleo_f446ze/board.repos
[4.051s] -- Up-to-date: /root/catkin_ws/install/micro_ros_setup/./config/freertos/nucleo_f446ze/client_uros_packages.repos
[4.051s] -- Up-to-date: /root/catkin_ws/install/micro_ros_setup/./config/freertos/nucleo_f446ze/client-colcon.meta
[4.083s] -- Up-to-date: /root/catkin_ws/install/micro_ros_setup/./config/freertos/nucleo_f446ze/package.xml
[4.109s] -- Up-to-date: /root/catkin_ws/install/micro_ros_setup/./config/freertos/nucleo_f446ze/configure.sh
[4.134s] -- Up-to-date: /root/catkin_ws/install/micro_ros_setup/./config/freertos/nucleo_f446ze/reset.sh
[4.158s] -- Up-to-date: /root/catkin_ws/install/micro_ros_setup/./config/freertos/nucleo_f446ze/flash.sh
[4.185s] -- Up-to-date: /root/catkin_ws/install/micro_ros_setup/./config/freertos/nucleo_f446ze/build.sh
[4.201s] -- Up-to-date: /root/catkin_ws/install/micro_ros_setup/./config/freertos/crazyflie21
[4.201s] -- Up-to-date: /root/catkin_ws/install/micro_ros_setup/./config/freertos/crazyflie21/create.sh
[4.234s] -- Up-to-date: /root/catkin_ws/install/micro_ros_setup/./config/freertos/crazyflie21/board.repos
[4.270s] -- Up-to-date: /root/catkin_ws/install/micro_ros_setup/./config/freertos/crazyflie21/client_uros_packages.repos
[4.271s] -- Up-to-date: /root/catkin_ws/install/micro_ros_setup/./config/freertos/crazyflie21/client-colcon.meta
[4.295s] -- Up-to-date: /root/catkin_ws/install/micro_ros_setup/./config/freertos/crazyflie21/package.xml
[4.309s] -- Up-to-date: /root/catkin_ws/install/micro_ros_setup/./config/freertos/crazyflie21/configure.sh
[4.328s] -- Up-to-date: /root/catkin_ws/install/micro_ros_setup/./config/freertos/crazyflie21/flash.sh
[4.345s] -- Up-to-date: /root/catkin_ws/install/micro_ros_setup/./config/freertos/crazyflie21/build.sh
[4.362s] -- Up-to-date: /root/catkin_ws/install/micro_ros_setup/./config/nuttx
[4.373s] -- Up-to-date: /root/catkin_ws/install/micro_ros_setup/./config/nuttx/generic
[4.373s] -- Up-to-date: /root/catkin_ws/install/micro_ros_setup/./config/nuttx/generic/create.sh
[4.379s] -- Up-to-date: /root/catkin_ws/install/micro_ros_setup/./config/nuttx/generic/supported_platforms
[4.395s] -- Up-to-date: /root/catkin_ws/install/micro_ros_setup/./config/nuttx/generic/client_uros_packages.repos
[4.433s] -- Up-to-date: /root/catkin_ws/install/micro_ros_setup/./config/nuttx/generic/client-colcon.meta
[4.450s] -- Up-to-date: /root/catkin_ws/install/micro_ros_setup/./config/nuttx/generic/package.xml
[4.477s] -- Up-to-date: /root/catkin_ws/install/micro_ros_setup/./config/nuttx/generic/configure.sh
[4.507s] -- Up-to-date: /root/catkin_ws/install/micro_ros_setup/./config/nuttx/generic/reset.sh
[4.519s] -- Up-to-date: /root/catkin_ws/install/micro_ros_setup/./config/nuttx/generic/flash.sh
[4.538s] -- Up-to-date: /root/catkin_ws/install/micro_ros_setup/./config/nuttx/generic/uros_packages.repos
[4.543s] -- Up-to-date: /root/catkin_ws/install/micro_ros_setup/./config/nuttx/generic/build.sh
[4.554s] -- Up-to-date: /root/catkin_ws/install/micro_ros_setup/./config/nuttx/dev_ros2_packages.txt
[4.564s] -- Up-to-date: /root/catkin_ws/install/micro_ros_setup/./config/nuttx/dev_uros_packages.repos
[4.579s] -- Up-to-date: /root/catkin_ws/install/micro_ros_setup/./config/client_ros2_packages.txt
[4.586s] -- Up-to-date: /root/catkin_ws/install/micro_ros_setup/./config/renesas_ra
[4.593s] -- Up-to-date: /root/catkin_ws/install/micro_ros_setup/./config/renesas_ra/dev_ros2_packages.txt
[4.601s] -- Up-to-date: /root/catkin_ws/install/micro_ros_setup/./config/renesas_ra/list_apps.sh
[4.625s] -- Up-to-date: /root/catkin_ws/install/micro_ros_setup/./config/renesas_ra/dev_uros_packages.repos
[4.633s] -- Up-to-date: /root/catkin_ws/install/micro_ros_setup/./config/renesas_ra/ra6m5
[4.635s] -- Up-to-date: /root/catkin_ws/install/micro_ros_setup/./config/renesas_ra/ra6m5/create.sh
[4.646s] -- Up-to-date: /root/catkin_ws/install/micro_ros_setup/./config/renesas_ra/ra6m5/board.repos
[4.668s] -- Up-to-date: /root/catkin_ws/install/micro_ros_setup/./config/renesas_ra/ra6m5/client_uros_packages.repos
[4.678s] -- Up-to-date: /root/catkin_ws/install/micro_ros_setup/./config/renesas_ra/ra6m5/client-colcon.meta
[4.678s] -- Up-to-date: /root/catkin_ws/install/micro_ros_setup/./config/renesas_ra/ra6m5/configure.sh
[4.692s] -- Up-to-date: /root/catkin_ws/install/micro_ros_setup/./config/renesas_ra/ra6m5/flash.sh
[4.701s] -- Up-to-date: /root/catkin_ws/install/micro_ros_setup/./config/renesas_ra/ra6m5/build.sh
[4.717s] -- Up-to-date: /root/catkin_ws/install/micro_ros_setup/./config/utils.sh
[4.729s] -- Up-to-date: /root/catkin_ws/install/micro_ros_setup/./config/agent_uros_packages.repos
[5.150s] Invoked command in '/root/catkin_ws/build/micro_ros_setup' returned '0': CMAKE_PREFIX_PATH=${CMAKE_PREFIX_PATH}:/root/catkin_ws/install/topic_service_action_rclpy_example:/root/catkin_ws/install/time_rclpy_example:/root/catkin_ws/install/tf2_rclpy_example:/root/catkin_ws/install/ros2env:/root/catkin_ws/install/omo_r1mini_teleop:/root/catkin_ws/install/omo_r1mini_bringup:/root/catkin_ws/install/my_first_ros_rclpy_pkg:/root/catkin_ws/install/logging_rclpy_example:/root/catkin_ws/install/iahrs_driver:/root/install/topic_service_action_rclpy_example:/root/install/time_rclpy_example:/root/install/tf2_rclpy_example:/root/install/ros2env:/root/install/omo_r1mini_teleop:/root/install/omo_r1mini_bringup:/root/install/my_first_ros_rclpy_pkg:/root/install/logging_rclpy_example:/opt/ros/foxy /usr/bin/cmake --install /root/catkin_ws/build/micro_ros_setup
