-- Found ament_cmake: 0.9.11 (/opt/ros/foxy/share/ament_cmake/cmake)
-- Found PythonInterp: /usr/bin/python3 (found suitable version "3.8.10", minimum required is "3") 
-- Using PYTHON_EXECUTABLE: /usr/bin/python3
-- Override CMake install command with custom implementation using symlinks instead of copying resources
-- Found builtin_interfaces: 1.0.0 (/root/catkin_ws/install/builtin_interfaces/share/builtin_interfaces/cmake)
-- Using all available rosidl_typesupport_c: rosidl_typesupport_microxrcedds_c;rosidl_typesupport_fastrtps_c;rosidl_typesupport_introspection_c
-- Found rosidl_adapter: 1.3.0 (/opt/ros/foxy/share/rosidl_adapter/cmake)
-- Using all available rosidl_typesupport_cpp: rosidl_typesupport_microxrcedds_cpp;rosidl_typesupport_fastrtps_cpp;rosidl_typesupport_introspection_cpp
-- Found rosidl_default_generators: 1.0.1 (/opt/ros/foxy/share/rosidl_default_generators/cmake)
-- Found PythonInterp: /usr/bin/python3 (found version "3.8.10") 
-- Found ament_cmake_ros: 0.9.2 (/opt/ros/foxy/share/ament_cmake_ros/cmake)
-- Using all available rosidl_typesupport_c: rosidl_typesupport_microxrcedds_c;rosidl_typesupport_fastrtps_c;rosidl_typesupport_introspection_c
-- Using all available rosidl_typesupport_cpp: rosidl_typesupport_microxrcedds_cpp;rosidl_typesupport_fastrtps_cpp;rosidl_typesupport_introspection_cpp
-- Found PythonInterp: /usr/bin/python3 (found suitable version "3.8.10", minimum required is "3.5") 
-- Found python_cmake_module: 0.8.1 (/opt/ros/foxy/share/python_cmake_module/cmake)
-- Using PYTHON_EXECUTABLE: /usr/bin/python3
-- Using PYTHON_INCLUDE_DIRS: /usr/include/python3.8
-- Using PYTHON_LIBRARIES: /usr/lib/x86_64-linux-gnu/libpython3.8.so
-- Configuring done
-- Generating done
-- Build files have been written to: /root/catkin_ws/build/std_msgs
[  0%] Built target std_msgs__cpp
[  9%] Built target std_msgs__rosidl_generator_c
[ 18%] Built target std_msgs__rosidl_typesupport_cpp
[ 18%] [32m[1mLinking CXX shared library libstd_msgs__rosidl_typesupport_fastrtps_cpp.so[0m
[ 28%] Built target std_msgs__rosidl_typesupport_introspection_c
[ 37%] Built target std_msgs__rosidl_typesupport_introspection_cpp
[ 38%] [32m[1mLinking CXX shared library libstd_msgs__rosidl_typesupport_microxrcedds_cpp.so[0m
[ 48%] Built target std_msgs__rosidl_typesupport_c
[ 48%] [32m[1mLinking C shared library libstd_msgs__rosidl_typesupport_microxrcedds_c.so[0m
[ 58%] Built target std_msgs__rosidl_typesupport_microxrcedds_c
[ 67%] Built target std_msgs__rosidl_typesupport_fastrtps_cpp
[ 76%] Built target std_msgs__rosidl_typesupport_microxrcedds_cpp
[ 76%] [32m[1mLinking CXX shared library libstd_msgs__rosidl_typesupport_fastrtps_c.so[0m
[ 86%] Built target std_msgs__rosidl_typesupport_fastrtps_c
[ 86%] Built target std_msgs
[ 86%] Built target std_msgs__py
[ 87%] [32m[1mLinking C shared library rosidl_generator_py/std_msgs/libstd_msgs__python.so[0m
[ 96%] Built target std_msgs__python
[ 97%] [32m[1mLinking CXX shared library rosidl_generator_py/std_msgs/std_msgs_s__rosidl_typesupport_fastrtps_c.cpython-38-x86_64-linux-gnu.so[0m
[ 98%] [32m[1mLinking C shared library rosidl_generator_py/std_msgs/std_msgs_s__rosidl_typesupport_c.cpython-38-x86_64-linux-gnu.so[0m
[ 99%] [32m[1mLinking C shared library rosidl_generator_py/std_msgs/std_msgs_s__rosidl_typesupport_introspection_c.cpython-38-x86_64-linux-gnu.so[0m
[100%] [32m[1mLinking C shared library rosidl_generator_py/std_msgs/std_msgs_s__rosidl_typesupport_microxrcedds_c.cpython-38-x86_64-linux-gnu.so[0m
[100%] Built target std_msgs__rosidl_typesupport_c__pyext
[100%] Built target std_msgs__rosidl_typesupport_introspection_c__pyext
[100%] Built target std_msgs__rosidl_typesupport_microxrcedds_c__pyext
[100%] Built target std_msgs__rosidl_typesupport_fastrtps_c__pyext
-- Install configuration: ""
-- Execute custom install script
-- Symlinking: /root/catkin_ws/install/std_msgs/share/ament_index/resource_index/rosidl_interfaces/std_msgs
-- Symlinking: /root/catkin_ws/install/std_msgs/include/std_msgs/msg/bool.h
-- Symlinking: /root/catkin_ws/install/std_msgs/include/std_msgs/msg/byte.h
-- Symlinking: /root/catkin_ws/install/std_msgs/include/std_msgs/msg/byte_multi_array.h
-- Symlinking: /root/catkin_ws/install/std_msgs/include/std_msgs/msg/char.h
-- Symlinking: /root/catkin_ws/install/std_msgs/include/std_msgs/msg/color_rgba.h
-- Symlinking: /root/catkin_ws/install/std_msgs/include/std_msgs/msg/detail/bool__functions.h
-- Symlinking: /root/catkin_ws/install/std_msgs/include/std_msgs/msg/detail/bool__struct.h
-- Symlinking: /root/catkin_ws/install/std_msgs/include/std_msgs/msg/detail/bool__type_support.h
-- Symlinking: /root/catkin_ws/install/std_msgs/include/std_msgs/msg/detail/byte__functions.h
-- Symlinking: /root/catkin_ws/install/std_msgs/include/std_msgs/msg/detail/byte__struct.h
-- Symlinking: /root/catkin_ws/install/std_msgs/include/std_msgs/msg/detail/byte__type_support.h
-- Symlinking: /root/catkin_ws/install/std_msgs/include/std_msgs/msg/detail/byte_multi_array__functions.h
-- Symlinking: /root/catkin_ws/install/std_msgs/include/std_msgs/msg/detail/byte_multi_array__struct.h
-- Symlinking: /root/catkin_ws/install/std_msgs/include/std_msgs/msg/detail/byte_multi_array__type_support.h
-- Symlinking: /root/catkin_ws/install/std_msgs/include/std_msgs/msg/detail/char__functions.h
-- Symlinking: /root/catkin_ws/install/std_msgs/include/std_msgs/msg/detail/char__struct.h
-- Symlinking: /root/catkin_ws/install/std_msgs/include/std_msgs/msg/detail/char__type_support.h
-- Symlinking: /root/catkin_ws/install/std_msgs/include/std_msgs/msg/detail/color_rgba__functions.h
-- Symlinking: /root/catkin_ws/install/std_msgs/include/std_msgs/msg/detail/color_rgba__struct.h
-- Symlinking: /root/catkin_ws/install/std_msgs/include/std_msgs/msg/detail/color_rgba__type_support.h
-- Symlinking: /root/catkin_ws/install/std_msgs/include/std_msgs/msg/detail/empty__functions.h
-- Symlinking: /root/catkin_ws/install/std_msgs/include/std_msgs/msg/detail/empty__struct.h
-- Symlinking: /root/catkin_ws/install/std_msgs/include/std_msgs/msg/detail/empty__type_support.h
-- Symlinking: /root/catkin_ws/install/std_msgs/include/std_msgs/msg/detail/float32__functions.h
-- Symlinking: /root/catkin_ws/install/std_msgs/include/std_msgs/msg/detail/float32__struct.h
-- Symlinking: /root/catkin_ws/install/std_msgs/include/std_msgs/msg/detail/float32__type_support.h
-- Symlinking: /root/catkin_ws/install/std_msgs/include/std_msgs/msg/detail/float32_multi_array__functions.h
-- Symlinking: /root/catkin_ws/install/std_msgs/include/std_msgs/msg/detail/float32_multi_array__struct.h
-- Symlinking: /root/catkin_ws/install/std_msgs/include/std_msgs/msg/detail/float32_multi_array__type_support.h
-- Symlinking: /root/catkin_ws/install/std_msgs/include/std_msgs/msg/detail/float64__functions.h
-- Symlinking: /root/catkin_ws/install/std_msgs/include/std_msgs/msg/detail/float64__struct.h
-- Symlinking: /root/catkin_ws/install/std_msgs/include/std_msgs/msg/detail/float64__type_support.h
-- Symlinking: /root/catkin_ws/install/std_msgs/include/std_msgs/msg/detail/float64_multi_array__functions.h
-- Symlinking: /root/catkin_ws/install/std_msgs/include/std_msgs/msg/detail/float64_multi_array__struct.h
-- Symlinking: /root/catkin_ws/install/std_msgs/include/std_msgs/msg/detail/float64_multi_array__type_support.h
-- Symlinking: /root/catkin_ws/install/std_msgs/include/std_msgs/msg/detail/header__functions.h
-- Symlinking: /root/catkin_ws/install/std_msgs/include/std_msgs/msg/detail/header__struct.h
-- Symlinking: /root/catkin_ws/install/std_msgs/include/std_msgs/msg/detail/header__type_support.h
-- Symlinking: /root/catkin_ws/install/std_msgs/include/std_msgs/msg/detail/int16__functions.h
-- Symlinking: /root/catkin_ws/install/std_msgs/include/std_msgs/msg/detail/int16__struct.h
-- Symlinking: /root/catkin_ws/install/std_msgs/include/std_msgs/msg/detail/int16__type_support.h
-- Symlinking: /root/catkin_ws/install/std_msgs/include/std_msgs/msg/detail/int16_multi_array__functions.h
-- Symlinking: /root/catkin_ws/install/std_msgs/include/std_msgs/msg/detail/int16_multi_array__struct.h
-- Symlinking: /root/catkin_ws/install/std_msgs/include/std_msgs/msg/detail/int16_multi_array__type_support.h
-- Symlinking: /root/catkin_ws/install/std_msgs/include/std_msgs/msg/detail/int32__functions.h
-- Symlinking: /root/catkin_ws/install/std_msgs/include/std_msgs/msg/detail/int32__struct.h
-- Symlinking: /root/catkin_ws/install/std_msgs/include/std_msgs/msg/detail/int32__type_support.h
-- Symlinking: /root/catkin_ws/install/std_msgs/include/std_msgs/msg/detail/int32_multi_array__functions.h
-- Symlinking: /root/catkin_ws/install/std_msgs/include/std_msgs/msg/detail/int32_multi_array__struct.h
-- Symlinking: /root/catkin_ws/install/std_msgs/include/std_msgs/msg/detail/int32_multi_array__type_support.h
-- Symlinking: /root/catkin_ws/install/std_msgs/include/std_msgs/msg/detail/int64__functions.h
-- Symlinking: /root/catkin_ws/install/std_msgs/include/std_msgs/msg/detail/int64__struct.h
-- Symlinking: /root/catkin_ws/install/std_msgs/include/std_msgs/msg/detail/int64__type_support.h
-- Symlinking: /root/catkin_ws/install/std_msgs/include/std_msgs/msg/detail/int64_multi_array__functions.h
-- Symlinking: /root/catkin_ws/install/std_msgs/include/std_msgs/msg/detail/int64_multi_array__struct.h
-- Symlinking: /root/catkin_ws/install/std_msgs/include/std_msgs/msg/detail/int64_multi_array__type_support.h
-- Symlinking: /root/catkin_ws/install/std_msgs/include/std_msgs/msg/detail/int8__functions.h
-- Symlinking: /root/catkin_ws/install/std_msgs/include/std_msgs/msg/detail/int8__struct.h
-- Symlinking: /root/catkin_ws/install/std_msgs/include/std_msgs/msg/detail/int8__type_support.h
-- Symlinking: /root/catkin_ws/install/std_msgs/include/std_msgs/msg/detail/int8_multi_array__functions.h
-- Symlinking: /root/catkin_ws/install/std_msgs/include/std_msgs/msg/detail/int8_multi_array__struct.h
-- Symlinking: /root/catkin_ws/install/std_msgs/include/std_msgs/msg/detail/int8_multi_array__type_support.h
-- Symlinking: /root/catkin_ws/install/std_msgs/include/std_msgs/msg/detail/multi_array_dimension__functions.h
-- Symlinking: /root/catkin_ws/install/std_msgs/include/std_msgs/msg/detail/multi_array_dimension__struct.h
-- Symlinking: /root/catkin_ws/install/std_msgs/include/std_msgs/msg/detail/multi_array_dimension__type_support.h
-- Symlinking: /root/catkin_ws/install/std_msgs/include/std_msgs/msg/detail/multi_array_layout__functions.h
-- Symlinking: /root/catkin_ws/install/std_msgs/include/std_msgs/msg/detail/multi_array_layout__struct.h
-- Symlinking: /root/catkin_ws/install/std_msgs/include/std_msgs/msg/detail/multi_array_layout__type_support.h
-- Symlinking: /root/catkin_ws/install/std_msgs/include/std_msgs/msg/detail/string__functions.h
-- Symlinking: /root/catkin_ws/install/std_msgs/include/std_msgs/msg/detail/string__struct.h
-- Symlinking: /root/catkin_ws/install/std_msgs/include/std_msgs/msg/detail/string__type_support.h
-- Symlinking: /root/catkin_ws/install/std_msgs/include/std_msgs/msg/detail/u_int16__functions.h
-- Symlinking: /root/catkin_ws/install/std_msgs/include/std_msgs/msg/detail/u_int16__struct.h
-- Symlinking: /root/catkin_ws/install/std_msgs/include/std_msgs/msg/detail/u_int16__type_support.h
-- Symlinking: /root/catkin_ws/install/std_msgs/include/std_msgs/msg/detail/u_int16_multi_array__functions.h
-- Symlinking: /root/catkin_ws/install/std_msgs/include/std_msgs/msg/detail/u_int16_multi_array__struct.h
-- Symlinking: /root/catkin_ws/install/std_msgs/include/std_msgs/msg/detail/u_int16_multi_array__type_support.h
-- Symlinking: /root/catkin_ws/install/std_msgs/include/std_msgs/msg/detail/u_int32__functions.h
-- Symlinking: /root/catkin_ws/install/std_msgs/include/std_msgs/msg/detail/u_int32__struct.h
-- Symlinking: /root/catkin_ws/install/std_msgs/include/std_msgs/msg/detail/u_int32__type_support.h
-- Symlinking: /root/catkin_ws/install/std_msgs/include/std_msgs/msg/detail/u_int32_multi_array__functions.h
-- Symlinking: /root/catkin_ws/install/std_msgs/include/std_msgs/msg/detail/u_int32_multi_array__struct.h
-- Symlinking: /root/catkin_ws/install/std_msgs/include/std_msgs/msg/detail/u_int32_multi_array__type_support.h
-- Symlinking: /root/catkin_ws/install/std_msgs/include/std_msgs/msg/detail/u_int64__functions.h
-- Symlinking: /root/catkin_ws/install/std_msgs/include/std_msgs/msg/detail/u_int64__struct.h
-- Symlinking: /root/catkin_ws/install/std_msgs/include/std_msgs/msg/detail/u_int64__type_support.h
-- Symlinking: /root/catkin_ws/install/std_msgs/include/std_msgs/msg/detail/u_int64_multi_array__functions.h
-- Symlinking: /root/catkin_ws/install/std_msgs/include/std_msgs/msg/detail/u_int64_multi_array__struct.h
-- Symlinking: /root/catkin_ws/install/std_msgs/include/std_msgs/msg/detail/u_int64_multi_array__type_support.h
-- Symlinking: /root/catkin_ws/install/std_msgs/include/std_msgs/msg/detail/u_int8__functions.h
-- Symlinking: /root/catkin_ws/install/std_msgs/include/std_msgs/msg/detail/u_int8__struct.h
-- Symlinking: /root/catkin_ws/install/std_msgs/include/std_msgs/msg/detail/u_int8__type_support.h
-- Symlinking: /root/catkin_ws/install/std_msgs/include/std_msgs/msg/detail/u_int8_multi_array__functions.h
-- Symlinking: /root/catkin_ws/install/std_msgs/include/std_msgs/msg/detail/u_int8_multi_array__struct.h
-- Symlinking: /root/catkin_ws/install/std_msgs/include/std_msgs/msg/detail/u_int8_multi_array__type_support.h
-- Symlinking: /root/catkin_ws/install/std_msgs/include/std_msgs/msg/empty.h
-- Symlinking: /root/catkin_ws/install/std_msgs/include/std_msgs/msg/float32.h
-- Symlinking: /root/catkin_ws/install/std_msgs/include/std_msgs/msg/float32_multi_array.h
-- Symlinking: /root/catkin_ws/install/std_msgs/include/std_msgs/msg/float64.h
-- Symlinking: /root/catkin_ws/install/std_msgs/include/std_msgs/msg/float64_multi_array.h
-- Symlinking: /root/catkin_ws/install/std_msgs/include/std_msgs/msg/header.h
-- Symlinking: /root/catkin_ws/install/std_msgs/include/std_msgs/msg/int16.h
-- Symlinking: /root/catkin_ws/install/std_msgs/include/std_msgs/msg/int16_multi_array.h
-- Symlinking: /root/catkin_ws/install/std_msgs/include/std_msgs/msg/int32.h
-- Symlinking: /root/catkin_ws/install/std_msgs/include/std_msgs/msg/int32_multi_array.h
-- Symlinking: /root/catkin_ws/install/std_msgs/include/std_msgs/msg/int64.h
-- Symlinking: /root/catkin_ws/install/std_msgs/include/std_msgs/msg/int64_multi_array.h
-- Symlinking: /root/catkin_ws/install/std_msgs/include/std_msgs/msg/int8.h
-- Symlinking: /root/catkin_ws/install/std_msgs/include/std_msgs/msg/int8_multi_array.h
-- Symlinking: /root/catkin_ws/install/std_msgs/include/std_msgs/msg/multi_array_dimension.h
-- Symlinking: /root/catkin_ws/install/std_msgs/include/std_msgs/msg/multi_array_layout.h
-- Symlinking: /root/catkin_ws/install/std_msgs/include/std_msgs/msg/rosidl_generator_c__visibility_control.h
-- Symlinking: /root/catkin_ws/install/std_msgs/include/std_msgs/msg/string.h
-- Symlinking: /root/catkin_ws/install/std_msgs/include/std_msgs/msg/u_int16.h
-- Symlinking: /root/catkin_ws/install/std_msgs/include/std_msgs/msg/u_int16_multi_array.h
-- Symlinking: /root/catkin_ws/install/std_msgs/include/std_msgs/msg/u_int32.h
-- Symlinking: /root/catkin_ws/install/std_msgs/include/std_msgs/msg/u_int32_multi_array.h
-- Symlinking: /root/catkin_ws/install/std_msgs/include/std_msgs/msg/u_int64.h
-- Symlinking: /root/catkin_ws/install/std_msgs/include/std_msgs/msg/u_int64_multi_array.h
-- Symlinking: /root/catkin_ws/install/std_msgs/include/std_msgs/msg/u_int8.h
-- Symlinking: /root/catkin_ws/install/std_msgs/include/std_msgs/msg/u_int8_multi_array.h
-- Symlinking: /root/catkin_ws/install/std_msgs/share/std_msgs/environment/library_path.sh
-- Symlinking: /root/catkin_ws/install/std_msgs/share/std_msgs/environment/library_path.dsv
-- Symlinking: /root/catkin_ws/install/std_msgs/include/std_msgs/msg/detail/bool__rosidl_typesupport_microxrcedds_c.h
-- Symlinking: /root/catkin_ws/install/std_msgs/include/std_msgs/msg/detail/byte__rosidl_typesupport_microxrcedds_c.h
-- Symlinking: /root/catkin_ws/install/std_msgs/include/std_msgs/msg/detail/byte_multi_array__rosidl_typesupport_microxrcedds_c.h
-- Symlinking: /root/catkin_ws/install/std_msgs/include/std_msgs/msg/detail/char__rosidl_typesupport_microxrcedds_c.h
-- Symlinking: /root/catkin_ws/install/std_msgs/include/std_msgs/msg/detail/color_rgba__rosidl_typesupport_microxrcedds_c.h
-- Symlinking: /root/catkin_ws/install/std_msgs/include/std_msgs/msg/detail/empty__rosidl_typesupport_microxrcedds_c.h
-- Symlinking: /root/catkin_ws/install/std_msgs/include/std_msgs/msg/detail/float32__rosidl_typesupport_microxrcedds_c.h
-- Symlinking: /root/catkin_ws/install/std_msgs/include/std_msgs/msg/detail/float32_multi_array__rosidl_typesupport_microxrcedds_c.h
-- Symlinking: /root/catkin_ws/install/std_msgs/include/std_msgs/msg/detail/float64__rosidl_typesupport_microxrcedds_c.h
-- Symlinking: /root/catkin_ws/install/std_msgs/include/std_msgs/msg/detail/float64_multi_array__rosidl_typesupport_microxrcedds_c.h
-- Symlinking: /root/catkin_ws/install/std_msgs/include/std_msgs/msg/detail/header__rosidl_typesupport_microxrcedds_c.h
-- Symlinking: /root/catkin_ws/install/std_msgs/include/std_msgs/msg/detail/int16__rosidl_typesupport_microxrcedds_c.h
-- Symlinking: /root/catkin_ws/install/std_msgs/include/std_msgs/msg/detail/int16_multi_array__rosidl_typesupport_microxrcedds_c.h
-- Symlinking: /root/catkin_ws/install/std_msgs/include/std_msgs/msg/detail/int32__rosidl_typesupport_microxrcedds_c.h
-- Symlinking: /root/catkin_ws/install/std_msgs/include/std_msgs/msg/detail/int32_multi_array__rosidl_typesupport_microxrcedds_c.h
-- Symlinking: /root/catkin_ws/install/std_msgs/include/std_msgs/msg/detail/int64__rosidl_typesupport_microxrcedds_c.h
-- Symlinking: /root/catkin_ws/install/std_msgs/include/std_msgs/msg/detail/int64_multi_array__rosidl_typesupport_microxrcedds_c.h
-- Symlinking: /root/catkin_ws/install/std_msgs/include/std_msgs/msg/detail/int8__rosidl_typesupport_microxrcedds_c.h
-- Symlinking: /root/catkin_ws/install/std_msgs/include/std_msgs/msg/detail/int8_multi_array__rosidl_typesupport_microxrcedds_c.h
-- Symlinking: /root/catkin_ws/install/std_msgs/include/std_msgs/msg/detail/multi_array_dimension__rosidl_typesupport_microxrcedds_c.h
-- Symlinking: /root/catkin_ws/install/std_msgs/include/std_msgs/msg/detail/multi_array_layout__rosidl_typesupport_microxrcedds_c.h
-- Symlinking: /root/catkin_ws/install/std_msgs/include/std_msgs/msg/detail/string__rosidl_typesupport_microxrcedds_c.h
-- Symlinking: /root/catkin_ws/install/std_msgs/include/std_msgs/msg/detail/u_int16__rosidl_typesupport_microxrcedds_c.h
-- Symlinking: /root/catkin_ws/install/std_msgs/include/std_msgs/msg/detail/u_int16_multi_array__rosidl_typesupport_microxrcedds_c.h
-- Symlinking: /root/catkin_ws/install/std_msgs/include/std_msgs/msg/detail/u_int32__rosidl_typesupport_microxrcedds_c.h
-- Symlinking: /root/catkin_ws/install/std_msgs/include/std_msgs/msg/detail/u_int32_multi_array__rosidl_typesupport_microxrcedds_c.h
-- Symlinking: /root/catkin_ws/install/std_msgs/include/std_msgs/msg/detail/u_int64__rosidl_typesupport_microxrcedds_c.h
-- Symlinking: /root/catkin_ws/install/std_msgs/include/std_msgs/msg/detail/u_int64_multi_array__rosidl_typesupport_microxrcedds_c.h
-- Symlinking: /root/catkin_ws/install/std_msgs/include/std_msgs/msg/detail/u_int8__rosidl_typesupport_microxrcedds_c.h
-- Symlinking: /root/catkin_ws/install/std_msgs/include/std_msgs/msg/detail/u_int8_multi_array__rosidl_typesupport_microxrcedds_c.h
-- Symlinking: /root/catkin_ws/install/std_msgs/include/std_msgs/msg/rosidl_typesupport_microxrcedds_c__visibility_control.h
-- Symlinking: /root/catkin_ws/install/std_msgs/lib/libstd_msgs__rosidl_typesupport_microxrcedds_c.so
-- Symlinking: /root/catkin_ws/install/std_msgs/include/std_msgs/msg/detail/bool__rosidl_typesupport_fastrtps_c.h
-- Symlinking: /root/catkin_ws/install/std_msgs/include/std_msgs/msg/detail/byte__rosidl_typesupport_fastrtps_c.h
-- Symlinking: /root/catkin_ws/install/std_msgs/include/std_msgs/msg/detail/byte_multi_array__rosidl_typesupport_fastrtps_c.h
-- Symlinking: /root/catkin_ws/install/std_msgs/include/std_msgs/msg/detail/char__rosidl_typesupport_fastrtps_c.h
-- Symlinking: /root/catkin_ws/install/std_msgs/include/std_msgs/msg/detail/color_rgba__rosidl_typesupport_fastrtps_c.h
-- Symlinking: /root/catkin_ws/install/std_msgs/include/std_msgs/msg/detail/empty__rosidl_typesupport_fastrtps_c.h
-- Symlinking: /root/catkin_ws/install/std_msgs/include/std_msgs/msg/detail/float32__rosidl_typesupport_fastrtps_c.h
-- Symlinking: /root/catkin_ws/install/std_msgs/include/std_msgs/msg/detail/float32_multi_array__rosidl_typesupport_fastrtps_c.h
-- Symlinking: /root/catkin_ws/install/std_msgs/include/std_msgs/msg/detail/float64__rosidl_typesupport_fastrtps_c.h
-- Symlinking: /root/catkin_ws/install/std_msgs/include/std_msgs/msg/detail/float64_multi_array__rosidl_typesupport_fastrtps_c.h
-- Symlinking: /root/catkin_ws/install/std_msgs/include/std_msgs/msg/detail/header__rosidl_typesupport_fastrtps_c.h
-- Symlinking: /root/catkin_ws/install/std_msgs/include/std_msgs/msg/detail/int16__rosidl_typesupport_fastrtps_c.h
-- Symlinking: /root/catkin_ws/install/std_msgs/include/std_msgs/msg/detail/int16_multi_array__rosidl_typesupport_fastrtps_c.h
-- Symlinking: /root/catkin_ws/install/std_msgs/include/std_msgs/msg/detail/int32__rosidl_typesupport_fastrtps_c.h
-- Symlinking: /root/catkin_ws/install/std_msgs/include/std_msgs/msg/detail/int32_multi_array__rosidl_typesupport_fastrtps_c.h
-- Symlinking: /root/catkin_ws/install/std_msgs/include/std_msgs/msg/detail/int64__rosidl_typesupport_fastrtps_c.h
-- Symlinking: /root/catkin_ws/install/std_msgs/include/std_msgs/msg/detail/int64_multi_array__rosidl_typesupport_fastrtps_c.h
-- Symlinking: /root/catkin_ws/install/std_msgs/include/std_msgs/msg/detail/int8__rosidl_typesupport_fastrtps_c.h
-- Symlinking: /root/catkin_ws/install/std_msgs/include/std_msgs/msg/detail/int8_multi_array__rosidl_typesupport_fastrtps_c.h
-- Symlinking: /root/catkin_ws/install/std_msgs/include/std_msgs/msg/detail/multi_array_dimension__rosidl_typesupport_fastrtps_c.h
-- Symlinking: /root/catkin_ws/install/std_msgs/include/std_msgs/msg/detail/multi_array_layout__rosidl_typesupport_fastrtps_c.h
-- Symlinking: /root/catkin_ws/install/std_msgs/include/std_msgs/msg/detail/string__rosidl_typesupport_fastrtps_c.h
-- Symlinking: /root/catkin_ws/install/std_msgs/include/std_msgs/msg/detail/u_int16__rosidl_typesupport_fastrtps_c.h
-- Symlinking: /root/catkin_ws/install/std_msgs/include/std_msgs/msg/detail/u_int16_multi_array__rosidl_typesupport_fastrtps_c.h
-- Symlinking: /root/catkin_ws/install/std_msgs/include/std_msgs/msg/detail/u_int32__rosidl_typesupport_fastrtps_c.h
-- Symlinking: /root/catkin_ws/install/std_msgs/include/std_msgs/msg/detail/u_int32_multi_array__rosidl_typesupport_fastrtps_c.h
-- Symlinking: /root/catkin_ws/install/std_msgs/include/std_msgs/msg/detail/u_int64__rosidl_typesupport_fastrtps_c.h
-- Symlinking: /root/catkin_ws/install/std_msgs/include/std_msgs/msg/detail/u_int64_multi_array__rosidl_typesupport_fastrtps_c.h
-- Symlinking: /root/catkin_ws/install/std_msgs/include/std_msgs/msg/detail/u_int8__rosidl_typesupport_fastrtps_c.h
-- Symlinking: /root/catkin_ws/install/std_msgs/include/std_msgs/msg/detail/u_int8_multi_array__rosidl_typesupport_fastrtps_c.h
-- Symlinking: /root/catkin_ws/install/std_msgs/include/std_msgs/msg/rosidl_typesupport_fastrtps_c__visibility_control.h
-- Symlinking: /root/catkin_ws/install/std_msgs/lib/libstd_msgs__rosidl_typesupport_fastrtps_c.so
-- Symlinking: /root/catkin_ws/install/std_msgs/include/std_msgs/msg/detail/bool__rosidl_typesupport_fastrtps_cpp.hpp
-- Symlinking: /root/catkin_ws/install/std_msgs/include/std_msgs/msg/detail/byte__rosidl_typesupport_fastrtps_cpp.hpp
-- Symlinking: /root/catkin_ws/install/std_msgs/include/std_msgs/msg/detail/byte_multi_array__rosidl_typesupport_fastrtps_cpp.hpp
-- Symlinking: /root/catkin_ws/install/std_msgs/include/std_msgs/msg/detail/char__rosidl_typesupport_fastrtps_cpp.hpp
-- Symlinking: /root/catkin_ws/install/std_msgs/include/std_msgs/msg/detail/color_rgba__rosidl_typesupport_fastrtps_cpp.hpp
-- Symlinking: /root/catkin_ws/install/std_msgs/include/std_msgs/msg/detail/empty__rosidl_typesupport_fastrtps_cpp.hpp
-- Symlinking: /root/catkin_ws/install/std_msgs/include/std_msgs/msg/detail/float32__rosidl_typesupport_fastrtps_cpp.hpp
-- Symlinking: /root/catkin_ws/install/std_msgs/include/std_msgs/msg/detail/float32_multi_array__rosidl_typesupport_fastrtps_cpp.hpp
-- Symlinking: /root/catkin_ws/install/std_msgs/include/std_msgs/msg/detail/float64__rosidl_typesupport_fastrtps_cpp.hpp
-- Symlinking: /root/catkin_ws/install/std_msgs/include/std_msgs/msg/detail/float64_multi_array__rosidl_typesupport_fastrtps_cpp.hpp
-- Symlinking: /root/catkin_ws/install/std_msgs/include/std_msgs/msg/detail/header__rosidl_typesupport_fastrtps_cpp.hpp
-- Symlinking: /root/catkin_ws/install/std_msgs/include/std_msgs/msg/detail/int16__rosidl_typesupport_fastrtps_cpp.hpp
-- Symlinking: /root/catkin_ws/install/std_msgs/include/std_msgs/msg/detail/int16_multi_array__rosidl_typesupport_fastrtps_cpp.hpp
-- Symlinking: /root/catkin_ws/install/std_msgs/include/std_msgs/msg/detail/int32__rosidl_typesupport_fastrtps_cpp.hpp
-- Symlinking: /root/catkin_ws/install/std_msgs/include/std_msgs/msg/detail/int32_multi_array__rosidl_typesupport_fastrtps_cpp.hpp
-- Symlinking: /root/catkin_ws/install/std_msgs/include/std_msgs/msg/detail/int64__rosidl_typesupport_fastrtps_cpp.hpp
-- Symlinking: /root/catkin_ws/install/std_msgs/include/std_msgs/msg/detail/int64_multi_array__rosidl_typesupport_fastrtps_cpp.hpp
-- Symlinking: /root/catkin_ws/install/std_msgs/include/std_msgs/msg/detail/int8__rosidl_typesupport_fastrtps_cpp.hpp
-- Symlinking: /root/catkin_ws/install/std_msgs/include/std_msgs/msg/detail/int8_multi_array__rosidl_typesupport_fastrtps_cpp.hpp
-- Symlinking: /root/catkin_ws/install/std_msgs/include/std_msgs/msg/detail/multi_array_dimension__rosidl_typesupport_fastrtps_cpp.hpp
-- Symlinking: /root/catkin_ws/install/std_msgs/include/std_msgs/msg/detail/multi_array_layout__rosidl_typesupport_fastrtps_cpp.hpp
-- Symlinking: /root/catkin_ws/install/std_msgs/include/std_msgs/msg/detail/string__rosidl_typesupport_fastrtps_cpp.hpp
-- Symlinking: /root/catkin_ws/install/std_msgs/include/std_msgs/msg/detail/u_int16__rosidl_typesupport_fastrtps_cpp.hpp
-- Symlinking: /root/catkin_ws/install/std_msgs/include/std_msgs/msg/detail/u_int16_multi_array__rosidl_typesupport_fastrtps_cpp.hpp
-- Symlinking: /root/catkin_ws/install/std_msgs/include/std_msgs/msg/detail/u_int32__rosidl_typesupport_fastrtps_cpp.hpp
-- Symlinking: /root/catkin_ws/install/std_msgs/include/std_msgs/msg/detail/u_int32_multi_array__rosidl_typesupport_fastrtps_cpp.hpp
-- Symlinking: /root/catkin_ws/install/std_msgs/include/std_msgs/msg/detail/u_int64__rosidl_typesupport_fastrtps_cpp.hpp
-- Symlinking: /root/catkin_ws/install/std_msgs/include/std_msgs/msg/detail/u_int64_multi_array__rosidl_typesupport_fastrtps_cpp.hpp
-- Symlinking: /root/catkin_ws/install/std_msgs/include/std_msgs/msg/detail/u_int8__rosidl_typesupport_fastrtps_cpp.hpp
-- Symlinking: /root/catkin_ws/install/std_msgs/include/std_msgs/msg/detail/u_int8_multi_array__rosidl_typesupport_fastrtps_cpp.hpp
-- Symlinking: /root/catkin_ws/install/std_msgs/include/std_msgs/msg/rosidl_typesupport_fastrtps_cpp__visibility_control.h
-- Symlinking: /root/catkin_ws/install/std_msgs/lib/libstd_msgs__rosidl_typesupport_fastrtps_cpp.so
-- Symlinking: /root/catkin_ws/install/std_msgs/include/std_msgs/msg/detail/bool__rosidl_typesupport_introspection_c.h
-- Symlinking: /root/catkin_ws/install/std_msgs/include/std_msgs/msg/detail/byte__rosidl_typesupport_introspection_c.h
-- Symlinking: /root/catkin_ws/install/std_msgs/include/std_msgs/msg/detail/byte_multi_array__rosidl_typesupport_introspection_c.h
-- Symlinking: /root/catkin_ws/install/std_msgs/include/std_msgs/msg/detail/char__rosidl_typesupport_introspection_c.h
-- Symlinking: /root/catkin_ws/install/std_msgs/include/std_msgs/msg/detail/color_rgba__rosidl_typesupport_introspection_c.h
-- Symlinking: /root/catkin_ws/install/std_msgs/include/std_msgs/msg/detail/empty__rosidl_typesupport_introspection_c.h
-- Symlinking: /root/catkin_ws/install/std_msgs/include/std_msgs/msg/detail/float32__rosidl_typesupport_introspection_c.h
-- Symlinking: /root/catkin_ws/install/std_msgs/include/std_msgs/msg/detail/float32_multi_array__rosidl_typesupport_introspection_c.h
-- Symlinking: /root/catkin_ws/install/std_msgs/include/std_msgs/msg/detail/float64__rosidl_typesupport_introspection_c.h
-- Symlinking: /root/catkin_ws/install/std_msgs/include/std_msgs/msg/detail/float64_multi_array__rosidl_typesupport_introspection_c.h
-- Symlinking: /root/catkin_ws/install/std_msgs/include/std_msgs/msg/detail/header__rosidl_typesupport_introspection_c.h
-- Symlinking: /root/catkin_ws/install/std_msgs/include/std_msgs/msg/detail/int16__rosidl_typesupport_introspection_c.h
-- Symlinking: /root/catkin_ws/install/std_msgs/include/std_msgs/msg/detail/int16_multi_array__rosidl_typesupport_introspection_c.h
-- Symlinking: /root/catkin_ws/install/std_msgs/include/std_msgs/msg/detail/int32__rosidl_typesupport_introspection_c.h
-- Symlinking: /root/catkin_ws/install/std_msgs/include/std_msgs/msg/detail/int32_multi_array__rosidl_typesupport_introspection_c.h
-- Symlinking: /root/catkin_ws/install/std_msgs/include/std_msgs/msg/detail/int64__rosidl_typesupport_introspection_c.h
-- Symlinking: /root/catkin_ws/install/std_msgs/include/std_msgs/msg/detail/int64_multi_array__rosidl_typesupport_introspection_c.h
-- Symlinking: /root/catkin_ws/install/std_msgs/include/std_msgs/msg/detail/int8__rosidl_typesupport_introspection_c.h
-- Symlinking: /root/catkin_ws/install/std_msgs/include/std_msgs/msg/detail/int8_multi_array__rosidl_typesupport_introspection_c.h
-- Symlinking: /root/catkin_ws/install/std_msgs/include/std_msgs/msg/detail/multi_array_dimension__rosidl_typesupport_introspection_c.h
-- Symlinking: /root/catkin_ws/install/std_msgs/include/std_msgs/msg/detail/multi_array_layout__rosidl_typesupport_introspection_c.h
-- Symlinking: /root/catkin_ws/install/std_msgs/include/std_msgs/msg/detail/string__rosidl_typesupport_introspection_c.h
-- Symlinking: /root/catkin_ws/install/std_msgs/include/std_msgs/msg/detail/u_int16__rosidl_typesupport_introspection_c.h
-- Symlinking: /root/catkin_ws/install/std_msgs/include/std_msgs/msg/detail/u_int16_multi_array__rosidl_typesupport_introspection_c.h
-- Symlinking: /root/catkin_ws/install/std_msgs/include/std_msgs/msg/detail/u_int32__rosidl_typesupport_introspection_c.h
-- Symlinking: /root/catkin_ws/install/std_msgs/include/std_msgs/msg/detail/u_int32_multi_array__rosidl_typesupport_introspection_c.h
-- Symlinking: /root/catkin_ws/install/std_msgs/include/std_msgs/msg/detail/u_int64__rosidl_typesupport_introspection_c.h
-- Symlinking: /root/catkin_ws/install/std_msgs/include/std_msgs/msg/detail/u_int64_multi_array__rosidl_typesupport_introspection_c.h
-- Symlinking: /root/catkin_ws/install/std_msgs/include/std_msgs/msg/detail/u_int8__rosidl_typesupport_introspection_c.h
-- Symlinking: /root/catkin_ws/install/std_msgs/include/std_msgs/msg/detail/u_int8_multi_array__rosidl_typesupport_introspection_c.h
-- Symlinking: /root/catkin_ws/install/std_msgs/include/std_msgs/msg/rosidl_typesupport_introspection_c__visibility_control.h
-- Symlinking: /root/catkin_ws/install/std_msgs/include/std_msgs/msg/bool.hpp
-- Symlinking: /root/catkin_ws/install/std_msgs/include/std_msgs/msg/byte.hpp
-- Symlinking: /root/catkin_ws/install/std_msgs/include/std_msgs/msg/byte_multi_array.hpp
-- Symlinking: /root/catkin_ws/install/std_msgs/include/std_msgs/msg/char.hpp
-- Symlinking: /root/catkin_ws/install/std_msgs/include/std_msgs/msg/color_rgba.hpp
-- Symlinking: /root/catkin_ws/install/std_msgs/include/std_msgs/msg/detail/bool__builder.hpp
-- Symlinking: /root/catkin_ws/install/std_msgs/include/std_msgs/msg/detail/bool__struct.hpp
-- Symlinking: /root/catkin_ws/install/std_msgs/include/std_msgs/msg/detail/bool__traits.hpp
-- Symlinking: /root/catkin_ws/install/std_msgs/include/std_msgs/msg/detail/byte__builder.hpp
-- Symlinking: /root/catkin_ws/install/std_msgs/include/std_msgs/msg/detail/byte__struct.hpp
-- Symlinking: /root/catkin_ws/install/std_msgs/include/std_msgs/msg/detail/byte__traits.hpp
-- Symlinking: /root/catkin_ws/install/std_msgs/include/std_msgs/msg/detail/byte_multi_array__builder.hpp
-- Symlinking: /root/catkin_ws/install/std_msgs/include/std_msgs/msg/detail/byte_multi_array__struct.hpp
-- Symlinking: /root/catkin_ws/install/std_msgs/include/std_msgs/msg/detail/byte_multi_array__traits.hpp
-- Symlinking: /root/catkin_ws/install/std_msgs/include/std_msgs/msg/detail/char__builder.hpp
-- Symlinking: /root/catkin_ws/install/std_msgs/include/std_msgs/msg/detail/char__struct.hpp
-- Symlinking: /root/catkin_ws/install/std_msgs/include/std_msgs/msg/detail/char__traits.hpp
-- Symlinking: /root/catkin_ws/install/std_msgs/include/std_msgs/msg/detail/color_rgba__builder.hpp
-- Symlinking: /root/catkin_ws/install/std_msgs/include/std_msgs/msg/detail/color_rgba__struct.hpp
-- Symlinking: /root/catkin_ws/install/std_msgs/include/std_msgs/msg/detail/color_rgba__traits.hpp
-- Symlinking: /root/catkin_ws/install/std_msgs/include/std_msgs/msg/detail/empty__builder.hpp
-- Symlinking: /root/catkin_ws/install/std_msgs/include/std_msgs/msg/detail/empty__struct.hpp
-- Symlinking: /root/catkin_ws/install/std_msgs/include/std_msgs/msg/detail/empty__traits.hpp
-- Symlinking: /root/catkin_ws/install/std_msgs/include/std_msgs/msg/detail/float32__builder.hpp
-- Symlinking: /root/catkin_ws/install/std_msgs/include/std_msgs/msg/detail/float32__struct.hpp
-- Symlinking: /root/catkin_ws/install/std_msgs/include/std_msgs/msg/detail/float32__traits.hpp
-- Symlinking: /root/catkin_ws/install/std_msgs/include/std_msgs/msg/detail/float32_multi_array__builder.hpp
-- Symlinking: /root/catkin_ws/install/std_msgs/include/std_msgs/msg/detail/float32_multi_array__struct.hpp
-- Symlinking: /root/catkin_ws/install/std_msgs/include/std_msgs/msg/detail/float32_multi_array__traits.hpp
-- Symlinking: /root/catkin_ws/install/std_msgs/include/std_msgs/msg/detail/float64__builder.hpp
-- Symlinking: /root/catkin_ws/install/std_msgs/include/std_msgs/msg/detail/float64__struct.hpp
-- Symlinking: /root/catkin_ws/install/std_msgs/include/std_msgs/msg/detail/float64__traits.hpp
-- Symlinking: /root/catkin_ws/install/std_msgs/include/std_msgs/msg/detail/float64_multi_array__builder.hpp
-- Symlinking: /root/catkin_ws/install/std_msgs/include/std_msgs/msg/detail/float64_multi_array__struct.hpp
-- Symlinking: /root/catkin_ws/install/std_msgs/include/std_msgs/msg/detail/float64_multi_array__traits.hpp
-- Symlinking: /root/catkin_ws/install/std_msgs/include/std_msgs/msg/detail/header__builder.hpp
-- Symlinking: /root/catkin_ws/install/std_msgs/include/std_msgs/msg/detail/header__struct.hpp
-- Symlinking: /root/catkin_ws/install/std_msgs/include/std_msgs/msg/detail/header__traits.hpp
-- Symlinking: /root/catkin_ws/install/std_msgs/include/std_msgs/msg/detail/int16__builder.hpp
-- Symlinking: /root/catkin_ws/install/std_msgs/include/std_msgs/msg/detail/int16__struct.hpp
-- Symlinking: /root/catkin_ws/install/std_msgs/include/std_msgs/msg/detail/int16__traits.hpp
-- Symlinking: /root/catkin_ws/install/std_msgs/include/std_msgs/msg/detail/int16_multi_array__builder.hpp
-- Symlinking: /root/catkin_ws/install/std_msgs/include/std_msgs/msg/detail/int16_multi_array__struct.hpp
-- Symlinking: /root/catkin_ws/install/std_msgs/include/std_msgs/msg/detail/int16_multi_array__traits.hpp
-- Symlinking: /root/catkin_ws/install/std_msgs/include/std_msgs/msg/detail/int32__builder.hpp
-- Symlinking: /root/catkin_ws/install/std_msgs/include/std_msgs/msg/detail/int32__struct.hpp
-- Symlinking: /root/catkin_ws/install/std_msgs/include/std_msgs/msg/detail/int32__traits.hpp
-- Symlinking: /root/catkin_ws/install/std_msgs/include/std_msgs/msg/detail/int32_multi_array__builder.hpp
-- Symlinking: /root/catkin_ws/install/std_msgs/include/std_msgs/msg/detail/int32_multi_array__struct.hpp
-- Symlinking: /root/catkin_ws/install/std_msgs/include/std_msgs/msg/detail/int32_multi_array__traits.hpp
-- Symlinking: /root/catkin_ws/install/std_msgs/include/std_msgs/msg/detail/int64__builder.hpp
-- Symlinking: /root/catkin_ws/install/std_msgs/include/std_msgs/msg/detail/int64__struct.hpp
-- Symlinking: /root/catkin_ws/install/std_msgs/include/std_msgs/msg/detail/int64__traits.hpp
-- Symlinking: /root/catkin_ws/install/std_msgs/include/std_msgs/msg/detail/int64_multi_array__builder.hpp
-- Symlinking: /root/catkin_ws/install/std_msgs/include/std_msgs/msg/detail/int64_multi_array__struct.hpp
-- Symlinking: /root/catkin_ws/install/std_msgs/include/std_msgs/msg/detail/int64_multi_array__traits.hpp
-- Symlinking: /root/catkin_ws/install/std_msgs/include/std_msgs/msg/detail/int8__builder.hpp
-- Symlinking: /root/catkin_ws/install/std_msgs/include/std_msgs/msg/detail/int8__struct.hpp
-- Symlinking: /root/catkin_ws/install/std_msgs/include/std_msgs/msg/detail/int8__traits.hpp
-- Symlinking: /root/catkin_ws/install/std_msgs/include/std_msgs/msg/detail/int8_multi_array__builder.hpp
-- Symlinking: /root/catkin_ws/install/std_msgs/include/std_msgs/msg/detail/int8_multi_array__struct.hpp
-- Symlinking: /root/catkin_ws/install/std_msgs/include/std_msgs/msg/detail/int8_multi_array__traits.hpp
-- Symlinking: /root/catkin_ws/install/std_msgs/include/std_msgs/msg/detail/multi_array_dimension__builder.hpp
-- Symlinking: /root/catkin_ws/install/std_msgs/include/std_msgs/msg/detail/multi_array_dimension__struct.hpp
-- Symlinking: /root/catkin_ws/install/std_msgs/include/std_msgs/msg/detail/multi_array_dimension__traits.hpp
-- Symlinking: /root/catkin_ws/install/std_msgs/include/std_msgs/msg/detail/multi_array_layout__builder.hpp
-- Symlinking: /root/catkin_ws/install/std_msgs/include/std_msgs/msg/detail/multi_array_layout__struct.hpp
-- Symlinking: /root/catkin_ws/install/std_msgs/include/std_msgs/msg/detail/multi_array_layout__traits.hpp
-- Symlinking: /root/catkin_ws/install/std_msgs/include/std_msgs/msg/detail/string__builder.hpp
-- Symlinking: /root/catkin_ws/install/std_msgs/include/std_msgs/msg/detail/string__struct.hpp
-- Symlinking: /root/catkin_ws/install/std_msgs/include/std_msgs/msg/detail/string__traits.hpp
-- Symlinking: /root/catkin_ws/install/std_msgs/include/std_msgs/msg/detail/u_int16__builder.hpp
-- Symlinking: /root/catkin_ws/install/std_msgs/include/std_msgs/msg/detail/u_int16__struct.hpp
-- Symlinking: /root/catkin_ws/install/std_msgs/include/std_msgs/msg/detail/u_int16__traits.hpp
-- Symlinking: /root/catkin_ws/install/std_msgs/include/std_msgs/msg/detail/u_int16_multi_array__builder.hpp
-- Symlinking: /root/catkin_ws/install/std_msgs/include/std_msgs/msg/detail/u_int16_multi_array__struct.hpp
-- Symlinking: /root/catkin_ws/install/std_msgs/include/std_msgs/msg/detail/u_int16_multi_array__traits.hpp
-- Symlinking: /root/catkin_ws/install/std_msgs/include/std_msgs/msg/detail/u_int32__builder.hpp
-- Symlinking: /root/catkin_ws/install/std_msgs/include/std_msgs/msg/detail/u_int32__struct.hpp
-- Symlinking: /root/catkin_ws/install/std_msgs/include/std_msgs/msg/detail/u_int32__traits.hpp
-- Symlinking: /root/catkin_ws/install/std_msgs/include/std_msgs/msg/detail/u_int32_multi_array__builder.hpp
-- Symlinking: /root/catkin_ws/install/std_msgs/include/std_msgs/msg/detail/u_int32_multi_array__struct.hpp
-- Symlinking: /root/catkin_ws/install/std_msgs/include/std_msgs/msg/detail/u_int32_multi_array__traits.hpp
-- Symlinking: /root/catkin_ws/install/std_msgs/include/std_msgs/msg/detail/u_int64__builder.hpp
-- Symlinking: /root/catkin_ws/install/std_msgs/include/std_msgs/msg/detail/u_int64__struct.hpp
-- Symlinking: /root/catkin_ws/install/std_msgs/include/std_msgs/msg/detail/u_int64__traits.hpp
-- Symlinking: /root/catkin_ws/install/std_msgs/include/std_msgs/msg/detail/u_int64_multi_array__builder.hpp
-- Symlinking: /root/catkin_ws/install/std_msgs/include/std_msgs/msg/detail/u_int64_multi_array__struct.hpp
-- Symlinking: /root/catkin_ws/install/std_msgs/include/std_msgs/msg/detail/u_int64_multi_array__traits.hpp
-- Symlinking: /root/catkin_ws/install/std_msgs/include/std_msgs/msg/detail/u_int8__builder.hpp
-- Symlinking: /root/catkin_ws/install/std_msgs/include/std_msgs/msg/detail/u_int8__struct.hpp
-- Symlinking: /root/catkin_ws/install/std_msgs/include/std_msgs/msg/detail/u_int8__traits.hpp
-- Symlinking: /root/catkin_ws/install/std_msgs/include/std_msgs/msg/detail/u_int8_multi_array__builder.hpp
-- Symlinking: /root/catkin_ws/install/std_msgs/include/std_msgs/msg/detail/u_int8_multi_array__struct.hpp
-- Symlinking: /root/catkin_ws/install/std_msgs/include/std_msgs/msg/detail/u_int8_multi_array__traits.hpp
-- Symlinking: /root/catkin_ws/install/std_msgs/include/std_msgs/msg/empty.hpp
-- Symlinking: /root/catkin_ws/install/std_msgs/include/std_msgs/msg/float32.hpp
-- Symlinking: /root/catkin_ws/install/std_msgs/include/std_msgs/msg/float32_multi_array.hpp
-- Symlinking: /root/catkin_ws/install/std_msgs/include/std_msgs/msg/float64.hpp
-- Symlinking: /root/catkin_ws/install/std_msgs/include/std_msgs/msg/float64_multi_array.hpp
-- Symlinking: /root/catkin_ws/install/std_msgs/include/std_msgs/msg/header.hpp
-- Symlinking: /root/catkin_ws/install/std_msgs/include/std_msgs/msg/int16.hpp
-- Symlinking: /root/catkin_ws/install/std_msgs/include/std_msgs/msg/int16_multi_array.hpp
-- Symlinking: /root/catkin_ws/install/std_msgs/include/std_msgs/msg/int32.hpp
-- Symlinking: /root/catkin_ws/install/std_msgs/include/std_msgs/msg/int32_multi_array.hpp
-- Symlinking: /root/catkin_ws/install/std_msgs/include/std_msgs/msg/int64.hpp
-- Symlinking: /root/catkin_ws/install/std_msgs/include/std_msgs/msg/int64_multi_array.hpp
-- Symlinking: /root/catkin_ws/install/std_msgs/include/std_msgs/msg/int8.hpp
-- Symlinking: /root/catkin_ws/install/std_msgs/include/std_msgs/msg/int8_multi_array.hpp
-- Symlinking: /root/catkin_ws/install/std_msgs/include/std_msgs/msg/multi_array_dimension.hpp
-- Symlinking: /root/catkin_ws/install/std_msgs/include/std_msgs/msg/multi_array_layout.hpp
-- Symlinking: /root/catkin_ws/install/std_msgs/include/std_msgs/msg/string.hpp
-- Symlinking: /root/catkin_ws/install/std_msgs/include/std_msgs/msg/u_int16.hpp
-- Symlinking: /root/catkin_ws/install/std_msgs/include/std_msgs/msg/u_int16_multi_array.hpp
-- Symlinking: /root/catkin_ws/install/std_msgs/include/std_msgs/msg/u_int32.hpp
-- Symlinking: /root/catkin_ws/install/std_msgs/include/std_msgs/msg/u_int32_multi_array.hpp
-- Symlinking: /root/catkin_ws/install/std_msgs/include/std_msgs/msg/u_int64.hpp
-- Symlinking: /root/catkin_ws/install/std_msgs/include/std_msgs/msg/u_int64_multi_array.hpp
-- Symlinking: /root/catkin_ws/install/std_msgs/include/std_msgs/msg/u_int8.hpp
-- Symlinking: /root/catkin_ws/install/std_msgs/include/std_msgs/msg/u_int8_multi_array.hpp
-- Symlinking: /root/catkin_ws/install/std_msgs/include/std_msgs/msg/detail/bool__rosidl_typesupport_microxrcedds_cpp.hpp
-- Symlinking: /root/catkin_ws/install/std_msgs/include/std_msgs/msg/detail/byte__rosidl_typesupport_microxrcedds_cpp.hpp
-- Symlinking: /root/catkin_ws/install/std_msgs/include/std_msgs/msg/detail/byte_multi_array__rosidl_typesupport_microxrcedds_cpp.hpp
-- Symlinking: /root/catkin_ws/install/std_msgs/include/std_msgs/msg/detail/char__rosidl_typesupport_microxrcedds_cpp.hpp
-- Symlinking: /root/catkin_ws/install/std_msgs/include/std_msgs/msg/detail/color_rgba__rosidl_typesupport_microxrcedds_cpp.hpp
-- Symlinking: /root/catkin_ws/install/std_msgs/include/std_msgs/msg/detail/empty__rosidl_typesupport_microxrcedds_cpp.hpp
-- Symlinking: /root/catkin_ws/install/std_msgs/include/std_msgs/msg/detail/float32__rosidl_typesupport_microxrcedds_cpp.hpp
-- Symlinking: /root/catkin_ws/install/std_msgs/include/std_msgs/msg/detail/float32_multi_array__rosidl_typesupport_microxrcedds_cpp.hpp
-- Symlinking: /root/catkin_ws/install/std_msgs/include/std_msgs/msg/detail/float64__rosidl_typesupport_microxrcedds_cpp.hpp
-- Symlinking: /root/catkin_ws/install/std_msgs/include/std_msgs/msg/detail/float64_multi_array__rosidl_typesupport_microxrcedds_cpp.hpp
-- Symlinking: /root/catkin_ws/install/std_msgs/include/std_msgs/msg/detail/header__rosidl_typesupport_microxrcedds_cpp.hpp
-- Symlinking: /root/catkin_ws/install/std_msgs/include/std_msgs/msg/detail/int16__rosidl_typesupport_microxrcedds_cpp.hpp
-- Symlinking: /root/catkin_ws/install/std_msgs/include/std_msgs/msg/detail/int16_multi_array__rosidl_typesupport_microxrcedds_cpp.hpp
-- Symlinking: /root/catkin_ws/install/std_msgs/include/std_msgs/msg/detail/int32__rosidl_typesupport_microxrcedds_cpp.hpp
-- Symlinking: /root/catkin_ws/install/std_msgs/include/std_msgs/msg/detail/int32_multi_array__rosidl_typesupport_microxrcedds_cpp.hpp
-- Symlinking: /root/catkin_ws/install/std_msgs/include/std_msgs/msg/detail/int64__rosidl_typesupport_microxrcedds_cpp.hpp
-- Symlinking: /root/catkin_ws/install/std_msgs/include/std_msgs/msg/detail/int64_multi_array__rosidl_typesupport_microxrcedds_cpp.hpp
-- Symlinking: /root/catkin_ws/install/std_msgs/include/std_msgs/msg/detail/int8__rosidl_typesupport_microxrcedds_cpp.hpp
-- Symlinking: /root/catkin_ws/install/std_msgs/include/std_msgs/msg/detail/int8_multi_array__rosidl_typesupport_microxrcedds_cpp.hpp
-- Symlinking: /root/catkin_ws/install/std_msgs/include/std_msgs/msg/detail/microxrcedds/bool__type_support_cpp.cpp
-- Symlinking: /root/catkin_ws/install/std_msgs/include/std_msgs/msg/detail/microxrcedds/byte__type_support_cpp.cpp
-- Symlinking: /root/catkin_ws/install/std_msgs/include/std_msgs/msg/detail/microxrcedds/byte_multi_array__type_support_cpp.cpp
-- Symlinking: /root/catkin_ws/install/std_msgs/include/std_msgs/msg/detail/microxrcedds/char__type_support_cpp.cpp
-- Symlinking: /root/catkin_ws/install/std_msgs/include/std_msgs/msg/detail/microxrcedds/color_rgba__type_support_cpp.cpp
-- Symlinking: /root/catkin_ws/install/std_msgs/include/std_msgs/msg/detail/microxrcedds/empty__type_support_cpp.cpp
-- Symlinking: /root/catkin_ws/install/std_msgs/include/std_msgs/msg/detail/microxrcedds/float32__type_support_cpp.cpp
-- Symlinking: /root/catkin_ws/install/std_msgs/include/std_msgs/msg/detail/microxrcedds/float32_multi_array__type_support_cpp.cpp
-- Symlinking: /root/catkin_ws/install/std_msgs/include/std_msgs/msg/detail/microxrcedds/float64__type_support_cpp.cpp
-- Symlinking: /root/catkin_ws/install/std_msgs/include/std_msgs/msg/detail/microxrcedds/float64_multi_array__type_support_cpp.cpp
-- Symlinking: /root/catkin_ws/install/std_msgs/include/std_msgs/msg/detail/microxrcedds/header__type_support_cpp.cpp
-- Symlinking: /root/catkin_ws/install/std_msgs/include/std_msgs/msg/detail/microxrcedds/int16__type_support_cpp.cpp
-- Symlinking: /root/catkin_ws/install/std_msgs/include/std_msgs/msg/detail/microxrcedds/int16_multi_array__type_support_cpp.cpp
-- Symlinking: /root/catkin_ws/install/std_msgs/include/std_msgs/msg/detail/microxrcedds/int32__type_support_cpp.cpp
-- Symlinking: /root/catkin_ws/install/std_msgs/include/std_msgs/msg/detail/microxrcedds/int32_multi_array__type_support_cpp.cpp
-- Symlinking: /root/catkin_ws/install/std_msgs/include/std_msgs/msg/detail/microxrcedds/int64__type_support_cpp.cpp
-- Symlinking: /root/catkin_ws/install/std_msgs/include/std_msgs/msg/detail/microxrcedds/int64_multi_array__type_support_cpp.cpp
-- Symlinking: /root/catkin_ws/install/std_msgs/include/std_msgs/msg/detail/microxrcedds/int8__type_support_cpp.cpp
-- Symlinking: /root/catkin_ws/install/std_msgs/include/std_msgs/msg/detail/microxrcedds/int8_multi_array__type_support_cpp.cpp
-- Symlinking: /root/catkin_ws/install/std_msgs/include/std_msgs/msg/detail/microxrcedds/multi_array_dimension__type_support_cpp.cpp
-- Symlinking: /root/catkin_ws/install/std_msgs/include/std_msgs/msg/detail/microxrcedds/multi_array_layout__type_support_cpp.cpp
-- Symlinking: /root/catkin_ws/install/std_msgs/include/std_msgs/msg/detail/microxrcedds/string__type_support_cpp.cpp
-- Symlinking: /root/catkin_ws/install/std_msgs/include/std_msgs/msg/detail/microxrcedds/u_int16__type_support_cpp.cpp
-- Symlinking: /root/catkin_ws/install/std_msgs/include/std_msgs/msg/detail/microxrcedds/u_int16_multi_array__type_support_cpp.cpp
-- Symlinking: /root/catkin_ws/install/std_msgs/include/std_msgs/msg/detail/microxrcedds/u_int32__type_support_cpp.cpp
-- Symlinking: /root/catkin_ws/install/std_msgs/include/std_msgs/msg/detail/microxrcedds/u_int32_multi_array__type_support_cpp.cpp
-- Symlinking: /root/catkin_ws/install/std_msgs/include/std_msgs/msg/detail/microxrcedds/u_int64__type_support_cpp.cpp
-- Symlinking: /root/catkin_ws/install/std_msgs/include/std_msgs/msg/detail/microxrcedds/u_int64_multi_array__type_support_cpp.cpp
-- Symlinking: /root/catkin_ws/install/std_msgs/include/std_msgs/msg/detail/microxrcedds/u_int8__type_support_cpp.cpp
-- Symlinking: /root/catkin_ws/install/std_msgs/include/std_msgs/msg/detail/microxrcedds/u_int8_multi_array__type_support_cpp.cpp
-- Symlinking: /root/catkin_ws/install/std_msgs/include/std_msgs/msg/detail/multi_array_dimension__rosidl_typesupport_microxrcedds_cpp.hpp
-- Symlinking: /root/catkin_ws/install/std_msgs/include/std_msgs/msg/detail/multi_array_layout__rosidl_typesupport_microxrcedds_cpp.hpp
-- Symlinking: /root/catkin_ws/install/std_msgs/include/std_msgs/msg/detail/string__rosidl_typesupport_microxrcedds_cpp.hpp
-- Symlinking: /root/catkin_ws/install/std_msgs/include/std_msgs/msg/detail/u_int16__rosidl_typesupport_microxrcedds_cpp.hpp
-- Symlinking: /root/catkin_ws/install/std_msgs/include/std_msgs/msg/detail/u_int16_multi_array__rosidl_typesupport_microxrcedds_cpp.hpp
-- Symlinking: /root/catkin_ws/install/std_msgs/include/std_msgs/msg/detail/u_int32__rosidl_typesupport_microxrcedds_cpp.hpp
-- Symlinking: /root/catkin_ws/install/std_msgs/include/std_msgs/msg/detail/u_int32_multi_array__rosidl_typesupport_microxrcedds_cpp.hpp
-- Symlinking: /root/catkin_ws/install/std_msgs/include/std_msgs/msg/detail/u_int64__rosidl_typesupport_microxrcedds_cpp.hpp
-- Symlinking: /root/catkin_ws/install/std_msgs/include/std_msgs/msg/detail/u_int64_multi_array__rosidl_typesupport_microxrcedds_cpp.hpp
-- Symlinking: /root/catkin_ws/install/std_msgs/include/std_msgs/msg/detail/u_int8__rosidl_typesupport_microxrcedds_cpp.hpp
-- Symlinking: /root/catkin_ws/install/std_msgs/include/std_msgs/msg/detail/u_int8_multi_array__rosidl_typesupport_microxrcedds_cpp.hpp
-- Symlinking: /root/catkin_ws/install/std_msgs/include/std_msgs/msg/rosidl_typesupport_microxrcedds_cpp__visibility_control.h
-- Symlinking: /root/catkin_ws/install/std_msgs/lib/libstd_msgs__rosidl_typesupport_microxrcedds_cpp.so
-- Symlinking: /root/catkin_ws/install/std_msgs/include/std_msgs/msg/detail/bool__rosidl_typesupport_introspection_cpp.hpp
-- Symlinking: /root/catkin_ws/install/std_msgs/include/std_msgs/msg/detail/byte__rosidl_typesupport_introspection_cpp.hpp
-- Symlinking: /root/catkin_ws/install/std_msgs/include/std_msgs/msg/detail/byte_multi_array__rosidl_typesupport_introspection_cpp.hpp
-- Symlinking: /root/catkin_ws/install/std_msgs/include/std_msgs/msg/detail/char__rosidl_typesupport_introspection_cpp.hpp
-- Symlinking: /root/catkin_ws/install/std_msgs/include/std_msgs/msg/detail/color_rgba__rosidl_typesupport_introspection_cpp.hpp
-- Symlinking: /root/catkin_ws/install/std_msgs/include/std_msgs/msg/detail/empty__rosidl_typesupport_introspection_cpp.hpp
-- Symlinking: /root/catkin_ws/install/std_msgs/include/std_msgs/msg/detail/float32__rosidl_typesupport_introspection_cpp.hpp
-- Symlinking: /root/catkin_ws/install/std_msgs/include/std_msgs/msg/detail/float32_multi_array__rosidl_typesupport_introspection_cpp.hpp
-- Symlinking: /root/catkin_ws/install/std_msgs/include/std_msgs/msg/detail/float64__rosidl_typesupport_introspection_cpp.hpp
-- Symlinking: /root/catkin_ws/install/std_msgs/include/std_msgs/msg/detail/float64_multi_array__rosidl_typesupport_introspection_cpp.hpp
-- Symlinking: /root/catkin_ws/install/std_msgs/include/std_msgs/msg/detail/header__rosidl_typesupport_introspection_cpp.hpp
-- Symlinking: /root/catkin_ws/install/std_msgs/include/std_msgs/msg/detail/int16__rosidl_typesupport_introspection_cpp.hpp
-- Symlinking: /root/catkin_ws/install/std_msgs/include/std_msgs/msg/detail/int16_multi_array__rosidl_typesupport_introspection_cpp.hpp
-- Symlinking: /root/catkin_ws/install/std_msgs/include/std_msgs/msg/detail/int32__rosidl_typesupport_introspection_cpp.hpp
-- Symlinking: /root/catkin_ws/install/std_msgs/include/std_msgs/msg/detail/int32_multi_array__rosidl_typesupport_introspection_cpp.hpp
-- Symlinking: /root/catkin_ws/install/std_msgs/include/std_msgs/msg/detail/int64__rosidl_typesupport_introspection_cpp.hpp
-- Symlinking: /root/catkin_ws/install/std_msgs/include/std_msgs/msg/detail/int64_multi_array__rosidl_typesupport_introspection_cpp.hpp
-- Symlinking: /root/catkin_ws/install/std_msgs/include/std_msgs/msg/detail/int8__rosidl_typesupport_introspection_cpp.hpp
-- Symlinking: /root/catkin_ws/install/std_msgs/include/std_msgs/msg/detail/int8_multi_array__rosidl_typesupport_introspection_cpp.hpp
-- Symlinking: /root/catkin_ws/install/std_msgs/include/std_msgs/msg/detail/multi_array_dimension__rosidl_typesupport_introspection_cpp.hpp
-- Symlinking: /root/catkin_ws/install/std_msgs/include/std_msgs/msg/detail/multi_array_layout__rosidl_typesupport_introspection_cpp.hpp
-- Symlinking: /root/catkin_ws/install/std_msgs/include/std_msgs/msg/detail/string__rosidl_typesupport_introspection_cpp.hpp
-- Symlinking: /root/catkin_ws/install/std_msgs/include/std_msgs/msg/detail/u_int16__rosidl_typesupport_introspection_cpp.hpp
-- Symlinking: /root/catkin_ws/install/std_msgs/include/std_msgs/msg/detail/u_int16_multi_array__rosidl_typesupport_introspection_cpp.hpp
-- Symlinking: /root/catkin_ws/install/std_msgs/include/std_msgs/msg/detail/u_int32__rosidl_typesupport_introspection_cpp.hpp
-- Symlinking: /root/catkin_ws/install/std_msgs/include/std_msgs/msg/detail/u_int32_multi_array__rosidl_typesupport_introspection_cpp.hpp
-- Symlinking: /root/catkin_ws/install/std_msgs/include/std_msgs/msg/detail/u_int64__rosidl_typesupport_introspection_cpp.hpp
-- Symlinking: /root/catkin_ws/install/std_msgs/include/std_msgs/msg/detail/u_int64_multi_array__rosidl_typesupport_introspection_cpp.hpp
-- Symlinking: /root/catkin_ws/install/std_msgs/include/std_msgs/msg/detail/u_int8__rosidl_typesupport_introspection_cpp.hpp
-- Symlinking: /root/catkin_ws/install/std_msgs/include/std_msgs/msg/detail/u_int8_multi_array__rosidl_typesupport_introspection_cpp.hpp
-- Symlinking: /root/catkin_ws/install/std_msgs/share/std_msgs/environment/pythonpath.sh
-- Symlinking: /root/catkin_ws/install/std_msgs/share/std_msgs/environment/pythonpath.dsv
-- Symlinking: /root/catkin_ws/install/std_msgs/lib/python3.8/site-packages/std_msgs/__init__.py
-- Symlinking: /root/catkin_ws/install/std_msgs/lib/python3.8/site-packages/std_msgs/msg/__init__.py
-- Symlinking: /root/catkin_ws/install/std_msgs/lib/python3.8/site-packages/std_msgs/msg/_bool.py
-- Symlinking: /root/catkin_ws/install/std_msgs/lib/python3.8/site-packages/std_msgs/msg/_byte.py
-- Symlinking: /root/catkin_ws/install/std_msgs/lib/python3.8/site-packages/std_msgs/msg/_byte_multi_array.py
-- Symlinking: /root/catkin_ws/install/std_msgs/lib/python3.8/site-packages/std_msgs/msg/_char.py
-- Symlinking: /root/catkin_ws/install/std_msgs/lib/python3.8/site-packages/std_msgs/msg/_color_rgba.py
-- Symlinking: /root/catkin_ws/install/std_msgs/lib/python3.8/site-packages/std_msgs/msg/_empty.py
-- Symlinking: /root/catkin_ws/install/std_msgs/lib/python3.8/site-packages/std_msgs/msg/_float32.py
-- Symlinking: /root/catkin_ws/install/std_msgs/lib/python3.8/site-packages/std_msgs/msg/_float32_multi_array.py
-- Symlinking: /root/catkin_ws/install/std_msgs/lib/python3.8/site-packages/std_msgs/msg/_float64.py
-- Symlinking: /root/catkin_ws/install/std_msgs/lib/python3.8/site-packages/std_msgs/msg/_float64_multi_array.py
-- Symlinking: /root/catkin_ws/install/std_msgs/lib/python3.8/site-packages/std_msgs/msg/_header.py
-- Symlinking: /root/catkin_ws/install/std_msgs/lib/python3.8/site-packages/std_msgs/msg/_int16.py
-- Symlinking: /root/catkin_ws/install/std_msgs/lib/python3.8/site-packages/std_msgs/msg/_int16_multi_array.py
-- Symlinking: /root/catkin_ws/install/std_msgs/lib/python3.8/site-packages/std_msgs/msg/_int32.py
-- Symlinking: /root/catkin_ws/install/std_msgs/lib/python3.8/site-packages/std_msgs/msg/_int32_multi_array.py
-- Symlinking: /root/catkin_ws/install/std_msgs/lib/python3.8/site-packages/std_msgs/msg/_int64.py
-- Symlinking: /root/catkin_ws/install/std_msgs/lib/python3.8/site-packages/std_msgs/msg/_int64_multi_array.py
-- Symlinking: /root/catkin_ws/install/std_msgs/lib/python3.8/site-packages/std_msgs/msg/_int8.py
-- Symlinking: /root/catkin_ws/install/std_msgs/lib/python3.8/site-packages/std_msgs/msg/_int8_multi_array.py
-- Symlinking: /root/catkin_ws/install/std_msgs/lib/python3.8/site-packages/std_msgs/msg/_multi_array_dimension.py
-- Symlinking: /root/catkin_ws/install/std_msgs/lib/python3.8/site-packages/std_msgs/msg/_multi_array_layout.py
-- Symlinking: /root/catkin_ws/install/std_msgs/lib/python3.8/site-packages/std_msgs/msg/_string.py
-- Symlinking: /root/catkin_ws/install/std_msgs/lib/python3.8/site-packages/std_msgs/msg/_u_int16.py
-- Symlinking: /root/catkin_ws/install/std_msgs/lib/python3.8/site-packages/std_msgs/msg/_u_int16_multi_array.py
-- Symlinking: /root/catkin_ws/install/std_msgs/lib/python3.8/site-packages/std_msgs/msg/_u_int32.py
-- Symlinking: /root/catkin_ws/install/std_msgs/lib/python3.8/site-packages/std_msgs/msg/_u_int32_multi_array.py
-- Symlinking: /root/catkin_ws/install/std_msgs/lib/python3.8/site-packages/std_msgs/msg/_u_int64.py
-- Symlinking: /root/catkin_ws/install/std_msgs/lib/python3.8/site-packages/std_msgs/msg/_u_int64_multi_array.py
-- Symlinking: /root/catkin_ws/install/std_msgs/lib/python3.8/site-packages/std_msgs/msg/_u_int8.py
-- Symlinking: /root/catkin_ws/install/std_msgs/lib/python3.8/site-packages/std_msgs/msg/_u_int8_multi_array.py
-- Symlinking: /root/catkin_ws/install/std_msgs/lib/python3.8/site-packages/std_msgs/std_msgs_s__rosidl_typesupport_microxrcedds_c.cpython-38-x86_64-linux-gnu.so
-- Symlinking: /root/catkin_ws/install/std_msgs/lib/python3.8/site-packages/std_msgs/std_msgs_s__rosidl_typesupport_fastrtps_c.cpython-38-x86_64-linux-gnu.so
-- Symlinking: /root/catkin_ws/install/std_msgs/lib/python3.8/site-packages/std_msgs/std_msgs_s__rosidl_typesupport_introspection_c.cpython-38-x86_64-linux-gnu.so
-- Symlinking: /root/catkin_ws/install/std_msgs/lib/python3.8/site-packages/std_msgs/std_msgs_s__rosidl_typesupport_c.cpython-38-x86_64-linux-gnu.so
-- Symlinking: /root/catkin_ws/install/std_msgs/lib/libstd_msgs__python.so
-- Symlinking: /root/catkin_ws/install/std_msgs/share/std_msgs/msg/Bool.idl
-- Symlinking: /root/catkin_ws/install/std_msgs/share/std_msgs/msg/Byte.idl
-- Symlinking: /root/catkin_ws/install/std_msgs/share/std_msgs/msg/ByteMultiArray.idl
-- Symlinking: /root/catkin_ws/install/std_msgs/share/std_msgs/msg/Char.idl
-- Symlinking: /root/catkin_ws/install/std_msgs/share/std_msgs/msg/ColorRGBA.idl
-- Symlinking: /root/catkin_ws/install/std_msgs/share/std_msgs/msg/Empty.idl
-- Symlinking: /root/catkin_ws/install/std_msgs/share/std_msgs/msg/Float32.idl
-- Symlinking: /root/catkin_ws/install/std_msgs/share/std_msgs/msg/Float32MultiArray.idl
-- Symlinking: /root/catkin_ws/install/std_msgs/share/std_msgs/msg/Float64.idl
-- Symlinking: /root/catkin_ws/install/std_msgs/share/std_msgs/msg/Float64MultiArray.idl
-- Symlinking: /root/catkin_ws/install/std_msgs/share/std_msgs/msg/Header.idl
-- Symlinking: /root/catkin_ws/install/std_msgs/share/std_msgs/msg/Int16.idl
-- Symlinking: /root/catkin_ws/install/std_msgs/share/std_msgs/msg/Int16MultiArray.idl
-- Symlinking: /root/catkin_ws/install/std_msgs/share/std_msgs/msg/Int32.idl
-- Symlinking: /root/catkin_ws/install/std_msgs/share/std_msgs/msg/Int32MultiArray.idl
-- Symlinking: /root/catkin_ws/install/std_msgs/share/std_msgs/msg/Int64.idl
-- Symlinking: /root/catkin_ws/install/std_msgs/share/std_msgs/msg/Int64MultiArray.idl
-- Symlinking: /root/catkin_ws/install/std_msgs/share/std_msgs/msg/Int8.idl
-- Symlinking: /root/catkin_ws/install/std_msgs/share/std_msgs/msg/Int8MultiArray.idl
-- Symlinking: /root/catkin_ws/install/std_msgs/share/std_msgs/msg/MultiArrayDimension.idl
-- Symlinking: /root/catkin_ws/install/std_msgs/share/std_msgs/msg/MultiArrayLayout.idl
-- Symlinking: /root/catkin_ws/install/std_msgs/share/std_msgs/msg/String.idl
-- Symlinking: /root/catkin_ws/install/std_msgs/share/std_msgs/msg/UInt16.idl
-- Symlinking: /root/catkin_ws/install/std_msgs/share/std_msgs/msg/UInt16MultiArray.idl
-- Symlinking: /root/catkin_ws/install/std_msgs/share/std_msgs/msg/UInt32.idl
-- Symlinking: /root/catkin_ws/install/std_msgs/share/std_msgs/msg/UInt32MultiArray.idl
-- Symlinking: /root/catkin_ws/install/std_msgs/share/std_msgs/msg/UInt64.idl
-- Symlinking: /root/catkin_ws/install/std_msgs/share/std_msgs/msg/UInt64MultiArray.idl
-- Symlinking: /root/catkin_ws/install/std_msgs/share/std_msgs/msg/UInt8.idl
-- Symlinking: /root/catkin_ws/install/std_msgs/share/std_msgs/msg/UInt8MultiArray.idl
-- Symlinking: /root/catkin_ws/install/std_msgs/share/std_msgs/msg/Bool.msg
-- Symlinking: /root/catkin_ws/install/std_msgs/share/std_msgs/msg/Byte.msg
-- Symlinking: /root/catkin_ws/install/std_msgs/share/std_msgs/msg/ByteMultiArray.msg
-- Symlinking: /root/catkin_ws/install/std_msgs/share/std_msgs/msg/Char.msg
-- Symlinking: /root/catkin_ws/install/std_msgs/share/std_msgs/msg/ColorRGBA.msg
-- Symlinking: /root/catkin_ws/install/std_msgs/share/std_msgs/msg/Empty.msg
-- Symlinking: /root/catkin_ws/install/std_msgs/share/std_msgs/msg/Float32.msg
-- Symlinking: /root/catkin_ws/install/std_msgs/share/std_msgs/msg/Float32MultiArray.msg
-- Symlinking: /root/catkin_ws/install/std_msgs/share/std_msgs/msg/Float64.msg
-- Symlinking: /root/catkin_ws/install/std_msgs/share/std_msgs/msg/Float64MultiArray.msg
-- Symlinking: /root/catkin_ws/install/std_msgs/share/std_msgs/msg/Header.msg
-- Symlinking: /root/catkin_ws/install/std_msgs/share/std_msgs/msg/Int16.msg
-- Symlinking: /root/catkin_ws/install/std_msgs/share/std_msgs/msg/Int16MultiArray.msg
-- Symlinking: /root/catkin_ws/install/std_msgs/share/std_msgs/msg/Int32.msg
-- Symlinking: /root/catkin_ws/install/std_msgs/share/std_msgs/msg/Int32MultiArray.msg
-- Symlinking: /root/catkin_ws/install/std_msgs/share/std_msgs/msg/Int64.msg
-- Symlinking: /root/catkin_ws/install/std_msgs/share/std_msgs/msg/Int64MultiArray.msg
-- Symlinking: /root/catkin_ws/install/std_msgs/share/std_msgs/msg/Int8.msg
-- Symlinking: /root/catkin_ws/install/std_msgs/share/std_msgs/msg/Int8MultiArray.msg
-- Symlinking: /root/catkin_ws/install/std_msgs/share/std_msgs/msg/MultiArrayDimension.msg
-- Symlinking: /root/catkin_ws/install/std_msgs/share/std_msgs/msg/MultiArrayLayout.msg
-- Symlinking: /root/catkin_ws/install/std_msgs/share/std_msgs/msg/String.msg
-- Symlinking: /root/catkin_ws/install/std_msgs/share/std_msgs/msg/UInt16.msg
-- Symlinking: /root/catkin_ws/install/std_msgs/share/std_msgs/msg/UInt16MultiArray.msg
-- Symlinking: /root/catkin_ws/install/std_msgs/share/std_msgs/msg/UInt32.msg
-- Symlinking: /root/catkin_ws/install/std_msgs/share/std_msgs/msg/UInt32MultiArray.msg
-- Symlinking: /root/catkin_ws/install/std_msgs/share/std_msgs/msg/UInt64.msg
-- Symlinking: /root/catkin_ws/install/std_msgs/share/std_msgs/msg/UInt64MultiArray.msg
-- Symlinking: /root/catkin_ws/install/std_msgs/share/std_msgs/msg/UInt8.msg
-- Symlinking: /root/catkin_ws/install/std_msgs/share/std_msgs/msg/UInt8MultiArray.msg
-- Symlinking: /root/catkin_ws/install/std_msgs/share/ament_index/resource_index/package_run_dependencies/std_msgs
-- Symlinking: /root/catkin_ws/install/std_msgs/share/ament_index/resource_index/parent_prefix_path/std_msgs
-- Symlinking: /root/catkin_ws/install/std_msgs/share/std_msgs/environment/ament_prefix_path.sh
-- Symlinking: /root/catkin_ws/install/std_msgs/share/std_msgs/environment/ament_prefix_path.dsv
-- Symlinking: /root/catkin_ws/install/std_msgs/share/std_msgs/environment/path.sh
-- Symlinking: /root/catkin_ws/install/std_msgs/share/std_msgs/environment/path.dsv
-- Symlinking: /root/catkin_ws/install/std_msgs/share/std_msgs/local_setup.bash
-- Symlinking: /root/catkin_ws/install/std_msgs/share/std_msgs/local_setup.sh
-- Symlinking: /root/catkin_ws/install/std_msgs/share/std_msgs/local_setup.zsh
-- Symlinking: /root/catkin_ws/install/std_msgs/share/std_msgs/local_setup.dsv
-- Symlinking: /root/catkin_ws/install/std_msgs/share/std_msgs/package.dsv
-- Symlinking: /root/catkin_ws/install/std_msgs/share/ament_index/resource_index/packages/std_msgs
-- Symlinking: /root/catkin_ws/install/std_msgs/share/std_msgs/cmake/rosidl_cmake-extras.cmake
-- Symlinking: /root/catkin_ws/install/std_msgs/share/std_msgs/cmake/ament_cmake_export_dependencies-extras.cmake
-- Symlinking: /root/catkin_ws/install/std_msgs/share/std_msgs/cmake/ament_cmake_export_libraries-extras.cmake
-- Symlinking: /root/catkin_ws/install/std_msgs/share/std_msgs/cmake/ament_cmake_export_targets-extras.cmake
-- Symlinking: /root/catkin_ws/install/std_msgs/share/std_msgs/cmake/ament_cmake_export_include_directories-extras.cmake
-- Symlinking: /root/catkin_ws/install/std_msgs/share/std_msgs/cmake/rosidl_cmake_export_typesupport_libraries-extras.cmake
-- Symlinking: /root/catkin_ws/install/std_msgs/share/std_msgs/cmake/rosidl_cmake_export_typesupport_targets-extras.cmake
-- Symlinking: /root/catkin_ws/install/std_msgs/share/std_msgs/cmake/std_msgsConfig.cmake
-- Symlinking: /root/catkin_ws/install/std_msgs/share/std_msgs/cmake/std_msgsConfig-version.cmake
-- Symlinking: /root/catkin_ws/install/std_msgs/share/std_msgs/package.xml
-- Up-to-date: /root/catkin_ws/install/std_msgs/lib/libstd_msgs__rosidl_generator_c.so
-- Up-to-date: /root/catkin_ws/install/std_msgs/lib/libstd_msgs__rosidl_typesupport_introspection_c.so
-- Up-to-date: /root/catkin_ws/install/std_msgs/lib/libstd_msgs__rosidl_typesupport_c.so
-- Up-to-date: /root/catkin_ws/install/std_msgs/lib/libstd_msgs__rosidl_typesupport_introspection_cpp.so
-- Up-to-date: /root/catkin_ws/install/std_msgs/lib/libstd_msgs__rosidl_typesupport_cpp.so
Compiling '/root/catkin_ws/install/std_msgs/lib/python3.8/site-packages/std_msgs/__init__.py'...
-- Up-to-date: /root/catkin_ws/install/std_msgs/share/std_msgs/cmake/std_msgs__rosidl_generator_cExport.cmake
-- Installing: /root/catkin_ws/install/std_msgs/share/std_msgs/cmake/std_msgs__rosidl_generator_cExport-noconfig.cmake
-- Up-to-date: /root/catkin_ws/install/std_msgs/share/std_msgs/cmake/std_msgs__rosidl_typesupport_introspection_cExport.cmake
-- Installing: /root/catkin_ws/install/std_msgs/share/std_msgs/cmake/std_msgs__rosidl_typesupport_introspection_cExport-noconfig.cmake
-- Up-to-date: /root/catkin_ws/install/std_msgs/share/std_msgs/cmake/std_msgs__rosidl_typesupport_cExport.cmake
-- Installing: /root/catkin_ws/install/std_msgs/share/std_msgs/cmake/std_msgs__rosidl_typesupport_cExport-noconfig.cmake
-- Up-to-date: /root/catkin_ws/install/std_msgs/share/std_msgs/cmake/std_msgs__rosidl_generator_cppExport.cmake
-- Up-to-date: /root/catkin_ws/install/std_msgs/share/std_msgs/cmake/std_msgs__rosidl_typesupport_introspection_cppExport.cmake
-- Installing: /root/catkin_ws/install/std_msgs/share/std_msgs/cmake/std_msgs__rosidl_typesupport_introspection_cppExport-noconfig.cmake
-- Up-to-date: /root/catkin_ws/install/std_msgs/share/std_msgs/cmake/std_msgs__rosidl_typesupport_cppExport.cmake
-- Installing: /root/catkin_ws/install/std_msgs/share/std_msgs/cmake/std_msgs__rosidl_typesupport_cppExport-noconfig.cmake
