[0.296s] Invoking command in '/root/catkin_ws/build/drive_base_msgs': CMAKE_PREFIX_PATH=${CMAKE_PREFIX_PATH}:/root/catkin_ws/install/topic_service_action_rclpy_example:/root/catkin_ws/install/time_rclpy_example:/root/catkin_ws/install/tf2_rclpy_example:/root/catkin_ws/install/ros2env:/root/catkin_ws/install/omo_r1mini_teleop:/root/catkin_ws/install/omo_r1mini_bringup:/root/catkin_ws/install/my_first_ros_rclpy_pkg:/root/catkin_ws/install/logging_rclpy_example:/root/catkin_ws/install/iahrs_driver:/root/install/topic_service_action_rclpy_example:/root/install/time_rclpy_example:/root/install/tf2_rclpy_example:/root/install/ros2env:/root/install/omo_r1mini_teleop:/root/install/omo_r1mini_bringup:/root/install/my_first_ros_rclpy_pkg:/root/install/logging_rclpy_example:/opt/ros/foxy /usr/bin/cmake --build /root/catkin_ws/build/drive_base_msgs -- -j12 -l12
[1.748s] [  1%] Built target drive_base_msgs__cpp
[1.919s] [ 12%] Built target drive_base_msgs__rosidl_generator_c
[1.980s] [ 34%] Built target drive_base_msgs__rosidl_typesupport_cpp
[2.154s] [ 78%] Built target drive_base_msgs__rosidl_typesupport_introspection_cpp
[2.157s] [ 78%] Built target drive_base_msgs__rosidl_typesupport_introspection_c
[2.167s] [ 78%] Built target drive_base_msgs__rosidl_typesupport_fastrtps_cpp
[2.178s] [ 78%] Built target drive_base_msgs__rosidl_typesupport_c
[2.250s] [ 80%] Built target drive_base_msgs__rosidl_typesupport_fastrtps_c
[2.274s] [ 80%] Built target drive_base_msgs
[2.297s] [ 80%] Built target drive_base_msgs__py
[2.448s] [ 89%] Built target drive_base_msgs__python
[2.513s] Built target drive_base_msgs__rosidl_typesupport_c__pyext
[2.513s] Built target drive_base_msgs__rosidl_typesupport_fastrtps_c__pyext
[2.526s] Built target drive_base_msgs__rosidl_typesupport_introspection_c__pyext
[2.628s] Invoked command in '/root/catkin_ws/build/drive_base_msgs' returned '0': CMAKE_PREFIX_PATH=${CMAKE_PREFIX_PATH}:/root/catkin_ws/install/topic_service_action_rclpy_example:/root/catkin_ws/install/time_rclpy_example:/root/catkin_ws/install/tf2_rclpy_example:/root/catkin_ws/install/ros2env:/root/catkin_ws/install/omo_r1mini_teleop:/root/catkin_ws/install/omo_r1mini_bringup:/root/catkin_ws/install/my_first_ros_rclpy_pkg:/root/catkin_ws/install/logging_rclpy_example:/root/catkin_ws/install/iahrs_driver:/root/install/topic_service_action_rclpy_example:/root/install/time_rclpy_example:/root/install/tf2_rclpy_example:/root/install/ros2env:/root/install/omo_r1mini_teleop:/root/install/omo_r1mini_bringup:/root/install/my_first_ros_rclpy_pkg:/root/install/logging_rclpy_example:/opt/ros/foxy /usr/bin/cmake --build /root/catkin_ws/build/drive_base_msgs -- -j12 -l12
[3.065s] Invoking command in '/root/catkin_ws/build/drive_base_msgs': CMAKE_PREFIX_PATH=${CMAKE_PREFIX_PATH}:/root/catkin_ws/install/topic_service_action_rclpy_example:/root/catkin_ws/install/time_rclpy_example:/root/catkin_ws/install/tf2_rclpy_example:/root/catkin_ws/install/ros2env:/root/catkin_ws/install/omo_r1mini_teleop:/root/catkin_ws/install/omo_r1mini_bringup:/root/catkin_ws/install/my_first_ros_rclpy_pkg:/root/catkin_ws/install/logging_rclpy_example:/root/catkin_ws/install/iahrs_driver:/root/install/topic_service_action_rclpy_example:/root/install/time_rclpy_example:/root/install/tf2_rclpy_example:/root/install/ros2env:/root/install/omo_r1mini_teleop:/root/install/omo_r1mini_bringup:/root/install/my_first_ros_rclpy_pkg:/root/install/logging_rclpy_example:/opt/ros/foxy /usr/bin/cmake --install /root/catkin_ws/build/drive_base_msgs
[3.094s] -- Install configuration: ""
[3.109s] -- Execute custom install script
[3.110s] -- Up-to-date symlink: /root/catkin_ws/install/drive_base_msgs/share/ament_index/resource_index/rosidl_interfaces/drive_base_msgs
[3.110s] -- Up-to-date symlink: /root/catkin_ws/install/drive_base_msgs/include/drive_base_msgs/msg/base_info.h
[3.110s] -- Up-to-date symlink: /root/catkin_ws/install/drive_base_msgs/include/drive_base_msgs/msg/command_header.h
[3.110s] -- Up-to-date symlink: /root/catkin_ws/install/drive_base_msgs/include/drive_base_msgs/msg/command_status.h
[3.111s] -- Up-to-date symlink: /root/catkin_ws/install/drive_base_msgs/include/drive_base_msgs/msg/detail/base_info__functions.h
[3.112s] -- Up-to-date symlink: /root/catkin_ws/install/drive_base_msgs/include/drive_base_msgs/msg/detail/base_info__struct.h
[3.114s] -- Up-to-date symlink: /root/catkin_ws/install/drive_base_msgs/include/drive_base_msgs/msg/detail/base_info__type_support.h
[3.114s] -- Up-to-date symlink: /root/catkin_ws/install/drive_base_msgs/include/drive_base_msgs/msg/detail/command_header__functions.h
[3.115s] -- Up-to-date symlink: /root/catkin_ws/install/drive_base_msgs/include/drive_base_msgs/msg/detail/command_header__struct.h
[3.116s] -- Up-to-date symlink: /root/catkin_ws/install/drive_base_msgs/include/drive_base_msgs/msg/detail/command_header__type_support.h
[3.117s] -- Up-to-date symlink: /root/catkin_ws/install/drive_base_msgs/include/drive_base_msgs/msg/detail/command_status__functions.h
[3.130s] -- Up-to-date symlink: /root/catkin_ws/install/drive_base_msgs/include/drive_base_msgs/msg/detail/command_status__struct.h
[3.131s] -- Up-to-date symlink: /root/catkin_ws/install/drive_base_msgs/include/drive_base_msgs/msg/detail/command_status__type_support.h
[3.132s] -- Up-to-date symlink: /root/catkin_ws/install/drive_base_msgs/include/drive_base_msgs/msg/detail/trv_command__functions.h
[3.133s] -- Up-to-date symlink: /root/catkin_ws/install/drive_base_msgs/include/drive_base_msgs/msg/detail/trv_command__struct.h
[3.156s] -- Up-to-date symlink: /root/catkin_ws/install/drive_base_msgs/include/drive_base_msgs/msg/detail/trv_command__type_support.h
[3.158s] -- Up-to-date symlink: /root/catkin_ws/install/drive_base_msgs/include/drive_base_msgs/msg/rosidl_generator_c__visibility_control.h
[3.158s] -- Up-to-date symlink: /root/catkin_ws/install/drive_base_msgs/include/drive_base_msgs/msg/trv_command.h
[3.161s] -- Up-to-date symlink: /root/catkin_ws/install/drive_base_msgs/share/drive_base_msgs/environment/library_path.sh
[3.163s] -- Up-to-date symlink: /root/catkin_ws/install/drive_base_msgs/share/drive_base_msgs/environment/library_path.dsv
[3.164s] -- Up-to-date symlink: /root/catkin_ws/install/drive_base_msgs/include/drive_base_msgs/msg/detail/base_info__rosidl_typesupport_fastrtps_c.h
[3.164s] -- Up-to-date symlink: /root/catkin_ws/install/drive_base_msgs/include/drive_base_msgs/msg/detail/command_header__rosidl_typesupport_fastrtps_c.h
[3.164s] -- Up-to-date symlink: /root/catkin_ws/install/drive_base_msgs/include/drive_base_msgs/msg/detail/command_status__rosidl_typesupport_fastrtps_c.h
[3.174s] -- Up-to-date symlink: /root/catkin_ws/install/drive_base_msgs/include/drive_base_msgs/msg/detail/trv_command__rosidl_typesupport_fastrtps_c.h
[3.174s] -- Up-to-date symlink: /root/catkin_ws/install/drive_base_msgs/include/drive_base_msgs/msg/rosidl_typesupport_fastrtps_c__visibility_control.h
[3.175s] -- Up-to-date symlink: /root/catkin_ws/install/drive_base_msgs/lib/libdrive_base_msgs__rosidl_typesupport_fastrtps_c.so
[3.178s] -- Up-to-date symlink: /root/catkin_ws/install/drive_base_msgs/include/drive_base_msgs/msg/detail/base_info__rosidl_typesupport_fastrtps_cpp.hpp
[3.183s] -- Up-to-date symlink: /root/catkin_ws/install/drive_base_msgs/include/drive_base_msgs/msg/detail/command_header__rosidl_typesupport_fastrtps_cpp.hpp
[3.185s] -- Up-to-date symlink: /root/catkin_ws/install/drive_base_msgs/include/drive_base_msgs/msg/detail/command_status__rosidl_typesupport_fastrtps_cpp.hpp
[3.195s] -- Up-to-date symlink: /root/catkin_ws/install/drive_base_msgs/include/drive_base_msgs/msg/detail/trv_command__rosidl_typesupport_fastrtps_cpp.hpp
[3.198s] -- Up-to-date symlink: /root/catkin_ws/install/drive_base_msgs/include/drive_base_msgs/msg/rosidl_typesupport_fastrtps_cpp__visibility_control.h
[3.199s] -- Up-to-date symlink: /root/catkin_ws/install/drive_base_msgs/lib/libdrive_base_msgs__rosidl_typesupport_fastrtps_cpp.so
[3.212s] -- Up-to-date symlink: /root/catkin_ws/install/drive_base_msgs/include/drive_base_msgs/msg/detail/base_info__rosidl_typesupport_introspection_c.h
[3.213s] -- Up-to-date symlink: /root/catkin_ws/install/drive_base_msgs/include/drive_base_msgs/msg/detail/command_header__rosidl_typesupport_introspection_c.h
[3.213s] -- Up-to-date symlink: /root/catkin_ws/install/drive_base_msgs/include/drive_base_msgs/msg/detail/command_status__rosidl_typesupport_introspection_c.h
[3.216s] -- Up-to-date symlink: /root/catkin_ws/install/drive_base_msgs/include/drive_base_msgs/msg/detail/trv_command__rosidl_typesupport_introspection_c.h
[3.217s] -- Up-to-date symlink: /root/catkin_ws/install/drive_base_msgs/include/drive_base_msgs/msg/rosidl_typesupport_introspection_c__visibility_control.h
[3.217s] -- Up-to-date symlink: /root/catkin_ws/install/drive_base_msgs/include/drive_base_msgs/msg/base_info.hpp
[3.218s] -- Up-to-date symlink: /root/catkin_ws/install/drive_base_msgs/include/drive_base_msgs/msg/command_header.hpp
[3.218s] -- Up-to-date symlink: /root/catkin_ws/install/drive_base_msgs/include/drive_base_msgs/msg/command_status.hpp
[3.218s] -- Up-to-date symlink: /root/catkin_ws/install/drive_base_msgs/include/drive_base_msgs/msg/detail/base_info__builder.hpp
[3.225s] -- Up-to-date symlink: /root/catkin_ws/install/drive_base_msgs/include/drive_base_msgs/msg/detail/base_info__struct.hpp
[3.226s] -- Up-to-date symlink: /root/catkin_ws/install/drive_base_msgs/include/drive_base_msgs/msg/detail/base_info__traits.hpp
[3.227s] -- Up-to-date symlink: /root/catkin_ws/install/drive_base_msgs/include/drive_base_msgs/msg/detail/command_header__builder.hpp
[3.227s] -- Up-to-date symlink: /root/catkin_ws/install/drive_base_msgs/include/drive_base_msgs/msg/detail/command_header__struct.hpp
[3.228s] -- Up-to-date symlink: /root/catkin_ws/install/drive_base_msgs/include/drive_base_msgs/msg/detail/command_header__traits.hpp
[3.229s] -- Up-to-date symlink: /root/catkin_ws/install/drive_base_msgs/include/drive_base_msgs/msg/detail/command_status__builder.hpp
[3.230s] -- Up-to-date symlink: /root/catkin_ws/install/drive_base_msgs/include/drive_base_msgs/msg/detail/command_status__struct.hpp
[3.231s] -- Up-to-date symlink: /root/catkin_ws/install/drive_base_msgs/include/drive_base_msgs/msg/detail/command_status__traits.hpp
[3.233s] -- Up-to-date symlink: /root/catkin_ws/install/drive_base_msgs/include/drive_base_msgs/msg/detail/trv_command__builder.hpp
[3.235s] -- Up-to-date symlink: /root/catkin_ws/install/drive_base_msgs/include/drive_base_msgs/msg/detail/trv_command__struct.hpp
[3.235s] -- Up-to-date symlink: /root/catkin_ws/install/drive_base_msgs/include/drive_base_msgs/msg/detail/trv_command__traits.hpp
[3.243s] -- Up-to-date symlink: /root/catkin_ws/install/drive_base_msgs/include/drive_base_msgs/msg/trv_command.hpp
[3.243s] -- Up-to-date symlink: /root/catkin_ws/install/drive_base_msgs/include/drive_base_msgs/msg/detail/base_info__rosidl_typesupport_introspection_cpp.hpp
[3.246s] -- Up-to-date symlink: /root/catkin_ws/install/drive_base_msgs/include/drive_base_msgs/msg/detail/command_header__rosidl_typesupport_introspection_cpp.hpp
[3.250s] -- Up-to-date symlink: /root/catkin_ws/install/drive_base_msgs/include/drive_base_msgs/msg/detail/command_status__rosidl_typesupport_introspection_cpp.hpp
[3.251s] -- Up-to-date symlink: /root/catkin_ws/install/drive_base_msgs/include/drive_base_msgs/msg/detail/trv_command__rosidl_typesupport_introspection_cpp.hpp
[3.252s] -- Up-to-date symlink: /root/catkin_ws/install/drive_base_msgs/share/drive_base_msgs/environment/pythonpath.sh
[3.253s] -- Up-to-date symlink: /root/catkin_ws/install/drive_base_msgs/share/drive_base_msgs/environment/pythonpath.dsv
[3.264s] -- Up-to-date symlink: /root/catkin_ws/install/drive_base_msgs/lib/python3.8/site-packages/drive_base_msgs/__init__.py
[3.274s] -- Up-to-date symlink: /root/catkin_ws/install/drive_base_msgs/lib/python3.8/site-packages/drive_base_msgs/msg/__init__.py
[3.274s] -- Up-to-date symlink: /root/catkin_ws/install/drive_base_msgs/lib/python3.8/site-packages/drive_base_msgs/msg/_base_info.py
[3.274s] -- Up-to-date symlink: /root/catkin_ws/install/drive_base_msgs/lib/python3.8/site-packages/drive_base_msgs/msg/_command_header.py
[3.275s] -- Up-to-date symlink: /root/catkin_ws/install/drive_base_msgs/lib/python3.8/site-packages/drive_base_msgs/msg/_command_status.py
[3.275s] -- Up-to-date symlink: /root/catkin_ws/install/drive_base_msgs/lib/python3.8/site-packages/drive_base_msgs/msg/_trv_command.py
[3.276s] -- Up-to-date symlink: /root/catkin_ws/install/drive_base_msgs/lib/python3.8/site-packages/drive_base_msgs/drive_base_msgs_s__rosidl_typesupport_fastrtps_c.cpython-38-x86_64-linux-gnu.so
[3.285s] -- Up-to-date symlink: /root/catkin_ws/install/drive_base_msgs/lib/python3.8/site-packages/drive_base_msgs/drive_base_msgs_s__rosidl_typesupport_introspection_c.cpython-38-x86_64-linux-gnu.so
[3.291s] -- Up-to-date symlink: /root/catkin_ws/install/drive_base_msgs/lib/python3.8/site-packages/drive_base_msgs/drive_base_msgs_s__rosidl_typesupport_c.cpython-38-x86_64-linux-gnu.so
[3.302s] -- Up-to-date symlink: /root/catkin_ws/install/drive_base_msgs/lib/libdrive_base_msgs__python.so
[3.310s] -- Up-to-date symlink: /root/catkin_ws/install/drive_base_msgs/share/drive_base_msgs/msg/CommandHeader.idl
[3.313s] -- Up-to-date symlink: /root/catkin_ws/install/drive_base_msgs/share/drive_base_msgs/msg/BaseInfo.idl
[3.326s] -- Up-to-date symlink: /root/catkin_ws/install/drive_base_msgs/share/drive_base_msgs/msg/CommandStatus.idl
[3.326s] -- Up-to-date symlink: /root/catkin_ws/install/drive_base_msgs/share/drive_base_msgs/msg/TRVCommand.idl
[3.328s] -- Up-to-date symlink: /root/catkin_ws/install/drive_base_msgs/share/drive_base_msgs/msg/CommandHeader.msg
[3.328s] -- Up-to-date symlink: /root/catkin_ws/install/drive_base_msgs/share/drive_base_msgs/msg/BaseInfo.msg
[3.333s] -- Up-to-date symlink: /root/catkin_ws/install/drive_base_msgs/share/drive_base_msgs/msg/CommandStatus.msg
[3.334s] -- Up-to-date symlink: /root/catkin_ws/install/drive_base_msgs/share/drive_base_msgs/msg/TRVCommand.msg
[3.340s] -- Up-to-date symlink: /root/catkin_ws/install/drive_base_msgs/share/ament_index/resource_index/package_run_dependencies/drive_base_msgs
[3.342s] -- Up-to-date symlink: /root/catkin_ws/install/drive_base_msgs/share/ament_index/resource_index/parent_prefix_path/drive_base_msgs
[3.352s] -- Up-to-date symlink: /root/catkin_ws/install/drive_base_msgs/share/drive_base_msgs/environment/ament_prefix_path.sh
[3.352s] -- Up-to-date symlink: /root/catkin_ws/install/drive_base_msgs/share/drive_base_msgs/environment/ament_prefix_path.dsv
[3.353s] -- Up-to-date symlink: /root/catkin_ws/install/drive_base_msgs/share/drive_base_msgs/environment/path.sh
[3.353s] -- Up-to-date symlink: /root/catkin_ws/install/drive_base_msgs/share/drive_base_msgs/environment/path.dsv
[3.358s] -- Up-to-date symlink: /root/catkin_ws/install/drive_base_msgs/share/drive_base_msgs/local_setup.bash
[3.366s] -- Up-to-date symlink: /root/catkin_ws/install/drive_base_msgs/share/drive_base_msgs/local_setup.sh
[3.368s] -- Up-to-date symlink: /root/catkin_ws/install/drive_base_msgs/share/drive_base_msgs/local_setup.zsh
[3.368s] -- Up-to-date symlink: /root/catkin_ws/install/drive_base_msgs/share/drive_base_msgs/local_setup.dsv
[3.369s] -- Symlinking: /root/catkin_ws/install/drive_base_msgs/share/drive_base_msgs/package.dsv
[3.419s] -- Up-to-date symlink: /root/catkin_ws/install/drive_base_msgs/share/ament_index/resource_index/packages/drive_base_msgs
[3.419s] -- Up-to-date symlink: /root/catkin_ws/install/drive_base_msgs/share/drive_base_msgs/cmake/rosidl_cmake-extras.cmake
[3.419s] -- Up-to-date symlink: /root/catkin_ws/install/drive_base_msgs/share/drive_base_msgs/cmake/ament_cmake_export_dependencies-extras.cmake
[3.435s] -- Up-to-date symlink: /root/catkin_ws/install/drive_base_msgs/share/drive_base_msgs/cmake/ament_cmake_export_libraries-extras.cmake
[3.435s] -- Up-to-date symlink: /root/catkin_ws/install/drive_base_msgs/share/drive_base_msgs/cmake/ament_cmake_export_targets-extras.cmake
[3.441s] -- Up-to-date symlink: /root/catkin_ws/install/drive_base_msgs/share/drive_base_msgs/cmake/ament_cmake_export_include_directories-extras.cmake
[3.445s] -- Up-to-date symlink: /root/catkin_ws/install/drive_base_msgs/share/drive_base_msgs/cmake/rosidl_cmake_export_typesupport_libraries-extras.cmake
[3.459s] -- Up-to-date symlink: /root/catkin_ws/install/drive_base_msgs/share/drive_base_msgs/cmake/rosidl_cmake_export_typesupport_targets-extras.cmake
[3.461s] -- Up-to-date symlink: /root/catkin_ws/install/drive_base_msgs/share/drive_base_msgs/cmake/drive_base_msgsConfig.cmake
[3.462s] -- Up-to-date symlink: /root/catkin_ws/install/drive_base_msgs/share/drive_base_msgs/cmake/drive_base_msgsConfig-version.cmake
[3.476s] -- Up-to-date symlink: /root/catkin_ws/install/drive_base_msgs/share/drive_base_msgs/package.xml
[3.501s] -- Up-to-date: /root/catkin_ws/install/drive_base_msgs/lib/libdrive_base_msgs__rosidl_generator_c.so
[3.511s] -- Up-to-date: /root/catkin_ws/install/drive_base_msgs/lib/libdrive_base_msgs__rosidl_typesupport_introspection_c.so
[3.613s] -- Up-to-date: /root/catkin_ws/install/drive_base_msgs/lib/libdrive_base_msgs__rosidl_typesupport_c.so
[3.615s] -- Up-to-date: /root/catkin_ws/install/drive_base_msgs/lib/libdrive_base_msgs__rosidl_typesupport_introspection_cpp.so
[3.689s] -- Up-to-date: /root/catkin_ws/install/drive_base_msgs/lib/libdrive_base_msgs__rosidl_typesupport_cpp.so
[3.827s] -- Up-to-date: /root/catkin_ws/install/drive_base_msgs/share/drive_base_msgs/cmake/drive_base_msgs__rosidl_generator_cExport.cmake
[3.860s] -- Up-to-date: /root/catkin_ws/install/drive_base_msgs/share/drive_base_msgs/cmake/drive_base_msgs__rosidl_generator_cExport-noconfig.cmake
[3.903s] -- Up-to-date: /root/catkin_ws/install/drive_base_msgs/share/drive_base_msgs/cmake/drive_base_msgs__rosidl_typesupport_introspection_cExport.cmake
[3.945s] -- Up-to-date: /root/catkin_ws/install/drive_base_msgs/share/drive_base_msgs/cmake/drive_base_msgs__rosidl_typesupport_introspection_cExport-noconfig.cmake
[4.017s] -- Up-to-date: /root/catkin_ws/install/drive_base_msgs/share/drive_base_msgs/cmake/drive_base_msgs__rosidl_typesupport_cExport.cmake
[4.044s] -- Up-to-date: /root/catkin_ws/install/drive_base_msgs/share/drive_base_msgs/cmake/drive_base_msgs__rosidl_typesupport_cExport-noconfig.cmake
[4.084s] -- Up-to-date: /root/catkin_ws/install/drive_base_msgs/share/drive_base_msgs/cmake/drive_base_msgs__rosidl_generator_cppExport.cmake
[4.111s] -- Up-to-date: /root/catkin_ws/install/drive_base_msgs/share/drive_base_msgs/cmake/drive_base_msgs__rosidl_typesupport_introspection_cppExport.cmake
[4.150s] -- Up-to-date: /root/catkin_ws/install/drive_base_msgs/share/drive_base_msgs/cmake/drive_base_msgs__rosidl_typesupport_introspection_cppExport-noconfig.cmake
[4.174s] -- Up-to-date: /root/catkin_ws/install/drive_base_msgs/share/drive_base_msgs/cmake/drive_base_msgs__rosidl_typesupport_cppExport.cmake
[4.201s] -- Up-to-date: /root/catkin_ws/install/drive_base_msgs/share/drive_base_msgs/cmake/drive_base_msgs__rosidl_typesupport_cppExport-noconfig.cmake
[4.473s] Invoked command in '/root/catkin_ws/build/drive_base_msgs' returned '0': CMAKE_PREFIX_PATH=${CMAKE_PREFIX_PATH}:/root/catkin_ws/install/topic_service_action_rclpy_example:/root/catkin_ws/install/time_rclpy_example:/root/catkin_ws/install/tf2_rclpy_example:/root/catkin_ws/install/ros2env:/root/catkin_ws/install/omo_r1mini_teleop:/root/catkin_ws/install/omo_r1mini_bringup:/root/catkin_ws/install/my_first_ros_rclpy_pkg:/root/catkin_ws/install/logging_rclpy_example:/root/catkin_ws/install/iahrs_driver:/root/install/topic_service_action_rclpy_example:/root/install/time_rclpy_example:/root/install/tf2_rclpy_example:/root/install/ros2env:/root/install/omo_r1mini_teleop:/root/install/omo_r1mini_bringup:/root/install/my_first_ros_rclpy_pkg:/root/install/logging_rclpy_example:/opt/ros/foxy /usr/bin/cmake --install /root/catkin_ws/build/drive_base_msgs
