[0.308s] Invoking command in '/root/catkin_ws/build/std_srvs': CMAKE_PREFIX_PATH=${CMAKE_PREFIX_PATH}:/root/catkin_ws/install/topic_service_action_rclpy_example:/root/catkin_ws/install/time_rclpy_example:/root/catkin_ws/install/tf2_rclpy_example:/root/catkin_ws/install/sensor_msgs_py:/root/catkin_ws/install/omo_r1mini_teleop:/root/catkin_ws/install/omo_r1mini_bringup:/root/catkin_ws/install/my_first_ros_rclpy_pkg:/root/catkin_ws/install/logging_rclpy_example:/root/catkin_ws/install/iahrs_driver:/root/catkin_ws/install/ros2env:/root/install/topic_service_action_rclpy_example:/root/install/time_rclpy_example:/root/install/tf2_rclpy_example:/root/install/ros2env:/root/install/omo_r1mini_teleop:/root/install/omo_r1mini_bringup:/root/install/my_first_ros_rclpy_pkg:/root/install/logging_rclpy_example:/opt/ros/foxy /usr/bin/cmake --build /root/catkin_ws/build/std_srvs -- -j12 -l12
[0.517s] [  1%] Built target std_srvs__cpp
[0.588s] [ 10%] Built target std_srvs__rosidl_generator_c
[0.688s] [ 18%] Built target std_srvs__rosidl_typesupport_cpp
[0.705s] [ 27%] Built target std_srvs__rosidl_typesupport_microxrcedds_cpp
[0.723s] [ 35%] Built target std_srvs__rosidl_typesupport_c
[0.737s] [ 52%] Built target std_srvs__rosidl_typesupport_introspection_cpp
[0.739s] [ 52%] Built target std_srvs__rosidl_typesupport_fastrtps_cpp
[0.793s] [ 61%] Built target std_srvs__rosidl_typesupport_microxrcedds_c
[0.822s] [ 69%] Built target std_srvs__rosidl_typesupport_introspection_c
[0.841s] [ 77%] Built target std_srvs__rosidl_typesupport_fastrtps_c
[0.914s] [ 77%] Built target std_srvs
[1.005s] [ 79%] Built target std_srvs__py
[1.141s] [ 86%] Built target std_srvs__python
[1.318s] [ 91%] Built target std_srvs__rosidl_typesupport_fastrtps_c__pyext
[1.324s] [ 93%] Built target std_srvs__rosidl_typesupport_microxrcedds_c__pyext
[1.352s] [ 96%] Built target std_srvs__rosidl_typesupport_c__pyext
[1.362s] [100%] Built target std_srvs__rosidl_typesupport_introspection_c__pyext
[2.226s] Invoked command in '/root/catkin_ws/build/std_srvs' returned '0': CMAKE_PREFIX_PATH=${CMAKE_PREFIX_PATH}:/root/catkin_ws/install/topic_service_action_rclpy_example:/root/catkin_ws/install/time_rclpy_example:/root/catkin_ws/install/tf2_rclpy_example:/root/catkin_ws/install/sensor_msgs_py:/root/catkin_ws/install/omo_r1mini_teleop:/root/catkin_ws/install/omo_r1mini_bringup:/root/catkin_ws/install/my_first_ros_rclpy_pkg:/root/catkin_ws/install/logging_rclpy_example:/root/catkin_ws/install/iahrs_driver:/root/catkin_ws/install/ros2env:/root/install/topic_service_action_rclpy_example:/root/install/time_rclpy_example:/root/install/tf2_rclpy_example:/root/install/ros2env:/root/install/omo_r1mini_teleop:/root/install/omo_r1mini_bringup:/root/install/my_first_ros_rclpy_pkg:/root/install/logging_rclpy_example:/opt/ros/foxy /usr/bin/cmake --build /root/catkin_ws/build/std_srvs -- -j12 -l12
[3.304s] Invoking command in '/root/catkin_ws/build/std_srvs': CMAKE_PREFIX_PATH=${CMAKE_PREFIX_PATH}:/root/catkin_ws/install/topic_service_action_rclpy_example:/root/catkin_ws/install/time_rclpy_example:/root/catkin_ws/install/tf2_rclpy_example:/root/catkin_ws/install/sensor_msgs_py:/root/catkin_ws/install/omo_r1mini_teleop:/root/catkin_ws/install/omo_r1mini_bringup:/root/catkin_ws/install/my_first_ros_rclpy_pkg:/root/catkin_ws/install/logging_rclpy_example:/root/catkin_ws/install/iahrs_driver:/root/catkin_ws/install/ros2env:/root/install/topic_service_action_rclpy_example:/root/install/time_rclpy_example:/root/install/tf2_rclpy_example:/root/install/ros2env:/root/install/omo_r1mini_teleop:/root/install/omo_r1mini_bringup:/root/install/my_first_ros_rclpy_pkg:/root/install/logging_rclpy_example:/opt/ros/foxy /usr/bin/cmake --install /root/catkin_ws/build/std_srvs
[3.335s] -- Install configuration: ""
[3.335s] -- Execute custom install script
[3.336s] -- Up-to-date symlink: /root/catkin_ws/install/std_srvs/share/ament_index/resource_index/rosidl_interfaces/std_srvs
[3.336s] -- Up-to-date symlink: /root/catkin_ws/install/std_srvs/include/std_srvs/msg/rosidl_generator_c__visibility_control.h
[3.336s] -- Up-to-date symlink: /root/catkin_ws/install/std_srvs/include/std_srvs/srv/detail/empty__functions.h
[3.336s] -- Up-to-date symlink: /root/catkin_ws/install/std_srvs/include/std_srvs/srv/detail/empty__struct.h
[3.339s] -- Up-to-date symlink: /root/catkin_ws/install/std_srvs/include/std_srvs/srv/detail/empty__type_support.h
[3.340s] -- Up-to-date symlink: /root/catkin_ws/install/std_srvs/include/std_srvs/srv/detail/set_bool__functions.h
[3.340s] -- Up-to-date symlink: /root/catkin_ws/install/std_srvs/include/std_srvs/srv/detail/set_bool__struct.h
[3.340s] -- Up-to-date symlink: /root/catkin_ws/install/std_srvs/include/std_srvs/srv/detail/set_bool__type_support.h
[3.340s] -- Up-to-date symlink: /root/catkin_ws/install/std_srvs/include/std_srvs/srv/detail/trigger__functions.h
[3.340s] -- Up-to-date symlink: /root/catkin_ws/install/std_srvs/include/std_srvs/srv/detail/trigger__struct.h
[3.340s] -- Up-to-date symlink: /root/catkin_ws/install/std_srvs/include/std_srvs/srv/detail/trigger__type_support.h
[3.341s] -- Up-to-date symlink: /root/catkin_ws/install/std_srvs/include/std_srvs/srv/empty.h
[3.341s] -- Up-to-date symlink: /root/catkin_ws/install/std_srvs/include/std_srvs/srv/set_bool.h
[3.341s] -- Up-to-date symlink: /root/catkin_ws/install/std_srvs/include/std_srvs/srv/trigger.h
[3.341s] -- Up-to-date symlink: /root/catkin_ws/install/std_srvs/share/std_srvs/environment/library_path.sh
[3.341s] -- Up-to-date symlink: /root/catkin_ws/install/std_srvs/share/std_srvs/environment/library_path.dsv
[3.341s] -- Up-to-date symlink: /root/catkin_ws/install/std_srvs/include/std_srvs/msg/rosidl_typesupport_microxrcedds_c__visibility_control.h
[3.341s] -- Up-to-date symlink: /root/catkin_ws/install/std_srvs/include/std_srvs/srv/detail/empty__rosidl_typesupport_microxrcedds_c.h
[3.341s] -- Up-to-date symlink: /root/catkin_ws/install/std_srvs/include/std_srvs/srv/detail/set_bool__rosidl_typesupport_microxrcedds_c.h
[3.341s] -- Up-to-date symlink: /root/catkin_ws/install/std_srvs/include/std_srvs/srv/detail/trigger__rosidl_typesupport_microxrcedds_c.h
[3.342s] -- Up-to-date symlink: /root/catkin_ws/install/std_srvs/lib/libstd_srvs__rosidl_typesupport_microxrcedds_c.so
[3.342s] -- Up-to-date symlink: /root/catkin_ws/install/std_srvs/include/std_srvs/msg/rosidl_typesupport_fastrtps_c__visibility_control.h
[3.342s] -- Up-to-date symlink: /root/catkin_ws/install/std_srvs/include/std_srvs/srv/detail/empty__rosidl_typesupport_fastrtps_c.h
[3.342s] -- Up-to-date symlink: /root/catkin_ws/install/std_srvs/include/std_srvs/srv/detail/set_bool__rosidl_typesupport_fastrtps_c.h
[3.342s] -- Up-to-date symlink: /root/catkin_ws/install/std_srvs/include/std_srvs/srv/detail/trigger__rosidl_typesupport_fastrtps_c.h
[3.342s] -- Up-to-date symlink: /root/catkin_ws/install/std_srvs/lib/libstd_srvs__rosidl_typesupport_fastrtps_c.so
[3.342s] -- Up-to-date symlink: /root/catkin_ws/install/std_srvs/include/std_srvs/msg/rosidl_typesupport_fastrtps_cpp__visibility_control.h
[3.342s] -- Up-to-date symlink: /root/catkin_ws/install/std_srvs/include/std_srvs/srv/detail/empty__rosidl_typesupport_fastrtps_cpp.hpp
[3.343s] -- Up-to-date symlink: /root/catkin_ws/install/std_srvs/include/std_srvs/srv/detail/set_bool__rosidl_typesupport_fastrtps_cpp.hpp
[3.344s] -- Up-to-date symlink: /root/catkin_ws/install/std_srvs/include/std_srvs/srv/detail/trigger__rosidl_typesupport_fastrtps_cpp.hpp
[3.344s] -- Up-to-date symlink: /root/catkin_ws/install/std_srvs/lib/libstd_srvs__rosidl_typesupport_fastrtps_cpp.so
[3.345s] -- Up-to-date symlink: /root/catkin_ws/install/std_srvs/include/std_srvs/msg/rosidl_typesupport_introspection_c__visibility_control.h
[3.345s] -- Up-to-date symlink: /root/catkin_ws/install/std_srvs/include/std_srvs/srv/detail/empty__rosidl_typesupport_introspection_c.h
[3.345s] -- Up-to-date symlink: /root/catkin_ws/install/std_srvs/include/std_srvs/srv/detail/set_bool__rosidl_typesupport_introspection_c.h
[3.345s] -- Up-to-date symlink: /root/catkin_ws/install/std_srvs/include/std_srvs/srv/detail/trigger__rosidl_typesupport_introspection_c.h
[3.345s] -- Up-to-date symlink: /root/catkin_ws/install/std_srvs/include/std_srvs/srv/detail/empty__builder.hpp
[3.345s] -- Up-to-date symlink: /root/catkin_ws/install/std_srvs/include/std_srvs/srv/detail/empty__struct.hpp
[3.346s] -- Up-to-date symlink: /root/catkin_ws/install/std_srvs/include/std_srvs/srv/detail/empty__traits.hpp
[3.346s] -- Up-to-date symlink: /root/catkin_ws/install/std_srvs/include/std_srvs/srv/detail/set_bool__builder.hpp
[3.346s] -- Up-to-date symlink: /root/catkin_ws/install/std_srvs/include/std_srvs/srv/detail/set_bool__struct.hpp
[3.346s] -- Up-to-date symlink: /root/catkin_ws/install/std_srvs/include/std_srvs/srv/detail/set_bool__traits.hpp
[3.346s] -- Up-to-date symlink: /root/catkin_ws/install/std_srvs/include/std_srvs/srv/detail/trigger__builder.hpp
[3.346s] -- Up-to-date symlink: /root/catkin_ws/install/std_srvs/include/std_srvs/srv/detail/trigger__struct.hpp
[3.346s] -- Up-to-date symlink: /root/catkin_ws/install/std_srvs/include/std_srvs/srv/detail/trigger__traits.hpp
[3.347s] -- Up-to-date symlink: /root/catkin_ws/install/std_srvs/include/std_srvs/srv/empty.hpp
[3.347s] -- Up-to-date symlink: /root/catkin_ws/install/std_srvs/include/std_srvs/srv/set_bool.hpp
[3.347s] -- Up-to-date symlink: /root/catkin_ws/install/std_srvs/include/std_srvs/srv/trigger.hpp
[3.347s] -- Up-to-date symlink: /root/catkin_ws/install/std_srvs/include/std_srvs/msg/rosidl_typesupport_microxrcedds_cpp__visibility_control.h
[3.348s] -- Up-to-date symlink: /root/catkin_ws/install/std_srvs/include/std_srvs/srv/detail/empty__rosidl_typesupport_microxrcedds_cpp.hpp
[3.348s] -- Up-to-date symlink: /root/catkin_ws/install/std_srvs/include/std_srvs/srv/detail/microxrcedds/empty__type_support_cpp.cpp
[3.348s] -- Up-to-date symlink: /root/catkin_ws/install/std_srvs/include/std_srvs/srv/detail/microxrcedds/set_bool__type_support_cpp.cpp
[3.348s] -- Up-to-date symlink: /root/catkin_ws/install/std_srvs/include/std_srvs/srv/detail/microxrcedds/trigger__type_support_cpp.cpp
[3.349s] -- Up-to-date symlink: /root/catkin_ws/install/std_srvs/include/std_srvs/srv/detail/set_bool__rosidl_typesupport_microxrcedds_cpp.hpp
[3.349s] -- Up-to-date symlink: /root/catkin_ws/install/std_srvs/include/std_srvs/srv/detail/trigger__rosidl_typesupport_microxrcedds_cpp.hpp
[3.349s] -- Up-to-date symlink: /root/catkin_ws/install/std_srvs/lib/libstd_srvs__rosidl_typesupport_microxrcedds_cpp.so
[3.349s] -- Up-to-date symlink: /root/catkin_ws/install/std_srvs/include/std_srvs/srv/detail/empty__rosidl_typesupport_introspection_cpp.hpp
[3.350s] -- Up-to-date symlink: /root/catkin_ws/install/std_srvs/include/std_srvs/srv/detail/set_bool__rosidl_typesupport_introspection_cpp.hpp
[3.359s] -- Up-to-date symlink: /root/catkin_ws/install/std_srvs/include/std_srvs/srv/detail/trigger__rosidl_typesupport_introspection_cpp.hpp
[3.360s] -- Up-to-date symlink: /root/catkin_ws/install/std_srvs/share/std_srvs/environment/pythonpath.sh
[3.360s] -- Up-to-date symlink: /root/catkin_ws/install/std_srvs/share/std_srvs/environment/pythonpath.dsv
[3.361s] -- Up-to-date symlink: /root/catkin_ws/install/std_srvs/lib/python3.8/site-packages/std_srvs/__init__.py
[3.361s] -- Up-to-date symlink: /root/catkin_ws/install/std_srvs/lib/python3.8/site-packages/std_srvs/srv/__init__.py
[3.361s] -- Up-to-date symlink: /root/catkin_ws/install/std_srvs/lib/python3.8/site-packages/std_srvs/srv/_empty.py
[3.361s] -- Up-to-date symlink: /root/catkin_ws/install/std_srvs/lib/python3.8/site-packages/std_srvs/srv/_set_bool.py
[3.361s] -- Up-to-date symlink: /root/catkin_ws/install/std_srvs/lib/python3.8/site-packages/std_srvs/srv/_trigger.py
[3.361s] -- Up-to-date symlink: /root/catkin_ws/install/std_srvs/lib/python3.8/site-packages/std_srvs/std_srvs_s__rosidl_typesupport_microxrcedds_c.cpython-38-x86_64-linux-gnu.so
[3.361s] -- Up-to-date symlink: /root/catkin_ws/install/std_srvs/lib/python3.8/site-packages/std_srvs/std_srvs_s__rosidl_typesupport_fastrtps_c.cpython-38-x86_64-linux-gnu.so
[3.362s] -- Up-to-date symlink: /root/catkin_ws/install/std_srvs/lib/python3.8/site-packages/std_srvs/std_srvs_s__rosidl_typesupport_introspection_c.cpython-38-x86_64-linux-gnu.so
[3.362s] -- Up-to-date symlink: /root/catkin_ws/install/std_srvs/lib/python3.8/site-packages/std_srvs/std_srvs_s__rosidl_typesupport_c.cpython-38-x86_64-linux-gnu.so
[3.362s] -- Up-to-date symlink: /root/catkin_ws/install/std_srvs/lib/libstd_srvs__python.so
[3.362s] -- Up-to-date symlink: /root/catkin_ws/install/std_srvs/share/std_srvs/srv/Empty.idl
[3.362s] -- Up-to-date symlink: /root/catkin_ws/install/std_srvs/share/std_srvs/srv/SetBool.idl
[3.362s] -- Up-to-date symlink: /root/catkin_ws/install/std_srvs/share/std_srvs/srv/Trigger.idl
[3.362s] -- Up-to-date symlink: /root/catkin_ws/install/std_srvs/share/std_srvs/srv/Empty.srv
[3.362s] -- Up-to-date symlink: /root/catkin_ws/install/std_srvs/share/std_srvs/srv/Empty_Request.msg
[3.363s] -- Up-to-date symlink: /root/catkin_ws/install/std_srvs/share/std_srvs/srv/Empty_Response.msg
[3.363s] -- Up-to-date symlink: /root/catkin_ws/install/std_srvs/share/std_srvs/srv/SetBool.srv
[3.363s] -- Up-to-date symlink: /root/catkin_ws/install/std_srvs/share/std_srvs/srv/SetBool_Request.msg
[3.363s] -- Up-to-date symlink: /root/catkin_ws/install/std_srvs/share/std_srvs/srv/SetBool_Response.msg
[3.365s] -- Up-to-date symlink: /root/catkin_ws/install/std_srvs/share/std_srvs/srv/Trigger.srv
[3.365s] -- Up-to-date symlink: /root/catkin_ws/install/std_srvs/share/std_srvs/srv/Trigger_Request.msg
[3.365s] -- Up-to-date symlink: /root/catkin_ws/install/std_srvs/share/std_srvs/srv/Trigger_Response.msg
[3.366s] -- Up-to-date symlink: /root/catkin_ws/install/std_srvs/share/ament_index/resource_index/package_run_dependencies/std_srvs
[3.366s] -- Up-to-date symlink: /root/catkin_ws/install/std_srvs/share/ament_index/resource_index/parent_prefix_path/std_srvs
[3.366s] -- Up-to-date symlink: /root/catkin_ws/install/std_srvs/share/std_srvs/environment/ament_prefix_path.sh
[3.366s] -- Up-to-date symlink: /root/catkin_ws/install/std_srvs/share/std_srvs/environment/ament_prefix_path.dsv
[3.366s] -- Up-to-date symlink: /root/catkin_ws/install/std_srvs/share/std_srvs/environment/path.sh
[3.367s] -- Up-to-date symlink: /root/catkin_ws/install/std_srvs/share/std_srvs/environment/path.dsv
[3.367s] -- Up-to-date symlink: /root/catkin_ws/install/std_srvs/share/std_srvs/local_setup.bash
[3.367s] -- Up-to-date symlink: /root/catkin_ws/install/std_srvs/share/std_srvs/local_setup.sh
[3.367s] -- Up-to-date symlink: /root/catkin_ws/install/std_srvs/share/std_srvs/local_setup.zsh
[3.367s] -- Up-to-date symlink: /root/catkin_ws/install/std_srvs/share/std_srvs/local_setup.dsv
[3.368s] -- Symlinking: /root/catkin_ws/install/std_srvs/share/std_srvs/package.dsv
[3.434s] -- Up-to-date symlink: /root/catkin_ws/install/std_srvs/share/ament_index/resource_index/packages/std_srvs
[3.434s] -- Up-to-date symlink: /root/catkin_ws/install/std_srvs/share/std_srvs/cmake/rosidl_cmake-extras.cmake
[3.434s] -- Up-to-date symlink: /root/catkin_ws/install/std_srvs/share/std_srvs/cmake/ament_cmake_export_dependencies-extras.cmake
[3.435s] -- Up-to-date symlink: /root/catkin_ws/install/std_srvs/share/std_srvs/cmake/ament_cmake_export_libraries-extras.cmake
[3.435s] -- Up-to-date symlink: /root/catkin_ws/install/std_srvs/share/std_srvs/cmake/ament_cmake_export_targets-extras.cmake
[3.435s] -- Up-to-date symlink: /root/catkin_ws/install/std_srvs/share/std_srvs/cmake/ament_cmake_export_include_directories-extras.cmake
[3.435s] -- Up-to-date symlink: /root/catkin_ws/install/std_srvs/share/std_srvs/cmake/rosidl_cmake_export_typesupport_libraries-extras.cmake
[3.435s] -- Up-to-date symlink: /root/catkin_ws/install/std_srvs/share/std_srvs/cmake/rosidl_cmake_export_typesupport_targets-extras.cmake
[3.435s] -- Up-to-date symlink: /root/catkin_ws/install/std_srvs/share/std_srvs/cmake/std_srvsConfig.cmake
[3.435s] -- Up-to-date symlink: /root/catkin_ws/install/std_srvs/share/std_srvs/cmake/std_srvsConfig-version.cmake
[3.435s] -- Up-to-date symlink: /root/catkin_ws/install/std_srvs/share/std_srvs/package.xml
[3.435s] -- Up-to-date: /root/catkin_ws/install/std_srvs/lib/libstd_srvs__rosidl_generator_c.so
[3.435s] -- Up-to-date: /root/catkin_ws/install/std_srvs/lib/libstd_srvs__rosidl_typesupport_introspection_c.so
[3.436s] -- Up-to-date: /root/catkin_ws/install/std_srvs/lib/libstd_srvs__rosidl_typesupport_c.so
[3.436s] -- Up-to-date: /root/catkin_ws/install/std_srvs/lib/libstd_srvs__rosidl_typesupport_introspection_cpp.so
[3.436s] -- Up-to-date: /root/catkin_ws/install/std_srvs/lib/libstd_srvs__rosidl_typesupport_cpp.so
[3.609s] -- Up-to-date: /root/catkin_ws/install/std_srvs/share/std_srvs/cmake/std_srvs__rosidl_generator_cExport.cmake
[3.609s] -- Up-to-date: /root/catkin_ws/install/std_srvs/share/std_srvs/cmake/std_srvs__rosidl_generator_cExport-noconfig.cmake
[3.609s] -- Up-to-date: /root/catkin_ws/install/std_srvs/share/std_srvs/cmake/std_srvs__rosidl_typesupport_introspection_cExport.cmake
[3.610s] -- Up-to-date: /root/catkin_ws/install/std_srvs/share/std_srvs/cmake/std_srvs__rosidl_typesupport_introspection_cExport-noconfig.cmake
[3.610s] -- Up-to-date: /root/catkin_ws/install/std_srvs/share/std_srvs/cmake/std_srvs__rosidl_typesupport_cExport.cmake
[3.610s] -- Up-to-date: /root/catkin_ws/install/std_srvs/share/std_srvs/cmake/std_srvs__rosidl_typesupport_cExport-noconfig.cmake
[3.610s] -- Up-to-date: /root/catkin_ws/install/std_srvs/share/std_srvs/cmake/std_srvs__rosidl_generator_cppExport.cmake
[3.610s] -- Up-to-date: /root/catkin_ws/install/std_srvs/share/std_srvs/cmake/std_srvs__rosidl_typesupport_introspection_cppExport.cmake
[3.611s] -- Up-to-date: /root/catkin_ws/install/std_srvs/share/std_srvs/cmake/std_srvs__rosidl_typesupport_introspection_cppExport-noconfig.cmake
[3.611s] -- Up-to-date: /root/catkin_ws/install/std_srvs/share/std_srvs/cmake/std_srvs__rosidl_typesupport_cppExport.cmake
[3.611s] -- Up-to-date: /root/catkin_ws/install/std_srvs/share/std_srvs/cmake/std_srvs__rosidl_typesupport_cppExport-noconfig.cmake
[3.714s] Invoked command in '/root/catkin_ws/build/std_srvs' returned '0': CMAKE_PREFIX_PATH=${CMAKE_PREFIX_PATH}:/root/catkin_ws/install/topic_service_action_rclpy_example:/root/catkin_ws/install/time_rclpy_example:/root/catkin_ws/install/tf2_rclpy_example:/root/catkin_ws/install/sensor_msgs_py:/root/catkin_ws/install/omo_r1mini_teleop:/root/catkin_ws/install/omo_r1mini_bringup:/root/catkin_ws/install/my_first_ros_rclpy_pkg:/root/catkin_ws/install/logging_rclpy_example:/root/catkin_ws/install/iahrs_driver:/root/catkin_ws/install/ros2env:/root/install/topic_service_action_rclpy_example:/root/install/time_rclpy_example:/root/install/tf2_rclpy_example:/root/install/ros2env:/root/install/omo_r1mini_teleop:/root/install/omo_r1mini_bringup:/root/install/my_first_ros_rclpy_pkg:/root/install/logging_rclpy_example:/opt/ros/foxy /usr/bin/cmake --install /root/catkin_ws/build/std_srvs
