[0.328s] Invoking command in '/root/catkin_ws/build/unique_identifier_msgs': CMAKE_PREFIX_PATH=${CMAKE_PREFIX_PATH}:/root/catkin_ws/install/topic_service_action_rclpy_example:/root/catkin_ws/install/time_rclpy_example:/root/catkin_ws/install/tf2_rclpy_example:/root/catkin_ws/install/sensor_msgs_py:/root/catkin_ws/install/omo_r1mini_teleop:/root/catkin_ws/install/omo_r1mini_bringup:/root/catkin_ws/install/my_first_ros_rclpy_pkg:/root/catkin_ws/install/logging_rclpy_example:/root/catkin_ws/install/iahrs_driver:/root/catkin_ws/install/ros2env:/root/install/topic_service_action_rclpy_example:/root/install/time_rclpy_example:/root/install/tf2_rclpy_example:/root/install/ros2env:/root/install/omo_r1mini_teleop:/root/install/omo_r1mini_bringup:/root/install/my_first_ros_rclpy_pkg:/root/install/logging_rclpy_example:/opt/ros/foxy /usr/bin/cmake --build /root/catkin_ws/build/unique_identifier_msgs -- -j12 -l12
[0.567s] [  2%] Built target unique_identifier_msgs__cpp
[0.680s] [ 10%] Built target unique_identifier_msgs__rosidl_generator_c
[0.758s] [ 17%] Built target unique_identifier_msgs__rosidl_typesupport_introspection_cpp
[0.803s] [ 28%] Built target unique_identifier_msgs__rosidl_typesupport_cpp
[0.806s] [ 33%] Built target unique_identifier_msgs__rosidl_typesupport_fastrtps_cpp
[0.827s] [ 41%] Built target unique_identifier_msgs__rosidl_typesupport_microxrcedds_cpp
[0.870s] [ 48%] Built target unique_identifier_msgs__rosidl_typesupport_c
[0.902s] [ 56%] Built target unique_identifier_msgs__rosidl_typesupport_microxrcedds_c
[0.915s] [ 64%] Built target unique_identifier_msgs__rosidl_typesupport_introspection_c
[0.928s] [ 71%] Built target unique_identifier_msgs__rosidl_typesupport_fastrtps_c
[1.000s] [ 71%] Built target unique_identifier_msgs
[1.056s] [ 74%] Built target unique_identifier_msgs__py
[1.230s] [ 79%] Built target unique_identifier_msgs__python
[1.386s] [ 84%] Built target unique_identifier_msgs__rosidl_typesupport_c__pyext
[1.439s] [ 89%] Built target unique_identifier_msgs__rosidl_typesupport_fastrtps_c__pyext
[1.460s] [ 94%] Built target unique_identifier_msgs__rosidl_typesupport_microxrcedds_c__pyext
[1.485s] [100%] Built target unique_identifier_msgs__rosidl_typesupport_introspection_c__pyext
[2.352s] Invoked command in '/root/catkin_ws/build/unique_identifier_msgs' returned '0': CMAKE_PREFIX_PATH=${CMAKE_PREFIX_PATH}:/root/catkin_ws/install/topic_service_action_rclpy_example:/root/catkin_ws/install/time_rclpy_example:/root/catkin_ws/install/tf2_rclpy_example:/root/catkin_ws/install/sensor_msgs_py:/root/catkin_ws/install/omo_r1mini_teleop:/root/catkin_ws/install/omo_r1mini_bringup:/root/catkin_ws/install/my_first_ros_rclpy_pkg:/root/catkin_ws/install/logging_rclpy_example:/root/catkin_ws/install/iahrs_driver:/root/catkin_ws/install/ros2env:/root/install/topic_service_action_rclpy_example:/root/install/time_rclpy_example:/root/install/tf2_rclpy_example:/root/install/ros2env:/root/install/omo_r1mini_teleop:/root/install/omo_r1mini_bringup:/root/install/my_first_ros_rclpy_pkg:/root/install/logging_rclpy_example:/opt/ros/foxy /usr/bin/cmake --build /root/catkin_ws/build/unique_identifier_msgs -- -j12 -l12
[2.969s] Invoking command in '/root/catkin_ws/build/unique_identifier_msgs': CMAKE_PREFIX_PATH=${CMAKE_PREFIX_PATH}:/root/catkin_ws/install/topic_service_action_rclpy_example:/root/catkin_ws/install/time_rclpy_example:/root/catkin_ws/install/tf2_rclpy_example:/root/catkin_ws/install/sensor_msgs_py:/root/catkin_ws/install/omo_r1mini_teleop:/root/catkin_ws/install/omo_r1mini_bringup:/root/catkin_ws/install/my_first_ros_rclpy_pkg:/root/catkin_ws/install/logging_rclpy_example:/root/catkin_ws/install/iahrs_driver:/root/catkin_ws/install/ros2env:/root/install/topic_service_action_rclpy_example:/root/install/time_rclpy_example:/root/install/tf2_rclpy_example:/root/install/ros2env:/root/install/omo_r1mini_teleop:/root/install/omo_r1mini_bringup:/root/install/my_first_ros_rclpy_pkg:/root/install/logging_rclpy_example:/opt/ros/foxy /usr/bin/cmake --install /root/catkin_ws/build/unique_identifier_msgs
[3.042s] -- Install configuration: ""
[3.042s] -- Execute custom install script
[3.043s] -- Up-to-date symlink: /root/catkin_ws/install/unique_identifier_msgs/share/ament_index/resource_index/rosidl_interfaces/unique_identifier_msgs
[3.043s] -- Up-to-date symlink: /root/catkin_ws/install/unique_identifier_msgs/include/unique_identifier_msgs/msg/detail/uuid__functions.h
[3.043s] -- Up-to-date symlink: /root/catkin_ws/install/unique_identifier_msgs/include/unique_identifier_msgs/msg/detail/uuid__struct.h
[3.043s] -- Up-to-date symlink: /root/catkin_ws/install/unique_identifier_msgs/include/unique_identifier_msgs/msg/detail/uuid__type_support.h
[3.043s] -- Up-to-date symlink: /root/catkin_ws/install/unique_identifier_msgs/include/unique_identifier_msgs/msg/rosidl_generator_c__visibility_control.h
[3.043s] -- Up-to-date symlink: /root/catkin_ws/install/unique_identifier_msgs/include/unique_identifier_msgs/msg/uuid.h
[3.063s] -- Up-to-date symlink: /root/catkin_ws/install/unique_identifier_msgs/share/unique_identifier_msgs/environment/library_path.sh
[3.063s] -- Up-to-date symlink: /root/catkin_ws/install/unique_identifier_msgs/share/unique_identifier_msgs/environment/library_path.dsv
[3.063s] -- Up-to-date symlink: /root/catkin_ws/install/unique_identifier_msgs/include/unique_identifier_msgs/msg/detail/uuid__rosidl_typesupport_microxrcedds_c.h
[3.064s] -- Up-to-date symlink: /root/catkin_ws/install/unique_identifier_msgs/include/unique_identifier_msgs/msg/rosidl_typesupport_microxrcedds_c__visibility_control.h
[3.066s] -- Up-to-date symlink: /root/catkin_ws/install/unique_identifier_msgs/lib/libunique_identifier_msgs__rosidl_typesupport_microxrcedds_c.so
[3.072s] -- Up-to-date symlink: /root/catkin_ws/install/unique_identifier_msgs/include/unique_identifier_msgs/msg/detail/uuid__rosidl_typesupport_fastrtps_c.h
[3.072s] -- Up-to-date symlink: /root/catkin_ws/install/unique_identifier_msgs/include/unique_identifier_msgs/msg/rosidl_typesupport_fastrtps_c__visibility_control.h
[3.072s] -- Up-to-date symlink: /root/catkin_ws/install/unique_identifier_msgs/lib/libunique_identifier_msgs__rosidl_typesupport_fastrtps_c.so
[3.086s] -- Up-to-date symlink: /root/catkin_ws/install/unique_identifier_msgs/include/unique_identifier_msgs/msg/detail/uuid__rosidl_typesupport_fastrtps_cpp.hpp
[3.086s] -- Up-to-date symlink: /root/catkin_ws/install/unique_identifier_msgs/include/unique_identifier_msgs/msg/rosidl_typesupport_fastrtps_cpp__visibility_control.h
[3.087s] -- Up-to-date symlink: /root/catkin_ws/install/unique_identifier_msgs/lib/libunique_identifier_msgs__rosidl_typesupport_fastrtps_cpp.so
[3.087s] -- Up-to-date symlink: /root/catkin_ws/install/unique_identifier_msgs/include/unique_identifier_msgs/msg/detail/uuid__rosidl_typesupport_introspection_c.h
[3.087s] -- Up-to-date symlink: /root/catkin_ws/install/unique_identifier_msgs/include/unique_identifier_msgs/msg/rosidl_typesupport_introspection_c__visibility_control.h
[3.087s] -- Up-to-date symlink: /root/catkin_ws/install/unique_identifier_msgs/include/unique_identifier_msgs/msg/detail/uuid__builder.hpp
[3.087s] -- Up-to-date symlink: /root/catkin_ws/install/unique_identifier_msgs/include/unique_identifier_msgs/msg/detail/uuid__struct.hpp
[3.087s] -- Up-to-date symlink: /root/catkin_ws/install/unique_identifier_msgs/include/unique_identifier_msgs/msg/detail/uuid__traits.hpp
[3.087s] -- Up-to-date symlink: /root/catkin_ws/install/unique_identifier_msgs/include/unique_identifier_msgs/msg/uuid.hpp
[3.087s] -- Up-to-date symlink: /root/catkin_ws/install/unique_identifier_msgs/include/unique_identifier_msgs/msg/detail/microxrcedds/uuid__type_support_cpp.cpp
[3.087s] -- Up-to-date symlink: /root/catkin_ws/install/unique_identifier_msgs/include/unique_identifier_msgs/msg/detail/uuid__rosidl_typesupport_microxrcedds_cpp.hpp
[3.088s] -- Up-to-date symlink: /root/catkin_ws/install/unique_identifier_msgs/include/unique_identifier_msgs/msg/rosidl_typesupport_microxrcedds_cpp__visibility_control.h
[3.088s] -- Up-to-date symlink: /root/catkin_ws/install/unique_identifier_msgs/lib/libunique_identifier_msgs__rosidl_typesupport_microxrcedds_cpp.so
[3.100s] -- Up-to-date symlink: /root/catkin_ws/install/unique_identifier_msgs/include/unique_identifier_msgs/msg/detail/uuid__rosidl_typesupport_introspection_cpp.hpp
[3.100s] -- Up-to-date symlink: /root/catkin_ws/install/unique_identifier_msgs/share/unique_identifier_msgs/environment/pythonpath.sh
[3.100s] -- Up-to-date symlink: /root/catkin_ws/install/unique_identifier_msgs/share/unique_identifier_msgs/environment/pythonpath.dsv
[3.100s] -- Up-to-date symlink: /root/catkin_ws/install/unique_identifier_msgs/lib/python3.8/site-packages/unique_identifier_msgs/__init__.py
[3.100s] -- Up-to-date symlink: /root/catkin_ws/install/unique_identifier_msgs/lib/python3.8/site-packages/unique_identifier_msgs/msg/__init__.py
[3.100s] -- Up-to-date symlink: /root/catkin_ws/install/unique_identifier_msgs/lib/python3.8/site-packages/unique_identifier_msgs/msg/_uuid.py
[3.101s] -- Up-to-date symlink: /root/catkin_ws/install/unique_identifier_msgs/lib/python3.8/site-packages/unique_identifier_msgs/unique_identifier_msgs_s__rosidl_typesupport_microxrcedds_c.cpython-38-x86_64-linux-gnu.so
[3.108s] -- Up-to-date symlink: /root/catkin_ws/install/unique_identifier_msgs/lib/python3.8/site-packages/unique_identifier_msgs/unique_identifier_msgs_s__rosidl_typesupport_fastrtps_c.cpython-38-x86_64-linux-gnu.so
[3.108s] -- Up-to-date symlink: /root/catkin_ws/install/unique_identifier_msgs/lib/python3.8/site-packages/unique_identifier_msgs/unique_identifier_msgs_s__rosidl_typesupport_introspection_c.cpython-38-x86_64-linux-gnu.so
[3.108s] -- Up-to-date symlink: /root/catkin_ws/install/unique_identifier_msgs/lib/python3.8/site-packages/unique_identifier_msgs/unique_identifier_msgs_s__rosidl_typesupport_c.cpython-38-x86_64-linux-gnu.so
[3.108s] -- Up-to-date symlink: /root/catkin_ws/install/unique_identifier_msgs/lib/libunique_identifier_msgs__python.so
[3.109s] -- Up-to-date symlink: /root/catkin_ws/install/unique_identifier_msgs/share/unique_identifier_msgs/msg/UUID.idl
[3.109s] -- Up-to-date symlink: /root/catkin_ws/install/unique_identifier_msgs/share/unique_identifier_msgs/msg/UUID.msg
[3.109s] -- Up-to-date symlink: /root/catkin_ws/install/unique_identifier_msgs/share/ament_index/resource_index/package_run_dependencies/unique_identifier_msgs
[3.109s] -- Up-to-date symlink: /root/catkin_ws/install/unique_identifier_msgs/share/ament_index/resource_index/parent_prefix_path/unique_identifier_msgs
[3.109s] -- Up-to-date symlink: /root/catkin_ws/install/unique_identifier_msgs/share/unique_identifier_msgs/environment/ament_prefix_path.sh
[3.110s] -- Up-to-date symlink: /root/catkin_ws/install/unique_identifier_msgs/share/unique_identifier_msgs/environment/ament_prefix_path.dsv
[3.110s] -- Up-to-date symlink: /root/catkin_ws/install/unique_identifier_msgs/share/unique_identifier_msgs/environment/path.sh
[3.110s] -- Up-to-date symlink: /root/catkin_ws/install/unique_identifier_msgs/share/unique_identifier_msgs/environment/path.dsv
[3.110s] -- Up-to-date symlink: /root/catkin_ws/install/unique_identifier_msgs/share/unique_identifier_msgs/local_setup.bash
[3.110s] -- Up-to-date symlink: /root/catkin_ws/install/unique_identifier_msgs/share/unique_identifier_msgs/local_setup.sh
[3.110s] -- Up-to-date symlink: /root/catkin_ws/install/unique_identifier_msgs/share/unique_identifier_msgs/local_setup.zsh
[3.110s] -- Up-to-date symlink: /root/catkin_ws/install/unique_identifier_msgs/share/unique_identifier_msgs/local_setup.dsv
[3.110s] -- Symlinking: /root/catkin_ws/install/unique_identifier_msgs/share/unique_identifier_msgs/package.dsv
[3.143s] -- Up-to-date symlink: /root/catkin_ws/install/unique_identifier_msgs/share/ament_index/resource_index/packages/unique_identifier_msgs
[3.144s] -- Up-to-date symlink: /root/catkin_ws/install/unique_identifier_msgs/share/unique_identifier_msgs/cmake/rosidl_cmake-extras.cmake
[3.144s] -- Up-to-date symlink: /root/catkin_ws/install/unique_identifier_msgs/share/unique_identifier_msgs/cmake/ament_cmake_export_dependencies-extras.cmake
[3.145s] -- Up-to-date symlink: /root/catkin_ws/install/unique_identifier_msgs/share/unique_identifier_msgs/cmake/ament_cmake_export_libraries-extras.cmake
[3.145s] -- Up-to-date symlink: /root/catkin_ws/install/unique_identifier_msgs/share/unique_identifier_msgs/cmake/ament_cmake_export_targets-extras.cmake
[3.145s] -- Up-to-date symlink: /root/catkin_ws/install/unique_identifier_msgs/share/unique_identifier_msgs/cmake/ament_cmake_export_include_directories-extras.cmake
[3.146s] -- Up-to-date symlink: /root/catkin_ws/install/unique_identifier_msgs/share/unique_identifier_msgs/cmake/rosidl_cmake_export_typesupport_libraries-extras.cmake
[3.146s] -- Up-to-date symlink: /root/catkin_ws/install/unique_identifier_msgs/share/unique_identifier_msgs/cmake/rosidl_cmake_export_typesupport_targets-extras.cmake
[3.147s] -- Up-to-date symlink: /root/catkin_ws/install/unique_identifier_msgs/share/unique_identifier_msgs/cmake/unique_identifier_msgsConfig.cmake
[3.147s] -- Up-to-date symlink: /root/catkin_ws/install/unique_identifier_msgs/share/unique_identifier_msgs/cmake/unique_identifier_msgsConfig-version.cmake
[3.148s] -- Up-to-date symlink: /root/catkin_ws/install/unique_identifier_msgs/share/unique_identifier_msgs/package.xml
[3.148s] -- Up-to-date symlink: /root/catkin_ws/install/unique_identifier_msgs/share/unique_identifier_msgs/mapping_rules.yaml
[3.149s] -- Up-to-date: /root/catkin_ws/install/unique_identifier_msgs/lib/libunique_identifier_msgs__rosidl_generator_c.so
[3.149s] -- Up-to-date: /root/catkin_ws/install/unique_identifier_msgs/lib/libunique_identifier_msgs__rosidl_typesupport_introspection_c.so
[3.150s] -- Up-to-date: /root/catkin_ws/install/unique_identifier_msgs/lib/libunique_identifier_msgs__rosidl_typesupport_c.so
[3.150s] -- Up-to-date: /root/catkin_ws/install/unique_identifier_msgs/lib/libunique_identifier_msgs__rosidl_typesupport_introspection_cpp.so
[3.151s] -- Up-to-date: /root/catkin_ws/install/unique_identifier_msgs/lib/libunique_identifier_msgs__rosidl_typesupport_cpp.so
[3.356s] -- Up-to-date: /root/catkin_ws/install/unique_identifier_msgs/share/unique_identifier_msgs/cmake/unique_identifier_msgs__rosidl_generator_cExport.cmake
[3.356s] -- Up-to-date: /root/catkin_ws/install/unique_identifier_msgs/share/unique_identifier_msgs/cmake/unique_identifier_msgs__rosidl_generator_cExport-noconfig.cmake
[3.357s] -- Up-to-date: /root/catkin_ws/install/unique_identifier_msgs/share/unique_identifier_msgs/cmake/unique_identifier_msgs__rosidl_typesupport_introspection_cExport.cmake
[3.357s] -- Up-to-date: /root/catkin_ws/install/unique_identifier_msgs/share/unique_identifier_msgs/cmake/unique_identifier_msgs__rosidl_typesupport_introspection_cExport-noconfig.cmake
[3.357s] -- Up-to-date: /root/catkin_ws/install/unique_identifier_msgs/share/unique_identifier_msgs/cmake/unique_identifier_msgs__rosidl_typesupport_cExport.cmake
[3.358s] -- Up-to-date: /root/catkin_ws/install/unique_identifier_msgs/share/unique_identifier_msgs/cmake/unique_identifier_msgs__rosidl_typesupport_cExport-noconfig.cmake
[3.358s] -- Up-to-date: /root/catkin_ws/install/unique_identifier_msgs/share/unique_identifier_msgs/cmake/unique_identifier_msgs__rosidl_generator_cppExport.cmake
[3.359s] -- Up-to-date: /root/catkin_ws/install/unique_identifier_msgs/share/unique_identifier_msgs/cmake/unique_identifier_msgs__rosidl_typesupport_introspection_cppExport.cmake
[3.359s] -- Up-to-date: /root/catkin_ws/install/unique_identifier_msgs/share/unique_identifier_msgs/cmake/unique_identifier_msgs__rosidl_typesupport_introspection_cppExport-noconfig.cmake
[3.359s] -- Up-to-date: /root/catkin_ws/install/unique_identifier_msgs/share/unique_identifier_msgs/cmake/unique_identifier_msgs__rosidl_typesupport_cppExport.cmake
[3.360s] -- Up-to-date: /root/catkin_ws/install/unique_identifier_msgs/share/unique_identifier_msgs/cmake/unique_identifier_msgs__rosidl_typesupport_cppExport-noconfig.cmake
[3.460s] Invoked command in '/root/catkin_ws/build/unique_identifier_msgs' returned '0': CMAKE_PREFIX_PATH=${CMAKE_PREFIX_PATH}:/root/catkin_ws/install/topic_service_action_rclpy_example:/root/catkin_ws/install/time_rclpy_example:/root/catkin_ws/install/tf2_rclpy_example:/root/catkin_ws/install/sensor_msgs_py:/root/catkin_ws/install/omo_r1mini_teleop:/root/catkin_ws/install/omo_r1mini_bringup:/root/catkin_ws/install/my_first_ros_rclpy_pkg:/root/catkin_ws/install/logging_rclpy_example:/root/catkin_ws/install/iahrs_driver:/root/catkin_ws/install/ros2env:/root/install/topic_service_action_rclpy_example:/root/install/time_rclpy_example:/root/install/tf2_rclpy_example:/root/install/ros2env:/root/install/omo_r1mini_teleop:/root/install/omo_r1mini_bringup:/root/install/my_first_ros_rclpy_pkg:/root/install/logging_rclpy_example:/opt/ros/foxy /usr/bin/cmake --install /root/catkin_ws/build/unique_identifier_msgs
