-- The C compiler identification is GNU 9.4.0
-- The CXX compiler identification is GNU 9.4.0
-- Check for working C compiler: /usr/bin/cc
-- Check for working C compiler: /usr/bin/cc -- works
-- Detecting C compiler ABI info
-- Detecting C compiler ABI info - done
-- Detecting C compile features
-- Detecting C compile features - done
-- Check for working CXX compiler: /usr/bin/c++
-- Check for working CXX compiler: /usr/bin/c++ -- works
-- Detecting CXX compiler ABI info
-- Detecting CXX compiler ABI info - done
-- Detecting CXX compile features
-- Detecting CXX compile features - done
-- Found ament_cmake_auto: 0.9.11 (/opt/ros/foxy/share/ament_cmake_auto/cmake)
-- Found PythonInterp: /usr/bin/python3 (found suitable version "3.8.10", minimum required is "3") 
-- Using PYTHON_EXECUTABLE: /usr/bin/python3
-- Override CMake install command with custom implementation using symlinks instead of copying resources
-- Using all available rosidl_typesupport_c: rosidl_typesupport_fastrtps_c;rosidl_typesupport_introspection_c
-- Found rosidl_adapter: 1.3.0 (/opt/ros/foxy/share/rosidl_adapter/cmake)
-- Found OpenSSL: /usr/lib/x86_64-linux-gnu/libcrypto.so (found version "1.1.1f")  
-- Found FastRTPS: /opt/ros/foxy/include  
-- Using all available rosidl_typesupport_cpp: rosidl_typesupport_fastrtps_cpp;rosidl_typesupport_introspection_cpp
-- Found rmw_implementation_cmake: 1.0.3 (/opt/ros/foxy/share/rmw_implementation_cmake/cmake)
-- Using RMW implementation 'rmw_fastrtps_cpp' as default
-- Looking for pthread.h
-- Looking for pthread.h - found
-- Performing Test CMAKE_HAVE_LIBC_PTHREAD
-- Performing Test CMAKE_HAVE_LIBC_PTHREAD - Failed
-- Looking for pthread_create in pthreads
-- Looking for pthread_create in pthreads - not found
-- Looking for pthread_create in pthread
-- Looking for pthread_create in pthread - found
-- Found Threads: TRUE  
-- Found ASIO: /usr/include  
-- Found ament_lint_auto: 0.9.7 (/opt/ros/foxy/share/ament_lint_auto/cmake)
-- Found gtest sources under '/opt/ros/foxy/src/gtest_vendor': C++ tests using 'Google Test' will be built
-- Check if compiler accepts -pthread
-- Check if compiler accepts -pthread - yes
-- Added test 'copyright' to check source files copyright and LICENSE
-- Added test 'cppcheck' to perform static code analysis on C / C++ code
-- Configured cppcheck include dirs: /root/catkin_ws/src/transport_drivers/io_context/include
-- Configured cppcheck exclude dirs and/or files: 
-- Added test 'cpplint' to check C / C++ code against the Google style
-- Configured cpplint exclude dirs and/or files: 
-- Added test 'lint_cmake' to check CMake code style
-- Added test 'uncrustify' to check C / C++ code style
-- Configured uncrustify additional arguments: 
-- Added test 'xmllint' to check XML markup files
-- Configuring done
-- Generating done
-- Build files have been written to: /root/catkin_ws/build/io_context
[35m[1mScanning dependencies of target gtest[0m
[35m[1mScanning dependencies of target gtest_main[0m
[35m[1mScanning dependencies of target io_context[0m
[ 11%] [32mBuilding CXX object gtest/CMakeFiles/gtest_main.dir/src/gtest_main.cc.o[0m
[ 22%] [32mBuilding CXX object gtest/CMakeFiles/gtest.dir/src/gtest-all.cc.o[0m
[ 33%] [32mBuilding CXX object CMakeFiles/io_context.dir/src/io_context.cpp.o[0m
[ 44%] [32mBuilding CXX object CMakeFiles/io_context.dir/src/msg_converters/std_msgs.cpp.o[0m
[ 55%] [32m[1mLinking CXX static library libgtest_main.a[0m
[ 55%] Built target gtest_main
[ 66%] [32m[1mLinking CXX shared library libio_context.so[0m
[ 66%] Built target io_context
[ 77%] [32m[1mLinking CXX static library libgtest.a[0m
[ 77%] Built target gtest
[35m[1mScanning dependencies of target test_io_context[0m
[ 88%] [32mBuilding CXX object CMakeFiles/test_io_context.dir/test/test_io_context.cpp.o[0m
[100%] [32m[1mLinking CXX executable test_io_context[0m
[100%] Built target test_io_context
-- Install configuration: ""
-- Execute custom install script
-- Symlinking: /root/catkin_ws/install/io_context/include/io_context/common.hpp
-- Symlinking: /root/catkin_ws/install/io_context/include/io_context/io_context.hpp
-- Symlinking: /root/catkin_ws/install/io_context/include/msg_converters/converters.hpp
-- Symlinking: /root/catkin_ws/install/io_context/include/msg_converters/std_msgs.hpp
-- Symlinking: /root/catkin_ws/install/io_context/include/msg_converters/udp_msgs.hpp
-- Symlinking: /root/catkin_ws/install/io_context/share/io_context/environment/library_path.sh
-- Symlinking: /root/catkin_ws/install/io_context/share/io_context/environment/library_path.dsv
-- Symlinking: /root/catkin_ws/install/io_context/lib/libio_context.so
-- Symlinking: /root/catkin_ws/install/io_context/share/ament_index/resource_index/package_run_dependencies/io_context
-- Symlinking: /root/catkin_ws/install/io_context/share/ament_index/resource_index/parent_prefix_path/io_context
-- Symlinking: /root/catkin_ws/install/io_context/share/io_context/environment/ament_prefix_path.sh
-- Symlinking: /root/catkin_ws/install/io_context/share/io_context/environment/ament_prefix_path.dsv
-- Symlinking: /root/catkin_ws/install/io_context/share/io_context/environment/path.sh
-- Symlinking: /root/catkin_ws/install/io_context/share/io_context/environment/path.dsv
-- Symlinking: /root/catkin_ws/install/io_context/share/io_context/local_setup.bash
-- Symlinking: /root/catkin_ws/install/io_context/share/io_context/local_setup.sh
-- Symlinking: /root/catkin_ws/install/io_context/share/io_context/local_setup.zsh
-- Symlinking: /root/catkin_ws/install/io_context/share/io_context/local_setup.dsv
-- Symlinking: /root/catkin_ws/install/io_context/share/io_context/package.dsv
-- Symlinking: /root/catkin_ws/install/io_context/share/ament_index/resource_index/packages/io_context
-- Symlinking: /root/catkin_ws/install/io_context/share/io_context/cmake/ament_cmake_export_dependencies-extras.cmake
-- Symlinking: /root/catkin_ws/install/io_context/share/io_context/cmake/ament_cmake_export_include_directories-extras.cmake
-- Symlinking: /root/catkin_ws/install/io_context/share/io_context/cmake/ament_cmake_export_libraries-extras.cmake
-- Symlinking: /root/catkin_ws/install/io_context/share/io_context/cmake/io_contextConfig.cmake
-- Symlinking: /root/catkin_ws/install/io_context/share/io_context/cmake/io_contextConfig-version.cmake
-- Symlinking: /root/catkin_ws/install/io_context/share/io_context/package.xml
