[0.163s] Invoking command in '/root/catkin_ws/build/io_context': AMENT_PREFIX_PATH=/root/catkin_ws/install/asio_cmake_module:${AMENT_PREFIX_PATH} CMAKE_PREFIX_PATH=/root/catkin_ws/install/asio_cmake_module:/root/catkin_ws/install/ydlidar_sdk:/root/catkin_ws/install/ydlidar_ros2_driver:/root/catkin_ws/install/topic_service_action_rclcpp_example:/root/catkin_ws/install/time_rclcpp_example:/root/catkin_ws/install/tf2_rclcpp_example:/root/catkin_ws/install/testbot_description:/root/catkin_ws/install/rqt_example:/root/catkin_ws/install/omo_r1mini:/root/catkin_ws/install/omo_r1mini_navigation2:/root/catkin_ws/install/omo_r1mini_interfaces:/root/catkin_ws/install/omo_r1mini_gazebo:/root/catkin_ws/install/omo_r1mini_description:/root/catkin_ws/install/omo_r1mini_cartographer:/root/catkin_ws/install/my_first_ros_rclcpp_pkg:/root/catkin_ws/install/msg_srv_action_interface_example:/root/catkin_ws/src/install/ydlidar_sdk:/root/catkin_ws/src/install/ydlidar_ros2_driver:/root/catkin_ws/src/install/topic_service_action_rclcpp_example:/root/catkin_ws/src/install/time_rclcpp_example:/root/catkin_ws/src/install/tf2_rclcpp_example:/root/catkin_ws/src/install/testbot_description:/root/catkin_ws/src/install/rqt_example:/root/catkin_ws/src/install/omo_r1mini:/root/catkin_ws/src/install/omo_r1mini_navigation2:/root/catkin_ws/src/install/omo_r1mini_interfaces:/root/catkin_ws/src/install/omo_r1mini_gazebo:/root/catkin_ws/src/install/omo_r1mini_description:/root/catkin_ws/src/install/omo_r1mini_cartographer:/root/catkin_ws/src/install/my_first_ros_rclcpp_pkg:/root/catkin_ws/src/install/msg_srv_action_interface_example:/root/catkin_ws/install/topic_service_action_rclpy_example:/root/catkin_ws/install/time_rclpy_example:/root/catkin_ws/install/tf2_rclpy_example:/root/catkin_ws/install/ros2env:/root/catkin_ws/install/omo_r1mini_teleop:/root/catkin_ws/install/omo_r1mini_bringup:/root/catkin_ws/install/my_first_ros_rclpy_pkg:/root/catkin_ws/install/logging_rclpy_example:/root/catkin_ws/src/install/topic_service_action_rclpy_example:/root/catkin_ws/src/install/time_rclpy_example:/root/catkin_ws/src/install/tf2_rclpy_example:/root/catkin_ws/src/install/ros2env:/root/catkin_ws/src/install/omo_r1mini_teleop:/root/catkin_ws/src/install/omo_r1mini_bringup:/root/catkin_ws/src/install/my_first_ros_rclpy_pkg:/root/catkin_ws/src/install/logging_rclpy_example:/opt/ros/foxy /usr/bin/cmake /root/catkin_ws/src/transport_drivers/io_context -DAMENT_CMAKE_SYMLINK_INSTALL=1 -DCMAKE_INSTALL_PREFIX=/root/catkin_ws/install/io_context
[0.223s] -- The C compiler identification is GNU 9.4.0
[0.264s] -- The CXX compiler identification is GNU 9.4.0
[0.270s] -- Check for working C compiler: /usr/bin/cc
[0.330s] -- Check for working C compiler: /usr/bin/cc -- works
[0.331s] -- Detecting C compiler ABI info
[0.391s] -- Detecting C compiler ABI info - done
[0.410s] -- Detecting C compile features
[0.410s] -- Detecting C compile features - done
[0.414s] -- Check for working CXX compiler: /usr/bin/c++
[0.499s] -- Check for working CXX compiler: /usr/bin/c++ -- works
[0.502s] -- Detecting CXX compiler ABI info
[0.579s] -- Detecting CXX compiler ABI info - done
[0.597s] -- Detecting CXX compile features
[0.598s] -- Detecting CXX compile features - done
[0.607s] -- Found ament_cmake_auto: 0.9.11 (/opt/ros/foxy/share/ament_cmake_auto/cmake)
[0.665s] -- Found PythonInterp: /usr/bin/python3 (found suitable version "3.8.10", minimum required is "3") 
[0.665s] -- Using PYTHON_EXECUTABLE: /usr/bin/python3
[0.881s] -- Override CMake install command with custom implementation using symlinks instead of copying resources
[1.130s] -- Using all available rosidl_typesupport_c: rosidl_typesupport_fastrtps_c;rosidl_typesupport_introspection_c
[1.147s] -- Found rosidl_adapter: 1.3.0 (/opt/ros/foxy/share/rosidl_adapter/cmake)
[1.254s] -- Found OpenSSL: /usr/lib/x86_64-linux-gnu/libcrypto.so (found version "1.1.1f")  
[1.289s] -- Found FastRTPS: /opt/ros/foxy/include  
[1.391s] -- Using all available rosidl_typesupport_cpp: rosidl_typesupport_fastrtps_cpp;rosidl_typesupport_introspection_cpp
[1.465s] -- Found rmw_implementation_cmake: 1.0.3 (/opt/ros/foxy/share/rmw_implementation_cmake/cmake)
[1.468s] -- Using RMW implementation 'rmw_fastrtps_cpp' as default
[1.469s] -- Looking for pthread.h
[1.526s] -- Looking for pthread.h - found
[1.526s] -- Performing Test CMAKE_HAVE_LIBC_PTHREAD
[1.588s] -- Performing Test CMAKE_HAVE_LIBC_PTHREAD - Failed
[1.589s] -- Looking for pthread_create in pthreads
[1.638s] -- Looking for pthread_create in pthreads - not found
[1.638s] -- Looking for pthread_create in pthread
[1.693s] -- Looking for pthread_create in pthread - found
[1.693s] -- Found Threads: TRUE  
[1.875s] -- Found ASIO: /usr/include  
[1.883s] -- Found ament_lint_auto: 0.9.7 (/opt/ros/foxy/share/ament_lint_auto/cmake)
[1.934s] -- Found gtest sources under '/opt/ros/foxy/src/gtest_vendor': C++ tests using 'Google Test' will be built
[1.936s] -- Check if compiler accepts -pthread
[1.987s] -- Check if compiler accepts -pthread - yes
[1.997s] -- Added test 'copyright' to check source files copyright and LICENSE
[1.998s] -- Added test 'cppcheck' to perform static code analysis on C / C++ code
[1.998s] -- Configured cppcheck include dirs: /root/catkin_ws/src/transport_drivers/io_context/include
[1.998s] -- Configured cppcheck exclude dirs and/or files: 
[1.999s] -- Added test 'cpplint' to check C / C++ code against the Google style
[2.000s] -- Configured cpplint exclude dirs and/or files: 
[2.001s] -- Added test 'lint_cmake' to check CMake code style
[2.002s] -- Added test 'uncrustify' to check C / C++ code style
[2.002s] -- Configured uncrustify additional arguments: 
[2.003s] -- Added test 'xmllint' to check XML markup files
[2.008s] -- Configuring done
[2.018s] -- Generating done
[2.019s] -- Build files have been written to: /root/catkin_ws/build/io_context
[2.025s] Invoked command in '/root/catkin_ws/build/io_context' returned '0': AMENT_PREFIX_PATH=/root/catkin_ws/install/asio_cmake_module:${AMENT_PREFIX_PATH} CMAKE_PREFIX_PATH=/root/catkin_ws/install/asio_cmake_module:/root/catkin_ws/install/ydlidar_sdk:/root/catkin_ws/install/ydlidar_ros2_driver:/root/catkin_ws/install/topic_service_action_rclcpp_example:/root/catkin_ws/install/time_rclcpp_example:/root/catkin_ws/install/tf2_rclcpp_example:/root/catkin_ws/install/testbot_description:/root/catkin_ws/install/rqt_example:/root/catkin_ws/install/omo_r1mini:/root/catkin_ws/install/omo_r1mini_navigation2:/root/catkin_ws/install/omo_r1mini_interfaces:/root/catkin_ws/install/omo_r1mini_gazebo:/root/catkin_ws/install/omo_r1mini_description:/root/catkin_ws/install/omo_r1mini_cartographer:/root/catkin_ws/install/my_first_ros_rclcpp_pkg:/root/catkin_ws/install/msg_srv_action_interface_example:/root/catkin_ws/src/install/ydlidar_sdk:/root/catkin_ws/src/install/ydlidar_ros2_driver:/root/catkin_ws/src/install/topic_service_action_rclcpp_example:/root/catkin_ws/src/install/time_rclcpp_example:/root/catkin_ws/src/install/tf2_rclcpp_example:/root/catkin_ws/src/install/testbot_description:/root/catkin_ws/src/install/rqt_example:/root/catkin_ws/src/install/omo_r1mini:/root/catkin_ws/src/install/omo_r1mini_navigation2:/root/catkin_ws/src/install/omo_r1mini_interfaces:/root/catkin_ws/src/install/omo_r1mini_gazebo:/root/catkin_ws/src/install/omo_r1mini_description:/root/catkin_ws/src/install/omo_r1mini_cartographer:/root/catkin_ws/src/install/my_first_ros_rclcpp_pkg:/root/catkin_ws/src/install/msg_srv_action_interface_example:/root/catkin_ws/install/topic_service_action_rclpy_example:/root/catkin_ws/install/time_rclpy_example:/root/catkin_ws/install/tf2_rclpy_example:/root/catkin_ws/install/ros2env:/root/catkin_ws/install/omo_r1mini_teleop:/root/catkin_ws/install/omo_r1mini_bringup:/root/catkin_ws/install/my_first_ros_rclpy_pkg:/root/catkin_ws/install/logging_rclpy_example:/root/catkin_ws/src/install/topic_service_action_rclpy_example:/root/catkin_ws/src/install/time_rclpy_example:/root/catkin_ws/src/install/tf2_rclpy_example:/root/catkin_ws/src/install/ros2env:/root/catkin_ws/src/install/omo_r1mini_teleop:/root/catkin_ws/src/install/omo_r1mini_bringup:/root/catkin_ws/src/install/my_first_ros_rclpy_pkg:/root/catkin_ws/src/install/logging_rclpy_example:/opt/ros/foxy /usr/bin/cmake /root/catkin_ws/src/transport_drivers/io_context -DAMENT_CMAKE_SYMLINK_INSTALL=1 -DCMAKE_INSTALL_PREFIX=/root/catkin_ws/install/io_context
[2.027s] Invoking command in '/root/catkin_ws/build/io_context': AMENT_PREFIX_PATH=/root/catkin_ws/install/asio_cmake_module:${AMENT_PREFIX_PATH} CMAKE_PREFIX_PATH=/root/catkin_ws/install/asio_cmake_module:/root/catkin_ws/install/ydlidar_sdk:/root/catkin_ws/install/ydlidar_ros2_driver:/root/catkin_ws/install/topic_service_action_rclcpp_example:/root/catkin_ws/install/time_rclcpp_example:/root/catkin_ws/install/tf2_rclcpp_example:/root/catkin_ws/install/testbot_description:/root/catkin_ws/install/rqt_example:/root/catkin_ws/install/omo_r1mini:/root/catkin_ws/install/omo_r1mini_navigation2:/root/catkin_ws/install/omo_r1mini_interfaces:/root/catkin_ws/install/omo_r1mini_gazebo:/root/catkin_ws/install/omo_r1mini_description:/root/catkin_ws/install/omo_r1mini_cartographer:/root/catkin_ws/install/my_first_ros_rclcpp_pkg:/root/catkin_ws/install/msg_srv_action_interface_example:/root/catkin_ws/src/install/ydlidar_sdk:/root/catkin_ws/src/install/ydlidar_ros2_driver:/root/catkin_ws/src/install/topic_service_action_rclcpp_example:/root/catkin_ws/src/install/time_rclcpp_example:/root/catkin_ws/src/install/tf2_rclcpp_example:/root/catkin_ws/src/install/testbot_description:/root/catkin_ws/src/install/rqt_example:/root/catkin_ws/src/install/omo_r1mini:/root/catkin_ws/src/install/omo_r1mini_navigation2:/root/catkin_ws/src/install/omo_r1mini_interfaces:/root/catkin_ws/src/install/omo_r1mini_gazebo:/root/catkin_ws/src/install/omo_r1mini_description:/root/catkin_ws/src/install/omo_r1mini_cartographer:/root/catkin_ws/src/install/my_first_ros_rclcpp_pkg:/root/catkin_ws/src/install/msg_srv_action_interface_example:/root/catkin_ws/install/topic_service_action_rclpy_example:/root/catkin_ws/install/time_rclpy_example:/root/catkin_ws/install/tf2_rclpy_example:/root/catkin_ws/install/ros2env:/root/catkin_ws/install/omo_r1mini_teleop:/root/catkin_ws/install/omo_r1mini_bringup:/root/catkin_ws/install/my_first_ros_rclpy_pkg:/root/catkin_ws/install/logging_rclpy_example:/root/catkin_ws/src/install/topic_service_action_rclpy_example:/root/catkin_ws/src/install/time_rclpy_example:/root/catkin_ws/src/install/tf2_rclpy_example:/root/catkin_ws/src/install/ros2env:/root/catkin_ws/src/install/omo_r1mini_teleop:/root/catkin_ws/src/install/omo_r1mini_bringup:/root/catkin_ws/src/install/my_first_ros_rclpy_pkg:/root/catkin_ws/src/install/logging_rclpy_example:/opt/ros/foxy /usr/bin/cmake --build /root/catkin_ws/build/io_context -- -j12 -l12
[2.056s] [35m[1mScanning dependencies of target gtest[0m
[2.056s] [35m[1mScanning dependencies of target gtest_main[0m
[2.056s] [35m[1mScanning dependencies of target io_context[0m
[2.066s] [ 11%] [32mBuilding CXX object gtest/CMakeFiles/gtest_main.dir/src/gtest_main.cc.o[0m
[2.068s] [ 22%] [32mBuilding CXX object gtest/CMakeFiles/gtest.dir/src/gtest-all.cc.o[0m
[2.090s] [ 33%] [32mBuilding CXX object CMakeFiles/io_context.dir/src/io_context.cpp.o[0m
[2.090s] [ 44%] [32mBuilding CXX object CMakeFiles/io_context.dir/src/msg_converters/std_msgs.cpp.o[0m
[2.626s] [ 55%] [32m[1mLinking CXX static library libgtest_main.a[0m
[2.652s] [ 55%] Built target gtest_main
[3.185s] [ 66%] [32m[1mLinking CXX shared library libio_context.so[0m
[3.262s] [ 66%] Built target io_context
[4.414s] [ 77%] [32m[1mLinking CXX static library libgtest.a[0m
[4.506s] [ 77%] Built target gtest
[4.523s] [35m[1mScanning dependencies of target test_io_context[0m
[4.533s] [ 88%] [32mBuilding CXX object CMakeFiles/test_io_context.dir/test/test_io_context.cpp.o[0m
[5.658s] [100%] [32m[1mLinking CXX executable test_io_context[0m
[5.774s] [100%] Built target test_io_context
[5.781s] Invoked command in '/root/catkin_ws/build/io_context' returned '0': AMENT_PREFIX_PATH=/root/catkin_ws/install/asio_cmake_module:${AMENT_PREFIX_PATH} CMAKE_PREFIX_PATH=/root/catkin_ws/install/asio_cmake_module:/root/catkin_ws/install/ydlidar_sdk:/root/catkin_ws/install/ydlidar_ros2_driver:/root/catkin_ws/install/topic_service_action_rclcpp_example:/root/catkin_ws/install/time_rclcpp_example:/root/catkin_ws/install/tf2_rclcpp_example:/root/catkin_ws/install/testbot_description:/root/catkin_ws/install/rqt_example:/root/catkin_ws/install/omo_r1mini:/root/catkin_ws/install/omo_r1mini_navigation2:/root/catkin_ws/install/omo_r1mini_interfaces:/root/catkin_ws/install/omo_r1mini_gazebo:/root/catkin_ws/install/omo_r1mini_description:/root/catkin_ws/install/omo_r1mini_cartographer:/root/catkin_ws/install/my_first_ros_rclcpp_pkg:/root/catkin_ws/install/msg_srv_action_interface_example:/root/catkin_ws/src/install/ydlidar_sdk:/root/catkin_ws/src/install/ydlidar_ros2_driver:/root/catkin_ws/src/install/topic_service_action_rclcpp_example:/root/catkin_ws/src/install/time_rclcpp_example:/root/catkin_ws/src/install/tf2_rclcpp_example:/root/catkin_ws/src/install/testbot_description:/root/catkin_ws/src/install/rqt_example:/root/catkin_ws/src/install/omo_r1mini:/root/catkin_ws/src/install/omo_r1mini_navigation2:/root/catkin_ws/src/install/omo_r1mini_interfaces:/root/catkin_ws/src/install/omo_r1mini_gazebo:/root/catkin_ws/src/install/omo_r1mini_description:/root/catkin_ws/src/install/omo_r1mini_cartographer:/root/catkin_ws/src/install/my_first_ros_rclcpp_pkg:/root/catkin_ws/src/install/msg_srv_action_interface_example:/root/catkin_ws/install/topic_service_action_rclpy_example:/root/catkin_ws/install/time_rclpy_example:/root/catkin_ws/install/tf2_rclpy_example:/root/catkin_ws/install/ros2env:/root/catkin_ws/install/omo_r1mini_teleop:/root/catkin_ws/install/omo_r1mini_bringup:/root/catkin_ws/install/my_first_ros_rclpy_pkg:/root/catkin_ws/install/logging_rclpy_example:/root/catkin_ws/src/install/topic_service_action_rclpy_example:/root/catkin_ws/src/install/time_rclpy_example:/root/catkin_ws/src/install/tf2_rclpy_example:/root/catkin_ws/src/install/ros2env:/root/catkin_ws/src/install/omo_r1mini_teleop:/root/catkin_ws/src/install/omo_r1mini_bringup:/root/catkin_ws/src/install/my_first_ros_rclpy_pkg:/root/catkin_ws/src/install/logging_rclpy_example:/opt/ros/foxy /usr/bin/cmake --build /root/catkin_ws/build/io_context -- -j12 -l12
[5.803s] Invoking command in '/root/catkin_ws/build/io_context': AMENT_PREFIX_PATH=/root/catkin_ws/install/asio_cmake_module:${AMENT_PREFIX_PATH} CMAKE_PREFIX_PATH=/root/catkin_ws/install/asio_cmake_module:/root/catkin_ws/install/ydlidar_sdk:/root/catkin_ws/install/ydlidar_ros2_driver:/root/catkin_ws/install/topic_service_action_rclcpp_example:/root/catkin_ws/install/time_rclcpp_example:/root/catkin_ws/install/tf2_rclcpp_example:/root/catkin_ws/install/testbot_description:/root/catkin_ws/install/rqt_example:/root/catkin_ws/install/omo_r1mini:/root/catkin_ws/install/omo_r1mini_navigation2:/root/catkin_ws/install/omo_r1mini_interfaces:/root/catkin_ws/install/omo_r1mini_gazebo:/root/catkin_ws/install/omo_r1mini_description:/root/catkin_ws/install/omo_r1mini_cartographer:/root/catkin_ws/install/my_first_ros_rclcpp_pkg:/root/catkin_ws/install/msg_srv_action_interface_example:/root/catkin_ws/src/install/ydlidar_sdk:/root/catkin_ws/src/install/ydlidar_ros2_driver:/root/catkin_ws/src/install/topic_service_action_rclcpp_example:/root/catkin_ws/src/install/time_rclcpp_example:/root/catkin_ws/src/install/tf2_rclcpp_example:/root/catkin_ws/src/install/testbot_description:/root/catkin_ws/src/install/rqt_example:/root/catkin_ws/src/install/omo_r1mini:/root/catkin_ws/src/install/omo_r1mini_navigation2:/root/catkin_ws/src/install/omo_r1mini_interfaces:/root/catkin_ws/src/install/omo_r1mini_gazebo:/root/catkin_ws/src/install/omo_r1mini_description:/root/catkin_ws/src/install/omo_r1mini_cartographer:/root/catkin_ws/src/install/my_first_ros_rclcpp_pkg:/root/catkin_ws/src/install/msg_srv_action_interface_example:/root/catkin_ws/install/topic_service_action_rclpy_example:/root/catkin_ws/install/time_rclpy_example:/root/catkin_ws/install/tf2_rclpy_example:/root/catkin_ws/install/ros2env:/root/catkin_ws/install/omo_r1mini_teleop:/root/catkin_ws/install/omo_r1mini_bringup:/root/catkin_ws/install/my_first_ros_rclpy_pkg:/root/catkin_ws/install/logging_rclpy_example:/root/catkin_ws/src/install/topic_service_action_rclpy_example:/root/catkin_ws/src/install/time_rclpy_example:/root/catkin_ws/src/install/tf2_rclpy_example:/root/catkin_ws/src/install/ros2env:/root/catkin_ws/src/install/omo_r1mini_teleop:/root/catkin_ws/src/install/omo_r1mini_bringup:/root/catkin_ws/src/install/my_first_ros_rclpy_pkg:/root/catkin_ws/src/install/logging_rclpy_example:/opt/ros/foxy /usr/bin/cmake --install /root/catkin_ws/build/io_context
[5.809s] -- Install configuration: ""
[5.809s] -- Execute custom install script
[5.810s] -- Symlinking: /root/catkin_ws/install/io_context/include/io_context/common.hpp
[5.817s] -- Symlinking: /root/catkin_ws/install/io_context/include/io_context/io_context.hpp
[5.823s] -- Symlinking: /root/catkin_ws/install/io_context/include/msg_converters/converters.hpp
[5.829s] -- Symlinking: /root/catkin_ws/install/io_context/include/msg_converters/std_msgs.hpp
[5.835s] -- Symlinking: /root/catkin_ws/install/io_context/include/msg_converters/udp_msgs.hpp
[5.841s] -- Symlinking: /root/catkin_ws/install/io_context/share/io_context/environment/library_path.sh
[5.846s] -- Symlinking: /root/catkin_ws/install/io_context/share/io_context/environment/library_path.dsv
[5.852s] -- Symlinking: /root/catkin_ws/install/io_context/lib/libio_context.so
[5.858s] -- Symlinking: /root/catkin_ws/install/io_context/share/ament_index/resource_index/package_run_dependencies/io_context
[5.864s] -- Symlinking: /root/catkin_ws/install/io_context/share/ament_index/resource_index/parent_prefix_path/io_context
[5.870s] -- Symlinking: /root/catkin_ws/install/io_context/share/io_context/environment/ament_prefix_path.sh
[5.876s] -- Symlinking: /root/catkin_ws/install/io_context/share/io_context/environment/ament_prefix_path.dsv
[5.882s] -- Symlinking: /root/catkin_ws/install/io_context/share/io_context/environment/path.sh
[5.888s] -- Symlinking: /root/catkin_ws/install/io_context/share/io_context/environment/path.dsv
[5.894s] -- Symlinking: /root/catkin_ws/install/io_context/share/io_context/local_setup.bash
[5.901s] -- Symlinking: /root/catkin_ws/install/io_context/share/io_context/local_setup.sh
[5.907s] -- Symlinking: /root/catkin_ws/install/io_context/share/io_context/local_setup.zsh
[5.913s] -- Symlinking: /root/catkin_ws/install/io_context/share/io_context/local_setup.dsv
[5.920s] -- Symlinking: /root/catkin_ws/install/io_context/share/io_context/package.dsv
[5.926s] -- Symlinking: /root/catkin_ws/install/io_context/share/ament_index/resource_index/packages/io_context
[5.932s] -- Symlinking: /root/catkin_ws/install/io_context/share/io_context/cmake/ament_cmake_export_dependencies-extras.cmake
[5.938s] -- Symlinking: /root/catkin_ws/install/io_context/share/io_context/cmake/ament_cmake_export_include_directories-extras.cmake
[5.944s] -- Symlinking: /root/catkin_ws/install/io_context/share/io_context/cmake/ament_cmake_export_libraries-extras.cmake
[5.950s] -- Symlinking: /root/catkin_ws/install/io_context/share/io_context/cmake/io_contextConfig.cmake
[5.956s] -- Symlinking: /root/catkin_ws/install/io_context/share/io_context/cmake/io_contextConfig-version.cmake
[5.962s] -- Symlinking: /root/catkin_ws/install/io_context/share/io_context/package.xml
[5.971s] Invoked command in '/root/catkin_ws/build/io_context' returned '0': AMENT_PREFIX_PATH=/root/catkin_ws/install/asio_cmake_module:${AMENT_PREFIX_PATH} CMAKE_PREFIX_PATH=/root/catkin_ws/install/asio_cmake_module:/root/catkin_ws/install/ydlidar_sdk:/root/catkin_ws/install/ydlidar_ros2_driver:/root/catkin_ws/install/topic_service_action_rclcpp_example:/root/catkin_ws/install/time_rclcpp_example:/root/catkin_ws/install/tf2_rclcpp_example:/root/catkin_ws/install/testbot_description:/root/catkin_ws/install/rqt_example:/root/catkin_ws/install/omo_r1mini:/root/catkin_ws/install/omo_r1mini_navigation2:/root/catkin_ws/install/omo_r1mini_interfaces:/root/catkin_ws/install/omo_r1mini_gazebo:/root/catkin_ws/install/omo_r1mini_description:/root/catkin_ws/install/omo_r1mini_cartographer:/root/catkin_ws/install/my_first_ros_rclcpp_pkg:/root/catkin_ws/install/msg_srv_action_interface_example:/root/catkin_ws/src/install/ydlidar_sdk:/root/catkin_ws/src/install/ydlidar_ros2_driver:/root/catkin_ws/src/install/topic_service_action_rclcpp_example:/root/catkin_ws/src/install/time_rclcpp_example:/root/catkin_ws/src/install/tf2_rclcpp_example:/root/catkin_ws/src/install/testbot_description:/root/catkin_ws/src/install/rqt_example:/root/catkin_ws/src/install/omo_r1mini:/root/catkin_ws/src/install/omo_r1mini_navigation2:/root/catkin_ws/src/install/omo_r1mini_interfaces:/root/catkin_ws/src/install/omo_r1mini_gazebo:/root/catkin_ws/src/install/omo_r1mini_description:/root/catkin_ws/src/install/omo_r1mini_cartographer:/root/catkin_ws/src/install/my_first_ros_rclcpp_pkg:/root/catkin_ws/src/install/msg_srv_action_interface_example:/root/catkin_ws/install/topic_service_action_rclpy_example:/root/catkin_ws/install/time_rclpy_example:/root/catkin_ws/install/tf2_rclpy_example:/root/catkin_ws/install/ros2env:/root/catkin_ws/install/omo_r1mini_teleop:/root/catkin_ws/install/omo_r1mini_bringup:/root/catkin_ws/install/my_first_ros_rclpy_pkg:/root/catkin_ws/install/logging_rclpy_example:/root/catkin_ws/src/install/topic_service_action_rclpy_example:/root/catkin_ws/src/install/time_rclpy_example:/root/catkin_ws/src/install/tf2_rclpy_example:/root/catkin_ws/src/install/ros2env:/root/catkin_ws/src/install/omo_r1mini_teleop:/root/catkin_ws/src/install/omo_r1mini_bringup:/root/catkin_ws/src/install/my_first_ros_rclpy_pkg:/root/catkin_ws/src/install/logging_rclpy_example:/opt/ros/foxy /usr/bin/cmake --install /root/catkin_ws/build/io_context
