[0.107s] Invoking command in '/root/catkin_ws/build/lifecycle_msgs': CMAKE_PREFIX_PATH=${CMAKE_PREFIX_PATH}:/root/catkin_ws/install/topic_service_action_rclpy_example:/root/catkin_ws/install/time_rclpy_example:/root/catkin_ws/install/tf2_rclpy_example:/root/catkin_ws/install/ros2env:/root/catkin_ws/install/omo_r1mini_teleop:/root/catkin_ws/install/omo_r1mini_bringup:/root/catkin_ws/install/my_first_ros_rclpy_pkg:/root/catkin_ws/install/logging_rclpy_example:/root/catkin_ws/install/iahrs_driver:/root/install/topic_service_action_rclpy_example:/root/install/time_rclpy_example:/root/install/tf2_rclpy_example:/root/install/ros2env:/root/install/omo_r1mini_teleop:/root/install/omo_r1mini_bringup:/root/install/my_first_ros_rclpy_pkg:/root/install/logging_rclpy_example:/opt/ros/foxy /usr/bin/cmake /root/catkin_ws/src/ros2/rcl_interfaces/lifecycle_msgs -DBUILD_TESTING=OFF -DBUILD_SHARED_LIBS=ON -DCMAKE_INSTALL_PREFIX=/root/catkin_ws/install/lifecycle_msgs
[0.219s] -- The C compiler identification is GNU 9.4.0
[0.325s] -- The CXX compiler identification is GNU 9.4.0
[0.339s] -- Check for working C compiler: /usr/bin/cc
[0.454s] -- Check for working C compiler: /usr/bin/cc -- works
[0.467s] -- Detecting C compiler ABI info
[0.604s] -- Detecting C compiler ABI info - done
[0.626s] -- Detecting C compile features
[0.627s] -- Detecting C compile features - done
[0.631s] -- Check for working CXX compiler: /usr/bin/c++
[0.764s] -- Check for working CXX compiler: /usr/bin/c++ -- works
[0.765s] -- Detecting CXX compiler ABI info
[1.029s] -- Detecting CXX compiler ABI info - done
[1.049s] -- Detecting CXX compile features
[1.050s] -- Detecting CXX compile features - done
[1.066s] -- Found ament_cmake: 0.9.11 (/opt/ros/foxy/share/ament_cmake/cmake)
[1.182s] -- Found PythonInterp: /usr/bin/python3 (found suitable version "3.8.10", minimum required is "3") 
[1.182s] -- Using PYTHON_EXECUTABLE: /usr/bin/python3
[1.724s] -- Found rosidl_default_generators: 1.0.1 (/opt/ros/foxy/share/rosidl_default_generators/cmake)
[1.765s] -- Using all available rosidl_typesupport_c: rosidl_typesupport_microxrcedds_c;rosidl_typesupport_fastrtps_c;rosidl_typesupport_introspection_c
[1.806s] -- Found rosidl_adapter: 1.3.0 (/opt/ros/foxy/share/rosidl_adapter/cmake)
[2.088s] -- Found OpenSSL: /usr/lib/x86_64-linux-gnu/libcrypto.so (found version "1.1.1f")  
[2.155s] -- Found FastRTPS: /opt/ros/foxy/include  
[2.404s] -- Using all available rosidl_typesupport_cpp: rosidl_typesupport_microxrcedds_cpp;rosidl_typesupport_fastrtps_cpp;rosidl_typesupport_introspection_cpp
[2.672s] -- Found PythonInterp: /usr/bin/python3 (found version "3.8.10") 
[3.851s] -- Found ament_cmake_ros: 0.9.2 (/opt/ros/foxy/share/ament_cmake_ros/cmake)
[5.121s] -- Using all available rosidl_typesupport_c: rosidl_typesupport_microxrcedds_c;rosidl_typesupport_fastrtps_c;rosidl_typesupport_introspection_c
[5.245s] -- Using all available rosidl_typesupport_cpp: rosidl_typesupport_microxrcedds_cpp;rosidl_typesupport_fastrtps_cpp;rosidl_typesupport_introspection_cpp
[5.425s] -- Found PythonInterp: /usr/bin/python3 (found suitable version "3.8.10", minimum required is "3.5") 
[5.442s] -- Found python_cmake_module: 0.8.1 (/opt/ros/foxy/share/python_cmake_module/cmake)
[5.630s] -- Found PythonLibs: /usr/lib/x86_64-linux-gnu/libpython3.8.so (found suitable version "3.8.10", minimum required is "3.5") 
[5.630s] -- Using PYTHON_EXECUTABLE: /usr/bin/python3
[5.631s] -- Using PYTHON_INCLUDE_DIRS: /usr/include/python3.8
[5.631s] -- Using PYTHON_LIBRARIES: /usr/lib/x86_64-linux-gnu/libpython3.8.so
[5.784s] -- Found PythonExtra: .so  
[6.047s] -- Configuring done
[6.147s] -- Generating done
[6.155s] -- Build files have been written to: /root/catkin_ws/build/lifecycle_msgs
[6.208s] Invoked command in '/root/catkin_ws/build/lifecycle_msgs' returned '0': CMAKE_PREFIX_PATH=${CMAKE_PREFIX_PATH}:/root/catkin_ws/install/topic_service_action_rclpy_example:/root/catkin_ws/install/time_rclpy_example:/root/catkin_ws/install/tf2_rclpy_example:/root/catkin_ws/install/ros2env:/root/catkin_ws/install/omo_r1mini_teleop:/root/catkin_ws/install/omo_r1mini_bringup:/root/catkin_ws/install/my_first_ros_rclpy_pkg:/root/catkin_ws/install/logging_rclpy_example:/root/catkin_ws/install/iahrs_driver:/root/install/topic_service_action_rclpy_example:/root/install/time_rclpy_example:/root/install/tf2_rclpy_example:/root/install/ros2env:/root/install/omo_r1mini_teleop:/root/install/omo_r1mini_bringup:/root/install/my_first_ros_rclpy_pkg:/root/install/logging_rclpy_example:/opt/ros/foxy /usr/bin/cmake /root/catkin_ws/src/ros2/rcl_interfaces/lifecycle_msgs -DBUILD_TESTING=OFF -DBUILD_SHARED_LIBS=ON -DCMAKE_INSTALL_PREFIX=/root/catkin_ws/install/lifecycle_msgs
[6.210s] Invoking command in '/root/catkin_ws/build/lifecycle_msgs': CMAKE_PREFIX_PATH=${CMAKE_PREFIX_PATH}:/root/catkin_ws/install/topic_service_action_rclpy_example:/root/catkin_ws/install/time_rclpy_example:/root/catkin_ws/install/tf2_rclpy_example:/root/catkin_ws/install/ros2env:/root/catkin_ws/install/omo_r1mini_teleop:/root/catkin_ws/install/omo_r1mini_bringup:/root/catkin_ws/install/my_first_ros_rclpy_pkg:/root/catkin_ws/install/logging_rclpy_example:/root/catkin_ws/install/iahrs_driver:/root/install/topic_service_action_rclpy_example:/root/install/time_rclpy_example:/root/install/tf2_rclpy_example:/root/install/ros2env:/root/install/omo_r1mini_teleop:/root/install/omo_r1mini_bringup:/root/install/my_first_ros_rclpy_pkg:/root/install/logging_rclpy_example:/opt/ros/foxy /usr/bin/cmake --build /root/catkin_ws/build/lifecycle_msgs -- -j12 -l12
[6.362s] [35m[1mScanning dependencies of target lifecycle_msgs__cpp[0m
[6.377s] [  1%] [34m[1mGenerating C code for ROS interfaces[0m
[6.385s] [  1%] [34m[1mGenerating C++ code for ROS interfaces[0m
[8.953s] [35m[1mScanning dependencies of target lifecycle_msgs__rosidl_generator_c[0m
[9.036s] [  1%] [32mBuilding C object CMakeFiles/lifecycle_msgs__rosidl_generator_c.dir/rosidl_generator_c/lifecycle_msgs/msg/detail/state__functions.c.o[0m
[9.063s] [  2%] [32mBuilding C object CMakeFiles/lifecycle_msgs__rosidl_generator_c.dir/rosidl_generator_c/lifecycle_msgs/msg/detail/transition_description__functions.c.o[0m
[9.066s] [  3%] [32mBuilding C object CMakeFiles/lifecycle_msgs__rosidl_generator_c.dir/rosidl_generator_c/lifecycle_msgs/msg/detail/transition__functions.c.o[0m
[9.086s] [  4%] [32mBuilding C object CMakeFiles/lifecycle_msgs__rosidl_generator_c.dir/rosidl_generator_c/lifecycle_msgs/msg/detail/transition_event__functions.c.o[0m
[9.097s] [  5%] [32mBuilding C object CMakeFiles/lifecycle_msgs__rosidl_generator_c.dir/rosidl_generator_c/lifecycle_msgs/srv/detail/change_state__functions.c.o[0m
[9.133s] [  6%] [32mBuilding C object CMakeFiles/lifecycle_msgs__rosidl_generator_c.dir/rosidl_generator_c/lifecycle_msgs/srv/detail/get_available_states__functions.c.o[0m
[9.157s] [  7%] [32mBuilding C object CMakeFiles/lifecycle_msgs__rosidl_generator_c.dir/rosidl_generator_c/lifecycle_msgs/srv/detail/get_available_transitions__functions.c.o[0m
[9.196s] [  8%] [32mBuilding C object CMakeFiles/lifecycle_msgs__rosidl_generator_c.dir/rosidl_generator_c/lifecycle_msgs/srv/detail/get_state__functions.c.o[0m
[9.500s] [  9%] [32m[1mLinking C shared library liblifecycle_msgs__rosidl_generator_c.so[0m
[9.716s] [  9%] Built target lifecycle_msgs__rosidl_generator_c
[9.779s] [ 10%] [34m[1mGenerating C type support dispatch for ROS interfaces[0m
[9.827s] [ 11%] [34m[1mGenerating C type support for eProsima Micro XRCE-DDS[0m
[9.877s] [ 12%] [34m[1mGenerating C introspection for ROS interfaces[0m
[10.957s] [ 12%] Built target lifecycle_msgs__cpp
[10.978s] [ 13%] [34m[1mGenerating C++ type support for eProsima Micro XRCE-DDS[0m
[10.993s] [ 14%] [34m[1mGenerating C++ type support dispatch for ROS interfaces[0m
[11.002s] [ 15%] [34m[1mGenerating C++ type support for eProsima Fast-RTPS[0m
[11.046s] [ 16%] [34m[1mGenerating C++ introspection for ROS interfaces[0m
[11.879s] [35m[1mScanning dependencies of target lifecycle_msgs__rosidl_typesupport_introspection_c[0m
[11.977s] [35m[1mScanning dependencies of target lifecycle_msgs__rosidl_typesupport_c[0m
[11.977s] [ 17%] [32mBuilding C object CMakeFiles/lifecycle_msgs__rosidl_typesupport_introspection_c.dir/rosidl_typesupport_introspection_c/lifecycle_msgs/msg/detail/transition__type_support.c.o[0m
[11.994s] [ 19%] [32mBuilding C object CMakeFiles/lifecycle_msgs__rosidl_typesupport_introspection_c.dir/rosidl_typesupport_introspection_c/lifecycle_msgs/msg/detail/transition_description__type_support.c.o[0m
[11.997s] [ 19%] [32mBuilding C object CMakeFiles/lifecycle_msgs__rosidl_typesupport_introspection_c.dir/rosidl_typesupport_introspection_c/lifecycle_msgs/msg/detail/state__type_support.c.o[0m
[12.006s] [ 20%] [32mBuilding C object CMakeFiles/lifecycle_msgs__rosidl_typesupport_introspection_c.dir/rosidl_typesupport_introspection_c/lifecycle_msgs/msg/detail/transition_event__type_support.c.o[0m
[12.022s] [ 21%] [32mBuilding CXX object CMakeFiles/lifecycle_msgs__rosidl_typesupport_c.dir/rosidl_typesupport_c/lifecycle_msgs/msg/state__type_support.cpp.o[0m
[12.048s] [ 22%] [32mBuilding C object CMakeFiles/lifecycle_msgs__rosidl_typesupport_introspection_c.dir/rosidl_typesupport_introspection_c/lifecycle_msgs/srv/detail/change_state__type_support.c.o[0m
[12.075s] [ 23%] [32mBuilding CXX object CMakeFiles/lifecycle_msgs__rosidl_typesupport_c.dir/rosidl_typesupport_c/lifecycle_msgs/msg/transition__type_support.cpp.o[0m
[12.117s] [ 24%] [32mBuilding C object CMakeFiles/lifecycle_msgs__rosidl_typesupport_introspection_c.dir/rosidl_typesupport_introspection_c/lifecycle_msgs/srv/detail/get_available_states__type_support.c.o[0m
[12.132s] [ 25%] [32mBuilding C object CMakeFiles/lifecycle_msgs__rosidl_typesupport_introspection_c.dir/rosidl_typesupport_introspection_c/lifecycle_msgs/srv/detail/get_state__type_support.c.o[0m
[12.156s] [ 25%] [32mBuilding C object CMakeFiles/lifecycle_msgs__rosidl_typesupport_introspection_c.dir/rosidl_typesupport_introspection_c/lifecycle_msgs/srv/detail/get_available_transitions__type_support.c.o[0m
[12.164s] [ 26%] [32mBuilding CXX object CMakeFiles/lifecycle_msgs__rosidl_typesupport_c.dir/rosidl_typesupport_c/lifecycle_msgs/msg/transition_event__type_support.cpp.o[0m
[12.184s] [ 26%] [32mBuilding CXX object CMakeFiles/lifecycle_msgs__rosidl_typesupport_c.dir/rosidl_typesupport_c/lifecycle_msgs/msg/transition_description__type_support.cpp.o[0m
[12.223s] [ 27%] [32mBuilding CXX object CMakeFiles/lifecycle_msgs__rosidl_typesupport_c.dir/rosidl_typesupport_c/lifecycle_msgs/srv/change_state__type_support.cpp.o[0m
[12.250s] [ 28%] [32mBuilding CXX object CMakeFiles/lifecycle_msgs__rosidl_typesupport_c.dir/rosidl_typesupport_c/lifecycle_msgs/srv/get_available_states__type_support.cpp.o[0m
[12.274s] [ 29%] [32mBuilding CXX object CMakeFiles/lifecycle_msgs__rosidl_typesupport_c.dir/rosidl_typesupport_c/lifecycle_msgs/srv/get_state__type_support.cpp.o[0m
[12.281s] [ 30%] [32mBuilding CXX object CMakeFiles/lifecycle_msgs__rosidl_typesupport_c.dir/rosidl_typesupport_c/lifecycle_msgs/srv/get_available_transitions__type_support.cpp.o[0m
[12.289s] [ 31%] [32m[1mLinking C shared library liblifecycle_msgs__rosidl_typesupport_introspection_c.so[0m
[12.402s] [ 31%] Built target lifecycle_msgs__rosidl_typesupport_introspection_c
[12.428s] [ 32%] [32m[1mLinking CXX shared library liblifecycle_msgs__rosidl_typesupport_c.so[0m
[12.436s] [35m[1mScanning dependencies of target lifecycle_msgs__rosidl_typesupport_microxrcedds_c[0m
[12.519s] [ 33%] [32mBuilding C object CMakeFiles/lifecycle_msgs__rosidl_typesupport_microxrcedds_c.dir/rosidl_typesupport_microxrcedds_c/lifecycle_msgs/msg/detail/microxrcedds/state__type_support_c.c.o[0m
[12.545s] [ 34%] [32mBuilding C object CMakeFiles/lifecycle_msgs__rosidl_typesupport_microxrcedds_c.dir/rosidl_typesupport_microxrcedds_c/lifecycle_msgs/msg/detail/microxrcedds/transition__type_support_c.c.o[0m
[12.562s] [ 35%] [32mBuilding C object CMakeFiles/lifecycle_msgs__rosidl_typesupport_microxrcedds_c.dir/rosidl_typesupport_microxrcedds_c/lifecycle_msgs/msg/detail/microxrcedds/transition_description__type_support_c.c.o[0m
[12.593s] [ 36%] [32mBuilding C object CMakeFiles/lifecycle_msgs__rosidl_typesupport_microxrcedds_c.dir/rosidl_typesupport_microxrcedds_c/lifecycle_msgs/msg/detail/microxrcedds/transition_event__type_support_c.c.o[0m
[12.624s] [ 37%] [32mBuilding C object CMakeFiles/lifecycle_msgs__rosidl_typesupport_microxrcedds_c.dir/rosidl_typesupport_microxrcedds_c/lifecycle_msgs/srv/detail/microxrcedds/change_state__type_support_c.c.o[0m
[12.628s] [ 38%] [32mBuilding C object CMakeFiles/lifecycle_msgs__rosidl_typesupport_microxrcedds_c.dir/rosidl_typesupport_microxrcedds_c/lifecycle_msgs/srv/detail/microxrcedds/get_available_states__type_support_c.c.o[0m
[12.657s] [ 38%] Built target lifecycle_msgs__rosidl_typesupport_c
[12.693s] [ 39%] [32mBuilding C object CMakeFiles/lifecycle_msgs__rosidl_typesupport_microxrcedds_c.dir/rosidl_typesupport_microxrcedds_c/lifecycle_msgs/srv/detail/microxrcedds/get_available_transitions__type_support_c.c.o[0m
[12.725s] [ 40%] [32mBuilding C object CMakeFiles/lifecycle_msgs__rosidl_typesupport_microxrcedds_c.dir/rosidl_typesupport_microxrcedds_c/lifecycle_msgs/srv/detail/microxrcedds/get_state__type_support_c.c.o[0m
[12.800s] [35m[1mScanning dependencies of target lifecycle_msgs__rosidl_typesupport_cpp[0m
[12.874s] [ 41%] [32mBuilding CXX object CMakeFiles/lifecycle_msgs__rosidl_typesupport_cpp.dir/rosidl_typesupport_cpp/lifecycle_msgs/msg/state__type_support.cpp.o[0m
[12.888s] [ 42%] [32mBuilding CXX object CMakeFiles/lifecycle_msgs__rosidl_typesupport_cpp.dir/rosidl_typesupport_cpp/lifecycle_msgs/msg/transition__type_support.cpp.o[0m
[12.930s] [ 42%] [32m[1mLinking C shared library liblifecycle_msgs__rosidl_typesupport_microxrcedds_c.so[0m
[12.942s] [ 42%] [32mBuilding CXX object CMakeFiles/lifecycle_msgs__rosidl_typesupport_cpp.dir/rosidl_typesupport_cpp/lifecycle_msgs/msg/transition_description__type_support.cpp.o[0m
[12.992s] [35m[1mScanning dependencies of target lifecycle_msgs__rosidl_typesupport_introspection_cpp[0m
[12.999s] [ 43%] [32mBuilding CXX object CMakeFiles/lifecycle_msgs__rosidl_typesupport_cpp.dir/rosidl_typesupport_cpp/lifecycle_msgs/srv/get_state__type_support.cpp.o[0m
[13.017s] [ 44%] [32mBuilding CXX object CMakeFiles/lifecycle_msgs__rosidl_typesupport_cpp.dir/rosidl_typesupport_cpp/lifecycle_msgs/srv/change_state__type_support.cpp.o[0m
[13.023s] [ 45%] [32mBuilding CXX object CMakeFiles/lifecycle_msgs__rosidl_typesupport_cpp.dir/rosidl_typesupport_cpp/lifecycle_msgs/srv/get_available_transitions__type_support.cpp.o[0m
[13.025s] [ 46%] [32mBuilding CXX object CMakeFiles/lifecycle_msgs__rosidl_typesupport_cpp.dir/rosidl_typesupport_cpp/lifecycle_msgs/srv/get_available_states__type_support.cpp.o[0m
[13.033s] [ 47%] [32mBuilding CXX object CMakeFiles/lifecycle_msgs__rosidl_typesupport_cpp.dir/rosidl_typesupport_cpp/lifecycle_msgs/msg/transition_event__type_support.cpp.o[0m
[13.060s] [ 48%] [32mBuilding CXX object CMakeFiles/lifecycle_msgs__rosidl_typesupport_introspection_cpp.dir/rosidl_typesupport_introspection_cpp/lifecycle_msgs/msg/detail/state__type_support.cpp.o[0m
[13.122s] [ 48%] Built target lifecycle_msgs__rosidl_typesupport_microxrcedds_c
[13.290s] [ 49%] [32mBuilding CXX object CMakeFiles/lifecycle_msgs__rosidl_typesupport_introspection_cpp.dir/rosidl_typesupport_introspection_cpp/lifecycle_msgs/msg/detail/transition__type_support.cpp.o[0m
[13.520s] [35m[1mScanning dependencies of target lifecycle_msgs__rosidl_typesupport_microxrcedds_cpp[0m
[13.563s] [ 50%] [32mBuilding CXX object CMakeFiles/lifecycle_msgs__rosidl_typesupport_introspection_cpp.dir/rosidl_typesupport_introspection_cpp/lifecycle_msgs/msg/detail/transition_description__type_support.cpp.o[0m
[13.580s] [ 51%] [32mBuilding CXX object CMakeFiles/lifecycle_msgs__rosidl_typesupport_microxrcedds_cpp.dir/rosidl_typesupport_microxrcedds_cpp/lifecycle_msgs/msg/detail/microxrcedds/state__type_support_cpp.cpp.o[0m
[13.583s] [ 52%] [32mBuilding CXX object CMakeFiles/lifecycle_msgs__rosidl_typesupport_introspection_cpp.dir/rosidl_typesupport_introspection_cpp/lifecycle_msgs/msg/detail/transition_event__type_support.cpp.o[0m
[13.607s] [35m[1mScanning dependencies of target lifecycle_msgs__rosidl_typesupport_fastrtps_cpp[0m
[13.691s] [ 53%] [32mBuilding CXX object CMakeFiles/lifecycle_msgs__rosidl_typesupport_fastrtps_cpp.dir/rosidl_typesupport_fastrtps_cpp/lifecycle_msgs/msg/detail/dds_fastrtps/state__type_support.cpp.o[0m
[13.695s] [ 54%] [32mBuilding CXX object CMakeFiles/lifecycle_msgs__rosidl_typesupport_microxrcedds_cpp.dir/rosidl_typesupport_microxrcedds_cpp/lifecycle_msgs/msg/detail/microxrcedds/transition__type_support_cpp.cpp.o[0m
[13.773s] [ 55%] [32mBuilding CXX object CMakeFiles/lifecycle_msgs__rosidl_typesupport_microxrcedds_cpp.dir/rosidl_typesupport_microxrcedds_cpp/lifecycle_msgs/msg/detail/microxrcedds/transition_description__type_support_cpp.cpp.o[0m
[13.795s] [ 56%] [32mBuilding CXX object CMakeFiles/lifecycle_msgs__rosidl_typesupport_fastrtps_cpp.dir/rosidl_typesupport_fastrtps_cpp/lifecycle_msgs/msg/detail/dds_fastrtps/transition__type_support.cpp.o[0m
[13.860s] [ 57%] [32mBuilding CXX object CMakeFiles/lifecycle_msgs__rosidl_typesupport_introspection_cpp.dir/rosidl_typesupport_introspection_cpp/lifecycle_msgs/srv/detail/change_state__type_support.cpp.o[0m
[13.861s] [ 58%] [32mBuilding CXX object CMakeFiles/lifecycle_msgs__rosidl_typesupport_fastrtps_cpp.dir/rosidl_typesupport_fastrtps_cpp/lifecycle_msgs/msg/detail/dds_fastrtps/transition_description__type_support.cpp.o[0m
[13.903s] [ 59%] [32mBuilding CXX object CMakeFiles/lifecycle_msgs__rosidl_typesupport_introspection_cpp.dir/rosidl_typesupport_introspection_cpp/lifecycle_msgs/srv/detail/get_available_states__type_support.cpp.o[0m
[14.000s] [ 59%] [32mBuilding CXX object CMakeFiles/lifecycle_msgs__rosidl_typesupport_introspection_cpp.dir/rosidl_typesupport_introspection_cpp/lifecycle_msgs/srv/detail/get_available_transitions__type_support.cpp.o[0m
[14.052s] [ 60%] [32m[1mLinking CXX shared library liblifecycle_msgs__rosidl_typesupport_cpp.so[0m
[14.117s] [ 61%] [32mBuilding CXX object CMakeFiles/lifecycle_msgs__rosidl_typesupport_microxrcedds_cpp.dir/rosidl_typesupport_microxrcedds_cpp/lifecycle_msgs/msg/detail/microxrcedds/transition_event__type_support_cpp.cpp.o[0m
[14.229s] [ 62%] [32mBuilding CXX object CMakeFiles/lifecycle_msgs__rosidl_typesupport_introspection_cpp.dir/rosidl_typesupport_introspection_cpp/lifecycle_msgs/srv/detail/get_state__type_support.cpp.o[0m
[14.287s] [ 62%] Built target lifecycle_msgs__rosidl_typesupport_cpp
[14.302s] [ 63%] [32mBuilding CXX object CMakeFiles/lifecycle_msgs__rosidl_typesupport_microxrcedds_cpp.dir/rosidl_typesupport_microxrcedds_cpp/lifecycle_msgs/srv/detail/microxrcedds/change_state__type_support_cpp.cpp.o[0m
[14.362s] [ 64%] [32mBuilding CXX object CMakeFiles/lifecycle_msgs__rosidl_typesupport_microxrcedds_cpp.dir/rosidl_typesupport_microxrcedds_cpp/lifecycle_msgs/srv/detail/microxrcedds/get_available_states__type_support_cpp.cpp.o[0m
[14.400s] [ 65%] [32mBuilding CXX object CMakeFiles/lifecycle_msgs__rosidl_typesupport_microxrcedds_cpp.dir/rosidl_typesupport_microxrcedds_cpp/lifecycle_msgs/srv/detail/microxrcedds/get_available_transitions__type_support_cpp.cpp.o[0m
[14.526s] [ 66%] [32mBuilding CXX object CMakeFiles/lifecycle_msgs__rosidl_typesupport_fastrtps_cpp.dir/rosidl_typesupport_fastrtps_cpp/lifecycle_msgs/msg/detail/dds_fastrtps/transition_event__type_support.cpp.o[0m
[14.551s] [ 67%] [32mBuilding CXX object CMakeFiles/lifecycle_msgs__rosidl_typesupport_microxrcedds_cpp.dir/rosidl_typesupport_microxrcedds_cpp/lifecycle_msgs/srv/detail/microxrcedds/get_state__type_support_cpp.cpp.o[0m
[14.610s] [ 67%] [32mBuilding CXX object CMakeFiles/lifecycle_msgs__rosidl_typesupport_fastrtps_cpp.dir/rosidl_typesupport_fastrtps_cpp/lifecycle_msgs/srv/detail/dds_fastrtps/change_state__type_support.cpp.o[0m
[14.632s] [ 68%] [32mBuilding CXX object CMakeFiles/lifecycle_msgs__rosidl_typesupport_fastrtps_cpp.dir/rosidl_typesupport_fastrtps_cpp/lifecycle_msgs/srv/detail/dds_fastrtps/get_available_states__type_support.cpp.o[0m
[14.738s] [ 69%] [32mBuilding CXX object CMakeFiles/lifecycle_msgs__rosidl_typesupport_fastrtps_cpp.dir/rosidl_typesupport_fastrtps_cpp/lifecycle_msgs/srv/detail/dds_fastrtps/get_available_transitions__type_support.cpp.o[0m
[14.831s] [ 70%] [32mBuilding CXX object CMakeFiles/lifecycle_msgs__rosidl_typesupport_fastrtps_cpp.dir/rosidl_typesupport_fastrtps_cpp/lifecycle_msgs/srv/detail/dds_fastrtps/get_state__type_support.cpp.o[0m
[14.918s] [ 71%] [32m[1mLinking CXX shared library liblifecycle_msgs__rosidl_typesupport_introspection_cpp.so[0m
[15.191s] [ 71%] Built target lifecycle_msgs__rosidl_typesupport_introspection_cpp
[15.203s] [ 72%] [32m[1mLinking CXX shared library liblifecycle_msgs__rosidl_typesupport_microxrcedds_cpp.so[0m
[15.389s] [ 72%] Built target lifecycle_msgs__rosidl_typesupport_microxrcedds_cpp
[15.649s] [ 73%] [32m[1mLinking CXX shared library liblifecycle_msgs__rosidl_typesupport_fastrtps_cpp.so[0m
[15.774s] [ 73%] Built target lifecycle_msgs__rosidl_typesupport_fastrtps_cpp
[15.786s] [ 74%] [34m[1mGenerating C type support for eProsima Fast-RTPS[0m
[17.263s] [35m[1mScanning dependencies of target lifecycle_msgs__rosidl_typesupport_fastrtps_c[0m
[17.333s] [ 75%] [32mBuilding CXX object CMakeFiles/lifecycle_msgs__rosidl_typesupport_fastrtps_c.dir/rosidl_typesupport_fastrtps_c/lifecycle_msgs/msg/detail/state__type_support_c.cpp.o[0m
[17.352s] [ 76%] [32mBuilding CXX object CMakeFiles/lifecycle_msgs__rosidl_typesupport_fastrtps_c.dir/rosidl_typesupport_fastrtps_c/lifecycle_msgs/msg/detail/transition_description__type_support_c.cpp.o[0m
[17.365s] [ 77%] [32mBuilding CXX object CMakeFiles/lifecycle_msgs__rosidl_typesupport_fastrtps_c.dir/rosidl_typesupport_fastrtps_c/lifecycle_msgs/msg/detail/transition_event__type_support_c.cpp.o[0m
[17.366s] [ 78%] [32mBuilding CXX object CMakeFiles/lifecycle_msgs__rosidl_typesupport_fastrtps_c.dir/rosidl_typesupport_fastrtps_c/lifecycle_msgs/msg/detail/transition__type_support_c.cpp.o[0m
[17.397s] [ 78%] [32mBuilding CXX object CMakeFiles/lifecycle_msgs__rosidl_typesupport_fastrtps_c.dir/rosidl_typesupport_fastrtps_c/lifecycle_msgs/srv/detail/change_state__type_support_c.cpp.o[0m
[17.480s] [ 79%] [32mBuilding CXX object CMakeFiles/lifecycle_msgs__rosidl_typesupport_fastrtps_c.dir/rosidl_typesupport_fastrtps_c/lifecycle_msgs/srv/detail/get_available_states__type_support_c.cpp.o[0m
[17.493s] [ 80%] [32mBuilding CXX object CMakeFiles/lifecycle_msgs__rosidl_typesupport_fastrtps_c.dir/rosidl_typesupport_fastrtps_c/lifecycle_msgs/srv/detail/get_available_transitions__type_support_c.cpp.o[0m
[17.625s] [ 81%] [32mBuilding CXX object CMakeFiles/lifecycle_msgs__rosidl_typesupport_fastrtps_c.dir/rosidl_typesupport_fastrtps_c/lifecycle_msgs/srv/detail/get_state__type_support_c.cpp.o[0m
[18.792s] [ 82%] [32m[1mLinking CXX shared library liblifecycle_msgs__rosidl_typesupport_fastrtps_c.so[0m
[18.950s] [ 82%] Built target lifecycle_msgs__rosidl_typesupport_fastrtps_c
[18.970s] [35m[1mScanning dependencies of target lifecycle_msgs[0m
[18.991s] [ 82%] Built target lifecycle_msgs
[19.027s] [35m[1mScanning dependencies of target lifecycle_msgs__py[0m
[19.047s] [ 83%] [34m[1mGenerating Python code for ROS interfaces[0m
[23.613s] [ 83%] Built target lifecycle_msgs__py
[23.694s] [35m[1mScanning dependencies of target lifecycle_msgs__python[0m
[23.884s] [ 84%] [32mBuilding C object CMakeFiles/lifecycle_msgs__python.dir/rosidl_generator_py/lifecycle_msgs/msg/_state_s.c.o[0m
[23.912s] [ 85%] [32mBuilding C object CMakeFiles/lifecycle_msgs__python.dir/rosidl_generator_py/lifecycle_msgs/msg/_transition_event_s.c.o[0m
[23.919s] [ 87%] [32mBuilding C object CMakeFiles/lifecycle_msgs__python.dir/rosidl_generator_py/lifecycle_msgs/msg/_transition_description_s.c.o[0m
[23.920s] [ 87%] [32mBuilding C object CMakeFiles/lifecycle_msgs__python.dir/rosidl_generator_py/lifecycle_msgs/srv/_get_available_states_s.c.o[0m
[23.924s] [ 88%] [32mBuilding C object CMakeFiles/lifecycle_msgs__python.dir/rosidl_generator_py/lifecycle_msgs/msg/_transition_s.c.o[0m
[23.938s] [ 89%] [32mBuilding C object CMakeFiles/lifecycle_msgs__python.dir/rosidl_generator_py/lifecycle_msgs/srv/_change_state_s.c.o[0m
[23.967s] [ 90%] [32mBuilding C object CMakeFiles/lifecycle_msgs__python.dir/rosidl_generator_py/lifecycle_msgs/srv/_get_available_transitions_s.c.o[0m
[24.097s] [ 91%] [32mBuilding C object CMakeFiles/lifecycle_msgs__python.dir/rosidl_generator_py/lifecycle_msgs/srv/_get_state_s.c.o[0m
[24.757s] [ 92%] [32m[1mLinking C shared library rosidl_generator_py/lifecycle_msgs/liblifecycle_msgs__python.so[0m
[25.046s] [ 92%] Built target lifecycle_msgs__python
[25.140s] [35m[1mScanning dependencies of target lifecycle_msgs__rosidl_typesupport_fastrtps_c__pyext[0m
[25.169s] [35m[1mScanning dependencies of target lifecycle_msgs__rosidl_typesupport_c__pyext[0m
[25.171s] [35m[1mScanning dependencies of target lifecycle_msgs__rosidl_typesupport_microxrcedds_c__pyext[0m
[25.269s] [ 93%] [32mBuilding C object CMakeFiles/lifecycle_msgs__rosidl_typesupport_fastrtps_c__pyext.dir/rosidl_generator_py/lifecycle_msgs/_lifecycle_msgs_s.ep.rosidl_typesupport_fastrtps_c.c.o[0m
[25.310s] [ 94%] [32mBuilding C object CMakeFiles/lifecycle_msgs__rosidl_typesupport_c__pyext.dir/rosidl_generator_py/lifecycle_msgs/_lifecycle_msgs_s.ep.rosidl_typesupport_c.c.o[0m
[25.362s] [ 95%] [32mBuilding C object CMakeFiles/lifecycle_msgs__rosidl_typesupport_microxrcedds_c__pyext.dir/rosidl_generator_py/lifecycle_msgs/_lifecycle_msgs_s.ep.rosidl_typesupport_microxrcedds_c.c.o[0m
[25.962s] [ 96%] [32m[1mLinking CXX shared library rosidl_generator_py/lifecycle_msgs/lifecycle_msgs_s__rosidl_typesupport_fastrtps_c.cpython-38-x86_64-linux-gnu.so[0m
[26.069s] [ 97%] [32m[1mLinking C shared library rosidl_generator_py/lifecycle_msgs/lifecycle_msgs_s__rosidl_typesupport_microxrcedds_c.cpython-38-x86_64-linux-gnu.so[0m
[26.071s] [ 98%] [32m[1mLinking C shared library rosidl_generator_py/lifecycle_msgs/lifecycle_msgs_s__rosidl_typesupport_c.cpython-38-x86_64-linux-gnu.so[0m
[26.311s] [ 98%] Built target lifecycle_msgs__rosidl_typesupport_microxrcedds_c__pyext
[26.355s] [ 98%] Built target lifecycle_msgs__rosidl_typesupport_c__pyext
[26.373s] [35m[1mScanning dependencies of target lifecycle_msgs__rosidl_typesupport_introspection_c__pyext[0m
[26.412s] [ 98%] Built target lifecycle_msgs__rosidl_typesupport_fastrtps_c__pyext
[26.469s] [ 99%] [32mBuilding C object CMakeFiles/lifecycle_msgs__rosidl_typesupport_introspection_c__pyext.dir/rosidl_generator_py/lifecycle_msgs/_lifecycle_msgs_s.ep.rosidl_typesupport_introspection_c.c.o[0m
[26.851s] [100%] [32m[1mLinking C shared library rosidl_generator_py/lifecycle_msgs/lifecycle_msgs_s__rosidl_typesupport_introspection_c.cpython-38-x86_64-linux-gnu.so[0m
[27.042s] [100%] Built target lifecycle_msgs__rosidl_typesupport_introspection_c__pyext
[27.112s] Invoked command in '/root/catkin_ws/build/lifecycle_msgs' returned '0': CMAKE_PREFIX_PATH=${CMAKE_PREFIX_PATH}:/root/catkin_ws/install/topic_service_action_rclpy_example:/root/catkin_ws/install/time_rclpy_example:/root/catkin_ws/install/tf2_rclpy_example:/root/catkin_ws/install/ros2env:/root/catkin_ws/install/omo_r1mini_teleop:/root/catkin_ws/install/omo_r1mini_bringup:/root/catkin_ws/install/my_first_ros_rclpy_pkg:/root/catkin_ws/install/logging_rclpy_example:/root/catkin_ws/install/iahrs_driver:/root/install/topic_service_action_rclpy_example:/root/install/time_rclpy_example:/root/install/tf2_rclpy_example:/root/install/ros2env:/root/install/omo_r1mini_teleop:/root/install/omo_r1mini_bringup:/root/install/my_first_ros_rclpy_pkg:/root/install/logging_rclpy_example:/opt/ros/foxy /usr/bin/cmake --build /root/catkin_ws/build/lifecycle_msgs -- -j12 -l12
[31.030s] Invoking command in '/root/catkin_ws/build/lifecycle_msgs': CMAKE_PREFIX_PATH=${CMAKE_PREFIX_PATH}:/root/catkin_ws/install/topic_service_action_rclpy_example:/root/catkin_ws/install/time_rclpy_example:/root/catkin_ws/install/tf2_rclpy_example:/root/catkin_ws/install/ros2env:/root/catkin_ws/install/omo_r1mini_teleop:/root/catkin_ws/install/omo_r1mini_bringup:/root/catkin_ws/install/my_first_ros_rclpy_pkg:/root/catkin_ws/install/logging_rclpy_example:/root/catkin_ws/install/iahrs_driver:/root/install/topic_service_action_rclpy_example:/root/install/time_rclpy_example:/root/install/tf2_rclpy_example:/root/install/ros2env:/root/install/omo_r1mini_teleop:/root/install/omo_r1mini_bringup:/root/install/my_first_ros_rclpy_pkg:/root/install/logging_rclpy_example:/opt/ros/foxy /usr/bin/cmake --install /root/catkin_ws/build/lifecycle_msgs
[32.338s] -- Install configuration: ""
[32.338s] -- Installing: /root/catkin_ws/install/lifecycle_msgs/share/ament_index/resource_index/rosidl_interfaces/lifecycle_msgs
[32.339s] -- Installing: /root/catkin_ws/install/lifecycle_msgs/include/lifecycle_msgs
[32.342s] -- Installing: /root/catkin_ws/install/lifecycle_msgs/include/lifecycle_msgs/srv
[32.343s] -- Installing: /root/catkin_ws/install/lifecycle_msgs/include/lifecycle_msgs/srv/detail
[32.343s] -- Installing: /root/catkin_ws/install/lifecycle_msgs/include/lifecycle_msgs/srv/detail/get_available_states__type_support.h
[32.343s] -- Installing: /root/catkin_ws/install/lifecycle_msgs/include/lifecycle_msgs/srv/detail/get_state__functions.h
[32.343s] -- Installing: /root/catkin_ws/install/lifecycle_msgs/include/lifecycle_msgs/srv/detail/get_available_transitions__type_support.h
[32.344s] -- Installing: /root/catkin_ws/install/lifecycle_msgs/include/lifecycle_msgs/srv/detail/get_available_transitions__functions.c
[32.344s] -- Installing: /root/catkin_ws/install/lifecycle_msgs/include/lifecycle_msgs/srv/detail/get_state__functions.c
[32.344s] -- Installing: /root/catkin_ws/install/lifecycle_msgs/include/lifecycle_msgs/srv/detail/get_available_states__struct.h
[32.344s] -- Installing: /root/catkin_ws/install/lifecycle_msgs/include/lifecycle_msgs/srv/detail/change_state__functions.c
[32.344s] -- Installing: /root/catkin_ws/install/lifecycle_msgs/include/lifecycle_msgs/srv/detail/change_state__type_support.h
[32.345s] -- Installing: /root/catkin_ws/install/lifecycle_msgs/include/lifecycle_msgs/srv/detail/change_state__struct.h
[32.345s] -- Installing: /root/catkin_ws/install/lifecycle_msgs/include/lifecycle_msgs/srv/detail/get_state__type_support.h
[32.345s] -- Installing: /root/catkin_ws/install/lifecycle_msgs/include/lifecycle_msgs/srv/detail/change_state__functions.h
[32.345s] -- Installing: /root/catkin_ws/install/lifecycle_msgs/include/lifecycle_msgs/srv/detail/get_available_transitions__functions.h
[32.345s] -- Installing: /root/catkin_ws/install/lifecycle_msgs/include/lifecycle_msgs/srv/detail/get_available_states__functions.c
[32.346s] -- Installing: /root/catkin_ws/install/lifecycle_msgs/include/lifecycle_msgs/srv/detail/get_state__struct.h
[32.346s] -- Installing: /root/catkin_ws/install/lifecycle_msgs/include/lifecycle_msgs/srv/detail/get_available_transitions__struct.h
[32.346s] -- Installing: /root/catkin_ws/install/lifecycle_msgs/include/lifecycle_msgs/srv/detail/get_available_states__functions.h
[32.346s] -- Installing: /root/catkin_ws/install/lifecycle_msgs/include/lifecycle_msgs/srv/get_state.h
[32.346s] -- Installing: /root/catkin_ws/install/lifecycle_msgs/include/lifecycle_msgs/srv/get_available_states.h
[32.346s] -- Installing: /root/catkin_ws/install/lifecycle_msgs/include/lifecycle_msgs/srv/change_state.h
[32.347s] -- Installing: /root/catkin_ws/install/lifecycle_msgs/include/lifecycle_msgs/srv/get_available_transitions.h
[32.347s] -- Installing: /root/catkin_ws/install/lifecycle_msgs/include/lifecycle_msgs/msg
[32.347s] -- Installing: /root/catkin_ws/install/lifecycle_msgs/include/lifecycle_msgs/msg/detail
[32.347s] -- Installing: /root/catkin_ws/install/lifecycle_msgs/include/lifecycle_msgs/msg/detail/transition__functions.c
[32.347s] -- Installing: /root/catkin_ws/install/lifecycle_msgs/include/lifecycle_msgs/msg/detail/transition__struct.h
[32.347s] -- Installing: /root/catkin_ws/install/lifecycle_msgs/include/lifecycle_msgs/msg/detail/state__struct.h
[32.348s] -- Installing: /root/catkin_ws/install/lifecycle_msgs/include/lifecycle_msgs/msg/detail/transition_description__type_support.h
[32.348s] -- Installing: /root/catkin_ws/install/lifecycle_msgs/include/lifecycle_msgs/msg/detail/transition_event__struct.h
[32.348s] -- Installing: /root/catkin_ws/install/lifecycle_msgs/include/lifecycle_msgs/msg/detail/transition_description__functions.h
[32.348s] -- Installing: /root/catkin_ws/install/lifecycle_msgs/include/lifecycle_msgs/msg/detail/transition_event__functions.h
[32.348s] -- Installing: /root/catkin_ws/install/lifecycle_msgs/include/lifecycle_msgs/msg/detail/transition_event__functions.c
[32.349s] -- Installing: /root/catkin_ws/install/lifecycle_msgs/include/lifecycle_msgs/msg/detail/transition__type_support.h
[32.349s] -- Installing: /root/catkin_ws/install/lifecycle_msgs/include/lifecycle_msgs/msg/detail/transition__functions.h
[32.349s] -- Installing: /root/catkin_ws/install/lifecycle_msgs/include/lifecycle_msgs/msg/detail/transition_description__functions.c
[32.349s] -- Installing: /root/catkin_ws/install/lifecycle_msgs/include/lifecycle_msgs/msg/detail/transition_event__type_support.h
[32.350s] -- Installing: /root/catkin_ws/install/lifecycle_msgs/include/lifecycle_msgs/msg/detail/transition_description__struct.h
[32.350s] -- Installing: /root/catkin_ws/install/lifecycle_msgs/include/lifecycle_msgs/msg/detail/state__functions.c
[32.350s] -- Installing: /root/catkin_ws/install/lifecycle_msgs/include/lifecycle_msgs/msg/detail/state__functions.h
[32.350s] -- Installing: /root/catkin_ws/install/lifecycle_msgs/include/lifecycle_msgs/msg/detail/state__type_support.h
[32.350s] -- Installing: /root/catkin_ws/install/lifecycle_msgs/include/lifecycle_msgs/msg/state.h
[32.350s] -- Installing: /root/catkin_ws/install/lifecycle_msgs/include/lifecycle_msgs/msg/transition.h
[32.350s] -- Installing: /root/catkin_ws/install/lifecycle_msgs/include/lifecycle_msgs/msg/transition_event.h
[32.351s] -- Installing: /root/catkin_ws/install/lifecycle_msgs/include/lifecycle_msgs/msg/rosidl_generator_c__visibility_control.h
[32.351s] -- Installing: /root/catkin_ws/install/lifecycle_msgs/include/lifecycle_msgs/msg/transition_description.h
[32.351s] -- Installing: /root/catkin_ws/install/lifecycle_msgs/share/lifecycle_msgs/environment/library_path.sh
[32.351s] -- Installing: /root/catkin_ws/install/lifecycle_msgs/share/lifecycle_msgs/environment/library_path.dsv
[32.351s] -- Installing: /root/catkin_ws/install/lifecycle_msgs/lib/liblifecycle_msgs__rosidl_generator_c.so
[32.351s] -- Set runtime path of "/root/catkin_ws/install/lifecycle_msgs/lib/liblifecycle_msgs__rosidl_generator_c.so" to ""
[32.351s] -- Up-to-date: /root/catkin_ws/install/lifecycle_msgs/include/lifecycle_msgs
[32.352s] -- Up-to-date: /root/catkin_ws/install/lifecycle_msgs/include/lifecycle_msgs/srv
[32.352s] -- Up-to-date: /root/catkin_ws/install/lifecycle_msgs/include/lifecycle_msgs/srv/detail
[32.352s] -- Installing: /root/catkin_ws/install/lifecycle_msgs/include/lifecycle_msgs/srv/detail/get_state__rosidl_typesupport_microxrcedds_c.h
[32.352s] -- Installing: /root/catkin_ws/install/lifecycle_msgs/include/lifecycle_msgs/srv/detail/get_available_transitions__rosidl_typesupport_microxrcedds_c.h
[32.352s] -- Installing: /root/catkin_ws/install/lifecycle_msgs/include/lifecycle_msgs/srv/detail/get_available_states__rosidl_typesupport_microxrcedds_c.h
[32.352s] -- Installing: /root/catkin_ws/install/lifecycle_msgs/include/lifecycle_msgs/srv/detail/microxrcedds
[32.352s] -- Installing: /root/catkin_ws/install/lifecycle_msgs/include/lifecycle_msgs/srv/detail/change_state__rosidl_typesupport_microxrcedds_c.h
[32.353s] -- Up-to-date: /root/catkin_ws/install/lifecycle_msgs/include/lifecycle_msgs/msg
[32.353s] -- Up-to-date: /root/catkin_ws/install/lifecycle_msgs/include/lifecycle_msgs/msg/detail
[32.353s] -- Installing: /root/catkin_ws/install/lifecycle_msgs/include/lifecycle_msgs/msg/detail/transition_event__rosidl_typesupport_microxrcedds_c.h
[32.353s] -- Installing: /root/catkin_ws/install/lifecycle_msgs/include/lifecycle_msgs/msg/detail/state__rosidl_typesupport_microxrcedds_c.h
[32.353s] -- Installing: /root/catkin_ws/install/lifecycle_msgs/include/lifecycle_msgs/msg/detail/transition__rosidl_typesupport_microxrcedds_c.h
[32.353s] -- Installing: /root/catkin_ws/install/lifecycle_msgs/include/lifecycle_msgs/msg/detail/transition_description__rosidl_typesupport_microxrcedds_c.h
[32.354s] -- Installing: /root/catkin_ws/install/lifecycle_msgs/include/lifecycle_msgs/msg/detail/microxrcedds
[32.354s] -- Installing: /root/catkin_ws/install/lifecycle_msgs/include/lifecycle_msgs/msg/rosidl_typesupport_microxrcedds_c__visibility_control.h
[32.354s] -- Installing: /root/catkin_ws/install/lifecycle_msgs/lib/liblifecycle_msgs__rosidl_typesupport_microxrcedds_c.so
[32.354s] -- Set runtime path of "/root/catkin_ws/install/lifecycle_msgs/lib/liblifecycle_msgs__rosidl_typesupport_microxrcedds_c.so" to ""
[32.354s] -- Up-to-date: /root/catkin_ws/install/lifecycle_msgs/include/lifecycle_msgs
[32.354s] -- Up-to-date: /root/catkin_ws/install/lifecycle_msgs/include/lifecycle_msgs/srv
[32.354s] -- Up-to-date: /root/catkin_ws/install/lifecycle_msgs/include/lifecycle_msgs/srv/detail
[32.355s] -- Installing: /root/catkin_ws/install/lifecycle_msgs/include/lifecycle_msgs/srv/detail/get_available_transitions__rosidl_typesupport_fastrtps_c.h
[32.355s] -- Installing: /root/catkin_ws/install/lifecycle_msgs/include/lifecycle_msgs/srv/detail/get_available_states__rosidl_typesupport_fastrtps_c.h
[32.355s] -- Installing: /root/catkin_ws/install/lifecycle_msgs/include/lifecycle_msgs/srv/detail/change_state__rosidl_typesupport_fastrtps_c.h
[32.355s] -- Installing: /root/catkin_ws/install/lifecycle_msgs/include/lifecycle_msgs/srv/detail/get_state__rosidl_typesupport_fastrtps_c.h
[32.355s] -- Up-to-date: /root/catkin_ws/install/lifecycle_msgs/include/lifecycle_msgs/msg
[32.369s] -- Up-to-date: /root/catkin_ws/install/lifecycle_msgs/include/lifecycle_msgs/msg/detail
[32.369s] -- Installing: /root/catkin_ws/install/lifecycle_msgs/include/lifecycle_msgs/msg/detail/state__rosidl_typesupport_fastrtps_c.h
[32.369s] -- Installing: /root/catkin_ws/install/lifecycle_msgs/include/lifecycle_msgs/msg/detail/transition_event__rosidl_typesupport_fastrtps_c.h
[32.370s] -- Installing: /root/catkin_ws/install/lifecycle_msgs/include/lifecycle_msgs/msg/detail/transition__rosidl_typesupport_fastrtps_c.h
[32.370s] -- Installing: /root/catkin_ws/install/lifecycle_msgs/include/lifecycle_msgs/msg/detail/transition_description__rosidl_typesupport_fastrtps_c.h
[32.370s] -- Installing: /root/catkin_ws/install/lifecycle_msgs/include/lifecycle_msgs/msg/rosidl_typesupport_fastrtps_c__visibility_control.h
[32.370s] -- Installing: /root/catkin_ws/install/lifecycle_msgs/lib/liblifecycle_msgs__rosidl_typesupport_fastrtps_c.so
[32.370s] -- Set runtime path of "/root/catkin_ws/install/lifecycle_msgs/lib/liblifecycle_msgs__rosidl_typesupport_fastrtps_c.so" to ""
[32.370s] -- Up-to-date: /root/catkin_ws/install/lifecycle_msgs/include/lifecycle_msgs
[32.370s] -- Up-to-date: /root/catkin_ws/install/lifecycle_msgs/include/lifecycle_msgs/srv
[32.370s] -- Up-to-date: /root/catkin_ws/install/lifecycle_msgs/include/lifecycle_msgs/srv/detail
[32.371s] -- Installing: /root/catkin_ws/install/lifecycle_msgs/include/lifecycle_msgs/srv/detail/change_state__rosidl_typesupport_fastrtps_cpp.hpp
[32.371s] -- Installing: /root/catkin_ws/install/lifecycle_msgs/include/lifecycle_msgs/srv/detail/get_available_states__rosidl_typesupport_fastrtps_cpp.hpp
[32.371s] -- Installing: /root/catkin_ws/install/lifecycle_msgs/include/lifecycle_msgs/srv/detail/get_state__rosidl_typesupport_fastrtps_cpp.hpp
[32.371s] -- Installing: /root/catkin_ws/install/lifecycle_msgs/include/lifecycle_msgs/srv/detail/dds_fastrtps
[32.371s] -- Installing: /root/catkin_ws/install/lifecycle_msgs/include/lifecycle_msgs/srv/detail/get_available_transitions__rosidl_typesupport_fastrtps_cpp.hpp
[32.371s] -- Up-to-date: /root/catkin_ws/install/lifecycle_msgs/include/lifecycle_msgs/msg
[32.371s] -- Up-to-date: /root/catkin_ws/install/lifecycle_msgs/include/lifecycle_msgs/msg/detail
[32.371s] -- Installing: /root/catkin_ws/install/lifecycle_msgs/include/lifecycle_msgs/msg/detail/transition_event__rosidl_typesupport_fastrtps_cpp.hpp
[32.372s] -- Installing: /root/catkin_ws/install/lifecycle_msgs/include/lifecycle_msgs/msg/detail/state__rosidl_typesupport_fastrtps_cpp.hpp
[32.372s] -- Installing: /root/catkin_ws/install/lifecycle_msgs/include/lifecycle_msgs/msg/detail/transition_description__rosidl_typesupport_fastrtps_cpp.hpp
[32.372s] -- Installing: /root/catkin_ws/install/lifecycle_msgs/include/lifecycle_msgs/msg/detail/dds_fastrtps
[32.372s] -- Installing: /root/catkin_ws/install/lifecycle_msgs/include/lifecycle_msgs/msg/detail/transition__rosidl_typesupport_fastrtps_cpp.hpp
[32.372s] -- Installing: /root/catkin_ws/install/lifecycle_msgs/include/lifecycle_msgs/msg/rosidl_typesupport_fastrtps_cpp__visibility_control.h
[32.372s] -- Installing: /root/catkin_ws/install/lifecycle_msgs/lib/liblifecycle_msgs__rosidl_typesupport_fastrtps_cpp.so
[32.372s] -- Set runtime path of "/root/catkin_ws/install/lifecycle_msgs/lib/liblifecycle_msgs__rosidl_typesupport_fastrtps_cpp.so" to ""
[32.372s] -- Up-to-date: /root/catkin_ws/install/lifecycle_msgs/include/lifecycle_msgs
[32.373s] -- Up-to-date: /root/catkin_ws/install/lifecycle_msgs/include/lifecycle_msgs/srv
[32.373s] -- Up-to-date: /root/catkin_ws/install/lifecycle_msgs/include/lifecycle_msgs/srv/detail
[32.373s] -- Installing: /root/catkin_ws/install/lifecycle_msgs/include/lifecycle_msgs/srv/detail/get_available_states__type_support.c
[32.373s] -- Installing: /root/catkin_ws/install/lifecycle_msgs/include/lifecycle_msgs/srv/detail/get_available_transitions__rosidl_typesupport_introspection_c.h
[32.373s] -- Installing: /root/catkin_ws/install/lifecycle_msgs/include/lifecycle_msgs/srv/detail/get_state__rosidl_typesupport_introspection_c.h
[32.373s] -- Installing: /root/catkin_ws/install/lifecycle_msgs/include/lifecycle_msgs/srv/detail/change_state__rosidl_typesupport_introspection_c.h
[32.373s] -- Installing: /root/catkin_ws/install/lifecycle_msgs/include/lifecycle_msgs/srv/detail/get_available_transitions__type_support.c
[32.373s] -- Installing: /root/catkin_ws/install/lifecycle_msgs/include/lifecycle_msgs/srv/detail/get_available_states__rosidl_typesupport_introspection_c.h
[32.374s] -- Installing: /root/catkin_ws/install/lifecycle_msgs/include/lifecycle_msgs/srv/detail/get_state__type_support.c
[32.374s] -- Installing: /root/catkin_ws/install/lifecycle_msgs/include/lifecycle_msgs/srv/detail/change_state__type_support.c
[32.374s] -- Up-to-date: /root/catkin_ws/install/lifecycle_msgs/include/lifecycle_msgs/msg
[32.374s] -- Up-to-date: /root/catkin_ws/install/lifecycle_msgs/include/lifecycle_msgs/msg/detail
[32.374s] -- Installing: /root/catkin_ws/install/lifecycle_msgs/include/lifecycle_msgs/msg/detail/transition_event__rosidl_typesupport_introspection_c.h
[32.374s] -- Installing: /root/catkin_ws/install/lifecycle_msgs/include/lifecycle_msgs/msg/detail/transition_description__type_support.c
[32.374s] -- Installing: /root/catkin_ws/install/lifecycle_msgs/include/lifecycle_msgs/msg/detail/transition_description__rosidl_typesupport_introspection_c.h
[32.374s] -- Installing: /root/catkin_ws/install/lifecycle_msgs/include/lifecycle_msgs/msg/detail/transition_event__type_support.c
[32.375s] -- Installing: /root/catkin_ws/install/lifecycle_msgs/include/lifecycle_msgs/msg/detail/state__rosidl_typesupport_introspection_c.h
[32.375s] -- Installing: /root/catkin_ws/install/lifecycle_msgs/include/lifecycle_msgs/msg/detail/state__type_support.c
[32.375s] -- Installing: /root/catkin_ws/install/lifecycle_msgs/include/lifecycle_msgs/msg/detail/transition__rosidl_typesupport_introspection_c.h
[32.375s] -- Installing: /root/catkin_ws/install/lifecycle_msgs/include/lifecycle_msgs/msg/detail/transition__type_support.c
[32.375s] -- Installing: /root/catkin_ws/install/lifecycle_msgs/include/lifecycle_msgs/msg/rosidl_typesupport_introspection_c__visibility_control.h
[32.376s] -- Installing: /root/catkin_ws/install/lifecycle_msgs/lib/liblifecycle_msgs__rosidl_typesupport_introspection_c.so
[32.376s] -- Set runtime path of "/root/catkin_ws/install/lifecycle_msgs/lib/liblifecycle_msgs__rosidl_typesupport_introspection_c.so" to ""
[32.376s] -- Installing: /root/catkin_ws/install/lifecycle_msgs/lib/liblifecycle_msgs__rosidl_typesupport_c.so
[32.376s] -- Set runtime path of "/root/catkin_ws/install/lifecycle_msgs/lib/liblifecycle_msgs__rosidl_typesupport_c.so" to ""
[32.377s] -- Up-to-date: /root/catkin_ws/install/lifecycle_msgs/include/lifecycle_msgs
[32.377s] -- Up-to-date: /root/catkin_ws/install/lifecycle_msgs/include/lifecycle_msgs/srv
[32.377s] -- Up-to-date: /root/catkin_ws/install/lifecycle_msgs/include/lifecycle_msgs/srv/detail
[32.377s] -- Installing: /root/catkin_ws/install/lifecycle_msgs/include/lifecycle_msgs/srv/detail/get_state__traits.hpp
[32.377s] -- Installing: /root/catkin_ws/install/lifecycle_msgs/include/lifecycle_msgs/srv/detail/change_state__struct.hpp
[32.378s] -- Installing: /root/catkin_ws/install/lifecycle_msgs/include/lifecycle_msgs/srv/detail/get_state__struct.hpp
[32.378s] -- Installing: /root/catkin_ws/install/lifecycle_msgs/include/lifecycle_msgs/srv/detail/get_available_transitions__traits.hpp
[32.378s] -- Installing: /root/catkin_ws/install/lifecycle_msgs/include/lifecycle_msgs/srv/detail/get_available_states__traits.hpp
[32.378s] -- Installing: /root/catkin_ws/install/lifecycle_msgs/include/lifecycle_msgs/srv/detail/get_state__builder.hpp
[32.379s] -- Installing: /root/catkin_ws/install/lifecycle_msgs/include/lifecycle_msgs/srv/detail/get_available_states__builder.hpp
[32.379s] -- Installing: /root/catkin_ws/install/lifecycle_msgs/include/lifecycle_msgs/srv/detail/get_available_transitions__builder.hpp
[32.379s] -- Installing: /root/catkin_ws/install/lifecycle_msgs/include/lifecycle_msgs/srv/detail/get_available_transitions__struct.hpp
[32.380s] -- Installing: /root/catkin_ws/install/lifecycle_msgs/include/lifecycle_msgs/srv/detail/get_available_states__struct.hpp
[32.380s] -- Installing: /root/catkin_ws/install/lifecycle_msgs/include/lifecycle_msgs/srv/detail/change_state__traits.hpp
[32.381s] -- Installing: /root/catkin_ws/install/lifecycle_msgs/include/lifecycle_msgs/srv/detail/change_state__builder.hpp
[32.381s] -- Installing: /root/catkin_ws/install/lifecycle_msgs/include/lifecycle_msgs/srv/get_available_transitions.hpp
[32.381s] -- Installing: /root/catkin_ws/install/lifecycle_msgs/include/lifecycle_msgs/srv/change_state.hpp
[32.381s] -- Installing: /root/catkin_ws/install/lifecycle_msgs/include/lifecycle_msgs/srv/get_available_states.hpp
[32.382s] -- Installing: /root/catkin_ws/install/lifecycle_msgs/include/lifecycle_msgs/srv/get_state.hpp
[32.382s] -- Up-to-date: /root/catkin_ws/install/lifecycle_msgs/include/lifecycle_msgs/msg
[32.382s] -- Up-to-date: /root/catkin_ws/install/lifecycle_msgs/include/lifecycle_msgs/msg/detail
[32.382s] -- Installing: /root/catkin_ws/install/lifecycle_msgs/include/lifecycle_msgs/msg/detail/transition__struct.hpp
[32.382s] -- Installing: /root/catkin_ws/install/lifecycle_msgs/include/lifecycle_msgs/msg/detail/state__builder.hpp
[32.382s] -- Installing: /root/catkin_ws/install/lifecycle_msgs/include/lifecycle_msgs/msg/detail/transition__traits.hpp
[32.382s] -- Installing: /root/catkin_ws/install/lifecycle_msgs/include/lifecycle_msgs/msg/detail/transition_event__traits.hpp
[32.382s] -- Installing: /root/catkin_ws/install/lifecycle_msgs/include/lifecycle_msgs/msg/detail/transition_event__struct.hpp
[32.383s] -- Installing: /root/catkin_ws/install/lifecycle_msgs/include/lifecycle_msgs/msg/detail/state__traits.hpp
[32.383s] -- Installing: /root/catkin_ws/install/lifecycle_msgs/include/lifecycle_msgs/msg/detail/transition_event__builder.hpp
[32.383s] -- Installing: /root/catkin_ws/install/lifecycle_msgs/include/lifecycle_msgs/msg/detail/transition_description__struct.hpp
[32.383s] -- Installing: /root/catkin_ws/install/lifecycle_msgs/include/lifecycle_msgs/msg/detail/transition__builder.hpp
[32.383s] -- Installing: /root/catkin_ws/install/lifecycle_msgs/include/lifecycle_msgs/msg/detail/transition_description__builder.hpp
[32.383s] -- Installing: /root/catkin_ws/install/lifecycle_msgs/include/lifecycle_msgs/msg/detail/transition_description__traits.hpp
[32.383s] -- Installing: /root/catkin_ws/install/lifecycle_msgs/include/lifecycle_msgs/msg/detail/state__struct.hpp
[32.383s] -- Installing: /root/catkin_ws/install/lifecycle_msgs/include/lifecycle_msgs/msg/transition_event.hpp
[32.384s] -- Installing: /root/catkin_ws/install/lifecycle_msgs/include/lifecycle_msgs/msg/transition_description.hpp
[32.384s] -- Installing: /root/catkin_ws/install/lifecycle_msgs/include/lifecycle_msgs/msg/state.hpp
[32.384s] -- Installing: /root/catkin_ws/install/lifecycle_msgs/include/lifecycle_msgs/msg/transition.hpp
[32.384s] -- Up-to-date: /root/catkin_ws/install/lifecycle_msgs/include/lifecycle_msgs
[32.384s] -- Up-to-date: /root/catkin_ws/install/lifecycle_msgs/include/lifecycle_msgs/srv
[32.384s] -- Up-to-date: /root/catkin_ws/install/lifecycle_msgs/include/lifecycle_msgs/srv/detail
[32.384s] -- Installing: /root/catkin_ws/install/lifecycle_msgs/include/lifecycle_msgs/srv/detail/get_available_states__rosidl_typesupport_microxrcedds_cpp.hpp
[32.385s] -- Installing: /root/catkin_ws/install/lifecycle_msgs/include/lifecycle_msgs/srv/detail/get_state__rosidl_typesupport_microxrcedds_cpp.hpp
[32.385s] -- Installing: /root/catkin_ws/install/lifecycle_msgs/include/lifecycle_msgs/srv/detail/change_state__rosidl_typesupport_microxrcedds_cpp.hpp
[32.385s] -- Installing: /root/catkin_ws/install/lifecycle_msgs/include/lifecycle_msgs/srv/detail/get_available_transitions__rosidl_typesupport_microxrcedds_cpp.hpp
[32.385s] -- Up-to-date: /root/catkin_ws/install/lifecycle_msgs/include/lifecycle_msgs/srv/detail/microxrcedds
[32.385s] -- Installing: /root/catkin_ws/install/lifecycle_msgs/include/lifecycle_msgs/srv/detail/microxrcedds/get_state__type_support_cpp.cpp
[32.386s] -- Installing: /root/catkin_ws/install/lifecycle_msgs/include/lifecycle_msgs/srv/detail/microxrcedds/get_available_transitions__type_support_cpp.cpp
[32.386s] -- Installing: /root/catkin_ws/install/lifecycle_msgs/include/lifecycle_msgs/srv/detail/microxrcedds/change_state__type_support_cpp.cpp
[32.386s] -- Installing: /root/catkin_ws/install/lifecycle_msgs/include/lifecycle_msgs/srv/detail/microxrcedds/get_available_states__type_support_cpp.cpp
[32.386s] -- Up-to-date: /root/catkin_ws/install/lifecycle_msgs/include/lifecycle_msgs/msg
[32.386s] -- Up-to-date: /root/catkin_ws/install/lifecycle_msgs/include/lifecycle_msgs/msg/detail
[32.386s] -- Installing: /root/catkin_ws/install/lifecycle_msgs/include/lifecycle_msgs/msg/detail/transition_event__rosidl_typesupport_microxrcedds_cpp.hpp
[32.386s] -- Installing: /root/catkin_ws/install/lifecycle_msgs/include/lifecycle_msgs/msg/detail/transition_description__rosidl_typesupport_microxrcedds_cpp.hpp
[32.386s] -- Installing: /root/catkin_ws/install/lifecycle_msgs/include/lifecycle_msgs/msg/detail/state__rosidl_typesupport_microxrcedds_cpp.hpp
[32.387s] -- Installing: /root/catkin_ws/install/lifecycle_msgs/include/lifecycle_msgs/msg/detail/transition__rosidl_typesupport_microxrcedds_cpp.hpp
[32.387s] -- Up-to-date: /root/catkin_ws/install/lifecycle_msgs/include/lifecycle_msgs/msg/detail/microxrcedds
[32.387s] -- Installing: /root/catkin_ws/install/lifecycle_msgs/include/lifecycle_msgs/msg/detail/microxrcedds/transition__type_support_cpp.cpp
[32.387s] -- Installing: /root/catkin_ws/install/lifecycle_msgs/include/lifecycle_msgs/msg/detail/microxrcedds/transition_description__type_support_cpp.cpp
[32.387s] -- Installing: /root/catkin_ws/install/lifecycle_msgs/include/lifecycle_msgs/msg/detail/microxrcedds/state__type_support_cpp.cpp
[32.387s] -- Installing: /root/catkin_ws/install/lifecycle_msgs/include/lifecycle_msgs/msg/detail/microxrcedds/transition_event__type_support_cpp.cpp
[32.387s] -- Installing: /root/catkin_ws/install/lifecycle_msgs/include/lifecycle_msgs/msg/rosidl_typesupport_microxrcedds_cpp__visibility_control.h
[32.387s] -- Installing: /root/catkin_ws/install/lifecycle_msgs/lib/liblifecycle_msgs__rosidl_typesupport_microxrcedds_cpp.so
[32.387s] -- Set runtime path of "/root/catkin_ws/install/lifecycle_msgs/lib/liblifecycle_msgs__rosidl_typesupport_microxrcedds_cpp.so" to ""
[32.388s] -- Up-to-date: /root/catkin_ws/install/lifecycle_msgs/include/lifecycle_msgs
[32.388s] -- Up-to-date: /root/catkin_ws/install/lifecycle_msgs/include/lifecycle_msgs/srv
[32.388s] -- Up-to-date: /root/catkin_ws/install/lifecycle_msgs/include/lifecycle_msgs/srv/detail
[32.388s] -- Installing: /root/catkin_ws/install/lifecycle_msgs/include/lifecycle_msgs/srv/detail/get_available_transitions__rosidl_typesupport_introspection_cpp.hpp
[32.388s] -- Installing: /root/catkin_ws/install/lifecycle_msgs/include/lifecycle_msgs/srv/detail/get_available_states__type_support.cpp
[32.388s] -- Installing: /root/catkin_ws/install/lifecycle_msgs/include/lifecycle_msgs/srv/detail/get_state__rosidl_typesupport_introspection_cpp.hpp
[32.389s] -- Installing: /root/catkin_ws/install/lifecycle_msgs/include/lifecycle_msgs/srv/detail/get_available_transitions__type_support.cpp
[32.389s] -- Installing: /root/catkin_ws/install/lifecycle_msgs/include/lifecycle_msgs/srv/detail/get_available_states__rosidl_typesupport_introspection_cpp.hpp
[32.390s] -- Installing: /root/catkin_ws/install/lifecycle_msgs/include/lifecycle_msgs/srv/detail/change_state__rosidl_typesupport_introspection_cpp.hpp
[32.390s] -- Installing: /root/catkin_ws/install/lifecycle_msgs/include/lifecycle_msgs/srv/detail/change_state__type_support.cpp
[32.390s] -- Installing: /root/catkin_ws/install/lifecycle_msgs/include/lifecycle_msgs/srv/detail/get_state__type_support.cpp
[32.390s] -- Up-to-date: /root/catkin_ws/install/lifecycle_msgs/include/lifecycle_msgs/msg
[32.390s] -- Up-to-date: /root/catkin_ws/install/lifecycle_msgs/include/lifecycle_msgs/msg/detail
[32.391s] -- Installing: /root/catkin_ws/install/lifecycle_msgs/include/lifecycle_msgs/msg/detail/transition_description__rosidl_typesupport_introspection_cpp.hpp
[32.391s] -- Installing: /root/catkin_ws/install/lifecycle_msgs/include/lifecycle_msgs/msg/detail/transition__type_support.cpp
[32.391s] -- Installing: /root/catkin_ws/install/lifecycle_msgs/include/lifecycle_msgs/msg/detail/state__type_support.cpp
[32.391s] -- Installing: /root/catkin_ws/install/lifecycle_msgs/include/lifecycle_msgs/msg/detail/transition__rosidl_typesupport_introspection_cpp.hpp
[32.392s] -- Installing: /root/catkin_ws/install/lifecycle_msgs/include/lifecycle_msgs/msg/detail/transition_event__rosidl_typesupport_introspection_cpp.hpp
[32.392s] -- Installing: /root/catkin_ws/install/lifecycle_msgs/include/lifecycle_msgs/msg/detail/transition_event__type_support.cpp
[32.392s] -- Installing: /root/catkin_ws/install/lifecycle_msgs/include/lifecycle_msgs/msg/detail/state__rosidl_typesupport_introspection_cpp.hpp
[32.392s] -- Installing: /root/catkin_ws/install/lifecycle_msgs/include/lifecycle_msgs/msg/detail/transition_description__type_support.cpp
[32.393s] -- Installing: /root/catkin_ws/install/lifecycle_msgs/lib/liblifecycle_msgs__rosidl_typesupport_introspection_cpp.so
[32.393s] -- Set runtime path of "/root/catkin_ws/install/lifecycle_msgs/lib/liblifecycle_msgs__rosidl_typesupport_introspection_cpp.so" to ""
[32.393s] -- Installing: /root/catkin_ws/install/lifecycle_msgs/lib/liblifecycle_msgs__rosidl_typesupport_cpp.so
[32.393s] -- Set runtime path of "/root/catkin_ws/install/lifecycle_msgs/lib/liblifecycle_msgs__rosidl_typesupport_cpp.so" to ""
[32.394s] -- Installing: /root/catkin_ws/install/lifecycle_msgs/share/lifecycle_msgs/environment/pythonpath.sh
[32.394s] -- Installing: /root/catkin_ws/install/lifecycle_msgs/share/lifecycle_msgs/environment/pythonpath.dsv
[32.394s] -- Installing: /root/catkin_ws/install/lifecycle_msgs/lib/python3.8/site-packages/lifecycle_msgs/__init__.py
[32.513s] Compiling '/root/catkin_ws/install/lifecycle_msgs/lib/python3.8/site-packages/lifecycle_msgs/__init__.py'...
[32.521s] -- Installing: /root/catkin_ws/install/lifecycle_msgs/lib/python3.8/site-packages/lifecycle_msgs/msg
[32.521s] -- Installing: /root/catkin_ws/install/lifecycle_msgs/lib/python3.8/site-packages/lifecycle_msgs/msg/_transition_description.py
[32.522s] -- Installing: /root/catkin_ws/install/lifecycle_msgs/lib/python3.8/site-packages/lifecycle_msgs/msg/_transition_event_s.c
[32.522s] -- Installing: /root/catkin_ws/install/lifecycle_msgs/lib/python3.8/site-packages/lifecycle_msgs/msg/_state_s.c
[32.523s] -- Installing: /root/catkin_ws/install/lifecycle_msgs/lib/python3.8/site-packages/lifecycle_msgs/msg/_transition.py
[32.523s] -- Installing: /root/catkin_ws/install/lifecycle_msgs/lib/python3.8/site-packages/lifecycle_msgs/msg/_transition_description_s.c
[32.524s] -- Installing: /root/catkin_ws/install/lifecycle_msgs/lib/python3.8/site-packages/lifecycle_msgs/msg/_state.py
[32.524s] -- Installing: /root/catkin_ws/install/lifecycle_msgs/lib/python3.8/site-packages/lifecycle_msgs/msg/_transition_event.py
[32.525s] -- Installing: /root/catkin_ws/install/lifecycle_msgs/lib/python3.8/site-packages/lifecycle_msgs/msg/_transition_s.c
[32.525s] -- Installing: /root/catkin_ws/install/lifecycle_msgs/lib/python3.8/site-packages/lifecycle_msgs/msg/__init__.py
[32.526s] -- Installing: /root/catkin_ws/install/lifecycle_msgs/lib/python3.8/site-packages/lifecycle_msgs/srv
[32.527s] -- Installing: /root/catkin_ws/install/lifecycle_msgs/lib/python3.8/site-packages/lifecycle_msgs/srv/_change_state.py
[32.527s] -- Installing: /root/catkin_ws/install/lifecycle_msgs/lib/python3.8/site-packages/lifecycle_msgs/srv/_get_available_states_s.c
[32.528s] -- Installing: /root/catkin_ws/install/lifecycle_msgs/lib/python3.8/site-packages/lifecycle_msgs/srv/_get_available_states.py
[32.528s] -- Installing: /root/catkin_ws/install/lifecycle_msgs/lib/python3.8/site-packages/lifecycle_msgs/srv/_get_available_transitions_s.c
[32.529s] -- Installing: /root/catkin_ws/install/lifecycle_msgs/lib/python3.8/site-packages/lifecycle_msgs/srv/_get_available_transitions.py
[32.530s] -- Installing: /root/catkin_ws/install/lifecycle_msgs/lib/python3.8/site-packages/lifecycle_msgs/srv/_get_state.py
[32.530s] -- Installing: /root/catkin_ws/install/lifecycle_msgs/lib/python3.8/site-packages/lifecycle_msgs/srv/__init__.py
[32.531s] -- Installing: /root/catkin_ws/install/lifecycle_msgs/lib/python3.8/site-packages/lifecycle_msgs/srv/_change_state_s.c
[32.531s] -- Installing: /root/catkin_ws/install/lifecycle_msgs/lib/python3.8/site-packages/lifecycle_msgs/srv/_get_state_s.c
[32.532s] -- Installing: /root/catkin_ws/install/lifecycle_msgs/lib/python3.8/site-packages/lifecycle_msgs/lifecycle_msgs_s__rosidl_typesupport_microxrcedds_c.cpython-38-x86_64-linux-gnu.so
[32.533s] -- Set runtime path of "/root/catkin_ws/install/lifecycle_msgs/lib/python3.8/site-packages/lifecycle_msgs/lifecycle_msgs_s__rosidl_typesupport_microxrcedds_c.cpython-38-x86_64-linux-gnu.so" to ""
[32.534s] -- Installing: /root/catkin_ws/install/lifecycle_msgs/lib/python3.8/site-packages/lifecycle_msgs/lifecycle_msgs_s__rosidl_typesupport_fastrtps_c.cpython-38-x86_64-linux-gnu.so
[32.535s] -- Set runtime path of "/root/catkin_ws/install/lifecycle_msgs/lib/python3.8/site-packages/lifecycle_msgs/lifecycle_msgs_s__rosidl_typesupport_fastrtps_c.cpython-38-x86_64-linux-gnu.so" to ""
[32.537s] -- Installing: /root/catkin_ws/install/lifecycle_msgs/lib/python3.8/site-packages/lifecycle_msgs/lifecycle_msgs_s__rosidl_typesupport_introspection_c.cpython-38-x86_64-linux-gnu.so
[32.538s] -- Set runtime path of "/root/catkin_ws/install/lifecycle_msgs/lib/python3.8/site-packages/lifecycle_msgs/lifecycle_msgs_s__rosidl_typesupport_introspection_c.cpython-38-x86_64-linux-gnu.so" to ""
[32.539s] -- Installing: /root/catkin_ws/install/lifecycle_msgs/lib/python3.8/site-packages/lifecycle_msgs/lifecycle_msgs_s__rosidl_typesupport_c.cpython-38-x86_64-linux-gnu.so
[32.540s] -- Set runtime path of "/root/catkin_ws/install/lifecycle_msgs/lib/python3.8/site-packages/lifecycle_msgs/lifecycle_msgs_s__rosidl_typesupport_c.cpython-38-x86_64-linux-gnu.so" to ""
[32.541s] -- Installing: /root/catkin_ws/install/lifecycle_msgs/lib/liblifecycle_msgs__python.so
[32.543s] -- Set runtime path of "/root/catkin_ws/install/lifecycle_msgs/lib/liblifecycle_msgs__python.so" to ""
[32.543s] -- Installing: /root/catkin_ws/install/lifecycle_msgs/share/lifecycle_msgs/msg/State.idl
[32.544s] -- Installing: /root/catkin_ws/install/lifecycle_msgs/share/lifecycle_msgs/msg/Transition.idl
[32.544s] -- Installing: /root/catkin_ws/install/lifecycle_msgs/share/lifecycle_msgs/msg/TransitionDescription.idl
[32.544s] -- Installing: /root/catkin_ws/install/lifecycle_msgs/share/lifecycle_msgs/msg/TransitionEvent.idl
[32.545s] -- Installing: /root/catkin_ws/install/lifecycle_msgs/share/lifecycle_msgs/srv/ChangeState.idl
[32.545s] -- Installing: /root/catkin_ws/install/lifecycle_msgs/share/lifecycle_msgs/srv/GetAvailableStates.idl
[32.546s] -- Installing: /root/catkin_ws/install/lifecycle_msgs/share/lifecycle_msgs/srv/GetAvailableTransitions.idl
[32.546s] -- Installing: /root/catkin_ws/install/lifecycle_msgs/share/lifecycle_msgs/srv/GetState.idl
[32.546s] -- Installing: /root/catkin_ws/install/lifecycle_msgs/share/lifecycle_msgs/msg/State.msg
[32.547s] -- Installing: /root/catkin_ws/install/lifecycle_msgs/share/lifecycle_msgs/msg/Transition.msg
[32.547s] -- Installing: /root/catkin_ws/install/lifecycle_msgs/share/lifecycle_msgs/msg/TransitionDescription.msg
[32.547s] -- Installing: /root/catkin_ws/install/lifecycle_msgs/share/lifecycle_msgs/msg/TransitionEvent.msg
[32.547s] -- Installing: /root/catkin_ws/install/lifecycle_msgs/share/lifecycle_msgs/srv/ChangeState.srv
[32.548s] -- Installing: /root/catkin_ws/install/lifecycle_msgs/share/lifecycle_msgs/srv/ChangeState_Request.msg
[32.548s] -- Installing: /root/catkin_ws/install/lifecycle_msgs/share/lifecycle_msgs/srv/ChangeState_Response.msg
[32.548s] -- Installing: /root/catkin_ws/install/lifecycle_msgs/share/lifecycle_msgs/srv/GetAvailableStates.srv
[32.549s] -- Installing: /root/catkin_ws/install/lifecycle_msgs/share/lifecycle_msgs/srv/GetAvailableStates_Request.msg
[32.549s] -- Installing: /root/catkin_ws/install/lifecycle_msgs/share/lifecycle_msgs/srv/GetAvailableStates_Response.msg
[32.549s] -- Installing: /root/catkin_ws/install/lifecycle_msgs/share/lifecycle_msgs/srv/GetAvailableTransitions.srv
[32.549s] -- Installing: /root/catkin_ws/install/lifecycle_msgs/share/lifecycle_msgs/srv/GetAvailableTransitions_Request.msg
[32.550s] -- Installing: /root/catkin_ws/install/lifecycle_msgs/share/lifecycle_msgs/srv/GetAvailableTransitions_Response.msg
[32.550s] -- Installing: /root/catkin_ws/install/lifecycle_msgs/share/lifecycle_msgs/srv/GetState.srv
[32.550s] -- Installing: /root/catkin_ws/install/lifecycle_msgs/share/lifecycle_msgs/srv/GetState_Request.msg
[32.550s] -- Installing: /root/catkin_ws/install/lifecycle_msgs/share/lifecycle_msgs/srv/GetState_Response.msg
[32.551s] -- Installing: /root/catkin_ws/install/lifecycle_msgs/share/ament_index/resource_index/package_run_dependencies/lifecycle_msgs
[32.551s] -- Installing: /root/catkin_ws/install/lifecycle_msgs/share/ament_index/resource_index/parent_prefix_path/lifecycle_msgs
[32.551s] -- Installing: /root/catkin_ws/install/lifecycle_msgs/share/lifecycle_msgs/environment/ament_prefix_path.sh
[32.552s] -- Installing: /root/catkin_ws/install/lifecycle_msgs/share/lifecycle_msgs/environment/ament_prefix_path.dsv
[32.552s] -- Installing: /root/catkin_ws/install/lifecycle_msgs/share/lifecycle_msgs/environment/path.sh
[32.552s] -- Installing: /root/catkin_ws/install/lifecycle_msgs/share/lifecycle_msgs/environment/path.dsv
[32.552s] -- Installing: /root/catkin_ws/install/lifecycle_msgs/share/lifecycle_msgs/local_setup.bash
[32.553s] -- Installing: /root/catkin_ws/install/lifecycle_msgs/share/lifecycle_msgs/local_setup.sh
[32.553s] -- Installing: /root/catkin_ws/install/lifecycle_msgs/share/lifecycle_msgs/local_setup.zsh
[32.553s] -- Installing: /root/catkin_ws/install/lifecycle_msgs/share/lifecycle_msgs/local_setup.dsv
[32.553s] -- Installing: /root/catkin_ws/install/lifecycle_msgs/share/lifecycle_msgs/package.dsv
[32.554s] -- Installing: /root/catkin_ws/install/lifecycle_msgs/share/ament_index/resource_index/packages/lifecycle_msgs
[32.554s] -- Installing: /root/catkin_ws/install/lifecycle_msgs/share/lifecycle_msgs/cmake/lifecycle_msgs__rosidl_generator_cExport.cmake
[32.554s] -- Installing: /root/catkin_ws/install/lifecycle_msgs/share/lifecycle_msgs/cmake/lifecycle_msgs__rosidl_generator_cExport-noconfig.cmake
[32.556s] -- Installing: /root/catkin_ws/install/lifecycle_msgs/share/lifecycle_msgs/cmake/lifecycle_msgs__rosidl_typesupport_introspection_cExport.cmake
[32.556s] -- Installing: /root/catkin_ws/install/lifecycle_msgs/share/lifecycle_msgs/cmake/lifecycle_msgs__rosidl_typesupport_introspection_cExport-noconfig.cmake
[32.556s] -- Installing: /root/catkin_ws/install/lifecycle_msgs/share/lifecycle_msgs/cmake/lifecycle_msgs__rosidl_typesupport_cExport.cmake
[32.556s] -- Installing: /root/catkin_ws/install/lifecycle_msgs/share/lifecycle_msgs/cmake/lifecycle_msgs__rosidl_typesupport_cExport-noconfig.cmake
[32.557s] -- Installing: /root/catkin_ws/install/lifecycle_msgs/share/lifecycle_msgs/cmake/lifecycle_msgs__rosidl_generator_cppExport.cmake
[32.557s] -- Installing: /root/catkin_ws/install/lifecycle_msgs/share/lifecycle_msgs/cmake/lifecycle_msgs__rosidl_typesupport_introspection_cppExport.cmake
[32.558s] -- Installing: /root/catkin_ws/install/lifecycle_msgs/share/lifecycle_msgs/cmake/lifecycle_msgs__rosidl_typesupport_introspection_cppExport-noconfig.cmake
[32.558s] -- Installing: /root/catkin_ws/install/lifecycle_msgs/share/lifecycle_msgs/cmake/lifecycle_msgs__rosidl_typesupport_cppExport.cmake
[32.558s] -- Installing: /root/catkin_ws/install/lifecycle_msgs/share/lifecycle_msgs/cmake/lifecycle_msgs__rosidl_typesupport_cppExport-noconfig.cmake
[32.558s] -- Installing: /root/catkin_ws/install/lifecycle_msgs/share/lifecycle_msgs/cmake/rosidl_cmake-extras.cmake
[32.559s] -- Installing: /root/catkin_ws/install/lifecycle_msgs/share/lifecycle_msgs/cmake/ament_cmake_export_dependencies-extras.cmake
[32.559s] -- Installing: /root/catkin_ws/install/lifecycle_msgs/share/lifecycle_msgs/cmake/ament_cmake_export_libraries-extras.cmake
[32.559s] -- Installing: /root/catkin_ws/install/lifecycle_msgs/share/lifecycle_msgs/cmake/ament_cmake_export_targets-extras.cmake
[32.559s] -- Installing: /root/catkin_ws/install/lifecycle_msgs/share/lifecycle_msgs/cmake/ament_cmake_export_include_directories-extras.cmake
[32.560s] -- Installing: /root/catkin_ws/install/lifecycle_msgs/share/lifecycle_msgs/cmake/rosidl_cmake_export_typesupport_libraries-extras.cmake
[32.561s] -- Installing: /root/catkin_ws/install/lifecycle_msgs/share/lifecycle_msgs/cmake/rosidl_cmake_export_typesupport_targets-extras.cmake
[32.561s] -- Installing: /root/catkin_ws/install/lifecycle_msgs/share/lifecycle_msgs/cmake/lifecycle_msgsConfig.cmake
[32.561s] -- Installing: /root/catkin_ws/install/lifecycle_msgs/share/lifecycle_msgs/cmake/lifecycle_msgsConfig-version.cmake
[32.561s] -- Installing: /root/catkin_ws/install/lifecycle_msgs/share/lifecycle_msgs/package.xml
[32.575s] Invoked command in '/root/catkin_ws/build/lifecycle_msgs' returned '0': CMAKE_PREFIX_PATH=${CMAKE_PREFIX_PATH}:/root/catkin_ws/install/topic_service_action_rclpy_example:/root/catkin_ws/install/time_rclpy_example:/root/catkin_ws/install/tf2_rclpy_example:/root/catkin_ws/install/ros2env:/root/catkin_ws/install/omo_r1mini_teleop:/root/catkin_ws/install/omo_r1mini_bringup:/root/catkin_ws/install/my_first_ros_rclpy_pkg:/root/catkin_ws/install/logging_rclpy_example:/root/catkin_ws/install/iahrs_driver:/root/install/topic_service_action_rclpy_example:/root/install/time_rclpy_example:/root/install/tf2_rclpy_example:/root/install/ros2env:/root/install/omo_r1mini_teleop:/root/install/omo_r1mini_bringup:/root/install/my_first_ros_rclpy_pkg:/root/install/logging_rclpy_example:/opt/ros/foxy /usr/bin/cmake --install /root/catkin_ws/build/lifecycle_msgs
