-- Found ament_cmake_auto: 0.9.11 (/opt/ros/foxy/share/ament_cmake_auto/cmake)
-- Using PYTHON_EXECUTABLE: /usr/bin/python3
-- Override CMake install command with custom implementation using symlinks instead of copying resources
-- Using all available rosidl_typesupport_c: rosidl_typesupport_microxrcedds_c;rosidl_typesupport_fastrtps_c;rosidl_typesupport_introspection_c
-- Found rosidl_adapter: 1.3.0 (/opt/ros/foxy/share/rosidl_adapter/cmake)
-- Using all available rosidl_typesupport_cpp: rosidl_typesupport_microxrcedds_cpp;rosidl_typesupport_fastrtps_cpp;rosidl_typesupport_introspection_cpp
-- Found rmw_implementation_cmake: 1.0.4 (/opt/ros/foxy/share/rmw_implementation_cmake/cmake)
-- Using RMW implementation 'rmw_fastrtps_cpp' as default
-- Configuring done
-- Generating done
-- Build files have been written to: /root/catkin_ws/build/serial_driver
[ 42%] Built target serial_driver
[ 71%] Built target serial_bridge
[100%] Built target serial_driver_nodes
-- Install configuration: ""
-- Execute custom install script
-- Up-to-date symlink: /root/catkin_ws/install/serial_driver/lib/serial_driver/serial_bridge
-- Up-to-date symlink: /root/catkin_ws/install/serial_driver/include/serial_driver/serial_bridge_node.hpp
-- Up-to-date symlink: /root/catkin_ws/install/serial_driver/include/serial_driver/serial_driver.hpp
-- Up-to-date symlink: /root/catkin_ws/install/serial_driver/include/serial_driver/serial_port.hpp
-- Up-to-date symlink: /root/catkin_ws/install/serial_driver/include/serial_driver/visibility_control.hpp
-- Up-to-date symlink: /root/catkin_ws/install/serial_driver/share/serial_driver/environment/library_path.sh
-- Up-to-date symlink: /root/catkin_ws/install/serial_driver/share/serial_driver/environment/library_path.dsv
-- Up-to-date symlink: /root/catkin_ws/install/serial_driver/lib/libserial_driver.so
-- Up-to-date symlink: /root/catkin_ws/install/serial_driver/lib/libserial_driver_nodes.so
-- Up-to-date symlink: /root/catkin_ws/install/serial_driver/share/serial_driver/launch/serial_driver_bridge_node.launch.py
-- Up-to-date symlink: /root/catkin_ws/install/serial_driver/share/serial_driver/params/example.params.yaml
-- Up-to-date symlink: /root/catkin_ws/install/serial_driver/share/ament_index/resource_index/package_run_dependencies/serial_driver
-- Up-to-date symlink: /root/catkin_ws/install/serial_driver/share/ament_index/resource_index/parent_prefix_path/serial_driver
-- Up-to-date symlink: /root/catkin_ws/install/serial_driver/share/serial_driver/environment/ament_prefix_path.sh
-- Up-to-date symlink: /root/catkin_ws/install/serial_driver/share/serial_driver/environment/ament_prefix_path.dsv
-- Up-to-date symlink: /root/catkin_ws/install/serial_driver/share/serial_driver/environment/path.sh
-- Up-to-date symlink: /root/catkin_ws/install/serial_driver/share/serial_driver/environment/path.dsv
-- Up-to-date symlink: /root/catkin_ws/install/serial_driver/share/serial_driver/local_setup.bash
-- Up-to-date symlink: /root/catkin_ws/install/serial_driver/share/serial_driver/local_setup.sh
-- Up-to-date symlink: /root/catkin_ws/install/serial_driver/share/serial_driver/local_setup.zsh
-- Up-to-date symlink: /root/catkin_ws/install/serial_driver/share/serial_driver/local_setup.dsv
-- Symlinking: /root/catkin_ws/install/serial_driver/share/serial_driver/package.dsv
-- Up-to-date symlink: /root/catkin_ws/install/serial_driver/share/ament_index/resource_index/packages/serial_driver
-- Up-to-date symlink: /root/catkin_ws/install/serial_driver/share/ament_index/resource_index/rclcpp_components/serial_driver
-- Up-to-date symlink: /root/catkin_ws/install/serial_driver/share/serial_driver/cmake/ament_cmake_export_dependencies-extras.cmake
-- Up-to-date symlink: /root/catkin_ws/install/serial_driver/share/serial_driver/cmake/ament_cmake_export_include_directories-extras.cmake
-- Up-to-date symlink: /root/catkin_ws/install/serial_driver/share/serial_driver/cmake/ament_cmake_export_libraries-extras.cmake
-- Up-to-date symlink: /root/catkin_ws/install/serial_driver/share/serial_driver/cmake/serial_driverConfig.cmake
-- Up-to-date symlink: /root/catkin_ws/install/serial_driver/share/serial_driver/cmake/serial_driverConfig-version.cmake
-- Up-to-date symlink: /root/catkin_ws/install/serial_driver/share/serial_driver/package.xml
