[1.497s] Invoking command in '/root/catkin_ws/build/rqt_example': CMAKE_PREFIX_PATH=${CMAKE_PREFIX_PATH}:/root/catkin_ws/install/topic_service_action_rclpy_example:/root/catkin_ws/install/time_rclpy_example:/root/catkin_ws/install/tf2_rclpy_example:/root/catkin_ws/install/ros2env:/root/catkin_ws/install/omo_r1mini_teleop:/root/catkin_ws/install/omo_r1mini_bringup:/root/catkin_ws/install/my_first_ros_rclpy_pkg:/root/catkin_ws/install/logging_rclpy_example:/root/catkin_ws/install/iahrs_driver:/root/install/topic_service_action_rclpy_example:/root/install/time_rclpy_example:/root/install/tf2_rclpy_example:/root/install/ros2env:/root/install/omo_r1mini_teleop:/root/install/omo_r1mini_bringup:/root/install/my_first_ros_rclpy_pkg:/root/install/logging_rclpy_example:/opt/ros/foxy /usr/bin/cmake --build /root/catkin_ws/build/rqt_example -- -j12 -l12
[1.855s] Invoked command in '/root/catkin_ws/build/rqt_example' returned '0': CMAKE_PREFIX_PATH=${CMAKE_PREFIX_PATH}:/root/catkin_ws/install/topic_service_action_rclpy_example:/root/catkin_ws/install/time_rclpy_example:/root/catkin_ws/install/tf2_rclpy_example:/root/catkin_ws/install/ros2env:/root/catkin_ws/install/omo_r1mini_teleop:/root/catkin_ws/install/omo_r1mini_bringup:/root/catkin_ws/install/my_first_ros_rclpy_pkg:/root/catkin_ws/install/logging_rclpy_example:/root/catkin_ws/install/iahrs_driver:/root/install/topic_service_action_rclpy_example:/root/install/time_rclpy_example:/root/install/tf2_rclpy_example:/root/install/ros2env:/root/install/omo_r1mini_teleop:/root/install/omo_r1mini_bringup:/root/install/my_first_ros_rclpy_pkg:/root/install/logging_rclpy_example:/opt/ros/foxy /usr/bin/cmake --build /root/catkin_ws/build/rqt_example -- -j12 -l12
[2.078s] Invoking command in '/root/catkin_ws/build/rqt_example': CMAKE_PREFIX_PATH=${CMAKE_PREFIX_PATH}:/root/catkin_ws/install/topic_service_action_rclpy_example:/root/catkin_ws/install/time_rclpy_example:/root/catkin_ws/install/tf2_rclpy_example:/root/catkin_ws/install/ros2env:/root/catkin_ws/install/omo_r1mini_teleop:/root/catkin_ws/install/omo_r1mini_bringup:/root/catkin_ws/install/my_first_ros_rclpy_pkg:/root/catkin_ws/install/logging_rclpy_example:/root/catkin_ws/install/iahrs_driver:/root/install/topic_service_action_rclpy_example:/root/install/time_rclpy_example:/root/install/tf2_rclpy_example:/root/install/ros2env:/root/install/omo_r1mini_teleop:/root/install/omo_r1mini_bringup:/root/install/my_first_ros_rclpy_pkg:/root/install/logging_rclpy_example:/opt/ros/foxy /usr/bin/cmake --install /root/catkin_ws/build/rqt_example
[2.145s] -- Install configuration: ""
[2.145s] -- Execute custom install script
[2.147s] -- Up-to-date symlink: /root/catkin_ws/install/rqt_example/share/rqt_example/environment/pythonpath.sh
[2.151s] -- Up-to-date symlink: /root/catkin_ws/install/rqt_example/share/rqt_example/environment/pythonpath.dsv
[2.152s] -- Up-to-date symlink: /root/catkin_ws/install/rqt_example/lib/python3.8/site-packages/rqt_example/__init__.py
[2.153s] -- Up-to-date symlink: /root/catkin_ws/install/rqt_example/lib/python3.8/site-packages/rqt_example/examples.py
[2.153s] -- Up-to-date symlink: /root/catkin_ws/install/rqt_example/lib/python3.8/site-packages/rqt_example/examples_widget.py
[2.154s] -- Up-to-date symlink: /root/catkin_ws/install/rqt_example/share/rqt_example/plugin.xml
[2.159s] -- Up-to-date symlink: /root/catkin_ws/install/rqt_example/share/rqt_example/resource/rqt_example.ui
[2.159s] -- Up-to-date symlink: /root/catkin_ws/install/rqt_example/share/rqt_example/launch/turtlesim.launch.py
[2.159s] -- Up-to-date symlink: /root/catkin_ws/install/rqt_example/lib/rqt_example/rqt_example
[2.163s] -- Up-to-date symlink: /root/catkin_ws/install/rqt_example/share/ament_index/resource_index/package_run_dependencies/rqt_example
[2.164s] -- Up-to-date symlink: /root/catkin_ws/install/rqt_example/share/ament_index/resource_index/parent_prefix_path/rqt_example
[2.165s] -- Up-to-date symlink: /root/catkin_ws/install/rqt_example/share/rqt_example/environment/ament_prefix_path.sh
[2.165s] -- Up-to-date symlink: /root/catkin_ws/install/rqt_example/share/rqt_example/environment/ament_prefix_path.dsv
[2.167s] -- Up-to-date symlink: /root/catkin_ws/install/rqt_example/share/rqt_example/environment/path.sh
[2.168s] -- Up-to-date symlink: /root/catkin_ws/install/rqt_example/share/rqt_example/environment/path.dsv
[2.168s] -- Up-to-date symlink: /root/catkin_ws/install/rqt_example/share/rqt_example/local_setup.bash
[2.169s] -- Up-to-date symlink: /root/catkin_ws/install/rqt_example/share/rqt_example/local_setup.sh
[2.169s] -- Up-to-date symlink: /root/catkin_ws/install/rqt_example/share/rqt_example/local_setup.zsh
[2.170s] -- Up-to-date symlink: /root/catkin_ws/install/rqt_example/share/rqt_example/local_setup.dsv
[2.170s] -- Symlinking: /root/catkin_ws/install/rqt_example/share/rqt_example/package.dsv
[2.188s] -- Up-to-date symlink: /root/catkin_ws/install/rqt_example/share/ament_index/resource_index/packages/rqt_example
[2.188s] -- Up-to-date symlink: /root/catkin_ws/install/rqt_example/share/rqt_example/cmake/rqt_exampleConfig.cmake
[2.188s] -- Up-to-date symlink: /root/catkin_ws/install/rqt_example/share/rqt_example/cmake/rqt_exampleConfig-version.cmake
[2.189s] -- Up-to-date symlink: /root/catkin_ws/install/rqt_example/share/rqt_example/package.xml
[2.320s] Listing '/root/catkin_ws/install/rqt_example/lib/python3.8/site-packages/rqt_example'...
[2.580s] Invoked command in '/root/catkin_ws/build/rqt_example' returned '0': CMAKE_PREFIX_PATH=${CMAKE_PREFIX_PATH}:/root/catkin_ws/install/topic_service_action_rclpy_example:/root/catkin_ws/install/time_rclpy_example:/root/catkin_ws/install/tf2_rclpy_example:/root/catkin_ws/install/ros2env:/root/catkin_ws/install/omo_r1mini_teleop:/root/catkin_ws/install/omo_r1mini_bringup:/root/catkin_ws/install/my_first_ros_rclpy_pkg:/root/catkin_ws/install/logging_rclpy_example:/root/catkin_ws/install/iahrs_driver:/root/install/topic_service_action_rclpy_example:/root/install/time_rclpy_example:/root/install/tf2_rclpy_example:/root/install/ros2env:/root/install/omo_r1mini_teleop:/root/install/omo_r1mini_bringup:/root/install/my_first_ros_rclpy_pkg:/root/install/logging_rclpy_example:/opt/ros/foxy /usr/bin/cmake --install /root/catkin_ws/build/rqt_example
