[0.587s] Invoking command in '/root/catkin_ws/build/ydlidar_sdk': /usr/bin/cmake --build /root/catkin_ws/build/ydlidar_sdk -- -j12 -l12
[0.639s] [ 58%] Built target ydlidar_sdk
[0.666s] [ 66%] Built target etlidar_test
[0.668s] [ 75%] Built target ydlidar_test
[0.669s] [ 83%] Built target tof_test
[0.669s] [ 91%] Built target lidar_c_api_test
[0.673s] [100%] Built target lidar_test
[0.738s] Invoked command in '/root/catkin_ws/build/ydlidar_sdk' returned '0': /usr/bin/cmake --build /root/catkin_ws/build/ydlidar_sdk -- -j12 -l12
[1.459s] Invoking command in '/root/catkin_ws/build/ydlidar_sdk': /usr/bin/cmake --install /root/catkin_ws/build/ydlidar_sdk
[1.513s] -- Install configuration: ""
[1.513s] -- Up-to-date: /root/catkin_ws/install/ydlidar_sdk/include/core/base/datatype.h
[1.514s] -- Up-to-date: /root/catkin_ws/install/ydlidar_sdk/include/core/base/locker.h
[1.514s] -- Up-to-date: /root/catkin_ws/install/ydlidar_sdk/include/core/base/thread.h
[1.514s] -- Up-to-date: /root/catkin_ws/install/ydlidar_sdk/include/core/base/timer.h
[1.514s] -- Up-to-date: /root/catkin_ws/install/ydlidar_sdk/include/core/base/typedef.h
[1.514s] -- Up-to-date: /root/catkin_ws/install/ydlidar_sdk/include/core/base/utils.h
[1.515s] -- Up-to-date: /root/catkin_ws/install/ydlidar_sdk/include/core/base/v8stdint.h
[1.515s] -- Up-to-date: /root/catkin_ws/install/ydlidar_sdk/include/core/base/ydlidar.h
[1.515s] -- Up-to-date: /root/catkin_ws/install/ydlidar_sdk/include/core/common/ChannelDevice.h
[1.515s] -- Up-to-date: /root/catkin_ws/install/ydlidar_sdk/include/core/common/DriverInterface.h
[1.515s] -- Up-to-date: /root/catkin_ws/install/ydlidar_sdk/include/core/common/ydlidar_datatype.h
[1.515s] -- Up-to-date: /root/catkin_ws/install/ydlidar_sdk/include/core/common/ydlidar_def.h
[1.516s] -- Up-to-date: /root/catkin_ws/install/ydlidar_sdk/include/core/common/ydlidar_help.h
[1.516s] -- Up-to-date: /root/catkin_ws/install/ydlidar_sdk/include/core/common/ydlidar_protocol.h
[1.516s] -- Up-to-date: /root/catkin_ws/install/ydlidar_sdk/include/core/math/angles.h
[1.516s] -- Up-to-date: /root/catkin_ws/install/ydlidar_sdk/include/core/network/ActiveSocket.h
[1.516s] -- Up-to-date: /root/catkin_ws/install/ydlidar_sdk/include/core/network/PassiveSocket.h
[1.516s] -- Up-to-date: /root/catkin_ws/install/ydlidar_sdk/include/core/network/SimpleSocket.h
[1.517s] -- Up-to-date: /root/catkin_ws/install/ydlidar_sdk/include/core/network/StatTimer.h
[1.517s] -- Up-to-date: /root/catkin_ws/install/ydlidar_sdk/include/core/serial/common.h
[1.517s] -- Up-to-date: /root/catkin_ws/install/ydlidar_sdk/include/core/serial/serial.h
[1.517s] -- Up-to-date: /root/catkin_ws/install/ydlidar_sdk/include/core/serial/impl/unix/lock.h
[1.517s] -- Up-to-date: /root/catkin_ws/install/ydlidar_sdk/include/core/serial/impl/unix/unix.h
[1.517s] -- Up-to-date: /root/catkin_ws/install/ydlidar_sdk/include/core/serial/impl/unix/unix_serial.h
[1.518s] -- Up-to-date: /root/catkin_ws/install/ydlidar_sdk/include/src/CYdLidar.h
[1.518s] -- Up-to-date: /root/catkin_ws/install/ydlidar_sdk/include/src/ETLidarDriver.h
[1.518s] -- Up-to-date: /root/catkin_ws/install/ydlidar_sdk/include/src/ydlidar_driver.h
[1.518s] -- Up-to-date: /root/catkin_ws/install/ydlidar_sdk/include/src/ydlidar_sdk.h
[1.518s] -- Up-to-date: /root/catkin_ws/install/ydlidar_sdk/include/ydlidar_config.h
[1.518s] -- Up-to-date: /root/catkin_ws/install/ydlidar_sdk/lib/libydlidar_sdk.a
[1.519s] -- Up-to-date: /root/catkin_ws/install/ydlidar_sdk/lib/pkgconfig/YDLIDAR_SDK.pc
[1.519s] -- Up-to-date: /root/catkin_ws/install/ydlidar_sdk/lib/cmake/ydlidar_sdk/ydlidar_sdkConfig.cmake
[1.519s] -- Up-to-date: /root/catkin_ws/install/ydlidar_sdk/lib/cmake/ydlidar_sdk/ydlidar_sdkTargets.cmake
[1.519s] -- Up-to-date: /root/catkin_ws/install/ydlidar_sdk/lib/cmake/ydlidar_sdk/ydlidar_sdkConfigVersion.cmake
[1.519s] -- Up-to-date: /root/catkin_ws/install/ydlidar_sdk/share/YDLIDAR_SDK/FindYDLIDAR_SDK.cmake
[1.519s] -- Up-to-date: /root/catkin_ws/install/ydlidar_sdk/share/YDLIDAR_SDK
[1.520s] -- Up-to-date: /root/catkin_ws/install/ydlidar_sdk/share/YDLIDAR_SDK/install_package.cmake
[1.520s] -- Up-to-date: /root/catkin_ws/install/ydlidar_sdk/share/YDLIDAR_SDK/PkgConfig.pc.in
[1.520s] -- Up-to-date: /root/catkin_ws/install/ydlidar_sdk/share/YDLIDAR_SDK/FindPackage.cmake.in
[1.523s] -- Up-to-date: /root/catkin_ws/install/ydlidar_sdk/share/YDLIDAR_SDK/script_show_final_summary.cmake
[1.523s] -- Up-to-date: /root/catkin_ws/install/ydlidar_sdk/share/YDLIDAR_SDK/PackageConfigVersion.cmake.in
[1.524s] -- Up-to-date: /root/catkin_ws/install/ydlidar_sdk/share/YDLIDAR_SDK/cmake_uninstall.cmake.in
[1.524s] -- Up-to-date: /root/catkin_ws/install/ydlidar_sdk/share/YDLIDAR_SDK/PackageConfig.cmake.in
[1.524s] -- Up-to-date: /root/catkin_ws/install/ydlidar_sdk/share/YDLIDAR_SDK/common
[1.524s] -- Up-to-date: /root/catkin_ws/install/ydlidar_sdk/share/YDLIDAR_SDK/common/ydlidar_base.cmake
[1.525s] -- Up-to-date: /root/catkin_ws/install/ydlidar_sdk/share/YDLIDAR_SDK/common/ydlidar_parse.cmake
[1.525s] -- Up-to-date: /root/catkin_ws/install/ydlidar_sdk/share/YDLIDAR_SDK/LICENSE.txt
[1.526s] -- Up-to-date: /root/catkin_ws/install/ydlidar_sdk/share/YDLIDAR_SDK/README.md
[1.526s] -- Up-to-date: /root/catkin_ws/install/ydlidar_sdk/share/YDLIDAR_SDK/doc
[1.526s] -- Up-to-date: /root/catkin_ws/install/ydlidar_sdk/share/YDLIDAR_SDK/doc/Dataset.md
[1.526s] -- Up-to-date: /root/catkin_ws/install/ydlidar_sdk/share/YDLIDAR_SDK/doc/FAQs
[1.526s] -- Up-to-date: /root/catkin_ws/install/ydlidar_sdk/share/YDLIDAR_SDK/doc/FAQs/Software_FAQs_cn.md
[1.529s] -- Up-to-date: /root/catkin_ws/install/ydlidar_sdk/share/YDLIDAR_SDK/doc/FAQs/Hardware_FAQs.md
[1.530s] -- Up-to-date: /root/catkin_ws/install/ydlidar_sdk/share/YDLIDAR_SDK/doc/FAQs/Hardware_FAQs_cn.md
[1.530s] -- Up-to-date: /root/catkin_ws/install/ydlidar_sdk/share/YDLIDAR_SDK/doc/FAQs/General_FAQs.md
[1.530s] -- Up-to-date: /root/catkin_ws/install/ydlidar_sdk/share/YDLIDAR_SDK/doc/FAQs/General_FAQs_cn.md
[1.530s] -- Up-to-date: /root/catkin_ws/install/ydlidar_sdk/share/YDLIDAR_SDK/doc/FAQs/README.md
[1.531s] -- Up-to-date: /root/catkin_ws/install/ydlidar_sdk/share/YDLIDAR_SDK/doc/FAQs/Software_FAQs.md
[1.531s] -- Up-to-date: /root/catkin_ws/install/ydlidar_sdk/share/YDLIDAR_SDK/doc/Tutorials.md
[1.531s] -- Up-to-date: /root/catkin_ws/install/ydlidar_sdk/share/YDLIDAR_SDK/doc/SDK.pdf
[1.532s] -- Up-to-date: /root/catkin_ws/install/ydlidar_sdk/share/YDLIDAR_SDK/doc/Diagram.md
[1.532s] -- Up-to-date: /root/catkin_ws/install/ydlidar_sdk/share/YDLIDAR_SDK/doc/YDLIDAR_SDK_API_for_Developers.md
[1.533s] -- Up-to-date: /root/catkin_ws/install/ydlidar_sdk/share/YDLIDAR_SDK/doc/YDLidar_SDK_Communication_Protocol.pdf
[1.536s] -- Up-to-date: /root/catkin_ws/install/ydlidar_sdk/share/YDLIDAR_SDK/doc/YDLidar-SDK-Communication-Protocol.md
[1.536s] -- Up-to-date: /root/catkin_ws/install/ydlidar_sdk/share/YDLIDAR_SDK/doc/YDLidar-SDK-Communication-Protocol.html
[1.536s] -- Up-to-date: /root/catkin_ws/install/ydlidar_sdk/share/YDLIDAR_SDK/doc/quickstart
[1.536s] -- Up-to-date: /root/catkin_ws/install/ydlidar_sdk/share/YDLIDAR_SDK/doc/quickstart/ydlidar_sdk_software_installation_guide.md
[1.537s] -- Up-to-date: /root/catkin_ws/install/ydlidar_sdk/share/YDLIDAR_SDK/doc/quickstart/README.md
[1.537s] -- Up-to-date: /root/catkin_ws/install/ydlidar_sdk/share/YDLIDAR_SDK/doc/README.md
[1.537s] -- Up-to-date: /root/catkin_ws/install/ydlidar_sdk/share/YDLIDAR_SDK/doc/images
[1.538s] -- Up-to-date: /root/catkin_ws/install/ydlidar_sdk/share/YDLIDAR_SDK/doc/images/angle_q2.png
[1.541s] -- Up-to-date: /root/catkin_ws/install/ydlidar_sdk/share/YDLIDAR_SDK/doc/images/sequence.png
[1.541s] -- Up-to-date: /root/catkin_ws/install/ydlidar_sdk/share/YDLIDAR_SDK/doc/images/frame.png
[1.542s] -- Up-to-date: /root/catkin_ws/install/ydlidar_sdk/share/YDLIDAR_SDK/doc/images/system_workflow.png
[1.542s] -- Up-to-date: /root/catkin_ws/install/ydlidar_sdk/share/YDLIDAR_SDK/doc/images/sdk_scanning.png
[1.543s] -- Up-to-date: /root/catkin_ws/install/ydlidar_sdk/share/YDLIDAR_SDK/doc/images/frame_intensity.png
[1.543s] -- Up-to-date: /root/catkin_ws/install/ydlidar_sdk/share/YDLIDAR_SDK/doc/images/FlowChart.png
[1.543s] -- Up-to-date: /root/catkin_ws/install/ydlidar_sdk/share/YDLIDAR_SDK/doc/images/YDLidar.png
[1.544s] -- Up-to-date: /root/catkin_ws/install/ydlidar_sdk/share/YDLIDAR_SDK/doc/images/sdk_architecture.png
[1.544s] -- Up-to-date: /root/catkin_ws/install/ydlidar_sdk/share/YDLIDAR_SDK/doc/images/YDLidar.jpg
[1.544s] -- Up-to-date: /root/catkin_ws/install/ydlidar_sdk/share/YDLIDAR_SDK/doc/images/sdk_init.png
[1.544s] -- Up-to-date: /root/catkin_ws/install/ydlidar_sdk/share/YDLIDAR_SDK/doc/images/communication_mechanism.png
[1.545s] -- Up-to-date: /root/catkin_ws/install/ydlidar_sdk/share/YDLIDAR_SDK/doc/images/EAI.png
[1.545s] -- Up-to-date: /root/catkin_ws/install/ydlidar_sdk/share/YDLIDAR_SDK/doc/tutorials
[1.545s] -- Up-to-date: /root/catkin_ws/install/ydlidar_sdk/share/YDLIDAR_SDK/doc/tutorials/writing_lidar_tutorial_python.md
[1.545s] -- Up-to-date: /root/catkin_ws/install/ydlidar_sdk/share/YDLIDAR_SDK/doc/tutorials/writing_lidar_tutorial_c++.md
[1.546s] -- Up-to-date: /root/catkin_ws/install/ydlidar_sdk/share/YDLIDAR_SDK/doc/tutorials/writing_lidar_network_adapter_tutorial_c++.md
[1.546s] -- Up-to-date: /root/catkin_ws/install/ydlidar_sdk/share/YDLIDAR_SDK/doc/tutorials/examine_the_simple_lidar_tutorial.md
[1.551s] -- Up-to-date: /root/catkin_ws/install/ydlidar_sdk/share/YDLIDAR_SDK/doc/tutorials/writing_lidar_tutorial_c.md
[1.551s] -- Up-to-date: /root/catkin_ws/install/ydlidar_sdk/share/YDLIDAR_SDK/doc/howto
[1.551s] -- Up-to-date: /root/catkin_ws/install/ydlidar_sdk/share/YDLIDAR_SDK/doc/howto/how_to_gerenrate_vs_project_by_cmake.md
[1.551s] -- Up-to-date: /root/catkin_ws/install/ydlidar_sdk/share/YDLIDAR_SDK/doc/howto/how_to_solve_slow_pull_from_cn.md
[1.551s] -- Up-to-date: /root/catkin_ws/install/ydlidar_sdk/share/YDLIDAR_SDK/doc/howto/how_to_build_and_debug_using_vscode.md
[1.551s] -- Up-to-date: /root/catkin_ws/install/ydlidar_sdk/share/YDLIDAR_SDK/doc/howto/how_to_create_a_udev_rules.md
[1.552s] -- Up-to-date: /root/catkin_ws/install/ydlidar_sdk/share/YDLIDAR_SDK/doc/howto/how_to_create_a_csharp_project.md
[1.552s] -- Up-to-date: /root/catkin_ws/install/ydlidar_sdk/share/YDLIDAR_SDK/doc/howto/how_to_build_and_install.md
[1.552s] -- Up-to-date: /root/catkin_ws/install/ydlidar_sdk/share/YDLIDAR_SDK/doc/howto/how_to_create_a_pull.md
[1.552s] -- Up-to-date: /root/catkin_ws/install/ydlidar_sdk/share/YDLIDAR_SDK/doc/howto/README.md
[1.553s] -- Up-to-date: /root/catkin_ws/install/ydlidar_sdk/share/YDLIDAR_SDK/doc/howto/images
[1.553s] -- Up-to-date: /root/catkin_ws/install/ydlidar_sdk/share/YDLIDAR_SDK/doc/howto/images/csharp_library.png
[1.553s] -- Up-to-date: /root/catkin_ws/install/ydlidar_sdk/share/YDLIDAR_SDK/doc/howto/images/csharp_project.png
[1.553s] -- Up-to-date: /root/catkin_ws/install/ydlidar_sdk/share/YDLIDAR_SDK/doc/howto/images/sequence.png
[1.553s] -- Up-to-date: /root/catkin_ws/install/ydlidar_sdk/share/YDLIDAR_SDK/doc/howto/images/vscode
[1.553s] -- Up-to-date: /root/catkin_ws/install/ydlidar_sdk/share/YDLIDAR_SDK/doc/howto/images/vscode/run_tasks.jpg
[1.554s] -- Up-to-date: /root/catkin_ws/install/ydlidar_sdk/share/YDLIDAR_SDK/doc/howto/images/vscode/tasks.png
[1.554s] -- Up-to-date: /root/catkin_ws/install/ydlidar_sdk/share/YDLIDAR_SDK/doc/howto/images/sdk_scanning.png
[1.554s] -- Up-to-date: /root/catkin_ws/install/ydlidar_sdk/share/YDLIDAR_SDK/doc/howto/images/ttyUSB0.png
[1.557s] -- Up-to-date: /root/catkin_ws/install/ydlidar_sdk/share/YDLIDAR_SDK/doc/howto/images/csharp_running.png
[1.558s] -- Up-to-date: /root/catkin_ws/install/ydlidar_sdk/share/YDLIDAR_SDK/doc/howto/images/ydlidar_lidar_monitor.png
[1.558s] -- Up-to-date: /root/catkin_ws/install/ydlidar_sdk/share/YDLIDAR_SDK/doc/howto/images/cpack.png
[1.558s] -- Up-to-date: /root/catkin_ws/install/ydlidar_sdk/share/YDLIDAR_SDK/doc/howto/images/sdk_init.png
[1.559s] -- Up-to-date: /root/catkin_ws/install/ydlidar_sdk/share/YDLIDAR_SDK/doc/howto/images/csharp_build.png
[1.559s] -- Up-to-date: /root/catkin_ws/install/ydlidar_sdk/share/YDLIDAR_SDK/doc/howto/images/csharp_exception.png
[1.559s] -- Up-to-date: /root/catkin_ws/install/ydlidar_sdk/share/YDLIDAR_SDK/doc/howto/images/ttyUSB1.png
[1.560s] -- Up-to-date: /root/catkin_ws/install/ydlidar_sdk/share/YDLIDAR_SDK/doc/YDLidar-SDK-Communication-Protocol.pdf
[1.560s] -- Up-to-date: /root/catkin_ws/install/ydlidar_sdk/startup/initenv.sh
[1.560s] -- Up-to-date: /root/catkin_ws/install/ydlidar_sdk/bin/etlidar_test
[1.560s] -- Up-to-date: /root/catkin_ws/install/ydlidar_sdk/bin/tof_test
[1.561s] -- Up-to-date: /root/catkin_ws/install/ydlidar_sdk/bin/ydlidar_test
[1.564s] -- Up-to-date: /root/catkin_ws/install/ydlidar_sdk/bin/lidar_c_api_test
[1.565s] Invoked command in '/root/catkin_ws/build/ydlidar_sdk' returned '0': /usr/bin/cmake --install /root/catkin_ws/build/ydlidar_sdk
