[0.105s] Invoking command in '/root/catkin_ws/build/micro_ros_msgs': CMAKE_PREFIX_PATH=${CMAKE_PREFIX_PATH}:/root/catkin_ws/install/topic_service_action_rclpy_example:/root/catkin_ws/install/time_rclpy_example:/root/catkin_ws/install/tf2_rclpy_example:/root/catkin_ws/install/ros2env:/root/catkin_ws/install/omo_r1mini_teleop:/root/catkin_ws/install/omo_r1mini_bringup:/root/catkin_ws/install/my_first_ros_rclpy_pkg:/root/catkin_ws/install/logging_rclpy_example:/root/catkin_ws/install/iahrs_driver:/root/install/topic_service_action_rclpy_example:/root/install/time_rclpy_example:/root/install/tf2_rclpy_example:/root/install/ros2env:/root/install/omo_r1mini_teleop:/root/install/omo_r1mini_bringup:/root/install/my_first_ros_rclpy_pkg:/root/install/logging_rclpy_example:/opt/ros/foxy /usr/bin/cmake /root/catkin_ws/src/uros/micro_ros_msgs -DAMENT_CMAKE_SYMLINK_INSTALL=1 -DCMAKE_INSTALL_PREFIX=/root/catkin_ws/install/micro_ros_msgs
[0.634s] -- Found ament_cmake: 0.9.11 (/opt/ros/foxy/share/ament_cmake/cmake)
[0.634s] -- Found PythonInterp: /usr/bin/python3 (found suitable version "3.8.10", minimum required is "3") 
[0.634s] -- Using PYTHON_EXECUTABLE: /usr/bin/python3
[0.634s] -- Override CMake install command with custom implementation using symlinks instead of copying resources
[0.635s] -- Found rosidl_default_generators: 1.0.1 (/opt/ros/foxy/share/rosidl_default_generators/cmake)
[0.635s] -- Using all available rosidl_typesupport_c: rosidl_typesupport_fastrtps_c;rosidl_typesupport_introspection_c
[0.637s] -- Found rosidl_adapter: 1.3.0 (/opt/ros/foxy/share/rosidl_adapter/cmake)
[0.637s] -- Using all available rosidl_typesupport_cpp: rosidl_typesupport_fastrtps_cpp;rosidl_typesupport_introspection_cpp
[0.637s] -- Found ament_lint_auto: 0.9.8 (/opt/ros/foxy/share/ament_lint_auto/cmake)
[0.739s] -- Found PythonInterp: /usr/bin/python3 (found version "3.8.10") 
[0.849s] -- Found ament_cmake_ros: 0.9.2 (/opt/ros/foxy/share/ament_cmake_ros/cmake)
[0.990s] -- Using all available rosidl_typesupport_c: rosidl_typesupport_fastrtps_c;rosidl_typesupport_introspection_c
[1.004s] -- Using all available rosidl_typesupport_cpp: rosidl_typesupport_fastrtps_cpp;rosidl_typesupport_introspection_cpp
[1.056s] -- Found PythonInterp: /usr/bin/python3 (found suitable version "3.8.10", minimum required is "3.5") 
[1.057s] -- Found python_cmake_module: 0.8.1 (/opt/ros/foxy/share/python_cmake_module/cmake)
[1.102s] -- Using PYTHON_EXECUTABLE: /usr/bin/python3
[1.104s] -- Using PYTHON_INCLUDE_DIRS: /usr/include/python3.8
[1.105s] -- Using PYTHON_LIBRARIES: /usr/lib/x86_64-linux-gnu/libpython3.8.so
[1.138s] -- Added test 'copyright' to check source files copyright and LICENSE
[1.153s] -- Added test 'lint_cmake' to check CMake code style
[1.161s] -- Added test 'xmllint' to check XML markup files
[1.168s] -- Configuring done
[1.197s] -- Generating done
[1.210s] -- Build files have been written to: /root/catkin_ws/build/micro_ros_msgs
[1.363s] Invoked command in '/root/catkin_ws/build/micro_ros_msgs' returned '0': CMAKE_PREFIX_PATH=${CMAKE_PREFIX_PATH}:/root/catkin_ws/install/topic_service_action_rclpy_example:/root/catkin_ws/install/time_rclpy_example:/root/catkin_ws/install/tf2_rclpy_example:/root/catkin_ws/install/ros2env:/root/catkin_ws/install/omo_r1mini_teleop:/root/catkin_ws/install/omo_r1mini_bringup:/root/catkin_ws/install/my_first_ros_rclpy_pkg:/root/catkin_ws/install/logging_rclpy_example:/root/catkin_ws/install/iahrs_driver:/root/install/topic_service_action_rclpy_example:/root/install/time_rclpy_example:/root/install/tf2_rclpy_example:/root/install/ros2env:/root/install/omo_r1mini_teleop:/root/install/omo_r1mini_bringup:/root/install/my_first_ros_rclpy_pkg:/root/install/logging_rclpy_example:/opt/ros/foxy /usr/bin/cmake /root/catkin_ws/src/uros/micro_ros_msgs -DAMENT_CMAKE_SYMLINK_INSTALL=1 -DCMAKE_INSTALL_PREFIX=/root/catkin_ws/install/micro_ros_msgs
[1.365s] Invoking command in '/root/catkin_ws/build/micro_ros_msgs': CMAKE_PREFIX_PATH=${CMAKE_PREFIX_PATH}:/root/catkin_ws/install/topic_service_action_rclpy_example:/root/catkin_ws/install/time_rclpy_example:/root/catkin_ws/install/tf2_rclpy_example:/root/catkin_ws/install/ros2env:/root/catkin_ws/install/omo_r1mini_teleop:/root/catkin_ws/install/omo_r1mini_bringup:/root/catkin_ws/install/my_first_ros_rclpy_pkg:/root/catkin_ws/install/logging_rclpy_example:/root/catkin_ws/install/iahrs_driver:/root/install/topic_service_action_rclpy_example:/root/install/time_rclpy_example:/root/install/tf2_rclpy_example:/root/install/ros2env:/root/install/omo_r1mini_teleop:/root/install/omo_r1mini_bringup:/root/install/my_first_ros_rclpy_pkg:/root/install/logging_rclpy_example:/opt/ros/foxy /usr/bin/cmake --build /root/catkin_ws/build/micro_ros_msgs -- -j12 -l12
[1.439s] [  2%] Built target micro_ros_msgs__cpp
[1.439s] [ 12%] Built target micro_ros_msgs__rosidl_generator_c
[1.447s] [ 44%] Built target micro_ros_msgs__rosidl_typesupport_cpp
[1.447s] [ 44%] Built target micro_ros_msgs__rosidl_typesupport_introspection_cpp
[1.448s] [ 44%] Built target micro_ros_msgs__rosidl_typesupport_c
[1.451s] [ 55%] Built target micro_ros_msgs__rosidl_typesupport_introspection_c
[1.452s] [ 57%] [32m[1mLinking CXX shared library libmicro_ros_msgs__rosidl_typesupport_fastrtps_cpp.so[0m
[1.555s] [ 65%] Built target micro_ros_msgs__rosidl_typesupport_fastrtps_cpp
[1.580s] [ 68%] [32m[1mLinking CXX shared library libmicro_ros_msgs__rosidl_typesupport_fastrtps_c.so[0m
[1.652s] [ 76%] Built target micro_ros_msgs__rosidl_typesupport_fastrtps_c
[1.672s] [ 76%] Built target micro_ros_msgs
[1.692s] [ 78%] Built target micro_ros_msgs__py
[1.719s] [ 80%] [32m[1mLinking C shared library rosidl_generator_py/micro_ros_msgs/libmicro_ros_msgs__python.so[0m
[1.753s] [ 87%] Built target micro_ros_msgs__python
[1.779s] [ 89%] [32m[1mLinking C shared library rosidl_generator_py/micro_ros_msgs/micro_ros_msgs_s__rosidl_typesupport_introspection_c.cpython-38-x86_64-linux-gnu.so[0m
[1.781s] [ 91%] [32m[1mLinking CXX shared library rosidl_generator_py/micro_ros_msgs/micro_ros_msgs_s__rosidl_typesupport_fastrtps_c.cpython-38-x86_64-linux-gnu.so[0m
[1.783s] [ 93%] [32m[1mLinking C shared library rosidl_generator_py/micro_ros_msgs/micro_ros_msgs_s__rosidl_typesupport_c.cpython-38-x86_64-linux-gnu.so[0m
[1.815s] [ 95%] Built target micro_ros_msgs__rosidl_typesupport_c__pyext
[1.822s] [ 97%] Built target micro_ros_msgs__rosidl_typesupport_introspection_c__pyext
[1.836s] [100%] Built target micro_ros_msgs__rosidl_typesupport_fastrtps_c__pyext
[2.154s] Invoked command in '/root/catkin_ws/build/micro_ros_msgs' returned '0': CMAKE_PREFIX_PATH=${CMAKE_PREFIX_PATH}:/root/catkin_ws/install/topic_service_action_rclpy_example:/root/catkin_ws/install/time_rclpy_example:/root/catkin_ws/install/tf2_rclpy_example:/root/catkin_ws/install/ros2env:/root/catkin_ws/install/omo_r1mini_teleop:/root/catkin_ws/install/omo_r1mini_bringup:/root/catkin_ws/install/my_first_ros_rclpy_pkg:/root/catkin_ws/install/logging_rclpy_example:/root/catkin_ws/install/iahrs_driver:/root/install/topic_service_action_rclpy_example:/root/install/time_rclpy_example:/root/install/tf2_rclpy_example:/root/install/ros2env:/root/install/omo_r1mini_teleop:/root/install/omo_r1mini_bringup:/root/install/my_first_ros_rclpy_pkg:/root/install/logging_rclpy_example:/opt/ros/foxy /usr/bin/cmake --build /root/catkin_ws/build/micro_ros_msgs -- -j12 -l12
[2.299s] Invoking command in '/root/catkin_ws/build/micro_ros_msgs': CMAKE_PREFIX_PATH=${CMAKE_PREFIX_PATH}:/root/catkin_ws/install/topic_service_action_rclpy_example:/root/catkin_ws/install/time_rclpy_example:/root/catkin_ws/install/tf2_rclpy_example:/root/catkin_ws/install/ros2env:/root/catkin_ws/install/omo_r1mini_teleop:/root/catkin_ws/install/omo_r1mini_bringup:/root/catkin_ws/install/my_first_ros_rclpy_pkg:/root/catkin_ws/install/logging_rclpy_example:/root/catkin_ws/install/iahrs_driver:/root/install/topic_service_action_rclpy_example:/root/install/time_rclpy_example:/root/install/tf2_rclpy_example:/root/install/ros2env:/root/install/omo_r1mini_teleop:/root/install/omo_r1mini_bringup:/root/install/my_first_ros_rclpy_pkg:/root/install/logging_rclpy_example:/opt/ros/foxy /usr/bin/cmake --install /root/catkin_ws/build/micro_ros_msgs
[2.589s] -- Install configuration: ""
[2.589s] -- Execute custom install script
[2.590s] -- Symlinking: /root/catkin_ws/install/micro_ros_msgs/share/ament_index/resource_index/rosidl_interfaces/micro_ros_msgs
[2.590s] -- Symlinking: /root/catkin_ws/install/micro_ros_msgs/include/micro_ros_msgs/msg/detail/entity__functions.h
[2.590s] -- Symlinking: /root/catkin_ws/install/micro_ros_msgs/include/micro_ros_msgs/msg/detail/entity__struct.h
[2.590s] -- Symlinking: /root/catkin_ws/install/micro_ros_msgs/include/micro_ros_msgs/msg/detail/entity__type_support.h
[2.590s] -- Symlinking: /root/catkin_ws/install/micro_ros_msgs/include/micro_ros_msgs/msg/detail/graph__functions.h
[2.590s] -- Symlinking: /root/catkin_ws/install/micro_ros_msgs/include/micro_ros_msgs/msg/detail/graph__struct.h
[2.590s] -- Symlinking: /root/catkin_ws/install/micro_ros_msgs/include/micro_ros_msgs/msg/detail/graph__type_support.h
[2.591s] -- Symlinking: /root/catkin_ws/install/micro_ros_msgs/include/micro_ros_msgs/msg/detail/node__functions.h
[2.591s] -- Symlinking: /root/catkin_ws/install/micro_ros_msgs/include/micro_ros_msgs/msg/detail/node__struct.h
[2.591s] -- Symlinking: /root/catkin_ws/install/micro_ros_msgs/include/micro_ros_msgs/msg/detail/node__type_support.h
[2.594s] -- Symlinking: /root/catkin_ws/install/micro_ros_msgs/include/micro_ros_msgs/msg/entity.h
[2.594s] -- Symlinking: /root/catkin_ws/install/micro_ros_msgs/include/micro_ros_msgs/msg/graph.h
[2.594s] -- Symlinking: /root/catkin_ws/install/micro_ros_msgs/include/micro_ros_msgs/msg/node.h
[2.595s] -- Symlinking: /root/catkin_ws/install/micro_ros_msgs/include/micro_ros_msgs/msg/rosidl_generator_c__visibility_control.h
[2.595s] -- Symlinking: /root/catkin_ws/install/micro_ros_msgs/share/micro_ros_msgs/environment/library_path.sh
[2.595s] -- Symlinking: /root/catkin_ws/install/micro_ros_msgs/share/micro_ros_msgs/environment/library_path.dsv
[2.596s] -- Symlinking: /root/catkin_ws/install/micro_ros_msgs/include/micro_ros_msgs/msg/detail/entity__rosidl_typesupport_fastrtps_c.h
[2.596s] -- Symlinking: /root/catkin_ws/install/micro_ros_msgs/include/micro_ros_msgs/msg/detail/graph__rosidl_typesupport_fastrtps_c.h
[2.596s] -- Symlinking: /root/catkin_ws/install/micro_ros_msgs/include/micro_ros_msgs/msg/detail/node__rosidl_typesupport_fastrtps_c.h
[2.596s] -- Symlinking: /root/catkin_ws/install/micro_ros_msgs/include/micro_ros_msgs/msg/rosidl_typesupport_fastrtps_c__visibility_control.h
[2.597s] -- Symlinking: /root/catkin_ws/install/micro_ros_msgs/lib/libmicro_ros_msgs__rosidl_typesupport_fastrtps_c.so
[2.597s] -- Symlinking: /root/catkin_ws/install/micro_ros_msgs/include/micro_ros_msgs/msg/detail/entity__rosidl_typesupport_fastrtps_cpp.hpp
[2.597s] -- Symlinking: /root/catkin_ws/install/micro_ros_msgs/include/micro_ros_msgs/msg/detail/graph__rosidl_typesupport_fastrtps_cpp.hpp
[2.598s] -- Symlinking: /root/catkin_ws/install/micro_ros_msgs/include/micro_ros_msgs/msg/detail/node__rosidl_typesupport_fastrtps_cpp.hpp
[2.601s] -- Symlinking: /root/catkin_ws/install/micro_ros_msgs/include/micro_ros_msgs/msg/rosidl_typesupport_fastrtps_cpp__visibility_control.h
[2.601s] -- Symlinking: /root/catkin_ws/install/micro_ros_msgs/lib/libmicro_ros_msgs__rosidl_typesupport_fastrtps_cpp.so
[2.601s] -- Symlinking: /root/catkin_ws/install/micro_ros_msgs/include/micro_ros_msgs/msg/detail/entity__rosidl_typesupport_introspection_c.h
[2.602s] -- Symlinking: /root/catkin_ws/install/micro_ros_msgs/include/micro_ros_msgs/msg/detail/graph__rosidl_typesupport_introspection_c.h
[2.612s] -- Symlinking: /root/catkin_ws/install/micro_ros_msgs/include/micro_ros_msgs/msg/detail/node__rosidl_typesupport_introspection_c.h
[2.622s] -- Symlinking: /root/catkin_ws/install/micro_ros_msgs/include/micro_ros_msgs/msg/rosidl_typesupport_introspection_c__visibility_control.h
[2.637s] -- Symlinking: /root/catkin_ws/install/micro_ros_msgs/include/micro_ros_msgs/msg/detail/entity__builder.hpp
[2.647s] -- Symlinking: /root/catkin_ws/install/micro_ros_msgs/include/micro_ros_msgs/msg/detail/entity__struct.hpp
[2.656s] -- Symlinking: /root/catkin_ws/install/micro_ros_msgs/include/micro_ros_msgs/msg/detail/entity__traits.hpp
[2.662s] -- Symlinking: /root/catkin_ws/install/micro_ros_msgs/include/micro_ros_msgs/msg/detail/graph__builder.hpp
[2.672s] -- Symlinking: /root/catkin_ws/install/micro_ros_msgs/include/micro_ros_msgs/msg/detail/graph__struct.hpp
[2.682s] -- Symlinking: /root/catkin_ws/install/micro_ros_msgs/include/micro_ros_msgs/msg/detail/graph__traits.hpp
[2.689s] -- Symlinking: /root/catkin_ws/install/micro_ros_msgs/include/micro_ros_msgs/msg/detail/node__builder.hpp
[2.697s] -- Symlinking: /root/catkin_ws/install/micro_ros_msgs/include/micro_ros_msgs/msg/detail/node__struct.hpp
[2.705s] -- Symlinking: /root/catkin_ws/install/micro_ros_msgs/include/micro_ros_msgs/msg/detail/node__traits.hpp
[2.712s] -- Symlinking: /root/catkin_ws/install/micro_ros_msgs/include/micro_ros_msgs/msg/entity.hpp
[2.719s] -- Symlinking: /root/catkin_ws/install/micro_ros_msgs/include/micro_ros_msgs/msg/graph.hpp
[2.726s] -- Symlinking: /root/catkin_ws/install/micro_ros_msgs/include/micro_ros_msgs/msg/node.hpp
[2.734s] -- Symlinking: /root/catkin_ws/install/micro_ros_msgs/include/micro_ros_msgs/msg/detail/entity__rosidl_typesupport_introspection_cpp.hpp
[2.742s] -- Symlinking: /root/catkin_ws/install/micro_ros_msgs/include/micro_ros_msgs/msg/detail/graph__rosidl_typesupport_introspection_cpp.hpp
[2.749s] -- Symlinking: /root/catkin_ws/install/micro_ros_msgs/include/micro_ros_msgs/msg/detail/node__rosidl_typesupport_introspection_cpp.hpp
[2.757s] -- Symlinking: /root/catkin_ws/install/micro_ros_msgs/share/micro_ros_msgs/environment/pythonpath.sh
[2.764s] -- Symlinking: /root/catkin_ws/install/micro_ros_msgs/share/micro_ros_msgs/environment/pythonpath.dsv
[2.772s] -- Symlinking: /root/catkin_ws/install/micro_ros_msgs/lib/python3.8/site-packages/micro_ros_msgs/__init__.py
[2.780s] -- Symlinking: /root/catkin_ws/install/micro_ros_msgs/lib/python3.8/site-packages/micro_ros_msgs/msg/__init__.py
[2.788s] -- Symlinking: /root/catkin_ws/install/micro_ros_msgs/lib/python3.8/site-packages/micro_ros_msgs/msg/_entity.py
[2.796s] -- Symlinking: /root/catkin_ws/install/micro_ros_msgs/lib/python3.8/site-packages/micro_ros_msgs/msg/_graph.py
[2.804s] -- Symlinking: /root/catkin_ws/install/micro_ros_msgs/lib/python3.8/site-packages/micro_ros_msgs/msg/_node.py
[2.811s] -- Symlinking: /root/catkin_ws/install/micro_ros_msgs/lib/python3.8/site-packages/micro_ros_msgs/micro_ros_msgs_s__rosidl_typesupport_fastrtps_c.cpython-38-x86_64-linux-gnu.so
[2.819s] -- Symlinking: /root/catkin_ws/install/micro_ros_msgs/lib/python3.8/site-packages/micro_ros_msgs/micro_ros_msgs_s__rosidl_typesupport_introspection_c.cpython-38-x86_64-linux-gnu.so
[2.826s] -- Symlinking: /root/catkin_ws/install/micro_ros_msgs/lib/python3.8/site-packages/micro_ros_msgs/micro_ros_msgs_s__rosidl_typesupport_c.cpython-38-x86_64-linux-gnu.so
[2.833s] -- Symlinking: /root/catkin_ws/install/micro_ros_msgs/lib/libmicro_ros_msgs__python.so
[2.841s] -- Symlinking: /root/catkin_ws/install/micro_ros_msgs/share/micro_ros_msgs/msg/Graph.idl
[2.848s] -- Symlinking: /root/catkin_ws/install/micro_ros_msgs/share/micro_ros_msgs/msg/Node.idl
[2.856s] -- Symlinking: /root/catkin_ws/install/micro_ros_msgs/share/micro_ros_msgs/msg/Entity.idl
[2.863s] -- Symlinking: /root/catkin_ws/install/micro_ros_msgs/share/micro_ros_msgs/msg/Graph.msg
[2.870s] -- Symlinking: /root/catkin_ws/install/micro_ros_msgs/share/micro_ros_msgs/msg/Node.msg
[2.878s] -- Symlinking: /root/catkin_ws/install/micro_ros_msgs/share/micro_ros_msgs/msg/Entity.msg
[2.885s] -- Symlinking: /root/catkin_ws/install/micro_ros_msgs/share/ament_index/resource_index/package_run_dependencies/micro_ros_msgs
[2.892s] -- Symlinking: /root/catkin_ws/install/micro_ros_msgs/share/ament_index/resource_index/parent_prefix_path/micro_ros_msgs
[2.900s] -- Symlinking: /root/catkin_ws/install/micro_ros_msgs/share/micro_ros_msgs/environment/ament_prefix_path.sh
[2.908s] -- Symlinking: /root/catkin_ws/install/micro_ros_msgs/share/micro_ros_msgs/environment/ament_prefix_path.dsv
[2.916s] -- Symlinking: /root/catkin_ws/install/micro_ros_msgs/share/micro_ros_msgs/environment/path.sh
[2.935s] -- Symlinking: /root/catkin_ws/install/micro_ros_msgs/share/micro_ros_msgs/environment/path.dsv
[2.935s] -- Symlinking: /root/catkin_ws/install/micro_ros_msgs/share/micro_ros_msgs/local_setup.bash
[2.943s] -- Symlinking: /root/catkin_ws/install/micro_ros_msgs/share/micro_ros_msgs/local_setup.sh
[2.950s] -- Symlinking: /root/catkin_ws/install/micro_ros_msgs/share/micro_ros_msgs/local_setup.zsh
[2.960s] -- Symlinking: /root/catkin_ws/install/micro_ros_msgs/share/micro_ros_msgs/local_setup.dsv
[2.981s] -- Symlinking: /root/catkin_ws/install/micro_ros_msgs/share/micro_ros_msgs/package.dsv
[2.994s] -- Symlinking: /root/catkin_ws/install/micro_ros_msgs/share/ament_index/resource_index/packages/micro_ros_msgs
[3.006s] -- Symlinking: /root/catkin_ws/install/micro_ros_msgs/share/micro_ros_msgs/cmake/rosidl_cmake-extras.cmake
[3.018s] -- Symlinking: /root/catkin_ws/install/micro_ros_msgs/share/micro_ros_msgs/cmake/ament_cmake_export_dependencies-extras.cmake
[3.026s] -- Symlinking: /root/catkin_ws/install/micro_ros_msgs/share/micro_ros_msgs/cmake/ament_cmake_export_libraries-extras.cmake
[3.036s] -- Symlinking: /root/catkin_ws/install/micro_ros_msgs/share/micro_ros_msgs/cmake/ament_cmake_export_targets-extras.cmake
[3.049s] -- Symlinking: /root/catkin_ws/install/micro_ros_msgs/share/micro_ros_msgs/cmake/ament_cmake_export_include_directories-extras.cmake
[3.065s] -- Symlinking: /root/catkin_ws/install/micro_ros_msgs/share/micro_ros_msgs/cmake/rosidl_cmake_export_typesupport_libraries-extras.cmake
[3.077s] -- Symlinking: /root/catkin_ws/install/micro_ros_msgs/share/micro_ros_msgs/cmake/rosidl_cmake_export_typesupport_targets-extras.cmake
[3.094s] -- Symlinking: /root/catkin_ws/install/micro_ros_msgs/share/micro_ros_msgs/cmake/micro_ros_msgsConfig.cmake
[3.127s] -- Symlinking: /root/catkin_ws/install/micro_ros_msgs/share/micro_ros_msgs/cmake/micro_ros_msgsConfig-version.cmake
[3.145s] -- Symlinking: /root/catkin_ws/install/micro_ros_msgs/share/micro_ros_msgs/package.xml
[3.217s] -- Up-to-date: /root/catkin_ws/install/micro_ros_msgs/lib/libmicro_ros_msgs__rosidl_generator_c.so
[3.217s] -- Up-to-date: /root/catkin_ws/install/micro_ros_msgs/lib/libmicro_ros_msgs__rosidl_typesupport_introspection_c.so
[3.218s] -- Up-to-date: /root/catkin_ws/install/micro_ros_msgs/lib/libmicro_ros_msgs__rosidl_typesupport_c.so
[3.218s] -- Up-to-date: /root/catkin_ws/install/micro_ros_msgs/lib/libmicro_ros_msgs__rosidl_typesupport_introspection_cpp.so
[3.218s] -- Up-to-date: /root/catkin_ws/install/micro_ros_msgs/lib/libmicro_ros_msgs__rosidl_typesupport_cpp.so
[3.312s] Compiling '/root/catkin_ws/install/micro_ros_msgs/lib/python3.8/site-packages/micro_ros_msgs/__init__.py'...
[3.316s] -- Up-to-date: /root/catkin_ws/install/micro_ros_msgs/share/micro_ros_msgs/cmake/micro_ros_msgs__rosidl_generator_cExport.cmake
[3.316s] -- Installing: /root/catkin_ws/install/micro_ros_msgs/share/micro_ros_msgs/cmake/micro_ros_msgs__rosidl_generator_cExport-noconfig.cmake
[3.316s] -- Up-to-date: /root/catkin_ws/install/micro_ros_msgs/share/micro_ros_msgs/cmake/micro_ros_msgs__rosidl_typesupport_introspection_cExport.cmake
[3.317s] -- Installing: /root/catkin_ws/install/micro_ros_msgs/share/micro_ros_msgs/cmake/micro_ros_msgs__rosidl_typesupport_introspection_cExport-noconfig.cmake
[3.317s] -- Up-to-date: /root/catkin_ws/install/micro_ros_msgs/share/micro_ros_msgs/cmake/micro_ros_msgs__rosidl_typesupport_cExport.cmake
[3.317s] -- Installing: /root/catkin_ws/install/micro_ros_msgs/share/micro_ros_msgs/cmake/micro_ros_msgs__rosidl_typesupport_cExport-noconfig.cmake
[3.317s] -- Up-to-date: /root/catkin_ws/install/micro_ros_msgs/share/micro_ros_msgs/cmake/micro_ros_msgs__rosidl_generator_cppExport.cmake
[3.317s] -- Up-to-date: /root/catkin_ws/install/micro_ros_msgs/share/micro_ros_msgs/cmake/micro_ros_msgs__rosidl_typesupport_introspection_cppExport.cmake
[3.318s] -- Installing: /root/catkin_ws/install/micro_ros_msgs/share/micro_ros_msgs/cmake/micro_ros_msgs__rosidl_typesupport_introspection_cppExport-noconfig.cmake
[3.318s] -- Up-to-date: /root/catkin_ws/install/micro_ros_msgs/share/micro_ros_msgs/cmake/micro_ros_msgs__rosidl_typesupport_cppExport.cmake
[3.318s] -- Installing: /root/catkin_ws/install/micro_ros_msgs/share/micro_ros_msgs/cmake/micro_ros_msgs__rosidl_typesupport_cppExport-noconfig.cmake
[3.526s] Invoked command in '/root/catkin_ws/build/micro_ros_msgs' returned '0': CMAKE_PREFIX_PATH=${CMAKE_PREFIX_PATH}:/root/catkin_ws/install/topic_service_action_rclpy_example:/root/catkin_ws/install/time_rclpy_example:/root/catkin_ws/install/tf2_rclpy_example:/root/catkin_ws/install/ros2env:/root/catkin_ws/install/omo_r1mini_teleop:/root/catkin_ws/install/omo_r1mini_bringup:/root/catkin_ws/install/my_first_ros_rclpy_pkg:/root/catkin_ws/install/logging_rclpy_example:/root/catkin_ws/install/iahrs_driver:/root/install/topic_service_action_rclpy_example:/root/install/time_rclpy_example:/root/install/tf2_rclpy_example:/root/install/ros2env:/root/install/omo_r1mini_teleop:/root/install/omo_r1mini_bringup:/root/install/my_first_ros_rclpy_pkg:/root/install/logging_rclpy_example:/opt/ros/foxy /usr/bin/cmake --install /root/catkin_ws/build/micro_ros_msgs
