-- Found ament_cmake_ros: 0.9.2 (/opt/ros/foxy/share/ament_cmake_ros/cmake)
-- Using PYTHON_EXECUTABLE: /usr/bin/python3
-- Override CMake install command with custom implementation using symlinks instead of copying resources
-- Found rcl: 1.1.14 (/opt/ros/foxy/share/rcl/cmake)
-- Using all available rosidl_typesupport_c: rosidl_typesupport_microxrcedds_c;rosidl_typesupport_fastrtps_c;rosidl_typesupport_introspection_c
-- Found rosidl_adapter: 1.3.0 (/opt/ros/foxy/share/rosidl_adapter/cmake)
-- Using all available rosidl_typesupport_cpp: rosidl_typesupport_microxrcedds_cpp;rosidl_typesupport_fastrtps_cpp;rosidl_typesupport_introspection_cpp
-- Found rmw_implementation_cmake: 1.0.4 (/opt/ros/foxy/share/rmw_implementation_cmake/cmake)
-- Using RMW implementation 'rmw_fastrtps_cpp' as default
-- Found rcl version 1.1.14, which belongs to Foxy or later
-- Configuring done
-- Generating done
-- Build files have been written to: /root/catkin_ws/build/rclc
/usr/bin/cmake -S/root/catkin_ws/src/uros/rclc/rclc -B/root/catkin_ws/build/rclc --check-build-system CMakeFiles/Makefile.cmake 0
/usr/bin/cmake -E cmake_progress_start /root/catkin_ws/build/rclc/CMakeFiles /root/catkin_ws/build/rclc/CMakeFiles/progress.marks
/usr/bin/make -f CMakeFiles/Makefile2 all
make[1]: Entering directory '/root/catkin_ws/build/rclc'
/usr/bin/make -f CMakeFiles/rclc.dir/build.make CMakeFiles/rclc.dir/depend
make[2]: Entering directory '/root/catkin_ws/build/rclc'
cd /root/catkin_ws/build/rclc && /usr/bin/cmake -E cmake_depends "Unix Makefiles" /root/catkin_ws/src/uros/rclc/rclc /root/catkin_ws/src/uros/rclc/rclc /root/catkin_ws/build/rclc /root/catkin_ws/build/rclc /root/catkin_ws/build/rclc/CMakeFiles/rclc.dir/DependInfo.cmake --color=
make[2]: Leaving directory '/root/catkin_ws/build/rclc'
/usr/bin/make -f CMakeFiles/rclc.dir/build.make CMakeFiles/rclc.dir/build
make[2]: Entering directory '/root/catkin_ws/build/rclc'
make[2]: Nothing to be done for 'CMakeFiles/rclc.dir/build'.
make[2]: Leaving directory '/root/catkin_ws/build/rclc'
[100%] Built target rclc
make[1]: Leaving directory '/root/catkin_ws/build/rclc'
/usr/bin/cmake -E cmake_progress_start /root/catkin_ws/build/rclc/CMakeFiles 0
-- Install configuration: ""
-- Execute custom install script
-- Symlinking: /root/catkin_ws/install/rclc/include/rclc/client.h
-- Symlinking: /root/catkin_ws/install/rclc/include/rclc/executor.h
-- Symlinking: /root/catkin_ws/install/rclc/include/rclc/executor_handle.h
-- Symlinking: /root/catkin_ws/install/rclc/include/rclc/init.h
-- Symlinking: /root/catkin_ws/install/rclc/include/rclc/node.h
-- Symlinking: /root/catkin_ws/install/rclc/include/rclc/publisher.h
-- Symlinking: /root/catkin_ws/install/rclc/include/rclc/rclc.h
-- Symlinking: /root/catkin_ws/install/rclc/include/rclc/service.h
-- Symlinking: /root/catkin_ws/install/rclc/include/rclc/sleep.h
-- Symlinking: /root/catkin_ws/install/rclc/include/rclc/subscription.h
-- Symlinking: /root/catkin_ws/install/rclc/include/rclc/timer.h
-- Symlinking: /root/catkin_ws/install/rclc/include/rclc/types.h
-- Symlinking: /root/catkin_ws/install/rclc/include/rclc/visibility_control.h
-- Symlinking: /root/catkin_ws/install/rclc/share/rclc/environment/library_path.sh
-- Symlinking: /root/catkin_ws/install/rclc/share/rclc/environment/library_path.dsv
-- Symlinking: /root/catkin_ws/install/rclc/share/ament_index/resource_index/package_run_dependencies/rclc
-- Symlinking: /root/catkin_ws/install/rclc/share/ament_index/resource_index/parent_prefix_path/rclc
-- Symlinking: /root/catkin_ws/install/rclc/share/rclc/environment/ament_prefix_path.sh
-- Symlinking: /root/catkin_ws/install/rclc/share/rclc/environment/ament_prefix_path.dsv
-- Symlinking: /root/catkin_ws/install/rclc/share/rclc/environment/path.sh
-- Symlinking: /root/catkin_ws/install/rclc/share/rclc/environment/path.dsv
-- Symlinking: /root/catkin_ws/install/rclc/share/rclc/local_setup.bash
-- Symlinking: /root/catkin_ws/install/rclc/share/rclc/local_setup.sh
-- Symlinking: /root/catkin_ws/install/rclc/share/rclc/local_setup.zsh
-- Symlinking: /root/catkin_ws/install/rclc/share/rclc/local_setup.dsv
-- Symlinking: /root/catkin_ws/install/rclc/share/rclc/package.dsv
-- Symlinking: /root/catkin_ws/install/rclc/share/ament_index/resource_index/packages/rclc
-- Symlinking: /root/catkin_ws/install/rclc/share/rclc/cmake/ament_cmake_export_include_directories-extras.cmake
-- Symlinking: /root/catkin_ws/install/rclc/share/rclc/cmake/ament_cmake_export_libraries-extras.cmake
-- Symlinking: /root/catkin_ws/install/rclc/share/rclc/cmake/ament_cmake_export_targets-extras.cmake
-- Symlinking: /root/catkin_ws/install/rclc/share/rclc/cmake/ament_cmake_export_dependencies-extras.cmake
-- Symlinking: /root/catkin_ws/install/rclc/share/rclc/cmake/rclcConfig.cmake
-- Symlinking: /root/catkin_ws/install/rclc/share/rclc/cmake/rclcConfig-version.cmake
-- Symlinking: /root/catkin_ws/install/rclc/share/rclc/package.xml
-- Up-to-date: /root/catkin_ws/install/rclc/lib/librclc.so
-- Up-to-date: /root/catkin_ws/install/rclc/share/rclc/cmake/rclcExport.cmake
-- Installing: /root/catkin_ws/install/rclc/share/rclc/cmake/rclcExport-noconfig.cmake
