[0.384s] Invoking command in '/root/catkin_ws/build/ydlidar_sdk': /usr/bin/cmake --build /root/catkin_ws/build/ydlidar_sdk -- -j12 -l12
[0.554s] [ 58%] Built target ydlidar_sdk
[0.629s] [ 66%] Built target lidar_c_api_test
[0.632s] [ 75%] Built target ydlidar_test
[0.634s] [ 83%] Built target lidar_test
[0.650s] [ 91%] Built target tof_test
[0.650s] [100%] Built target etlidar_test
[1.533s] Invoked command in '/root/catkin_ws/build/ydlidar_sdk' returned '0': /usr/bin/cmake --build /root/catkin_ws/build/ydlidar_sdk -- -j12 -l12
[2.130s] Invoking command in '/root/catkin_ws/build/ydlidar_sdk': /usr/bin/cmake --install /root/catkin_ws/build/ydlidar_sdk
[2.154s] -- Install configuration: ""
[2.155s] -- Up-to-date: /root/catkin_ws/install/ydlidar_sdk/include/core/base/datatype.h
[2.155s] -- Up-to-date: /root/catkin_ws/install/ydlidar_sdk/include/core/base/locker.h
[2.155s] -- Up-to-date: /root/catkin_ws/install/ydlidar_sdk/include/core/base/thread.h
[2.155s] -- Up-to-date: /root/catkin_ws/install/ydlidar_sdk/include/core/base/timer.h
[2.155s] -- Up-to-date: /root/catkin_ws/install/ydlidar_sdk/include/core/base/typedef.h
[2.155s] -- Up-to-date: /root/catkin_ws/install/ydlidar_sdk/include/core/base/utils.h
[2.156s] -- Up-to-date: /root/catkin_ws/install/ydlidar_sdk/include/core/base/v8stdint.h
[2.156s] -- Up-to-date: /root/catkin_ws/install/ydlidar_sdk/include/core/base/ydlidar.h
[2.156s] -- Up-to-date: /root/catkin_ws/install/ydlidar_sdk/include/core/common/ChannelDevice.h
[2.159s] -- Up-to-date: /root/catkin_ws/install/ydlidar_sdk/include/core/common/DriverInterface.h
[2.160s] -- Up-to-date: /root/catkin_ws/install/ydlidar_sdk/include/core/common/ydlidar_datatype.h
[2.160s] -- Up-to-date: /root/catkin_ws/install/ydlidar_sdk/include/core/common/ydlidar_def.h
[2.161s] -- Up-to-date: /root/catkin_ws/install/ydlidar_sdk/include/core/common/ydlidar_help.h
[2.162s] -- Up-to-date: /root/catkin_ws/install/ydlidar_sdk/include/core/common/ydlidar_protocol.h
[2.162s] -- Up-to-date: /root/catkin_ws/install/ydlidar_sdk/include/core/math/angles.h
[2.163s] -- Up-to-date: /root/catkin_ws/install/ydlidar_sdk/include/core/network/ActiveSocket.h
[2.163s] -- Up-to-date: /root/catkin_ws/install/ydlidar_sdk/include/core/network/PassiveSocket.h
[2.163s] -- Up-to-date: /root/catkin_ws/install/ydlidar_sdk/include/core/network/SimpleSocket.h
[2.164s] -- Up-to-date: /root/catkin_ws/install/ydlidar_sdk/include/core/network/StatTimer.h
[2.164s] -- Up-to-date: /root/catkin_ws/install/ydlidar_sdk/include/core/serial/common.h
[2.165s] -- Up-to-date: /root/catkin_ws/install/ydlidar_sdk/include/core/serial/serial.h
[2.165s] -- Up-to-date: /root/catkin_ws/install/ydlidar_sdk/include/core/serial/impl/unix/lock.h
[2.166s] -- Up-to-date: /root/catkin_ws/install/ydlidar_sdk/include/core/serial/impl/unix/unix.h
[2.173s] -- Up-to-date: /root/catkin_ws/install/ydlidar_sdk/include/core/serial/impl/unix/unix_serial.h
[2.173s] -- Up-to-date: /root/catkin_ws/install/ydlidar_sdk/include/src/CYdLidar.h
[2.174s] -- Up-to-date: /root/catkin_ws/install/ydlidar_sdk/include/src/ETLidarDriver.h
[2.174s] -- Up-to-date: /root/catkin_ws/install/ydlidar_sdk/include/src/ydlidar_driver.h
[2.174s] -- Up-to-date: /root/catkin_ws/install/ydlidar_sdk/include/src/ydlidar_sdk.h
[2.175s] -- Up-to-date: /root/catkin_ws/install/ydlidar_sdk/include/ydlidar_config.h
[2.176s] -- Up-to-date: /root/catkin_ws/install/ydlidar_sdk/lib/libydlidar_sdk.a
[2.177s] -- Up-to-date: /root/catkin_ws/install/ydlidar_sdk/lib/pkgconfig/YDLIDAR_SDK.pc
[2.177s] -- Up-to-date: /root/catkin_ws/install/ydlidar_sdk/lib/cmake/ydlidar_sdk/ydlidar_sdkConfig.cmake
[2.177s] -- Up-to-date: /root/catkin_ws/install/ydlidar_sdk/lib/cmake/ydlidar_sdk/ydlidar_sdkTargets.cmake
[2.177s] -- Up-to-date: /root/catkin_ws/install/ydlidar_sdk/lib/cmake/ydlidar_sdk/ydlidar_sdkConfigVersion.cmake
[2.178s] -- Up-to-date: /root/catkin_ws/install/ydlidar_sdk/share/YDLIDAR_SDK/FindYDLIDAR_SDK.cmake
[2.178s] -- Up-to-date: /root/catkin_ws/install/ydlidar_sdk/share/YDLIDAR_SDK
[2.178s] -- Up-to-date: /root/catkin_ws/install/ydlidar_sdk/share/YDLIDAR_SDK/install_package.cmake
[2.182s] -- Up-to-date: /root/catkin_ws/install/ydlidar_sdk/share/YDLIDAR_SDK/PkgConfig.pc.in
[2.192s] -- Up-to-date: /root/catkin_ws/install/ydlidar_sdk/share/YDLIDAR_SDK/FindPackage.cmake.in
[2.192s] -- Up-to-date: /root/catkin_ws/install/ydlidar_sdk/share/YDLIDAR_SDK/script_show_final_summary.cmake
[2.192s] -- Up-to-date: /root/catkin_ws/install/ydlidar_sdk/share/YDLIDAR_SDK/PackageConfigVersion.cmake.in
[2.192s] -- Up-to-date: /root/catkin_ws/install/ydlidar_sdk/share/YDLIDAR_SDK/cmake_uninstall.cmake.in
[2.192s] -- Up-to-date: /root/catkin_ws/install/ydlidar_sdk/share/YDLIDAR_SDK/PackageConfig.cmake.in
[2.192s] -- Up-to-date: /root/catkin_ws/install/ydlidar_sdk/share/YDLIDAR_SDK/common
[2.193s] -- Up-to-date: /root/catkin_ws/install/ydlidar_sdk/share/YDLIDAR_SDK/common/ydlidar_base.cmake
[2.193s] -- Up-to-date: /root/catkin_ws/install/ydlidar_sdk/share/YDLIDAR_SDK/common/ydlidar_parse.cmake
[2.193s] -- Up-to-date: /root/catkin_ws/install/ydlidar_sdk/share/YDLIDAR_SDK/LICENSE.txt
[2.193s] -- Up-to-date: /root/catkin_ws/install/ydlidar_sdk/share/YDLIDAR_SDK/README.md
[2.193s] -- Up-to-date: /root/catkin_ws/install/ydlidar_sdk/share/YDLIDAR_SDK/doc
[2.193s] -- Up-to-date: /root/catkin_ws/install/ydlidar_sdk/share/YDLIDAR_SDK/doc/Dataset.md
[2.193s] -- Up-to-date: /root/catkin_ws/install/ydlidar_sdk/share/YDLIDAR_SDK/doc/FAQs
[2.194s] -- Up-to-date: /root/catkin_ws/install/ydlidar_sdk/share/YDLIDAR_SDK/doc/FAQs/Software_FAQs_cn.md
[2.194s] -- Up-to-date: /root/catkin_ws/install/ydlidar_sdk/share/YDLIDAR_SDK/doc/FAQs/Hardware_FAQs.md
[2.194s] -- Up-to-date: /root/catkin_ws/install/ydlidar_sdk/share/YDLIDAR_SDK/doc/FAQs/Hardware_FAQs_cn.md
[2.194s] -- Up-to-date: /root/catkin_ws/install/ydlidar_sdk/share/YDLIDAR_SDK/doc/FAQs/General_FAQs.md
[2.194s] -- Up-to-date: /root/catkin_ws/install/ydlidar_sdk/share/YDLIDAR_SDK/doc/FAQs/General_FAQs_cn.md
[2.194s] -- Up-to-date: /root/catkin_ws/install/ydlidar_sdk/share/YDLIDAR_SDK/doc/FAQs/README.md
[2.194s] -- Up-to-date: /root/catkin_ws/install/ydlidar_sdk/share/YDLIDAR_SDK/doc/FAQs/Software_FAQs.md
[2.194s] -- Up-to-date: /root/catkin_ws/install/ydlidar_sdk/share/YDLIDAR_SDK/doc/Tutorials.md
[2.195s] -- Up-to-date: /root/catkin_ws/install/ydlidar_sdk/share/YDLIDAR_SDK/doc/SDK.pdf
[2.195s] -- Up-to-date: /root/catkin_ws/install/ydlidar_sdk/share/YDLIDAR_SDK/doc/Diagram.md
[2.196s] -- Up-to-date: /root/catkin_ws/install/ydlidar_sdk/share/YDLIDAR_SDK/doc/YDLIDAR_SDK_API_for_Developers.md
[2.196s] -- Up-to-date: /root/catkin_ws/install/ydlidar_sdk/share/YDLIDAR_SDK/doc/YDLidar_SDK_Communication_Protocol.pdf
[2.196s] -- Up-to-date: /root/catkin_ws/install/ydlidar_sdk/share/YDLIDAR_SDK/doc/YDLidar-SDK-Communication-Protocol.md
[2.197s] -- Up-to-date: /root/catkin_ws/install/ydlidar_sdk/share/YDLIDAR_SDK/doc/YDLidar-SDK-Communication-Protocol.html
[2.197s] -- Up-to-date: /root/catkin_ws/install/ydlidar_sdk/share/YDLIDAR_SDK/doc/quickstart
[2.197s] -- Up-to-date: /root/catkin_ws/install/ydlidar_sdk/share/YDLIDAR_SDK/doc/quickstart/ydlidar_sdk_software_installation_guide.md
[2.197s] -- Up-to-date: /root/catkin_ws/install/ydlidar_sdk/share/YDLIDAR_SDK/doc/quickstart/README.md
[2.197s] -- Up-to-date: /root/catkin_ws/install/ydlidar_sdk/share/YDLIDAR_SDK/doc/README.md
[2.197s] -- Up-to-date: /root/catkin_ws/install/ydlidar_sdk/share/YDLIDAR_SDK/doc/images
[2.197s] -- Up-to-date: /root/catkin_ws/install/ydlidar_sdk/share/YDLIDAR_SDK/doc/images/angle_q2.png
[2.198s] -- Up-to-date: /root/catkin_ws/install/ydlidar_sdk/share/YDLIDAR_SDK/doc/images/sequence.png
[2.198s] -- Up-to-date: /root/catkin_ws/install/ydlidar_sdk/share/YDLIDAR_SDK/doc/images/frame.png
[2.198s] -- Up-to-date: /root/catkin_ws/install/ydlidar_sdk/share/YDLIDAR_SDK/doc/images/system_workflow.png
[2.198s] -- Up-to-date: /root/catkin_ws/install/ydlidar_sdk/share/YDLIDAR_SDK/doc/images/sdk_scanning.png
[2.198s] -- Up-to-date: /root/catkin_ws/install/ydlidar_sdk/share/YDLIDAR_SDK/doc/images/frame_intensity.png
[2.198s] -- Up-to-date: /root/catkin_ws/install/ydlidar_sdk/share/YDLIDAR_SDK/doc/images/FlowChart.png
[2.198s] -- Up-to-date: /root/catkin_ws/install/ydlidar_sdk/share/YDLIDAR_SDK/doc/images/YDLidar.png
[2.199s] -- Up-to-date: /root/catkin_ws/install/ydlidar_sdk/share/YDLIDAR_SDK/doc/images/sdk_architecture.png
[2.199s] -- Up-to-date: /root/catkin_ws/install/ydlidar_sdk/share/YDLIDAR_SDK/doc/images/YDLidar.jpg
[2.199s] -- Up-to-date: /root/catkin_ws/install/ydlidar_sdk/share/YDLIDAR_SDK/doc/images/sdk_init.png
[2.199s] -- Up-to-date: /root/catkin_ws/install/ydlidar_sdk/share/YDLIDAR_SDK/doc/images/communication_mechanism.png
[2.199s] -- Up-to-date: /root/catkin_ws/install/ydlidar_sdk/share/YDLIDAR_SDK/doc/images/EAI.png
[2.199s] -- Up-to-date: /root/catkin_ws/install/ydlidar_sdk/share/YDLIDAR_SDK/doc/tutorials
[2.199s] -- Up-to-date: /root/catkin_ws/install/ydlidar_sdk/share/YDLIDAR_SDK/doc/tutorials/writing_lidar_tutorial_python.md
[2.208s] -- Up-to-date: /root/catkin_ws/install/ydlidar_sdk/share/YDLIDAR_SDK/doc/tutorials/writing_lidar_tutorial_c++.md
[2.208s] -- Up-to-date: /root/catkin_ws/install/ydlidar_sdk/share/YDLIDAR_SDK/doc/tutorials/writing_lidar_network_adapter_tutorial_c++.md
[2.209s] -- Up-to-date: /root/catkin_ws/install/ydlidar_sdk/share/YDLIDAR_SDK/doc/tutorials/examine_the_simple_lidar_tutorial.md
[2.209s] -- Up-to-date: /root/catkin_ws/install/ydlidar_sdk/share/YDLIDAR_SDK/doc/tutorials/writing_lidar_tutorial_c.md
[2.210s] -- Up-to-date: /root/catkin_ws/install/ydlidar_sdk/share/YDLIDAR_SDK/doc/howto
[2.210s] -- Up-to-date: /root/catkin_ws/install/ydlidar_sdk/share/YDLIDAR_SDK/doc/howto/how_to_gerenrate_vs_project_by_cmake.md
[2.211s] -- Up-to-date: /root/catkin_ws/install/ydlidar_sdk/share/YDLIDAR_SDK/doc/howto/how_to_solve_slow_pull_from_cn.md
[2.211s] -- Up-to-date: /root/catkin_ws/install/ydlidar_sdk/share/YDLIDAR_SDK/doc/howto/how_to_build_and_debug_using_vscode.md
[2.211s] -- Up-to-date: /root/catkin_ws/install/ydlidar_sdk/share/YDLIDAR_SDK/doc/howto/how_to_create_a_udev_rules.md
[2.212s] -- Up-to-date: /root/catkin_ws/install/ydlidar_sdk/share/YDLIDAR_SDK/doc/howto/how_to_create_a_csharp_project.md
[2.212s] -- Up-to-date: /root/catkin_ws/install/ydlidar_sdk/share/YDLIDAR_SDK/doc/howto/how_to_build_and_install.md
[2.213s] -- Up-to-date: /root/catkin_ws/install/ydlidar_sdk/share/YDLIDAR_SDK/doc/howto/how_to_create_a_pull.md
[2.213s] -- Up-to-date: /root/catkin_ws/install/ydlidar_sdk/share/YDLIDAR_SDK/doc/howto/README.md
[2.214s] -- Up-to-date: /root/catkin_ws/install/ydlidar_sdk/share/YDLIDAR_SDK/doc/howto/images
[2.214s] -- Up-to-date: /root/catkin_ws/install/ydlidar_sdk/share/YDLIDAR_SDK/doc/howto/images/csharp_library.png
[2.215s] -- Up-to-date: /root/catkin_ws/install/ydlidar_sdk/share/YDLIDAR_SDK/doc/howto/images/csharp_project.png
[2.216s] -- Up-to-date: /root/catkin_ws/install/ydlidar_sdk/share/YDLIDAR_SDK/doc/howto/images/sequence.png
[2.216s] -- Up-to-date: /root/catkin_ws/install/ydlidar_sdk/share/YDLIDAR_SDK/doc/howto/images/vscode
[2.217s] -- Up-to-date: /root/catkin_ws/install/ydlidar_sdk/share/YDLIDAR_SDK/doc/howto/images/vscode/run_tasks.jpg
[2.217s] -- Up-to-date: /root/catkin_ws/install/ydlidar_sdk/share/YDLIDAR_SDK/doc/howto/images/vscode/tasks.png
[2.220s] -- Up-to-date: /root/catkin_ws/install/ydlidar_sdk/share/YDLIDAR_SDK/doc/howto/images/sdk_scanning.png
[2.221s] -- Up-to-date: /root/catkin_ws/install/ydlidar_sdk/share/YDLIDAR_SDK/doc/howto/images/ttyUSB0.png
[2.221s] -- Up-to-date: /root/catkin_ws/install/ydlidar_sdk/share/YDLIDAR_SDK/doc/howto/images/csharp_running.png
[2.222s] -- Up-to-date: /root/catkin_ws/install/ydlidar_sdk/share/YDLIDAR_SDK/doc/howto/images/ydlidar_lidar_monitor.png
[2.222s] -- Up-to-date: /root/catkin_ws/install/ydlidar_sdk/share/YDLIDAR_SDK/doc/howto/images/cpack.png
[2.222s] -- Up-to-date: /root/catkin_ws/install/ydlidar_sdk/share/YDLIDAR_SDK/doc/howto/images/sdk_init.png
[2.222s] -- Up-to-date: /root/catkin_ws/install/ydlidar_sdk/share/YDLIDAR_SDK/doc/howto/images/csharp_build.png
[2.223s] -- Up-to-date: /root/catkin_ws/install/ydlidar_sdk/share/YDLIDAR_SDK/doc/howto/images/csharp_exception.png
[2.223s] -- Up-to-date: /root/catkin_ws/install/ydlidar_sdk/share/YDLIDAR_SDK/doc/howto/images/ttyUSB1.png
[2.223s] -- Up-to-date: /root/catkin_ws/install/ydlidar_sdk/share/YDLIDAR_SDK/doc/YDLidar-SDK-Communication-Protocol.pdf
[2.224s] -- Up-to-date: /root/catkin_ws/install/ydlidar_sdk/startup/initenv.sh
[2.225s] -- Up-to-date: /root/catkin_ws/install/ydlidar_sdk/bin/etlidar_test
[2.226s] -- Up-to-date: /root/catkin_ws/install/ydlidar_sdk/bin/tof_test
[2.226s] -- Up-to-date: /root/catkin_ws/install/ydlidar_sdk/bin/ydlidar_test
[2.226s] -- Up-to-date: /root/catkin_ws/install/ydlidar_sdk/bin/lidar_c_api_test
[2.246s] Invoked command in '/root/catkin_ws/build/ydlidar_sdk' returned '0': /usr/bin/cmake --install /root/catkin_ws/build/ydlidar_sdk
