[0.209s] Invoking command in '/root/catkin_ws/build/tf2_rclcpp_example': CMAKE_PREFIX_PATH=${CMAKE_PREFIX_PATH}:/root/catkin_ws/install/topic_service_action_rclpy_example:/root/catkin_ws/install/time_rclpy_example:/root/catkin_ws/install/tf2_rclpy_example:/root/catkin_ws/install/ros2env:/root/catkin_ws/install/omo_r1mini_teleop:/root/catkin_ws/install/omo_r1mini_bringup:/root/catkin_ws/install/my_first_ros_rclpy_pkg:/root/catkin_ws/install/logging_rclpy_example:/root/catkin_ws/src/install/topic_service_action_rclpy_example:/root/catkin_ws/src/install/time_rclpy_example:/root/catkin_ws/src/install/tf2_rclpy_example:/root/catkin_ws/src/install/ros2env:/root/catkin_ws/src/install/omo_r1mini_teleop:/root/catkin_ws/src/install/omo_r1mini_bringup:/root/catkin_ws/src/install/my_first_ros_rclpy_pkg:/root/catkin_ws/src/install/logging_rclpy_example:/opt/ros/foxy /usr/bin/cmake --build /root/catkin_ws/build/tf2_rclcpp_example -- -j12 -l12
[0.268s] [ 66%] Built target static_broadcaster
[0.268s] [ 66%] Built target broadcaster
[0.268s] [100%] Built target listener
[0.681s] Invoked command in '/root/catkin_ws/build/tf2_rclcpp_example' returned '0': CMAKE_PREFIX_PATH=${CMAKE_PREFIX_PATH}:/root/catkin_ws/install/topic_service_action_rclpy_example:/root/catkin_ws/install/time_rclpy_example:/root/catkin_ws/install/tf2_rclpy_example:/root/catkin_ws/install/ros2env:/root/catkin_ws/install/omo_r1mini_teleop:/root/catkin_ws/install/omo_r1mini_bringup:/root/catkin_ws/install/my_first_ros_rclpy_pkg:/root/catkin_ws/install/logging_rclpy_example:/root/catkin_ws/src/install/topic_service_action_rclpy_example:/root/catkin_ws/src/install/time_rclpy_example:/root/catkin_ws/src/install/tf2_rclpy_example:/root/catkin_ws/src/install/ros2env:/root/catkin_ws/src/install/omo_r1mini_teleop:/root/catkin_ws/src/install/omo_r1mini_bringup:/root/catkin_ws/src/install/my_first_ros_rclpy_pkg:/root/catkin_ws/src/install/logging_rclpy_example:/opt/ros/foxy /usr/bin/cmake --build /root/catkin_ws/build/tf2_rclcpp_example -- -j12 -l12
[1.112s] Invoking command in '/root/catkin_ws/build/tf2_rclcpp_example': CMAKE_PREFIX_PATH=${CMAKE_PREFIX_PATH}:/root/catkin_ws/install/topic_service_action_rclpy_example:/root/catkin_ws/install/time_rclpy_example:/root/catkin_ws/install/tf2_rclpy_example:/root/catkin_ws/install/ros2env:/root/catkin_ws/install/omo_r1mini_teleop:/root/catkin_ws/install/omo_r1mini_bringup:/root/catkin_ws/install/my_first_ros_rclpy_pkg:/root/catkin_ws/install/logging_rclpy_example:/root/catkin_ws/src/install/topic_service_action_rclpy_example:/root/catkin_ws/src/install/time_rclpy_example:/root/catkin_ws/src/install/tf2_rclpy_example:/root/catkin_ws/src/install/ros2env:/root/catkin_ws/src/install/omo_r1mini_teleop:/root/catkin_ws/src/install/omo_r1mini_bringup:/root/catkin_ws/src/install/my_first_ros_rclpy_pkg:/root/catkin_ws/src/install/logging_rclpy_example:/opt/ros/foxy /usr/bin/cmake --install /root/catkin_ws/build/tf2_rclcpp_example
[1.124s] -- Install configuration: ""
[1.124s] -- Execute custom install script
[1.124s] -- Up-to-date symlink: /root/catkin_ws/install/tf2_rclcpp_example/lib/tf2_rclcpp_example/broadcaster
[1.125s] -- Up-to-date symlink: /root/catkin_ws/install/tf2_rclcpp_example/lib/tf2_rclcpp_example/listener
[1.125s] -- Up-to-date symlink: /root/catkin_ws/install/tf2_rclcpp_example/lib/tf2_rclcpp_example/static_broadcaster
[1.125s] -- Up-to-date symlink: /root/catkin_ws/install/tf2_rclcpp_example/share/tf2_rclcpp_example/rviz/arm.rviz
[1.128s] -- Up-to-date symlink: /root/catkin_ws/install/tf2_rclcpp_example/share/ament_index/resource_index/package_run_dependencies/tf2_rclcpp_example
[1.128s] -- Up-to-date symlink: /root/catkin_ws/install/tf2_rclcpp_example/share/ament_index/resource_index/parent_prefix_path/tf2_rclcpp_example
[1.129s] -- Up-to-date symlink: /root/catkin_ws/install/tf2_rclcpp_example/share/tf2_rclcpp_example/environment/ament_prefix_path.sh
[1.130s] -- Up-to-date symlink: /root/catkin_ws/install/tf2_rclcpp_example/share/tf2_rclcpp_example/environment/ament_prefix_path.dsv
[1.130s] -- Up-to-date symlink: /root/catkin_ws/install/tf2_rclcpp_example/share/tf2_rclcpp_example/environment/path.sh
[1.131s] -- Up-to-date symlink: /root/catkin_ws/install/tf2_rclcpp_example/share/tf2_rclcpp_example/environment/path.dsv
[1.131s] -- Up-to-date symlink: /root/catkin_ws/install/tf2_rclcpp_example/share/tf2_rclcpp_example/local_setup.bash
[1.133s] -- Up-to-date symlink: /root/catkin_ws/install/tf2_rclcpp_example/share/tf2_rclcpp_example/local_setup.sh
[1.133s] -- Up-to-date symlink: /root/catkin_ws/install/tf2_rclcpp_example/share/tf2_rclcpp_example/local_setup.zsh
[1.134s] -- Up-to-date symlink: /root/catkin_ws/install/tf2_rclcpp_example/share/tf2_rclcpp_example/local_setup.dsv
[1.134s] -- Symlinking: /root/catkin_ws/install/tf2_rclcpp_example/share/tf2_rclcpp_example/package.dsv
[1.136s] -- Up-to-date symlink: /root/catkin_ws/install/tf2_rclcpp_example/share/ament_index/resource_index/packages/tf2_rclcpp_example
[1.137s] -- Up-to-date symlink: /root/catkin_ws/install/tf2_rclcpp_example/share/tf2_rclcpp_example/cmake/tf2_rclcpp_exampleConfig.cmake
[1.137s] -- Up-to-date symlink: /root/catkin_ws/install/tf2_rclcpp_example/share/tf2_rclcpp_example/cmake/tf2_rclcpp_exampleConfig-version.cmake
[1.137s] -- Up-to-date symlink: /root/catkin_ws/install/tf2_rclcpp_example/share/tf2_rclcpp_example/package.xml
[1.627s] Invoked command in '/root/catkin_ws/build/tf2_rclcpp_example' returned '0': CMAKE_PREFIX_PATH=${CMAKE_PREFIX_PATH}:/root/catkin_ws/install/topic_service_action_rclpy_example:/root/catkin_ws/install/time_rclpy_example:/root/catkin_ws/install/tf2_rclpy_example:/root/catkin_ws/install/ros2env:/root/catkin_ws/install/omo_r1mini_teleop:/root/catkin_ws/install/omo_r1mini_bringup:/root/catkin_ws/install/my_first_ros_rclpy_pkg:/root/catkin_ws/install/logging_rclpy_example:/root/catkin_ws/src/install/topic_service_action_rclpy_example:/root/catkin_ws/src/install/time_rclpy_example:/root/catkin_ws/src/install/tf2_rclpy_example:/root/catkin_ws/src/install/ros2env:/root/catkin_ws/src/install/omo_r1mini_teleop:/root/catkin_ws/src/install/omo_r1mini_bringup:/root/catkin_ws/src/install/my_first_ros_rclpy_pkg:/root/catkin_ws/src/install/logging_rclpy_example:/opt/ros/foxy /usr/bin/cmake --install /root/catkin_ws/build/tf2_rclcpp_example
