[0.144s] Invoking command in '/root/catkin_ws/build/micro_ros_msgs': CMAKE_PREFIX_PATH=${CMAKE_PREFIX_PATH}:/root/catkin_ws/install/topic_service_action_rclpy_example:/root/catkin_ws/install/time_rclpy_example:/root/catkin_ws/install/tf2_rclpy_example:/root/catkin_ws/install/ros2env:/root/catkin_ws/install/omo_r1mini_teleop:/root/catkin_ws/install/omo_r1mini_bringup:/root/catkin_ws/install/my_first_ros_rclpy_pkg:/root/catkin_ws/install/logging_rclpy_example:/root/catkin_ws/install/iahrs_driver:/root/install/topic_service_action_rclpy_example:/root/install/time_rclpy_example:/root/install/tf2_rclpy_example:/root/install/ros2env:/root/install/omo_r1mini_teleop:/root/install/omo_r1mini_bringup:/root/install/my_first_ros_rclpy_pkg:/root/install/logging_rclpy_example:/opt/ros/foxy /usr/bin/cmake /root/catkin_ws/src/uros/micro_ros_msgs -DBUILD_TESTING=OFF -DBUILD_SHARED_LIBS=ON -DCMAKE_INSTALL_PREFIX=/root/catkin_ws/install/micro_ros_msgs
[0.247s] -- Found ament_cmake: 0.9.11 (/opt/ros/foxy/share/ament_cmake/cmake)
[0.273s] -- Found PythonInterp: /usr/bin/python3 (found suitable version "3.8.10", minimum required is "3") 
[0.275s] -- Using PYTHON_EXECUTABLE: /usr/bin/python3
[0.661s] -- Override CMake install command with custom implementation using symlinks instead of copying resources
[0.684s] -- Found rosidl_default_generators: 1.0.1 (/opt/ros/foxy/share/rosidl_default_generators/cmake)
[0.709s] -- Using all available rosidl_typesupport_c: rosidl_typesupport_microxrcedds_c;rosidl_typesupport_fastrtps_c;rosidl_typesupport_introspection_c
[0.713s] -- Found rosidl_adapter: 1.3.0 (/opt/ros/foxy/share/rosidl_adapter/cmake)
[0.966s] -- Using all available rosidl_typesupport_cpp: rosidl_typesupport_microxrcedds_cpp;rosidl_typesupport_fastrtps_cpp;rosidl_typesupport_introspection_cpp
[1.170s] -- Found PythonInterp: /usr/bin/python3 (found version "3.8.10") 
[1.476s] -- Found ament_cmake_ros: 0.9.2 (/opt/ros/foxy/share/ament_cmake_ros/cmake)
[1.759s] -- Using all available rosidl_typesupport_c: rosidl_typesupport_microxrcedds_c;rosidl_typesupport_fastrtps_c;rosidl_typesupport_introspection_c
[1.790s] -- Using all available rosidl_typesupport_cpp: rosidl_typesupport_microxrcedds_cpp;rosidl_typesupport_fastrtps_cpp;rosidl_typesupport_introspection_cpp
[1.871s] -- Found PythonInterp: /usr/bin/python3 (found suitable version "3.8.10", minimum required is "3.5") 
[1.871s] -- Found python_cmake_module: 0.8.1 (/opt/ros/foxy/share/python_cmake_module/cmake)
[1.964s] -- Using PYTHON_EXECUTABLE: /usr/bin/python3
[1.964s] -- Using PYTHON_INCLUDE_DIRS: /usr/include/python3.8
[1.965s] -- Using PYTHON_LIBRARIES: /usr/lib/x86_64-linux-gnu/libpython3.8.so
[2.074s] -- Configuring done
[2.168s] -- Generating done
[2.173s] -- Build files have been written to: /root/catkin_ws/build/micro_ros_msgs
[2.290s] Invoked command in '/root/catkin_ws/build/micro_ros_msgs' returned '0': CMAKE_PREFIX_PATH=${CMAKE_PREFIX_PATH}:/root/catkin_ws/install/topic_service_action_rclpy_example:/root/catkin_ws/install/time_rclpy_example:/root/catkin_ws/install/tf2_rclpy_example:/root/catkin_ws/install/ros2env:/root/catkin_ws/install/omo_r1mini_teleop:/root/catkin_ws/install/omo_r1mini_bringup:/root/catkin_ws/install/my_first_ros_rclpy_pkg:/root/catkin_ws/install/logging_rclpy_example:/root/catkin_ws/install/iahrs_driver:/root/install/topic_service_action_rclpy_example:/root/install/time_rclpy_example:/root/install/tf2_rclpy_example:/root/install/ros2env:/root/install/omo_r1mini_teleop:/root/install/omo_r1mini_bringup:/root/install/my_first_ros_rclpy_pkg:/root/install/logging_rclpy_example:/opt/ros/foxy /usr/bin/cmake /root/catkin_ws/src/uros/micro_ros_msgs -DBUILD_TESTING=OFF -DBUILD_SHARED_LIBS=ON -DCMAKE_INSTALL_PREFIX=/root/catkin_ws/install/micro_ros_msgs
[2.293s] Invoking command in '/root/catkin_ws/build/micro_ros_msgs': CMAKE_PREFIX_PATH=${CMAKE_PREFIX_PATH}:/root/catkin_ws/install/topic_service_action_rclpy_example:/root/catkin_ws/install/time_rclpy_example:/root/catkin_ws/install/tf2_rclpy_example:/root/catkin_ws/install/ros2env:/root/catkin_ws/install/omo_r1mini_teleop:/root/catkin_ws/install/omo_r1mini_bringup:/root/catkin_ws/install/my_first_ros_rclpy_pkg:/root/catkin_ws/install/logging_rclpy_example:/root/catkin_ws/install/iahrs_driver:/root/install/topic_service_action_rclpy_example:/root/install/time_rclpy_example:/root/install/tf2_rclpy_example:/root/install/ros2env:/root/install/omo_r1mini_teleop:/root/install/omo_r1mini_bringup:/root/install/my_first_ros_rclpy_pkg:/root/install/logging_rclpy_example:/opt/ros/foxy /usr/bin/cmake --build /root/catkin_ws/build/micro_ros_msgs -- -j12 -l12
[2.408s] [  8%] Built target micro_ros_msgs__rosidl_generator_c
[2.437s] [ 10%] [34m[1mGenerating C type support dispatch for ROS interfaces[0m
[2.448s] [ 11%] [34m[1mGenerating C type support for eProsima Micro XRCE-DDS[0m
[2.455s] [ 13%] Built target micro_ros_msgs__cpp
[2.576s] [ 15%] [34m[1mGenerating C++ type support dispatch for ROS interfaces[0m
[2.578s] [ 16%] [34m[1mGenerating C++ type support for eProsima Micro XRCE-DDS[0m
[2.655s] [ 27%] Built target micro_ros_msgs__rosidl_typesupport_introspection_cpp
[2.658s] [ 33%] Built target micro_ros_msgs__rosidl_typesupport_introspection_c
[2.677s] [ 42%] Built target micro_ros_msgs__rosidl_typesupport_fastrtps_cpp
[2.885s] [ 50%] Built target micro_ros_msgs__rosidl_typesupport_fastrtps_c
[3.329s] [35m[1mScanning dependencies of target micro_ros_msgs__rosidl_typesupport_c[0m
[3.434s] [ 52%] [32mBuilding CXX object CMakeFiles/micro_ros_msgs__rosidl_typesupport_c.dir/rosidl_typesupport_c/micro_ros_msgs/msg/graph__type_support.cpp.o[0m
[3.476s] [ 55%] [32mBuilding CXX object CMakeFiles/micro_ros_msgs__rosidl_typesupport_c.dir/rosidl_typesupport_c/micro_ros_msgs/msg/node__type_support.cpp.o[0m
[3.491s] [ 55%] [32mBuilding CXX object CMakeFiles/micro_ros_msgs__rosidl_typesupport_c.dir/rosidl_typesupport_c/micro_ros_msgs/msg/entity__type_support.cpp.o[0m
[3.862s] [ 57%] [32m[1mLinking CXX shared library libmicro_ros_msgs__rosidl_typesupport_c.so[0m
[3.976s] [35m[1mScanning dependencies of target micro_ros_msgs__rosidl_typesupport_cpp[0m
[4.074s] [ 59%] [32mBuilding CXX object CMakeFiles/micro_ros_msgs__rosidl_typesupport_cpp.dir/rosidl_typesupport_cpp/micro_ros_msgs/msg/graph__type_support.cpp.o[0m
[4.104s] [35m[1mScanning dependencies of target micro_ros_msgs__rosidl_typesupport_microxrcedds_c[0m
[4.113s] [ 59%] Built target micro_ros_msgs__rosidl_typesupport_c
[4.128s] [ 61%] [32mBuilding CXX object CMakeFiles/micro_ros_msgs__rosidl_typesupport_cpp.dir/rosidl_typesupport_cpp/micro_ros_msgs/msg/node__type_support.cpp.o[0m
[4.143s] [ 62%] [32mBuilding CXX object CMakeFiles/micro_ros_msgs__rosidl_typesupport_cpp.dir/rosidl_typesupport_cpp/micro_ros_msgs/msg/entity__type_support.cpp.o[0m
[4.212s] [35m[1mScanning dependencies of target micro_ros_msgs__rosidl_typesupport_microxrcedds_cpp[0m
[4.215s] [ 64%] [32mBuilding C object CMakeFiles/micro_ros_msgs__rosidl_typesupport_microxrcedds_c.dir/rosidl_typesupport_microxrcedds_c/micro_ros_msgs/msg/detail/microxrcedds/node__type_support_c.c.o[0m
[4.229s] [ 67%] [32mBuilding C object CMakeFiles/micro_ros_msgs__rosidl_typesupport_microxrcedds_c.dir/rosidl_typesupport_microxrcedds_c/micro_ros_msgs/msg/detail/microxrcedds/graph__type_support_c.c.o[0m
[4.239s] [ 67%] [32mBuilding C object CMakeFiles/micro_ros_msgs__rosidl_typesupport_microxrcedds_c.dir/rosidl_typesupport_microxrcedds_c/micro_ros_msgs/msg/detail/microxrcedds/entity__type_support_c.c.o[0m
[4.320s] [ 69%] [32mBuilding CXX object CMakeFiles/micro_ros_msgs__rosidl_typesupport_microxrcedds_cpp.dir/rosidl_typesupport_microxrcedds_cpp/micro_ros_msgs/msg/detail/microxrcedds/graph__type_support_cpp.cpp.o[0m
[4.349s] [ 71%] [32mBuilding CXX object CMakeFiles/micro_ros_msgs__rosidl_typesupport_microxrcedds_cpp.dir/rosidl_typesupport_microxrcedds_cpp/micro_ros_msgs/msg/detail/microxrcedds/node__type_support_cpp.cpp.o[0m
[4.352s] [ 72%] [32mBuilding CXX object CMakeFiles/micro_ros_msgs__rosidl_typesupport_microxrcedds_cpp.dir/rosidl_typesupport_microxrcedds_cpp/micro_ros_msgs/msg/detail/microxrcedds/entity__type_support_cpp.cpp.o[0m
[4.554s] [ 74%] [32m[1mLinking C shared library libmicro_ros_msgs__rosidl_typesupport_microxrcedds_c.so[0m
[4.776s] [ 74%] Built target micro_ros_msgs__rosidl_typesupport_microxrcedds_c
[5.448s] [ 76%] [32m[1mLinking CXX shared library libmicro_ros_msgs__rosidl_typesupport_cpp.so[0m
[5.629s] [ 76%] Built target micro_ros_msgs__rosidl_typesupport_cpp
[6.047s] [ 77%] [32m[1mLinking CXX shared library libmicro_ros_msgs__rosidl_typesupport_microxrcedds_cpp.so[0m
[6.338s] [ 77%] Built target micro_ros_msgs__rosidl_typesupport_microxrcedds_cpp
[6.393s] [ 77%] Built target micro_ros_msgs
[6.450s] [35m[1mScanning dependencies of target micro_ros_msgs__py[0m
[6.519s] [ 79%] [34m[1mGenerating Python code for ROS interfaces[0m
[8.909s] [ 79%] Built target micro_ros_msgs__py
[9.010s] [35m[1mScanning dependencies of target micro_ros_msgs__python[0m
[9.125s] [ 81%] [32mBuilding C object CMakeFiles/micro_ros_msgs__python.dir/rosidl_generator_py/micro_ros_msgs/msg/_graph_s.c.o[0m
[9.146s] [ 83%] [32mBuilding C object CMakeFiles/micro_ros_msgs__python.dir/rosidl_generator_py/micro_ros_msgs/msg/_node_s.c.o[0m
[9.152s] [ 84%] [32mBuilding C object CMakeFiles/micro_ros_msgs__python.dir/rosidl_generator_py/micro_ros_msgs/msg/_entity_s.c.o[0m
[9.694s] [ 86%] [32m[1mLinking C shared library rosidl_generator_py/micro_ros_msgs/libmicro_ros_msgs__python.so[0m
[9.944s] [ 86%] Built target micro_ros_msgs__python
[10.046s] [35m[1mScanning dependencies of target micro_ros_msgs__rosidl_typesupport_introspection_c__pyext[0m
[10.084s] [35m[1mScanning dependencies of target micro_ros_msgs__rosidl_typesupport_fastrtps_c__pyext[0m
[10.089s] [35m[1mScanning dependencies of target micro_ros_msgs__rosidl_typesupport_microxrcedds_c__pyext[0m
[10.116s] [35m[1mScanning dependencies of target micro_ros_msgs__rosidl_typesupport_c__pyext[0m
[10.160s] [ 88%] [32mBuilding C object CMakeFiles/micro_ros_msgs__rosidl_typesupport_introspection_c__pyext.dir/rosidl_generator_py/micro_ros_msgs/_micro_ros_msgs_s.ep.rosidl_typesupport_introspection_c.c.o[0m
[10.201s] [ 89%] [32mBuilding C object CMakeFiles/micro_ros_msgs__rosidl_typesupport_fastrtps_c__pyext.dir/rosidl_generator_py/micro_ros_msgs/_micro_ros_msgs_s.ep.rosidl_typesupport_fastrtps_c.c.o[0m
[10.235s] [ 91%] [32mBuilding C object CMakeFiles/micro_ros_msgs__rosidl_typesupport_microxrcedds_c__pyext.dir/rosidl_generator_py/micro_ros_msgs/_micro_ros_msgs_s.ep.rosidl_typesupport_microxrcedds_c.c.o[0m
[10.278s] [ 93%] [32mBuilding C object CMakeFiles/micro_ros_msgs__rosidl_typesupport_c__pyext.dir/rosidl_generator_py/micro_ros_msgs/_micro_ros_msgs_s.ep.rosidl_typesupport_c.c.o[0m
[10.530s] [ 94%] [32m[1mLinking C shared library rosidl_generator_py/micro_ros_msgs/micro_ros_msgs_s__rosidl_typesupport_introspection_c.cpython-38-x86_64-linux-gnu.so[0m
[10.546s] [ 96%] [32m[1mLinking C shared library rosidl_generator_py/micro_ros_msgs/micro_ros_msgs_s__rosidl_typesupport_microxrcedds_c.cpython-38-x86_64-linux-gnu.so[0m
[10.675s] [ 98%] [32m[1mLinking C shared library rosidl_generator_py/micro_ros_msgs/micro_ros_msgs_s__rosidl_typesupport_c.cpython-38-x86_64-linux-gnu.so[0m
[10.732s] [100%] [32m[1mLinking CXX shared library rosidl_generator_py/micro_ros_msgs/micro_ros_msgs_s__rosidl_typesupport_fastrtps_c.cpython-38-x86_64-linux-gnu.so[0m
[10.749s] [100%] Built target micro_ros_msgs__rosidl_typesupport_introspection_c__pyext
[10.766s] [100%] Built target micro_ros_msgs__rosidl_typesupport_microxrcedds_c__pyext
[10.882s] [100%] Built target micro_ros_msgs__rosidl_typesupport_c__pyext
[10.909s] [100%] Built target micro_ros_msgs__rosidl_typesupport_fastrtps_c__pyext
[10.955s] Invoked command in '/root/catkin_ws/build/micro_ros_msgs' returned '0': CMAKE_PREFIX_PATH=${CMAKE_PREFIX_PATH}:/root/catkin_ws/install/topic_service_action_rclpy_example:/root/catkin_ws/install/time_rclpy_example:/root/catkin_ws/install/tf2_rclpy_example:/root/catkin_ws/install/ros2env:/root/catkin_ws/install/omo_r1mini_teleop:/root/catkin_ws/install/omo_r1mini_bringup:/root/catkin_ws/install/my_first_ros_rclpy_pkg:/root/catkin_ws/install/logging_rclpy_example:/root/catkin_ws/install/iahrs_driver:/root/install/topic_service_action_rclpy_example:/root/install/time_rclpy_example:/root/install/tf2_rclpy_example:/root/install/ros2env:/root/install/omo_r1mini_teleop:/root/install/omo_r1mini_bringup:/root/install/my_first_ros_rclpy_pkg:/root/install/logging_rclpy_example:/opt/ros/foxy /usr/bin/cmake --build /root/catkin_ws/build/micro_ros_msgs -- -j12 -l12
[12.558s] Invoking command in '/root/catkin_ws/build/micro_ros_msgs': CMAKE_PREFIX_PATH=${CMAKE_PREFIX_PATH}:/root/catkin_ws/install/topic_service_action_rclpy_example:/root/catkin_ws/install/time_rclpy_example:/root/catkin_ws/install/tf2_rclpy_example:/root/catkin_ws/install/ros2env:/root/catkin_ws/install/omo_r1mini_teleop:/root/catkin_ws/install/omo_r1mini_bringup:/root/catkin_ws/install/my_first_ros_rclpy_pkg:/root/catkin_ws/install/logging_rclpy_example:/root/catkin_ws/install/iahrs_driver:/root/install/topic_service_action_rclpy_example:/root/install/time_rclpy_example:/root/install/tf2_rclpy_example:/root/install/ros2env:/root/install/omo_r1mini_teleop:/root/install/omo_r1mini_bringup:/root/install/my_first_ros_rclpy_pkg:/root/install/logging_rclpy_example:/opt/ros/foxy /usr/bin/cmake --install /root/catkin_ws/build/micro_ros_msgs
[12.578s] -- Install configuration: ""
[12.578s] -- Execute custom install script
[12.579s] -- Up-to-date symlink: /root/catkin_ws/install/micro_ros_msgs/share/ament_index/resource_index/rosidl_interfaces/micro_ros_msgs
[12.591s] -- Up-to-date symlink: /root/catkin_ws/install/micro_ros_msgs/include/micro_ros_msgs/msg/detail/entity__functions.h
[12.591s] -- Up-to-date symlink: /root/catkin_ws/install/micro_ros_msgs/include/micro_ros_msgs/msg/detail/entity__struct.h
[12.591s] -- Up-to-date symlink: /root/catkin_ws/install/micro_ros_msgs/include/micro_ros_msgs/msg/detail/entity__type_support.h
[12.592s] -- Up-to-date symlink: /root/catkin_ws/install/micro_ros_msgs/include/micro_ros_msgs/msg/detail/graph__functions.h
[12.592s] -- Up-to-date symlink: /root/catkin_ws/install/micro_ros_msgs/include/micro_ros_msgs/msg/detail/graph__struct.h
[12.592s] -- Up-to-date symlink: /root/catkin_ws/install/micro_ros_msgs/include/micro_ros_msgs/msg/detail/graph__type_support.h
[12.593s] -- Up-to-date symlink: /root/catkin_ws/install/micro_ros_msgs/include/micro_ros_msgs/msg/detail/node__functions.h
[12.593s] -- Up-to-date symlink: /root/catkin_ws/install/micro_ros_msgs/include/micro_ros_msgs/msg/detail/node__struct.h
[12.593s] -- Up-to-date symlink: /root/catkin_ws/install/micro_ros_msgs/include/micro_ros_msgs/msg/detail/node__type_support.h
[12.594s] -- Up-to-date symlink: /root/catkin_ws/install/micro_ros_msgs/include/micro_ros_msgs/msg/entity.h
[12.594s] -- Up-to-date symlink: /root/catkin_ws/install/micro_ros_msgs/include/micro_ros_msgs/msg/graph.h
[12.594s] -- Up-to-date symlink: /root/catkin_ws/install/micro_ros_msgs/include/micro_ros_msgs/msg/node.h
[12.594s] -- Up-to-date symlink: /root/catkin_ws/install/micro_ros_msgs/include/micro_ros_msgs/msg/rosidl_generator_c__visibility_control.h
[12.595s] -- Up-to-date symlink: /root/catkin_ws/install/micro_ros_msgs/share/micro_ros_msgs/environment/library_path.sh
[12.595s] -- Up-to-date symlink: /root/catkin_ws/install/micro_ros_msgs/share/micro_ros_msgs/environment/library_path.dsv
[12.596s] -- Symlinking: /root/catkin_ws/install/micro_ros_msgs/include/micro_ros_msgs/msg/detail/entity__rosidl_typesupport_microxrcedds_c.h
[12.635s] -- Symlinking: /root/catkin_ws/install/micro_ros_msgs/include/micro_ros_msgs/msg/detail/graph__rosidl_typesupport_microxrcedds_c.h
[12.676s] -- Symlinking: /root/catkin_ws/install/micro_ros_msgs/include/micro_ros_msgs/msg/detail/node__rosidl_typesupport_microxrcedds_c.h
[12.723s] -- Symlinking: /root/catkin_ws/install/micro_ros_msgs/include/micro_ros_msgs/msg/rosidl_typesupport_microxrcedds_c__visibility_control.h
[12.772s] -- Symlinking: /root/catkin_ws/install/micro_ros_msgs/lib/libmicro_ros_msgs__rosidl_typesupport_microxrcedds_c.so
[12.795s] -- Up-to-date symlink: /root/catkin_ws/install/micro_ros_msgs/include/micro_ros_msgs/msg/detail/entity__rosidl_typesupport_fastrtps_c.h
[12.796s] -- Up-to-date symlink: /root/catkin_ws/install/micro_ros_msgs/include/micro_ros_msgs/msg/detail/graph__rosidl_typesupport_fastrtps_c.h
[12.797s] -- Up-to-date symlink: /root/catkin_ws/install/micro_ros_msgs/include/micro_ros_msgs/msg/detail/node__rosidl_typesupport_fastrtps_c.h
[12.797s] -- Up-to-date symlink: /root/catkin_ws/install/micro_ros_msgs/include/micro_ros_msgs/msg/rosidl_typesupport_fastrtps_c__visibility_control.h
[12.799s] -- Up-to-date symlink: /root/catkin_ws/install/micro_ros_msgs/lib/libmicro_ros_msgs__rosidl_typesupport_fastrtps_c.so
[12.800s] -- Up-to-date symlink: /root/catkin_ws/install/micro_ros_msgs/include/micro_ros_msgs/msg/detail/entity__rosidl_typesupport_fastrtps_cpp.hpp
[12.801s] -- Up-to-date symlink: /root/catkin_ws/install/micro_ros_msgs/include/micro_ros_msgs/msg/detail/graph__rosidl_typesupport_fastrtps_cpp.hpp
[12.801s] -- Up-to-date symlink: /root/catkin_ws/install/micro_ros_msgs/include/micro_ros_msgs/msg/detail/node__rosidl_typesupport_fastrtps_cpp.hpp
[12.802s] -- Up-to-date symlink: /root/catkin_ws/install/micro_ros_msgs/include/micro_ros_msgs/msg/rosidl_typesupport_fastrtps_cpp__visibility_control.h
[12.803s] -- Up-to-date symlink: /root/catkin_ws/install/micro_ros_msgs/lib/libmicro_ros_msgs__rosidl_typesupport_fastrtps_cpp.so
[12.804s] -- Up-to-date symlink: /root/catkin_ws/install/micro_ros_msgs/include/micro_ros_msgs/msg/detail/entity__rosidl_typesupport_introspection_c.h
[12.805s] -- Up-to-date symlink: /root/catkin_ws/install/micro_ros_msgs/include/micro_ros_msgs/msg/detail/graph__rosidl_typesupport_introspection_c.h
[12.805s] -- Up-to-date symlink: /root/catkin_ws/install/micro_ros_msgs/include/micro_ros_msgs/msg/detail/node__rosidl_typesupport_introspection_c.h
[12.806s] -- Up-to-date symlink: /root/catkin_ws/install/micro_ros_msgs/include/micro_ros_msgs/msg/rosidl_typesupport_introspection_c__visibility_control.h
[12.807s] -- Up-to-date symlink: /root/catkin_ws/install/micro_ros_msgs/include/micro_ros_msgs/msg/detail/entity__builder.hpp
[12.808s] -- Up-to-date symlink: /root/catkin_ws/install/micro_ros_msgs/include/micro_ros_msgs/msg/detail/entity__struct.hpp
[12.808s] -- Up-to-date symlink: /root/catkin_ws/install/micro_ros_msgs/include/micro_ros_msgs/msg/detail/entity__traits.hpp
[12.809s] -- Up-to-date symlink: /root/catkin_ws/install/micro_ros_msgs/include/micro_ros_msgs/msg/detail/graph__builder.hpp
[12.810s] -- Up-to-date symlink: /root/catkin_ws/install/micro_ros_msgs/include/micro_ros_msgs/msg/detail/graph__struct.hpp
[12.810s] -- Up-to-date symlink: /root/catkin_ws/install/micro_ros_msgs/include/micro_ros_msgs/msg/detail/graph__traits.hpp
[12.811s] -- Up-to-date symlink: /root/catkin_ws/install/micro_ros_msgs/include/micro_ros_msgs/msg/detail/node__builder.hpp
[12.811s] -- Up-to-date symlink: /root/catkin_ws/install/micro_ros_msgs/include/micro_ros_msgs/msg/detail/node__struct.hpp
[12.812s] -- Up-to-date symlink: /root/catkin_ws/install/micro_ros_msgs/include/micro_ros_msgs/msg/detail/node__traits.hpp
[12.813s] -- Up-to-date symlink: /root/catkin_ws/install/micro_ros_msgs/include/micro_ros_msgs/msg/entity.hpp
[12.813s] -- Up-to-date symlink: /root/catkin_ws/install/micro_ros_msgs/include/micro_ros_msgs/msg/graph.hpp
[12.814s] -- Up-to-date symlink: /root/catkin_ws/install/micro_ros_msgs/include/micro_ros_msgs/msg/node.hpp
[12.821s] -- Symlinking: /root/catkin_ws/install/micro_ros_msgs/include/micro_ros_msgs/msg/detail/entity__rosidl_typesupport_microxrcedds_cpp.hpp
[12.850s] -- Symlinking: /root/catkin_ws/install/micro_ros_msgs/include/micro_ros_msgs/msg/detail/graph__rosidl_typesupport_microxrcedds_cpp.hpp
[12.878s] -- Symlinking: /root/catkin_ws/install/micro_ros_msgs/include/micro_ros_msgs/msg/detail/microxrcedds/entity__type_support_cpp.cpp
[12.901s] -- Symlinking: /root/catkin_ws/install/micro_ros_msgs/include/micro_ros_msgs/msg/detail/microxrcedds/graph__type_support_cpp.cpp
[12.918s] -- Symlinking: /root/catkin_ws/install/micro_ros_msgs/include/micro_ros_msgs/msg/detail/microxrcedds/node__type_support_cpp.cpp
[12.945s] -- Symlinking: /root/catkin_ws/install/micro_ros_msgs/include/micro_ros_msgs/msg/detail/node__rosidl_typesupport_microxrcedds_cpp.hpp
[12.966s] -- Symlinking: /root/catkin_ws/install/micro_ros_msgs/include/micro_ros_msgs/msg/rosidl_typesupport_microxrcedds_cpp__visibility_control.h
[12.995s] -- Symlinking: /root/catkin_ws/install/micro_ros_msgs/lib/libmicro_ros_msgs__rosidl_typesupport_microxrcedds_cpp.so
[13.063s] -- Up-to-date symlink: /root/catkin_ws/install/micro_ros_msgs/include/micro_ros_msgs/msg/detail/entity__rosidl_typesupport_introspection_cpp.hpp
[13.064s] -- Up-to-date symlink: /root/catkin_ws/install/micro_ros_msgs/include/micro_ros_msgs/msg/detail/graph__rosidl_typesupport_introspection_cpp.hpp
[13.064s] -- Up-to-date symlink: /root/catkin_ws/install/micro_ros_msgs/include/micro_ros_msgs/msg/detail/node__rosidl_typesupport_introspection_cpp.hpp
[13.065s] -- Up-to-date symlink: /root/catkin_ws/install/micro_ros_msgs/share/micro_ros_msgs/environment/pythonpath.sh
[13.066s] -- Up-to-date symlink: /root/catkin_ws/install/micro_ros_msgs/share/micro_ros_msgs/environment/pythonpath.dsv
[13.066s] -- Up-to-date symlink: /root/catkin_ws/install/micro_ros_msgs/lib/python3.8/site-packages/micro_ros_msgs/__init__.py
[13.066s] -- Up-to-date symlink: /root/catkin_ws/install/micro_ros_msgs/lib/python3.8/site-packages/micro_ros_msgs/msg/__init__.py
[13.067s] -- Up-to-date symlink: /root/catkin_ws/install/micro_ros_msgs/lib/python3.8/site-packages/micro_ros_msgs/msg/_entity.py
[13.067s] -- Up-to-date symlink: /root/catkin_ws/install/micro_ros_msgs/lib/python3.8/site-packages/micro_ros_msgs/msg/_graph.py
[13.068s] -- Up-to-date symlink: /root/catkin_ws/install/micro_ros_msgs/lib/python3.8/site-packages/micro_ros_msgs/msg/_node.py
[13.068s] -- Symlinking: /root/catkin_ws/install/micro_ros_msgs/lib/python3.8/site-packages/micro_ros_msgs/micro_ros_msgs_s__rosidl_typesupport_microxrcedds_c.cpython-38-x86_64-linux-gnu.so
[13.107s] -- Up-to-date symlink: /root/catkin_ws/install/micro_ros_msgs/lib/python3.8/site-packages/micro_ros_msgs/micro_ros_msgs_s__rosidl_typesupport_fastrtps_c.cpython-38-x86_64-linux-gnu.so
[13.108s] -- Up-to-date symlink: /root/catkin_ws/install/micro_ros_msgs/lib/python3.8/site-packages/micro_ros_msgs/micro_ros_msgs_s__rosidl_typesupport_introspection_c.cpython-38-x86_64-linux-gnu.so
[13.108s] -- Up-to-date symlink: /root/catkin_ws/install/micro_ros_msgs/lib/python3.8/site-packages/micro_ros_msgs/micro_ros_msgs_s__rosidl_typesupport_c.cpython-38-x86_64-linux-gnu.so
[13.109s] -- Up-to-date symlink: /root/catkin_ws/install/micro_ros_msgs/lib/libmicro_ros_msgs__python.so
[13.109s] -- Up-to-date symlink: /root/catkin_ws/install/micro_ros_msgs/share/micro_ros_msgs/msg/Graph.idl
[13.110s] -- Up-to-date symlink: /root/catkin_ws/install/micro_ros_msgs/share/micro_ros_msgs/msg/Node.idl
[13.110s] -- Up-to-date symlink: /root/catkin_ws/install/micro_ros_msgs/share/micro_ros_msgs/msg/Entity.idl
[13.110s] -- Up-to-date symlink: /root/catkin_ws/install/micro_ros_msgs/share/micro_ros_msgs/msg/Graph.msg
[13.111s] -- Up-to-date symlink: /root/catkin_ws/install/micro_ros_msgs/share/micro_ros_msgs/msg/Node.msg
[13.111s] -- Up-to-date symlink: /root/catkin_ws/install/micro_ros_msgs/share/micro_ros_msgs/msg/Entity.msg
[13.112s] -- Up-to-date symlink: /root/catkin_ws/install/micro_ros_msgs/share/ament_index/resource_index/package_run_dependencies/micro_ros_msgs
[13.112s] -- Up-to-date symlink: /root/catkin_ws/install/micro_ros_msgs/share/ament_index/resource_index/parent_prefix_path/micro_ros_msgs
[13.112s] -- Up-to-date symlink: /root/catkin_ws/install/micro_ros_msgs/share/micro_ros_msgs/environment/ament_prefix_path.sh
[13.113s] -- Up-to-date symlink: /root/catkin_ws/install/micro_ros_msgs/share/micro_ros_msgs/environment/ament_prefix_path.dsv
[13.113s] -- Up-to-date symlink: /root/catkin_ws/install/micro_ros_msgs/share/micro_ros_msgs/environment/path.sh
[13.114s] -- Up-to-date symlink: /root/catkin_ws/install/micro_ros_msgs/share/micro_ros_msgs/environment/path.dsv
[13.123s] -- Up-to-date symlink: /root/catkin_ws/install/micro_ros_msgs/share/micro_ros_msgs/local_setup.bash
[13.123s] -- Up-to-date symlink: /root/catkin_ws/install/micro_ros_msgs/share/micro_ros_msgs/local_setup.sh
[13.124s] -- Up-to-date symlink: /root/catkin_ws/install/micro_ros_msgs/share/micro_ros_msgs/local_setup.zsh
[13.124s] -- Up-to-date symlink: /root/catkin_ws/install/micro_ros_msgs/share/micro_ros_msgs/local_setup.dsv
[13.124s] -- Symlinking: /root/catkin_ws/install/micro_ros_msgs/share/micro_ros_msgs/package.dsv
[13.155s] -- Up-to-date symlink: /root/catkin_ws/install/micro_ros_msgs/share/ament_index/resource_index/packages/micro_ros_msgs
[13.156s] -- Up-to-date symlink: /root/catkin_ws/install/micro_ros_msgs/share/micro_ros_msgs/cmake/rosidl_cmake-extras.cmake
[13.156s] -- Up-to-date symlink: /root/catkin_ws/install/micro_ros_msgs/share/micro_ros_msgs/cmake/ament_cmake_export_dependencies-extras.cmake
[13.156s] -- Up-to-date symlink: /root/catkin_ws/install/micro_ros_msgs/share/micro_ros_msgs/cmake/ament_cmake_export_libraries-extras.cmake
[13.157s] -- Up-to-date symlink: /root/catkin_ws/install/micro_ros_msgs/share/micro_ros_msgs/cmake/ament_cmake_export_targets-extras.cmake
[13.158s] -- Up-to-date symlink: /root/catkin_ws/install/micro_ros_msgs/share/micro_ros_msgs/cmake/ament_cmake_export_include_directories-extras.cmake
[13.158s] -- Up-to-date symlink: /root/catkin_ws/install/micro_ros_msgs/share/micro_ros_msgs/cmake/rosidl_cmake_export_typesupport_libraries-extras.cmake
[13.159s] -- Up-to-date symlink: /root/catkin_ws/install/micro_ros_msgs/share/micro_ros_msgs/cmake/rosidl_cmake_export_typesupport_targets-extras.cmake
[13.159s] -- Up-to-date symlink: /root/catkin_ws/install/micro_ros_msgs/share/micro_ros_msgs/cmake/micro_ros_msgsConfig.cmake
[13.159s] -- Up-to-date symlink: /root/catkin_ws/install/micro_ros_msgs/share/micro_ros_msgs/cmake/micro_ros_msgsConfig-version.cmake
[13.170s] -- Up-to-date symlink: /root/catkin_ws/install/micro_ros_msgs/share/micro_ros_msgs/package.xml
[13.170s] -- Up-to-date: /root/catkin_ws/install/micro_ros_msgs/lib/libmicro_ros_msgs__rosidl_generator_c.so
[13.171s] -- Up-to-date: /root/catkin_ws/install/micro_ros_msgs/lib/libmicro_ros_msgs__rosidl_typesupport_introspection_c.so
[13.171s] -- Installing: /root/catkin_ws/install/micro_ros_msgs/lib/libmicro_ros_msgs__rosidl_typesupport_c.so
[13.172s] -- Set runtime path of "/root/catkin_ws/install/micro_ros_msgs/lib/libmicro_ros_msgs__rosidl_typesupport_c.so" to ""
[13.172s] -- Up-to-date: /root/catkin_ws/install/micro_ros_msgs/lib/libmicro_ros_msgs__rosidl_typesupport_introspection_cpp.so
[13.172s] -- Installing: /root/catkin_ws/install/micro_ros_msgs/lib/libmicro_ros_msgs__rosidl_typesupport_cpp.so
[13.172s] -- Set runtime path of "/root/catkin_ws/install/micro_ros_msgs/lib/libmicro_ros_msgs__rosidl_typesupport_cpp.so" to ""
[13.421s] Compiling '/root/catkin_ws/install/micro_ros_msgs/lib/python3.8/site-packages/micro_ros_msgs/__init__.py'...
[13.429s] -- Up-to-date: /root/catkin_ws/install/micro_ros_msgs/share/micro_ros_msgs/cmake/micro_ros_msgs__rosidl_generator_cExport.cmake
[13.430s] -- Installing: /root/catkin_ws/install/micro_ros_msgs/share/micro_ros_msgs/cmake/micro_ros_msgs__rosidl_generator_cExport-noconfig.cmake
[13.430s] -- Up-to-date: /root/catkin_ws/install/micro_ros_msgs/share/micro_ros_msgs/cmake/micro_ros_msgs__rosidl_typesupport_introspection_cExport.cmake
[13.431s] -- Installing: /root/catkin_ws/install/micro_ros_msgs/share/micro_ros_msgs/cmake/micro_ros_msgs__rosidl_typesupport_introspection_cExport-noconfig.cmake
[13.432s] -- Up-to-date: /root/catkin_ws/install/micro_ros_msgs/share/micro_ros_msgs/cmake/micro_ros_msgs__rosidl_typesupport_cExport.cmake
[13.432s] -- Installing: /root/catkin_ws/install/micro_ros_msgs/share/micro_ros_msgs/cmake/micro_ros_msgs__rosidl_typesupport_cExport-noconfig.cmake
[13.433s] -- Up-to-date: /root/catkin_ws/install/micro_ros_msgs/share/micro_ros_msgs/cmake/micro_ros_msgs__rosidl_generator_cppExport.cmake
[13.433s] -- Up-to-date: /root/catkin_ws/install/micro_ros_msgs/share/micro_ros_msgs/cmake/micro_ros_msgs__rosidl_typesupport_introspection_cppExport.cmake
[13.434s] -- Installing: /root/catkin_ws/install/micro_ros_msgs/share/micro_ros_msgs/cmake/micro_ros_msgs__rosidl_typesupport_introspection_cppExport-noconfig.cmake
[13.435s] -- Up-to-date: /root/catkin_ws/install/micro_ros_msgs/share/micro_ros_msgs/cmake/micro_ros_msgs__rosidl_typesupport_cppExport.cmake
[13.435s] -- Installing: /root/catkin_ws/install/micro_ros_msgs/share/micro_ros_msgs/cmake/micro_ros_msgs__rosidl_typesupport_cppExport-noconfig.cmake
[13.445s] Invoked command in '/root/catkin_ws/build/micro_ros_msgs' returned '0': CMAKE_PREFIX_PATH=${CMAKE_PREFIX_PATH}:/root/catkin_ws/install/topic_service_action_rclpy_example:/root/catkin_ws/install/time_rclpy_example:/root/catkin_ws/install/tf2_rclpy_example:/root/catkin_ws/install/ros2env:/root/catkin_ws/install/omo_r1mini_teleop:/root/catkin_ws/install/omo_r1mini_bringup:/root/catkin_ws/install/my_first_ros_rclpy_pkg:/root/catkin_ws/install/logging_rclpy_example:/root/catkin_ws/install/iahrs_driver:/root/install/topic_service_action_rclpy_example:/root/install/time_rclpy_example:/root/install/tf2_rclpy_example:/root/install/ros2env:/root/install/omo_r1mini_teleop:/root/install/omo_r1mini_bringup:/root/install/my_first_ros_rclpy_pkg:/root/install/logging_rclpy_example:/opt/ros/foxy /usr/bin/cmake --install /root/catkin_ws/build/micro_ros_msgs
