[  2%] Built target unique_identifier_msgs__cpp
[ 10%] Built target unique_identifier_msgs__rosidl_generator_c
[ 17%] Built target unique_identifier_msgs__rosidl_typesupport_introspection_cpp
[ 25%] Built target unique_identifier_msgs__rosidl_typesupport_cpp
[ 33%] Built target unique_identifier_msgs__rosidl_typesupport_fastrtps_cpp
[ 41%] Built target unique_identifier_msgs__rosidl_typesupport_microxrcedds_cpp
[ 48%] Built target unique_identifier_msgs__rosidl_typesupport_introspection_c
[ 56%] Built target unique_identifier_msgs__rosidl_typesupport_microxrcedds_c
[ 64%] Built target unique_identifier_msgs__rosidl_typesupport_c
[ 71%] Built target unique_identifier_msgs__rosidl_typesupport_fastrtps_c
[ 71%] Built target unique_identifier_msgs
[ 74%] Built target unique_identifier_msgs__py
[ 79%] Built target unique_identifier_msgs__python
[ 84%] Built target unique_identifier_msgs__rosidl_typesupport_introspection_c__pyext
[ 89%] Built target unique_identifier_msgs__rosidl_typesupport_c__pyext
[ 94%] Built target unique_identifier_msgs__rosidl_typesupport_fastrtps_c__pyext
[100%] Built target unique_identifier_msgs__rosidl_typesupport_microxrcedds_c__pyext
-- Install configuration: ""
-- Execute custom install script
-- Symlinking: /root/catkin_ws/install/unique_identifier_msgs/share/ament_index/resource_index/rosidl_interfaces/unique_identifier_msgs
-- Symlinking: /root/catkin_ws/install/unique_identifier_msgs/include/unique_identifier_msgs/msg/detail/uuid__functions.h
-- Symlinking: /root/catkin_ws/install/unique_identifier_msgs/include/unique_identifier_msgs/msg/detail/uuid__struct.h
-- Symlinking: /root/catkin_ws/install/unique_identifier_msgs/include/unique_identifier_msgs/msg/detail/uuid__type_support.h
-- Symlinking: /root/catkin_ws/install/unique_identifier_msgs/include/unique_identifier_msgs/msg/rosidl_generator_c__visibility_control.h
-- Symlinking: /root/catkin_ws/install/unique_identifier_msgs/include/unique_identifier_msgs/msg/uuid.h
-- Symlinking: /root/catkin_ws/install/unique_identifier_msgs/share/unique_identifier_msgs/environment/library_path.sh
-- Symlinking: /root/catkin_ws/install/unique_identifier_msgs/share/unique_identifier_msgs/environment/library_path.dsv
-- Symlinking: /root/catkin_ws/install/unique_identifier_msgs/include/unique_identifier_msgs/msg/detail/uuid__rosidl_typesupport_microxrcedds_c.h
-- Symlinking: /root/catkin_ws/install/unique_identifier_msgs/include/unique_identifier_msgs/msg/rosidl_typesupport_microxrcedds_c__visibility_control.h
-- Symlinking: /root/catkin_ws/install/unique_identifier_msgs/lib/libunique_identifier_msgs__rosidl_typesupport_microxrcedds_c.so
-- Symlinking: /root/catkin_ws/install/unique_identifier_msgs/include/unique_identifier_msgs/msg/detail/uuid__rosidl_typesupport_fastrtps_c.h
-- Symlinking: /root/catkin_ws/install/unique_identifier_msgs/include/unique_identifier_msgs/msg/rosidl_typesupport_fastrtps_c__visibility_control.h
-- Symlinking: /root/catkin_ws/install/unique_identifier_msgs/lib/libunique_identifier_msgs__rosidl_typesupport_fastrtps_c.so
-- Symlinking: /root/catkin_ws/install/unique_identifier_msgs/include/unique_identifier_msgs/msg/detail/uuid__rosidl_typesupport_fastrtps_cpp.hpp
-- Symlinking: /root/catkin_ws/install/unique_identifier_msgs/include/unique_identifier_msgs/msg/rosidl_typesupport_fastrtps_cpp__visibility_control.h
-- Symlinking: /root/catkin_ws/install/unique_identifier_msgs/lib/libunique_identifier_msgs__rosidl_typesupport_fastrtps_cpp.so
-- Symlinking: /root/catkin_ws/install/unique_identifier_msgs/include/unique_identifier_msgs/msg/detail/uuid__rosidl_typesupport_introspection_c.h
-- Symlinking: /root/catkin_ws/install/unique_identifier_msgs/include/unique_identifier_msgs/msg/rosidl_typesupport_introspection_c__visibility_control.h
-- Symlinking: /root/catkin_ws/install/unique_identifier_msgs/include/unique_identifier_msgs/msg/detail/uuid__builder.hpp
-- Symlinking: /root/catkin_ws/install/unique_identifier_msgs/include/unique_identifier_msgs/msg/detail/uuid__struct.hpp
-- Symlinking: /root/catkin_ws/install/unique_identifier_msgs/include/unique_identifier_msgs/msg/detail/uuid__traits.hpp
-- Symlinking: /root/catkin_ws/install/unique_identifier_msgs/include/unique_identifier_msgs/msg/uuid.hpp
-- Symlinking: /root/catkin_ws/install/unique_identifier_msgs/include/unique_identifier_msgs/msg/detail/microxrcedds/uuid__type_support_cpp.cpp
-- Symlinking: /root/catkin_ws/install/unique_identifier_msgs/include/unique_identifier_msgs/msg/detail/uuid__rosidl_typesupport_microxrcedds_cpp.hpp
-- Symlinking: /root/catkin_ws/install/unique_identifier_msgs/include/unique_identifier_msgs/msg/rosidl_typesupport_microxrcedds_cpp__visibility_control.h
-- Symlinking: /root/catkin_ws/install/unique_identifier_msgs/lib/libunique_identifier_msgs__rosidl_typesupport_microxrcedds_cpp.so
-- Symlinking: /root/catkin_ws/install/unique_identifier_msgs/include/unique_identifier_msgs/msg/detail/uuid__rosidl_typesupport_introspection_cpp.hpp
-- Symlinking: /root/catkin_ws/install/unique_identifier_msgs/share/unique_identifier_msgs/environment/pythonpath.sh
-- Symlinking: /root/catkin_ws/install/unique_identifier_msgs/share/unique_identifier_msgs/environment/pythonpath.dsv
-- Symlinking: /root/catkin_ws/install/unique_identifier_msgs/lib/python3.8/site-packages/unique_identifier_msgs/__init__.py
-- Symlinking: /root/catkin_ws/install/unique_identifier_msgs/lib/python3.8/site-packages/unique_identifier_msgs/msg/__init__.py
-- Symlinking: /root/catkin_ws/install/unique_identifier_msgs/lib/python3.8/site-packages/unique_identifier_msgs/msg/_uuid.py
-- Symlinking: /root/catkin_ws/install/unique_identifier_msgs/lib/python3.8/site-packages/unique_identifier_msgs/unique_identifier_msgs_s__rosidl_typesupport_microxrcedds_c.cpython-38-x86_64-linux-gnu.so
-- Symlinking: /root/catkin_ws/install/unique_identifier_msgs/lib/python3.8/site-packages/unique_identifier_msgs/unique_identifier_msgs_s__rosidl_typesupport_fastrtps_c.cpython-38-x86_64-linux-gnu.so
-- Symlinking: /root/catkin_ws/install/unique_identifier_msgs/lib/python3.8/site-packages/unique_identifier_msgs/unique_identifier_msgs_s__rosidl_typesupport_introspection_c.cpython-38-x86_64-linux-gnu.so
-- Symlinking: /root/catkin_ws/install/unique_identifier_msgs/lib/python3.8/site-packages/unique_identifier_msgs/unique_identifier_msgs_s__rosidl_typesupport_c.cpython-38-x86_64-linux-gnu.so
-- Symlinking: /root/catkin_ws/install/unique_identifier_msgs/lib/libunique_identifier_msgs__python.so
-- Symlinking: /root/catkin_ws/install/unique_identifier_msgs/share/unique_identifier_msgs/msg/UUID.idl
-- Symlinking: /root/catkin_ws/install/unique_identifier_msgs/share/unique_identifier_msgs/msg/UUID.msg
-- Symlinking: /root/catkin_ws/install/unique_identifier_msgs/share/ament_index/resource_index/package_run_dependencies/unique_identifier_msgs
-- Symlinking: /root/catkin_ws/install/unique_identifier_msgs/share/ament_index/resource_index/parent_prefix_path/unique_identifier_msgs
-- Symlinking: /root/catkin_ws/install/unique_identifier_msgs/share/unique_identifier_msgs/environment/ament_prefix_path.sh
-- Symlinking: /root/catkin_ws/install/unique_identifier_msgs/share/unique_identifier_msgs/environment/ament_prefix_path.dsv
-- Symlinking: /root/catkin_ws/install/unique_identifier_msgs/share/unique_identifier_msgs/environment/path.sh
-- Symlinking: /root/catkin_ws/install/unique_identifier_msgs/share/unique_identifier_msgs/environment/path.dsv
-- Symlinking: /root/catkin_ws/install/unique_identifier_msgs/share/unique_identifier_msgs/local_setup.bash
-- Symlinking: /root/catkin_ws/install/unique_identifier_msgs/share/unique_identifier_msgs/local_setup.sh
-- Symlinking: /root/catkin_ws/install/unique_identifier_msgs/share/unique_identifier_msgs/local_setup.zsh
-- Symlinking: /root/catkin_ws/install/unique_identifier_msgs/share/unique_identifier_msgs/local_setup.dsv
-- Symlinking: /root/catkin_ws/install/unique_identifier_msgs/share/unique_identifier_msgs/package.dsv
-- Symlinking: /root/catkin_ws/install/unique_identifier_msgs/share/ament_index/resource_index/packages/unique_identifier_msgs
-- Symlinking: /root/catkin_ws/install/unique_identifier_msgs/share/unique_identifier_msgs/cmake/rosidl_cmake-extras.cmake
-- Symlinking: /root/catkin_ws/install/unique_identifier_msgs/share/unique_identifier_msgs/cmake/ament_cmake_export_dependencies-extras.cmake
-- Symlinking: /root/catkin_ws/install/unique_identifier_msgs/share/unique_identifier_msgs/cmake/ament_cmake_export_libraries-extras.cmake
-- Symlinking: /root/catkin_ws/install/unique_identifier_msgs/share/unique_identifier_msgs/cmake/ament_cmake_export_targets-extras.cmake
-- Symlinking: /root/catkin_ws/install/unique_identifier_msgs/share/unique_identifier_msgs/cmake/ament_cmake_export_include_directories-extras.cmake
-- Symlinking: /root/catkin_ws/install/unique_identifier_msgs/share/unique_identifier_msgs/cmake/rosidl_cmake_export_typesupport_libraries-extras.cmake
-- Symlinking: /root/catkin_ws/install/unique_identifier_msgs/share/unique_identifier_msgs/cmake/rosidl_cmake_export_typesupport_targets-extras.cmake
-- Symlinking: /root/catkin_ws/install/unique_identifier_msgs/share/unique_identifier_msgs/cmake/unique_identifier_msgsConfig.cmake
-- Symlinking: /root/catkin_ws/install/unique_identifier_msgs/share/unique_identifier_msgs/cmake/unique_identifier_msgsConfig-version.cmake
-- Symlinking: /root/catkin_ws/install/unique_identifier_msgs/share/unique_identifier_msgs/package.xml
-- Symlinking: /root/catkin_ws/install/unique_identifier_msgs/share/unique_identifier_msgs/mapping_rules.yaml
-- Up-to-date: /root/catkin_ws/install/unique_identifier_msgs/lib/libunique_identifier_msgs__rosidl_generator_c.so
-- Up-to-date: /root/catkin_ws/install/unique_identifier_msgs/lib/libunique_identifier_msgs__rosidl_typesupport_introspection_c.so
-- Up-to-date: /root/catkin_ws/install/unique_identifier_msgs/lib/libunique_identifier_msgs__rosidl_typesupport_c.so
-- Up-to-date: /root/catkin_ws/install/unique_identifier_msgs/lib/libunique_identifier_msgs__rosidl_typesupport_introspection_cpp.so
-- Up-to-date: /root/catkin_ws/install/unique_identifier_msgs/lib/libunique_identifier_msgs__rosidl_typesupport_cpp.so
Compiling '/root/catkin_ws/install/unique_identifier_msgs/lib/python3.8/site-packages/unique_identifier_msgs/__init__.py'...
-- Up-to-date: /root/catkin_ws/install/unique_identifier_msgs/share/unique_identifier_msgs/cmake/unique_identifier_msgs__rosidl_generator_cExport.cmake
-- Installing: /root/catkin_ws/install/unique_identifier_msgs/share/unique_identifier_msgs/cmake/unique_identifier_msgs__rosidl_generator_cExport-noconfig.cmake
-- Up-to-date: /root/catkin_ws/install/unique_identifier_msgs/share/unique_identifier_msgs/cmake/unique_identifier_msgs__rosidl_typesupport_introspection_cExport.cmake
-- Installing: /root/catkin_ws/install/unique_identifier_msgs/share/unique_identifier_msgs/cmake/unique_identifier_msgs__rosidl_typesupport_introspection_cExport-noconfig.cmake
-- Up-to-date: /root/catkin_ws/install/unique_identifier_msgs/share/unique_identifier_msgs/cmake/unique_identifier_msgs__rosidl_typesupport_cExport.cmake
-- Installing: /root/catkin_ws/install/unique_identifier_msgs/share/unique_identifier_msgs/cmake/unique_identifier_msgs__rosidl_typesupport_cExport-noconfig.cmake
-- Up-to-date: /root/catkin_ws/install/unique_identifier_msgs/share/unique_identifier_msgs/cmake/unique_identifier_msgs__rosidl_generator_cppExport.cmake
-- Up-to-date: /root/catkin_ws/install/unique_identifier_msgs/share/unique_identifier_msgs/cmake/unique_identifier_msgs__rosidl_typesupport_introspection_cppExport.cmake
-- Installing: /root/catkin_ws/install/unique_identifier_msgs/share/unique_identifier_msgs/cmake/unique_identifier_msgs__rosidl_typesupport_introspection_cppExport-noconfig.cmake
-- Up-to-date: /root/catkin_ws/install/unique_identifier_msgs/share/unique_identifier_msgs/cmake/unique_identifier_msgs__rosidl_typesupport_cppExport.cmake
-- Installing: /root/catkin_ws/install/unique_identifier_msgs/share/unique_identifier_msgs/cmake/unique_identifier_msgs__rosidl_typesupport_cppExport-noconfig.cmake
