running develop
Removing /root/catkin_ws/install/topic_service_action_rclpy_example/lib/python3.8/site-packages/topic-service-action-rclpy-example.egg-link (link to .)
running egg_info
writing ../../../build/topic_service_action_rclpy_example/topic_service_action_rclpy_example.egg-info/PKG-INFO
writing dependency_links to ../../../build/topic_service_action_rclpy_example/topic_service_action_rclpy_example.egg-info/dependency_links.txt
writing entry points to ../../../build/topic_service_action_rclpy_example/topic_service_action_rclpy_example.egg-info/entry_points.txt
writing requirements to ../../../build/topic_service_action_rclpy_example/topic_service_action_rclpy_example.egg-info/requires.txt
writing top-level names to ../../../build/topic_service_action_rclpy_example/topic_service_action_rclpy_example.egg-info/top_level.txt
reading manifest file '../../../build/topic_service_action_rclpy_example/topic_service_action_rclpy_example.egg-info/SOURCES.txt'
writing manifest file '../../../build/topic_service_action_rclpy_example/topic_service_action_rclpy_example.egg-info/SOURCES.txt'
running build
running build_py
creating /root/catkin_ws/build/topic_service_action_rclpy_example/build
creating /root/catkin_ws/build/topic_service_action_rclpy_example/build/lib
creating /root/catkin_ws/build/topic_service_action_rclpy_example/build/lib/topic_service_action_rclpy_example
copying topic_service_action_rclpy_example/__init__.py -> /root/catkin_ws/build/topic_service_action_rclpy_example/build/lib/topic_service_action_rclpy_example
creating /root/catkin_ws/build/topic_service_action_rclpy_example/build/lib/topic_service_action_rclpy_example/checker
copying topic_service_action_rclpy_example/checker/main.py -> /root/catkin_ws/build/topic_service_action_rclpy_example/build/lib/topic_service_action_rclpy_example/checker
copying topic_service_action_rclpy_example/checker/checker.py -> /root/catkin_ws/build/topic_service_action_rclpy_example/build/lib/topic_service_action_rclpy_example/checker
copying topic_service_action_rclpy_example/checker/__init__.py -> /root/catkin_ws/build/topic_service_action_rclpy_example/build/lib/topic_service_action_rclpy_example/checker
creating /root/catkin_ws/build/topic_service_action_rclpy_example/build/lib/topic_service_action_rclpy_example/calculator
copying topic_service_action_rclpy_example/calculator/main.py -> /root/catkin_ws/build/topic_service_action_rclpy_example/build/lib/topic_service_action_rclpy_example/calculator
copying topic_service_action_rclpy_example/calculator/calculator.py -> /root/catkin_ws/build/topic_service_action_rclpy_example/build/lib/topic_service_action_rclpy_example/calculator
copying topic_service_action_rclpy_example/calculator/__init__.py -> /root/catkin_ws/build/topic_service_action_rclpy_example/build/lib/topic_service_action_rclpy_example/calculator
creating /root/catkin_ws/build/topic_service_action_rclpy_example/build/lib/topic_service_action_rclpy_example/arithmetic
copying topic_service_action_rclpy_example/arithmetic/operator.py -> /root/catkin_ws/build/topic_service_action_rclpy_example/build/lib/topic_service_action_rclpy_example/arithmetic
copying topic_service_action_rclpy_example/arithmetic/argument.py -> /root/catkin_ws/build/topic_service_action_rclpy_example/build/lib/topic_service_action_rclpy_example/arithmetic
copying topic_service_action_rclpy_example/arithmetic/__init__.py -> /root/catkin_ws/build/topic_service_action_rclpy_example/build/lib/topic_service_action_rclpy_example/arithmetic
running install
running install_lib
creating /root/catkin_ws/install/topic_service_action_rclpy_example/lib/python3.8/site-packages/topic_service_action_rclpy_example
creating /root/catkin_ws/install/topic_service_action_rclpy_example/lib/python3.8/site-packages/topic_service_action_rclpy_example/checker
copying /root/catkin_ws/build/topic_service_action_rclpy_example/build/lib/topic_service_action_rclpy_example/checker/main.py -> /root/catkin_ws/install/topic_service_action_rclpy_example/lib/python3.8/site-packages/topic_service_action_rclpy_example/checker
copying /root/catkin_ws/build/topic_service_action_rclpy_example/build/lib/topic_service_action_rclpy_example/checker/checker.py -> /root/catkin_ws/install/topic_service_action_rclpy_example/lib/python3.8/site-packages/topic_service_action_rclpy_example/checker
copying /root/catkin_ws/build/topic_service_action_rclpy_example/build/lib/topic_service_action_rclpy_example/checker/__init__.py -> /root/catkin_ws/install/topic_service_action_rclpy_example/lib/python3.8/site-packages/topic_service_action_rclpy_example/checker
creating /root/catkin_ws/install/topic_service_action_rclpy_example/lib/python3.8/site-packages/topic_service_action_rclpy_example/calculator
copying /root/catkin_ws/build/topic_service_action_rclpy_example/build/lib/topic_service_action_rclpy_example/calculator/main.py -> /root/catkin_ws/install/topic_service_action_rclpy_example/lib/python3.8/site-packages/topic_service_action_rclpy_example/calculator
copying /root/catkin_ws/build/topic_service_action_rclpy_example/build/lib/topic_service_action_rclpy_example/calculator/calculator.py -> /root/catkin_ws/install/topic_service_action_rclpy_example/lib/python3.8/site-packages/topic_service_action_rclpy_example/calculator
copying /root/catkin_ws/build/topic_service_action_rclpy_example/build/lib/topic_service_action_rclpy_example/calculator/__init__.py -> /root/catkin_ws/install/topic_service_action_rclpy_example/lib/python3.8/site-packages/topic_service_action_rclpy_example/calculator
creating /root/catkin_ws/install/topic_service_action_rclpy_example/lib/python3.8/site-packages/topic_service_action_rclpy_example/arithmetic
copying /root/catkin_ws/build/topic_service_action_rclpy_example/build/lib/topic_service_action_rclpy_example/arithmetic/operator.py -> /root/catkin_ws/install/topic_service_action_rclpy_example/lib/python3.8/site-packages/topic_service_action_rclpy_example/arithmetic
copying /root/catkin_ws/build/topic_service_action_rclpy_example/build/lib/topic_service_action_rclpy_example/arithmetic/argument.py -> /root/catkin_ws/install/topic_service_action_rclpy_example/lib/python3.8/site-packages/topic_service_action_rclpy_example/arithmetic
copying /root/catkin_ws/build/topic_service_action_rclpy_example/build/lib/topic_service_action_rclpy_example/arithmetic/__init__.py -> /root/catkin_ws/install/topic_service_action_rclpy_example/lib/python3.8/site-packages/topic_service_action_rclpy_example/arithmetic
copying /root/catkin_ws/build/topic_service_action_rclpy_example/build/lib/topic_service_action_rclpy_example/__init__.py -> /root/catkin_ws/install/topic_service_action_rclpy_example/lib/python3.8/site-packages/topic_service_action_rclpy_example
byte-compiling /root/catkin_ws/install/topic_service_action_rclpy_example/lib/python3.8/site-packages/topic_service_action_rclpy_example/checker/main.py to main.cpython-38.pyc
byte-compiling /root/catkin_ws/install/topic_service_action_rclpy_example/lib/python3.8/site-packages/topic_service_action_rclpy_example/checker/checker.py to checker.cpython-38.pyc
byte-compiling /root/catkin_ws/install/topic_service_action_rclpy_example/lib/python3.8/site-packages/topic_service_action_rclpy_example/checker/__init__.py to __init__.cpython-38.pyc
byte-compiling /root/catkin_ws/install/topic_service_action_rclpy_example/lib/python3.8/site-packages/topic_service_action_rclpy_example/calculator/main.py to main.cpython-38.pyc
byte-compiling /root/catkin_ws/install/topic_service_action_rclpy_example/lib/python3.8/site-packages/topic_service_action_rclpy_example/calculator/calculator.py to calculator.cpython-38.pyc
byte-compiling /root/catkin_ws/install/topic_service_action_rclpy_example/lib/python3.8/site-packages/topic_service_action_rclpy_example/calculator/__init__.py to __init__.cpython-38.pyc
byte-compiling /root/catkin_ws/install/topic_service_action_rclpy_example/lib/python3.8/site-packages/topic_service_action_rclpy_example/arithmetic/operator.py to operator.cpython-38.pyc
byte-compiling /root/catkin_ws/install/topic_service_action_rclpy_example/lib/python3.8/site-packages/topic_service_action_rclpy_example/arithmetic/argument.py to argument.cpython-38.pyc
byte-compiling /root/catkin_ws/install/topic_service_action_rclpy_example/lib/python3.8/site-packages/topic_service_action_rclpy_example/arithmetic/__init__.py to __init__.cpython-38.pyc
byte-compiling /root/catkin_ws/install/topic_service_action_rclpy_example/lib/python3.8/site-packages/topic_service_action_rclpy_example/__init__.py to __init__.cpython-38.pyc
running install_data
running install_egg_info
Copying ../../../build/topic_service_action_rclpy_example/topic_service_action_rclpy_example.egg-info to /root/catkin_ws/install/topic_service_action_rclpy_example/lib/python3.8/site-packages/topic_service_action_rclpy_example-0.6.0-py3.8.egg-info
running install_scripts
Installing argument script to /root/catkin_ws/install/topic_service_action_rclpy_example/lib/topic_service_action_rclpy_example
Installing calculator script to /root/catkin_ws/install/topic_service_action_rclpy_example/lib/topic_service_action_rclpy_example
Installing checker script to /root/catkin_ws/install/topic_service_action_rclpy_example/lib/topic_service_action_rclpy_example
Installing operator script to /root/catkin_ws/install/topic_service_action_rclpy_example/lib/topic_service_action_rclpy_example
writing list of installed files to '/root/catkin_ws/build/topic_service_action_rclpy_example/install.log'
