[0.859s] Invoking command in '/root/catkin_ws/build/shape_msgs': AMENT_PREFIX_PATH=/root/catkin_ws/install/geometry_msgs:/root/catkin_ws/install/std_msgs:/root/catkin_ws/install/builtin_interfaces:${AMENT_PREFIX_PATH} CMAKE_PREFIX_PATH=/root/catkin_ws/install/geometry_msgs:/root/catkin_ws/install/std_msgs:/root/catkin_ws/install/builtin_interfaces:/root/catkin_ws/install/rosidl_typesupport_microxrcedds_cpp:/root/catkin_ws/install/rosidl_typesupport_microxrcedds_c:/root/catkin_ws/install/microcdr:/root/catkin_ws/install/ydlidar_sdk:/root/catkin_ws/install/ydlidar_ros2_driver:/root/catkin_ws/install/udp_driver:/root/catkin_ws/install/topic_service_action_rclcpp_example:/root/catkin_ws/install/time_rclcpp_example:/root/catkin_ws/install/tf2_rclcpp_example:/root/catkin_ws/install/testbot_description:/root/catkin_ws/install/serial_driver:/root/catkin_ws/install/rqt_example:/root/catkin_ws/install/omo_r1mini:/root/catkin_ws/install/omo_r1mini_navigation2:/root/catkin_ws/install/omo_r1mini_interfaces:/root/catkin_ws/install/omo_r1mini_gazebo:/root/catkin_ws/install/omo_r1mini_description:/root/catkin_ws/install/omo_r1mini_cartographer:/root/catkin_ws/install/my_first_ros_rclcpp_pkg:/root/catkin_ws/install/msg_srv_action_interface_example:/root/catkin_ws/install/micro_ros_setup:/root/catkin_ws/install/micro_ros_agent:/root/catkin_ws/install/micro_ros_msgs:/root/catkin_ws/install/io_context:/root/catkin_ws/install/iahrs_driver_interface:/root/catkin_ws/install/drive_base_msgs:/root/catkin_ws/install/asio_cmake_module:/root/install/ydlidar_sdk:/root/install/ydlidar_ros2_driver:/root/install/udp_driver:/root/install/topic_service_action_rclcpp_example:/root/install/time_rclcpp_example:/root/install/tf2_rclcpp_example:/root/install/testbot_description:/root/install/serial_driver:/root/install/rqt_example:/root/install/omo_r1mini:/root/install/omo_r1mini_navigation2:/root/install/omo_r1mini_interfaces:/root/install/omo_r1mini_gazebo:/root/install/omo_r1mini_description:/root/install/omo_r1mini_cartographer:/root/install/my_first_ros_rclcpp_pkg:/root/install/msg_srv_action_interface_example:/root/install/io_context:/root/install/asio_cmake_module:/root/catkin_ws/install/topic_service_action_rclpy_example:/root/catkin_ws/install/time_rclpy_example:/root/catkin_ws/install/tf2_rclpy_example:/root/catkin_ws/install/ros2env:/root/catkin_ws/install/omo_r1mini_teleop:/root/catkin_ws/install/omo_r1mini_bringup:/root/catkin_ws/install/my_first_ros_rclpy_pkg:/root/catkin_ws/install/logging_rclpy_example:/root/catkin_ws/install/iahrs_driver:/root/install/topic_service_action_rclpy_example:/root/install/time_rclpy_example:/root/install/tf2_rclpy_example:/root/install/ros2env:/root/install/omo_r1mini_teleop:/root/install/omo_r1mini_bringup:/root/install/my_first_ros_rclpy_pkg:/root/install/logging_rclpy_example:/opt/ros/foxy LD_LIBRARY_PATH=/root/catkin_ws/install/geometry_msgs/lib:/root/catkin_ws/install/std_msgs/lib:/root/catkin_ws/install/builtin_interfaces/lib:${LD_LIBRARY_PATH} PYTHONPATH=/root/catkin_ws/install/geometry_msgs/lib/python3.8/site-packages:/root/catkin_ws/install/std_msgs/lib/python3.8/site-packages:/root/catkin_ws/install/builtin_interfaces/lib/python3.8/site-packages:${PYTHONPATH} /usr/bin/cmake /root/catkin_ws/src/ros2/common_interfaces/shape_msgs -DBUILD_TESTING=OFF -DBUILD_SHARED_LIBS=ON -DCMAKE_INSTALL_PREFIX=/root/catkin_ws/install/shape_msgs
[0.998s] -- The C compiler identification is GNU 9.4.0
[1.110s] -- The CXX compiler identification is GNU 9.4.0
[1.123s] -- Check for working C compiler: /usr/bin/cc
[1.287s] -- Check for working C compiler: /usr/bin/cc -- works
[1.288s] -- Detecting C compiler ABI info
[1.441s] -- Detecting C compiler ABI info - done
[1.470s] -- Detecting C compile features
[1.470s] -- Detecting C compile features - done
[1.477s] -- Check for working CXX compiler: /usr/bin/c++
[1.664s] -- Check for working CXX compiler: /usr/bin/c++ -- works
[1.666s] -- Detecting CXX compiler ABI info
[1.856s] -- Detecting CXX compiler ABI info - done
[1.877s] -- Detecting CXX compile features
[1.878s] -- Detecting CXX compile features - done
[1.897s] -- Found ament_cmake: 0.9.11 (/opt/ros/foxy/share/ament_cmake/cmake)
[2.069s] -- Found PythonInterp: /usr/bin/python3 (found suitable version "3.8.10", minimum required is "3") 
[2.069s] -- Using PYTHON_EXECUTABLE: /usr/bin/python3
[2.674s] -- Found geometry_msgs: 2.0.5 (/root/catkin_ws/install/geometry_msgs/share/geometry_msgs/cmake)
[2.810s] -- Using all available rosidl_typesupport_c: rosidl_typesupport_microxrcedds_c;rosidl_typesupport_fastrtps_c;rosidl_typesupport_introspection_c
[2.852s] -- Found rosidl_adapter: 1.3.0 (/opt/ros/foxy/share/rosidl_adapter/cmake)
[3.131s] -- Found OpenSSL: /usr/lib/x86_64-linux-gnu/libcrypto.so (found version "1.1.1f")  
[3.228s] -- Found FastRTPS: /opt/ros/foxy/include  
[3.446s] -- Using all available rosidl_typesupport_cpp: rosidl_typesupport_microxrcedds_cpp;rosidl_typesupport_fastrtps_cpp;rosidl_typesupport_introspection_cpp
[3.628s] -- Found rosidl_default_generators: 1.0.1 (/opt/ros/foxy/share/rosidl_default_generators/cmake)
[3.866s] -- Found PythonInterp: /usr/bin/python3 (found version "3.8.10") 
[4.502s] -- Found ament_cmake_ros: 0.9.2 (/opt/ros/foxy/share/ament_cmake_ros/cmake)
[5.352s] -- Using all available rosidl_typesupport_c: rosidl_typesupport_microxrcedds_c;rosidl_typesupport_fastrtps_c;rosidl_typesupport_introspection_c
[5.642s] -- Using all available rosidl_typesupport_cpp: rosidl_typesupport_microxrcedds_cpp;rosidl_typesupport_fastrtps_cpp;rosidl_typesupport_introspection_cpp
[5.785s] -- Found PythonInterp: /usr/bin/python3 (found suitable version "3.8.10", minimum required is "3.5") 
[5.801s] -- Found python_cmake_module: 0.8.1 (/opt/ros/foxy/share/python_cmake_module/cmake)
[6.092s] -- Found PythonLibs: /usr/lib/x86_64-linux-gnu/libpython3.8.so (found suitable version "3.8.10", minimum required is "3.5") 
[6.093s] -- Using PYTHON_EXECUTABLE: /usr/bin/python3
[6.093s] -- Using PYTHON_INCLUDE_DIRS: /usr/include/python3.8
[6.093s] -- Using PYTHON_LIBRARIES: /usr/lib/x86_64-linux-gnu/libpython3.8.so
[6.263s] -- Found PythonExtra: .so  
[6.725s] -- Configuring done
[7.067s] -- Generating done
[7.105s] -- Build files have been written to: /root/catkin_ws/build/shape_msgs
[7.159s] Invoked command in '/root/catkin_ws/build/shape_msgs' returned '0': AMENT_PREFIX_PATH=/root/catkin_ws/install/geometry_msgs:/root/catkin_ws/install/std_msgs:/root/catkin_ws/install/builtin_interfaces:${AMENT_PREFIX_PATH} CMAKE_PREFIX_PATH=/root/catkin_ws/install/geometry_msgs:/root/catkin_ws/install/std_msgs:/root/catkin_ws/install/builtin_interfaces:/root/catkin_ws/install/rosidl_typesupport_microxrcedds_cpp:/root/catkin_ws/install/rosidl_typesupport_microxrcedds_c:/root/catkin_ws/install/microcdr:/root/catkin_ws/install/ydlidar_sdk:/root/catkin_ws/install/ydlidar_ros2_driver:/root/catkin_ws/install/udp_driver:/root/catkin_ws/install/topic_service_action_rclcpp_example:/root/catkin_ws/install/time_rclcpp_example:/root/catkin_ws/install/tf2_rclcpp_example:/root/catkin_ws/install/testbot_description:/root/catkin_ws/install/serial_driver:/root/catkin_ws/install/rqt_example:/root/catkin_ws/install/omo_r1mini:/root/catkin_ws/install/omo_r1mini_navigation2:/root/catkin_ws/install/omo_r1mini_interfaces:/root/catkin_ws/install/omo_r1mini_gazebo:/root/catkin_ws/install/omo_r1mini_description:/root/catkin_ws/install/omo_r1mini_cartographer:/root/catkin_ws/install/my_first_ros_rclcpp_pkg:/root/catkin_ws/install/msg_srv_action_interface_example:/root/catkin_ws/install/micro_ros_setup:/root/catkin_ws/install/micro_ros_agent:/root/catkin_ws/install/micro_ros_msgs:/root/catkin_ws/install/io_context:/root/catkin_ws/install/iahrs_driver_interface:/root/catkin_ws/install/drive_base_msgs:/root/catkin_ws/install/asio_cmake_module:/root/install/ydlidar_sdk:/root/install/ydlidar_ros2_driver:/root/install/udp_driver:/root/install/topic_service_action_rclcpp_example:/root/install/time_rclcpp_example:/root/install/tf2_rclcpp_example:/root/install/testbot_description:/root/install/serial_driver:/root/install/rqt_example:/root/install/omo_r1mini:/root/install/omo_r1mini_navigation2:/root/install/omo_r1mini_interfaces:/root/install/omo_r1mini_gazebo:/root/install/omo_r1mini_description:/root/install/omo_r1mini_cartographer:/root/install/my_first_ros_rclcpp_pkg:/root/install/msg_srv_action_interface_example:/root/install/io_context:/root/install/asio_cmake_module:/root/catkin_ws/install/topic_service_action_rclpy_example:/root/catkin_ws/install/time_rclpy_example:/root/catkin_ws/install/tf2_rclpy_example:/root/catkin_ws/install/ros2env:/root/catkin_ws/install/omo_r1mini_teleop:/root/catkin_ws/install/omo_r1mini_bringup:/root/catkin_ws/install/my_first_ros_rclpy_pkg:/root/catkin_ws/install/logging_rclpy_example:/root/catkin_ws/install/iahrs_driver:/root/install/topic_service_action_rclpy_example:/root/install/time_rclpy_example:/root/install/tf2_rclpy_example:/root/install/ros2env:/root/install/omo_r1mini_teleop:/root/install/omo_r1mini_bringup:/root/install/my_first_ros_rclpy_pkg:/root/install/logging_rclpy_example:/opt/ros/foxy LD_LIBRARY_PATH=/root/catkin_ws/install/geometry_msgs/lib:/root/catkin_ws/install/std_msgs/lib:/root/catkin_ws/install/builtin_interfaces/lib:${LD_LIBRARY_PATH} PYTHONPATH=/root/catkin_ws/install/geometry_msgs/lib/python3.8/site-packages:/root/catkin_ws/install/std_msgs/lib/python3.8/site-packages:/root/catkin_ws/install/builtin_interfaces/lib/python3.8/site-packages:${PYTHONPATH} /usr/bin/cmake /root/catkin_ws/src/ros2/common_interfaces/shape_msgs -DBUILD_TESTING=OFF -DBUILD_SHARED_LIBS=ON -DCMAKE_INSTALL_PREFIX=/root/catkin_ws/install/shape_msgs
[7.161s] Invoking command in '/root/catkin_ws/build/shape_msgs': AMENT_PREFIX_PATH=/root/catkin_ws/install/geometry_msgs:/root/catkin_ws/install/std_msgs:/root/catkin_ws/install/builtin_interfaces:${AMENT_PREFIX_PATH} CMAKE_PREFIX_PATH=/root/catkin_ws/install/geometry_msgs:/root/catkin_ws/install/std_msgs:/root/catkin_ws/install/builtin_interfaces:/root/catkin_ws/install/rosidl_typesupport_microxrcedds_cpp:/root/catkin_ws/install/rosidl_typesupport_microxrcedds_c:/root/catkin_ws/install/microcdr:/root/catkin_ws/install/ydlidar_sdk:/root/catkin_ws/install/ydlidar_ros2_driver:/root/catkin_ws/install/udp_driver:/root/catkin_ws/install/topic_service_action_rclcpp_example:/root/catkin_ws/install/time_rclcpp_example:/root/catkin_ws/install/tf2_rclcpp_example:/root/catkin_ws/install/testbot_description:/root/catkin_ws/install/serial_driver:/root/catkin_ws/install/rqt_example:/root/catkin_ws/install/omo_r1mini:/root/catkin_ws/install/omo_r1mini_navigation2:/root/catkin_ws/install/omo_r1mini_interfaces:/root/catkin_ws/install/omo_r1mini_gazebo:/root/catkin_ws/install/omo_r1mini_description:/root/catkin_ws/install/omo_r1mini_cartographer:/root/catkin_ws/install/my_first_ros_rclcpp_pkg:/root/catkin_ws/install/msg_srv_action_interface_example:/root/catkin_ws/install/micro_ros_setup:/root/catkin_ws/install/micro_ros_agent:/root/catkin_ws/install/micro_ros_msgs:/root/catkin_ws/install/io_context:/root/catkin_ws/install/iahrs_driver_interface:/root/catkin_ws/install/drive_base_msgs:/root/catkin_ws/install/asio_cmake_module:/root/install/ydlidar_sdk:/root/install/ydlidar_ros2_driver:/root/install/udp_driver:/root/install/topic_service_action_rclcpp_example:/root/install/time_rclcpp_example:/root/install/tf2_rclcpp_example:/root/install/testbot_description:/root/install/serial_driver:/root/install/rqt_example:/root/install/omo_r1mini:/root/install/omo_r1mini_navigation2:/root/install/omo_r1mini_interfaces:/root/install/omo_r1mini_gazebo:/root/install/omo_r1mini_description:/root/install/omo_r1mini_cartographer:/root/install/my_first_ros_rclcpp_pkg:/root/install/msg_srv_action_interface_example:/root/install/io_context:/root/install/asio_cmake_module:/root/catkin_ws/install/topic_service_action_rclpy_example:/root/catkin_ws/install/time_rclpy_example:/root/catkin_ws/install/tf2_rclpy_example:/root/catkin_ws/install/ros2env:/root/catkin_ws/install/omo_r1mini_teleop:/root/catkin_ws/install/omo_r1mini_bringup:/root/catkin_ws/install/my_first_ros_rclpy_pkg:/root/catkin_ws/install/logging_rclpy_example:/root/catkin_ws/install/iahrs_driver:/root/install/topic_service_action_rclpy_example:/root/install/time_rclpy_example:/root/install/tf2_rclpy_example:/root/install/ros2env:/root/install/omo_r1mini_teleop:/root/install/omo_r1mini_bringup:/root/install/my_first_ros_rclpy_pkg:/root/install/logging_rclpy_example:/opt/ros/foxy LD_LIBRARY_PATH=/root/catkin_ws/install/geometry_msgs/lib:/root/catkin_ws/install/std_msgs/lib:/root/catkin_ws/install/builtin_interfaces/lib:${LD_LIBRARY_PATH} PYTHONPATH=/root/catkin_ws/install/geometry_msgs/lib/python3.8/site-packages:/root/catkin_ws/install/std_msgs/lib/python3.8/site-packages:/root/catkin_ws/install/builtin_interfaces/lib/python3.8/site-packages:${PYTHONPATH} /usr/bin/cmake --build /root/catkin_ws/build/shape_msgs -- -j12 -l12
[7.348s] [35m[1mScanning dependencies of target shape_msgs__cpp[0m
[7.429s] [  1%] [34m[1mGenerating C++ code for ROS interfaces[0m
[9.139s] [  1%] Built target shape_msgs__cpp
[9.199s] [  2%] [34m[1mGenerating C code for ROS interfaces[0m
[11.329s] [35m[1mScanning dependencies of target shape_msgs__rosidl_generator_c[0m
[11.384s] [  4%] [32mBuilding C object CMakeFiles/shape_msgs__rosidl_generator_c.dir/rosidl_generator_c/shape_msgs/msg/detail/mesh__functions.c.o[0m
[11.519s] [  5%] [32mBuilding C object CMakeFiles/shape_msgs__rosidl_generator_c.dir/rosidl_generator_c/shape_msgs/msg/detail/solid_primitive__functions.c.o[0m
[11.667s] [  7%] [32mBuilding C object CMakeFiles/shape_msgs__rosidl_generator_c.dir/rosidl_generator_c/shape_msgs/msg/detail/plane__functions.c.o[0m
[11.814s] [  8%] [32mBuilding C object CMakeFiles/shape_msgs__rosidl_generator_c.dir/rosidl_generator_c/shape_msgs/msg/detail/mesh_triangle__functions.c.o[0m
[11.948s] [ 10%] [32m[1mLinking C shared library libshape_msgs__rosidl_generator_c.so[0m
[12.155s] [ 10%] Built target shape_msgs__rosidl_generator_c
[12.190s] [ 11%] [34m[1mGenerating C++ type support for eProsima Micro XRCE-DDS[0m
[13.202s] [35m[1mScanning dependencies of target shape_msgs__rosidl_typesupport_microxrcedds_cpp[0m
[13.228s] [ 13%] [32mBuilding CXX object CMakeFiles/shape_msgs__rosidl_typesupport_microxrcedds_cpp.dir/rosidl_typesupport_microxrcedds_cpp/shape_msgs/msg/detail/microxrcedds/mesh__type_support_cpp.cpp.o[0m
[13.746s] [ 14%] [32mBuilding CXX object CMakeFiles/shape_msgs__rosidl_typesupport_microxrcedds_cpp.dir/rosidl_typesupport_microxrcedds_cpp/shape_msgs/msg/detail/microxrcedds/solid_primitive__type_support_cpp.cpp.o[0m
[14.296s] [ 15%] [32mBuilding CXX object CMakeFiles/shape_msgs__rosidl_typesupport_microxrcedds_cpp.dir/rosidl_typesupport_microxrcedds_cpp/shape_msgs/msg/detail/microxrcedds/plane__type_support_cpp.cpp.o[0m
[14.766s] [ 17%] [32mBuilding CXX object CMakeFiles/shape_msgs__rosidl_typesupport_microxrcedds_cpp.dir/rosidl_typesupport_microxrcedds_cpp/shape_msgs/msg/detail/microxrcedds/mesh_triangle__type_support_cpp.cpp.o[0m
[15.226s] [ 18%] [32m[1mLinking CXX shared library libshape_msgs__rosidl_typesupport_microxrcedds_cpp.so[0m
[15.373s] [ 18%] Built target shape_msgs__rosidl_typesupport_microxrcedds_cpp
[15.396s] [ 20%] [34m[1mGenerating C introspection for ROS interfaces[0m
[16.353s] [35m[1mScanning dependencies of target shape_msgs__rosidl_typesupport_introspection_c[0m
[16.385s] [ 21%] [32mBuilding C object CMakeFiles/shape_msgs__rosidl_typesupport_introspection_c.dir/rosidl_typesupport_introspection_c/shape_msgs/msg/detail/mesh__type_support.c.o[0m
[16.450s] [ 23%] [32mBuilding C object CMakeFiles/shape_msgs__rosidl_typesupport_introspection_c.dir/rosidl_typesupport_introspection_c/shape_msgs/msg/detail/solid_primitive__type_support.c.o[0m
[16.508s] [ 24%] [32mBuilding C object CMakeFiles/shape_msgs__rosidl_typesupport_introspection_c.dir/rosidl_typesupport_introspection_c/shape_msgs/msg/detail/plane__type_support.c.o[0m
[16.556s] [ 26%] [32mBuilding C object CMakeFiles/shape_msgs__rosidl_typesupport_introspection_c.dir/rosidl_typesupport_introspection_c/shape_msgs/msg/detail/mesh_triangle__type_support.c.o[0m
[16.602s] [ 27%] [32m[1mLinking C shared library libshape_msgs__rosidl_typesupport_introspection_c.so[0m
[16.656s] [ 27%] Built target shape_msgs__rosidl_typesupport_introspection_c
[16.678s] [ 28%] [34m[1mGenerating C type support for eProsima Micro XRCE-DDS[0m
[17.627s] [35m[1mScanning dependencies of target shape_msgs__rosidl_typesupport_microxrcedds_c[0m
[17.654s] [ 30%] [32mBuilding C object CMakeFiles/shape_msgs__rosidl_typesupport_microxrcedds_c.dir/rosidl_typesupport_microxrcedds_c/shape_msgs/msg/detail/microxrcedds/mesh__type_support_c.c.o[0m
[17.729s] [ 31%] [32mBuilding C object CMakeFiles/shape_msgs__rosidl_typesupport_microxrcedds_c.dir/rosidl_typesupport_microxrcedds_c/shape_msgs/msg/detail/microxrcedds/solid_primitive__type_support_c.c.o[0m
[17.801s] [ 33%] [32mBuilding C object CMakeFiles/shape_msgs__rosidl_typesupport_microxrcedds_c.dir/rosidl_typesupport_microxrcedds_c/shape_msgs/msg/detail/microxrcedds/plane__type_support_c.c.o[0m
[17.854s] [ 34%] [32mBuilding C object CMakeFiles/shape_msgs__rosidl_typesupport_microxrcedds_c.dir/rosidl_typesupport_microxrcedds_c/shape_msgs/msg/detail/microxrcedds/mesh_triangle__type_support_c.c.o[0m
[17.921s] [ 36%] [32m[1mLinking C shared library libshape_msgs__rosidl_typesupport_microxrcedds_c.so[0m
[17.994s] [ 36%] Built target shape_msgs__rosidl_typesupport_microxrcedds_c
[18.016s] [ 37%] [34m[1mGenerating C type support dispatch for ROS interfaces[0m
[18.753s] [35m[1mScanning dependencies of target shape_msgs__rosidl_typesupport_c[0m
[18.796s] [ 39%] [32mBuilding CXX object CMakeFiles/shape_msgs__rosidl_typesupport_c.dir/rosidl_typesupport_c/shape_msgs/msg/mesh__type_support.cpp.o[0m
[18.851s] [ 40%] [32mBuilding CXX object CMakeFiles/shape_msgs__rosidl_typesupport_c.dir/rosidl_typesupport_c/shape_msgs/msg/solid_primitive__type_support.cpp.o[0m
[18.907s] [ 42%] [32mBuilding CXX object CMakeFiles/shape_msgs__rosidl_typesupport_c.dir/rosidl_typesupport_c/shape_msgs/msg/plane__type_support.cpp.o[0m
[18.959s] [ 43%] [32mBuilding CXX object CMakeFiles/shape_msgs__rosidl_typesupport_c.dir/rosidl_typesupport_c/shape_msgs/msg/mesh_triangle__type_support.cpp.o[0m
[18.997s] [ 44%] [32m[1mLinking CXX shared library libshape_msgs__rosidl_typesupport_c.so[0m
[19.064s] [ 44%] Built target shape_msgs__rosidl_typesupport_c
[19.084s] [ 46%] [34m[1mGenerating C++ type support for eProsima Fast-RTPS[0m
[19.927s] [35m[1mScanning dependencies of target shape_msgs__rosidl_typesupport_fastrtps_cpp[0m
[19.958s] [ 47%] [32mBuilding CXX object CMakeFiles/shape_msgs__rosidl_typesupport_fastrtps_cpp.dir/rosidl_typesupport_fastrtps_cpp/shape_msgs/msg/detail/dds_fastrtps/mesh__type_support.cpp.o[0m
[20.766s] [ 49%] [32mBuilding CXX object CMakeFiles/shape_msgs__rosidl_typesupport_fastrtps_cpp.dir/rosidl_typesupport_fastrtps_cpp/shape_msgs/msg/detail/dds_fastrtps/solid_primitive__type_support.cpp.o[0m
[21.365s] [ 50%] [32mBuilding CXX object CMakeFiles/shape_msgs__rosidl_typesupport_fastrtps_cpp.dir/rosidl_typesupport_fastrtps_cpp/shape_msgs/msg/detail/dds_fastrtps/plane__type_support.cpp.o[0m
[22.066s] [ 52%] [32mBuilding CXX object CMakeFiles/shape_msgs__rosidl_typesupport_fastrtps_cpp.dir/rosidl_typesupport_fastrtps_cpp/shape_msgs/msg/detail/dds_fastrtps/mesh_triangle__type_support.cpp.o[0m
[22.523s] [ 53%] [32m[1mLinking CXX shared library libshape_msgs__rosidl_typesupport_fastrtps_cpp.so[0m
[22.631s] [ 53%] Built target shape_msgs__rosidl_typesupport_fastrtps_cpp
[22.645s] [ 55%] [34m[1mGenerating C++ type support dispatch for ROS interfaces[0m
[23.346s] [35m[1mScanning dependencies of target shape_msgs__rosidl_typesupport_cpp[0m
[23.368s] [ 56%] [32mBuilding CXX object CMakeFiles/shape_msgs__rosidl_typesupport_cpp.dir/rosidl_typesupport_cpp/shape_msgs/msg/mesh__type_support.cpp.o[0m
[23.823s] [ 57%] [32mBuilding CXX object CMakeFiles/shape_msgs__rosidl_typesupport_cpp.dir/rosidl_typesupport_cpp/shape_msgs/msg/solid_primitive__type_support.cpp.o[0m
[24.271s] [ 59%] [32mBuilding CXX object CMakeFiles/shape_msgs__rosidl_typesupport_cpp.dir/rosidl_typesupport_cpp/shape_msgs/msg/plane__type_support.cpp.o[0m
[24.658s] [ 60%] [32mBuilding CXX object CMakeFiles/shape_msgs__rosidl_typesupport_cpp.dir/rosidl_typesupport_cpp/shape_msgs/msg/mesh_triangle__type_support.cpp.o[0m
[25.119s] [ 62%] [32m[1mLinking CXX shared library libshape_msgs__rosidl_typesupport_cpp.so[0m
[25.197s] [ 62%] Built target shape_msgs__rosidl_typesupport_cpp
[25.219s] [ 63%] [34m[1mGenerating C type support for eProsima Fast-RTPS[0m
[26.083s] [35m[1mScanning dependencies of target shape_msgs__rosidl_typesupport_fastrtps_c[0m
[26.113s] [ 65%] [32mBuilding CXX object CMakeFiles/shape_msgs__rosidl_typesupport_fastrtps_c.dir/rosidl_typesupport_fastrtps_c/shape_msgs/msg/detail/mesh__type_support_c.cpp.o[0m
[26.723s] [ 66%] [32mBuilding CXX object CMakeFiles/shape_msgs__rosidl_typesupport_fastrtps_c.dir/rosidl_typesupport_fastrtps_c/shape_msgs/msg/detail/solid_primitive__type_support_c.cpp.o[0m
[27.293s] [ 68%] [32mBuilding CXX object CMakeFiles/shape_msgs__rosidl_typesupport_fastrtps_c.dir/rosidl_typesupport_fastrtps_c/shape_msgs/msg/detail/plane__type_support_c.cpp.o[0m
[27.754s] [ 69%] [32mBuilding CXX object CMakeFiles/shape_msgs__rosidl_typesupport_fastrtps_c.dir/rosidl_typesupport_fastrtps_c/shape_msgs/msg/detail/mesh_triangle__type_support_c.cpp.o[0m
[28.342s] [ 71%] [32m[1mLinking CXX shared library libshape_msgs__rosidl_typesupport_fastrtps_c.so[0m
[28.522s] [ 71%] Built target shape_msgs__rosidl_typesupport_fastrtps_c
[28.539s] [ 72%] [34m[1mGenerating C++ introspection for ROS interfaces[0m
[29.289s] [35m[1mScanning dependencies of target shape_msgs__rosidl_typesupport_introspection_cpp[0m
[29.316s] [ 73%] [32mBuilding CXX object CMakeFiles/shape_msgs__rosidl_typesupport_introspection_cpp.dir/rosidl_typesupport_introspection_cpp/shape_msgs/msg/detail/mesh__type_support.cpp.o[0m
[29.941s] [ 75%] [32mBuilding CXX object CMakeFiles/shape_msgs__rosidl_typesupport_introspection_cpp.dir/rosidl_typesupport_introspection_cpp/shape_msgs/msg/detail/solid_primitive__type_support.cpp.o[0m
[30.483s] [ 76%] [32mBuilding CXX object CMakeFiles/shape_msgs__rosidl_typesupport_introspection_cpp.dir/rosidl_typesupport_introspection_cpp/shape_msgs/msg/detail/plane__type_support.cpp.o[0m
[30.958s] [ 78%] [32mBuilding CXX object CMakeFiles/shape_msgs__rosidl_typesupport_introspection_cpp.dir/rosidl_typesupport_introspection_cpp/shape_msgs/msg/detail/mesh_triangle__type_support.cpp.o[0m
[31.356s] [ 79%] [32m[1mLinking CXX shared library libshape_msgs__rosidl_typesupport_introspection_cpp.so[0m
[31.484s] [ 79%] Built target shape_msgs__rosidl_typesupport_introspection_cpp
[31.500s] [35m[1mScanning dependencies of target shape_msgs[0m
[31.514s] [ 79%] Built target shape_msgs
[31.529s] [35m[1mScanning dependencies of target shape_msgs__py[0m
[31.544s] [ 81%] [34m[1mGenerating Python code for ROS interfaces[0m
[32.956s] [ 81%] Built target shape_msgs__py
[32.975s] [35m[1mScanning dependencies of target shape_msgs__python[0m
[33.013s] [ 82%] [32mBuilding C object CMakeFiles/shape_msgs__python.dir/rosidl_generator_py/shape_msgs/msg/_mesh_s.c.o[0m
[33.144s] [ 84%] [32mBuilding C object CMakeFiles/shape_msgs__python.dir/rosidl_generator_py/shape_msgs/msg/_solid_primitive_s.c.o[0m
[33.299s] [ 85%] [32mBuilding C object CMakeFiles/shape_msgs__python.dir/rosidl_generator_py/shape_msgs/msg/_plane_s.c.o[0m
[33.480s] [ 86%] [32mBuilding C object CMakeFiles/shape_msgs__python.dir/rosidl_generator_py/shape_msgs/msg/_mesh_triangle_s.c.o[0m
[33.632s] [ 88%] [32m[1mLinking C shared library rosidl_generator_py/shape_msgs/libshape_msgs__python.so[0m
[33.693s] [ 88%] Built target shape_msgs__python
[33.714s] [35m[1mScanning dependencies of target shape_msgs__rosidl_typesupport_introspection_c__pyext[0m
[33.746s] [ 89%] [32mBuilding C object CMakeFiles/shape_msgs__rosidl_typesupport_introspection_c__pyext.dir/rosidl_generator_py/shape_msgs/_shape_msgs_s.ep.rosidl_typesupport_introspection_c.c.o[0m
[33.909s] [ 91%] [32m[1mLinking C shared library rosidl_generator_py/shape_msgs/shape_msgs_s__rosidl_typesupport_introspection_c.cpython-38-x86_64-linux-gnu.so[0m
[33.982s] [ 91%] Built target shape_msgs__rosidl_typesupport_introspection_c__pyext
[34.003s] [35m[1mScanning dependencies of target shape_msgs__rosidl_typesupport_c__pyext[0m
[34.039s] [ 92%] [32mBuilding C object CMakeFiles/shape_msgs__rosidl_typesupport_c__pyext.dir/rosidl_generator_py/shape_msgs/_shape_msgs_s.ep.rosidl_typesupport_c.c.o[0m
[34.197s] [ 94%] [32m[1mLinking C shared library rosidl_generator_py/shape_msgs/shape_msgs_s__rosidl_typesupport_c.cpython-38-x86_64-linux-gnu.so[0m
[34.270s] [ 94%] Built target shape_msgs__rosidl_typesupport_c__pyext
[34.291s] [35m[1mScanning dependencies of target shape_msgs__rosidl_typesupport_microxrcedds_c__pyext[0m
[34.328s] [ 95%] [32mBuilding C object CMakeFiles/shape_msgs__rosidl_typesupport_microxrcedds_c__pyext.dir/rosidl_generator_py/shape_msgs/_shape_msgs_s.ep.rosidl_typesupport_microxrcedds_c.c.o[0m
[34.511s] [ 97%] [32m[1mLinking C shared library rosidl_generator_py/shape_msgs/shape_msgs_s__rosidl_typesupport_microxrcedds_c.cpython-38-x86_64-linux-gnu.so[0m
[34.576s] [ 97%] Built target shape_msgs__rosidl_typesupport_microxrcedds_c__pyext
[34.598s] [35m[1mScanning dependencies of target shape_msgs__rosidl_typesupport_fastrtps_c__pyext[0m
[34.642s] [ 98%] [32mBuilding C object CMakeFiles/shape_msgs__rosidl_typesupport_fastrtps_c__pyext.dir/rosidl_generator_py/shape_msgs/_shape_msgs_s.ep.rosidl_typesupport_fastrtps_c.c.o[0m
[34.824s] [100%] [32m[1mLinking CXX shared library rosidl_generator_py/shape_msgs/shape_msgs_s__rosidl_typesupport_fastrtps_c.cpython-38-x86_64-linux-gnu.so[0m
[34.931s] [100%] Built target shape_msgs__rosidl_typesupport_fastrtps_c__pyext
[34.954s] Invoked command in '/root/catkin_ws/build/shape_msgs' returned '0': AMENT_PREFIX_PATH=/root/catkin_ws/install/geometry_msgs:/root/catkin_ws/install/std_msgs:/root/catkin_ws/install/builtin_interfaces:${AMENT_PREFIX_PATH} CMAKE_PREFIX_PATH=/root/catkin_ws/install/geometry_msgs:/root/catkin_ws/install/std_msgs:/root/catkin_ws/install/builtin_interfaces:/root/catkin_ws/install/rosidl_typesupport_microxrcedds_cpp:/root/catkin_ws/install/rosidl_typesupport_microxrcedds_c:/root/catkin_ws/install/microcdr:/root/catkin_ws/install/ydlidar_sdk:/root/catkin_ws/install/ydlidar_ros2_driver:/root/catkin_ws/install/udp_driver:/root/catkin_ws/install/topic_service_action_rclcpp_example:/root/catkin_ws/install/time_rclcpp_example:/root/catkin_ws/install/tf2_rclcpp_example:/root/catkin_ws/install/testbot_description:/root/catkin_ws/install/serial_driver:/root/catkin_ws/install/rqt_example:/root/catkin_ws/install/omo_r1mini:/root/catkin_ws/install/omo_r1mini_navigation2:/root/catkin_ws/install/omo_r1mini_interfaces:/root/catkin_ws/install/omo_r1mini_gazebo:/root/catkin_ws/install/omo_r1mini_description:/root/catkin_ws/install/omo_r1mini_cartographer:/root/catkin_ws/install/my_first_ros_rclcpp_pkg:/root/catkin_ws/install/msg_srv_action_interface_example:/root/catkin_ws/install/micro_ros_setup:/root/catkin_ws/install/micro_ros_agent:/root/catkin_ws/install/micro_ros_msgs:/root/catkin_ws/install/io_context:/root/catkin_ws/install/iahrs_driver_interface:/root/catkin_ws/install/drive_base_msgs:/root/catkin_ws/install/asio_cmake_module:/root/install/ydlidar_sdk:/root/install/ydlidar_ros2_driver:/root/install/udp_driver:/root/install/topic_service_action_rclcpp_example:/root/install/time_rclcpp_example:/root/install/tf2_rclcpp_example:/root/install/testbot_description:/root/install/serial_driver:/root/install/rqt_example:/root/install/omo_r1mini:/root/install/omo_r1mini_navigation2:/root/install/omo_r1mini_interfaces:/root/install/omo_r1mini_gazebo:/root/install/omo_r1mini_description:/root/install/omo_r1mini_cartographer:/root/install/my_first_ros_rclcpp_pkg:/root/install/msg_srv_action_interface_example:/root/install/io_context:/root/install/asio_cmake_module:/root/catkin_ws/install/topic_service_action_rclpy_example:/root/catkin_ws/install/time_rclpy_example:/root/catkin_ws/install/tf2_rclpy_example:/root/catkin_ws/install/ros2env:/root/catkin_ws/install/omo_r1mini_teleop:/root/catkin_ws/install/omo_r1mini_bringup:/root/catkin_ws/install/my_first_ros_rclpy_pkg:/root/catkin_ws/install/logging_rclpy_example:/root/catkin_ws/install/iahrs_driver:/root/install/topic_service_action_rclpy_example:/root/install/time_rclpy_example:/root/install/tf2_rclpy_example:/root/install/ros2env:/root/install/omo_r1mini_teleop:/root/install/omo_r1mini_bringup:/root/install/my_first_ros_rclpy_pkg:/root/install/logging_rclpy_example:/opt/ros/foxy LD_LIBRARY_PATH=/root/catkin_ws/install/geometry_msgs/lib:/root/catkin_ws/install/std_msgs/lib:/root/catkin_ws/install/builtin_interfaces/lib:${LD_LIBRARY_PATH} PYTHONPATH=/root/catkin_ws/install/geometry_msgs/lib/python3.8/site-packages:/root/catkin_ws/install/std_msgs/lib/python3.8/site-packages:/root/catkin_ws/install/builtin_interfaces/lib/python3.8/site-packages:${PYTHONPATH} /usr/bin/cmake --build /root/catkin_ws/build/shape_msgs -- -j12 -l12
[35.183s] Invoking command in '/root/catkin_ws/build/shape_msgs': AMENT_PREFIX_PATH=/root/catkin_ws/install/geometry_msgs:/root/catkin_ws/install/std_msgs:/root/catkin_ws/install/builtin_interfaces:${AMENT_PREFIX_PATH} CMAKE_PREFIX_PATH=/root/catkin_ws/install/geometry_msgs:/root/catkin_ws/install/std_msgs:/root/catkin_ws/install/builtin_interfaces:/root/catkin_ws/install/rosidl_typesupport_microxrcedds_cpp:/root/catkin_ws/install/rosidl_typesupport_microxrcedds_c:/root/catkin_ws/install/microcdr:/root/catkin_ws/install/ydlidar_sdk:/root/catkin_ws/install/ydlidar_ros2_driver:/root/catkin_ws/install/udp_driver:/root/catkin_ws/install/topic_service_action_rclcpp_example:/root/catkin_ws/install/time_rclcpp_example:/root/catkin_ws/install/tf2_rclcpp_example:/root/catkin_ws/install/testbot_description:/root/catkin_ws/install/serial_driver:/root/catkin_ws/install/rqt_example:/root/catkin_ws/install/omo_r1mini:/root/catkin_ws/install/omo_r1mini_navigation2:/root/catkin_ws/install/omo_r1mini_interfaces:/root/catkin_ws/install/omo_r1mini_gazebo:/root/catkin_ws/install/omo_r1mini_description:/root/catkin_ws/install/omo_r1mini_cartographer:/root/catkin_ws/install/my_first_ros_rclcpp_pkg:/root/catkin_ws/install/msg_srv_action_interface_example:/root/catkin_ws/install/micro_ros_setup:/root/catkin_ws/install/micro_ros_agent:/root/catkin_ws/install/micro_ros_msgs:/root/catkin_ws/install/io_context:/root/catkin_ws/install/iahrs_driver_interface:/root/catkin_ws/install/drive_base_msgs:/root/catkin_ws/install/asio_cmake_module:/root/install/ydlidar_sdk:/root/install/ydlidar_ros2_driver:/root/install/udp_driver:/root/install/topic_service_action_rclcpp_example:/root/install/time_rclcpp_example:/root/install/tf2_rclcpp_example:/root/install/testbot_description:/root/install/serial_driver:/root/install/rqt_example:/root/install/omo_r1mini:/root/install/omo_r1mini_navigation2:/root/install/omo_r1mini_interfaces:/root/install/omo_r1mini_gazebo:/root/install/omo_r1mini_description:/root/install/omo_r1mini_cartographer:/root/install/my_first_ros_rclcpp_pkg:/root/install/msg_srv_action_interface_example:/root/install/io_context:/root/install/asio_cmake_module:/root/catkin_ws/install/topic_service_action_rclpy_example:/root/catkin_ws/install/time_rclpy_example:/root/catkin_ws/install/tf2_rclpy_example:/root/catkin_ws/install/ros2env:/root/catkin_ws/install/omo_r1mini_teleop:/root/catkin_ws/install/omo_r1mini_bringup:/root/catkin_ws/install/my_first_ros_rclpy_pkg:/root/catkin_ws/install/logging_rclpy_example:/root/catkin_ws/install/iahrs_driver:/root/install/topic_service_action_rclpy_example:/root/install/time_rclpy_example:/root/install/tf2_rclpy_example:/root/install/ros2env:/root/install/omo_r1mini_teleop:/root/install/omo_r1mini_bringup:/root/install/my_first_ros_rclpy_pkg:/root/install/logging_rclpy_example:/opt/ros/foxy LD_LIBRARY_PATH=/root/catkin_ws/install/geometry_msgs/lib:/root/catkin_ws/install/std_msgs/lib:/root/catkin_ws/install/builtin_interfaces/lib:${LD_LIBRARY_PATH} PYTHONPATH=/root/catkin_ws/install/geometry_msgs/lib/python3.8/site-packages:/root/catkin_ws/install/std_msgs/lib/python3.8/site-packages:/root/catkin_ws/install/builtin_interfaces/lib/python3.8/site-packages:${PYTHONPATH} /usr/bin/cmake --install /root/catkin_ws/build/shape_msgs
[35.197s] -- Install configuration: ""
[35.197s] -- Installing: /root/catkin_ws/install/shape_msgs/share/ament_index/resource_index/rosidl_interfaces/shape_msgs
[35.197s] -- Installing: /root/catkin_ws/install/shape_msgs/include/shape_msgs
[35.197s] -- Installing: /root/catkin_ws/install/shape_msgs/include/shape_msgs/msg
[35.198s] -- Installing: /root/catkin_ws/install/shape_msgs/include/shape_msgs/msg/detail
[35.198s] -- Installing: /root/catkin_ws/install/shape_msgs/include/shape_msgs/msg/detail/solid_primitive__functions.h
[35.198s] -- Installing: /root/catkin_ws/install/shape_msgs/include/shape_msgs/msg/detail/mesh__functions.h
[35.198s] -- Installing: /root/catkin_ws/install/shape_msgs/include/shape_msgs/msg/detail/solid_primitive__functions.c
[35.198s] -- Installing: /root/catkin_ws/install/shape_msgs/include/shape_msgs/msg/detail/mesh_triangle__type_support.h
[35.199s] -- Installing: /root/catkin_ws/install/shape_msgs/include/shape_msgs/msg/detail/plane__functions.c
[35.199s] -- Installing: /root/catkin_ws/install/shape_msgs/include/shape_msgs/msg/detail/mesh_triangle__functions.h
[35.199s] -- Installing: /root/catkin_ws/install/shape_msgs/include/shape_msgs/msg/detail/solid_primitive__struct.h
[35.199s] -- Installing: /root/catkin_ws/install/shape_msgs/include/shape_msgs/msg/detail/mesh__functions.c
[35.199s] -- Installing: /root/catkin_ws/install/shape_msgs/include/shape_msgs/msg/detail/mesh__struct.h
[35.200s] -- Installing: /root/catkin_ws/install/shape_msgs/include/shape_msgs/msg/detail/plane__functions.h
[35.200s] -- Installing: /root/catkin_ws/install/shape_msgs/include/shape_msgs/msg/detail/plane__type_support.h
[35.200s] -- Installing: /root/catkin_ws/install/shape_msgs/include/shape_msgs/msg/detail/mesh_triangle__struct.h
[35.200s] -- Installing: /root/catkin_ws/install/shape_msgs/include/shape_msgs/msg/detail/mesh_triangle__functions.c
[35.200s] -- Installing: /root/catkin_ws/install/shape_msgs/include/shape_msgs/msg/detail/plane__struct.h
[35.201s] -- Installing: /root/catkin_ws/install/shape_msgs/include/shape_msgs/msg/detail/mesh__type_support.h
[35.201s] -- Installing: /root/catkin_ws/install/shape_msgs/include/shape_msgs/msg/detail/solid_primitive__type_support.h
[35.201s] -- Installing: /root/catkin_ws/install/shape_msgs/include/shape_msgs/msg/plane.h
[35.201s] -- Installing: /root/catkin_ws/install/shape_msgs/include/shape_msgs/msg/solid_primitive.h
[35.201s] -- Installing: /root/catkin_ws/install/shape_msgs/include/shape_msgs/msg/rosidl_generator_c__visibility_control.h
[35.202s] -- Installing: /root/catkin_ws/install/shape_msgs/include/shape_msgs/msg/mesh_triangle.h
[35.202s] -- Installing: /root/catkin_ws/install/shape_msgs/include/shape_msgs/msg/mesh.h
[35.202s] -- Installing: /root/catkin_ws/install/shape_msgs/share/shape_msgs/environment/library_path.sh
[35.202s] -- Installing: /root/catkin_ws/install/shape_msgs/share/shape_msgs/environment/library_path.dsv
[35.202s] -- Installing: /root/catkin_ws/install/shape_msgs/lib/libshape_msgs__rosidl_generator_c.so
[35.202s] -- Set runtime path of "/root/catkin_ws/install/shape_msgs/lib/libshape_msgs__rosidl_generator_c.so" to ""
[35.203s] -- Up-to-date: /root/catkin_ws/install/shape_msgs/include/shape_msgs
[35.203s] -- Up-to-date: /root/catkin_ws/install/shape_msgs/include/shape_msgs/msg
[35.203s] -- Up-to-date: /root/catkin_ws/install/shape_msgs/include/shape_msgs/msg/detail
[35.203s] -- Installing: /root/catkin_ws/install/shape_msgs/include/shape_msgs/msg/detail/mesh_triangle__rosidl_typesupport_microxrcedds_c.h
[35.203s] -- Installing: /root/catkin_ws/install/shape_msgs/include/shape_msgs/msg/detail/solid_primitive__rosidl_typesupport_microxrcedds_c.h
[35.204s] -- Installing: /root/catkin_ws/install/shape_msgs/include/shape_msgs/msg/detail/plane__rosidl_typesupport_microxrcedds_c.h
[35.204s] -- Installing: /root/catkin_ws/install/shape_msgs/include/shape_msgs/msg/detail/microxrcedds
[35.204s] -- Installing: /root/catkin_ws/install/shape_msgs/include/shape_msgs/msg/detail/mesh__rosidl_typesupport_microxrcedds_c.h
[35.205s] -- Installing: /root/catkin_ws/install/shape_msgs/include/shape_msgs/msg/rosidl_typesupport_microxrcedds_c__visibility_control.h
[35.205s] -- Installing: /root/catkin_ws/install/shape_msgs/lib/libshape_msgs__rosidl_typesupport_microxrcedds_c.so
[35.206s] -- Set runtime path of "/root/catkin_ws/install/shape_msgs/lib/libshape_msgs__rosidl_typesupport_microxrcedds_c.so" to ""
[35.206s] -- Up-to-date: /root/catkin_ws/install/shape_msgs/include/shape_msgs
[35.206s] -- Up-to-date: /root/catkin_ws/install/shape_msgs/include/shape_msgs/msg
[35.207s] -- Up-to-date: /root/catkin_ws/install/shape_msgs/include/shape_msgs/msg/detail
[35.207s] -- Installing: /root/catkin_ws/install/shape_msgs/include/shape_msgs/msg/detail/plane__rosidl_typesupport_fastrtps_c.h
[35.207s] -- Installing: /root/catkin_ws/install/shape_msgs/include/shape_msgs/msg/detail/mesh_triangle__rosidl_typesupport_fastrtps_c.h
[35.207s] -- Installing: /root/catkin_ws/install/shape_msgs/include/shape_msgs/msg/detail/mesh__rosidl_typesupport_fastrtps_c.h
[35.208s] -- Installing: /root/catkin_ws/install/shape_msgs/include/shape_msgs/msg/detail/solid_primitive__rosidl_typesupport_fastrtps_c.h
[35.208s] -- Installing: /root/catkin_ws/install/shape_msgs/include/shape_msgs/msg/rosidl_typesupport_fastrtps_c__visibility_control.h
[35.209s] -- Installing: /root/catkin_ws/install/shape_msgs/lib/libshape_msgs__rosidl_typesupport_fastrtps_c.so
[35.209s] -- Set runtime path of "/root/catkin_ws/install/shape_msgs/lib/libshape_msgs__rosidl_typesupport_fastrtps_c.so" to ""
[35.209s] -- Up-to-date: /root/catkin_ws/install/shape_msgs/include/shape_msgs
[35.209s] -- Up-to-date: /root/catkin_ws/install/shape_msgs/include/shape_msgs/msg
[35.209s] -- Up-to-date: /root/catkin_ws/install/shape_msgs/include/shape_msgs/msg/detail
[35.210s] -- Installing: /root/catkin_ws/install/shape_msgs/include/shape_msgs/msg/detail/mesh_triangle__rosidl_typesupport_fastrtps_cpp.hpp
[35.210s] -- Installing: /root/catkin_ws/install/shape_msgs/include/shape_msgs/msg/detail/plane__rosidl_typesupport_fastrtps_cpp.hpp
[35.210s] -- Installing: /root/catkin_ws/install/shape_msgs/include/shape_msgs/msg/detail/solid_primitive__rosidl_typesupport_fastrtps_cpp.hpp
[35.210s] -- Installing: /root/catkin_ws/install/shape_msgs/include/shape_msgs/msg/detail/mesh__rosidl_typesupport_fastrtps_cpp.hpp
[35.210s] -- Installing: /root/catkin_ws/install/shape_msgs/include/shape_msgs/msg/detail/dds_fastrtps
[35.211s] -- Installing: /root/catkin_ws/install/shape_msgs/include/shape_msgs/msg/rosidl_typesupport_fastrtps_cpp__visibility_control.h
[35.211s] -- Installing: /root/catkin_ws/install/shape_msgs/lib/libshape_msgs__rosidl_typesupport_fastrtps_cpp.so
[35.212s] -- Set runtime path of "/root/catkin_ws/install/shape_msgs/lib/libshape_msgs__rosidl_typesupport_fastrtps_cpp.so" to ""
[35.212s] -- Up-to-date: /root/catkin_ws/install/shape_msgs/include/shape_msgs
[35.212s] -- Up-to-date: /root/catkin_ws/install/shape_msgs/include/shape_msgs/msg
[35.213s] -- Up-to-date: /root/catkin_ws/install/shape_msgs/include/shape_msgs/msg/detail
[35.213s] -- Installing: /root/catkin_ws/install/shape_msgs/include/shape_msgs/msg/detail/solid_primitive__type_support.c
[35.213s] -- Installing: /root/catkin_ws/install/shape_msgs/include/shape_msgs/msg/detail/mesh_triangle__rosidl_typesupport_introspection_c.h
[35.213s] -- Installing: /root/catkin_ws/install/shape_msgs/include/shape_msgs/msg/detail/plane__type_support.c
[35.214s] -- Installing: /root/catkin_ws/install/shape_msgs/include/shape_msgs/msg/detail/mesh_triangle__type_support.c
[35.214s] -- Installing: /root/catkin_ws/install/shape_msgs/include/shape_msgs/msg/detail/mesh__type_support.c
[35.214s] -- Installing: /root/catkin_ws/install/shape_msgs/include/shape_msgs/msg/detail/plane__rosidl_typesupport_introspection_c.h
[35.214s] -- Installing: /root/catkin_ws/install/shape_msgs/include/shape_msgs/msg/detail/solid_primitive__rosidl_typesupport_introspection_c.h
[35.215s] -- Installing: /root/catkin_ws/install/shape_msgs/include/shape_msgs/msg/detail/mesh__rosidl_typesupport_introspection_c.h
[35.215s] -- Installing: /root/catkin_ws/install/shape_msgs/include/shape_msgs/msg/rosidl_typesupport_introspection_c__visibility_control.h
[35.215s] -- Installing: /root/catkin_ws/install/shape_msgs/lib/libshape_msgs__rosidl_typesupport_introspection_c.so
[35.215s] -- Set runtime path of "/root/catkin_ws/install/shape_msgs/lib/libshape_msgs__rosidl_typesupport_introspection_c.so" to ""
[35.216s] -- Installing: /root/catkin_ws/install/shape_msgs/lib/libshape_msgs__rosidl_typesupport_c.so
[35.216s] -- Set runtime path of "/root/catkin_ws/install/shape_msgs/lib/libshape_msgs__rosidl_typesupport_c.so" to ""
[35.217s] -- Up-to-date: /root/catkin_ws/install/shape_msgs/include/shape_msgs
[35.217s] -- Up-to-date: /root/catkin_ws/install/shape_msgs/include/shape_msgs/msg
[35.217s] -- Installing: /root/catkin_ws/install/shape_msgs/include/shape_msgs/msg/mesh_triangle.hpp
[35.217s] -- Installing: /root/catkin_ws/install/shape_msgs/include/shape_msgs/msg/plane.hpp
[35.218s] -- Up-to-date: /root/catkin_ws/install/shape_msgs/include/shape_msgs/msg/detail
[35.218s] -- Installing: /root/catkin_ws/install/shape_msgs/include/shape_msgs/msg/detail/solid_primitive__struct.hpp
[35.218s] -- Installing: /root/catkin_ws/install/shape_msgs/include/shape_msgs/msg/detail/mesh__struct.hpp
[35.218s] -- Installing: /root/catkin_ws/install/shape_msgs/include/shape_msgs/msg/detail/mesh__traits.hpp
[35.218s] -- Installing: /root/catkin_ws/install/shape_msgs/include/shape_msgs/msg/detail/plane__builder.hpp
[35.219s] -- Installing: /root/catkin_ws/install/shape_msgs/include/shape_msgs/msg/detail/mesh_triangle__builder.hpp
[35.219s] -- Installing: /root/catkin_ws/install/shape_msgs/include/shape_msgs/msg/detail/solid_primitive__builder.hpp
[35.219s] -- Installing: /root/catkin_ws/install/shape_msgs/include/shape_msgs/msg/detail/solid_primitive__traits.hpp
[35.219s] -- Installing: /root/catkin_ws/install/shape_msgs/include/shape_msgs/msg/detail/mesh_triangle__traits.hpp
[35.220s] -- Installing: /root/catkin_ws/install/shape_msgs/include/shape_msgs/msg/detail/plane__struct.hpp
[35.220s] -- Installing: /root/catkin_ws/install/shape_msgs/include/shape_msgs/msg/detail/plane__traits.hpp
[35.220s] -- Installing: /root/catkin_ws/install/shape_msgs/include/shape_msgs/msg/detail/mesh_triangle__struct.hpp
[35.220s] -- Installing: /root/catkin_ws/install/shape_msgs/include/shape_msgs/msg/detail/mesh__builder.hpp
[35.220s] -- Installing: /root/catkin_ws/install/shape_msgs/include/shape_msgs/msg/mesh.hpp
[35.221s] -- Installing: /root/catkin_ws/install/shape_msgs/include/shape_msgs/msg/solid_primitive.hpp
[35.221s] -- Up-to-date: /root/catkin_ws/install/shape_msgs/include/shape_msgs
[35.221s] -- Up-to-date: /root/catkin_ws/install/shape_msgs/include/shape_msgs/msg
[35.221s] -- Up-to-date: /root/catkin_ws/install/shape_msgs/include/shape_msgs/msg/detail
[35.221s] -- Installing: /root/catkin_ws/install/shape_msgs/include/shape_msgs/msg/detail/plane__rosidl_typesupport_microxrcedds_cpp.hpp
[35.222s] -- Installing: /root/catkin_ws/install/shape_msgs/include/shape_msgs/msg/detail/mesh_triangle__rosidl_typesupport_microxrcedds_cpp.hpp
[35.222s] -- Installing: /root/catkin_ws/install/shape_msgs/include/shape_msgs/msg/detail/mesh__rosidl_typesupport_microxrcedds_cpp.hpp
[35.222s] -- Up-to-date: /root/catkin_ws/install/shape_msgs/include/shape_msgs/msg/detail/microxrcedds
[35.222s] -- Installing: /root/catkin_ws/install/shape_msgs/include/shape_msgs/msg/detail/microxrcedds/mesh__type_support_cpp.cpp
[35.223s] -- Installing: /root/catkin_ws/install/shape_msgs/include/shape_msgs/msg/detail/microxrcedds/solid_primitive__type_support_cpp.cpp
[35.223s] -- Installing: /root/catkin_ws/install/shape_msgs/include/shape_msgs/msg/detail/microxrcedds/mesh_triangle__type_support_cpp.cpp
[35.223s] -- Installing: /root/catkin_ws/install/shape_msgs/include/shape_msgs/msg/detail/microxrcedds/plane__type_support_cpp.cpp
[35.223s] -- Installing: /root/catkin_ws/install/shape_msgs/include/shape_msgs/msg/detail/solid_primitive__rosidl_typesupport_microxrcedds_cpp.hpp
[35.224s] -- Installing: /root/catkin_ws/install/shape_msgs/include/shape_msgs/msg/rosidl_typesupport_microxrcedds_cpp__visibility_control.h
[35.224s] -- Installing: /root/catkin_ws/install/shape_msgs/lib/libshape_msgs__rosidl_typesupport_microxrcedds_cpp.so
[35.225s] -- Set runtime path of "/root/catkin_ws/install/shape_msgs/lib/libshape_msgs__rosidl_typesupport_microxrcedds_cpp.so" to ""
[35.225s] -- Up-to-date: /root/catkin_ws/install/shape_msgs/include/shape_msgs
[35.226s] -- Up-to-date: /root/catkin_ws/install/shape_msgs/include/shape_msgs/msg
[35.226s] -- Up-to-date: /root/catkin_ws/install/shape_msgs/include/shape_msgs/msg/detail
[35.226s] -- Installing: /root/catkin_ws/install/shape_msgs/include/shape_msgs/msg/detail/mesh__type_support.cpp
[35.226s] -- Installing: /root/catkin_ws/install/shape_msgs/include/shape_msgs/msg/detail/solid_primitive__rosidl_typesupport_introspection_cpp.hpp
[35.227s] -- Installing: /root/catkin_ws/install/shape_msgs/include/shape_msgs/msg/detail/mesh_triangle__type_support.cpp
[35.227s] -- Installing: /root/catkin_ws/install/shape_msgs/include/shape_msgs/msg/detail/mesh__rosidl_typesupport_introspection_cpp.hpp
[35.227s] -- Installing: /root/catkin_ws/install/shape_msgs/include/shape_msgs/msg/detail/plane__type_support.cpp
[35.228s] -- Installing: /root/catkin_ws/install/shape_msgs/include/shape_msgs/msg/detail/solid_primitive__type_support.cpp
[35.228s] -- Installing: /root/catkin_ws/install/shape_msgs/include/shape_msgs/msg/detail/mesh_triangle__rosidl_typesupport_introspection_cpp.hpp
[35.228s] -- Installing: /root/catkin_ws/install/shape_msgs/include/shape_msgs/msg/detail/plane__rosidl_typesupport_introspection_cpp.hpp
[35.229s] -- Installing: /root/catkin_ws/install/shape_msgs/lib/libshape_msgs__rosidl_typesupport_introspection_cpp.so
[35.230s] -- Set runtime path of "/root/catkin_ws/install/shape_msgs/lib/libshape_msgs__rosidl_typesupport_introspection_cpp.so" to ""
[35.230s] -- Installing: /root/catkin_ws/install/shape_msgs/lib/libshape_msgs__rosidl_typesupport_cpp.so
[35.231s] -- Set runtime path of "/root/catkin_ws/install/shape_msgs/lib/libshape_msgs__rosidl_typesupport_cpp.so" to ""
[35.231s] -- Installing: /root/catkin_ws/install/shape_msgs/share/shape_msgs/environment/pythonpath.sh
[35.231s] -- Installing: /root/catkin_ws/install/shape_msgs/share/shape_msgs/environment/pythonpath.dsv
[35.232s] -- Installing: /root/catkin_ws/install/shape_msgs/lib/python3.8/site-packages/shape_msgs/__init__.py
[35.356s] Compiling '/root/catkin_ws/install/shape_msgs/lib/python3.8/site-packages/shape_msgs/__init__.py'...
[35.364s] -- Installing: /root/catkin_ws/install/shape_msgs/lib/python3.8/site-packages/shape_msgs/msg
[35.364s] -- Installing: /root/catkin_ws/install/shape_msgs/lib/python3.8/site-packages/shape_msgs/msg/_plane_s.c
[35.365s] -- Installing: /root/catkin_ws/install/shape_msgs/lib/python3.8/site-packages/shape_msgs/msg/_mesh_triangle_s.c
[35.365s] -- Installing: /root/catkin_ws/install/shape_msgs/lib/python3.8/site-packages/shape_msgs/msg/_solid_primitive.py
[35.366s] -- Installing: /root/catkin_ws/install/shape_msgs/lib/python3.8/site-packages/shape_msgs/msg/_plane.py
[35.366s] -- Installing: /root/catkin_ws/install/shape_msgs/lib/python3.8/site-packages/shape_msgs/msg/_mesh.py
[35.367s] -- Installing: /root/catkin_ws/install/shape_msgs/lib/python3.8/site-packages/shape_msgs/msg/_mesh_s.c
[35.367s] -- Installing: /root/catkin_ws/install/shape_msgs/lib/python3.8/site-packages/shape_msgs/msg/_mesh_triangle.py
[35.367s] -- Installing: /root/catkin_ws/install/shape_msgs/lib/python3.8/site-packages/shape_msgs/msg/_solid_primitive_s.c
[35.367s] -- Installing: /root/catkin_ws/install/shape_msgs/lib/python3.8/site-packages/shape_msgs/msg/__init__.py
[35.368s] -- Installing: /root/catkin_ws/install/shape_msgs/lib/python3.8/site-packages/shape_msgs/shape_msgs_s__rosidl_typesupport_microxrcedds_c.cpython-38-x86_64-linux-gnu.so
[35.368s] -- Set runtime path of "/root/catkin_ws/install/shape_msgs/lib/python3.8/site-packages/shape_msgs/shape_msgs_s__rosidl_typesupport_microxrcedds_c.cpython-38-x86_64-linux-gnu.so" to ""
[35.369s] -- Installing: /root/catkin_ws/install/shape_msgs/lib/python3.8/site-packages/shape_msgs/shape_msgs_s__rosidl_typesupport_fastrtps_c.cpython-38-x86_64-linux-gnu.so
[35.370s] -- Set runtime path of "/root/catkin_ws/install/shape_msgs/lib/python3.8/site-packages/shape_msgs/shape_msgs_s__rosidl_typesupport_fastrtps_c.cpython-38-x86_64-linux-gnu.so" to ""
[35.370s] -- Installing: /root/catkin_ws/install/shape_msgs/lib/python3.8/site-packages/shape_msgs/shape_msgs_s__rosidl_typesupport_introspection_c.cpython-38-x86_64-linux-gnu.so
[35.372s] -- Set runtime path of "/root/catkin_ws/install/shape_msgs/lib/python3.8/site-packages/shape_msgs/shape_msgs_s__rosidl_typesupport_introspection_c.cpython-38-x86_64-linux-gnu.so" to ""
[35.372s] -- Installing: /root/catkin_ws/install/shape_msgs/lib/python3.8/site-packages/shape_msgs/shape_msgs_s__rosidl_typesupport_c.cpython-38-x86_64-linux-gnu.so
[35.373s] -- Set runtime path of "/root/catkin_ws/install/shape_msgs/lib/python3.8/site-packages/shape_msgs/shape_msgs_s__rosidl_typesupport_c.cpython-38-x86_64-linux-gnu.so" to ""
[35.374s] -- Installing: /root/catkin_ws/install/shape_msgs/lib/libshape_msgs__python.so
[35.375s] -- Set runtime path of "/root/catkin_ws/install/shape_msgs/lib/libshape_msgs__python.so" to ""
[35.376s] -- Installing: /root/catkin_ws/install/shape_msgs/share/shape_msgs/msg/Mesh.idl
[35.377s] -- Installing: /root/catkin_ws/install/shape_msgs/share/shape_msgs/msg/MeshTriangle.idl
[35.377s] -- Installing: /root/catkin_ws/install/shape_msgs/share/shape_msgs/msg/Plane.idl
[35.378s] -- Installing: /root/catkin_ws/install/shape_msgs/share/shape_msgs/msg/SolidPrimitive.idl
[35.378s] -- Installing: /root/catkin_ws/install/shape_msgs/share/shape_msgs/msg/Mesh.msg
[35.379s] -- Installing: /root/catkin_ws/install/shape_msgs/share/shape_msgs/msg/MeshTriangle.msg
[35.379s] -- Installing: /root/catkin_ws/install/shape_msgs/share/shape_msgs/msg/Plane.msg
[35.380s] -- Installing: /root/catkin_ws/install/shape_msgs/share/shape_msgs/msg/SolidPrimitive.msg
[35.380s] -- Installing: /root/catkin_ws/install/shape_msgs/share/ament_index/resource_index/package_run_dependencies/shape_msgs
[35.381s] -- Installing: /root/catkin_ws/install/shape_msgs/share/ament_index/resource_index/parent_prefix_path/shape_msgs
[35.382s] -- Installing: /root/catkin_ws/install/shape_msgs/share/shape_msgs/environment/ament_prefix_path.sh
[35.382s] -- Installing: /root/catkin_ws/install/shape_msgs/share/shape_msgs/environment/ament_prefix_path.dsv
[35.383s] -- Installing: /root/catkin_ws/install/shape_msgs/share/shape_msgs/environment/path.sh
[35.384s] -- Installing: /root/catkin_ws/install/shape_msgs/share/shape_msgs/environment/path.dsv
[35.384s] -- Installing: /root/catkin_ws/install/shape_msgs/share/shape_msgs/local_setup.bash
[35.385s] -- Installing: /root/catkin_ws/install/shape_msgs/share/shape_msgs/local_setup.sh
[35.385s] -- Installing: /root/catkin_ws/install/shape_msgs/share/shape_msgs/local_setup.zsh
[35.386s] -- Installing: /root/catkin_ws/install/shape_msgs/share/shape_msgs/local_setup.dsv
[35.386s] -- Installing: /root/catkin_ws/install/shape_msgs/share/shape_msgs/package.dsv
[35.386s] -- Installing: /root/catkin_ws/install/shape_msgs/share/ament_index/resource_index/packages/shape_msgs
[35.386s] -- Installing: /root/catkin_ws/install/shape_msgs/share/shape_msgs/cmake/shape_msgs__rosidl_generator_cExport.cmake
[35.387s] -- Installing: /root/catkin_ws/install/shape_msgs/share/shape_msgs/cmake/shape_msgs__rosidl_generator_cExport-noconfig.cmake
[35.387s] -- Installing: /root/catkin_ws/install/shape_msgs/share/shape_msgs/cmake/shape_msgs__rosidl_typesupport_introspection_cExport.cmake
[35.387s] -- Installing: /root/catkin_ws/install/shape_msgs/share/shape_msgs/cmake/shape_msgs__rosidl_typesupport_introspection_cExport-noconfig.cmake
[35.387s] -- Installing: /root/catkin_ws/install/shape_msgs/share/shape_msgs/cmake/shape_msgs__rosidl_typesupport_cExport.cmake
[35.388s] -- Installing: /root/catkin_ws/install/shape_msgs/share/shape_msgs/cmake/shape_msgs__rosidl_typesupport_cExport-noconfig.cmake
[35.388s] -- Installing: /root/catkin_ws/install/shape_msgs/share/shape_msgs/cmake/shape_msgs__rosidl_generator_cppExport.cmake
[35.388s] -- Installing: /root/catkin_ws/install/shape_msgs/share/shape_msgs/cmake/shape_msgs__rosidl_typesupport_introspection_cppExport.cmake
[35.388s] -- Installing: /root/catkin_ws/install/shape_msgs/share/shape_msgs/cmake/shape_msgs__rosidl_typesupport_introspection_cppExport-noconfig.cmake
[35.389s] -- Installing: /root/catkin_ws/install/shape_msgs/share/shape_msgs/cmake/shape_msgs__rosidl_typesupport_cppExport.cmake
[35.389s] -- Installing: /root/catkin_ws/install/shape_msgs/share/shape_msgs/cmake/shape_msgs__rosidl_typesupport_cppExport-noconfig.cmake
[35.389s] -- Installing: /root/catkin_ws/install/shape_msgs/share/shape_msgs/cmake/rosidl_cmake-extras.cmake
[35.389s] -- Installing: /root/catkin_ws/install/shape_msgs/share/shape_msgs/cmake/ament_cmake_export_dependencies-extras.cmake
[35.390s] -- Installing: /root/catkin_ws/install/shape_msgs/share/shape_msgs/cmake/ament_cmake_export_libraries-extras.cmake
[35.394s] -- Installing: /root/catkin_ws/install/shape_msgs/share/shape_msgs/cmake/ament_cmake_export_targets-extras.cmake
[35.405s] -- Installing: /root/catkin_ws/install/shape_msgs/share/shape_msgs/cmake/ament_cmake_export_include_directories-extras.cmake
[35.406s] -- Installing: /root/catkin_ws/install/shape_msgs/share/shape_msgs/cmake/rosidl_cmake_export_typesupport_libraries-extras.cmake
[35.406s] -- Installing: /root/catkin_ws/install/shape_msgs/share/shape_msgs/cmake/rosidl_cmake_export_typesupport_targets-extras.cmake
[35.406s] -- Installing: /root/catkin_ws/install/shape_msgs/share/shape_msgs/cmake/shape_msgsConfig.cmake
[35.406s] -- Installing: /root/catkin_ws/install/shape_msgs/share/shape_msgs/cmake/shape_msgsConfig-version.cmake
[35.406s] -- Installing: /root/catkin_ws/install/shape_msgs/share/shape_msgs/package.xml
[35.407s] Invoked command in '/root/catkin_ws/build/shape_msgs' returned '0': AMENT_PREFIX_PATH=/root/catkin_ws/install/geometry_msgs:/root/catkin_ws/install/std_msgs:/root/catkin_ws/install/builtin_interfaces:${AMENT_PREFIX_PATH} CMAKE_PREFIX_PATH=/root/catkin_ws/install/geometry_msgs:/root/catkin_ws/install/std_msgs:/root/catkin_ws/install/builtin_interfaces:/root/catkin_ws/install/rosidl_typesupport_microxrcedds_cpp:/root/catkin_ws/install/rosidl_typesupport_microxrcedds_c:/root/catkin_ws/install/microcdr:/root/catkin_ws/install/ydlidar_sdk:/root/catkin_ws/install/ydlidar_ros2_driver:/root/catkin_ws/install/udp_driver:/root/catkin_ws/install/topic_service_action_rclcpp_example:/root/catkin_ws/install/time_rclcpp_example:/root/catkin_ws/install/tf2_rclcpp_example:/root/catkin_ws/install/testbot_description:/root/catkin_ws/install/serial_driver:/root/catkin_ws/install/rqt_example:/root/catkin_ws/install/omo_r1mini:/root/catkin_ws/install/omo_r1mini_navigation2:/root/catkin_ws/install/omo_r1mini_interfaces:/root/catkin_ws/install/omo_r1mini_gazebo:/root/catkin_ws/install/omo_r1mini_description:/root/catkin_ws/install/omo_r1mini_cartographer:/root/catkin_ws/install/my_first_ros_rclcpp_pkg:/root/catkin_ws/install/msg_srv_action_interface_example:/root/catkin_ws/install/micro_ros_setup:/root/catkin_ws/install/micro_ros_agent:/root/catkin_ws/install/micro_ros_msgs:/root/catkin_ws/install/io_context:/root/catkin_ws/install/iahrs_driver_interface:/root/catkin_ws/install/drive_base_msgs:/root/catkin_ws/install/asio_cmake_module:/root/install/ydlidar_sdk:/root/install/ydlidar_ros2_driver:/root/install/udp_driver:/root/install/topic_service_action_rclcpp_example:/root/install/time_rclcpp_example:/root/install/tf2_rclcpp_example:/root/install/testbot_description:/root/install/serial_driver:/root/install/rqt_example:/root/install/omo_r1mini:/root/install/omo_r1mini_navigation2:/root/install/omo_r1mini_interfaces:/root/install/omo_r1mini_gazebo:/root/install/omo_r1mini_description:/root/install/omo_r1mini_cartographer:/root/install/my_first_ros_rclcpp_pkg:/root/install/msg_srv_action_interface_example:/root/install/io_context:/root/install/asio_cmake_module:/root/catkin_ws/install/topic_service_action_rclpy_example:/root/catkin_ws/install/time_rclpy_example:/root/catkin_ws/install/tf2_rclpy_example:/root/catkin_ws/install/ros2env:/root/catkin_ws/install/omo_r1mini_teleop:/root/catkin_ws/install/omo_r1mini_bringup:/root/catkin_ws/install/my_first_ros_rclpy_pkg:/root/catkin_ws/install/logging_rclpy_example:/root/catkin_ws/install/iahrs_driver:/root/install/topic_service_action_rclpy_example:/root/install/time_rclpy_example:/root/install/tf2_rclpy_example:/root/install/ros2env:/root/install/omo_r1mini_teleop:/root/install/omo_r1mini_bringup:/root/install/my_first_ros_rclpy_pkg:/root/install/logging_rclpy_example:/opt/ros/foxy LD_LIBRARY_PATH=/root/catkin_ws/install/geometry_msgs/lib:/root/catkin_ws/install/std_msgs/lib:/root/catkin_ws/install/builtin_interfaces/lib:${LD_LIBRARY_PATH} PYTHONPATH=/root/catkin_ws/install/geometry_msgs/lib/python3.8/site-packages:/root/catkin_ws/install/std_msgs/lib/python3.8/site-packages:/root/catkin_ws/install/builtin_interfaces/lib/python3.8/site-packages:${PYTHONPATH} /usr/bin/cmake --install /root/catkin_ws/build/shape_msgs
