[0.117s] Invoking command in '/root/catkin_ws/build/micro_ros_msgs': CMAKE_PREFIX_PATH=${CMAKE_PREFIX_PATH}:/root/catkin_ws/install/topic_service_action_rclpy_example:/root/catkin_ws/install/time_rclpy_example:/root/catkin_ws/install/tf2_rclpy_example:/root/catkin_ws/install/ros2env:/root/catkin_ws/install/omo_r1mini_teleop:/root/catkin_ws/install/omo_r1mini_bringup:/root/catkin_ws/install/my_first_ros_rclpy_pkg:/root/catkin_ws/install/logging_rclpy_example:/root/catkin_ws/install/iahrs_driver:/root/install/topic_service_action_rclpy_example:/root/install/time_rclpy_example:/root/install/tf2_rclpy_example:/root/install/ros2env:/root/install/omo_r1mini_teleop:/root/install/omo_r1mini_bringup:/root/install/my_first_ros_rclpy_pkg:/root/install/logging_rclpy_example:/opt/ros/foxy /usr/bin/cmake --build /root/catkin_ws/build/micro_ros_msgs -- -j12 -l12
[0.744s] [  2%] Built target micro_ros_msgs__cpp
[0.744s] [ 12%] Built target micro_ros_msgs__rosidl_generator_c
[0.745s] [ 23%] Built target micro_ros_msgs__rosidl_typesupport_cpp
[0.745s] [ 34%] Built target micro_ros_msgs__rosidl_typesupport_introspection_cpp
[0.746s] [ 44%] Built target micro_ros_msgs__rosidl_typesupport_c
[0.747s] [ 55%] Built target micro_ros_msgs__rosidl_typesupport_introspection_c
[0.747s] [ 65%] Built target micro_ros_msgs__rosidl_typesupport_fastrtps_cpp
[0.748s] [ 76%] Built target micro_ros_msgs__rosidl_typesupport_fastrtps_c
[0.748s] [ 76%] Built target micro_ros_msgs
[0.751s] [ 78%] Built target micro_ros_msgs__py
[0.751s] [ 87%] Built target micro_ros_msgs__python
[0.752s] [ 91%] Built target micro_ros_msgs__rosidl_typesupport_c__pyext
[0.752s] [ 95%] Built target micro_ros_msgs__rosidl_typesupport_fastrtps_c__pyext
[0.754s] [100%] Built target micro_ros_msgs__rosidl_typesupport_introspection_c__pyext
[0.758s] Invoked command in '/root/catkin_ws/build/micro_ros_msgs' returned '0': CMAKE_PREFIX_PATH=${CMAKE_PREFIX_PATH}:/root/catkin_ws/install/topic_service_action_rclpy_example:/root/catkin_ws/install/time_rclpy_example:/root/catkin_ws/install/tf2_rclpy_example:/root/catkin_ws/install/ros2env:/root/catkin_ws/install/omo_r1mini_teleop:/root/catkin_ws/install/omo_r1mini_bringup:/root/catkin_ws/install/my_first_ros_rclpy_pkg:/root/catkin_ws/install/logging_rclpy_example:/root/catkin_ws/install/iahrs_driver:/root/install/topic_service_action_rclpy_example:/root/install/time_rclpy_example:/root/install/tf2_rclpy_example:/root/install/ros2env:/root/install/omo_r1mini_teleop:/root/install/omo_r1mini_bringup:/root/install/my_first_ros_rclpy_pkg:/root/install/logging_rclpy_example:/opt/ros/foxy /usr/bin/cmake --build /root/catkin_ws/build/micro_ros_msgs -- -j12 -l12
[0.979s] Invoking command in '/root/catkin_ws/build/micro_ros_msgs': CMAKE_PREFIX_PATH=${CMAKE_PREFIX_PATH}:/root/catkin_ws/install/topic_service_action_rclpy_example:/root/catkin_ws/install/time_rclpy_example:/root/catkin_ws/install/tf2_rclpy_example:/root/catkin_ws/install/ros2env:/root/catkin_ws/install/omo_r1mini_teleop:/root/catkin_ws/install/omo_r1mini_bringup:/root/catkin_ws/install/my_first_ros_rclpy_pkg:/root/catkin_ws/install/logging_rclpy_example:/root/catkin_ws/install/iahrs_driver:/root/install/topic_service_action_rclpy_example:/root/install/time_rclpy_example:/root/install/tf2_rclpy_example:/root/install/ros2env:/root/install/omo_r1mini_teleop:/root/install/omo_r1mini_bringup:/root/install/my_first_ros_rclpy_pkg:/root/install/logging_rclpy_example:/opt/ros/foxy /usr/bin/cmake --install /root/catkin_ws/build/micro_ros_msgs
[1.026s] -- Install configuration: ""
[1.026s] -- Execute custom install script
[1.027s] -- Up-to-date symlink: /root/catkin_ws/install/micro_ros_msgs/share/ament_index/resource_index/rosidl_interfaces/micro_ros_msgs
[1.027s] -- Up-to-date symlink: /root/catkin_ws/install/micro_ros_msgs/include/micro_ros_msgs/msg/detail/entity__functions.h
[1.027s] -- Up-to-date symlink: /root/catkin_ws/install/micro_ros_msgs/include/micro_ros_msgs/msg/detail/entity__struct.h
[1.027s] -- Up-to-date symlink: /root/catkin_ws/install/micro_ros_msgs/include/micro_ros_msgs/msg/detail/entity__type_support.h
[1.028s] -- Up-to-date symlink: /root/catkin_ws/install/micro_ros_msgs/include/micro_ros_msgs/msg/detail/graph__functions.h
[1.028s] -- Up-to-date symlink: /root/catkin_ws/install/micro_ros_msgs/include/micro_ros_msgs/msg/detail/graph__struct.h
[1.028s] -- Up-to-date symlink: /root/catkin_ws/install/micro_ros_msgs/include/micro_ros_msgs/msg/detail/graph__type_support.h
[1.028s] -- Up-to-date symlink: /root/catkin_ws/install/micro_ros_msgs/include/micro_ros_msgs/msg/detail/node__functions.h
[1.028s] -- Up-to-date symlink: /root/catkin_ws/install/micro_ros_msgs/include/micro_ros_msgs/msg/detail/node__struct.h
[1.028s] -- Up-to-date symlink: /root/catkin_ws/install/micro_ros_msgs/include/micro_ros_msgs/msg/detail/node__type_support.h
[1.029s] -- Up-to-date symlink: /root/catkin_ws/install/micro_ros_msgs/include/micro_ros_msgs/msg/entity.h
[1.029s] -- Up-to-date symlink: /root/catkin_ws/install/micro_ros_msgs/include/micro_ros_msgs/msg/graph.h
[1.029s] -- Up-to-date symlink: /root/catkin_ws/install/micro_ros_msgs/include/micro_ros_msgs/msg/node.h
[1.029s] -- Up-to-date symlink: /root/catkin_ws/install/micro_ros_msgs/include/micro_ros_msgs/msg/rosidl_generator_c__visibility_control.h
[1.029s] -- Up-to-date symlink: /root/catkin_ws/install/micro_ros_msgs/share/micro_ros_msgs/environment/library_path.sh
[1.030s] -- Up-to-date symlink: /root/catkin_ws/install/micro_ros_msgs/share/micro_ros_msgs/environment/library_path.dsv
[1.030s] -- Up-to-date symlink: /root/catkin_ws/install/micro_ros_msgs/include/micro_ros_msgs/msg/detail/entity__rosidl_typesupport_fastrtps_c.h
[1.030s] -- Up-to-date symlink: /root/catkin_ws/install/micro_ros_msgs/include/micro_ros_msgs/msg/detail/graph__rosidl_typesupport_fastrtps_c.h
[1.030s] -- Up-to-date symlink: /root/catkin_ws/install/micro_ros_msgs/include/micro_ros_msgs/msg/detail/node__rosidl_typesupport_fastrtps_c.h
[1.030s] -- Up-to-date symlink: /root/catkin_ws/install/micro_ros_msgs/include/micro_ros_msgs/msg/rosidl_typesupport_fastrtps_c__visibility_control.h
[1.031s] -- Up-to-date symlink: /root/catkin_ws/install/micro_ros_msgs/lib/libmicro_ros_msgs__rosidl_typesupport_fastrtps_c.so
[1.031s] -- Up-to-date symlink: /root/catkin_ws/install/micro_ros_msgs/include/micro_ros_msgs/msg/detail/entity__rosidl_typesupport_fastrtps_cpp.hpp
[1.031s] -- Up-to-date symlink: /root/catkin_ws/install/micro_ros_msgs/include/micro_ros_msgs/msg/detail/graph__rosidl_typesupport_fastrtps_cpp.hpp
[1.031s] -- Up-to-date symlink: /root/catkin_ws/install/micro_ros_msgs/include/micro_ros_msgs/msg/detail/node__rosidl_typesupport_fastrtps_cpp.hpp
[1.031s] -- Up-to-date symlink: /root/catkin_ws/install/micro_ros_msgs/include/micro_ros_msgs/msg/rosidl_typesupport_fastrtps_cpp__visibility_control.h
[1.031s] -- Up-to-date symlink: /root/catkin_ws/install/micro_ros_msgs/lib/libmicro_ros_msgs__rosidl_typesupport_fastrtps_cpp.so
[1.032s] -- Up-to-date symlink: /root/catkin_ws/install/micro_ros_msgs/include/micro_ros_msgs/msg/detail/entity__rosidl_typesupport_introspection_c.h
[1.032s] -- Up-to-date symlink: /root/catkin_ws/install/micro_ros_msgs/include/micro_ros_msgs/msg/detail/graph__rosidl_typesupport_introspection_c.h
[1.032s] -- Up-to-date symlink: /root/catkin_ws/install/micro_ros_msgs/include/micro_ros_msgs/msg/detail/node__rosidl_typesupport_introspection_c.h
[1.032s] -- Up-to-date symlink: /root/catkin_ws/install/micro_ros_msgs/include/micro_ros_msgs/msg/rosidl_typesupport_introspection_c__visibility_control.h
[1.032s] -- Up-to-date symlink: /root/catkin_ws/install/micro_ros_msgs/include/micro_ros_msgs/msg/detail/entity__builder.hpp
[1.033s] -- Up-to-date symlink: /root/catkin_ws/install/micro_ros_msgs/include/micro_ros_msgs/msg/detail/entity__struct.hpp
[1.033s] -- Up-to-date symlink: /root/catkin_ws/install/micro_ros_msgs/include/micro_ros_msgs/msg/detail/entity__traits.hpp
[1.033s] -- Up-to-date symlink: /root/catkin_ws/install/micro_ros_msgs/include/micro_ros_msgs/msg/detail/graph__builder.hpp
[1.034s] -- Up-to-date symlink: /root/catkin_ws/install/micro_ros_msgs/include/micro_ros_msgs/msg/detail/graph__struct.hpp
[1.034s] -- Up-to-date symlink: /root/catkin_ws/install/micro_ros_msgs/include/micro_ros_msgs/msg/detail/graph__traits.hpp
[1.035s] -- Up-to-date symlink: /root/catkin_ws/install/micro_ros_msgs/include/micro_ros_msgs/msg/detail/node__builder.hpp
[1.035s] -- Up-to-date symlink: /root/catkin_ws/install/micro_ros_msgs/include/micro_ros_msgs/msg/detail/node__struct.hpp
[1.035s] -- Up-to-date symlink: /root/catkin_ws/install/micro_ros_msgs/include/micro_ros_msgs/msg/detail/node__traits.hpp
[1.035s] -- Up-to-date symlink: /root/catkin_ws/install/micro_ros_msgs/include/micro_ros_msgs/msg/entity.hpp
[1.035s] -- Up-to-date symlink: /root/catkin_ws/install/micro_ros_msgs/include/micro_ros_msgs/msg/graph.hpp
[1.036s] -- Up-to-date symlink: /root/catkin_ws/install/micro_ros_msgs/include/micro_ros_msgs/msg/node.hpp
[1.045s] -- Up-to-date symlink: /root/catkin_ws/install/micro_ros_msgs/include/micro_ros_msgs/msg/detail/entity__rosidl_typesupport_introspection_cpp.hpp
[1.045s] -- Up-to-date symlink: /root/catkin_ws/install/micro_ros_msgs/include/micro_ros_msgs/msg/detail/graph__rosidl_typesupport_introspection_cpp.hpp
[1.046s] -- Up-to-date symlink: /root/catkin_ws/install/micro_ros_msgs/include/micro_ros_msgs/msg/detail/node__rosidl_typesupport_introspection_cpp.hpp
[1.057s] -- Up-to-date symlink: /root/catkin_ws/install/micro_ros_msgs/share/micro_ros_msgs/environment/pythonpath.sh
[1.066s] -- Up-to-date symlink: /root/catkin_ws/install/micro_ros_msgs/share/micro_ros_msgs/environment/pythonpath.dsv
[1.068s] -- Up-to-date symlink: /root/catkin_ws/install/micro_ros_msgs/lib/python3.8/site-packages/micro_ros_msgs/__init__.py
[1.069s] -- Up-to-date symlink: /root/catkin_ws/install/micro_ros_msgs/lib/python3.8/site-packages/micro_ros_msgs/msg/__init__.py
[1.069s] -- Up-to-date symlink: /root/catkin_ws/install/micro_ros_msgs/lib/python3.8/site-packages/micro_ros_msgs/msg/_entity.py
[1.069s] -- Up-to-date symlink: /root/catkin_ws/install/micro_ros_msgs/lib/python3.8/site-packages/micro_ros_msgs/msg/_graph.py
[1.069s] -- Up-to-date symlink: /root/catkin_ws/install/micro_ros_msgs/lib/python3.8/site-packages/micro_ros_msgs/msg/_node.py
[1.073s] -- Up-to-date symlink: /root/catkin_ws/install/micro_ros_msgs/lib/python3.8/site-packages/micro_ros_msgs/micro_ros_msgs_s__rosidl_typesupport_fastrtps_c.cpython-38-x86_64-linux-gnu.so
[1.073s] -- Up-to-date symlink: /root/catkin_ws/install/micro_ros_msgs/lib/python3.8/site-packages/micro_ros_msgs/micro_ros_msgs_s__rosidl_typesupport_introspection_c.cpython-38-x86_64-linux-gnu.so
[1.074s] -- Up-to-date symlink: /root/catkin_ws/install/micro_ros_msgs/lib/python3.8/site-packages/micro_ros_msgs/micro_ros_msgs_s__rosidl_typesupport_c.cpython-38-x86_64-linux-gnu.so
[1.074s] -- Up-to-date symlink: /root/catkin_ws/install/micro_ros_msgs/lib/libmicro_ros_msgs__python.so
[1.075s] -- Up-to-date symlink: /root/catkin_ws/install/micro_ros_msgs/share/micro_ros_msgs/msg/Graph.idl
[1.076s] -- Up-to-date symlink: /root/catkin_ws/install/micro_ros_msgs/share/micro_ros_msgs/msg/Node.idl
[1.076s] -- Up-to-date symlink: /root/catkin_ws/install/micro_ros_msgs/share/micro_ros_msgs/msg/Entity.idl
[1.080s] -- Up-to-date symlink: /root/catkin_ws/install/micro_ros_msgs/share/micro_ros_msgs/msg/Graph.msg
[1.080s] -- Up-to-date symlink: /root/catkin_ws/install/micro_ros_msgs/share/micro_ros_msgs/msg/Node.msg
[1.081s] -- Up-to-date symlink: /root/catkin_ws/install/micro_ros_msgs/share/micro_ros_msgs/msg/Entity.msg
[1.081s] -- Up-to-date symlink: /root/catkin_ws/install/micro_ros_msgs/share/ament_index/resource_index/package_run_dependencies/micro_ros_msgs
[1.082s] -- Up-to-date symlink: /root/catkin_ws/install/micro_ros_msgs/share/ament_index/resource_index/parent_prefix_path/micro_ros_msgs
[1.082s] -- Up-to-date symlink: /root/catkin_ws/install/micro_ros_msgs/share/micro_ros_msgs/environment/ament_prefix_path.sh
[1.082s] -- Up-to-date symlink: /root/catkin_ws/install/micro_ros_msgs/share/micro_ros_msgs/environment/ament_prefix_path.dsv
[1.083s] -- Up-to-date symlink: /root/catkin_ws/install/micro_ros_msgs/share/micro_ros_msgs/environment/path.sh
[1.083s] -- Up-to-date symlink: /root/catkin_ws/install/micro_ros_msgs/share/micro_ros_msgs/environment/path.dsv
[1.084s] -- Up-to-date symlink: /root/catkin_ws/install/micro_ros_msgs/share/micro_ros_msgs/local_setup.bash
[1.084s] -- Up-to-date symlink: /root/catkin_ws/install/micro_ros_msgs/share/micro_ros_msgs/local_setup.sh
[1.084s] -- Up-to-date symlink: /root/catkin_ws/install/micro_ros_msgs/share/micro_ros_msgs/local_setup.zsh
[1.085s] -- Up-to-date symlink: /root/catkin_ws/install/micro_ros_msgs/share/micro_ros_msgs/local_setup.dsv
[1.086s] -- Symlinking: /root/catkin_ws/install/micro_ros_msgs/share/micro_ros_msgs/package.dsv
[1.108s] -- Up-to-date symlink: /root/catkin_ws/install/micro_ros_msgs/share/ament_index/resource_index/packages/micro_ros_msgs
[1.109s] -- Up-to-date symlink: /root/catkin_ws/install/micro_ros_msgs/share/micro_ros_msgs/cmake/rosidl_cmake-extras.cmake
[1.109s] -- Up-to-date symlink: /root/catkin_ws/install/micro_ros_msgs/share/micro_ros_msgs/cmake/ament_cmake_export_dependencies-extras.cmake
[1.110s] -- Up-to-date symlink: /root/catkin_ws/install/micro_ros_msgs/share/micro_ros_msgs/cmake/ament_cmake_export_libraries-extras.cmake
[1.110s] -- Up-to-date symlink: /root/catkin_ws/install/micro_ros_msgs/share/micro_ros_msgs/cmake/ament_cmake_export_targets-extras.cmake
[1.110s] -- Up-to-date symlink: /root/catkin_ws/install/micro_ros_msgs/share/micro_ros_msgs/cmake/ament_cmake_export_include_directories-extras.cmake
[1.111s] -- Up-to-date symlink: /root/catkin_ws/install/micro_ros_msgs/share/micro_ros_msgs/cmake/rosidl_cmake_export_typesupport_libraries-extras.cmake
[1.111s] -- Up-to-date symlink: /root/catkin_ws/install/micro_ros_msgs/share/micro_ros_msgs/cmake/rosidl_cmake_export_typesupport_targets-extras.cmake
[1.116s] -- Up-to-date symlink: /root/catkin_ws/install/micro_ros_msgs/share/micro_ros_msgs/cmake/micro_ros_msgsConfig.cmake
[1.116s] -- Up-to-date symlink: /root/catkin_ws/install/micro_ros_msgs/share/micro_ros_msgs/cmake/micro_ros_msgsConfig-version.cmake
[1.116s] -- Up-to-date symlink: /root/catkin_ws/install/micro_ros_msgs/share/micro_ros_msgs/package.xml
[1.116s] -- Up-to-date: /root/catkin_ws/install/micro_ros_msgs/lib/libmicro_ros_msgs__rosidl_generator_c.so
[1.117s] -- Up-to-date: /root/catkin_ws/install/micro_ros_msgs/lib/libmicro_ros_msgs__rosidl_typesupport_introspection_c.so
[1.117s] -- Up-to-date: /root/catkin_ws/install/micro_ros_msgs/lib/libmicro_ros_msgs__rosidl_typesupport_c.so
[1.117s] -- Up-to-date: /root/catkin_ws/install/micro_ros_msgs/lib/libmicro_ros_msgs__rosidl_typesupport_introspection_cpp.so
[1.118s] -- Up-to-date: /root/catkin_ws/install/micro_ros_msgs/lib/libmicro_ros_msgs__rosidl_typesupport_cpp.so
[1.128s] -- Up-to-date: /root/catkin_ws/install/micro_ros_msgs/share/micro_ros_msgs/cmake/micro_ros_msgs__rosidl_generator_cExport.cmake
[1.128s] -- Up-to-date: /root/catkin_ws/install/micro_ros_msgs/share/micro_ros_msgs/cmake/micro_ros_msgs__rosidl_generator_cExport-noconfig.cmake
[1.128s] -- Up-to-date: /root/catkin_ws/install/micro_ros_msgs/share/micro_ros_msgs/cmake/micro_ros_msgs__rosidl_typesupport_introspection_cExport.cmake
[1.129s] -- Up-to-date: /root/catkin_ws/install/micro_ros_msgs/share/micro_ros_msgs/cmake/micro_ros_msgs__rosidl_typesupport_introspection_cExport-noconfig.cmake
[1.129s] -- Up-to-date: /root/catkin_ws/install/micro_ros_msgs/share/micro_ros_msgs/cmake/micro_ros_msgs__rosidl_typesupport_cExport.cmake
[1.129s] -- Up-to-date: /root/catkin_ws/install/micro_ros_msgs/share/micro_ros_msgs/cmake/micro_ros_msgs__rosidl_typesupport_cExport-noconfig.cmake
[1.134s] -- Up-to-date: /root/catkin_ws/install/micro_ros_msgs/share/micro_ros_msgs/cmake/micro_ros_msgs__rosidl_generator_cppExport.cmake
[1.134s] -- Up-to-date: /root/catkin_ws/install/micro_ros_msgs/share/micro_ros_msgs/cmake/micro_ros_msgs__rosidl_typesupport_introspection_cppExport.cmake
[1.134s] -- Up-to-date: /root/catkin_ws/install/micro_ros_msgs/share/micro_ros_msgs/cmake/micro_ros_msgs__rosidl_typesupport_introspection_cppExport-noconfig.cmake
[1.134s] -- Up-to-date: /root/catkin_ws/install/micro_ros_msgs/share/micro_ros_msgs/cmake/micro_ros_msgs__rosidl_typesupport_cppExport.cmake
[1.135s] -- Up-to-date: /root/catkin_ws/install/micro_ros_msgs/share/micro_ros_msgs/cmake/micro_ros_msgs__rosidl_typesupport_cppExport-noconfig.cmake
[1.328s] Invoked command in '/root/catkin_ws/build/micro_ros_msgs' returned '0': CMAKE_PREFIX_PATH=${CMAKE_PREFIX_PATH}:/root/catkin_ws/install/topic_service_action_rclpy_example:/root/catkin_ws/install/time_rclpy_example:/root/catkin_ws/install/tf2_rclpy_example:/root/catkin_ws/install/ros2env:/root/catkin_ws/install/omo_r1mini_teleop:/root/catkin_ws/install/omo_r1mini_bringup:/root/catkin_ws/install/my_first_ros_rclpy_pkg:/root/catkin_ws/install/logging_rclpy_example:/root/catkin_ws/install/iahrs_driver:/root/install/topic_service_action_rclpy_example:/root/install/time_rclpy_example:/root/install/tf2_rclpy_example:/root/install/ros2env:/root/install/omo_r1mini_teleop:/root/install/omo_r1mini_bringup:/root/install/my_first_ros_rclpy_pkg:/root/install/logging_rclpy_example:/opt/ros/foxy /usr/bin/cmake --install /root/catkin_ws/build/micro_ros_msgs
