[0.683s] Invoking command in '/root/catkin_ws/build/rqt_example': CMAKE_PREFIX_PATH=${CMAKE_PREFIX_PATH}:/root/catkin_ws/install/topic_service_action_rclpy_example:/root/catkin_ws/install/time_rclpy_example:/root/catkin_ws/install/tf2_rclpy_example:/root/catkin_ws/install/ros2env:/root/catkin_ws/install/omo_r1mini_teleop:/root/catkin_ws/install/omo_r1mini_bringup:/root/catkin_ws/install/my_first_ros_rclpy_pkg:/root/catkin_ws/install/logging_rclpy_example:/root/catkin_ws/src/install/topic_service_action_rclpy_example:/root/catkin_ws/src/install/time_rclpy_example:/root/catkin_ws/src/install/tf2_rclpy_example:/root/catkin_ws/src/install/ros2env:/root/catkin_ws/src/install/omo_r1mini_teleop:/root/catkin_ws/src/install/omo_r1mini_bringup:/root/catkin_ws/src/install/my_first_ros_rclpy_pkg:/root/catkin_ws/src/install/logging_rclpy_example:/opt/ros/foxy /usr/bin/cmake --build /root/catkin_ws/build/rqt_example -- -j12 -l12
[0.737s] Invoked command in '/root/catkin_ws/build/rqt_example' returned '0': CMAKE_PREFIX_PATH=${CMAKE_PREFIX_PATH}:/root/catkin_ws/install/topic_service_action_rclpy_example:/root/catkin_ws/install/time_rclpy_example:/root/catkin_ws/install/tf2_rclpy_example:/root/catkin_ws/install/ros2env:/root/catkin_ws/install/omo_r1mini_teleop:/root/catkin_ws/install/omo_r1mini_bringup:/root/catkin_ws/install/my_first_ros_rclpy_pkg:/root/catkin_ws/install/logging_rclpy_example:/root/catkin_ws/src/install/topic_service_action_rclpy_example:/root/catkin_ws/src/install/time_rclpy_example:/root/catkin_ws/src/install/tf2_rclpy_example:/root/catkin_ws/src/install/ros2env:/root/catkin_ws/src/install/omo_r1mini_teleop:/root/catkin_ws/src/install/omo_r1mini_bringup:/root/catkin_ws/src/install/my_first_ros_rclpy_pkg:/root/catkin_ws/src/install/logging_rclpy_example:/opt/ros/foxy /usr/bin/cmake --build /root/catkin_ws/build/rqt_example -- -j12 -l12
[0.828s] Invoking command in '/root/catkin_ws/build/rqt_example': CMAKE_PREFIX_PATH=${CMAKE_PREFIX_PATH}:/root/catkin_ws/install/topic_service_action_rclpy_example:/root/catkin_ws/install/time_rclpy_example:/root/catkin_ws/install/tf2_rclpy_example:/root/catkin_ws/install/ros2env:/root/catkin_ws/install/omo_r1mini_teleop:/root/catkin_ws/install/omo_r1mini_bringup:/root/catkin_ws/install/my_first_ros_rclpy_pkg:/root/catkin_ws/install/logging_rclpy_example:/root/catkin_ws/src/install/topic_service_action_rclpy_example:/root/catkin_ws/src/install/time_rclpy_example:/root/catkin_ws/src/install/tf2_rclpy_example:/root/catkin_ws/src/install/ros2env:/root/catkin_ws/src/install/omo_r1mini_teleop:/root/catkin_ws/src/install/omo_r1mini_bringup:/root/catkin_ws/src/install/my_first_ros_rclpy_pkg:/root/catkin_ws/src/install/logging_rclpy_example:/opt/ros/foxy /usr/bin/cmake --install /root/catkin_ws/build/rqt_example
[0.858s] -- Install configuration: ""
[0.859s] -- Execute custom install script
[0.863s] -- Up-to-date symlink: /root/catkin_ws/install/rqt_example/share/rqt_example/environment/pythonpath.sh
[0.863s] -- Up-to-date symlink: /root/catkin_ws/install/rqt_example/share/rqt_example/environment/pythonpath.dsv
[0.864s] -- Up-to-date symlink: /root/catkin_ws/install/rqt_example/lib/python3.8/site-packages/rqt_example/__init__.py
[0.864s] -- Up-to-date symlink: /root/catkin_ws/install/rqt_example/lib/python3.8/site-packages/rqt_example/examples.py
[0.867s] -- Up-to-date symlink: /root/catkin_ws/install/rqt_example/lib/python3.8/site-packages/rqt_example/examples_widget.py
[0.867s] -- Up-to-date symlink: /root/catkin_ws/install/rqt_example/share/rqt_example/plugin.xml
[0.868s] -- Up-to-date symlink: /root/catkin_ws/install/rqt_example/share/rqt_example/resource/rqt_example.ui
[0.872s] -- Up-to-date symlink: /root/catkin_ws/install/rqt_example/share/rqt_example/launch/turtlesim.launch.py
[0.872s] -- Up-to-date symlink: /root/catkin_ws/install/rqt_example/lib/rqt_example/rqt_example
[0.873s] -- Up-to-date symlink: /root/catkin_ws/install/rqt_example/share/ament_index/resource_index/package_run_dependencies/rqt_example
[0.874s] -- Up-to-date symlink: /root/catkin_ws/install/rqt_example/share/ament_index/resource_index/parent_prefix_path/rqt_example
[0.874s] -- Up-to-date symlink: /root/catkin_ws/install/rqt_example/share/rqt_example/environment/ament_prefix_path.sh
[0.874s] -- Up-to-date symlink: /root/catkin_ws/install/rqt_example/share/rqt_example/environment/ament_prefix_path.dsv
[0.876s] -- Up-to-date symlink: /root/catkin_ws/install/rqt_example/share/rqt_example/environment/path.sh
[0.876s] -- Up-to-date symlink: /root/catkin_ws/install/rqt_example/share/rqt_example/environment/path.dsv
[0.879s] -- Up-to-date symlink: /root/catkin_ws/install/rqt_example/share/rqt_example/local_setup.bash
[0.881s] -- Up-to-date symlink: /root/catkin_ws/install/rqt_example/share/rqt_example/local_setup.sh
[0.884s] -- Up-to-date symlink: /root/catkin_ws/install/rqt_example/share/rqt_example/local_setup.zsh
[0.885s] -- Up-to-date symlink: /root/catkin_ws/install/rqt_example/share/rqt_example/local_setup.dsv
[0.885s] -- Symlinking: /root/catkin_ws/install/rqt_example/share/rqt_example/package.dsv
[0.902s] -- Up-to-date symlink: /root/catkin_ws/install/rqt_example/share/ament_index/resource_index/packages/rqt_example
[0.902s] -- Up-to-date symlink: /root/catkin_ws/install/rqt_example/share/rqt_example/cmake/rqt_exampleConfig.cmake
[0.902s] -- Up-to-date symlink: /root/catkin_ws/install/rqt_example/share/rqt_example/cmake/rqt_exampleConfig-version.cmake
[0.903s] -- Up-to-date symlink: /root/catkin_ws/install/rqt_example/share/rqt_example/package.xml
[0.912s] Listing '/root/catkin_ws/install/rqt_example/lib/python3.8/site-packages/rqt_example'...
[1.023s] Invoked command in '/root/catkin_ws/build/rqt_example' returned '0': CMAKE_PREFIX_PATH=${CMAKE_PREFIX_PATH}:/root/catkin_ws/install/topic_service_action_rclpy_example:/root/catkin_ws/install/time_rclpy_example:/root/catkin_ws/install/tf2_rclpy_example:/root/catkin_ws/install/ros2env:/root/catkin_ws/install/omo_r1mini_teleop:/root/catkin_ws/install/omo_r1mini_bringup:/root/catkin_ws/install/my_first_ros_rclpy_pkg:/root/catkin_ws/install/logging_rclpy_example:/root/catkin_ws/src/install/topic_service_action_rclpy_example:/root/catkin_ws/src/install/time_rclpy_example:/root/catkin_ws/src/install/tf2_rclpy_example:/root/catkin_ws/src/install/ros2env:/root/catkin_ws/src/install/omo_r1mini_teleop:/root/catkin_ws/src/install/omo_r1mini_bringup:/root/catkin_ws/src/install/my_first_ros_rclpy_pkg:/root/catkin_ws/src/install/logging_rclpy_example:/opt/ros/foxy /usr/bin/cmake --install /root/catkin_ws/build/rqt_example
