[0.088s] Invoking command in '/root/catkin_ws/build/drive_base_msgs': CMAKE_PREFIX_PATH=${CMAKE_PREFIX_PATH}:/root/catkin_ws/install/topic_service_action_rclpy_example:/root/catkin_ws/install/time_rclpy_example:/root/catkin_ws/install/tf2_rclpy_example:/root/catkin_ws/install/ros2env:/root/catkin_ws/install/omo_r1mini_teleop:/root/catkin_ws/install/omo_r1mini_bringup:/root/catkin_ws/install/my_first_ros_rclpy_pkg:/root/catkin_ws/install/logging_rclpy_example:/root/catkin_ws/install/iahrs_driver:/root/install/topic_service_action_rclpy_example:/root/install/time_rclpy_example:/root/install/tf2_rclpy_example:/root/install/ros2env:/root/install/omo_r1mini_teleop:/root/install/omo_r1mini_bringup:/root/install/my_first_ros_rclpy_pkg:/root/install/logging_rclpy_example:/opt/ros/foxy /usr/bin/cmake /root/catkin_ws/src/uros/drive_base/drive_base_msgs -DAMENT_CMAKE_SYMLINK_INSTALL=1 -DCMAKE_INSTALL_PREFIX=/root/catkin_ws/install/drive_base_msgs
[0.606s] -- The C compiler identification is GNU 9.4.0
[0.606s] -- The CXX compiler identification is GNU 9.4.0
[0.607s] -- Check for working C compiler: /usr/bin/cc
[0.607s] -- Check for working C compiler: /usr/bin/cc -- works
[0.609s] -- Detecting C compiler ABI info
[0.609s] -- Detecting C compiler ABI info - done
[0.609s] -- Detecting C compile features
[0.609s] -- Detecting C compile features - done
[0.609s] -- Check for working CXX compiler: /usr/bin/c++
[0.610s] -- Check for working CXX compiler: /usr/bin/c++ -- works
[0.610s] -- Detecting CXX compiler ABI info
[0.610s] -- Detecting CXX compiler ABI info - done
[0.611s] -- Detecting CXX compile features
[0.611s] -- Detecting CXX compile features - done
[0.613s] -- Found ament_cmake: 0.9.11 (/opt/ros/foxy/share/ament_cmake/cmake)
[0.615s] -- Found PythonInterp: /usr/bin/python3 (found suitable version "3.8.10", minimum required is "3") 
[0.615s] -- Using PYTHON_EXECUTABLE: /usr/bin/python3
[0.839s] -- Override CMake install command with custom implementation using symlinks instead of copying resources
[1.007s] -- Found std_msgs: 2.0.5 (/opt/ros/foxy/share/std_msgs/cmake)
[1.132s] -- Using all available rosidl_typesupport_c: rosidl_typesupport_fastrtps_c;rosidl_typesupport_introspection_c
[1.165s] -- Found rosidl_adapter: 1.3.0 (/opt/ros/foxy/share/rosidl_adapter/cmake)
[1.273s] -- Found OpenSSL: /usr/lib/x86_64-linux-gnu/libcrypto.so (found version "1.1.1f")  
[1.311s] -- Found FastRTPS: /opt/ros/foxy/include  
[1.465s] -- Using all available rosidl_typesupport_cpp: rosidl_typesupport_fastrtps_cpp;rosidl_typesupport_introspection_cpp
[1.554s] -- Found rosidl_default_generators: 1.0.1 (/opt/ros/foxy/share/rosidl_default_generators/cmake)
[1.635s] -- Found PythonInterp: /usr/bin/python3 (found version "3.8.10") 
[1.854s] -- Found ament_cmake_cppcheck: 0.9.8 (/opt/ros/foxy/share/ament_cmake_cppcheck/cmake)
[1.864s] -- Found ament_cmake_cpplint: 0.9.8 (/opt/ros/foxy/share/ament_cmake_cpplint/cmake)
[1.872s] -- Found ament_cmake_uncrustify: 0.9.8 (/opt/ros/foxy/share/ament_cmake_uncrustify/cmake)
[1.881s] -- Found ament_cmake_ros: 0.9.2 (/opt/ros/foxy/share/ament_cmake_ros/cmake)
[2.122s] -- Using all available rosidl_typesupport_c: rosidl_typesupport_fastrtps_c;rosidl_typesupport_introspection_c
[2.208s] -- Using all available rosidl_typesupport_cpp: rosidl_typesupport_fastrtps_cpp;rosidl_typesupport_introspection_cpp
[2.249s] -- Found PythonInterp: /usr/bin/python3 (found suitable version "3.8.10", minimum required is "3.5") 
[2.258s] -- Found python_cmake_module: 0.8.1 (/opt/ros/foxy/share/python_cmake_module/cmake)
[2.306s] -- Found PythonLibs: /usr/lib/x86_64-linux-gnu/libpython3.8.so (found suitable version "3.8.10", minimum required is "3.5") 
[2.306s] -- Using PYTHON_EXECUTABLE: /usr/bin/python3
[2.307s] -- Using PYTHON_INCLUDE_DIRS: /usr/include/python3.8
[2.307s] -- Using PYTHON_LIBRARIES: /usr/lib/x86_64-linux-gnu/libpython3.8.so
[2.368s] -- Found PythonExtra: .so  
[2.489s] -- Found ament_cmake_flake8: 0.9.8 (/opt/ros/foxy/share/ament_cmake_flake8/cmake)
[2.498s] -- Found ament_cmake_pep257: 0.9.8 (/opt/ros/foxy/share/ament_cmake_pep257/cmake)
[2.570s] -- Configuring done
[2.631s] -- Generating done
[2.632s] -- Build files have been written to: /root/catkin_ws/build/drive_base_msgs
[2.924s] Invoked command in '/root/catkin_ws/build/drive_base_msgs' returned '0': CMAKE_PREFIX_PATH=${CMAKE_PREFIX_PATH}:/root/catkin_ws/install/topic_service_action_rclpy_example:/root/catkin_ws/install/time_rclpy_example:/root/catkin_ws/install/tf2_rclpy_example:/root/catkin_ws/install/ros2env:/root/catkin_ws/install/omo_r1mini_teleop:/root/catkin_ws/install/omo_r1mini_bringup:/root/catkin_ws/install/my_first_ros_rclpy_pkg:/root/catkin_ws/install/logging_rclpy_example:/root/catkin_ws/install/iahrs_driver:/root/install/topic_service_action_rclpy_example:/root/install/time_rclpy_example:/root/install/tf2_rclpy_example:/root/install/ros2env:/root/install/omo_r1mini_teleop:/root/install/omo_r1mini_bringup:/root/install/my_first_ros_rclpy_pkg:/root/install/logging_rclpy_example:/opt/ros/foxy /usr/bin/cmake /root/catkin_ws/src/uros/drive_base/drive_base_msgs -DAMENT_CMAKE_SYMLINK_INSTALL=1 -DCMAKE_INSTALL_PREFIX=/root/catkin_ws/install/drive_base_msgs
[2.927s] Invoking command in '/root/catkin_ws/build/drive_base_msgs': CMAKE_PREFIX_PATH=${CMAKE_PREFIX_PATH}:/root/catkin_ws/install/topic_service_action_rclpy_example:/root/catkin_ws/install/time_rclpy_example:/root/catkin_ws/install/tf2_rclpy_example:/root/catkin_ws/install/ros2env:/root/catkin_ws/install/omo_r1mini_teleop:/root/catkin_ws/install/omo_r1mini_bringup:/root/catkin_ws/install/my_first_ros_rclpy_pkg:/root/catkin_ws/install/logging_rclpy_example:/root/catkin_ws/install/iahrs_driver:/root/install/topic_service_action_rclpy_example:/root/install/time_rclpy_example:/root/install/tf2_rclpy_example:/root/install/ros2env:/root/install/omo_r1mini_teleop:/root/install/omo_r1mini_bringup:/root/install/my_first_ros_rclpy_pkg:/root/install/logging_rclpy_example:/opt/ros/foxy /usr/bin/cmake --build /root/catkin_ws/build/drive_base_msgs -- -j12 -l12
[3.003s] [  1%] [34m[1mGenerating C code for ROS interfaces[0m
[3.004s] [35m[1mScanning dependencies of target drive_base_msgs__cpp[0m
[3.004s] [  3%] [34m[1mGenerating C++ code for ROS interfaces[0m
[3.874s] [  3%] Built target drive_base_msgs__cpp
[3.893s] [  7%] [34m[1mGenerating C++ type support for eProsima Fast-RTPS[0m
[3.893s] [  7%] [34m[1mGenerating C++ introspection for ROS interfaces[0m
[3.893s] [  9%] [34m[1mGenerating C++ type support dispatch for ROS interfaces[0m
[3.939s] [35m[1mScanning dependencies of target drive_base_msgs__rosidl_generator_c[0m
[3.968s] [ 10%] [32mBuilding C object CMakeFiles/drive_base_msgs__rosidl_generator_c.dir/rosidl_generator_c/drive_base_msgs/msg/detail/command_header__functions.c.o[0m
[3.970s] [ 12%] [32mBuilding C object CMakeFiles/drive_base_msgs__rosidl_generator_c.dir/rosidl_generator_c/drive_base_msgs/msg/detail/base_info__functions.c.o[0m
[3.979s] [ 16%] [32mBuilding C object CMakeFiles/drive_base_msgs__rosidl_generator_c.dir/rosidl_generator_c/drive_base_msgs/msg/detail/trv_command__functions.c.o[0m
[3.980s] [ 16%] [32mBuilding C object CMakeFiles/drive_base_msgs__rosidl_generator_c.dir/rosidl_generator_c/drive_base_msgs/msg/detail/command_status__functions.c.o[0m
[4.086s] [ 18%] [32m[1mLinking C shared library libdrive_base_msgs__rosidl_generator_c.so[0m
[4.155s] [ 18%] Built target drive_base_msgs__rosidl_generator_c
[4.170s] [ 20%] [34m[1mGenerating C type support dispatch for ROS interfaces[0m
[4.175s] [ 21%] [34m[1mGenerating C introspection for ROS interfaces[0m
[4.497s] [35m[1mScanning dependencies of target drive_base_msgs__rosidl_typesupport_cpp[0m
[4.515s] [ 23%] [32mBuilding CXX object CMakeFiles/drive_base_msgs__rosidl_typesupport_cpp.dir/rosidl_typesupport_cpp/drive_base_msgs/msg/command_header__type_support.cpp.o[0m
[4.515s] [ 29%] [32mBuilding CXX object CMakeFiles/drive_base_msgs__rosidl_typesupport_cpp.dir/rosidl_typesupport_cpp/drive_base_msgs/msg/base_info__type_support.cpp.o[0m
[4.515s] [ 29%] [32mBuilding CXX object CMakeFiles/drive_base_msgs__rosidl_typesupport_cpp.dir/rosidl_typesupport_cpp/drive_base_msgs/msg/trv_command__type_support.cpp.o[0m
[4.515s] [ 29%] [32mBuilding CXX object CMakeFiles/drive_base_msgs__rosidl_typesupport_cpp.dir/rosidl_typesupport_cpp/drive_base_msgs/msg/command_status__type_support.cpp.o[0m
[4.612s] [35m[1mScanning dependencies of target drive_base_msgs__rosidl_typesupport_fastrtps_cpp[0m
[4.636s] [ 32%] [32mBuilding CXX object CMakeFiles/drive_base_msgs__rosidl_typesupport_fastrtps_cpp.dir/rosidl_typesupport_fastrtps_cpp/drive_base_msgs/msg/detail/dds_fastrtps/command_header__type_support.cpp.o[0m
[4.637s] [ 32%] [32mBuilding CXX object CMakeFiles/drive_base_msgs__rosidl_typesupport_fastrtps_cpp.dir/rosidl_typesupport_fastrtps_cpp/drive_base_msgs/msg/detail/dds_fastrtps/base_info__type_support.cpp.o[0m
[4.645s] [ 36%] [32mBuilding CXX object CMakeFiles/drive_base_msgs__rosidl_typesupport_fastrtps_cpp.dir/rosidl_typesupport_fastrtps_cpp/drive_base_msgs/msg/detail/dds_fastrtps/command_status__type_support.cpp.o[0m
[4.645s] [ 36%] [32mBuilding CXX object CMakeFiles/drive_base_msgs__rosidl_typesupport_fastrtps_cpp.dir/rosidl_typesupport_fastrtps_cpp/drive_base_msgs/msg/detail/dds_fastrtps/trv_command__type_support.cpp.o[0m
[4.760s] [35m[1mScanning dependencies of target drive_base_msgs__rosidl_typesupport_introspection_cpp[0m
[4.782s] [ 38%] [32mBuilding CXX object CMakeFiles/drive_base_msgs__rosidl_typesupport_introspection_cpp.dir/rosidl_typesupport_introspection_cpp/drive_base_msgs/msg/detail/command_header__type_support.cpp.o[0m
[4.801s] [ 40%] [32mBuilding CXX object CMakeFiles/drive_base_msgs__rosidl_typesupport_introspection_cpp.dir/rosidl_typesupport_introspection_cpp/drive_base_msgs/msg/detail/base_info__type_support.cpp.o[0m
[4.888s] [ 41%] [32mBuilding CXX object CMakeFiles/drive_base_msgs__rosidl_typesupport_introspection_cpp.dir/rosidl_typesupport_introspection_cpp/drive_base_msgs/msg/detail/command_status__type_support.cpp.o[0m
[4.910s] [ 43%] [32mBuilding CXX object CMakeFiles/drive_base_msgs__rosidl_typesupport_introspection_cpp.dir/rosidl_typesupport_introspection_cpp/drive_base_msgs/msg/detail/trv_command__type_support.cpp.o[0m
[5.044s] [ 45%] [32m[1mLinking CXX shared library libdrive_base_msgs__rosidl_typesupport_cpp.so[0m
[5.078s] [35m[1mScanning dependencies of target drive_base_msgs__rosidl_typesupport_c[0m
[5.108s] [ 49%] [32mBuilding CXX object CMakeFiles/drive_base_msgs__rosidl_typesupport_c.dir/rosidl_typesupport_c/drive_base_msgs/msg/base_info__type_support.cpp.o[0m
[5.108s] [ 49%] [32mBuilding CXX object CMakeFiles/drive_base_msgs__rosidl_typesupport_c.dir/rosidl_typesupport_c/drive_base_msgs/msg/command_header__type_support.cpp.o[0m
[5.120s] [35m[1mScanning dependencies of target drive_base_msgs__rosidl_typesupport_introspection_c[0m
[5.125s] [ 49%] Built target drive_base_msgs__rosidl_typesupport_cpp
[5.139s] [ 50%] [32mBuilding CXX object CMakeFiles/drive_base_msgs__rosidl_typesupport_c.dir/rosidl_typesupport_c/drive_base_msgs/msg/command_status__type_support.cpp.o[0m
[5.154s] [ 52%] [32mBuilding CXX object CMakeFiles/drive_base_msgs__rosidl_typesupport_c.dir/rosidl_typesupport_c/drive_base_msgs/msg/trv_command__type_support.cpp.o[0m
[5.178s] [ 54%] [32mBuilding C object CMakeFiles/drive_base_msgs__rosidl_typesupport_introspection_c.dir/rosidl_typesupport_introspection_c/drive_base_msgs/msg/detail/command_header__type_support.c.o[0m
[5.182s] [ 56%] [32mBuilding C object CMakeFiles/drive_base_msgs__rosidl_typesupport_introspection_c.dir/rosidl_typesupport_introspection_c/drive_base_msgs/msg/detail/base_info__type_support.c.o[0m
[5.195s] [ 58%] [32mBuilding C object CMakeFiles/drive_base_msgs__rosidl_typesupport_introspection_c.dir/rosidl_typesupport_introspection_c/drive_base_msgs/msg/detail/command_status__type_support.c.o[0m
[5.219s] [ 60%] [32mBuilding C object CMakeFiles/drive_base_msgs__rosidl_typesupport_introspection_c.dir/rosidl_typesupport_introspection_c/drive_base_msgs/msg/detail/trv_command__type_support.c.o[0m
[5.223s] [ 61%] [32m[1mLinking CXX shared library libdrive_base_msgs__rosidl_typesupport_c.so[0m
[5.261s] [ 63%] [32m[1mLinking C shared library libdrive_base_msgs__rosidl_typesupport_introspection_c.so[0m
[5.264s] [ 63%] Built target drive_base_msgs__rosidl_typesupport_c
[5.291s] [ 63%] Built target drive_base_msgs__rosidl_typesupport_introspection_c
[5.316s] [ 65%] [32m[1mLinking CXX shared library libdrive_base_msgs__rosidl_typesupport_introspection_cpp.so[0m
[5.319s] [ 67%] [32m[1mLinking CXX shared library libdrive_base_msgs__rosidl_typesupport_fastrtps_cpp.so[0m
[5.368s] [ 67%] Built target drive_base_msgs__rosidl_typesupport_introspection_cpp
[5.389s] [ 67%] Built target drive_base_msgs__rosidl_typesupport_fastrtps_cpp
[5.399s] [ 69%] [34m[1mGenerating C type support for eProsima Fast-RTPS[0m
[5.881s] [35m[1mScanning dependencies of target drive_base_msgs__rosidl_typesupport_fastrtps_c[0m
[5.896s] [ 76%] [32mBuilding CXX object CMakeFiles/drive_base_msgs__rosidl_typesupport_fastrtps_c.dir/rosidl_typesupport_fastrtps_c/drive_base_msgs/msg/detail/trv_command__type_support_c.cpp.o[0m
[5.896s] [ 76%] [32mBuilding CXX object CMakeFiles/drive_base_msgs__rosidl_typesupport_fastrtps_c.dir/rosidl_typesupport_fastrtps_c/drive_base_msgs/msg/detail/base_info__type_support_c.cpp.o[0m
[5.896s] [ 76%] [32mBuilding CXX object CMakeFiles/drive_base_msgs__rosidl_typesupport_fastrtps_c.dir/rosidl_typesupport_fastrtps_c/drive_base_msgs/msg/detail/command_status__type_support_c.cpp.o[0m
[5.896s] [ 76%] [32mBuilding CXX object CMakeFiles/drive_base_msgs__rosidl_typesupport_fastrtps_c.dir/rosidl_typesupport_fastrtps_c/drive_base_msgs/msg/detail/command_header__type_support_c.cpp.o[0m
[6.171s] [ 78%] [32m[1mLinking CXX shared library libdrive_base_msgs__rosidl_typesupport_fastrtps_c.so[0m
[6.232s] [ 78%] Built target drive_base_msgs__rosidl_typesupport_fastrtps_c
[6.240s] [35m[1mScanning dependencies of target drive_base_msgs[0m
[6.248s] [ 78%] Built target drive_base_msgs
[6.256s] [35m[1mScanning dependencies of target drive_base_msgs__py[0m
[6.265s] [ 80%] [34m[1mGenerating Python code for ROS interfaces[0m
[7.142s] [ 80%] Built target drive_base_msgs__py
[7.151s] [35m[1mScanning dependencies of target drive_base_msgs__python[0m
[7.172s] [ 87%] [32mBuilding C object CMakeFiles/drive_base_msgs__python.dir/rosidl_generator_py/drive_base_msgs/msg/_command_status_s.c.o[0m
[7.172s] [ 87%] [32mBuilding C object CMakeFiles/drive_base_msgs__python.dir/rosidl_generator_py/drive_base_msgs/msg/_base_info_s.c.o[0m
[7.172s] [ 87%] [32mBuilding C object CMakeFiles/drive_base_msgs__python.dir/rosidl_generator_py/drive_base_msgs/msg/_command_header_s.c.o[0m
[7.172s] [ 87%] [32mBuilding C object CMakeFiles/drive_base_msgs__python.dir/rosidl_generator_py/drive_base_msgs/msg/_trv_command_s.c.o[0m
[7.246s] [ 89%] [32m[1mLinking C shared library rosidl_generator_py/drive_base_msgs/libdrive_base_msgs__python.so[0m
[7.277s] [ 89%] Built target drive_base_msgs__python
[7.286s] [35m[1mScanning dependencies of target drive_base_msgs__rosidl_typesupport_introspection_c__pyext[0m
[7.286s] [35m[1mScanning dependencies of target drive_base_msgs__rosidl_typesupport_c__pyext[0m
[7.286s] [35m[1mScanning dependencies of target drive_base_msgs__rosidl_typesupport_fastrtps_c__pyext[0m
[7.301s] [ 90%] [32mBuilding C object CMakeFiles/drive_base_msgs__rosidl_typesupport_c__pyext.dir/rosidl_generator_py/drive_base_msgs/_drive_base_msgs_s.ep.rosidl_typesupport_c.c.o[0m
[7.302s] [ 92%] [32mBuilding C object CMakeFiles/drive_base_msgs__rosidl_typesupport_fastrtps_c__pyext.dir/rosidl_generator_py/drive_base_msgs/_drive_base_msgs_s.ep.rosidl_typesupport_fastrtps_c.c.o[0m
[7.302s] [ 94%] [32mBuilding C object CMakeFiles/drive_base_msgs__rosidl_typesupport_introspection_c__pyext.dir/rosidl_generator_py/drive_base_msgs/_drive_base_msgs_s.ep.rosidl_typesupport_introspection_c.c.o[0m
[7.368s] [100%] [32m[1mLinking C shared library rosidl_generator_py/drive_base_msgs/drive_base_msgs_s__rosidl_typesupport_c.cpython-38-x86_64-linux-gnu.so[0m
[7.368s] [100%] [32m[1mLinking CXX shared library rosidl_generator_py/drive_base_msgs/drive_base_msgs_s__rosidl_typesupport_fastrtps_c.cpython-38-x86_64-linux-gnu.so[0m
[7.368s] [100%] [32m[1mLinking C shared library rosidl_generator_py/drive_base_msgs/drive_base_msgs_s__rosidl_typesupport_introspection_c.cpython-38-x86_64-linux-gnu.so[0m
[7.399s] [100%] Built target drive_base_msgs__rosidl_typesupport_introspection_c__pyext
[7.399s] [100%] Built target drive_base_msgs__rosidl_typesupport_c__pyext
[7.420s] [100%] Built target drive_base_msgs__rosidl_typesupport_fastrtps_c__pyext
[7.429s] Invoked command in '/root/catkin_ws/build/drive_base_msgs' returned '0': CMAKE_PREFIX_PATH=${CMAKE_PREFIX_PATH}:/root/catkin_ws/install/topic_service_action_rclpy_example:/root/catkin_ws/install/time_rclpy_example:/root/catkin_ws/install/tf2_rclpy_example:/root/catkin_ws/install/ros2env:/root/catkin_ws/install/omo_r1mini_teleop:/root/catkin_ws/install/omo_r1mini_bringup:/root/catkin_ws/install/my_first_ros_rclpy_pkg:/root/catkin_ws/install/logging_rclpy_example:/root/catkin_ws/install/iahrs_driver:/root/install/topic_service_action_rclpy_example:/root/install/time_rclpy_example:/root/install/tf2_rclpy_example:/root/install/ros2env:/root/install/omo_r1mini_teleop:/root/install/omo_r1mini_bringup:/root/install/my_first_ros_rclpy_pkg:/root/install/logging_rclpy_example:/opt/ros/foxy /usr/bin/cmake --build /root/catkin_ws/build/drive_base_msgs -- -j12 -l12
[7.503s] Invoking command in '/root/catkin_ws/build/drive_base_msgs': CMAKE_PREFIX_PATH=${CMAKE_PREFIX_PATH}:/root/catkin_ws/install/topic_service_action_rclpy_example:/root/catkin_ws/install/time_rclpy_example:/root/catkin_ws/install/tf2_rclpy_example:/root/catkin_ws/install/ros2env:/root/catkin_ws/install/omo_r1mini_teleop:/root/catkin_ws/install/omo_r1mini_bringup:/root/catkin_ws/install/my_first_ros_rclpy_pkg:/root/catkin_ws/install/logging_rclpy_example:/root/catkin_ws/install/iahrs_driver:/root/install/topic_service_action_rclpy_example:/root/install/time_rclpy_example:/root/install/tf2_rclpy_example:/root/install/ros2env:/root/install/omo_r1mini_teleop:/root/install/omo_r1mini_bringup:/root/install/my_first_ros_rclpy_pkg:/root/install/logging_rclpy_example:/opt/ros/foxy /usr/bin/cmake --install /root/catkin_ws/build/drive_base_msgs
[7.510s] -- Install configuration: ""
[7.510s] -- Execute custom install script
[7.511s] -- Symlinking: /root/catkin_ws/install/drive_base_msgs/share/ament_index/resource_index/rosidl_interfaces/drive_base_msgs
[7.518s] -- Symlinking: /root/catkin_ws/install/drive_base_msgs/include/drive_base_msgs/msg/base_info.h
[7.525s] -- Symlinking: /root/catkin_ws/install/drive_base_msgs/include/drive_base_msgs/msg/command_header.h
[7.532s] -- Symlinking: /root/catkin_ws/install/drive_base_msgs/include/drive_base_msgs/msg/command_status.h
[7.539s] -- Symlinking: /root/catkin_ws/install/drive_base_msgs/include/drive_base_msgs/msg/detail/base_info__functions.h
[7.545s] -- Symlinking: /root/catkin_ws/install/drive_base_msgs/include/drive_base_msgs/msg/detail/base_info__struct.h
[7.552s] -- Symlinking: /root/catkin_ws/install/drive_base_msgs/include/drive_base_msgs/msg/detail/base_info__type_support.h
[7.558s] -- Symlinking: /root/catkin_ws/install/drive_base_msgs/include/drive_base_msgs/msg/detail/command_header__functions.h
[7.565s] -- Symlinking: /root/catkin_ws/install/drive_base_msgs/include/drive_base_msgs/msg/detail/command_header__struct.h
[7.572s] -- Symlinking: /root/catkin_ws/install/drive_base_msgs/include/drive_base_msgs/msg/detail/command_header__type_support.h
[7.579s] -- Symlinking: /root/catkin_ws/install/drive_base_msgs/include/drive_base_msgs/msg/detail/command_status__functions.h
[7.585s] -- Symlinking: /root/catkin_ws/install/drive_base_msgs/include/drive_base_msgs/msg/detail/command_status__struct.h
[7.592s] -- Symlinking: /root/catkin_ws/install/drive_base_msgs/include/drive_base_msgs/msg/detail/command_status__type_support.h
[7.599s] -- Symlinking: /root/catkin_ws/install/drive_base_msgs/include/drive_base_msgs/msg/detail/trv_command__functions.h
[7.606s] -- Symlinking: /root/catkin_ws/install/drive_base_msgs/include/drive_base_msgs/msg/detail/trv_command__struct.h
[7.612s] -- Symlinking: /root/catkin_ws/install/drive_base_msgs/include/drive_base_msgs/msg/detail/trv_command__type_support.h
[7.619s] -- Symlinking: /root/catkin_ws/install/drive_base_msgs/include/drive_base_msgs/msg/rosidl_generator_c__visibility_control.h
[7.625s] -- Symlinking: /root/catkin_ws/install/drive_base_msgs/include/drive_base_msgs/msg/trv_command.h
[7.632s] -- Symlinking: /root/catkin_ws/install/drive_base_msgs/share/drive_base_msgs/environment/library_path.sh
[7.638s] -- Symlinking: /root/catkin_ws/install/drive_base_msgs/share/drive_base_msgs/environment/library_path.dsv
[7.645s] -- Symlinking: /root/catkin_ws/install/drive_base_msgs/include/drive_base_msgs/msg/detail/base_info__rosidl_typesupport_fastrtps_c.h
[7.652s] -- Symlinking: /root/catkin_ws/install/drive_base_msgs/include/drive_base_msgs/msg/detail/command_header__rosidl_typesupport_fastrtps_c.h
[7.658s] -- Symlinking: /root/catkin_ws/install/drive_base_msgs/include/drive_base_msgs/msg/detail/command_status__rosidl_typesupport_fastrtps_c.h
[7.665s] -- Symlinking: /root/catkin_ws/install/drive_base_msgs/include/drive_base_msgs/msg/detail/trv_command__rosidl_typesupport_fastrtps_c.h
[7.672s] -- Symlinking: /root/catkin_ws/install/drive_base_msgs/include/drive_base_msgs/msg/rosidl_typesupport_fastrtps_c__visibility_control.h
[7.678s] -- Symlinking: /root/catkin_ws/install/drive_base_msgs/lib/libdrive_base_msgs__rosidl_typesupport_fastrtps_c.so
[7.685s] -- Symlinking: /root/catkin_ws/install/drive_base_msgs/include/drive_base_msgs/msg/detail/base_info__rosidl_typesupport_fastrtps_cpp.hpp
[7.692s] -- Symlinking: /root/catkin_ws/install/drive_base_msgs/include/drive_base_msgs/msg/detail/command_header__rosidl_typesupport_fastrtps_cpp.hpp
[7.699s] -- Symlinking: /root/catkin_ws/install/drive_base_msgs/include/drive_base_msgs/msg/detail/command_status__rosidl_typesupport_fastrtps_cpp.hpp
[7.706s] -- Symlinking: /root/catkin_ws/install/drive_base_msgs/include/drive_base_msgs/msg/detail/trv_command__rosidl_typesupport_fastrtps_cpp.hpp
[7.713s] -- Symlinking: /root/catkin_ws/install/drive_base_msgs/include/drive_base_msgs/msg/rosidl_typesupport_fastrtps_cpp__visibility_control.h
[7.720s] -- Symlinking: /root/catkin_ws/install/drive_base_msgs/lib/libdrive_base_msgs__rosidl_typesupport_fastrtps_cpp.so
[7.730s] -- Symlinking: /root/catkin_ws/install/drive_base_msgs/include/drive_base_msgs/msg/detail/base_info__rosidl_typesupport_introspection_c.h
[7.738s] -- Symlinking: /root/catkin_ws/install/drive_base_msgs/include/drive_base_msgs/msg/detail/command_header__rosidl_typesupport_introspection_c.h
[7.746s] -- Symlinking: /root/catkin_ws/install/drive_base_msgs/include/drive_base_msgs/msg/detail/command_status__rosidl_typesupport_introspection_c.h
[7.753s] -- Symlinking: /root/catkin_ws/install/drive_base_msgs/include/drive_base_msgs/msg/detail/trv_command__rosidl_typesupport_introspection_c.h
[7.761s] -- Symlinking: /root/catkin_ws/install/drive_base_msgs/include/drive_base_msgs/msg/rosidl_typesupport_introspection_c__visibility_control.h
[7.769s] -- Symlinking: /root/catkin_ws/install/drive_base_msgs/include/drive_base_msgs/msg/base_info.hpp
[7.778s] -- Symlinking: /root/catkin_ws/install/drive_base_msgs/include/drive_base_msgs/msg/command_header.hpp
[7.785s] -- Symlinking: /root/catkin_ws/install/drive_base_msgs/include/drive_base_msgs/msg/command_status.hpp
[7.797s] -- Symlinking: /root/catkin_ws/install/drive_base_msgs/include/drive_base_msgs/msg/detail/base_info__builder.hpp
[7.805s] -- Symlinking: /root/catkin_ws/install/drive_base_msgs/include/drive_base_msgs/msg/detail/base_info__struct.hpp
[7.813s] -- Symlinking: /root/catkin_ws/install/drive_base_msgs/include/drive_base_msgs/msg/detail/base_info__traits.hpp
[7.821s] -- Symlinking: /root/catkin_ws/install/drive_base_msgs/include/drive_base_msgs/msg/detail/command_header__builder.hpp
[7.828s] -- Symlinking: /root/catkin_ws/install/drive_base_msgs/include/drive_base_msgs/msg/detail/command_header__struct.hpp
[7.835s] -- Symlinking: /root/catkin_ws/install/drive_base_msgs/include/drive_base_msgs/msg/detail/command_header__traits.hpp
[7.841s] -- Symlinking: /root/catkin_ws/install/drive_base_msgs/include/drive_base_msgs/msg/detail/command_status__builder.hpp
[7.848s] -- Symlinking: /root/catkin_ws/install/drive_base_msgs/include/drive_base_msgs/msg/detail/command_status__struct.hpp
[7.854s] -- Symlinking: /root/catkin_ws/install/drive_base_msgs/include/drive_base_msgs/msg/detail/command_status__traits.hpp
[7.861s] -- Symlinking: /root/catkin_ws/install/drive_base_msgs/include/drive_base_msgs/msg/detail/trv_command__builder.hpp
[7.868s] -- Symlinking: /root/catkin_ws/install/drive_base_msgs/include/drive_base_msgs/msg/detail/trv_command__struct.hpp
[7.874s] -- Symlinking: /root/catkin_ws/install/drive_base_msgs/include/drive_base_msgs/msg/detail/trv_command__traits.hpp
[7.881s] -- Symlinking: /root/catkin_ws/install/drive_base_msgs/include/drive_base_msgs/msg/trv_command.hpp
[7.888s] -- Symlinking: /root/catkin_ws/install/drive_base_msgs/include/drive_base_msgs/msg/detail/base_info__rosidl_typesupport_introspection_cpp.hpp
[7.895s] -- Symlinking: /root/catkin_ws/install/drive_base_msgs/include/drive_base_msgs/msg/detail/command_header__rosidl_typesupport_introspection_cpp.hpp
[7.901s] -- Symlinking: /root/catkin_ws/install/drive_base_msgs/include/drive_base_msgs/msg/detail/command_status__rosidl_typesupport_introspection_cpp.hpp
[7.908s] -- Symlinking: /root/catkin_ws/install/drive_base_msgs/include/drive_base_msgs/msg/detail/trv_command__rosidl_typesupport_introspection_cpp.hpp
[7.915s] -- Symlinking: /root/catkin_ws/install/drive_base_msgs/share/drive_base_msgs/environment/pythonpath.sh
[7.921s] -- Symlinking: /root/catkin_ws/install/drive_base_msgs/share/drive_base_msgs/environment/pythonpath.dsv
[7.928s] -- Symlinking: /root/catkin_ws/install/drive_base_msgs/lib/python3.8/site-packages/drive_base_msgs/__init__.py
[7.935s] -- Symlinking: /root/catkin_ws/install/drive_base_msgs/lib/python3.8/site-packages/drive_base_msgs/msg/__init__.py
[7.942s] -- Symlinking: /root/catkin_ws/install/drive_base_msgs/lib/python3.8/site-packages/drive_base_msgs/msg/_base_info.py
[7.948s] -- Symlinking: /root/catkin_ws/install/drive_base_msgs/lib/python3.8/site-packages/drive_base_msgs/msg/_command_header.py
[7.955s] -- Symlinking: /root/catkin_ws/install/drive_base_msgs/lib/python3.8/site-packages/drive_base_msgs/msg/_command_status.py
[7.961s] -- Symlinking: /root/catkin_ws/install/drive_base_msgs/lib/python3.8/site-packages/drive_base_msgs/msg/_trv_command.py
[7.968s] -- Symlinking: /root/catkin_ws/install/drive_base_msgs/lib/python3.8/site-packages/drive_base_msgs/drive_base_msgs_s__rosidl_typesupport_fastrtps_c.cpython-38-x86_64-linux-gnu.so
[7.975s] -- Symlinking: /root/catkin_ws/install/drive_base_msgs/lib/python3.8/site-packages/drive_base_msgs/drive_base_msgs_s__rosidl_typesupport_introspection_c.cpython-38-x86_64-linux-gnu.so
[7.981s] -- Symlinking: /root/catkin_ws/install/drive_base_msgs/lib/python3.8/site-packages/drive_base_msgs/drive_base_msgs_s__rosidl_typesupport_c.cpython-38-x86_64-linux-gnu.so
[7.988s] -- Symlinking: /root/catkin_ws/install/drive_base_msgs/lib/libdrive_base_msgs__python.so
[7.995s] -- Symlinking: /root/catkin_ws/install/drive_base_msgs/share/drive_base_msgs/msg/CommandHeader.idl
[8.002s] -- Symlinking: /root/catkin_ws/install/drive_base_msgs/share/drive_base_msgs/msg/BaseInfo.idl
[8.010s] -- Symlinking: /root/catkin_ws/install/drive_base_msgs/share/drive_base_msgs/msg/CommandStatus.idl
[8.017s] -- Symlinking: /root/catkin_ws/install/drive_base_msgs/share/drive_base_msgs/msg/TRVCommand.idl
[8.025s] -- Symlinking: /root/catkin_ws/install/drive_base_msgs/share/drive_base_msgs/msg/CommandHeader.msg
[8.032s] -- Symlinking: /root/catkin_ws/install/drive_base_msgs/share/drive_base_msgs/msg/BaseInfo.msg
[8.040s] -- Symlinking: /root/catkin_ws/install/drive_base_msgs/share/drive_base_msgs/msg/CommandStatus.msg
[8.047s] -- Symlinking: /root/catkin_ws/install/drive_base_msgs/share/drive_base_msgs/msg/TRVCommand.msg
[8.055s] -- Symlinking: /root/catkin_ws/install/drive_base_msgs/share/ament_index/resource_index/package_run_dependencies/drive_base_msgs
[8.063s] -- Symlinking: /root/catkin_ws/install/drive_base_msgs/share/ament_index/resource_index/parent_prefix_path/drive_base_msgs
[8.070s] -- Symlinking: /root/catkin_ws/install/drive_base_msgs/share/drive_base_msgs/environment/ament_prefix_path.sh
[8.078s] -- Symlinking: /root/catkin_ws/install/drive_base_msgs/share/drive_base_msgs/environment/ament_prefix_path.dsv
[8.085s] -- Symlinking: /root/catkin_ws/install/drive_base_msgs/share/drive_base_msgs/environment/path.sh
[8.093s] -- Symlinking: /root/catkin_ws/install/drive_base_msgs/share/drive_base_msgs/environment/path.dsv
[8.101s] -- Symlinking: /root/catkin_ws/install/drive_base_msgs/share/drive_base_msgs/local_setup.bash
[8.109s] -- Symlinking: /root/catkin_ws/install/drive_base_msgs/share/drive_base_msgs/local_setup.sh
[8.116s] -- Symlinking: /root/catkin_ws/install/drive_base_msgs/share/drive_base_msgs/local_setup.zsh
[8.124s] -- Symlinking: /root/catkin_ws/install/drive_base_msgs/share/drive_base_msgs/local_setup.dsv
[8.132s] -- Symlinking: /root/catkin_ws/install/drive_base_msgs/share/drive_base_msgs/package.dsv
[8.139s] -- Symlinking: /root/catkin_ws/install/drive_base_msgs/share/ament_index/resource_index/packages/drive_base_msgs
[8.147s] -- Symlinking: /root/catkin_ws/install/drive_base_msgs/share/drive_base_msgs/cmake/rosidl_cmake-extras.cmake
[8.154s] -- Symlinking: /root/catkin_ws/install/drive_base_msgs/share/drive_base_msgs/cmake/ament_cmake_export_dependencies-extras.cmake
[8.163s] -- Symlinking: /root/catkin_ws/install/drive_base_msgs/share/drive_base_msgs/cmake/ament_cmake_export_libraries-extras.cmake
[8.171s] -- Symlinking: /root/catkin_ws/install/drive_base_msgs/share/drive_base_msgs/cmake/ament_cmake_export_targets-extras.cmake
[8.178s] -- Symlinking: /root/catkin_ws/install/drive_base_msgs/share/drive_base_msgs/cmake/ament_cmake_export_include_directories-extras.cmake
[8.186s] -- Symlinking: /root/catkin_ws/install/drive_base_msgs/share/drive_base_msgs/cmake/rosidl_cmake_export_typesupport_libraries-extras.cmake
[8.194s] -- Symlinking: /root/catkin_ws/install/drive_base_msgs/share/drive_base_msgs/cmake/rosidl_cmake_export_typesupport_targets-extras.cmake
[8.202s] -- Symlinking: /root/catkin_ws/install/drive_base_msgs/share/drive_base_msgs/cmake/drive_base_msgsConfig.cmake
[8.245s] -- Symlinking: /root/catkin_ws/install/drive_base_msgs/share/drive_base_msgs/cmake/drive_base_msgsConfig-version.cmake
[8.263s] -- Symlinking: /root/catkin_ws/install/drive_base_msgs/share/drive_base_msgs/package.xml
[8.275s] -- Installing: /root/catkin_ws/install/drive_base_msgs/lib/libdrive_base_msgs__rosidl_generator_c.so
[8.275s] -- Set runtime path of "/root/catkin_ws/install/drive_base_msgs/lib/libdrive_base_msgs__rosidl_generator_c.so" to ""
[8.275s] -- Installing: /root/catkin_ws/install/drive_base_msgs/lib/libdrive_base_msgs__rosidl_typesupport_introspection_c.so
[8.276s] -- Set runtime path of "/root/catkin_ws/install/drive_base_msgs/lib/libdrive_base_msgs__rosidl_typesupport_introspection_c.so" to ""
[8.276s] -- Installing: /root/catkin_ws/install/drive_base_msgs/lib/libdrive_base_msgs__rosidl_typesupport_c.so
[8.276s] -- Set runtime path of "/root/catkin_ws/install/drive_base_msgs/lib/libdrive_base_msgs__rosidl_typesupport_c.so" to ""
[8.276s] -- Installing: /root/catkin_ws/install/drive_base_msgs/lib/libdrive_base_msgs__rosidl_typesupport_introspection_cpp.so
[8.276s] -- Set runtime path of "/root/catkin_ws/install/drive_base_msgs/lib/libdrive_base_msgs__rosidl_typesupport_introspection_cpp.so" to ""
[8.276s] -- Installing: /root/catkin_ws/install/drive_base_msgs/lib/libdrive_base_msgs__rosidl_typesupport_cpp.so
[8.277s] -- Set runtime path of "/root/catkin_ws/install/drive_base_msgs/lib/libdrive_base_msgs__rosidl_typesupport_cpp.so" to ""
[8.322s] Compiling '/root/catkin_ws/install/drive_base_msgs/lib/python3.8/site-packages/drive_base_msgs/__init__.py'...
[8.326s] -- Installing: /root/catkin_ws/install/drive_base_msgs/share/drive_base_msgs/cmake/drive_base_msgs__rosidl_generator_cExport.cmake
[8.326s] -- Installing: /root/catkin_ws/install/drive_base_msgs/share/drive_base_msgs/cmake/drive_base_msgs__rosidl_generator_cExport-noconfig.cmake
[8.326s] -- Installing: /root/catkin_ws/install/drive_base_msgs/share/drive_base_msgs/cmake/drive_base_msgs__rosidl_typesupport_introspection_cExport.cmake
[8.326s] -- Installing: /root/catkin_ws/install/drive_base_msgs/share/drive_base_msgs/cmake/drive_base_msgs__rosidl_typesupport_introspection_cExport-noconfig.cmake
[8.326s] -- Installing: /root/catkin_ws/install/drive_base_msgs/share/drive_base_msgs/cmake/drive_base_msgs__rosidl_typesupport_cExport.cmake
[8.326s] -- Installing: /root/catkin_ws/install/drive_base_msgs/share/drive_base_msgs/cmake/drive_base_msgs__rosidl_typesupport_cExport-noconfig.cmake
[8.327s] -- Installing: /root/catkin_ws/install/drive_base_msgs/share/drive_base_msgs/cmake/drive_base_msgs__rosidl_generator_cppExport.cmake
[8.327s] -- Installing: /root/catkin_ws/install/drive_base_msgs/share/drive_base_msgs/cmake/drive_base_msgs__rosidl_typesupport_introspection_cppExport.cmake
[8.327s] -- Installing: /root/catkin_ws/install/drive_base_msgs/share/drive_base_msgs/cmake/drive_base_msgs__rosidl_typesupport_introspection_cppExport-noconfig.cmake
[8.327s] -- Installing: /root/catkin_ws/install/drive_base_msgs/share/drive_base_msgs/cmake/drive_base_msgs__rosidl_typesupport_cppExport.cmake
[8.327s] -- Installing: /root/catkin_ws/install/drive_base_msgs/share/drive_base_msgs/cmake/drive_base_msgs__rosidl_typesupport_cppExport-noconfig.cmake
[8.331s] Invoked command in '/root/catkin_ws/build/drive_base_msgs' returned '0': CMAKE_PREFIX_PATH=${CMAKE_PREFIX_PATH}:/root/catkin_ws/install/topic_service_action_rclpy_example:/root/catkin_ws/install/time_rclpy_example:/root/catkin_ws/install/tf2_rclpy_example:/root/catkin_ws/install/ros2env:/root/catkin_ws/install/omo_r1mini_teleop:/root/catkin_ws/install/omo_r1mini_bringup:/root/catkin_ws/install/my_first_ros_rclpy_pkg:/root/catkin_ws/install/logging_rclpy_example:/root/catkin_ws/install/iahrs_driver:/root/install/topic_service_action_rclpy_example:/root/install/time_rclpy_example:/root/install/tf2_rclpy_example:/root/install/ros2env:/root/install/omo_r1mini_teleop:/root/install/omo_r1mini_bringup:/root/install/my_first_ros_rclpy_pkg:/root/install/logging_rclpy_example:/opt/ros/foxy /usr/bin/cmake --install /root/catkin_ws/build/drive_base_msgs
