Performing C SOURCE FILE Test CMAKE_HAVE_LIBC_PTHREAD failed with the following output:
Change Dir: /root/catkin_ws/build/micro_ros_demos_rclc/addtwoints_client/src/addtwoints_client-build/CMakeFiles/CMakeTmp

Run Build Command(s):/usr/bin/make cmTC_30ba4/fast && make[3]: Entering directory '/root/catkin_ws/build/micro_ros_demos_rclc/addtwoints_client/src/addtwoints_client-build/CMakeFiles/CMakeTmp'
/usr/bin/make -f CMakeFiles/cmTC_30ba4.dir/build.make CMakeFiles/cmTC_30ba4.dir/build
make[4]: Entering directory '/root/catkin_ws/build/micro_ros_demos_rclc/addtwoints_client/src/addtwoints_client-build/CMakeFiles/CMakeTmp'
Building C object CMakeFiles/cmTC_30ba4.dir/src.c.o
/usr/bin/cc   -DCMAKE_HAVE_LIBC_PTHREAD   -o CMakeFiles/cmTC_30ba4.dir/src.c.o   -c /root/catkin_ws/build/micro_ros_demos_rclc/addtwoints_client/src/addtwoints_client-build/CMakeFiles/CMakeTmp/src.c
Linking C executable cmTC_30ba4
/usr/bin/cmake -E cmake_link_script CMakeFiles/cmTC_30ba4.dir/link.txt --verbose=1
/usr/bin/cc  -DCMAKE_HAVE_LIBC_PTHREAD    CMakeFiles/cmTC_30ba4.dir/src.c.o  -o cmTC_30ba4 
/usr/bin/ld: CMakeFiles/cmTC_30ba4.dir/src.c.o: in function `main':
src.c:(.text+0x46): undefined reference to `pthread_create'
/usr/bin/ld: src.c:(.text+0x52): undefined reference to `pthread_detach'
/usr/bin/ld: src.c:(.text+0x63): undefined reference to `pthread_join'
collect2: error: ld returned 1 exit status
make[4]: *** [CMakeFiles/cmTC_30ba4.dir/build.make:87: cmTC_30ba4] Error 1
make[4]: Leaving directory '/root/catkin_ws/build/micro_ros_demos_rclc/addtwoints_client/src/addtwoints_client-build/CMakeFiles/CMakeTmp'
make[3]: *** [Makefile:121: cmTC_30ba4/fast] Error 2
make[3]: Leaving directory '/root/catkin_ws/build/micro_ros_demos_rclc/addtwoints_client/src/addtwoints_client-build/CMakeFiles/CMakeTmp'


Source file was:
#include <pthread.h>

void* test_func(void* data)
{
  return data;
}

int main(void)
{
  pthread_t thread;
  pthread_create(&thread, NULL, test_func, NULL);
  pthread_detach(thread);
  pthread_join(thread, NULL);
  pthread_atfork(NULL, NULL, NULL);
  pthread_exit(NULL);

  return 0;
}

Determining if the function pthread_create exists in the pthreads failed with the following output:
Change Dir: /root/catkin_ws/build/micro_ros_demos_rclc/addtwoints_client/src/addtwoints_client-build/CMakeFiles/CMakeTmp

Run Build Command(s):/usr/bin/make cmTC_7dbb4/fast && make[3]: Entering directory '/root/catkin_ws/build/micro_ros_demos_rclc/addtwoints_client/src/addtwoints_client-build/CMakeFiles/CMakeTmp'
/usr/bin/make -f CMakeFiles/cmTC_7dbb4.dir/build.make CMakeFiles/cmTC_7dbb4.dir/build
make[4]: Entering directory '/root/catkin_ws/build/micro_ros_demos_rclc/addtwoints_client/src/addtwoints_client-build/CMakeFiles/CMakeTmp'
Building C object CMakeFiles/cmTC_7dbb4.dir/CheckFunctionExists.c.o
/usr/bin/cc   -DCHECK_FUNCTION_EXISTS=pthread_create   -o CMakeFiles/cmTC_7dbb4.dir/CheckFunctionExists.c.o   -c /usr/share/cmake-3.16/Modules/CheckFunctionExists.c
Linking C executable cmTC_7dbb4
/usr/bin/cmake -E cmake_link_script CMakeFiles/cmTC_7dbb4.dir/link.txt --verbose=1
/usr/bin/cc  -DCHECK_FUNCTION_EXISTS=pthread_create    CMakeFiles/cmTC_7dbb4.dir/CheckFunctionExists.c.o  -o cmTC_7dbb4  -lpthreads 
/usr/bin/ld: cannot find -lpthreads
collect2: error: ld returned 1 exit status
make[4]: *** [CMakeFiles/cmTC_7dbb4.dir/build.make:87: cmTC_7dbb4] Error 1
make[4]: Leaving directory '/root/catkin_ws/build/micro_ros_demos_rclc/addtwoints_client/src/addtwoints_client-build/CMakeFiles/CMakeTmp'
make[3]: *** [Makefile:121: cmTC_7dbb4/fast] Error 2
make[3]: Leaving directory '/root/catkin_ws/build/micro_ros_demos_rclc/addtwoints_client/src/addtwoints_client-build/CMakeFiles/CMakeTmp'



