[0.022s] Invoking command in '/root/catkin_ws/build/topic_service_action_rclcpp_example': AMENT_PREFIX_PATH=/root/catkin_ws/install/msg_srv_action_interface_example:${AMENT_PREFIX_PATH} CMAKE_PREFIX_PATH=/root/catkin_ws/install/msg_srv_action_interface_example:/root/catkin_ws/install/ydlidar_sdk:/root/catkin_ws/install/ydlidar_ros2_driver:/root/catkin_ws/install/omo_r1mini:/root/catkin_ws/install/omo_r1mini_navigation2:/root/catkin_ws/install/omo_r1mini_interfaces:/root/catkin_ws/install/omo_r1mini_gazebo:/root/catkin_ws/install/omo_r1mini_description:/root/catkin_ws/install/omo_r1mini_cartographer:/root/catkin_ws/install/omo_r1mini_teleop:/root/catkin_ws/install/omo_r1mini_bringup:/opt/ros/foxy LD_LIBRARY_PATH=/root/catkin_ws/install/msg_srv_action_interface_example/lib:${LD_LIBRARY_PATH} PYTHONPATH=/root/catkin_ws/install/msg_srv_action_interface_example/lib/python3.8/site-packages:${PYTHONPATH} /usr/bin/cmake /root/catkin_ws/src/ros2-seminar-examples/topic_service_action_rclcpp_example -DAMENT_CMAKE_SYMLINK_INSTALL=1 -DCMAKE_INSTALL_PREFIX=/root/catkin_ws/install/topic_service_action_rclcpp_example
[0.067s] -- The C compiler identification is GNU 9.4.0
[0.115s] -- The CXX compiler identification is GNU 9.4.0
[0.119s] -- Check for working C compiler: /usr/bin/cc
[0.180s] -- Check for working C compiler: /usr/bin/cc -- works
[0.181s] -- Detecting C compiler ABI info
[0.240s] -- Detecting C compiler ABI info - done
[0.250s] -- Detecting C compile features
[0.250s] -- Detecting C compile features - done
[0.252s] -- Check for working CXX compiler: /usr/bin/c++
[0.311s] -- Check for working CXX compiler: /usr/bin/c++ -- works
[0.312s] -- Detecting CXX compiler ABI info
[0.373s] -- Detecting CXX compiler ABI info - done
[0.384s] -- Detecting CXX compile features
[0.384s] -- Detecting CXX compile features - done
[0.388s] -- Found ament_cmake: 0.9.11 (/opt/ros/foxy/share/ament_cmake/cmake)
[0.418s] -- Found PythonInterp: /usr/bin/python3 (found suitable version "3.8.10", minimum required is "3") 
[0.418s] -- Using PYTHON_EXECUTABLE: /usr/bin/python3
[0.559s] -- Override CMake install command with custom implementation using symlinks instead of copying resources
[0.600s] -- Found msg_srv_action_interface_example: 0.6.0 (/root/catkin_ws/install/msg_srv_action_interface_example/share/msg_srv_action_interface_example/cmake)
[0.638s] -- Using all available rosidl_typesupport_c: rosidl_typesupport_fastrtps_c;rosidl_typesupport_introspection_c
[0.648s] -- Found rosidl_adapter: 1.3.0 (/opt/ros/foxy/share/rosidl_adapter/cmake)
[0.724s] -- Found OpenSSL: /usr/lib/x86_64-linux-gnu/libcrypto.so (found version "1.1.1f")  
[0.754s] -- Found FastRTPS: /opt/ros/foxy/include  
[0.837s] -- Using all available rosidl_typesupport_cpp: rosidl_typesupport_fastrtps_cpp;rosidl_typesupport_introspection_cpp
[0.964s] -- Found rclcpp: 2.4.2 (/opt/ros/foxy/share/rclcpp/cmake)
[1.012s] -- Found rmw_implementation_cmake: 1.0.3 (/opt/ros/foxy/share/rmw_implementation_cmake/cmake)
[1.013s] -- Using RMW implementation 'rmw_fastrtps_cpp' as default
[1.014s] -- Looking for pthread.h
[1.063s] -- Looking for pthread.h - found
[1.063s] -- Performing Test CMAKE_HAVE_LIBC_PTHREAD
[1.114s] -- Performing Test CMAKE_HAVE_LIBC_PTHREAD - Failed
[1.114s] -- Looking for pthread_create in pthreads
[1.153s] -- Looking for pthread_create in pthreads - not found
[1.153s] -- Looking for pthread_create in pthread
[1.201s] -- Looking for pthread_create in pthread - found
[1.202s] -- Found Threads: TRUE  
[1.340s] -- Found rclcpp_action: 2.4.2 (/opt/ros/foxy/share/rclcpp_action/cmake)
[1.375s] -- Found ament_lint_auto: 0.9.7 (/opt/ros/foxy/share/ament_lint_auto/cmake)
[1.443s] -- Found ament_cmake_gtest: 0.9.11 (/opt/ros/foxy/share/ament_cmake_gtest/cmake)
[1.453s] -- Found gtest sources under '/opt/ros/foxy/src/gtest_vendor': C++ tests using 'Google Test' will be built
[1.458s] -- Check if compiler accepts -pthread
[1.517s] -- Check if compiler accepts -pthread - yes
[1.522s] -- Added test 'copyright' to check source files copyright and LICENSE
[1.524s] -- Added test 'cppcheck' to perform static code analysis on C / C++ code
[1.524s] -- Configured cppcheck include dirs: /root/catkin_ws/src/ros2-seminar-examples/topic_service_action_rclcpp_example/include
[1.524s] -- Configured cppcheck exclude dirs and/or files: 
[1.525s] -- Added test 'cpplint' to check C / C++ code against the Google style
[1.525s] -- Configured cpplint exclude dirs and/or files: 
[1.526s] -- Added test 'flake8' to check Python code syntax and style conventions
[1.526s] -- Added test 'lint_cmake' to check CMake code style
[1.527s] -- Added test 'pep257' to check Python code against some of the style conventions in PEP 257
[1.528s] -- Added test 'uncrustify' to check C / C++ code style
[1.528s] -- Configured uncrustify additional arguments: 
[1.529s] -- Added test 'xmllint' to check XML markup files
[1.532s] -- Configuring done
[1.552s] -- Generating done
[1.553s] -- Build files have been written to: /root/catkin_ws/build/topic_service_action_rclcpp_example
[1.560s] Invoked command in '/root/catkin_ws/build/topic_service_action_rclcpp_example' returned '0': AMENT_PREFIX_PATH=/root/catkin_ws/install/msg_srv_action_interface_example:${AMENT_PREFIX_PATH} CMAKE_PREFIX_PATH=/root/catkin_ws/install/msg_srv_action_interface_example:/root/catkin_ws/install/ydlidar_sdk:/root/catkin_ws/install/ydlidar_ros2_driver:/root/catkin_ws/install/omo_r1mini:/root/catkin_ws/install/omo_r1mini_navigation2:/root/catkin_ws/install/omo_r1mini_interfaces:/root/catkin_ws/install/omo_r1mini_gazebo:/root/catkin_ws/install/omo_r1mini_description:/root/catkin_ws/install/omo_r1mini_cartographer:/root/catkin_ws/install/omo_r1mini_teleop:/root/catkin_ws/install/omo_r1mini_bringup:/opt/ros/foxy LD_LIBRARY_PATH=/root/catkin_ws/install/msg_srv_action_interface_example/lib:${LD_LIBRARY_PATH} PYTHONPATH=/root/catkin_ws/install/msg_srv_action_interface_example/lib/python3.8/site-packages:${PYTHONPATH} /usr/bin/cmake /root/catkin_ws/src/ros2-seminar-examples/topic_service_action_rclcpp_example -DAMENT_CMAKE_SYMLINK_INSTALL=1 -DCMAKE_INSTALL_PREFIX=/root/catkin_ws/install/topic_service_action_rclcpp_example
[1.562s] Invoking command in '/root/catkin_ws/build/topic_service_action_rclcpp_example': AMENT_PREFIX_PATH=/root/catkin_ws/install/msg_srv_action_interface_example:${AMENT_PREFIX_PATH} CMAKE_PREFIX_PATH=/root/catkin_ws/install/msg_srv_action_interface_example:/root/catkin_ws/install/ydlidar_sdk:/root/catkin_ws/install/ydlidar_ros2_driver:/root/catkin_ws/install/omo_r1mini:/root/catkin_ws/install/omo_r1mini_navigation2:/root/catkin_ws/install/omo_r1mini_interfaces:/root/catkin_ws/install/omo_r1mini_gazebo:/root/catkin_ws/install/omo_r1mini_description:/root/catkin_ws/install/omo_r1mini_cartographer:/root/catkin_ws/install/omo_r1mini_teleop:/root/catkin_ws/install/omo_r1mini_bringup:/opt/ros/foxy LD_LIBRARY_PATH=/root/catkin_ws/install/msg_srv_action_interface_example/lib:${LD_LIBRARY_PATH} PYTHONPATH=/root/catkin_ws/install/msg_srv_action_interface_example/lib/python3.8/site-packages:${PYTHONPATH} /usr/bin/cmake --build /root/catkin_ws/build/topic_service_action_rclcpp_example -- -j12 -l12
[1.591s] [35m[1mScanning dependencies of target gtest_main[0m
[1.591s] [35m[1mScanning dependencies of target checker[0m
[1.591s] [35m[1mScanning dependencies of target argument[0m
[1.591s] [35m[1mScanning dependencies of target operator[0m
[1.591s] [35m[1mScanning dependencies of target calculator[0m
[1.592s] [35m[1mScanning dependencies of target gtest[0m
[1.619s] [ 11%] [32mBuilding CXX object CMakeFiles/operator.dir/src/arithmetic/operator.cpp.o[0m
[1.619s] [ 11%] [32mBuilding CXX object CMakeFiles/argument.dir/src/arithmetic/argument.cpp.o[0m
[1.621s] [ 17%] [32mBuilding CXX object gtest/CMakeFiles/gtest.dir/src/gtest-all.cc.o[0m
[1.622s] [ 23%] [32mBuilding CXX object gtest/CMakeFiles/gtest_main.dir/src/gtest_main.cc.o[0m
[1.646s] [ 29%] [32mBuilding CXX object CMakeFiles/checker.dir/src/checker/checker.cpp.o[0m
[1.647s] [ 47%] [32mBuilding CXX object CMakeFiles/calculator.dir/src/calculator/main.cpp.o[0m
[1.647s] [ 47%] [32mBuilding CXX object CMakeFiles/checker.dir/src/checker/main.cpp.o[0m
[1.647s] [ 47%] [32mBuilding CXX object CMakeFiles/calculator.dir/src/calculator/calculator.cpp.o[0m
[2.613s] [ 52%] [32m[1mLinking CXX static library libgtest_main.a[0m
[2.656s] [ 52%] Built target gtest_main
[3.866s] [ 58%] [32m[1mLinking CXX executable operator[0m
[3.992s] [ 58%] Built target operator
[4.387s] [ 64%] [32m[1mLinking CXX executable checker[0m
[4.531s] [ 64%] Built target checker
[4.932s] [ 70%] [32m[1mLinking CXX static library libgtest.a[0m
[4.973s] [ 70%] Built target gtest
[4.981s] [35m[1mScanning dependencies of target test_calculator[0m
[5.018s] [ 82%] [32mBuilding CXX object test/CMakeFiles/test_calculator.dir/test_calculator.cpp.o[0m
[5.018s] [ 82%] [32mBuilding CXX object test/CMakeFiles/test_calculator.dir/__/src/calculator/calculator.cpp.o[0m
[6.789s] [ 88%] [32m[1mLinking CXX executable argument[0m
[7.014s] [ 88%] Built target argument
[7.648s] [ 94%] [32m[1mLinking CXX executable calculator[0m
[7.870s] [ 94%] Built target calculator
[10.007s] [100%] [32m[1mLinking CXX executable test_calculator[0m
[10.250s] [100%] Built target test_calculator
[10.258s] Invoked command in '/root/catkin_ws/build/topic_service_action_rclcpp_example' returned '0': AMENT_PREFIX_PATH=/root/catkin_ws/install/msg_srv_action_interface_example:${AMENT_PREFIX_PATH} CMAKE_PREFIX_PATH=/root/catkin_ws/install/msg_srv_action_interface_example:/root/catkin_ws/install/ydlidar_sdk:/root/catkin_ws/install/ydlidar_ros2_driver:/root/catkin_ws/install/omo_r1mini:/root/catkin_ws/install/omo_r1mini_navigation2:/root/catkin_ws/install/omo_r1mini_interfaces:/root/catkin_ws/install/omo_r1mini_gazebo:/root/catkin_ws/install/omo_r1mini_description:/root/catkin_ws/install/omo_r1mini_cartographer:/root/catkin_ws/install/omo_r1mini_teleop:/root/catkin_ws/install/omo_r1mini_bringup:/opt/ros/foxy LD_LIBRARY_PATH=/root/catkin_ws/install/msg_srv_action_interface_example/lib:${LD_LIBRARY_PATH} PYTHONPATH=/root/catkin_ws/install/msg_srv_action_interface_example/lib/python3.8/site-packages:${PYTHONPATH} /usr/bin/cmake --build /root/catkin_ws/build/topic_service_action_rclcpp_example -- -j12 -l12
[10.283s] Invoking command in '/root/catkin_ws/build/topic_service_action_rclcpp_example': AMENT_PREFIX_PATH=/root/catkin_ws/install/msg_srv_action_interface_example:${AMENT_PREFIX_PATH} CMAKE_PREFIX_PATH=/root/catkin_ws/install/msg_srv_action_interface_example:/root/catkin_ws/install/ydlidar_sdk:/root/catkin_ws/install/ydlidar_ros2_driver:/root/catkin_ws/install/omo_r1mini:/root/catkin_ws/install/omo_r1mini_navigation2:/root/catkin_ws/install/omo_r1mini_interfaces:/root/catkin_ws/install/omo_r1mini_gazebo:/root/catkin_ws/install/omo_r1mini_description:/root/catkin_ws/install/omo_r1mini_cartographer:/root/catkin_ws/install/omo_r1mini_teleop:/root/catkin_ws/install/omo_r1mini_bringup:/opt/ros/foxy LD_LIBRARY_PATH=/root/catkin_ws/install/msg_srv_action_interface_example/lib:${LD_LIBRARY_PATH} PYTHONPATH=/root/catkin_ws/install/msg_srv_action_interface_example/lib/python3.8/site-packages:${PYTHONPATH} /usr/bin/cmake --install /root/catkin_ws/build/topic_service_action_rclcpp_example
[10.289s] -- Install configuration: ""
[10.290s] -- Execute custom install script
[10.290s] -- Symlinking: /root/catkin_ws/install/topic_service_action_rclcpp_example/lib/topic_service_action_rclcpp_example/argument
[10.296s] -- Symlinking: /root/catkin_ws/install/topic_service_action_rclcpp_example/lib/topic_service_action_rclcpp_example/calculator
[10.302s] -- Symlinking: /root/catkin_ws/install/topic_service_action_rclcpp_example/lib/topic_service_action_rclcpp_example/checker
[10.308s] -- Symlinking: /root/catkin_ws/install/topic_service_action_rclcpp_example/lib/topic_service_action_rclcpp_example/operator
[10.314s] -- Symlinking: /root/catkin_ws/install/topic_service_action_rclcpp_example/share/topic_service_action_rclcpp_example/launch/arithmetic.launch.py
[10.320s] -- Symlinking: /root/catkin_ws/install/topic_service_action_rclcpp_example/share/topic_service_action_rclcpp_example/param/arithmetic_config.yaml
[10.326s] -- Symlinking: /root/catkin_ws/install/topic_service_action_rclcpp_example/share/ament_index/resource_index/package_run_dependencies/topic_service_action_rclcpp_example
[10.332s] -- Symlinking: /root/catkin_ws/install/topic_service_action_rclcpp_example/share/ament_index/resource_index/parent_prefix_path/topic_service_action_rclcpp_example
[10.338s] -- Symlinking: /root/catkin_ws/install/topic_service_action_rclcpp_example/share/topic_service_action_rclcpp_example/environment/ament_prefix_path.sh
[10.344s] -- Symlinking: /root/catkin_ws/install/topic_service_action_rclcpp_example/share/topic_service_action_rclcpp_example/environment/ament_prefix_path.dsv
[10.349s] -- Symlinking: /root/catkin_ws/install/topic_service_action_rclcpp_example/share/topic_service_action_rclcpp_example/environment/path.sh
[10.355s] -- Symlinking: /root/catkin_ws/install/topic_service_action_rclcpp_example/share/topic_service_action_rclcpp_example/environment/path.dsv
[10.361s] -- Symlinking: /root/catkin_ws/install/topic_service_action_rclcpp_example/share/topic_service_action_rclcpp_example/local_setup.bash
[10.367s] -- Symlinking: /root/catkin_ws/install/topic_service_action_rclcpp_example/share/topic_service_action_rclcpp_example/local_setup.sh
[10.373s] -- Symlinking: /root/catkin_ws/install/topic_service_action_rclcpp_example/share/topic_service_action_rclcpp_example/local_setup.zsh
[10.378s] -- Symlinking: /root/catkin_ws/install/topic_service_action_rclcpp_example/share/topic_service_action_rclcpp_example/local_setup.dsv
[10.385s] -- Symlinking: /root/catkin_ws/install/topic_service_action_rclcpp_example/share/topic_service_action_rclcpp_example/package.dsv
[10.391s] -- Symlinking: /root/catkin_ws/install/topic_service_action_rclcpp_example/share/ament_index/resource_index/packages/topic_service_action_rclcpp_example
[10.397s] -- Symlinking: /root/catkin_ws/install/topic_service_action_rclcpp_example/share/topic_service_action_rclcpp_example/cmake/topic_service_action_rclcpp_exampleConfig.cmake
[10.403s] -- Symlinking: /root/catkin_ws/install/topic_service_action_rclcpp_example/share/topic_service_action_rclcpp_example/cmake/topic_service_action_rclcpp_exampleConfig-version.cmake
[10.408s] -- Symlinking: /root/catkin_ws/install/topic_service_action_rclcpp_example/share/topic_service_action_rclcpp_example/package.xml
[10.417s] Invoked command in '/root/catkin_ws/build/topic_service_action_rclcpp_example' returned '0': AMENT_PREFIX_PATH=/root/catkin_ws/install/msg_srv_action_interface_example:${AMENT_PREFIX_PATH} CMAKE_PREFIX_PATH=/root/catkin_ws/install/msg_srv_action_interface_example:/root/catkin_ws/install/ydlidar_sdk:/root/catkin_ws/install/ydlidar_ros2_driver:/root/catkin_ws/install/omo_r1mini:/root/catkin_ws/install/omo_r1mini_navigation2:/root/catkin_ws/install/omo_r1mini_interfaces:/root/catkin_ws/install/omo_r1mini_gazebo:/root/catkin_ws/install/omo_r1mini_description:/root/catkin_ws/install/omo_r1mini_cartographer:/root/catkin_ws/install/omo_r1mini_teleop:/root/catkin_ws/install/omo_r1mini_bringup:/opt/ros/foxy LD_LIBRARY_PATH=/root/catkin_ws/install/msg_srv_action_interface_example/lib:${LD_LIBRARY_PATH} PYTHONPATH=/root/catkin_ws/install/msg_srv_action_interface_example/lib/python3.8/site-packages:${PYTHONPATH} /usr/bin/cmake --install /root/catkin_ws/build/topic_service_action_rclcpp_example
