[0.383s] Invoking command in '/root/catkin_ws/build/time_rclcpp_example': CMAKE_PREFIX_PATH=${CMAKE_PREFIX_PATH}:/root/catkin_ws/install/omo_r1mini_teleop:/root/catkin_ws/install/omo_r1mini_bringup:/opt/ros/foxy /usr/bin/cmake /root/catkin_ws/src/ros2-seminar-examples/time_rclcpp_example -DAMENT_CMAKE_SYMLINK_INSTALL=1 -DCMAKE_INSTALL_PREFIX=/root/catkin_ws/install/time_rclcpp_example
[0.429s] -- The C compiler identification is GNU 9.4.0
[0.482s] -- The CXX compiler identification is GNU 9.4.0
[0.486s] -- Check for working C compiler: /usr/bin/cc
[0.542s] -- Check for working C compiler: /usr/bin/cc -- works
[0.543s] -- Detecting C compiler ABI info
[0.604s] -- Detecting C compiler ABI info - done
[0.619s] -- Detecting C compile features
[0.619s] -- Detecting C compile features - done
[0.619s] -- Check for working CXX compiler: /usr/bin/c++
[0.721s] -- Check for working CXX compiler: /usr/bin/c++ -- works
[0.723s] -- Detecting CXX compiler ABI info
[0.821s] -- Detecting CXX compiler ABI info - done
[0.841s] -- Detecting CXX compile features
[0.842s] -- Detecting CXX compile features - done
[0.848s] -- Found ament_cmake: 0.9.11 (/opt/ros/foxy/share/ament_cmake/cmake)
[0.896s] -- Found PythonInterp: /usr/bin/python3 (found suitable version "3.8.10", minimum required is "3") 
[0.896s] -- Using PYTHON_EXECUTABLE: /usr/bin/python3
[1.101s] -- Override CMake install command with custom implementation using symlinks instead of copying resources
[1.183s] -- Found rclcpp: 2.4.2 (/opt/ros/foxy/share/rclcpp/cmake)
[1.292s] -- Using all available rosidl_typesupport_c: rosidl_typesupport_fastrtps_c;rosidl_typesupport_introspection_c
[1.312s] -- Found rosidl_adapter: 1.3.0 (/opt/ros/foxy/share/rosidl_adapter/cmake)
[1.450s] -- Found OpenSSL: /usr/lib/x86_64-linux-gnu/libcrypto.so (found version "1.1.1f")  
[1.507s] -- Found FastRTPS: /opt/ros/foxy/include  
[1.646s] -- Using all available rosidl_typesupport_cpp: rosidl_typesupport_fastrtps_cpp;rosidl_typesupport_introspection_cpp
[1.741s] -- Found rmw_implementation_cmake: 1.0.3 (/opt/ros/foxy/share/rmw_implementation_cmake/cmake)
[1.745s] -- Using RMW implementation 'rmw_fastrtps_cpp' as default
[1.747s] -- Looking for pthread.h
[1.872s] -- Looking for pthread.h - found
[1.880s] -- Performing Test CMAKE_HAVE_LIBC_PTHREAD
[2.003s] -- Performing Test CMAKE_HAVE_LIBC_PTHREAD - Failed
[2.003s] -- Looking for pthread_create in pthreads
[2.086s] -- Looking for pthread_create in pthreads - not found
[2.086s] -- Looking for pthread_create in pthread
[2.184s] -- Looking for pthread_create in pthread - found
[2.186s] -- Found Threads: TRUE  
[2.460s] -- Found ament_lint_auto: 0.9.7 (/opt/ros/foxy/share/ament_lint_auto/cmake)
[2.611s] -- Added test 'copyright' to check source files copyright and LICENSE
[2.613s] -- Added test 'cppcheck' to perform static code analysis on C / C++ code
[2.614s] -- Configured cppcheck include dirs: 
[2.614s] -- Configured cppcheck exclude dirs and/or files: 
[2.615s] -- Added test 'cpplint' to check C / C++ code against the Google style
[2.615s] -- Configured cpplint exclude dirs and/or files: 
[2.617s] -- Added test 'lint_cmake' to check CMake code style
[2.618s] -- Added test 'uncrustify' to check C / C++ code style
[2.619s] -- Configured uncrustify additional arguments: 
[2.620s] -- Added test 'xmllint' to check XML markup files
[2.626s] -- Configuring done
[2.637s] -- Generating done
[2.639s] -- Build files have been written to: /root/catkin_ws/build/time_rclcpp_example
[2.650s] Invoked command in '/root/catkin_ws/build/time_rclcpp_example' returned '0': CMAKE_PREFIX_PATH=${CMAKE_PREFIX_PATH}:/root/catkin_ws/install/omo_r1mini_teleop:/root/catkin_ws/install/omo_r1mini_bringup:/opt/ros/foxy /usr/bin/cmake /root/catkin_ws/src/ros2-seminar-examples/time_rclcpp_example -DAMENT_CMAKE_SYMLINK_INSTALL=1 -DCMAKE_INSTALL_PREFIX=/root/catkin_ws/install/time_rclcpp_example
[2.650s] Invoking command in '/root/catkin_ws/build/time_rclcpp_example': CMAKE_PREFIX_PATH=${CMAKE_PREFIX_PATH}:/root/catkin_ws/install/omo_r1mini_teleop:/root/catkin_ws/install/omo_r1mini_bringup:/opt/ros/foxy /usr/bin/cmake --build /root/catkin_ws/build/time_rclcpp_example -- -j12 -l12
[2.751s] [35m[1mScanning dependencies of target time_example[0m
[2.823s] [ 50%] [32mBuilding CXX object CMakeFiles/time_example.dir/src/main.cpp.o[0m
[5.992s] [100%] [32m[1mLinking CXX executable time_example[0m
[6.141s] [100%] Built target time_example
[6.152s] Invoked command in '/root/catkin_ws/build/time_rclcpp_example' returned '0': CMAKE_PREFIX_PATH=${CMAKE_PREFIX_PATH}:/root/catkin_ws/install/omo_r1mini_teleop:/root/catkin_ws/install/omo_r1mini_bringup:/opt/ros/foxy /usr/bin/cmake --build /root/catkin_ws/build/time_rclcpp_example -- -j12 -l12
[6.176s] Invoking command in '/root/catkin_ws/build/time_rclcpp_example': CMAKE_PREFIX_PATH=${CMAKE_PREFIX_PATH}:/root/catkin_ws/install/omo_r1mini_teleop:/root/catkin_ws/install/omo_r1mini_bringup:/opt/ros/foxy /usr/bin/cmake --install /root/catkin_ws/build/time_rclcpp_example
[6.184s] -- Install configuration: ""
[6.184s] -- Execute custom install script
[6.184s] -- Symlinking: /root/catkin_ws/install/time_rclcpp_example/lib/time_rclcpp_example/time_example
[6.194s] -- Symlinking: /root/catkin_ws/install/time_rclcpp_example/share/ament_index/resource_index/package_run_dependencies/time_rclcpp_example
[6.204s] -- Symlinking: /root/catkin_ws/install/time_rclcpp_example/share/ament_index/resource_index/parent_prefix_path/time_rclcpp_example
[6.213s] -- Symlinking: /root/catkin_ws/install/time_rclcpp_example/share/time_rclcpp_example/environment/ament_prefix_path.sh
[6.223s] -- Symlinking: /root/catkin_ws/install/time_rclcpp_example/share/time_rclcpp_example/environment/ament_prefix_path.dsv
[6.233s] -- Symlinking: /root/catkin_ws/install/time_rclcpp_example/share/time_rclcpp_example/environment/path.sh
[6.242s] -- Symlinking: /root/catkin_ws/install/time_rclcpp_example/share/time_rclcpp_example/environment/path.dsv
[6.251s] -- Symlinking: /root/catkin_ws/install/time_rclcpp_example/share/time_rclcpp_example/local_setup.bash
[6.259s] -- Symlinking: /root/catkin_ws/install/time_rclcpp_example/share/time_rclcpp_example/local_setup.sh
[6.269s] -- Symlinking: /root/catkin_ws/install/time_rclcpp_example/share/time_rclcpp_example/local_setup.zsh
[6.278s] -- Symlinking: /root/catkin_ws/install/time_rclcpp_example/share/time_rclcpp_example/local_setup.dsv
[6.286s] -- Symlinking: /root/catkin_ws/install/time_rclcpp_example/share/time_rclcpp_example/package.dsv
[6.294s] -- Symlinking: /root/catkin_ws/install/time_rclcpp_example/share/ament_index/resource_index/packages/time_rclcpp_example
[6.302s] -- Symlinking: /root/catkin_ws/install/time_rclcpp_example/share/time_rclcpp_example/cmake/time_rclcpp_exampleConfig.cmake
[6.310s] -- Symlinking: /root/catkin_ws/install/time_rclcpp_example/share/time_rclcpp_example/cmake/time_rclcpp_exampleConfig-version.cmake
[6.318s] -- Symlinking: /root/catkin_ws/install/time_rclcpp_example/share/time_rclcpp_example/package.xml
[6.332s] Invoked command in '/root/catkin_ws/build/time_rclcpp_example' returned '0': CMAKE_PREFIX_PATH=${CMAKE_PREFIX_PATH}:/root/catkin_ws/install/omo_r1mini_teleop:/root/catkin_ws/install/omo_r1mini_bringup:/opt/ros/foxy /usr/bin/cmake --install /root/catkin_ws/build/time_rclcpp_example
