[0.081s] Invoking command in '/root/catkin_ws/build/omo_r1mini_navigation2': CMAKE_PREFIX_PATH=${CMAKE_PREFIX_PATH}:/root/catkin_ws/install/topic_service_action_rclpy_example:/root/catkin_ws/install/time_rclpy_example:/root/catkin_ws/install/tf2_rclpy_example:/root/catkin_ws/install/sensor_msgs_py:/root/catkin_ws/install/omo_r1mini_teleop:/root/catkin_ws/install/omo_r1mini_bringup:/root/catkin_ws/install/my_first_ros_rclpy_pkg:/root/catkin_ws/install/logging_rclpy_example:/root/catkin_ws/install/iahrs_driver:/root/catkin_ws/install/ros2env:/root/install/topic_service_action_rclpy_example:/root/install/time_rclpy_example:/root/install/tf2_rclpy_example:/root/install/ros2env:/root/install/omo_r1mini_teleop:/root/install/omo_r1mini_bringup:/root/install/my_first_ros_rclpy_pkg:/root/install/logging_rclpy_example:/opt/ros/foxy /usr/bin/cmake --build /root/catkin_ws/build/omo_r1mini_navigation2 -- -j12 -l12
[0.224s] Invoked command in '/root/catkin_ws/build/omo_r1mini_navigation2' returned '0': CMAKE_PREFIX_PATH=${CMAKE_PREFIX_PATH}:/root/catkin_ws/install/topic_service_action_rclpy_example:/root/catkin_ws/install/time_rclpy_example:/root/catkin_ws/install/tf2_rclpy_example:/root/catkin_ws/install/sensor_msgs_py:/root/catkin_ws/install/omo_r1mini_teleop:/root/catkin_ws/install/omo_r1mini_bringup:/root/catkin_ws/install/my_first_ros_rclpy_pkg:/root/catkin_ws/install/logging_rclpy_example:/root/catkin_ws/install/iahrs_driver:/root/catkin_ws/install/ros2env:/root/install/topic_service_action_rclpy_example:/root/install/time_rclpy_example:/root/install/tf2_rclpy_example:/root/install/ros2env:/root/install/omo_r1mini_teleop:/root/install/omo_r1mini_bringup:/root/install/my_first_ros_rclpy_pkg:/root/install/logging_rclpy_example:/opt/ros/foxy /usr/bin/cmake --build /root/catkin_ws/build/omo_r1mini_navigation2 -- -j12 -l12
[0.443s] Invoking command in '/root/catkin_ws/build/omo_r1mini_navigation2': CMAKE_PREFIX_PATH=${CMAKE_PREFIX_PATH}:/root/catkin_ws/install/topic_service_action_rclpy_example:/root/catkin_ws/install/time_rclpy_example:/root/catkin_ws/install/tf2_rclpy_example:/root/catkin_ws/install/sensor_msgs_py:/root/catkin_ws/install/omo_r1mini_teleop:/root/catkin_ws/install/omo_r1mini_bringup:/root/catkin_ws/install/my_first_ros_rclpy_pkg:/root/catkin_ws/install/logging_rclpy_example:/root/catkin_ws/install/iahrs_driver:/root/catkin_ws/install/ros2env:/root/install/topic_service_action_rclpy_example:/root/install/time_rclpy_example:/root/install/tf2_rclpy_example:/root/install/ros2env:/root/install/omo_r1mini_teleop:/root/install/omo_r1mini_bringup:/root/install/my_first_ros_rclpy_pkg:/root/install/logging_rclpy_example:/opt/ros/foxy /usr/bin/cmake --install /root/catkin_ws/build/omo_r1mini_navigation2
[0.596s] -- Install configuration: ""
[0.596s] -- Execute custom install script
[0.596s] -- Up-to-date symlink: /root/catkin_ws/install/omo_r1mini_navigation2/share/omo_r1mini_navigation2/launch/navigation2.launch.py
[0.596s] -- Up-to-date symlink: /root/catkin_ws/install/omo_r1mini_navigation2/share/omo_r1mini_navigation2/launch/navigation2_rviz.launch.py
[0.596s] -- Up-to-date symlink: /root/catkin_ws/install/omo_r1mini_navigation2/share/omo_r1mini_navigation2/map/turtlebot3_world.pgm
[0.596s] -- Up-to-date symlink: /root/catkin_ws/install/omo_r1mini_navigation2/share/omo_r1mini_navigation2/map/turtlebot3_world.yaml
[0.597s] -- Up-to-date symlink: /root/catkin_ws/install/omo_r1mini_navigation2/share/omo_r1mini_navigation2/param/omo_r1mini.yaml
[0.597s] -- Up-to-date symlink: /root/catkin_ws/install/omo_r1mini_navigation2/share/omo_r1mini_navigation2/rviz/tb3_navigation2.rviz
[0.598s] -- Up-to-date symlink: /root/catkin_ws/install/omo_r1mini_navigation2/share/ament_index/resource_index/package_run_dependencies/omo_r1mini_navigation2
[0.598s] -- Up-to-date symlink: /root/catkin_ws/install/omo_r1mini_navigation2/share/ament_index/resource_index/parent_prefix_path/omo_r1mini_navigation2
[0.598s] -- Up-to-date symlink: /root/catkin_ws/install/omo_r1mini_navigation2/share/omo_r1mini_navigation2/environment/ament_prefix_path.sh
[0.598s] -- Up-to-date symlink: /root/catkin_ws/install/omo_r1mini_navigation2/share/omo_r1mini_navigation2/environment/ament_prefix_path.dsv
[0.598s] -- Up-to-date symlink: /root/catkin_ws/install/omo_r1mini_navigation2/share/omo_r1mini_navigation2/environment/path.sh
[0.599s] -- Up-to-date symlink: /root/catkin_ws/install/omo_r1mini_navigation2/share/omo_r1mini_navigation2/environment/path.dsv
[0.599s] -- Up-to-date symlink: /root/catkin_ws/install/omo_r1mini_navigation2/share/omo_r1mini_navigation2/local_setup.bash
[0.599s] -- Up-to-date symlink: /root/catkin_ws/install/omo_r1mini_navigation2/share/omo_r1mini_navigation2/local_setup.sh
[0.599s] -- Up-to-date symlink: /root/catkin_ws/install/omo_r1mini_navigation2/share/omo_r1mini_navigation2/local_setup.zsh
[0.599s] -- Up-to-date symlink: /root/catkin_ws/install/omo_r1mini_navigation2/share/omo_r1mini_navigation2/local_setup.dsv
[0.599s] -- Symlinking: /root/catkin_ws/install/omo_r1mini_navigation2/share/omo_r1mini_navigation2/package.dsv
[0.600s] -- Up-to-date symlink: /root/catkin_ws/install/omo_r1mini_navigation2/share/ament_index/resource_index/packages/omo_r1mini_navigation2
[0.600s] -- Up-to-date symlink: /root/catkin_ws/install/omo_r1mini_navigation2/share/omo_r1mini_navigation2/cmake/omo_r1mini_navigation2Config.cmake
[0.600s] -- Up-to-date symlink: /root/catkin_ws/install/omo_r1mini_navigation2/share/omo_r1mini_navigation2/cmake/omo_r1mini_navigation2Config-version.cmake
[0.600s] -- Up-to-date symlink: /root/catkin_ws/install/omo_r1mini_navigation2/share/omo_r1mini_navigation2/package.xml
[0.626s] Invoked command in '/root/catkin_ws/build/omo_r1mini_navigation2' returned '0': CMAKE_PREFIX_PATH=${CMAKE_PREFIX_PATH}:/root/catkin_ws/install/topic_service_action_rclpy_example:/root/catkin_ws/install/time_rclpy_example:/root/catkin_ws/install/tf2_rclpy_example:/root/catkin_ws/install/sensor_msgs_py:/root/catkin_ws/install/omo_r1mini_teleop:/root/catkin_ws/install/omo_r1mini_bringup:/root/catkin_ws/install/my_first_ros_rclpy_pkg:/root/catkin_ws/install/logging_rclpy_example:/root/catkin_ws/install/iahrs_driver:/root/catkin_ws/install/ros2env:/root/install/topic_service_action_rclpy_example:/root/install/time_rclpy_example:/root/install/tf2_rclpy_example:/root/install/ros2env:/root/install/omo_r1mini_teleop:/root/install/omo_r1mini_bringup:/root/install/my_first_ros_rclpy_pkg:/root/install/logging_rclpy_example:/opt/ros/foxy /usr/bin/cmake --install /root/catkin_ws/build/omo_r1mini_navigation2
