[0.011s] Invoking command in '/root/catkin_ws/build/omo_r1mini': AMENT_PREFIX_PATH=/root/catkin_ws/install/omo_r1mini_teleop:/root/catkin_ws/install/omo_r1mini_bringup:/root/catkin_ws/install/omo_r1mini_navigation2:/root/catkin_ws/install/omo_r1mini_interfaces:/root/catkin_ws/install/omo_r1mini_description:/root/catkin_ws/install/omo_r1mini_cartographer:${AMENT_PREFIX_PATH} CMAKE_PREFIX_PATH=/root/catkin_ws/install/omo_r1mini_navigation2:/root/catkin_ws/install/omo_r1mini_interfaces:/root/catkin_ws/install/omo_r1mini_description:/root/catkin_ws/install/omo_r1mini_cartographer:/opt/ros/foxy LD_LIBRARY_PATH=/root/catkin_ws/install/omo_r1mini_interfaces/lib:${LD_LIBRARY_PATH} PYTHONPATH=/root/catkin_ws/build/omo_r1mini_teleop:/root/catkin_ws/install/omo_r1mini_teleop/lib/python3.8/site-packages:/root/catkin_ws/build/omo_r1mini_bringup:/root/catkin_ws/install/omo_r1mini_bringup/lib/python3.8/site-packages:/root/catkin_ws/install/omo_r1mini_interfaces/lib/python3.8/site-packages:${PYTHONPATH} /usr/bin/cmake /root/catkin_ws/src/omo_r1mini-foxy/omo_r1mini -DAMENT_CMAKE_SYMLINK_INSTALL=1 -DCMAKE_INSTALL_PREFIX=/root/catkin_ws/install/omo_r1mini
[0.050s] -- The C compiler identification is GNU 9.4.0
[0.101s] -- The CXX compiler identification is GNU 9.4.0
[0.106s] -- Check for working C compiler: /usr/bin/cc
[0.177s] -- Check for working C compiler: /usr/bin/cc -- works
[0.178s] -- Detecting C compiler ABI info
[0.235s] -- Detecting C compiler ABI info - done
[0.247s] -- Detecting C compile features
[0.247s] -- Detecting C compile features - done
[0.249s] -- Check for working CXX compiler: /usr/bin/c++
[0.312s] -- Check for working CXX compiler: /usr/bin/c++ -- works
[0.313s] -- Detecting CXX compiler ABI info
[0.365s] -- Detecting CXX compiler ABI info - done
[0.374s] -- Detecting CXX compile features
[0.374s] -- Detecting CXX compile features - done
[0.377s] -- Found ament_cmake: 0.9.11 (/opt/ros/foxy/share/ament_cmake/cmake)
[0.401s] -- Found PythonInterp: /usr/bin/python3 (found suitable version "3.8.10", minimum required is "3") 
[0.401s] -- Using PYTHON_EXECUTABLE: /usr/bin/python3
[0.518s] -- Override CMake install command with custom implementation using symlinks instead of copying resources
[0.591s] -- Configuring done
[0.592s] -- Generating done
[0.593s] -- Build files have been written to: /root/catkin_ws/build/omo_r1mini
[0.595s] Invoked command in '/root/catkin_ws/build/omo_r1mini' returned '0': AMENT_PREFIX_PATH=/root/catkin_ws/install/omo_r1mini_teleop:/root/catkin_ws/install/omo_r1mini_bringup:/root/catkin_ws/install/omo_r1mini_navigation2:/root/catkin_ws/install/omo_r1mini_interfaces:/root/catkin_ws/install/omo_r1mini_description:/root/catkin_ws/install/omo_r1mini_cartographer:${AMENT_PREFIX_PATH} CMAKE_PREFIX_PATH=/root/catkin_ws/install/omo_r1mini_navigation2:/root/catkin_ws/install/omo_r1mini_interfaces:/root/catkin_ws/install/omo_r1mini_description:/root/catkin_ws/install/omo_r1mini_cartographer:/opt/ros/foxy LD_LIBRARY_PATH=/root/catkin_ws/install/omo_r1mini_interfaces/lib:${LD_LIBRARY_PATH} PYTHONPATH=/root/catkin_ws/build/omo_r1mini_teleop:/root/catkin_ws/install/omo_r1mini_teleop/lib/python3.8/site-packages:/root/catkin_ws/build/omo_r1mini_bringup:/root/catkin_ws/install/omo_r1mini_bringup/lib/python3.8/site-packages:/root/catkin_ws/install/omo_r1mini_interfaces/lib/python3.8/site-packages:${PYTHONPATH} /usr/bin/cmake /root/catkin_ws/src/omo_r1mini-foxy/omo_r1mini -DAMENT_CMAKE_SYMLINK_INSTALL=1 -DCMAKE_INSTALL_PREFIX=/root/catkin_ws/install/omo_r1mini
[0.596s] Invoking command in '/root/catkin_ws/build/omo_r1mini': AMENT_PREFIX_PATH=/root/catkin_ws/install/omo_r1mini_teleop:/root/catkin_ws/install/omo_r1mini_bringup:/root/catkin_ws/install/omo_r1mini_navigation2:/root/catkin_ws/install/omo_r1mini_interfaces:/root/catkin_ws/install/omo_r1mini_description:/root/catkin_ws/install/omo_r1mini_cartographer:${AMENT_PREFIX_PATH} CMAKE_PREFIX_PATH=/root/catkin_ws/install/omo_r1mini_navigation2:/root/catkin_ws/install/omo_r1mini_interfaces:/root/catkin_ws/install/omo_r1mini_description:/root/catkin_ws/install/omo_r1mini_cartographer:/opt/ros/foxy LD_LIBRARY_PATH=/root/catkin_ws/install/omo_r1mini_interfaces/lib:${LD_LIBRARY_PATH} PYTHONPATH=/root/catkin_ws/build/omo_r1mini_teleop:/root/catkin_ws/install/omo_r1mini_teleop/lib/python3.8/site-packages:/root/catkin_ws/build/omo_r1mini_bringup:/root/catkin_ws/install/omo_r1mini_bringup/lib/python3.8/site-packages:/root/catkin_ws/install/omo_r1mini_interfaces/lib/python3.8/site-packages:${PYTHONPATH} /usr/bin/cmake --build /root/catkin_ws/build/omo_r1mini -- -j12 -l12
[0.622s] Invoked command in '/root/catkin_ws/build/omo_r1mini' returned '0': AMENT_PREFIX_PATH=/root/catkin_ws/install/omo_r1mini_teleop:/root/catkin_ws/install/omo_r1mini_bringup:/root/catkin_ws/install/omo_r1mini_navigation2:/root/catkin_ws/install/omo_r1mini_interfaces:/root/catkin_ws/install/omo_r1mini_description:/root/catkin_ws/install/omo_r1mini_cartographer:${AMENT_PREFIX_PATH} CMAKE_PREFIX_PATH=/root/catkin_ws/install/omo_r1mini_navigation2:/root/catkin_ws/install/omo_r1mini_interfaces:/root/catkin_ws/install/omo_r1mini_description:/root/catkin_ws/install/omo_r1mini_cartographer:/opt/ros/foxy LD_LIBRARY_PATH=/root/catkin_ws/install/omo_r1mini_interfaces/lib:${LD_LIBRARY_PATH} PYTHONPATH=/root/catkin_ws/build/omo_r1mini_teleop:/root/catkin_ws/install/omo_r1mini_teleop/lib/python3.8/site-packages:/root/catkin_ws/build/omo_r1mini_bringup:/root/catkin_ws/install/omo_r1mini_bringup/lib/python3.8/site-packages:/root/catkin_ws/install/omo_r1mini_interfaces/lib/python3.8/site-packages:${PYTHONPATH} /usr/bin/cmake --build /root/catkin_ws/build/omo_r1mini -- -j12 -l12
[0.636s] Invoking command in '/root/catkin_ws/build/omo_r1mini': AMENT_PREFIX_PATH=/root/catkin_ws/install/omo_r1mini_teleop:/root/catkin_ws/install/omo_r1mini_bringup:/root/catkin_ws/install/omo_r1mini_navigation2:/root/catkin_ws/install/omo_r1mini_interfaces:/root/catkin_ws/install/omo_r1mini_description:/root/catkin_ws/install/omo_r1mini_cartographer:${AMENT_PREFIX_PATH} CMAKE_PREFIX_PATH=/root/catkin_ws/install/omo_r1mini_navigation2:/root/catkin_ws/install/omo_r1mini_interfaces:/root/catkin_ws/install/omo_r1mini_description:/root/catkin_ws/install/omo_r1mini_cartographer:/opt/ros/foxy LD_LIBRARY_PATH=/root/catkin_ws/install/omo_r1mini_interfaces/lib:${LD_LIBRARY_PATH} PYTHONPATH=/root/catkin_ws/build/omo_r1mini_teleop:/root/catkin_ws/install/omo_r1mini_teleop/lib/python3.8/site-packages:/root/catkin_ws/build/omo_r1mini_bringup:/root/catkin_ws/install/omo_r1mini_bringup/lib/python3.8/site-packages:/root/catkin_ws/install/omo_r1mini_interfaces/lib/python3.8/site-packages:${PYTHONPATH} /usr/bin/cmake --install /root/catkin_ws/build/omo_r1mini
[0.643s] -- Install configuration: ""
[0.643s] -- Execute custom install script
[0.644s] -- Symlinking: /root/catkin_ws/install/omo_r1mini/share/ament_index/resource_index/package_run_dependencies/omo_r1mini
[0.651s] -- Symlinking: /root/catkin_ws/install/omo_r1mini/share/ament_index/resource_index/parent_prefix_path/omo_r1mini
[0.659s] -- Symlinking: /root/catkin_ws/install/omo_r1mini/share/omo_r1mini/environment/ament_prefix_path.sh
[0.667s] -- Symlinking: /root/catkin_ws/install/omo_r1mini/share/omo_r1mini/environment/ament_prefix_path.dsv
[0.674s] -- Symlinking: /root/catkin_ws/install/omo_r1mini/share/omo_r1mini/environment/path.sh
[0.682s] -- Symlinking: /root/catkin_ws/install/omo_r1mini/share/omo_r1mini/environment/path.dsv
[0.689s] -- Symlinking: /root/catkin_ws/install/omo_r1mini/share/omo_r1mini/local_setup.bash
[0.697s] -- Symlinking: /root/catkin_ws/install/omo_r1mini/share/omo_r1mini/local_setup.sh
[0.705s] -- Symlinking: /root/catkin_ws/install/omo_r1mini/share/omo_r1mini/local_setup.zsh
[0.712s] -- Symlinking: /root/catkin_ws/install/omo_r1mini/share/omo_r1mini/local_setup.dsv
[0.720s] -- Symlinking: /root/catkin_ws/install/omo_r1mini/share/omo_r1mini/package.dsv
[0.728s] -- Symlinking: /root/catkin_ws/install/omo_r1mini/share/ament_index/resource_index/packages/omo_r1mini
[0.736s] -- Symlinking: /root/catkin_ws/install/omo_r1mini/share/omo_r1mini/cmake/omo_r1miniConfig.cmake
[0.743s] -- Symlinking: /root/catkin_ws/install/omo_r1mini/share/omo_r1mini/cmake/omo_r1miniConfig-version.cmake
[0.751s] -- Symlinking: /root/catkin_ws/install/omo_r1mini/share/omo_r1mini/package.xml
[0.763s] Invoked command in '/root/catkin_ws/build/omo_r1mini' returned '0': AMENT_PREFIX_PATH=/root/catkin_ws/install/omo_r1mini_teleop:/root/catkin_ws/install/omo_r1mini_bringup:/root/catkin_ws/install/omo_r1mini_navigation2:/root/catkin_ws/install/omo_r1mini_interfaces:/root/catkin_ws/install/omo_r1mini_description:/root/catkin_ws/install/omo_r1mini_cartographer:${AMENT_PREFIX_PATH} CMAKE_PREFIX_PATH=/root/catkin_ws/install/omo_r1mini_navigation2:/root/catkin_ws/install/omo_r1mini_interfaces:/root/catkin_ws/install/omo_r1mini_description:/root/catkin_ws/install/omo_r1mini_cartographer:/opt/ros/foxy LD_LIBRARY_PATH=/root/catkin_ws/install/omo_r1mini_interfaces/lib:${LD_LIBRARY_PATH} PYTHONPATH=/root/catkin_ws/build/omo_r1mini_teleop:/root/catkin_ws/install/omo_r1mini_teleop/lib/python3.8/site-packages:/root/catkin_ws/build/omo_r1mini_bringup:/root/catkin_ws/install/omo_r1mini_bringup/lib/python3.8/site-packages:/root/catkin_ws/install/omo_r1mini_interfaces/lib/python3.8/site-packages:${PYTHONPATH} /usr/bin/cmake --install /root/catkin_ws/build/omo_r1mini
