[1.525s] Invoking command in '/root/catkin_ws/build/logging_rclpy_example': PYTHONPATH=/root/catkin_ws/build/logging_rclpy_example/prefix_override:/root/catkin_ws/install/logging_rclpy_example/lib/python3.8/site-packages:${PYTHONPATH} /usr/bin/python3 setup.py develop --editable --build-directory /root/catkin_ws/build/logging_rclpy_example/build --no-deps install_data
[1.845s] running develop
[2.008s] running egg_info
[2.009s] creating logging_rclpy_example.egg-info
[2.009s] writing logging_rclpy_example.egg-info/PKG-INFO
[2.009s] writing dependency_links to logging_rclpy_example.egg-info/dependency_links.txt
[2.009s] writing entry points to logging_rclpy_example.egg-info/entry_points.txt
[2.009s] writing requirements to logging_rclpy_example.egg-info/requires.txt
[2.009s] writing top-level names to logging_rclpy_example.egg-info/top_level.txt
[2.009s] writing manifest file 'logging_rclpy_example.egg-info/SOURCES.txt'
[2.061s] reading manifest file 'logging_rclpy_example.egg-info/SOURCES.txt'
[2.062s] writing manifest file 'logging_rclpy_example.egg-info/SOURCES.txt'
[2.116s] running build_ext
[2.117s] Creating /root/catkin_ws/install/logging_rclpy_example/lib/python3.8/site-packages/site.py
[2.119s] Creating /root/catkin_ws/install/logging_rclpy_example/lib/python3.8/site-packages/logging-rclpy-example.egg-link (link to .)
[2.121s] Installing logging_example script to /root/catkin_ws/install/logging_rclpy_example/lib/logging_rclpy_example
[2.121s] 
[2.121s] Installed /root/catkin_ws/build/logging_rclpy_example
[2.121s] running install_data
[2.121s] creating /root/catkin_ws/install/logging_rclpy_example/share/ament_index
[2.122s] creating /root/catkin_ws/install/logging_rclpy_example/share/ament_index/resource_index
[2.122s] creating /root/catkin_ws/install/logging_rclpy_example/share/ament_index/resource_index/packages
[2.122s] copying resource/logging_rclpy_example -> /root/catkin_ws/install/logging_rclpy_example/share/ament_index/resource_index/packages
[2.122s] copying package.xml -> /root/catkin_ws/install/logging_rclpy_example/share/logging_rclpy_example
[2.443s] Invoked command in '/root/catkin_ws/build/logging_rclpy_example' returned '0': PYTHONPATH=/root/catkin_ws/build/logging_rclpy_example/prefix_override:/root/catkin_ws/install/logging_rclpy_example/lib/python3.8/site-packages:${PYTHONPATH} /usr/bin/python3 setup.py develop --editable --build-directory /root/catkin_ws/build/logging_rclpy_example/build --no-deps install_data
