-- The C compiler identification is GNU 9.4.0
-- The CXX compiler identification is GNU 9.4.0
-- Check for working C compiler: /usr/bin/cc
-- Check for working C compiler: /usr/bin/cc -- works
-- Detecting C compiler ABI info
-- Detecting C compiler ABI info - done
-- Detecting C compile features
-- Detecting C compile features - done
-- Check for working CXX compiler: /usr/bin/c++
-- Check for working CXX compiler: /usr/bin/c++ -- works
-- Detecting CXX compiler ABI info
-- Detecting CXX compiler ABI info - done
-- Detecting CXX compile features
-- Detecting CXX compile features - done
-- Found ament_cmake: 0.9.11 (/opt/ros/foxy/share/ament_cmake/cmake)
-- Found PythonInterp: /usr/bin/python3 (found suitable version "3.8.10", minimum required is "3") 
-- Using PYTHON_EXECUTABLE: /usr/bin/python3
-- Found builtin_interfaces: 1.0.0 (/root/catkin_ws/install/builtin_interfaces/share/builtin_interfaces/cmake)
-- Using all available rosidl_typesupport_c: rosidl_typesupport_microxrcedds_c;rosidl_typesupport_fastrtps_c;rosidl_typesupport_introspection_c
-- Found rosidl_adapter: 1.3.0 (/opt/ros/foxy/share/rosidl_adapter/cmake)
-- Found OpenSSL: /usr/lib/x86_64-linux-gnu/libcrypto.so (found version "1.1.1f")  
-- Found FastRTPS: /opt/ros/foxy/include  
-- Using all available rosidl_typesupport_cpp: rosidl_typesupport_microxrcedds_cpp;rosidl_typesupport_fastrtps_cpp;rosidl_typesupport_introspection_cpp
-- Found rosidl_default_generators: 1.0.1 (/opt/ros/foxy/share/rosidl_default_generators/cmake)
-- Found std_msgs: 2.0.5 (/root/catkin_ws/install/std_msgs/share/std_msgs/cmake)
-- Found PythonInterp: /usr/bin/python3 (found version "3.8.10") 
-- Found ament_cmake_ros: 0.9.2 (/opt/ros/foxy/share/ament_cmake_ros/cmake)
-- Using all available rosidl_typesupport_c: rosidl_typesupport_microxrcedds_c;rosidl_typesupport_fastrtps_c;rosidl_typesupport_introspection_c
-- Using all available rosidl_typesupport_cpp: rosidl_typesupport_microxrcedds_cpp;rosidl_typesupport_fastrtps_cpp;rosidl_typesupport_introspection_cpp
-- Found PythonInterp: /usr/bin/python3 (found suitable version "3.8.10", minimum required is "3.5") 
-- Found python_cmake_module: 0.8.1 (/opt/ros/foxy/share/python_cmake_module/cmake)
-- Found PythonLibs: /usr/lib/x86_64-linux-gnu/libpython3.8.so (found suitable version "3.8.10", minimum required is "3.5") 
-- Using PYTHON_EXECUTABLE: /usr/bin/python3
-- Using PYTHON_INCLUDE_DIRS: /usr/include/python3.8
-- Using PYTHON_LIBRARIES: /usr/lib/x86_64-linux-gnu/libpython3.8.so
-- Found PythonExtra: .so  
-- Configuring done
-- Generating done
-- Build files have been written to: /root/catkin_ws/build/actionlib_msgs
[35m[1mScanning dependencies of target actionlib_msgs__cpp[0m
[  1%] [34m[1mGenerating C++ code for ROS interfaces[0m
[  1%] Built target actionlib_msgs__cpp
[  3%] [34m[1mGenerating C code for ROS interfaces[0m
[35m[1mScanning dependencies of target actionlib_msgs__rosidl_generator_c[0m
[  5%] [32mBuilding C object CMakeFiles/actionlib_msgs__rosidl_generator_c.dir/rosidl_generator_c/actionlib_msgs/msg/detail/goal_id__functions.c.o[0m
[  6%] [32mBuilding C object CMakeFiles/actionlib_msgs__rosidl_generator_c.dir/rosidl_generator_c/actionlib_msgs/msg/detail/goal_status_array__functions.c.o[0m
[  8%] [32mBuilding C object CMakeFiles/actionlib_msgs__rosidl_generator_c.dir/rosidl_generator_c/actionlib_msgs/msg/detail/goal_status__functions.c.o[0m
[ 10%] [32m[1mLinking C shared library libactionlib_msgs__rosidl_generator_c.so[0m
[ 10%] Built target actionlib_msgs__rosidl_generator_c
[ 11%] [34m[1mGenerating C++ type support for eProsima Micro XRCE-DDS[0m
[35m[1mScanning dependencies of target actionlib_msgs__rosidl_typesupport_microxrcedds_cpp[0m
[ 13%] [32mBuilding CXX object CMakeFiles/actionlib_msgs__rosidl_typesupport_microxrcedds_cpp.dir/rosidl_typesupport_microxrcedds_cpp/actionlib_msgs/msg/detail/microxrcedds/goal_id__type_support_cpp.cpp.o[0m
[ 15%] [32mBuilding CXX object CMakeFiles/actionlib_msgs__rosidl_typesupport_microxrcedds_cpp.dir/rosidl_typesupport_microxrcedds_cpp/actionlib_msgs/msg/detail/microxrcedds/goal_status_array__type_support_cpp.cpp.o[0m
[ 16%] [32mBuilding CXX object CMakeFiles/actionlib_msgs__rosidl_typesupport_microxrcedds_cpp.dir/rosidl_typesupport_microxrcedds_cpp/actionlib_msgs/msg/detail/microxrcedds/goal_status__type_support_cpp.cpp.o[0m
[ 18%] [32m[1mLinking CXX shared library libactionlib_msgs__rosidl_typesupport_microxrcedds_cpp.so[0m
[ 18%] Built target actionlib_msgs__rosidl_typesupport_microxrcedds_cpp
[ 20%] [34m[1mGenerating C introspection for ROS interfaces[0m
[35m[1mScanning dependencies of target actionlib_msgs__rosidl_typesupport_introspection_c[0m
[ 22%] [32mBuilding C object CMakeFiles/actionlib_msgs__rosidl_typesupport_introspection_c.dir/rosidl_typesupport_introspection_c/actionlib_msgs/msg/detail/goal_id__type_support.c.o[0m
[ 23%] [32mBuilding C object CMakeFiles/actionlib_msgs__rosidl_typesupport_introspection_c.dir/rosidl_typesupport_introspection_c/actionlib_msgs/msg/detail/goal_status_array__type_support.c.o[0m
[ 25%] [32mBuilding C object CMakeFiles/actionlib_msgs__rosidl_typesupport_introspection_c.dir/rosidl_typesupport_introspection_c/actionlib_msgs/msg/detail/goal_status__type_support.c.o[0m
[ 27%] [32m[1mLinking C shared library libactionlib_msgs__rosidl_typesupport_introspection_c.so[0m
[ 27%] Built target actionlib_msgs__rosidl_typesupport_introspection_c
[ 28%] [34m[1mGenerating C type support for eProsima Micro XRCE-DDS[0m
[35m[1mScanning dependencies of target actionlib_msgs__rosidl_typesupport_microxrcedds_c[0m
[ 30%] [32mBuilding C object CMakeFiles/actionlib_msgs__rosidl_typesupport_microxrcedds_c.dir/rosidl_typesupport_microxrcedds_c/actionlib_msgs/msg/detail/microxrcedds/goal_id__type_support_c.c.o[0m
[ 32%] [32mBuilding C object CMakeFiles/actionlib_msgs__rosidl_typesupport_microxrcedds_c.dir/rosidl_typesupport_microxrcedds_c/actionlib_msgs/msg/detail/microxrcedds/goal_status_array__type_support_c.c.o[0m
[ 33%] [32mBuilding C object CMakeFiles/actionlib_msgs__rosidl_typesupport_microxrcedds_c.dir/rosidl_typesupport_microxrcedds_c/actionlib_msgs/msg/detail/microxrcedds/goal_status__type_support_c.c.o[0m
[ 35%] [32m[1mLinking C shared library libactionlib_msgs__rosidl_typesupport_microxrcedds_c.so[0m
[ 35%] Built target actionlib_msgs__rosidl_typesupport_microxrcedds_c
[ 37%] [34m[1mGenerating C type support dispatch for ROS interfaces[0m
[35m[1mScanning dependencies of target actionlib_msgs__rosidl_typesupport_c[0m
[ 38%] [32mBuilding CXX object CMakeFiles/actionlib_msgs__rosidl_typesupport_c.dir/rosidl_typesupport_c/actionlib_msgs/msg/goal_id__type_support.cpp.o[0m
[ 40%] [32mBuilding CXX object CMakeFiles/actionlib_msgs__rosidl_typesupport_c.dir/rosidl_typesupport_c/actionlib_msgs/msg/goal_status_array__type_support.cpp.o[0m
[ 42%] [32mBuilding CXX object CMakeFiles/actionlib_msgs__rosidl_typesupport_c.dir/rosidl_typesupport_c/actionlib_msgs/msg/goal_status__type_support.cpp.o[0m
[ 44%] [32m[1mLinking CXX shared library libactionlib_msgs__rosidl_typesupport_c.so[0m
[ 44%] Built target actionlib_msgs__rosidl_typesupport_c
[ 45%] [34m[1mGenerating C++ type support for eProsima Fast-RTPS[0m
[35m[1mScanning dependencies of target actionlib_msgs__rosidl_typesupport_fastrtps_cpp[0m
[ 47%] [32mBuilding CXX object CMakeFiles/actionlib_msgs__rosidl_typesupport_fastrtps_cpp.dir/rosidl_typesupport_fastrtps_cpp/actionlib_msgs/msg/detail/dds_fastrtps/goal_id__type_support.cpp.o[0m
[ 49%] [32mBuilding CXX object CMakeFiles/actionlib_msgs__rosidl_typesupport_fastrtps_cpp.dir/rosidl_typesupport_fastrtps_cpp/actionlib_msgs/msg/detail/dds_fastrtps/goal_status_array__type_support.cpp.o[0m
[ 50%] [32mBuilding CXX object CMakeFiles/actionlib_msgs__rosidl_typesupport_fastrtps_cpp.dir/rosidl_typesupport_fastrtps_cpp/actionlib_msgs/msg/detail/dds_fastrtps/goal_status__type_support.cpp.o[0m
[ 52%] [32m[1mLinking CXX shared library libactionlib_msgs__rosidl_typesupport_fastrtps_cpp.so[0m
[ 52%] Built target actionlib_msgs__rosidl_typesupport_fastrtps_cpp
[ 54%] [34m[1mGenerating C++ type support dispatch for ROS interfaces[0m
[35m[1mScanning dependencies of target actionlib_msgs__rosidl_typesupport_cpp[0m
[ 55%] [32mBuilding CXX object CMakeFiles/actionlib_msgs__rosidl_typesupport_cpp.dir/rosidl_typesupport_cpp/actionlib_msgs/msg/goal_id__type_support.cpp.o[0m
[ 57%] [32mBuilding CXX object CMakeFiles/actionlib_msgs__rosidl_typesupport_cpp.dir/rosidl_typesupport_cpp/actionlib_msgs/msg/goal_status_array__type_support.cpp.o[0m
[ 59%] [32mBuilding CXX object CMakeFiles/actionlib_msgs__rosidl_typesupport_cpp.dir/rosidl_typesupport_cpp/actionlib_msgs/msg/goal_status__type_support.cpp.o[0m
[ 61%] [32m[1mLinking CXX shared library libactionlib_msgs__rosidl_typesupport_cpp.so[0m
[ 61%] Built target actionlib_msgs__rosidl_typesupport_cpp
[ 62%] [34m[1mGenerating C type support for eProsima Fast-RTPS[0m
[ 64%] [34m[1mGenerating C++ introspection for ROS interfaces[0m
[35m[1mScanning dependencies of target actionlib_msgs__rosidl_typesupport_introspection_cpp[0m
[35m[1mScanning dependencies of target actionlib_msgs__rosidl_typesupport_fastrtps_c[0m
[ 66%] [32mBuilding CXX object CMakeFiles/actionlib_msgs__rosidl_typesupport_introspection_cpp.dir/rosidl_typesupport_introspection_cpp/actionlib_msgs/msg/detail/goal_id__type_support.cpp.o[0m
[ 67%] [32mBuilding CXX object CMakeFiles/actionlib_msgs__rosidl_typesupport_introspection_cpp.dir/rosidl_typesupport_introspection_cpp/actionlib_msgs/msg/detail/goal_status__type_support.cpp.o[0m
[ 69%] [32mBuilding CXX object CMakeFiles/actionlib_msgs__rosidl_typesupport_introspection_cpp.dir/rosidl_typesupport_introspection_cpp/actionlib_msgs/msg/detail/goal_status_array__type_support.cpp.o[0m
[ 71%] [32mBuilding CXX object CMakeFiles/actionlib_msgs__rosidl_typesupport_fastrtps_c.dir/rosidl_typesupport_fastrtps_c/actionlib_msgs/msg/detail/goal_id__type_support_c.cpp.o[0m
[ 72%] [32mBuilding CXX object CMakeFiles/actionlib_msgs__rosidl_typesupport_fastrtps_c.dir/rosidl_typesupport_fastrtps_c/actionlib_msgs/msg/detail/goal_status__type_support_c.cpp.o[0m
[ 74%] [32mBuilding CXX object CMakeFiles/actionlib_msgs__rosidl_typesupport_fastrtps_c.dir/rosidl_typesupport_fastrtps_c/actionlib_msgs/msg/detail/goal_status_array__type_support_c.cpp.o[0m
[ 76%] [32m[1mLinking CXX shared library libactionlib_msgs__rosidl_typesupport_introspection_cpp.so[0m
[ 77%] [32m[1mLinking CXX shared library libactionlib_msgs__rosidl_typesupport_fastrtps_c.so[0m
[ 77%] Built target actionlib_msgs__rosidl_typesupport_introspection_cpp
[ 77%] Built target actionlib_msgs__rosidl_typesupport_fastrtps_c
[35m[1mScanning dependencies of target actionlib_msgs[0m
[ 77%] Built target actionlib_msgs
[35m[1mScanning dependencies of target actionlib_msgs__py[0m
[ 79%] [34m[1mGenerating Python code for ROS interfaces[0m
[ 79%] Built target actionlib_msgs__py
[35m[1mScanning dependencies of target actionlib_msgs__python[0m
[ 81%] [32mBuilding C object CMakeFiles/actionlib_msgs__python.dir/rosidl_generator_py/actionlib_msgs/msg/_goal_status_s.c.o[0m
[ 83%] [32mBuilding C object CMakeFiles/actionlib_msgs__python.dir/rosidl_generator_py/actionlib_msgs/msg/_goal_id_s.c.o[0m
[ 84%] [32mBuilding C object CMakeFiles/actionlib_msgs__python.dir/rosidl_generator_py/actionlib_msgs/msg/_goal_status_array_s.c.o[0m
[ 86%] [32m[1mLinking C shared library rosidl_generator_py/actionlib_msgs/libactionlib_msgs__python.so[0m
[ 86%] Built target actionlib_msgs__python
[35m[1mScanning dependencies of target actionlib_msgs__rosidl_typesupport_fastrtps_c__pyext[0m
[35m[1mScanning dependencies of target actionlib_msgs__rosidl_typesupport_introspection_c__pyext[0m
[35m[1mScanning dependencies of target actionlib_msgs__rosidl_typesupport_microxrcedds_c__pyext[0m
[ 88%] [32mBuilding C object CMakeFiles/actionlib_msgs__rosidl_typesupport_introspection_c__pyext.dir/rosidl_generator_py/actionlib_msgs/_actionlib_msgs_s.ep.rosidl_typesupport_introspection_c.c.o[0m
[ 89%] [32mBuilding C object CMakeFiles/actionlib_msgs__rosidl_typesupport_fastrtps_c__pyext.dir/rosidl_generator_py/actionlib_msgs/_actionlib_msgs_s.ep.rosidl_typesupport_fastrtps_c.c.o[0m
[ 91%] [32mBuilding C object CMakeFiles/actionlib_msgs__rosidl_typesupport_microxrcedds_c__pyext.dir/rosidl_generator_py/actionlib_msgs/_actionlib_msgs_s.ep.rosidl_typesupport_microxrcedds_c.c.o[0m
[ 93%] [32m[1mLinking CXX shared library rosidl_generator_py/actionlib_msgs/actionlib_msgs_s__rosidl_typesupport_fastrtps_c.cpython-38-x86_64-linux-gnu.so[0m
[ 94%] [32m[1mLinking C shared library rosidl_generator_py/actionlib_msgs/actionlib_msgs_s__rosidl_typesupport_introspection_c.cpython-38-x86_64-linux-gnu.so[0m
[ 96%] [32m[1mLinking C shared library rosidl_generator_py/actionlib_msgs/actionlib_msgs_s__rosidl_typesupport_microxrcedds_c.cpython-38-x86_64-linux-gnu.so[0m
[ 96%] Built target actionlib_msgs__rosidl_typesupport_introspection_c__pyext
[35m[1mScanning dependencies of target actionlib_msgs__rosidl_typesupport_c__pyext[0m
[ 96%] Built target actionlib_msgs__rosidl_typesupport_fastrtps_c__pyext
[ 98%] [32mBuilding C object CMakeFiles/actionlib_msgs__rosidl_typesupport_c__pyext.dir/rosidl_generator_py/actionlib_msgs/_actionlib_msgs_s.ep.rosidl_typesupport_c.c.o[0m
[ 98%] Built target actionlib_msgs__rosidl_typesupport_microxrcedds_c__pyext
[100%] [32m[1mLinking C shared library rosidl_generator_py/actionlib_msgs/actionlib_msgs_s__rosidl_typesupport_c.cpython-38-x86_64-linux-gnu.so[0m
[100%] Built target actionlib_msgs__rosidl_typesupport_c__pyext
-- Install configuration: ""
-- Installing: /root/catkin_ws/install/actionlib_msgs/share/ament_index/resource_index/rosidl_interfaces/actionlib_msgs
-- Installing: /root/catkin_ws/install/actionlib_msgs/include/actionlib_msgs
-- Installing: /root/catkin_ws/install/actionlib_msgs/include/actionlib_msgs/msg
-- Installing: /root/catkin_ws/install/actionlib_msgs/include/actionlib_msgs/msg/detail
-- Installing: /root/catkin_ws/install/actionlib_msgs/include/actionlib_msgs/msg/detail/goal_status_array__functions.h
-- Installing: /root/catkin_ws/install/actionlib_msgs/include/actionlib_msgs/msg/detail/goal_status__struct.h
-- Installing: /root/catkin_ws/install/actionlib_msgs/include/actionlib_msgs/msg/detail/goal_id__type_support.h
-- Installing: /root/catkin_ws/install/actionlib_msgs/include/actionlib_msgs/msg/detail/goal_id__functions.c
-- Installing: /root/catkin_ws/install/actionlib_msgs/include/actionlib_msgs/msg/detail/goal_status__functions.c
-- Installing: /root/catkin_ws/install/actionlib_msgs/include/actionlib_msgs/msg/detail/goal_status__type_support.h
-- Installing: /root/catkin_ws/install/actionlib_msgs/include/actionlib_msgs/msg/detail/goal_id__struct.h
-- Installing: /root/catkin_ws/install/actionlib_msgs/include/actionlib_msgs/msg/detail/goal_status_array__type_support.h
-- Installing: /root/catkin_ws/install/actionlib_msgs/include/actionlib_msgs/msg/detail/goal_status_array__functions.c
-- Installing: /root/catkin_ws/install/actionlib_msgs/include/actionlib_msgs/msg/detail/goal_status__functions.h
-- Installing: /root/catkin_ws/install/actionlib_msgs/include/actionlib_msgs/msg/detail/goal_id__functions.h
-- Installing: /root/catkin_ws/install/actionlib_msgs/include/actionlib_msgs/msg/detail/goal_status_array__struct.h
-- Installing: /root/catkin_ws/install/actionlib_msgs/include/actionlib_msgs/msg/rosidl_generator_c__visibility_control.h
-- Installing: /root/catkin_ws/install/actionlib_msgs/include/actionlib_msgs/msg/goal_id.h
-- Installing: /root/catkin_ws/install/actionlib_msgs/include/actionlib_msgs/msg/goal_status.h
-- Installing: /root/catkin_ws/install/actionlib_msgs/include/actionlib_msgs/msg/goal_status_array.h
-- Installing: /root/catkin_ws/install/actionlib_msgs/share/actionlib_msgs/environment/library_path.sh
-- Installing: /root/catkin_ws/install/actionlib_msgs/share/actionlib_msgs/environment/library_path.dsv
-- Installing: /root/catkin_ws/install/actionlib_msgs/lib/libactionlib_msgs__rosidl_generator_c.so
-- Set runtime path of "/root/catkin_ws/install/actionlib_msgs/lib/libactionlib_msgs__rosidl_generator_c.so" to ""
-- Up-to-date: /root/catkin_ws/install/actionlib_msgs/include/actionlib_msgs
-- Up-to-date: /root/catkin_ws/install/actionlib_msgs/include/actionlib_msgs/msg
-- Up-to-date: /root/catkin_ws/install/actionlib_msgs/include/actionlib_msgs/msg/detail
-- Installing: /root/catkin_ws/install/actionlib_msgs/include/actionlib_msgs/msg/detail/goal_status__rosidl_typesupport_microxrcedds_c.h
-- Installing: /root/catkin_ws/install/actionlib_msgs/include/actionlib_msgs/msg/detail/goal_status_array__rosidl_typesupport_microxrcedds_c.h
-- Installing: /root/catkin_ws/install/actionlib_msgs/include/actionlib_msgs/msg/detail/microxrcedds
-- Installing: /root/catkin_ws/install/actionlib_msgs/include/actionlib_msgs/msg/detail/goal_id__rosidl_typesupport_microxrcedds_c.h
-- Installing: /root/catkin_ws/install/actionlib_msgs/include/actionlib_msgs/msg/rosidl_typesupport_microxrcedds_c__visibility_control.h
-- Installing: /root/catkin_ws/install/actionlib_msgs/lib/libactionlib_msgs__rosidl_typesupport_microxrcedds_c.so
-- Set runtime path of "/root/catkin_ws/install/actionlib_msgs/lib/libactionlib_msgs__rosidl_typesupport_microxrcedds_c.so" to ""
-- Up-to-date: /root/catkin_ws/install/actionlib_msgs/include/actionlib_msgs
-- Up-to-date: /root/catkin_ws/install/actionlib_msgs/include/actionlib_msgs/msg
-- Up-to-date: /root/catkin_ws/install/actionlib_msgs/include/actionlib_msgs/msg/detail
-- Installing: /root/catkin_ws/install/actionlib_msgs/include/actionlib_msgs/msg/detail/goal_status_array__rosidl_typesupport_fastrtps_c.h
-- Installing: /root/catkin_ws/install/actionlib_msgs/include/actionlib_msgs/msg/detail/goal_id__rosidl_typesupport_fastrtps_c.h
-- Installing: /root/catkin_ws/install/actionlib_msgs/include/actionlib_msgs/msg/detail/goal_status__rosidl_typesupport_fastrtps_c.h
-- Installing: /root/catkin_ws/install/actionlib_msgs/include/actionlib_msgs/msg/rosidl_typesupport_fastrtps_c__visibility_control.h
-- Installing: /root/catkin_ws/install/actionlib_msgs/lib/libactionlib_msgs__rosidl_typesupport_fastrtps_c.so
-- Set runtime path of "/root/catkin_ws/install/actionlib_msgs/lib/libactionlib_msgs__rosidl_typesupport_fastrtps_c.so" to ""
-- Up-to-date: /root/catkin_ws/install/actionlib_msgs/include/actionlib_msgs
-- Up-to-date: /root/catkin_ws/install/actionlib_msgs/include/actionlib_msgs/msg
-- Up-to-date: /root/catkin_ws/install/actionlib_msgs/include/actionlib_msgs/msg/detail
-- Installing: /root/catkin_ws/install/actionlib_msgs/include/actionlib_msgs/msg/detail/goal_status__rosidl_typesupport_fastrtps_cpp.hpp
-- Installing: /root/catkin_ws/install/actionlib_msgs/include/actionlib_msgs/msg/detail/goal_id__rosidl_typesupport_fastrtps_cpp.hpp
-- Installing: /root/catkin_ws/install/actionlib_msgs/include/actionlib_msgs/msg/detail/goal_status_array__rosidl_typesupport_fastrtps_cpp.hpp
-- Installing: /root/catkin_ws/install/actionlib_msgs/include/actionlib_msgs/msg/detail/dds_fastrtps
-- Installing: /root/catkin_ws/install/actionlib_msgs/include/actionlib_msgs/msg/rosidl_typesupport_fastrtps_cpp__visibility_control.h
-- Installing: /root/catkin_ws/install/actionlib_msgs/lib/libactionlib_msgs__rosidl_typesupport_fastrtps_cpp.so
-- Set runtime path of "/root/catkin_ws/install/actionlib_msgs/lib/libactionlib_msgs__rosidl_typesupport_fastrtps_cpp.so" to ""
-- Up-to-date: /root/catkin_ws/install/actionlib_msgs/include/actionlib_msgs
-- Up-to-date: /root/catkin_ws/install/actionlib_msgs/include/actionlib_msgs/msg
-- Up-to-date: /root/catkin_ws/install/actionlib_msgs/include/actionlib_msgs/msg/detail
-- Installing: /root/catkin_ws/install/actionlib_msgs/include/actionlib_msgs/msg/detail/goal_status__type_support.c
-- Installing: /root/catkin_ws/install/actionlib_msgs/include/actionlib_msgs/msg/detail/goal_status_array__rosidl_typesupport_introspection_c.h
-- Installing: /root/catkin_ws/install/actionlib_msgs/include/actionlib_msgs/msg/detail/goal_status_array__type_support.c
-- Installing: /root/catkin_ws/install/actionlib_msgs/include/actionlib_msgs/msg/detail/goal_status__rosidl_typesupport_introspection_c.h
-- Installing: /root/catkin_ws/install/actionlib_msgs/include/actionlib_msgs/msg/detail/goal_id__rosidl_typesupport_introspection_c.h
-- Installing: /root/catkin_ws/install/actionlib_msgs/include/actionlib_msgs/msg/detail/goal_id__type_support.c
-- Installing: /root/catkin_ws/install/actionlib_msgs/include/actionlib_msgs/msg/rosidl_typesupport_introspection_c__visibility_control.h
-- Installing: /root/catkin_ws/install/actionlib_msgs/lib/libactionlib_msgs__rosidl_typesupport_introspection_c.so
-- Set runtime path of "/root/catkin_ws/install/actionlib_msgs/lib/libactionlib_msgs__rosidl_typesupport_introspection_c.so" to ""
-- Installing: /root/catkin_ws/install/actionlib_msgs/lib/libactionlib_msgs__rosidl_typesupport_c.so
-- Set runtime path of "/root/catkin_ws/install/actionlib_msgs/lib/libactionlib_msgs__rosidl_typesupport_c.so" to ""
-- Up-to-date: /root/catkin_ws/install/actionlib_msgs/include/actionlib_msgs
-- Up-to-date: /root/catkin_ws/install/actionlib_msgs/include/actionlib_msgs/msg
-- Up-to-date: /root/catkin_ws/install/actionlib_msgs/include/actionlib_msgs/msg/detail
-- Installing: /root/catkin_ws/install/actionlib_msgs/include/actionlib_msgs/msg/detail/goal_status_array__struct.hpp
-- Installing: /root/catkin_ws/install/actionlib_msgs/include/actionlib_msgs/msg/detail/goal_id__struct.hpp
-- Installing: /root/catkin_ws/install/actionlib_msgs/include/actionlib_msgs/msg/detail/goal_status__traits.hpp
-- Installing: /root/catkin_ws/install/actionlib_msgs/include/actionlib_msgs/msg/detail/goal_id__builder.hpp
-- Installing: /root/catkin_ws/install/actionlib_msgs/include/actionlib_msgs/msg/detail/goal_status__builder.hpp
-- Installing: /root/catkin_ws/install/actionlib_msgs/include/actionlib_msgs/msg/detail/goal_status_array__builder.hpp
-- Installing: /root/catkin_ws/install/actionlib_msgs/include/actionlib_msgs/msg/detail/goal_status__struct.hpp
-- Installing: /root/catkin_ws/install/actionlib_msgs/include/actionlib_msgs/msg/detail/goal_id__traits.hpp
-- Installing: /root/catkin_ws/install/actionlib_msgs/include/actionlib_msgs/msg/detail/goal_status_array__traits.hpp
-- Installing: /root/catkin_ws/install/actionlib_msgs/include/actionlib_msgs/msg/goal_status.hpp
-- Installing: /root/catkin_ws/install/actionlib_msgs/include/actionlib_msgs/msg/goal_status_array.hpp
-- Installing: /root/catkin_ws/install/actionlib_msgs/include/actionlib_msgs/msg/goal_id.hpp
-- Up-to-date: /root/catkin_ws/install/actionlib_msgs/include/actionlib_msgs
-- Up-to-date: /root/catkin_ws/install/actionlib_msgs/include/actionlib_msgs/msg
-- Up-to-date: /root/catkin_ws/install/actionlib_msgs/include/actionlib_msgs/msg/detail
-- Installing: /root/catkin_ws/install/actionlib_msgs/include/actionlib_msgs/msg/detail/goal_id__rosidl_typesupport_microxrcedds_cpp.hpp
-- Installing: /root/catkin_ws/install/actionlib_msgs/include/actionlib_msgs/msg/detail/goal_status_array__rosidl_typesupport_microxrcedds_cpp.hpp
-- Installing: /root/catkin_ws/install/actionlib_msgs/include/actionlib_msgs/msg/detail/goal_status__rosidl_typesupport_microxrcedds_cpp.hpp
-- Up-to-date: /root/catkin_ws/install/actionlib_msgs/include/actionlib_msgs/msg/detail/microxrcedds
-- Installing: /root/catkin_ws/install/actionlib_msgs/include/actionlib_msgs/msg/detail/microxrcedds/goal_status__type_support_cpp.cpp
-- Installing: /root/catkin_ws/install/actionlib_msgs/include/actionlib_msgs/msg/detail/microxrcedds/goal_id__type_support_cpp.cpp
-- Installing: /root/catkin_ws/install/actionlib_msgs/include/actionlib_msgs/msg/detail/microxrcedds/goal_status_array__type_support_cpp.cpp
-- Installing: /root/catkin_ws/install/actionlib_msgs/include/actionlib_msgs/msg/rosidl_typesupport_microxrcedds_cpp__visibility_control.h
-- Installing: /root/catkin_ws/install/actionlib_msgs/lib/libactionlib_msgs__rosidl_typesupport_microxrcedds_cpp.so
-- Set runtime path of "/root/catkin_ws/install/actionlib_msgs/lib/libactionlib_msgs__rosidl_typesupport_microxrcedds_cpp.so" to ""
-- Up-to-date: /root/catkin_ws/install/actionlib_msgs/include/actionlib_msgs
-- Up-to-date: /root/catkin_ws/install/actionlib_msgs/include/actionlib_msgs/msg
-- Up-to-date: /root/catkin_ws/install/actionlib_msgs/include/actionlib_msgs/msg/detail
-- Installing: /root/catkin_ws/install/actionlib_msgs/include/actionlib_msgs/msg/detail/goal_status__type_support.cpp
-- Installing: /root/catkin_ws/install/actionlib_msgs/include/actionlib_msgs/msg/detail/goal_id__rosidl_typesupport_introspection_cpp.hpp
-- Installing: /root/catkin_ws/install/actionlib_msgs/include/actionlib_msgs/msg/detail/goal_id__type_support.cpp
-- Installing: /root/catkin_ws/install/actionlib_msgs/include/actionlib_msgs/msg/detail/goal_status_array__rosidl_typesupport_introspection_cpp.hpp
-- Installing: /root/catkin_ws/install/actionlib_msgs/include/actionlib_msgs/msg/detail/goal_status_array__type_support.cpp
-- Installing: /root/catkin_ws/install/actionlib_msgs/include/actionlib_msgs/msg/detail/goal_status__rosidl_typesupport_introspection_cpp.hpp
-- Installing: /root/catkin_ws/install/actionlib_msgs/lib/libactionlib_msgs__rosidl_typesupport_introspection_cpp.so
-- Set runtime path of "/root/catkin_ws/install/actionlib_msgs/lib/libactionlib_msgs__rosidl_typesupport_introspection_cpp.so" to ""
-- Installing: /root/catkin_ws/install/actionlib_msgs/lib/libactionlib_msgs__rosidl_typesupport_cpp.so
-- Set runtime path of "/root/catkin_ws/install/actionlib_msgs/lib/libactionlib_msgs__rosidl_typesupport_cpp.so" to ""
-- Installing: /root/catkin_ws/install/actionlib_msgs/share/actionlib_msgs/environment/pythonpath.sh
-- Installing: /root/catkin_ws/install/actionlib_msgs/share/actionlib_msgs/environment/pythonpath.dsv
-- Installing: /root/catkin_ws/install/actionlib_msgs/lib/python3.8/site-packages/actionlib_msgs/__init__.py
Compiling '/root/catkin_ws/install/actionlib_msgs/lib/python3.8/site-packages/actionlib_msgs/__init__.py'...
-- Installing: /root/catkin_ws/install/actionlib_msgs/lib/python3.8/site-packages/actionlib_msgs/msg
-- Installing: /root/catkin_ws/install/actionlib_msgs/lib/python3.8/site-packages/actionlib_msgs/msg/_goal_status_array.py
-- Installing: /root/catkin_ws/install/actionlib_msgs/lib/python3.8/site-packages/actionlib_msgs/msg/_goal_status_s.c
-- Installing: /root/catkin_ws/install/actionlib_msgs/lib/python3.8/site-packages/actionlib_msgs/msg/_goal_status.py
-- Installing: /root/catkin_ws/install/actionlib_msgs/lib/python3.8/site-packages/actionlib_msgs/msg/_goal_status_array_s.c
-- Installing: /root/catkin_ws/install/actionlib_msgs/lib/python3.8/site-packages/actionlib_msgs/msg/_goal_id_s.c
-- Installing: /root/catkin_ws/install/actionlib_msgs/lib/python3.8/site-packages/actionlib_msgs/msg/_goal_id.py
-- Installing: /root/catkin_ws/install/actionlib_msgs/lib/python3.8/site-packages/actionlib_msgs/msg/__init__.py
-- Installing: /root/catkin_ws/install/actionlib_msgs/lib/python3.8/site-packages/actionlib_msgs/actionlib_msgs_s__rosidl_typesupport_microxrcedds_c.cpython-38-x86_64-linux-gnu.so
-- Set runtime path of "/root/catkin_ws/install/actionlib_msgs/lib/python3.8/site-packages/actionlib_msgs/actionlib_msgs_s__rosidl_typesupport_microxrcedds_c.cpython-38-x86_64-linux-gnu.so" to ""
-- Installing: /root/catkin_ws/install/actionlib_msgs/lib/python3.8/site-packages/actionlib_msgs/actionlib_msgs_s__rosidl_typesupport_fastrtps_c.cpython-38-x86_64-linux-gnu.so
-- Set runtime path of "/root/catkin_ws/install/actionlib_msgs/lib/python3.8/site-packages/actionlib_msgs/actionlib_msgs_s__rosidl_typesupport_fastrtps_c.cpython-38-x86_64-linux-gnu.so" to ""
-- Installing: /root/catkin_ws/install/actionlib_msgs/lib/python3.8/site-packages/actionlib_msgs/actionlib_msgs_s__rosidl_typesupport_introspection_c.cpython-38-x86_64-linux-gnu.so
-- Set runtime path of "/root/catkin_ws/install/actionlib_msgs/lib/python3.8/site-packages/actionlib_msgs/actionlib_msgs_s__rosidl_typesupport_introspection_c.cpython-38-x86_64-linux-gnu.so" to ""
-- Installing: /root/catkin_ws/install/actionlib_msgs/lib/python3.8/site-packages/actionlib_msgs/actionlib_msgs_s__rosidl_typesupport_c.cpython-38-x86_64-linux-gnu.so
-- Set runtime path of "/root/catkin_ws/install/actionlib_msgs/lib/python3.8/site-packages/actionlib_msgs/actionlib_msgs_s__rosidl_typesupport_c.cpython-38-x86_64-linux-gnu.so" to ""
-- Installing: /root/catkin_ws/install/actionlib_msgs/lib/libactionlib_msgs__python.so
-- Set runtime path of "/root/catkin_ws/install/actionlib_msgs/lib/libactionlib_msgs__python.so" to ""
-- Installing: /root/catkin_ws/install/actionlib_msgs/share/actionlib_msgs/msg/GoalID.idl
-- Installing: /root/catkin_ws/install/actionlib_msgs/share/actionlib_msgs/msg/GoalStatus.idl
-- Installing: /root/catkin_ws/install/actionlib_msgs/share/actionlib_msgs/msg/GoalStatusArray.idl
-- Installing: /root/catkin_ws/install/actionlib_msgs/share/actionlib_msgs/msg/GoalID.msg
-- Installing: /root/catkin_ws/install/actionlib_msgs/share/actionlib_msgs/msg/GoalStatus.msg
-- Installing: /root/catkin_ws/install/actionlib_msgs/share/actionlib_msgs/msg/GoalStatusArray.msg
-- Installing: /root/catkin_ws/install/actionlib_msgs/share/ament_index/resource_index/package_run_dependencies/actionlib_msgs
-- Installing: /root/catkin_ws/install/actionlib_msgs/share/ament_index/resource_index/parent_prefix_path/actionlib_msgs
-- Installing: /root/catkin_ws/install/actionlib_msgs/share/actionlib_msgs/environment/ament_prefix_path.sh
-- Installing: /root/catkin_ws/install/actionlib_msgs/share/actionlib_msgs/environment/ament_prefix_path.dsv
-- Installing: /root/catkin_ws/install/actionlib_msgs/share/actionlib_msgs/environment/path.sh
-- Installing: /root/catkin_ws/install/actionlib_msgs/share/actionlib_msgs/environment/path.dsv
-- Installing: /root/catkin_ws/install/actionlib_msgs/share/actionlib_msgs/local_setup.bash
-- Installing: /root/catkin_ws/install/actionlib_msgs/share/actionlib_msgs/local_setup.sh
-- Installing: /root/catkin_ws/install/actionlib_msgs/share/actionlib_msgs/local_setup.zsh
-- Installing: /root/catkin_ws/install/actionlib_msgs/share/actionlib_msgs/local_setup.dsv
-- Installing: /root/catkin_ws/install/actionlib_msgs/share/actionlib_msgs/package.dsv
-- Installing: /root/catkin_ws/install/actionlib_msgs/share/ament_index/resource_index/packages/actionlib_msgs
-- Installing: /root/catkin_ws/install/actionlib_msgs/share/actionlib_msgs/cmake/actionlib_msgs__rosidl_generator_cExport.cmake
-- Installing: /root/catkin_ws/install/actionlib_msgs/share/actionlib_msgs/cmake/actionlib_msgs__rosidl_generator_cExport-noconfig.cmake
-- Installing: /root/catkin_ws/install/actionlib_msgs/share/actionlib_msgs/cmake/actionlib_msgs__rosidl_typesupport_introspection_cExport.cmake
-- Installing: /root/catkin_ws/install/actionlib_msgs/share/actionlib_msgs/cmake/actionlib_msgs__rosidl_typesupport_introspection_cExport-noconfig.cmake
-- Installing: /root/catkin_ws/install/actionlib_msgs/share/actionlib_msgs/cmake/actionlib_msgs__rosidl_typesupport_cExport.cmake
-- Installing: /root/catkin_ws/install/actionlib_msgs/share/actionlib_msgs/cmake/actionlib_msgs__rosidl_typesupport_cExport-noconfig.cmake
-- Installing: /root/catkin_ws/install/actionlib_msgs/share/actionlib_msgs/cmake/actionlib_msgs__rosidl_generator_cppExport.cmake
-- Installing: /root/catkin_ws/install/actionlib_msgs/share/actionlib_msgs/cmake/actionlib_msgs__rosidl_typesupport_introspection_cppExport.cmake
-- Installing: /root/catkin_ws/install/actionlib_msgs/share/actionlib_msgs/cmake/actionlib_msgs__rosidl_typesupport_introspection_cppExport-noconfig.cmake
-- Installing: /root/catkin_ws/install/actionlib_msgs/share/actionlib_msgs/cmake/actionlib_msgs__rosidl_typesupport_cppExport.cmake
-- Installing: /root/catkin_ws/install/actionlib_msgs/share/actionlib_msgs/cmake/actionlib_msgs__rosidl_typesupport_cppExport-noconfig.cmake
-- Installing: /root/catkin_ws/install/actionlib_msgs/share/actionlib_msgs/cmake/rosidl_cmake-extras.cmake
-- Installing: /root/catkin_ws/install/actionlib_msgs/share/actionlib_msgs/cmake/ament_cmake_export_dependencies-extras.cmake
-- Installing: /root/catkin_ws/install/actionlib_msgs/share/actionlib_msgs/cmake/ament_cmake_export_libraries-extras.cmake
-- Installing: /root/catkin_ws/install/actionlib_msgs/share/actionlib_msgs/cmake/ament_cmake_export_targets-extras.cmake
-- Installing: /root/catkin_ws/install/actionlib_msgs/share/actionlib_msgs/cmake/ament_cmake_export_include_directories-extras.cmake
-- Installing: /root/catkin_ws/install/actionlib_msgs/share/actionlib_msgs/cmake/rosidl_cmake_export_typesupport_libraries-extras.cmake
-- Installing: /root/catkin_ws/install/actionlib_msgs/share/actionlib_msgs/cmake/rosidl_cmake_export_typesupport_targets-extras.cmake
-- Installing: /root/catkin_ws/install/actionlib_msgs/share/actionlib_msgs/cmake/actionlib_msgsConfig.cmake
-- Installing: /root/catkin_ws/install/actionlib_msgs/share/actionlib_msgs/cmake/actionlib_msgsConfig-version.cmake
-- Installing: /root/catkin_ws/install/actionlib_msgs/share/actionlib_msgs/package.xml
