-- Found ament_cmake: 0.9.11 (/opt/ros/foxy/share/ament_cmake/cmake)
-- Using PYTHON_EXECUTABLE: /usr/bin/python3
-- Override CMake install command with custom implementation using symlinks instead of copying resources
-- Configuring done
-- Generating done
-- Build files have been written to: /root/catkin_ws/build/micro_ros_demos_rclc
[  0%] [34m[1mPerforming build step for 'fibonacci_action_client'[0m
[  1%] [34m[1mPerforming build step for 'fibonacci_action_server'[0m
[  2%] [34m[1mPerforming build step for 'configured_publisher'[0m
[  3%] [34m[1mPerforming build step for 'graph_visualizer'[0m
[  3%] [34m[1mPerforming build step for 'subscription_count'[0m
[  4%] [34m[1mPerforming build step for 'configured_subscriber'[0m
-- Found ament_cmake: 0.9.11 (/opt/ros/foxy/share/ament_cmake/cmake)
-- Found ament_cmake: 0.9.11 (/opt/ros/foxy/share/ament_cmake/cmake)
-- Found ament_cmake: 0.9.11 (/opt/ros/foxy/share/ament_cmake/cmake)
[  4%] [34m[1mPerforming build step for 'publisher_count'[0m
-- Found ament_cmake: 0.9.11 (/opt/ros/foxy/share/ament_cmake/cmake)
[  4%] [34m[1mPerforming build step for 'int32_subscriber'[0m
-- Found ament_cmake: 0.9.11 (/opt/ros/foxy/share/ament_cmake/cmake)
-- Found ament_cmake: 0.9.11 (/opt/ros/foxy/share/ament_cmake/cmake)
-- Found ament_cmake: 0.9.11 (/opt/ros/foxy/share/ament_cmake/cmake)
[  5%] [34m[1mPerforming build step for 'addtwoints_client'[0m
[  5%] [34m[1mPerforming build step for 'int32_publisher'[0m
-- Using PYTHON_EXECUTABLE: /usr/bin/python3
[  6%] [34m[1mPerforming build step for 'fragmented_publication'[0m
[  6%] [34m[1mPerforming build step for 'addtwoints_server'[0m
-- Found ament_cmake: 0.9.11 (/opt/ros/foxy/share/ament_cmake/cmake)
-- Using PYTHON_EXECUTABLE: /usr/bin/python3
-- Found ament_cmake: 0.9.11 (/opt/ros/foxy/share/ament_cmake/cmake)
-- Found ament_cmake: 0.9.11 (/opt/ros/foxy/share/ament_cmake/cmake)
-- Found ament_cmake: 0.9.11 (/opt/ros/foxy/share/ament_cmake/cmake)
-- Found ament_cmake: 0.9.11 (/opt/ros/foxy/share/ament_cmake/cmake)
-- Using PYTHON_EXECUTABLE: /usr/bin/python3
-- Using PYTHON_EXECUTABLE: /usr/bin/python3
-- Using PYTHON_EXECUTABLE: /usr/bin/python3
-- Using PYTHON_EXECUTABLE: /usr/bin/python3
-- Using PYTHON_EXECUTABLE: /usr/bin/python3
-- Using PYTHON_EXECUTABLE: /usr/bin/python3
-- Using PYTHON_EXECUTABLE: /usr/bin/python3
-- Using PYTHON_EXECUTABLE: /usr/bin/python3
-- Using PYTHON_EXECUTABLE: /usr/bin/python3
-- Using PYTHON_EXECUTABLE: /usr/bin/python3
-- Found rcl: 1.1.14 (/opt/ros/foxy/share/rcl/cmake)
-- Found rcl: 1.1.14 (/opt/ros/foxy/share/rcl/cmake)
-- Using all available rosidl_typesupport_c: rosidl_typesupport_microxrcedds_c;rosidl_typesupport_fastrtps_c;rosidl_typesupport_introspection_c
-- Found rosidl_adapter: 1.3.0 (/opt/ros/foxy/share/rosidl_adapter/cmake)
-- Found rcl: 1.1.14 (/opt/ros/foxy/share/rcl/cmake)
-- Found rcl: 1.1.14 (/opt/ros/foxy/share/rcl/cmake)
-- Found rcl: 1.1.14 (/opt/ros/foxy/share/rcl/cmake)
-- Using all available rosidl_typesupport_c: rosidl_typesupport_microxrcedds_c;rosidl_typesupport_fastrtps_c;rosidl_typesupport_introspection_c
-- Found rosidl_adapter: 1.3.0 (/opt/ros/foxy/share/rosidl_adapter/cmake)
-- Found rcl: 1.1.14 (/opt/ros/foxy/share/rcl/cmake)
-- Found rcl: 1.1.14 (/opt/ros/foxy/share/rcl/cmake)
-- Found rcl: 1.1.14 (/opt/ros/foxy/share/rcl/cmake)
-- Using all available rosidl_typesupport_c: rosidl_typesupport_microxrcedds_c;rosidl_typesupport_fastrtps_c;rosidl_typesupport_introspection_c
-- Found rosidl_adapter: 1.3.0 (/opt/ros/foxy/share/rosidl_adapter/cmake)
-- Using all available rosidl_typesupport_c: rosidl_typesupport_microxrcedds_c;rosidl_typesupport_fastrtps_c;rosidl_typesupport_introspection_c
-- Found rosidl_adapter: 1.3.0 (/opt/ros/foxy/share/rosidl_adapter/cmake)
-- Using all available rosidl_typesupport_c: rosidl_typesupport_microxrcedds_c;rosidl_typesupport_fastrtps_c;rosidl_typesupport_introspection_c
-- Found rcl: 1.1.14 (/opt/ros/foxy/share/rcl/cmake)
-- Found rosidl_adapter: 1.3.0 (/opt/ros/foxy/share/rosidl_adapter/cmake)
-- Found rcl: 1.1.14 (/opt/ros/foxy/share/rcl/cmake)
-- Using all available rosidl_typesupport_c: rosidl_typesupport_microxrcedds_c;rosidl_typesupport_fastrtps_c;rosidl_typesupport_introspection_c
-- Found rosidl_adapter: 1.3.0 (/opt/ros/foxy/share/rosidl_adapter/cmake)
-- Found rcl: 1.1.14 (/opt/ros/foxy/share/rcl/cmake)
-- Using all available rosidl_typesupport_c: rosidl_typesupport_microxrcedds_c;rosidl_typesupport_fastrtps_c;rosidl_typesupport_introspection_c
-- Using all available rosidl_typesupport_c: rosidl_typesupport_microxrcedds_c;rosidl_typesupport_fastrtps_c;rosidl_typesupport_introspection_c
-- Found rosidl_adapter: 1.3.0 (/opt/ros/foxy/share/rosidl_adapter/cmake)
-- Found rosidl_adapter: 1.3.0 (/opt/ros/foxy/share/rosidl_adapter/cmake)
-- Found rcl: 1.1.14 (/opt/ros/foxy/share/rcl/cmake)
-- Using all available rosidl_typesupport_c: rosidl_typesupport_microxrcedds_c;rosidl_typesupport_fastrtps_c;rosidl_typesupport_introspection_c
-- Found rosidl_adapter: 1.3.0 (/opt/ros/foxy/share/rosidl_adapter/cmake)
-- Using all available rosidl_typesupport_c: rosidl_typesupport_microxrcedds_c;rosidl_typesupport_fastrtps_c;rosidl_typesupport_introspection_c
-- Found rosidl_adapter: 1.3.0 (/opt/ros/foxy/share/rosidl_adapter/cmake)
-- Using all available rosidl_typesupport_c: rosidl_typesupport_microxrcedds_c;rosidl_typesupport_fastrtps_c;rosidl_typesupport_introspection_c
-- Found rosidl_adapter: 1.3.0 (/opt/ros/foxy/share/rosidl_adapter/cmake)
-- Using all available rosidl_typesupport_c: rosidl_typesupport_microxrcedds_c;rosidl_typesupport_fastrtps_c;rosidl_typesupport_introspection_c
-- Found rosidl_adapter: 1.3.0 (/opt/ros/foxy/share/rosidl_adapter/cmake)
-- Using all available rosidl_typesupport_cpp: rosidl_typesupport_microxrcedds_cpp;rosidl_typesupport_fastrtps_cpp;rosidl_typesupport_introspection_cpp
-- Found rmw_implementation_cmake: 1.0.4 (/opt/ros/foxy/share/rmw_implementation_cmake/cmake)
-- Using all available rosidl_typesupport_cpp: rosidl_typesupport_microxrcedds_cpp;rosidl_typesupport_fastrtps_cpp;rosidl_typesupport_introspection_cpp
-- Using RMW implementation 'rmw_fastrtps_cpp' as default
-- Found rcl_action: 1.1.14 (/opt/ros/foxy/share/rcl_action/cmake)
-- Using all available rosidl_typesupport_cpp: rosidl_typesupport_microxrcedds_cpp;rosidl_typesupport_fastrtps_cpp;rosidl_typesupport_introspection_cpp
-- Using all available rosidl_typesupport_cpp: rosidl_typesupport_microxrcedds_cpp;rosidl_typesupport_fastrtps_cpp;rosidl_typesupport_introspection_cpp
-- Found rmw_implementation_cmake: 1.0.4 (/opt/ros/foxy/share/rmw_implementation_cmake/cmake)
-- Using all available rosidl_typesupport_cpp: rosidl_typesupport_microxrcedds_cpp;rosidl_typesupport_fastrtps_cpp;rosidl_typesupport_introspection_cpp
-- Using RMW implementation 'rmw_fastrtps_cpp' as default
-- Using all available rosidl_typesupport_cpp: rosidl_typesupport_microxrcedds_cpp;rosidl_typesupport_fastrtps_cpp;rosidl_typesupport_introspection_cpp
-- Found rclc: 1.1.2 (/root/catkin_ws/install/rclc/share/rclc/cmake)
-- Found std_msgs: 2.0.5 (/root/catkin_ws/install/std_msgs/share/std_msgs/cmake)
-- Found example_interfaces: 0.9.1 (/root/catkin_ws/install/example_interfaces/share/example_interfaces/cmake)
-- Found rmw_microxrcedds: 1.1.0 (/root/catkin_ws/install/rmw_microxrcedds/share/rmw_microxrcedds/cmake)
-- Found rmw_implementation_cmake: 1.0.4 (/opt/ros/foxy/share/rmw_implementation_cmake/cmake)
-- Using RMW implementation 'rmw_fastrtps_cpp' as default
-- Using all available rosidl_typesupport_cpp: rosidl_typesupport_microxrcedds_cpp;rosidl_typesupport_fastrtps_cpp;rosidl_typesupport_introspection_cpp
-- Found rclc: 1.1.2 (/root/catkin_ws/install/rclc/share/rclc/cmake)
-- Using all available rosidl_typesupport_cpp: rosidl_typesupport_microxrcedds_cpp;rosidl_typesupport_fastrtps_cpp;rosidl_typesupport_introspection_cpp
-- Found std_msgs: 2.0.5 (/root/catkin_ws/install/std_msgs/share/std_msgs/cmake)
-- Using all available rosidl_typesupport_cpp: rosidl_typesupport_microxrcedds_cpp;rosidl_typesupport_fastrtps_cpp;rosidl_typesupport_introspection_cpp
-- Using all available rosidl_typesupport_cpp: rosidl_typesupport_microxrcedds_cpp;rosidl_typesupport_fastrtps_cpp;rosidl_typesupport_introspection_cpp
-- Using all available rosidl_typesupport_cpp: rosidl_typesupport_microxrcedds_cpp;rosidl_typesupport_fastrtps_cpp;rosidl_typesupport_introspection_cpp
-- Found rmw_microxrcedds: 1.1.0 (/root/catkin_ws/install/rmw_microxrcedds/share/rmw_microxrcedds/cmake)
-- Found rmw_implementation_cmake: 1.0.4 (/opt/ros/foxy/share/rmw_implementation_cmake/cmake)
-- Using all available rosidl_typesupport_cpp: rosidl_typesupport_microxrcedds_cpp;rosidl_typesupport_fastrtps_cpp;rosidl_typesupport_introspection_cpp
-- Using RMW implementation 'rmw_fastrtps_cpp' as default
-- Configuring done
-- Configuring done
-- Found rmw_implementation_cmake: 1.0.4 (/opt/ros/foxy/share/rmw_implementation_cmake/cmake)
-- Found rcl_action: 1.1.14 (/opt/ros/foxy/share/rcl_action/cmake)
-- Using RMW implementation 'rmw_fastrtps_cpp' as default
-- Configuring done
-- Found rmw_implementation_cmake: 1.0.4 (/opt/ros/foxy/share/rmw_implementation_cmake/cmake)
-- Found rmw_implementation_cmake: 1.0.4 (/opt/ros/foxy/share/rmw_implementation_cmake/cmake)
-- Found rmw_implementation_cmake: 1.0.4 (/opt/ros/foxy/share/rmw_implementation_cmake/cmake)
-- Using RMW implementation 'rmw_fastrtps_cpp' as default
-- Using RMW implementation 'rmw_fastrtps_cpp' as default
-- Using RMW implementation 'rmw_fastrtps_cpp' as default
-- Generating done
-- Build files have been written to: /root/catkin_ws/build/micro_ros_demos_rclc/graph_introspection/graph_visualizer/src/graph_visualizer-build
-- Found rclc: 1.1.2 (/root/catkin_ws/install/rclc/share/rclc/cmake)
-- Generating done
-- Found rclc: 1.1.2 (/root/catkin_ws/install/rclc/share/rclc/cmake)
-- Found rmw_microxrcedds: 1.1.0 (/root/catkin_ws/install/rmw_microxrcedds/share/rmw_microxrcedds/cmake)
-- Found rclc: 1.1.2 (/root/catkin_ws/install/rclc/share/rclc/cmake)
-- Found rmw_implementation_cmake: 1.0.4 (/opt/ros/foxy/share/rmw_implementation_cmake/cmake)
-- Generating done
-- Build files have been written to: /root/catkin_ws/build/micro_ros_demos_rclc/configuration_example/configured_publisher/src/configured_publisher-build
-- Found rclc: 1.1.2 (/root/catkin_ws/install/rclc/share/rclc/cmake)
-- Found std_msgs: 2.0.5 (/root/catkin_ws/install/std_msgs/share/std_msgs/cmake)
-- Found std_msgs: 2.0.5 (/root/catkin_ws/install/std_msgs/share/std_msgs/cmake)
-- Build files have been written to: /root/catkin_ws/build/micro_ros_demos_rclc/fibonacci_action_server/src/fibonacci_action_server-build
-- Found std_msgs: 2.0.5 (/root/catkin_ws/install/std_msgs/share/std_msgs/cmake)
-- Using RMW implementation 'rmw_fastrtps_cpp' as default
-- Found rmw_microxrcedds: 1.1.0 (/root/catkin_ws/install/rmw_microxrcedds/share/rmw_microxrcedds/cmake)
-- Found rmw_microxrcedds: 1.1.0 (/root/catkin_ws/install/rmw_microxrcedds/share/rmw_microxrcedds/cmake)
-- Found rmw_microxrcedds: 1.1.0 (/root/catkin_ws/install/rmw_microxrcedds/share/rmw_microxrcedds/cmake)
-- Found rmw_implementation_cmake: 1.0.4 (/opt/ros/foxy/share/rmw_implementation_cmake/cmake)
-- Configuring done
-- Found rclc: 1.1.2 (/root/catkin_ws/install/rclc/share/rclc/cmake)
-- Found rmw_implementation_cmake: 1.0.4 (/opt/ros/foxy/share/rmw_implementation_cmake/cmake)
-- Using RMW implementation 'rmw_fastrtps_cpp' as default
-- Found example_interfaces: 0.9.1 (/root/catkin_ws/install/example_interfaces/share/example_interfaces/cmake)
-- Found rmw_microxrcedds: 1.1.0 (/root/catkin_ws/install/rmw_microxrcedds/share/rmw_microxrcedds/cmake)
-- Found rmw_implementation_cmake: 1.0.4 (/opt/ros/foxy/share/rmw_implementation_cmake/cmake)
-- Using RMW implementation 'rmw_fastrtps_cpp' as default
-- Using RMW implementation 'rmw_fastrtps_cpp' as default
-- Generating done
-- Build files have been written to: /root/catkin_ws/build/micro_ros_demos_rclc/graph_introspection/publisher_count/src/publisher_count-build
-- Found rclc: 1.1.2 (/root/catkin_ws/install/rclc/share/rclc/cmake)
-- Found rclc: 1.1.2 (/root/catkin_ws/install/rclc/share/rclc/cmake)
-- Configuring done
-- Configuring done
-- Found example_interfaces: 0.9.1 (/root/catkin_ws/install/example_interfaces/share/example_interfaces/cmake)
-- Found std_msgs: 2.0.5 (/root/catkin_ws/install/std_msgs/share/std_msgs/cmake)
-- Configuring done
-- Found rclc: 1.1.2 (/root/catkin_ws/install/rclc/share/rclc/cmake)
-- Configuring done
-- Found example_interfaces: 0.9.1 (/root/catkin_ws/install/example_interfaces/share/example_interfaces/cmake)
-- Found rmw_microxrcedds: 1.1.0 (/root/catkin_ws/install/rmw_microxrcedds/share/rmw_microxrcedds/cmake)
[35m[1mScanning dependencies of target configured_publisher[0m
-- Generating done
-- Generating done
[35m[1mScanning dependencies of target graph_visualizer[0m
-- Build files have been written to: /root/catkin_ws/build/micro_ros_demos_rclc/fragmented_publication/src/fragmented_publication-build
-- Build files have been written to: /root/catkin_ws/build/micro_ros_demos_rclc/int32_subscriber/src/int32_subscriber-build
-- Configuring done
[ 50%] [32mBuilding C object CMakeFiles/configured_publisher.dir/main.c.o[0m
[100%] Built target fibonacci_action_server
[ 50%] [32m[1mLinking C executable publisher_count[0m
-- Generating done
[ 50%] [32mBuilding C object CMakeFiles/graph_visualizer.dir/main.c.o[0m
-- Configuring done
-- Build files have been written to: /root/catkin_ws/build/micro_ros_demos_rclc/int32_publisher/src/int32_publisher-build
[  6%] [34m[1mPerforming install step for 'fibonacci_action_server'[0m
-- Generating done
-- Configuring done
-- Build files have been written to: /root/catkin_ws/build/micro_ros_demos_rclc/graph_introspection/subscription_count/src/subscription_count-build
[100%] Built target fibonacci_action_server
-- Configuring done
[35m[1mScanning dependencies of target int32_subscriber[0m
[35m[1mScanning dependencies of target fragmented_publication[0m
[35m[1mScanning dependencies of target int32_publisher[0m
[36mInstall the project...[0m
-- Install configuration: ""
-- Generating done
[ 50%] [32mBuilding C object CMakeFiles/fragmented_publication.dir/main.c.o[0m
-- Build files have been written to: /root/catkin_ws/build/micro_ros_demos_rclc/fibonacci_action_client/src/fibonacci_action_client-build
-- Up-to-date: /root/catkin_ws/build/micro_ros_demos_rclc/temp_install/fibonacci_action_server/fibonacci_action_server
[ 50%] [32mBuilding C object CMakeFiles/int32_subscriber.dir/main.c.o[0m
[ 50%] [32mBuilding C object CMakeFiles/int32_publisher.dir/main.c.o[0m
-- Generating done
-- Generating done
-- Build files have been written to: /root/catkin_ws/build/micro_ros_demos_rclc/configuration_example/configured_subscriber/src/configured_subscriber-build
-- Generating done
-- Build files have been written to: /root/catkin_ws/build/micro_ros_demos_rclc/addtwoints_server/src/addtwoints_server-build
-- Build files have been written to: /root/catkin_ws/build/micro_ros_demos_rclc/addtwoints_client/src/addtwoints_client-build
[ 50%] [32m[1mLinking C executable subscription_count[0m
[  7%] [34m[1mCompleted 'fibonacci_action_server'[0m
[100%] [32m[1mLinking C executable int32_publisher[0m
[35m[1mScanning dependencies of target addtwoints_client[0m
[35m[1mScanning dependencies of target addtwoints_server[0m
[100%] [32m[1mLinking C executable int32_subscriber[0m
[100%] [32m[1mLinking C executable fragmented_publication[0m
[100%] [32m[1mLinking C executable graph_visualizer[0m
[100%] Built target fibonacci_action_client
[100%] [32m[1mLinking C executable configured_publisher[0m
[100%] Built target publisher_count
[ 10%] Built target fibonacci_action_server
[35m[1mScanning dependencies of target configured_subscriber[0m
[ 50%] [32mBuilding C object CMakeFiles/addtwoints_client.dir/main.c.o[0m
[ 11%] [34m[1mPerforming install step for 'fibonacci_action_client'[0m
[ 50%] [32mBuilding C object CMakeFiles/addtwoints_server.dir/main.c.o[0m
[ 12%] [34m[1mPerforming install step for 'publisher_count'[0m
[ 50%] [32mBuilding C object CMakeFiles/configured_subscriber.dir/main.c.o[0m
[100%] Built target subscription_count
[100%] [32m[1mLinking C executable addtwoints_client[0m
[ 13%] [34m[1mPerforming build step for 'int32_multinode'[0m
[100%] Built target int32_publisher
[ 14%] [34m[1mPerforming install step for 'subscription_count'[0m
[100%] Built target graph_visualizer
[100%] Built target int32_subscriber
[100%] Built target configured_publisher
[100%] [32m[1mLinking C executable addtwoints_server[0m
[100%] [32m[1mLinking C executable configured_subscriber[0m
[100%] Built target fragmented_publication
[ 14%] [34m[1mPerforming install step for 'int32_publisher'[0m
[ 14%] [34m[1mPerforming install step for 'graph_visualizer'[0m
-- Found ament_cmake: 0.9.11 (/opt/ros/foxy/share/ament_cmake/cmake)
[ 14%] [34m[1mPerforming install step for 'configured_publisher'[0m
[100%] Built target fibonacci_action_client
[ 15%] [34m[1mPerforming install step for 'int32_subscriber'[0m
[ 16%] [34m[1mPerforming install step for 'fragmented_publication'[0m
[100%] Built target publisher_count
-- Using PYTHON_EXECUTABLE: /usr/bin/python3
[100%] Built target configured_subscriber
[36mInstall the project...[0m
[100%] Built target addtwoints_client
[100%] Built target addtwoints_server
-- Install configuration: ""
[100%] Built target graph_visualizer
[ 17%] [34m[1mPerforming install step for 'configured_subscriber'[0m
[100%] Built target subscription_count
[100%] Built target int32_publisher
-- Up-to-date: /root/catkin_ws/build/micro_ros_demos_rclc/temp_install/fibonacci_action_client/fibonacci_action_client
[ 18%] [34m[1mPerforming install step for 'addtwoints_client'[0m
[36mInstall the project...[0m
[100%] Built target int32_subscriber
[ 18%] [34m[1mCompleted 'fibonacci_action_client'[0m
[36mInstall the project...[0m
-- Install configuration: ""
-- Installing: /root/catkin_ws/build/micro_ros_demos_rclc/temp_install/publisher_count/publisher_count
-- Set runtime path of "/root/catkin_ws/build/micro_ros_demos_rclc/temp_install/publisher_count/publisher_count" to ""
[ 19%] [34m[1mPerforming install step for 'addtwoints_server'[0m
-- Install configuration: ""
[100%] Built target fragmented_publication
-- Installing: /root/catkin_ws/build/micro_ros_demos_rclc/temp_install/subscription_count/subscription_count
-- Set runtime path of "/root/catkin_ws/build/micro_ros_demos_rclc/temp_install/subscription_count/subscription_count" to ""
[36mInstall the project...[0m
[36mInstall the project...[0m
[36mInstall the project...[0m
[100%] Built target configured_publisher
-- Install configuration: ""
-- Install configuration: ""
-- Installing: /root/catkin_ws/build/micro_ros_demos_rclc/temp_install/int32_subscriber/int32_subscriber
-- Install configuration: ""
-- Set runtime path of "/root/catkin_ws/build/micro_ros_demos_rclc/temp_install/int32_subscriber/int32_subscriber" to ""
-- Installing: /root/catkin_ws/build/micro_ros_demos_rclc/temp_install/graph_visualizer/graph_visualizer
-- Set runtime path of "/root/catkin_ws/build/micro_ros_demos_rclc/temp_install/graph_visualizer/graph_visualizer" to ""
[ 19%] [34m[1mCompleted 'publisher_count'[0m
-- Installing: /root/catkin_ws/build/micro_ros_demos_rclc/temp_install/int32_publisher/int32_publisher
-- Set runtime path of "/root/catkin_ws/build/micro_ros_demos_rclc/temp_install/int32_publisher/int32_publisher" to ""
[100%] Built target configured_subscriber
[ 19%] [34m[1mCompleted 'subscription_count'[0m
[36mInstall the project...[0m
[36mInstall the project...[0m
[ 22%] Built target fibonacci_action_client
-- Install configuration: ""
-- Installing: /root/catkin_ws/build/micro_ros_demos_rclc/temp_install/configured_publisher/configured_publisher
-- Set runtime path of "/root/catkin_ws/build/micro_ros_demos_rclc/temp_install/configured_publisher/configured_publisher" to ""
[ 23%] [34m[1mCompleted 'graph_visualizer'[0m
[ 23%] [34m[1mCompleted 'int32_subscriber'[0m
-- Install configuration: ""
-- Installing: /root/catkin_ws/build/micro_ros_demos_rclc/temp_install/fragmented_publication/fragmented_publication
-- Set runtime path of "/root/catkin_ws/build/micro_ros_demos_rclc/temp_install/fragmented_publication/fragmented_publication" to ""
[36mInstall the project...[0m
[100%] Built target addtwoints_client
[ 24%] [34m[1mCompleted 'int32_publisher'[0m
-- Install configuration: ""
[ 25%] [34m[1mCompleted 'configured_publisher'[0m
[ 31%] Built target publisher_count
[ 31%] Built target subscription_count
-- Installing: /root/catkin_ws/build/micro_ros_demos_rclc/temp_install/configured_subscriber/configured_subscriber
-- Set runtime path of "/root/catkin_ws/build/micro_ros_demos_rclc/temp_install/configured_subscriber/configured_subscriber" to ""
[ 34%] Built target graph_visualizer
[ 35%] [34m[1mPerforming build step for 'timer'[0m
-- Found rcl: 1.1.14 (/opt/ros/foxy/share/rcl/cmake)
[36mInstall the project...[0m
[ 38%] Built target int32_subscriber
[100%] Built target addtwoints_server
[ 38%] [34m[1mCompleted 'fragmented_publication'[0m
[ 41%] Built target int32_publisher
-- Install configuration: ""
-- Found ament_cmake: 0.9.11 (/opt/ros/foxy/share/ament_cmake/cmake)
-- Installing: /root/catkin_ws/build/micro_ros_demos_rclc/temp_install/addtwoints_client/addtwoints_client
-- Set runtime path of "/root/catkin_ws/build/micro_ros_demos_rclc/temp_install/addtwoints_client/addtwoints_client" to ""
[ 41%] [34m[1mPerforming build step for 'fragmented_subscription'[0m
[ 41%] [34m[1mCompleted 'configured_subscriber'[0m
[ 42%] [34m[1mPerforming build step for 'ping_uros_agent'[0m
[ 43%] [34m[1mPerforming build step for 'complex_msg_publisher'[0m
-- Using all available rosidl_typesupport_c: rosidl_typesupport_microxrcedds_c;rosidl_typesupport_fastrtps_c;rosidl_typesupport_introspection_c
-- Found rosidl_adapter: 1.3.0 (/opt/ros/foxy/share/rosidl_adapter/cmake)
[ 46%] Built target configured_publisher
[36mInstall the project...[0m
-- Install configuration: ""
-- Installing: /root/catkin_ws/build/micro_ros_demos_rclc/temp_install/addtwoints_server/addtwoints_server
-- Set runtime path of "/root/catkin_ws/build/micro_ros_demos_rclc/temp_install/addtwoints_server/addtwoints_server" to ""
-- Found ament_cmake: 0.9.11 (/opt/ros/foxy/share/ament_cmake/cmake)
[ 46%] [34m[1mCompleted 'addtwoints_client'[0m
[ 46%] [34m[1mPerforming build step for 'ping_pong'[0m
[ 46%] [34m[1mCompleted 'addtwoints_server'[0m
-- Found ament_cmake: 0.9.11 (/opt/ros/foxy/share/ament_cmake/cmake)
-- Found ament_cmake: 0.9.11 (/opt/ros/foxy/share/ament_cmake/cmake)
[ 46%] [34m[1mPerforming build step for 'string_publisher'[0m
[ 46%] [34m[1mPerforming build step for 'complex_msg_subscriber'[0m
[ 48%] Built target fragmented_publication
-- Using PYTHON_EXECUTABLE: /usr/bin/python3
-- Found ament_cmake: 0.9.11 (/opt/ros/foxy/share/ament_cmake/cmake)
[ 50%] Built target configured_subscriber
-- Found ament_cmake: 0.9.11 (/opt/ros/foxy/share/ament_cmake/cmake)
-- Found ament_cmake: 0.9.11 (/opt/ros/foxy/share/ament_cmake/cmake)
[ 52%] Built target addtwoints_client
-- Using PYTHON_EXECUTABLE: /usr/bin/python3
[ 55%] Built target addtwoints_server
[ 56%] [34m[1mPerforming build step for 'string_subscriber'[0m
-- Using PYTHON_EXECUTABLE: /usr/bin/python3
-- Using PYTHON_EXECUTABLE: /usr/bin/python3
-- Using PYTHON_EXECUTABLE: /usr/bin/python3
[ 57%] [34m[1mPerforming build step for 'autodiscover_agent'[0m
-- Found ament_cmake: 0.9.11 (/opt/ros/foxy/share/ament_cmake/cmake)
[ 58%] [34m[1mPerforming build step for 'int32_publisher_subscriber'[0m
-- Using PYTHON_EXECUTABLE: /usr/bin/python3
-- Found ament_cmake: 0.9.11 (/opt/ros/foxy/share/ament_cmake/cmake)
-- Using PYTHON_EXECUTABLE: /usr/bin/python3
-- Found ament_cmake: 0.9.11 (/opt/ros/foxy/share/ament_cmake/cmake)
-- Using PYTHON_EXECUTABLE: /usr/bin/python3
-- Using all available rosidl_typesupport_cpp: rosidl_typesupport_microxrcedds_cpp;rosidl_typesupport_fastrtps_cpp;rosidl_typesupport_introspection_cpp
-- Found rmw_implementation_cmake: 1.0.4 (/opt/ros/foxy/share/rmw_implementation_cmake/cmake)
-- Using RMW implementation 'rmw_fastrtps_cpp' as default
-- Using PYTHON_EXECUTABLE: /usr/bin/python3
-- Using PYTHON_EXECUTABLE: /usr/bin/python3
-- Found rclc: 1.1.2 (/root/catkin_ws/install/rclc/share/rclc/cmake)
-- Found std_msgs: 2.0.5 (/root/catkin_ws/install/std_msgs/share/std_msgs/cmake)
-- Configuring done
-- Found rcl: 1.1.14 (/opt/ros/foxy/share/rcl/cmake)
-- Found rcl: 1.1.14 (/opt/ros/foxy/share/rcl/cmake)
-- Generating done
-- Build files have been written to: /root/catkin_ws/build/micro_ros_demos_rclc/int32_multinode/src/int32_multinode-build
-- Found rcl: 1.1.14 (/opt/ros/foxy/share/rcl/cmake)
-- Using all available rosidl_typesupport_c: rosidl_typesupport_microxrcedds_c;rosidl_typesupport_fastrtps_c;rosidl_typesupport_introspection_c
-- Found rosidl_adapter: 1.3.0 (/opt/ros/foxy/share/rosidl_adapter/cmake)
-- Using all available rosidl_typesupport_c: rosidl_typesupport_microxrcedds_c;rosidl_typesupport_fastrtps_c;rosidl_typesupport_introspection_c
-- Found rcl: 1.1.14 (/opt/ros/foxy/share/rcl/cmake)
-- Found rosidl_adapter: 1.3.0 (/opt/ros/foxy/share/rosidl_adapter/cmake)
[35m[1mScanning dependencies of target int32_multinode[0m
-- Found rcl: 1.1.14 (/opt/ros/foxy/share/rcl/cmake)
[ 50%] [32mBuilding C object CMakeFiles/int32_multinode.dir/main.c.o[0m
-- Using all available rosidl_typesupport_c: rosidl_typesupport_microxrcedds_c;rosidl_typesupport_fastrtps_c;rosidl_typesupport_introspection_c
-- Found rcl: 1.1.14 (/opt/ros/foxy/share/rcl/cmake)
-- Found rosidl_adapter: 1.3.0 (/opt/ros/foxy/share/rosidl_adapter/cmake)
-- Using all available rosidl_typesupport_c: rosidl_typesupport_microxrcedds_c;rosidl_typesupport_fastrtps_c;rosidl_typesupport_introspection_c
-- Found rosidl_adapter: 1.3.0 (/opt/ros/foxy/share/rosidl_adapter/cmake)
-- Using all available rosidl_typesupport_c: rosidl_typesupport_microxrcedds_c;rosidl_typesupport_fastrtps_c;rosidl_typesupport_introspection_c
-- Found rosidl_adapter: 1.3.0 (/opt/ros/foxy/share/rosidl_adapter/cmake)
-- Found rcl: 1.1.14 (/opt/ros/foxy/share/rcl/cmake)
-- Using all available rosidl_typesupport_c: rosidl_typesupport_microxrcedds_c;rosidl_typesupport_fastrtps_c;rosidl_typesupport_introspection_c
-- Found rosidl_adapter: 1.3.0 (/opt/ros/foxy/share/rosidl_adapter/cmake)
-- Using all available rosidl_typesupport_c: rosidl_typesupport_microxrcedds_c;rosidl_typesupport_fastrtps_c;rosidl_typesupport_introspection_c
-- Found rcl: 1.1.14 (/opt/ros/foxy/share/rcl/cmake)
-- Found rosidl_adapter: 1.3.0 (/opt/ros/foxy/share/rosidl_adapter/cmake)
[100%] [32m[1mLinking C executable int32_multinode[0m
-- Found rcl: 1.1.14 (/opt/ros/foxy/share/rcl/cmake)
-- Found rcl: 1.1.14 (/opt/ros/foxy/share/rcl/cmake)
-- Using all available rosidl_typesupport_c: rosidl_typesupport_microxrcedds_c;rosidl_typesupport_fastrtps_c;rosidl_typesupport_introspection_c
-- Found rosidl_adapter: 1.3.0 (/opt/ros/foxy/share/rosidl_adapter/cmake)
-- Using all available rosidl_typesupport_c: rosidl_typesupport_microxrcedds_c;rosidl_typesupport_fastrtps_c;rosidl_typesupport_introspection_c
-- Found rosidl_adapter: 1.3.0 (/opt/ros/foxy/share/rosidl_adapter/cmake)
[100%] Built target int32_multinode
-- Using all available rosidl_typesupport_cpp: rosidl_typesupport_microxrcedds_cpp;rosidl_typesupport_fastrtps_cpp;rosidl_typesupport_introspection_cpp
-- Using all available rosidl_typesupport_cpp: rosidl_typesupport_microxrcedds_cpp;rosidl_typesupport_fastrtps_cpp;rosidl_typesupport_introspection_cpp
[ 59%] [34m[1mPerforming install step for 'int32_multinode'[0m
-- Using all available rosidl_typesupport_c: rosidl_typesupport_microxrcedds_c;rosidl_typesupport_fastrtps_c;rosidl_typesupport_introspection_c
-- Found rosidl_adapter: 1.3.0 (/opt/ros/foxy/share/rosidl_adapter/cmake)
-- Using all available rosidl_typesupport_cpp: rosidl_typesupport_microxrcedds_cpp;rosidl_typesupport_fastrtps_cpp;rosidl_typesupport_introspection_cpp
-- Using all available rosidl_typesupport_cpp: rosidl_typesupport_microxrcedds_cpp;rosidl_typesupport_fastrtps_cpp;rosidl_typesupport_introspection_cpp
-- Found rmw_implementation_cmake: 1.0.4 (/opt/ros/foxy/share/rmw_implementation_cmake/cmake)
-- Using RMW implementation 'rmw_fastrtps_cpp' as default
-- Found rmw_implementation_cmake: 1.0.4 (/opt/ros/foxy/share/rmw_implementation_cmake/cmake)
-- Found rclc: 1.1.2 (/root/catkin_ws/install/rclc/share/rclc/cmake)
-- Using all available rosidl_typesupport_cpp: rosidl_typesupport_microxrcedds_cpp;rosidl_typesupport_fastrtps_cpp;rosidl_typesupport_introspection_cpp
-- Found std_msgs: 2.0.5 (/root/catkin_ws/install/std_msgs/share/std_msgs/cmake)
-- Using RMW implementation 'rmw_fastrtps_cpp' as default
-- Found rmw_implementation_cmake: 1.0.4 (/opt/ros/foxy/share/rmw_implementation_cmake/cmake)
-- Using all available rosidl_typesupport_cpp: rosidl_typesupport_microxrcedds_cpp;rosidl_typesupport_fastrtps_cpp;rosidl_typesupport_introspection_cpp
-- Using RMW implementation 'rmw_fastrtps_cpp' as default
-- Found rclc: 1.1.2 (/root/catkin_ws/install/rclc/share/rclc/cmake)
-- Found rmw_implementation_cmake: 1.0.4 (/opt/ros/foxy/share/rmw_implementation_cmake/cmake)
-- Found rmw_microxrcedds: 1.1.0 (/root/catkin_ws/install/rmw_microxrcedds/share/rmw_microxrcedds/cmake)
-- Found complex_msgs: 1.0.0 (/root/catkin_ws/install/complex_msgs/share/complex_msgs/cmake)
-- Using RMW implementation 'rmw_fastrtps_cpp' as default
-- Found rclc: 1.1.2 (/root/catkin_ws/install/rclc/share/rclc/cmake)
-- Found std_msgs: 2.0.5 (/root/catkin_ws/install/std_msgs/share/std_msgs/cmake)
-- Found rmw_implementation_cmake: 1.0.4 (/opt/ros/foxy/share/rmw_implementation_cmake/cmake)
-- Configuring done
-- Found rmw_microxrcedds: 1.1.0 (/root/catkin_ws/install/rmw_microxrcedds/share/rmw_microxrcedds/cmake)
-- Using RMW implementation 'rmw_fastrtps_cpp' as default
-- Found rclc: 1.1.2 (/root/catkin_ws/install/rclc/share/rclc/cmake)
-- Found rmw_microxrcedds: 1.1.0 (/root/catkin_ws/install/rmw_microxrcedds/share/rmw_microxrcedds/cmake)
[100%] Built target int32_multinode
-- Found std_msgs: 2.0.5 (/root/catkin_ws/install/std_msgs/share/std_msgs/cmake)
-- Found rmw_microxrcedds: 1.1.0 (/root/catkin_ws/install/rmw_microxrcedds/share/rmw_microxrcedds/cmake)
-- Found rmw_implementation_cmake: 1.0.4 (/opt/ros/foxy/share/rmw_implementation_cmake/cmake)
-- Generating done
-- Build files have been written to: /root/catkin_ws/build/micro_ros_demos_rclc/timer/src/timer-build
-- Found rclc: 1.1.2 (/root/catkin_ws/install/rclc/share/rclc/cmake)
-- Using RMW implementation 'rmw_fastrtps_cpp' as default
-- Found complex_msgs: 1.0.0 (/root/catkin_ws/install/complex_msgs/share/complex_msgs/cmake)
-- Configuring done
-- Using all available rosidl_typesupport_cpp: rosidl_typesupport_microxrcedds_cpp;rosidl_typesupport_fastrtps_cpp;rosidl_typesupport_introspection_cpp
-- Found rclc: 1.1.2 (/root/catkin_ws/install/rclc/share/rclc/cmake)
-- Found rmw_microxrcedds: 1.1.0 (/root/catkin_ws/install/rmw_microxrcedds/share/rmw_microxrcedds/cmake)
-- Found std_msgs: 2.0.5 (/root/catkin_ws/install/std_msgs/share/std_msgs/cmake)
-- Configuring done
-- Generating done
-- Build files have been written to: /root/catkin_ws/build/micro_ros_demos_rclc/complex_msg_subscriber/src/complex_msg_subscriber-build
[36mInstall the project...[0m
-- Found rmw_microxrcedds: 1.1.0 (/root/catkin_ws/install/rmw_microxrcedds/share/rmw_microxrcedds/cmake)
-- Using all available rosidl_typesupport_cpp: rosidl_typesupport_microxrcedds_cpp;rosidl_typesupport_fastrtps_cpp;rosidl_typesupport_introspection_cpp
-- Generating done
-- Build files have been written to: /root/catkin_ws/build/micro_ros_demos_rclc/fragmented_subscription/src/fragmented_subscription-build
-- Configuring done
-- Configuring done
-- Using all available rosidl_typesupport_cpp: rosidl_typesupport_microxrcedds_cpp;rosidl_typesupport_fastrtps_cpp;rosidl_typesupport_introspection_cpp
-- Install configuration: ""
-- Installing: /root/catkin_ws/build/micro_ros_demos_rclc/temp_install/int32_multinode/int32_multinode
-- Set runtime path of "/root/catkin_ws/build/micro_ros_demos_rclc/temp_install/int32_multinode/int32_multinode" to ""
-- Generating done
-- Generating done
-- Build files have been written to: /root/catkin_ws/build/micro_ros_demos_rclc/ping_uros_agent/src/ping_uros_agent-build
-- Found rmw_implementation_cmake: 1.0.4 (/opt/ros/foxy/share/rmw_implementation_cmake/cmake)
-- Configuring done
[35m[1mScanning dependencies of target timer[0m
-- Build files have been written to: /root/catkin_ws/build/micro_ros_demos_rclc/complex_msg_publisher/src/complex_msg_publisher-build
-- Using RMW implementation 'rmw_fastrtps_cpp' as default
[35m[1mScanning dependencies of target fragmented_subscription[0m
-- Generating done
-- Build files have been written to: /root/catkin_ws/build/micro_ros_demos_rclc/ping_pong/src/ping_pong-build
-- Found rclc: 1.1.2 (/root/catkin_ws/install/rclc/share/rclc/cmake)
-- Found rmw_implementation_cmake: 1.0.4 (/opt/ros/foxy/share/rmw_implementation_cmake/cmake)
-- Found std_msgs: 2.0.5 (/root/catkin_ws/install/std_msgs/share/std_msgs/cmake)
[ 50%] [32mBuilding C object CMakeFiles/timer.dir/main.c.o[0m
[ 50%] [32m[1mLinking C executable complex_msg_subscriber[0m
-- Using RMW implementation 'rmw_fastrtps_cpp' as default
[ 59%] [34m[1mCompleted 'int32_multinode'[0m
[ 50%] [32mBuilding C object CMakeFiles/fragmented_subscription.dir/main.c.o[0m
-- Found rmw_implementation_cmake: 1.0.4 (/opt/ros/foxy/share/rmw_implementation_cmake/cmake)
-- Found rclc: 1.1.2 (/root/catkin_ws/install/rclc/share/rclc/cmake)
-- Found rmw_microxrcedds: 1.1.0 (/root/catkin_ws/install/rmw_microxrcedds/share/rmw_microxrcedds/cmake)
-- Using RMW implementation 'rmw_fastrtps_cpp' as default
[35m[1mScanning dependencies of target ping_uros_agent[0m
-- Found std_msgs: 2.0.5 (/root/catkin_ws/install/std_msgs/share/std_msgs/cmake)
-- Using all available rosidl_typesupport_cpp: rosidl_typesupport_microxrcedds_cpp;rosidl_typesupport_fastrtps_cpp;rosidl_typesupport_introspection_cpp
-- Found rclc: 1.1.2 (/root/catkin_ws/install/rclc/share/rclc/cmake)
-- Found std_msgs: 2.0.5 (/root/catkin_ws/install/std_msgs/share/std_msgs/cmake)
[ 50%] [32mBuilding C object CMakeFiles/ping_uros_agent.dir/main.c.o[0m
[35m[1mScanning dependencies of target ping_pong[0m
-- Configuring done
-- Found rmw_microxrcedds: 1.1.0 (/root/catkin_ws/install/rmw_microxrcedds/share/rmw_microxrcedds/cmake)
-- Found rmw_microxrcedds: 1.1.0 (/root/catkin_ws/install/rmw_microxrcedds/share/rmw_microxrcedds/cmake)
-- Generating done
-- Build files have been written to: /root/catkin_ws/build/micro_ros_demos_rclc/string_publisher/src/string_publisher-build
[100%] [32m[1mLinking C executable fragmented_subscription[0m
[ 50%] [32mBuilding C object CMakeFiles/ping_pong.dir/main.c.o[0m
-- Found rmw_implementation_cmake: 1.0.4 (/opt/ros/foxy/share/rmw_implementation_cmake/cmake)
[100%] [32m[1mLinking C executable timer[0m
-- Using RMW implementation 'rmw_fastrtps_cpp' as default
-- Configuring done
[ 61%] Built target int32_multinode
-- Configuring done
-- Found rclc: 1.1.2 (/root/catkin_ws/install/rclc/share/rclc/cmake)
-- Generating done
[ 50%] [32m[1mLinking C executable complex_msg_publisher[0m
-- Build files have been written to: /root/catkin_ws/build/micro_ros_demos_rclc/string_subscriber/src/string_subscriber-build
-- Found std_msgs: 2.0.5 (/root/catkin_ws/install/std_msgs/share/std_msgs/cmake)
[01m[K/root/catkin_ws/src/uros/micro-ROS-demos/rclc/ping_pong/main.c:[m[K In function ‘[01m[Kping_timer_callback[m[K’:
[01m[K/root/catkin_ws/src/uros/micro-ROS-demos/rclc/ping_pong/main.c:48:3:[m[K [01;35m[Kwarning: [m[Kignoring return value of ‘[01m[Krcl_publish[m[K’, declared with attribute warn_unused_result [[01;35m[K-Wunused-result[m[K]
   48 |   [01;35m[Krcl_publish(&ping_publisher, (const void*)&outcoming_ping, NULL)[m[K;
      |   [01;35m[K^~~~~~~~~~~~~~~~~~~~~~~~~~~~~~~~~~~~~~~~~~~~~~~~~~~~~~~~~~~~~~~~[m[K
[01m[K/root/catkin_ws/src/uros/micro-ROS-demos/rclc/ping_pong/main.c:[m[K In function ‘[01m[Kping_subscription_callback[m[K’:
[01m[K/root/catkin_ws/src/uros/micro-ROS-demos/rclc/ping_pong/main.c:60:3:[m[K [01;35m[Kwarning: [m[Kignoring return value of ‘[01m[Krcl_publish[m[K’, declared with attribute warn_unused_result [[01;35m[K-Wunused-result[m[K]
   60 |   [01;35m[Krcl_publish(&pong_publisher, (const void*)msg, NULL)[m[K;
      |   [01;35m[K^~~~~~~~~~~~~~~~~~~~~~~~~~~~~~~~~~~~~~~~~~~~~~~~~~~~[m[K
-- Generating done
-- Build files have been written to: /root/catkin_ws/build/micro_ros_demos_rclc/autodiscover_agent/src/autodiscover_agent-build
[100%] [32m[1mLinking C executable ping_uros_agent[0m
[100%] Built target complex_msg_subscriber
[35m[1mScanning dependencies of target string_publisher[0m
-- Found rmw_microxrcedds: 1.1.0 (/root/catkin_ws/install/rmw_microxrcedds/share/rmw_microxrcedds/cmake)
[100%] [32m[1mLinking C executable ping_pong[0m
[ 50%] [32mBuilding C object CMakeFiles/string_publisher.dir/main.c.o[0m
[ 62%] [34m[1mPerforming install step for 'complex_msg_subscriber'[0m
[35m[1mScanning dependencies of target string_subscriber[0m
[100%] Built target fragmented_subscription
-- Configuring done
[35m[1mScanning dependencies of target autodiscover_agent[0m
-- Generating done
-- Build files have been written to: /root/catkin_ws/build/micro_ros_demos_rclc/int32_publisher_subscriber/src/int32_publisher_subscriber-build
[ 50%] [32mBuilding C object CMakeFiles/string_subscriber.dir/main.c.o[0m
[100%] Built target timer
[ 50%] [32mBuilding C object CMakeFiles/autodiscover_agent.dir/main.c.o[0m
[100%] Built target complex_msg_publisher
[ 62%] [34m[1mPerforming install step for 'fragmented_subscription'[0m
[100%] [32m[1mLinking C executable string_publisher[0m
[ 62%] [34m[1mPerforming install step for 'timer'[0m
[35m[1mScanning dependencies of target int32_publisher_subscriber[0m
[ 63%] [34m[1mPerforming install step for 'complex_msg_publisher'[0m
[100%] Built target ping_uros_agent
[100%] Built target ping_pong
[ 50%] [32mBuilding C object CMakeFiles/int32_publisher_subscriber.dir/main.c.o[0m
[100%] [32m[1mLinking C executable string_subscriber[0m
[100%] Built target complex_msg_subscriber
[100%] [32m[1mLinking C executable autodiscover_agent[0m
[ 64%] [34m[1mPerforming install step for 'ping_uros_agent'[0m
[ 64%] [34m[1mPerforming install step for 'ping_pong'[0m
[100%] Built target fragmented_subscription
[100%] Built target timer
[36mInstall the project...[0m
[100%] [32m[1mLinking C executable int32_publisher_subscriber[0m
-- Install configuration: ""
-- Installing: /root/catkin_ws/build/micro_ros_demos_rclc/temp_install/complex_msg_subscriber/complex_msg_subscriber
-- Set runtime path of "/root/catkin_ws/build/micro_ros_demos_rclc/temp_install/complex_msg_subscriber/complex_msg_subscriber" to ""
[100%] Built target string_publisher
[100%] Built target complex_msg_publisher
[36mInstall the project...[0m
[36mInstall the project...[0m
-- Install configuration: ""
-- Install configuration: ""
-- Installing: /root/catkin_ws/build/micro_ros_demos_rclc/temp_install/fragmented_subscription/fragmented_subscription
-- Installing: /root/catkin_ws/build/micro_ros_demos_rclc/temp_install/timer/timer
-- Set runtime path of "/root/catkin_ws/build/micro_ros_demos_rclc/temp_install/fragmented_subscription/fragmented_subscription" to ""
-- Set runtime path of "/root/catkin_ws/build/micro_ros_demos_rclc/temp_install/timer/timer" to ""
[ 64%] [34m[1mPerforming install step for 'string_publisher'[0m
[36mInstall the project...[0m
[ 64%] [34m[1mCompleted 'complex_msg_subscriber'[0m
[100%] Built target string_subscriber
[100%] Built target ping_uros_agent
-- Install configuration: ""
-- Installing: /root/catkin_ws/build/micro_ros_demos_rclc/temp_install/complex_msg_publisher/complex_msg_publisher
-- Set runtime path of "/root/catkin_ws/build/micro_ros_demos_rclc/temp_install/complex_msg_publisher/complex_msg_publisher" to ""
[100%] Built target autodiscover_agent
[100%] Built target ping_pong
[ 65%] [34m[1mCompleted 'timer'[0m
[100%] Built target int32_publisher_subscriber
[ 66%] [34m[1mPerforming install step for 'string_subscriber'[0m
[ 67%] [34m[1mCompleted 'fragmented_subscription'[0m
[ 67%] [34m[1mPerforming install step for 'autodiscover_agent'[0m
[36mInstall the project...[0m
[ 67%] [34m[1mCompleted 'complex_msg_publisher'[0m
[ 70%] Built target complex_msg_subscriber
-- Install configuration: ""
-- Installing: /root/catkin_ws/build/micro_ros_demos_rclc/temp_install/ping_uros_agent/ping_uros_agent
[100%] Built target string_publisher
-- Set runtime path of "/root/catkin_ws/build/micro_ros_demos_rclc/temp_install/ping_uros_agent/ping_uros_agent" to ""
[36mInstall the project...[0m
[ 73%] Built target timer
[ 73%] [34m[1mPerforming install step for 'int32_publisher_subscriber'[0m
-- Install configuration: ""
-- Installing: /root/catkin_ws/build/micro_ros_demos_rclc/temp_install/ping_pong/ping_pong
-- Set runtime path of "/root/catkin_ws/build/micro_ros_demos_rclc/temp_install/ping_pong/ping_pong" to ""
[36mInstall the project...[0m
[ 76%] Built target fragmented_subscription
[ 77%] [34m[1mCompleted 'ping_uros_agent'[0m
[ 79%] Built target complex_msg_publisher
-- Install configuration: ""
-- Installing: /root/catkin_ws/build/micro_ros_demos_rclc/temp_install/string_publisher/string_publisher
-- Set runtime path of "/root/catkin_ws/build/micro_ros_demos_rclc/temp_install/string_publisher/string_publisher" to ""
[100%] Built target string_subscriber
[ 80%] [34m[1mCompleted 'ping_pong'[0m
[100%] Built target autodiscover_agent
[ 81%] [34m[1mCompleted 'string_publisher'[0m
[36mInstall the project...[0m
[ 83%] Built target ping_uros_agent
[100%] Built target int32_publisher_subscriber
[36mInstall the project...[0m
-- Install configuration: ""
-- Installing: /root/catkin_ws/build/micro_ros_demos_rclc/temp_install/string_subscriber/string_subscriber
-- Set runtime path of "/root/catkin_ws/build/micro_ros_demos_rclc/temp_install/string_subscriber/string_subscriber" to ""
-- Install configuration: ""
-- Installing: /root/catkin_ws/build/micro_ros_demos_rclc/temp_install/autodiscover_agent/autodiscover_agent
-- Set runtime path of "/root/catkin_ws/build/micro_ros_demos_rclc/temp_install/autodiscover_agent/autodiscover_agent" to ""
[ 86%] Built target ping_pong
[36mInstall the project...[0m
[ 87%] [34m[1mCompleted 'string_subscriber'[0m
[ 88%] [34m[1mCompleted 'autodiscover_agent'[0m
[ 91%] Built target string_publisher
-- Install configuration: ""
-- Installing: /root/catkin_ws/build/micro_ros_demos_rclc/temp_install/int32_publisher_subscriber/int32_publisher_subscriber
-- Set runtime path of "/root/catkin_ws/build/micro_ros_demos_rclc/temp_install/int32_publisher_subscriber/int32_publisher_subscriber" to ""
[ 92%] [34m[1mCompleted 'int32_publisher_subscriber'[0m
[ 94%] Built target string_subscriber
[ 97%] Built target autodiscover_agent
[100%] Built target int32_publisher_subscriber
-- Install configuration: ""
-- Execute custom install script
-- Symlinking: /root/catkin_ws/install/micro_ros_demos_rclc/share/ament_index/resource_index/package_run_dependencies/micro_ros_demos_rclc
-- Symlinking: /root/catkin_ws/install/micro_ros_demos_rclc/share/ament_index/resource_index/parent_prefix_path/micro_ros_demos_rclc
-- Symlinking: /root/catkin_ws/install/micro_ros_demos_rclc/share/micro_ros_demos_rclc/environment/ament_prefix_path.sh
-- Symlinking: /root/catkin_ws/install/micro_ros_demos_rclc/share/micro_ros_demos_rclc/environment/ament_prefix_path.dsv
-- Symlinking: /root/catkin_ws/install/micro_ros_demos_rclc/share/micro_ros_demos_rclc/environment/path.sh
-- Symlinking: /root/catkin_ws/install/micro_ros_demos_rclc/share/micro_ros_demos_rclc/environment/path.dsv
-- Symlinking: /root/catkin_ws/install/micro_ros_demos_rclc/share/micro_ros_demos_rclc/local_setup.bash
-- Symlinking: /root/catkin_ws/install/micro_ros_demos_rclc/share/micro_ros_demos_rclc/local_setup.sh
-- Symlinking: /root/catkin_ws/install/micro_ros_demos_rclc/share/micro_ros_demos_rclc/local_setup.zsh
-- Symlinking: /root/catkin_ws/install/micro_ros_demos_rclc/share/micro_ros_demos_rclc/local_setup.dsv
-- Symlinking: /root/catkin_ws/install/micro_ros_demos_rclc/share/micro_ros_demos_rclc/package.dsv
-- Symlinking: /root/catkin_ws/install/micro_ros_demos_rclc/share/ament_index/resource_index/packages/micro_ros_demos_rclc
-- Symlinking: /root/catkin_ws/install/micro_ros_demos_rclc/share/micro_ros_demos_rclc/cmake/micro_ros_demos_rclcConfig.cmake
-- Symlinking: /root/catkin_ws/install/micro_ros_demos_rclc/share/micro_ros_demos_rclc/cmake/micro_ros_demos_rclcConfig-version.cmake
-- Symlinking: /root/catkin_ws/install/micro_ros_demos_rclc/share/micro_ros_demos_rclc/package.xml
-- Up-to-date: /root/catkin_ws/install/micro_ros_demos_rclc/lib/micro_ros_demos_rclc
-- Up-to-date: /root/catkin_ws/install/micro_ros_demos_rclc/lib/micro_ros_demos_rclc/addtwoints_client
-- Installing: /root/catkin_ws/install/micro_ros_demos_rclc/lib/micro_ros_demos_rclc/addtwoints_client/addtwoints_client
-- Up-to-date: /root/catkin_ws/install/micro_ros_demos_rclc/lib/micro_ros_demos_rclc/configured_subscriber
-- Installing: /root/catkin_ws/install/micro_ros_demos_rclc/lib/micro_ros_demos_rclc/configured_subscriber/configured_subscriber
-- Up-to-date: /root/catkin_ws/install/micro_ros_demos_rclc/lib/micro_ros_demos_rclc/configured_publisher
-- Installing: /root/catkin_ws/install/micro_ros_demos_rclc/lib/micro_ros_demos_rclc/configured_publisher/configured_publisher
-- Up-to-date: /root/catkin_ws/install/micro_ros_demos_rclc/lib/micro_ros_demos_rclc/fibonacci_action_server
-- Up-to-date: /root/catkin_ws/install/micro_ros_demos_rclc/lib/micro_ros_demos_rclc/fibonacci_action_server/fibonacci_action_server
-- Up-to-date: /root/catkin_ws/install/micro_ros_demos_rclc/lib/micro_ros_demos_rclc/addtwoints_server
-- Installing: /root/catkin_ws/install/micro_ros_demos_rclc/lib/micro_ros_demos_rclc/addtwoints_server/addtwoints_server
-- Up-to-date: /root/catkin_ws/install/micro_ros_demos_rclc/lib/micro_ros_demos_rclc/fragmented_subscription
-- Installing: /root/catkin_ws/install/micro_ros_demos_rclc/lib/micro_ros_demos_rclc/fragmented_subscription/fragmented_subscription
-- Up-to-date: /root/catkin_ws/install/micro_ros_demos_rclc/lib/micro_ros_demos_rclc/timer
-- Installing: /root/catkin_ws/install/micro_ros_demos_rclc/lib/micro_ros_demos_rclc/timer/timer
-- Up-to-date: /root/catkin_ws/install/micro_ros_demos_rclc/lib/micro_ros_demos_rclc/subscription_count
-- Installing: /root/catkin_ws/install/micro_ros_demos_rclc/lib/micro_ros_demos_rclc/subscription_count/subscription_count
-- Up-to-date: /root/catkin_ws/install/micro_ros_demos_rclc/lib/micro_ros_demos_rclc/ping_pong
-- Installing: /root/catkin_ws/install/micro_ros_demos_rclc/lib/micro_ros_demos_rclc/ping_pong/ping_pong
-- Up-to-date: /root/catkin_ws/install/micro_ros_demos_rclc/lib/micro_ros_demos_rclc/string_publisher
-- Installing: /root/catkin_ws/install/micro_ros_demos_rclc/lib/micro_ros_demos_rclc/string_publisher/string_publisher
-- Up-to-date: /root/catkin_ws/install/micro_ros_demos_rclc/lib/micro_ros_demos_rclc/publisher_count
-- Installing: /root/catkin_ws/install/micro_ros_demos_rclc/lib/micro_ros_demos_rclc/publisher_count/publisher_count
-- Up-to-date: /root/catkin_ws/install/micro_ros_demos_rclc/lib/micro_ros_demos_rclc/autodiscover_agent
-- Installing: /root/catkin_ws/install/micro_ros_demos_rclc/lib/micro_ros_demos_rclc/autodiscover_agent/autodiscover_agent
-- Up-to-date: /root/catkin_ws/install/micro_ros_demos_rclc/lib/micro_ros_demos_rclc/complex_msg_subscriber
-- Installing: /root/catkin_ws/install/micro_ros_demos_rclc/lib/micro_ros_demos_rclc/complex_msg_subscriber/complex_msg_subscriber
-- Up-to-date: /root/catkin_ws/install/micro_ros_demos_rclc/lib/micro_ros_demos_rclc/ping_uros_agent
-- Installing: /root/catkin_ws/install/micro_ros_demos_rclc/lib/micro_ros_demos_rclc/ping_uros_agent/ping_uros_agent
-- Up-to-date: /root/catkin_ws/install/micro_ros_demos_rclc/lib/micro_ros_demos_rclc/int32_publisher
-- Installing: /root/catkin_ws/install/micro_ros_demos_rclc/lib/micro_ros_demos_rclc/int32_publisher/int32_publisher
-- Up-to-date: /root/catkin_ws/install/micro_ros_demos_rclc/lib/micro_ros_demos_rclc/fibonacci_action_client
-- Up-to-date: /root/catkin_ws/install/micro_ros_demos_rclc/lib/micro_ros_demos_rclc/fibonacci_action_client/fibonacci_action_client
-- Up-to-date: /root/catkin_ws/install/micro_ros_demos_rclc/lib/micro_ros_demos_rclc/string_subscriber
-- Installing: /root/catkin_ws/install/micro_ros_demos_rclc/lib/micro_ros_demos_rclc/string_subscriber/string_subscriber
-- Up-to-date: /root/catkin_ws/install/micro_ros_demos_rclc/lib/micro_ros_demos_rclc/graph_visualizer
-- Installing: /root/catkin_ws/install/micro_ros_demos_rclc/lib/micro_ros_demos_rclc/graph_visualizer/graph_visualizer
-- Up-to-date: /root/catkin_ws/install/micro_ros_demos_rclc/lib/micro_ros_demos_rclc/complex_msg_publisher
-- Installing: /root/catkin_ws/install/micro_ros_demos_rclc/lib/micro_ros_demos_rclc/complex_msg_publisher/complex_msg_publisher
-- Up-to-date: /root/catkin_ws/install/micro_ros_demos_rclc/lib/micro_ros_demos_rclc/int32_subscriber
-- Installing: /root/catkin_ws/install/micro_ros_demos_rclc/lib/micro_ros_demos_rclc/int32_subscriber/int32_subscriber
-- Up-to-date: /root/catkin_ws/install/micro_ros_demos_rclc/lib/micro_ros_demos_rclc/int32_multinode
-- Installing: /root/catkin_ws/install/micro_ros_demos_rclc/lib/micro_ros_demos_rclc/int32_multinode/int32_multinode
-- Up-to-date: /root/catkin_ws/install/micro_ros_demos_rclc/lib/micro_ros_demos_rclc/fragmented_publication
-- Installing: /root/catkin_ws/install/micro_ros_demos_rclc/lib/micro_ros_demos_rclc/fragmented_publication/fragmented_publication
-- Up-to-date: /root/catkin_ws/install/micro_ros_demos_rclc/lib/micro_ros_demos_rclc/int32_publisher_subscriber
-- Installing: /root/catkin_ws/install/micro_ros_demos_rclc/lib/micro_ros_demos_rclc/int32_publisher_subscriber/int32_publisher_subscriber
