running develop
Removing /root/catkin_ws/install/tf2_rclpy_example/lib/python3.8/site-packages/tf2-rclpy-example.egg-link (link to .)
running egg_info
writing ../../../build/tf2_rclpy_example/tf2_rclpy_example.egg-info/PKG-INFO
writing dependency_links to ../../../build/tf2_rclpy_example/tf2_rclpy_example.egg-info/dependency_links.txt
writing entry points to ../../../build/tf2_rclpy_example/tf2_rclpy_example.egg-info/entry_points.txt
writing requirements to ../../../build/tf2_rclpy_example/tf2_rclpy_example.egg-info/requires.txt
writing top-level names to ../../../build/tf2_rclpy_example/tf2_rclpy_example.egg-info/top_level.txt
reading manifest file '../../../build/tf2_rclpy_example/tf2_rclpy_example.egg-info/SOURCES.txt'
writing manifest file '../../../build/tf2_rclpy_example/tf2_rclpy_example.egg-info/SOURCES.txt'
running build
running build_py
creating /root/catkin_ws/build/tf2_rclpy_example/build
creating /root/catkin_ws/build/tf2_rclpy_example/build/lib
creating /root/catkin_ws/build/tf2_rclpy_example/build/lib/tf2_rclpy_example
copying tf2_rclpy_example/static_broadcaster.py -> /root/catkin_ws/build/tf2_rclpy_example/build/lib/tf2_rclpy_example
copying tf2_rclpy_example/listener.py -> /root/catkin_ws/build/tf2_rclpy_example/build/lib/tf2_rclpy_example
copying tf2_rclpy_example/conversions.py -> /root/catkin_ws/build/tf2_rclpy_example/build/lib/tf2_rclpy_example
copying tf2_rclpy_example/broadcaster.py -> /root/catkin_ws/build/tf2_rclpy_example/build/lib/tf2_rclpy_example
copying tf2_rclpy_example/__init__.py -> /root/catkin_ws/build/tf2_rclpy_example/build/lib/tf2_rclpy_example
running install
running install_lib
creating /root/catkin_ws/install/tf2_rclpy_example/lib/python3.8/site-packages/tf2_rclpy_example
copying /root/catkin_ws/build/tf2_rclpy_example/build/lib/tf2_rclpy_example/static_broadcaster.py -> /root/catkin_ws/install/tf2_rclpy_example/lib/python3.8/site-packages/tf2_rclpy_example
copying /root/catkin_ws/build/tf2_rclpy_example/build/lib/tf2_rclpy_example/listener.py -> /root/catkin_ws/install/tf2_rclpy_example/lib/python3.8/site-packages/tf2_rclpy_example
copying /root/catkin_ws/build/tf2_rclpy_example/build/lib/tf2_rclpy_example/conversions.py -> /root/catkin_ws/install/tf2_rclpy_example/lib/python3.8/site-packages/tf2_rclpy_example
copying /root/catkin_ws/build/tf2_rclpy_example/build/lib/tf2_rclpy_example/broadcaster.py -> /root/catkin_ws/install/tf2_rclpy_example/lib/python3.8/site-packages/tf2_rclpy_example
copying /root/catkin_ws/build/tf2_rclpy_example/build/lib/tf2_rclpy_example/__init__.py -> /root/catkin_ws/install/tf2_rclpy_example/lib/python3.8/site-packages/tf2_rclpy_example
byte-compiling /root/catkin_ws/install/tf2_rclpy_example/lib/python3.8/site-packages/tf2_rclpy_example/static_broadcaster.py to static_broadcaster.cpython-38.pyc
byte-compiling /root/catkin_ws/install/tf2_rclpy_example/lib/python3.8/site-packages/tf2_rclpy_example/listener.py to listener.cpython-38.pyc
byte-compiling /root/catkin_ws/install/tf2_rclpy_example/lib/python3.8/site-packages/tf2_rclpy_example/conversions.py to conversions.cpython-38.pyc
byte-compiling /root/catkin_ws/install/tf2_rclpy_example/lib/python3.8/site-packages/tf2_rclpy_example/broadcaster.py to broadcaster.cpython-38.pyc
byte-compiling /root/catkin_ws/install/tf2_rclpy_example/lib/python3.8/site-packages/tf2_rclpy_example/__init__.py to __init__.cpython-38.pyc
running install_data
running install_egg_info
Copying ../../../build/tf2_rclpy_example/tf2_rclpy_example.egg-info to /root/catkin_ws/install/tf2_rclpy_example/lib/python3.8/site-packages/tf2_rclpy_example-0.6.0-py3.8.egg-info
running install_scripts
Installing broadcaster script to /root/catkin_ws/install/tf2_rclpy_example/lib/tf2_rclpy_example
Installing listener script to /root/catkin_ws/install/tf2_rclpy_example/lib/tf2_rclpy_example
Installing static_broadcaster script to /root/catkin_ws/install/tf2_rclpy_example/lib/tf2_rclpy_example
writing list of installed files to '/root/catkin_ws/build/tf2_rclpy_example/install.log'
