CMake Deprecation Warning at CMakeLists.txt:44 (cmake_policy):
  The OLD behavior for policy CMP0053 will be removed from a future version
  of CMake.

  The cmake-policies(7) manual explains that the OLD behaviors of all
  policies are deprecated and that a policy should be set to OLD only under
  specific short-term circumstances.  Projects should be ported to the NEW
  behavior and not rely on setting a policy to OLD.


CMake Deprecation Warning at CMakeLists.txt:47 (cmake_policy):
  The OLD behavior for policy CMP0037 will be removed from a future version
  of CMake.

  The cmake-policies(7) manual explains that the OLD behaviors of all
  policies are deprecated and that a policy should be set to OLD only under
  specific short-term circumstances.  Projects should be ported to the NEW
  behavior and not rely on setting a policy to OLD.


CMake Deprecation Warning at CMakeLists.txt:50 (cmake_policy):
  The OLD behavior for policy CMP0043 will be removed from a future version
  of CMake.

  The cmake-policies(7) manual explains that the OLD behaviors of all
  policies are deprecated and that a policy should be set to OLD only under
  specific short-term circumstances.  Projects should be ported to the NEW
  behavior and not rely on setting a policy to OLD.


-- Could NOT find SWIG (missing: SWIG_EXECUTABLE SWIG_DIR) 
-- build test is ON.....
CMake Deprecation Warning at cmake/install_package.cmake:101 (cmake_policy):
  The OLD behavior for policy CMP0026 will be removed from a future version
  of CMake.

  The cmake-policies(7) manual explains that the OLD behaviors of all
  policies are deprecated and that a policy should be set to OLD only under
  specific short-term circumstances.  Projects should be ported to the NEW
  behavior and not rely on setting a policy to OLD.
Call Stack (most recent call first):
  CMakeLists.txt:161 (install_package)


CMake Warning (dev) at cmake/install_package.cmake:191 (install):
  Policy CMP0062 is not set: Disallow install() of export() result.  Run
  "cmake --help-policy CMP0062" for policy details.  Use the cmake_policy
  command to set the policy and suppress this warning.

  The file

    /root/catkin_ws/build/ydlidar_sdk/ydlidar_sdkTargets.cmake

  was generated by the export() command.  It should not be installed with the
  install() command.  Use the install(EXPORT) mechanism instead.  See the
  cmake-packages(7) manual for more.

Call Stack (most recent call first):
  CMakeLists.txt:161 (install_package)
This warning is for project developers.  Use -Wno-dev to suppress it.

-- 
-- +===========================================================================+
-- |         Resulting configuration for                             |
-- +===========================================================================+
--  _________________________ PLATFORM _____________________________
--  Host                        : Linux5.15.0-58-genericx86_64
--  Is the system big endian?   :  No 
--  Word size (32/64 bit)       : 64
--  CMake version               : 3.16.3
--  CMake generator             : Unix Makefiles
--  CMake build tool            : /usr/bin/make
--  Compiler                    : GNU
--  Configuration               : 
-- 
--  __________________________ OPTIONS _____________________________
--  Build YDLidar-SDK as a shared library?　　 : Yes 
--  Build Examples?　　　　　　　　　　　　　　 : Yes 
--  Build C Sharp API?　　　　　　　　　　　　 :  No 
--  Build TEST?  			　　　 : Yes 
-- 
--  _________________________ INSTALL _____________________
--  Install prefix                    : /root/catkin_ws/install/ydlidar_sdk
-- 
--  _______________________ WRAPPERS/BINDINGS ______________________
--  Python bindings (pyydlidar)   :  No 
--   - dep: Swig found?       :  No [Version: ]
--   - dep: PythonLibs found?  : Yes [Version: 3.8.10]
-- 
-- Configuring done
-- Generating done
CMake Warning:
  Manually-specified variables were not used by the project:

    BUILD_TESTING


-- Build files have been written to: /root/catkin_ws/build/ydlidar_sdk
[35m[1mScanning dependencies of target ydlidar_sdk[0m
[  4%] [32mBuilding CXX object CMakeFiles/ydlidar_sdk.dir/core/base/timer.cpp.o[0m
[  8%] [32mBuilding CXX object CMakeFiles/ydlidar_sdk.dir/core/common/ydlidar_def.cpp.o[0m
[ 12%] [32mBuilding CXX object CMakeFiles/ydlidar_sdk.dir/core/network/PassiveSocket.cpp.o[0m
[ 16%] [32mBuilding CXX object CMakeFiles/ydlidar_sdk.dir/core/network/ActiveSocket.cpp.o[0m
[ 20%] [32mBuilding CXX object CMakeFiles/ydlidar_sdk.dir/core/network/SimpleSocket.cpp.o[0m
[ 25%] [32mBuilding CXX object CMakeFiles/ydlidar_sdk.dir/core/serial/serial.cpp.o[0m
[ 29%] [32mBuilding C object CMakeFiles/ydlidar_sdk.dir/core/serial/impl/unix/lock.c.o[0m
[ 37%] [32mBuilding CXX object CMakeFiles/ydlidar_sdk.dir/core/serial/impl/unix/unix_serial.cpp.o[0m
[ 37%] [32mBuilding CXX object CMakeFiles/ydlidar_sdk.dir/core/serial/impl/unix/list_ports_linux.cpp.o[0m
[ 45%] [32mBuilding CXX object CMakeFiles/ydlidar_sdk.dir/src/CYdLidar.cpp.o[0m
[ 50%] [32mBuilding CXX object CMakeFiles/ydlidar_sdk.dir/src/ydlidar_driver.cpp.o[0m
[ 50%] [32mBuilding CXX object CMakeFiles/ydlidar_sdk.dir/src/ETLidarDriver.cpp.o[0m
[ 54%] [32mBuilding CXX object CMakeFiles/ydlidar_sdk.dir/src/ydlidar_sdk.cpp.o[0m
[ 58%] [32m[1mLinking CXX shared library libydlidar_sdk.so[0m
[ 58%] Built target ydlidar_sdk
[ 62%] [32m[1mLinking CXX executable lidar_test[0m
[ 66%] [32m[1mLinking CXX executable ../ydlidar_test[0m
[ 70%] [32m[1mLinking C executable ../lidar_c_api_test[0m
[ 75%] [32m[1mLinking CXX executable ../etlidar_test[0m
[ 79%] [32m[1mLinking CXX executable ../tof_test[0m
[ 83%] Built target ydlidar_test
[ 87%] Built target tof_test
[ 91%] Built target lidar_c_api_test
[ 95%] Built target etlidar_test
[100%] Built target lidar_test
-- Install configuration: ""
-- Up-to-date: /root/catkin_ws/install/ydlidar_sdk/include/core/base/datatype.h
-- Up-to-date: /root/catkin_ws/install/ydlidar_sdk/include/core/base/locker.h
-- Up-to-date: /root/catkin_ws/install/ydlidar_sdk/include/core/base/thread.h
-- Up-to-date: /root/catkin_ws/install/ydlidar_sdk/include/core/base/timer.h
-- Up-to-date: /root/catkin_ws/install/ydlidar_sdk/include/core/base/typedef.h
-- Up-to-date: /root/catkin_ws/install/ydlidar_sdk/include/core/base/utils.h
-- Up-to-date: /root/catkin_ws/install/ydlidar_sdk/include/core/base/v8stdint.h
-- Up-to-date: /root/catkin_ws/install/ydlidar_sdk/include/core/base/ydlidar.h
-- Up-to-date: /root/catkin_ws/install/ydlidar_sdk/include/core/common/ChannelDevice.h
-- Up-to-date: /root/catkin_ws/install/ydlidar_sdk/include/core/common/DriverInterface.h
-- Up-to-date: /root/catkin_ws/install/ydlidar_sdk/include/core/common/ydlidar_datatype.h
-- Up-to-date: /root/catkin_ws/install/ydlidar_sdk/include/core/common/ydlidar_def.h
-- Up-to-date: /root/catkin_ws/install/ydlidar_sdk/include/core/common/ydlidar_help.h
-- Up-to-date: /root/catkin_ws/install/ydlidar_sdk/include/core/common/ydlidar_protocol.h
-- Up-to-date: /root/catkin_ws/install/ydlidar_sdk/include/core/math/angles.h
-- Up-to-date: /root/catkin_ws/install/ydlidar_sdk/include/core/network/ActiveSocket.h
-- Up-to-date: /root/catkin_ws/install/ydlidar_sdk/include/core/network/PassiveSocket.h
-- Up-to-date: /root/catkin_ws/install/ydlidar_sdk/include/core/network/SimpleSocket.h
-- Up-to-date: /root/catkin_ws/install/ydlidar_sdk/include/core/network/StatTimer.h
-- Up-to-date: /root/catkin_ws/install/ydlidar_sdk/include/core/serial/common.h
-- Up-to-date: /root/catkin_ws/install/ydlidar_sdk/include/core/serial/serial.h
-- Up-to-date: /root/catkin_ws/install/ydlidar_sdk/include/core/serial/impl/unix/lock.h
-- Up-to-date: /root/catkin_ws/install/ydlidar_sdk/include/core/serial/impl/unix/unix.h
-- Up-to-date: /root/catkin_ws/install/ydlidar_sdk/include/core/serial/impl/unix/unix_serial.h
-- Up-to-date: /root/catkin_ws/install/ydlidar_sdk/include/src/CYdLidar.h
-- Up-to-date: /root/catkin_ws/install/ydlidar_sdk/include/src/ETLidarDriver.h
-- Up-to-date: /root/catkin_ws/install/ydlidar_sdk/include/src/ydlidar_driver.h
-- Up-to-date: /root/catkin_ws/install/ydlidar_sdk/include/src/ydlidar_sdk.h
-- Up-to-date: /root/catkin_ws/install/ydlidar_sdk/include/ydlidar_config.h
-- Installing: /root/catkin_ws/install/ydlidar_sdk/lib/libydlidar_sdk.so
-- Up-to-date: /root/catkin_ws/install/ydlidar_sdk/lib/pkgconfig/YDLIDAR_SDK.pc
-- Up-to-date: /root/catkin_ws/install/ydlidar_sdk/lib/cmake/ydlidar_sdk/ydlidar_sdkConfig.cmake
-- Installing: /root/catkin_ws/install/ydlidar_sdk/lib/cmake/ydlidar_sdk/ydlidar_sdkTargets.cmake
-- Up-to-date: /root/catkin_ws/install/ydlidar_sdk/lib/cmake/ydlidar_sdk/ydlidar_sdkConfigVersion.cmake
-- Up-to-date: /root/catkin_ws/install/ydlidar_sdk/share/YDLIDAR_SDK/FindYDLIDAR_SDK.cmake
-- Up-to-date: /root/catkin_ws/install/ydlidar_sdk/share/YDLIDAR_SDK
-- Up-to-date: /root/catkin_ws/install/ydlidar_sdk/share/YDLIDAR_SDK/install_package.cmake
-- Up-to-date: /root/catkin_ws/install/ydlidar_sdk/share/YDLIDAR_SDK/PkgConfig.pc.in
-- Up-to-date: /root/catkin_ws/install/ydlidar_sdk/share/YDLIDAR_SDK/FindPackage.cmake.in
-- Up-to-date: /root/catkin_ws/install/ydlidar_sdk/share/YDLIDAR_SDK/script_show_final_summary.cmake
-- Up-to-date: /root/catkin_ws/install/ydlidar_sdk/share/YDLIDAR_SDK/PackageConfigVersion.cmake.in
-- Up-to-date: /root/catkin_ws/install/ydlidar_sdk/share/YDLIDAR_SDK/cmake_uninstall.cmake.in
-- Up-to-date: /root/catkin_ws/install/ydlidar_sdk/share/YDLIDAR_SDK/PackageConfig.cmake.in
-- Up-to-date: /root/catkin_ws/install/ydlidar_sdk/share/YDLIDAR_SDK/common
-- Up-to-date: /root/catkin_ws/install/ydlidar_sdk/share/YDLIDAR_SDK/common/ydlidar_base.cmake
-- Up-to-date: /root/catkin_ws/install/ydlidar_sdk/share/YDLIDAR_SDK/common/ydlidar_parse.cmake
-- Up-to-date: /root/catkin_ws/install/ydlidar_sdk/share/YDLIDAR_SDK/LICENSE.txt
-- Up-to-date: /root/catkin_ws/install/ydlidar_sdk/share/YDLIDAR_SDK/README.md
-- Up-to-date: /root/catkin_ws/install/ydlidar_sdk/share/YDLIDAR_SDK/doc
-- Up-to-date: /root/catkin_ws/install/ydlidar_sdk/share/YDLIDAR_SDK/doc/Dataset.md
-- Up-to-date: /root/catkin_ws/install/ydlidar_sdk/share/YDLIDAR_SDK/doc/FAQs
-- Up-to-date: /root/catkin_ws/install/ydlidar_sdk/share/YDLIDAR_SDK/doc/FAQs/Software_FAQs_cn.md
-- Up-to-date: /root/catkin_ws/install/ydlidar_sdk/share/YDLIDAR_SDK/doc/FAQs/Hardware_FAQs.md
-- Up-to-date: /root/catkin_ws/install/ydlidar_sdk/share/YDLIDAR_SDK/doc/FAQs/Hardware_FAQs_cn.md
-- Up-to-date: /root/catkin_ws/install/ydlidar_sdk/share/YDLIDAR_SDK/doc/FAQs/General_FAQs.md
-- Up-to-date: /root/catkin_ws/install/ydlidar_sdk/share/YDLIDAR_SDK/doc/FAQs/General_FAQs_cn.md
-- Up-to-date: /root/catkin_ws/install/ydlidar_sdk/share/YDLIDAR_SDK/doc/FAQs/README.md
-- Up-to-date: /root/catkin_ws/install/ydlidar_sdk/share/YDLIDAR_SDK/doc/FAQs/Software_FAQs.md
-- Up-to-date: /root/catkin_ws/install/ydlidar_sdk/share/YDLIDAR_SDK/doc/Tutorials.md
-- Up-to-date: /root/catkin_ws/install/ydlidar_sdk/share/YDLIDAR_SDK/doc/SDK.pdf
-- Up-to-date: /root/catkin_ws/install/ydlidar_sdk/share/YDLIDAR_SDK/doc/Diagram.md
-- Up-to-date: /root/catkin_ws/install/ydlidar_sdk/share/YDLIDAR_SDK/doc/YDLIDAR_SDK_API_for_Developers.md
-- Up-to-date: /root/catkin_ws/install/ydlidar_sdk/share/YDLIDAR_SDK/doc/YDLidar_SDK_Communication_Protocol.pdf
-- Up-to-date: /root/catkin_ws/install/ydlidar_sdk/share/YDLIDAR_SDK/doc/YDLidar-SDK-Communication-Protocol.md
-- Up-to-date: /root/catkin_ws/install/ydlidar_sdk/share/YDLIDAR_SDK/doc/YDLidar-SDK-Communication-Protocol.html
-- Up-to-date: /root/catkin_ws/install/ydlidar_sdk/share/YDLIDAR_SDK/doc/quickstart
-- Up-to-date: /root/catkin_ws/install/ydlidar_sdk/share/YDLIDAR_SDK/doc/quickstart/ydlidar_sdk_software_installation_guide.md
-- Up-to-date: /root/catkin_ws/install/ydlidar_sdk/share/YDLIDAR_SDK/doc/quickstart/README.md
-- Up-to-date: /root/catkin_ws/install/ydlidar_sdk/share/YDLIDAR_SDK/doc/README.md
-- Up-to-date: /root/catkin_ws/install/ydlidar_sdk/share/YDLIDAR_SDK/doc/images
-- Up-to-date: /root/catkin_ws/install/ydlidar_sdk/share/YDLIDAR_SDK/doc/images/angle_q2.png
-- Up-to-date: /root/catkin_ws/install/ydlidar_sdk/share/YDLIDAR_SDK/doc/images/sequence.png
-- Up-to-date: /root/catkin_ws/install/ydlidar_sdk/share/YDLIDAR_SDK/doc/images/frame.png
-- Up-to-date: /root/catkin_ws/install/ydlidar_sdk/share/YDLIDAR_SDK/doc/images/system_workflow.png
-- Up-to-date: /root/catkin_ws/install/ydlidar_sdk/share/YDLIDAR_SDK/doc/images/sdk_scanning.png
-- Up-to-date: /root/catkin_ws/install/ydlidar_sdk/share/YDLIDAR_SDK/doc/images/frame_intensity.png
-- Up-to-date: /root/catkin_ws/install/ydlidar_sdk/share/YDLIDAR_SDK/doc/images/FlowChart.png
-- Up-to-date: /root/catkin_ws/install/ydlidar_sdk/share/YDLIDAR_SDK/doc/images/YDLidar.png
-- Up-to-date: /root/catkin_ws/install/ydlidar_sdk/share/YDLIDAR_SDK/doc/images/sdk_architecture.png
-- Up-to-date: /root/catkin_ws/install/ydlidar_sdk/share/YDLIDAR_SDK/doc/images/YDLidar.jpg
-- Up-to-date: /root/catkin_ws/install/ydlidar_sdk/share/YDLIDAR_SDK/doc/images/sdk_init.png
-- Up-to-date: /root/catkin_ws/install/ydlidar_sdk/share/YDLIDAR_SDK/doc/images/communication_mechanism.png
-- Up-to-date: /root/catkin_ws/install/ydlidar_sdk/share/YDLIDAR_SDK/doc/images/EAI.png
-- Up-to-date: /root/catkin_ws/install/ydlidar_sdk/share/YDLIDAR_SDK/doc/tutorials
-- Up-to-date: /root/catkin_ws/install/ydlidar_sdk/share/YDLIDAR_SDK/doc/tutorials/writing_lidar_tutorial_python.md
-- Up-to-date: /root/catkin_ws/install/ydlidar_sdk/share/YDLIDAR_SDK/doc/tutorials/writing_lidar_tutorial_c++.md
-- Up-to-date: /root/catkin_ws/install/ydlidar_sdk/share/YDLIDAR_SDK/doc/tutorials/writing_lidar_network_adapter_tutorial_c++.md
-- Up-to-date: /root/catkin_ws/install/ydlidar_sdk/share/YDLIDAR_SDK/doc/tutorials/examine_the_simple_lidar_tutorial.md
-- Up-to-date: /root/catkin_ws/install/ydlidar_sdk/share/YDLIDAR_SDK/doc/tutorials/writing_lidar_tutorial_c.md
-- Up-to-date: /root/catkin_ws/install/ydlidar_sdk/share/YDLIDAR_SDK/doc/howto
-- Up-to-date: /root/catkin_ws/install/ydlidar_sdk/share/YDLIDAR_SDK/doc/howto/how_to_gerenrate_vs_project_by_cmake.md
-- Up-to-date: /root/catkin_ws/install/ydlidar_sdk/share/YDLIDAR_SDK/doc/howto/how_to_solve_slow_pull_from_cn.md
-- Up-to-date: /root/catkin_ws/install/ydlidar_sdk/share/YDLIDAR_SDK/doc/howto/how_to_build_and_debug_using_vscode.md
-- Up-to-date: /root/catkin_ws/install/ydlidar_sdk/share/YDLIDAR_SDK/doc/howto/how_to_create_a_udev_rules.md
-- Up-to-date: /root/catkin_ws/install/ydlidar_sdk/share/YDLIDAR_SDK/doc/howto/how_to_create_a_csharp_project.md
-- Up-to-date: /root/catkin_ws/install/ydlidar_sdk/share/YDLIDAR_SDK/doc/howto/how_to_build_and_install.md
-- Up-to-date: /root/catkin_ws/install/ydlidar_sdk/share/YDLIDAR_SDK/doc/howto/how_to_create_a_pull.md
-- Up-to-date: /root/catkin_ws/install/ydlidar_sdk/share/YDLIDAR_SDK/doc/howto/README.md
-- Up-to-date: /root/catkin_ws/install/ydlidar_sdk/share/YDLIDAR_SDK/doc/howto/images
-- Up-to-date: /root/catkin_ws/install/ydlidar_sdk/share/YDLIDAR_SDK/doc/howto/images/csharp_library.png
-- Up-to-date: /root/catkin_ws/install/ydlidar_sdk/share/YDLIDAR_SDK/doc/howto/images/csharp_project.png
-- Up-to-date: /root/catkin_ws/install/ydlidar_sdk/share/YDLIDAR_SDK/doc/howto/images/sequence.png
-- Up-to-date: /root/catkin_ws/install/ydlidar_sdk/share/YDLIDAR_SDK/doc/howto/images/vscode
-- Up-to-date: /root/catkin_ws/install/ydlidar_sdk/share/YDLIDAR_SDK/doc/howto/images/vscode/run_tasks.jpg
-- Up-to-date: /root/catkin_ws/install/ydlidar_sdk/share/YDLIDAR_SDK/doc/howto/images/vscode/tasks.png
-- Up-to-date: /root/catkin_ws/install/ydlidar_sdk/share/YDLIDAR_SDK/doc/howto/images/sdk_scanning.png
-- Up-to-date: /root/catkin_ws/install/ydlidar_sdk/share/YDLIDAR_SDK/doc/howto/images/ttyUSB0.png
-- Up-to-date: /root/catkin_ws/install/ydlidar_sdk/share/YDLIDAR_SDK/doc/howto/images/csharp_running.png
-- Up-to-date: /root/catkin_ws/install/ydlidar_sdk/share/YDLIDAR_SDK/doc/howto/images/ydlidar_lidar_monitor.png
-- Up-to-date: /root/catkin_ws/install/ydlidar_sdk/share/YDLIDAR_SDK/doc/howto/images/cpack.png
-- Up-to-date: /root/catkin_ws/install/ydlidar_sdk/share/YDLIDAR_SDK/doc/howto/images/sdk_init.png
-- Up-to-date: /root/catkin_ws/install/ydlidar_sdk/share/YDLIDAR_SDK/doc/howto/images/csharp_build.png
-- Up-to-date: /root/catkin_ws/install/ydlidar_sdk/share/YDLIDAR_SDK/doc/howto/images/csharp_exception.png
-- Up-to-date: /root/catkin_ws/install/ydlidar_sdk/share/YDLIDAR_SDK/doc/howto/images/ttyUSB1.png
-- Up-to-date: /root/catkin_ws/install/ydlidar_sdk/share/YDLIDAR_SDK/doc/YDLidar-SDK-Communication-Protocol.pdf
-- Up-to-date: /root/catkin_ws/install/ydlidar_sdk/startup/initenv.sh
-- Installing: /root/catkin_ws/install/ydlidar_sdk/bin/etlidar_test
-- Set runtime path of "/root/catkin_ws/install/ydlidar_sdk/bin/etlidar_test" to ""
-- Installing: /root/catkin_ws/install/ydlidar_sdk/bin/tof_test
-- Set runtime path of "/root/catkin_ws/install/ydlidar_sdk/bin/tof_test" to ""
-- Installing: /root/catkin_ws/install/ydlidar_sdk/bin/ydlidar_test
-- Set runtime path of "/root/catkin_ws/install/ydlidar_sdk/bin/ydlidar_test" to ""
-- Installing: /root/catkin_ws/install/ydlidar_sdk/bin/lidar_c_api_test
-- Set runtime path of "/root/catkin_ws/install/ydlidar_sdk/bin/lidar_c_api_test" to ""
