[0.995s] Invoking command in '/root/catkin_ws/build/omo_r1_description': CMAKE_PREFIX_PATH=${CMAKE_PREFIX_PATH}:/root/catkin_ws/install/topic_service_action_rclpy_example:/root/catkin_ws/install/time_rclpy_example:/root/catkin_ws/install/tf2_rclpy_example:/root/catkin_ws/install/ros2env:/root/catkin_ws/install/omo_r1mini_teleop:/root/catkin_ws/install/omo_r1mini_bringup:/root/catkin_ws/install/my_first_ros_rclpy_pkg:/root/catkin_ws/install/logging_rclpy_example:/root/catkin_ws/install/iahrs_driver:/root/install/topic_service_action_rclpy_example:/root/install/time_rclpy_example:/root/install/tf2_rclpy_example:/root/install/ros2env:/root/install/omo_r1mini_teleop:/root/install/omo_r1mini_bringup:/root/install/my_first_ros_rclpy_pkg:/root/install/logging_rclpy_example:/opt/ros/foxy /usr/bin/cmake --build /root/catkin_ws/build/omo_r1_description -- -j12 -l12
[1.979s] Invoked command in '/root/catkin_ws/build/omo_r1_description' returned '0': CMAKE_PREFIX_PATH=${CMAKE_PREFIX_PATH}:/root/catkin_ws/install/topic_service_action_rclpy_example:/root/catkin_ws/install/time_rclpy_example:/root/catkin_ws/install/tf2_rclpy_example:/root/catkin_ws/install/ros2env:/root/catkin_ws/install/omo_r1mini_teleop:/root/catkin_ws/install/omo_r1mini_bringup:/root/catkin_ws/install/my_first_ros_rclpy_pkg:/root/catkin_ws/install/logging_rclpy_example:/root/catkin_ws/install/iahrs_driver:/root/install/topic_service_action_rclpy_example:/root/install/time_rclpy_example:/root/install/tf2_rclpy_example:/root/install/ros2env:/root/install/omo_r1mini_teleop:/root/install/omo_r1mini_bringup:/root/install/my_first_ros_rclpy_pkg:/root/install/logging_rclpy_example:/opt/ros/foxy /usr/bin/cmake --build /root/catkin_ws/build/omo_r1_description -- -j12 -l12
[2.065s] Invoking command in '/root/catkin_ws/build/omo_r1_description': CMAKE_PREFIX_PATH=${CMAKE_PREFIX_PATH}:/root/catkin_ws/install/topic_service_action_rclpy_example:/root/catkin_ws/install/time_rclpy_example:/root/catkin_ws/install/tf2_rclpy_example:/root/catkin_ws/install/ros2env:/root/catkin_ws/install/omo_r1mini_teleop:/root/catkin_ws/install/omo_r1mini_bringup:/root/catkin_ws/install/my_first_ros_rclpy_pkg:/root/catkin_ws/install/logging_rclpy_example:/root/catkin_ws/install/iahrs_driver:/root/install/topic_service_action_rclpy_example:/root/install/time_rclpy_example:/root/install/tf2_rclpy_example:/root/install/ros2env:/root/install/omo_r1mini_teleop:/root/install/omo_r1mini_bringup:/root/install/my_first_ros_rclpy_pkg:/root/install/logging_rclpy_example:/opt/ros/foxy /usr/bin/cmake --install /root/catkin_ws/build/omo_r1_description
[2.089s] -- Install configuration: ""
[2.089s] -- Execute custom install script
[2.089s] -- Up-to-date symlink: /root/catkin_ws/install/omo_r1_description/share/omo_r1_description/meshes/bases/omo_r1_body.stl
[2.090s] -- Up-to-date symlink: /root/catkin_ws/install/omo_r1_description/share/omo_r1_description/meshes/sensors/ydlidar_assy.dae
[2.090s] -- Up-to-date symlink: /root/catkin_ws/install/omo_r1_description/share/omo_r1_description/meshes/wheels/omo_r1_wheel.stl
[2.090s] -- Up-to-date symlink: /root/catkin_ws/install/omo_r1_description/share/omo_r1_description/rviz/model.rviz
[2.090s] -- Up-to-date symlink: /root/catkin_ws/install/omo_r1_description/share/omo_r1_description/urdf/omo_r1.urdf
[2.091s] -- Up-to-date symlink: /root/catkin_ws/install/omo_r1_description/share/omo_r1_description/launch/omo_r1_description.launch.py
[2.091s] -- Up-to-date symlink: /root/catkin_ws/install/omo_r1_description/share/omo_r1_description/launch/omo_r1_description_rviz.launch.py
[2.091s] -- Up-to-date symlink: /root/catkin_ws/install/omo_r1_description/share/omo_r1_description/launch/omo_r1_state_publisher.launch.py
[2.091s] -- Up-to-date symlink: /root/catkin_ws/install/omo_r1_description/share/ament_index/resource_index/package_run_dependencies/omo_r1_description
[2.091s] -- Up-to-date symlink: /root/catkin_ws/install/omo_r1_description/share/ament_index/resource_index/parent_prefix_path/omo_r1_description
[2.091s] -- Up-to-date symlink: /root/catkin_ws/install/omo_r1_description/share/omo_r1_description/environment/ament_prefix_path.sh
[2.097s] -- Up-to-date symlink: /root/catkin_ws/install/omo_r1_description/share/omo_r1_description/environment/ament_prefix_path.dsv
[2.097s] -- Up-to-date symlink: /root/catkin_ws/install/omo_r1_description/share/omo_r1_description/environment/path.sh
[2.098s] -- Up-to-date symlink: /root/catkin_ws/install/omo_r1_description/share/omo_r1_description/environment/path.dsv
[2.098s] -- Up-to-date symlink: /root/catkin_ws/install/omo_r1_description/share/omo_r1_description/local_setup.bash
[2.098s] -- Up-to-date symlink: /root/catkin_ws/install/omo_r1_description/share/omo_r1_description/local_setup.sh
[2.098s] -- Up-to-date symlink: /root/catkin_ws/install/omo_r1_description/share/omo_r1_description/local_setup.zsh
[2.098s] -- Up-to-date symlink: /root/catkin_ws/install/omo_r1_description/share/omo_r1_description/local_setup.dsv
[2.098s] -- Symlinking: /root/catkin_ws/install/omo_r1_description/share/omo_r1_description/package.dsv
[2.114s] -- Up-to-date symlink: /root/catkin_ws/install/omo_r1_description/share/ament_index/resource_index/packages/omo_r1_description
[2.114s] -- Up-to-date symlink: /root/catkin_ws/install/omo_r1_description/share/omo_r1_description/cmake/omo_r1_descriptionConfig.cmake
[2.114s] -- Up-to-date symlink: /root/catkin_ws/install/omo_r1_description/share/omo_r1_description/cmake/omo_r1_descriptionConfig-version.cmake
[2.114s] -- Up-to-date symlink: /root/catkin_ws/install/omo_r1_description/share/omo_r1_description/package.xml
[2.185s] Invoked command in '/root/catkin_ws/build/omo_r1_description' returned '0': CMAKE_PREFIX_PATH=${CMAKE_PREFIX_PATH}:/root/catkin_ws/install/topic_service_action_rclpy_example:/root/catkin_ws/install/time_rclpy_example:/root/catkin_ws/install/tf2_rclpy_example:/root/catkin_ws/install/ros2env:/root/catkin_ws/install/omo_r1mini_teleop:/root/catkin_ws/install/omo_r1mini_bringup:/root/catkin_ws/install/my_first_ros_rclpy_pkg:/root/catkin_ws/install/logging_rclpy_example:/root/catkin_ws/install/iahrs_driver:/root/install/topic_service_action_rclpy_example:/root/install/time_rclpy_example:/root/install/tf2_rclpy_example:/root/install/ros2env:/root/install/omo_r1mini_teleop:/root/install/omo_r1mini_bringup:/root/install/my_first_ros_rclpy_pkg:/root/install/logging_rclpy_example:/opt/ros/foxy /usr/bin/cmake --install /root/catkin_ws/build/omo_r1_description
