[0.128s] Invoking command in '/root/catkin_ws/build/omo_r1mini_interfaces': CMAKE_PREFIX_PATH=${CMAKE_PREFIX_PATH}:/root/catkin_ws/install/topic_service_action_rclpy_example:/root/catkin_ws/install/time_rclpy_example:/root/catkin_ws/install/tf2_rclpy_example:/root/catkin_ws/install/ros2env:/root/catkin_ws/install/omo_r1mini_teleop:/root/catkin_ws/install/omo_r1mini_bringup:/root/catkin_ws/install/my_first_ros_rclpy_pkg:/root/catkin_ws/install/logging_rclpy_example:/root/catkin_ws/install/iahrs_driver:/root/install/topic_service_action_rclpy_example:/root/install/time_rclpy_example:/root/install/tf2_rclpy_example:/root/install/ros2env:/root/install/omo_r1mini_teleop:/root/install/omo_r1mini_bringup:/root/install/my_first_ros_rclpy_pkg:/root/install/logging_rclpy_example:/opt/ros/foxy /usr/bin/cmake --build /root/catkin_ws/build/omo_r1mini_interfaces -- -j12 -l12
[0.654s] [  1%] Built target omo_r1mini_interfaces__cpp
[0.655s] [ 12%] Built target omo_r1mini_interfaces__rosidl_generator_c
[0.655s] [ 23%] Built target omo_r1mini_interfaces__rosidl_typesupport_cpp
[0.655s] [ 35%] Built target omo_r1mini_interfaces__rosidl_typesupport_introspection_cpp
[0.656s] [ 57%] Built target omo_r1mini_interfaces__rosidl_typesupport_fastrtps_cpp
[0.656s] [ 57%] Built target omo_r1mini_interfaces__rosidl_typesupport_c
[0.657s] [ 69%] Built target omo_r1mini_interfaces__rosidl_typesupport_introspection_c
[0.657s] [ 80%] Built target omo_r1mini_interfaces__rosidl_typesupport_fastrtps_c
[0.657s] [ 80%] Built target omo_r1mini_interfaces
[0.658s] [ 81%] Built target omo_r1mini_interfaces__py
[0.658s] [ 91%] Built target omo_r1mini_interfaces__python
[0.658s] [100%] Built target omo_r1mini_interfaces__rosidl_typesupport_c__pyext
[0.659s] [100%] Built target omo_r1mini_interfaces__rosidl_typesupport_fastrtps_c__pyext
[0.659s] [100%] Built target omo_r1mini_interfaces__rosidl_typesupport_introspection_c__pyext
[0.678s] Invoked command in '/root/catkin_ws/build/omo_r1mini_interfaces' returned '0': CMAKE_PREFIX_PATH=${CMAKE_PREFIX_PATH}:/root/catkin_ws/install/topic_service_action_rclpy_example:/root/catkin_ws/install/time_rclpy_example:/root/catkin_ws/install/tf2_rclpy_example:/root/catkin_ws/install/ros2env:/root/catkin_ws/install/omo_r1mini_teleop:/root/catkin_ws/install/omo_r1mini_bringup:/root/catkin_ws/install/my_first_ros_rclpy_pkg:/root/catkin_ws/install/logging_rclpy_example:/root/catkin_ws/install/iahrs_driver:/root/install/topic_service_action_rclpy_example:/root/install/time_rclpy_example:/root/install/tf2_rclpy_example:/root/install/ros2env:/root/install/omo_r1mini_teleop:/root/install/omo_r1mini_bringup:/root/install/my_first_ros_rclpy_pkg:/root/install/logging_rclpy_example:/opt/ros/foxy /usr/bin/cmake --build /root/catkin_ws/build/omo_r1mini_interfaces -- -j12 -l12
[0.913s] Invoking command in '/root/catkin_ws/build/omo_r1mini_interfaces': CMAKE_PREFIX_PATH=${CMAKE_PREFIX_PATH}:/root/catkin_ws/install/topic_service_action_rclpy_example:/root/catkin_ws/install/time_rclpy_example:/root/catkin_ws/install/tf2_rclpy_example:/root/catkin_ws/install/ros2env:/root/catkin_ws/install/omo_r1mini_teleop:/root/catkin_ws/install/omo_r1mini_bringup:/root/catkin_ws/install/my_first_ros_rclpy_pkg:/root/catkin_ws/install/logging_rclpy_example:/root/catkin_ws/install/iahrs_driver:/root/install/topic_service_action_rclpy_example:/root/install/time_rclpy_example:/root/install/tf2_rclpy_example:/root/install/ros2env:/root/install/omo_r1mini_teleop:/root/install/omo_r1mini_bringup:/root/install/my_first_ros_rclpy_pkg:/root/install/logging_rclpy_example:/opt/ros/foxy /usr/bin/cmake --install /root/catkin_ws/build/omo_r1mini_interfaces
[0.949s] -- Install configuration: ""
[0.949s] -- Execute custom install script
[0.950s] -- Up-to-date symlink: /root/catkin_ws/install/omo_r1mini_interfaces/share/ament_index/resource_index/rosidl_interfaces/omo_r1mini_interfaces
[0.950s] -- Up-to-date symlink: /root/catkin_ws/install/omo_r1mini_interfaces/include/omo_r1mini_interfaces/msg/rosidl_generator_c__visibility_control.h
[0.950s] -- Up-to-date symlink: /root/catkin_ws/install/omo_r1mini_interfaces/include/omo_r1mini_interfaces/srv/battery.h
[0.950s] -- Up-to-date symlink: /root/catkin_ws/install/omo_r1mini_interfaces/include/omo_r1mini_interfaces/srv/calg.h
[0.950s] -- Up-to-date symlink: /root/catkin_ws/install/omo_r1mini_interfaces/include/omo_r1mini_interfaces/srv/color.h
[0.951s] -- Up-to-date symlink: /root/catkin_ws/install/omo_r1mini_interfaces/include/omo_r1mini_interfaces/srv/detail/battery__functions.h
[0.951s] -- Up-to-date symlink: /root/catkin_ws/install/omo_r1mini_interfaces/include/omo_r1mini_interfaces/srv/detail/battery__struct.h
[0.951s] -- Up-to-date symlink: /root/catkin_ws/install/omo_r1mini_interfaces/include/omo_r1mini_interfaces/srv/detail/battery__type_support.h
[0.951s] -- Up-to-date symlink: /root/catkin_ws/install/omo_r1mini_interfaces/include/omo_r1mini_interfaces/srv/detail/calg__functions.h
[0.951s] -- Up-to-date symlink: /root/catkin_ws/install/omo_r1mini_interfaces/include/omo_r1mini_interfaces/srv/detail/calg__struct.h
[0.951s] -- Up-to-date symlink: /root/catkin_ws/install/omo_r1mini_interfaces/include/omo_r1mini_interfaces/srv/detail/calg__type_support.h
[0.954s] -- Up-to-date symlink: /root/catkin_ws/install/omo_r1mini_interfaces/include/omo_r1mini_interfaces/srv/detail/color__functions.h
[0.954s] -- Up-to-date symlink: /root/catkin_ws/install/omo_r1mini_interfaces/include/omo_r1mini_interfaces/srv/detail/color__struct.h
[0.954s] -- Up-to-date symlink: /root/catkin_ws/install/omo_r1mini_interfaces/include/omo_r1mini_interfaces/srv/detail/color__type_support.h
[0.954s] -- Up-to-date symlink: /root/catkin_ws/install/omo_r1mini_interfaces/include/omo_r1mini_interfaces/srv/detail/onoff__functions.h
[0.954s] -- Up-to-date symlink: /root/catkin_ws/install/omo_r1mini_interfaces/include/omo_r1mini_interfaces/srv/detail/onoff__struct.h
[0.954s] -- Up-to-date symlink: /root/catkin_ws/install/omo_r1mini_interfaces/include/omo_r1mini_interfaces/srv/detail/onoff__type_support.h
[0.954s] -- Up-to-date symlink: /root/catkin_ws/install/omo_r1mini_interfaces/include/omo_r1mini_interfaces/srv/detail/reset_odom__functions.h
[0.955s] -- Up-to-date symlink: /root/catkin_ws/install/omo_r1mini_interfaces/include/omo_r1mini_interfaces/srv/detail/reset_odom__struct.h
[0.955s] -- Up-to-date symlink: /root/catkin_ws/install/omo_r1mini_interfaces/include/omo_r1mini_interfaces/srv/detail/reset_odom__type_support.h
[0.955s] -- Up-to-date symlink: /root/catkin_ws/install/omo_r1mini_interfaces/include/omo_r1mini_interfaces/srv/detail/save_color__functions.h
[0.955s] -- Up-to-date symlink: /root/catkin_ws/install/omo_r1mini_interfaces/include/omo_r1mini_interfaces/srv/detail/save_color__struct.h
[0.956s] -- Up-to-date symlink: /root/catkin_ws/install/omo_r1mini_interfaces/include/omo_r1mini_interfaces/srv/detail/save_color__type_support.h
[0.956s] -- Up-to-date symlink: /root/catkin_ws/install/omo_r1mini_interfaces/include/omo_r1mini_interfaces/srv/onoff.h
[0.956s] -- Up-to-date symlink: /root/catkin_ws/install/omo_r1mini_interfaces/include/omo_r1mini_interfaces/srv/reset_odom.h
[0.956s] -- Up-to-date symlink: /root/catkin_ws/install/omo_r1mini_interfaces/include/omo_r1mini_interfaces/srv/save_color.h
[0.957s] -- Up-to-date symlink: /root/catkin_ws/install/omo_r1mini_interfaces/share/omo_r1mini_interfaces/environment/library_path.sh
[0.959s] -- Up-to-date symlink: /root/catkin_ws/install/omo_r1mini_interfaces/share/omo_r1mini_interfaces/environment/library_path.dsv
[0.960s] -- Up-to-date symlink: /root/catkin_ws/install/omo_r1mini_interfaces/include/omo_r1mini_interfaces/msg/rosidl_typesupport_fastrtps_c__visibility_control.h
[0.960s] -- Up-to-date symlink: /root/catkin_ws/install/omo_r1mini_interfaces/include/omo_r1mini_interfaces/srv/detail/battery__rosidl_typesupport_fastrtps_c.h
[0.960s] -- Up-to-date symlink: /root/catkin_ws/install/omo_r1mini_interfaces/include/omo_r1mini_interfaces/srv/detail/calg__rosidl_typesupport_fastrtps_c.h
[0.960s] -- Up-to-date symlink: /root/catkin_ws/install/omo_r1mini_interfaces/include/omo_r1mini_interfaces/srv/detail/color__rosidl_typesupport_fastrtps_c.h
[0.961s] -- Up-to-date symlink: /root/catkin_ws/install/omo_r1mini_interfaces/include/omo_r1mini_interfaces/srv/detail/onoff__rosidl_typesupport_fastrtps_c.h
[0.961s] -- Up-to-date symlink: /root/catkin_ws/install/omo_r1mini_interfaces/include/omo_r1mini_interfaces/srv/detail/reset_odom__rosidl_typesupport_fastrtps_c.h
[0.961s] -- Up-to-date symlink: /root/catkin_ws/install/omo_r1mini_interfaces/include/omo_r1mini_interfaces/srv/detail/save_color__rosidl_typesupport_fastrtps_c.h
[0.961s] -- Up-to-date symlink: /root/catkin_ws/install/omo_r1mini_interfaces/lib/libomo_r1mini_interfaces__rosidl_typesupport_fastrtps_c.so
[0.962s] -- Up-to-date symlink: /root/catkin_ws/install/omo_r1mini_interfaces/include/omo_r1mini_interfaces/msg/rosidl_typesupport_fastrtps_cpp__visibility_control.h
[0.962s] -- Up-to-date symlink: /root/catkin_ws/install/omo_r1mini_interfaces/include/omo_r1mini_interfaces/srv/detail/battery__rosidl_typesupport_fastrtps_cpp.hpp
[0.962s] -- Up-to-date symlink: /root/catkin_ws/install/omo_r1mini_interfaces/include/omo_r1mini_interfaces/srv/detail/calg__rosidl_typesupport_fastrtps_cpp.hpp
[0.963s] -- Up-to-date symlink: /root/catkin_ws/install/omo_r1mini_interfaces/include/omo_r1mini_interfaces/srv/detail/color__rosidl_typesupport_fastrtps_cpp.hpp
[0.963s] -- Up-to-date symlink: /root/catkin_ws/install/omo_r1mini_interfaces/include/omo_r1mini_interfaces/srv/detail/onoff__rosidl_typesupport_fastrtps_cpp.hpp
[0.964s] -- Up-to-date symlink: /root/catkin_ws/install/omo_r1mini_interfaces/include/omo_r1mini_interfaces/srv/detail/reset_odom__rosidl_typesupport_fastrtps_cpp.hpp
[0.964s] -- Up-to-date symlink: /root/catkin_ws/install/omo_r1mini_interfaces/include/omo_r1mini_interfaces/srv/detail/save_color__rosidl_typesupport_fastrtps_cpp.hpp
[0.964s] -- Up-to-date symlink: /root/catkin_ws/install/omo_r1mini_interfaces/lib/libomo_r1mini_interfaces__rosidl_typesupport_fastrtps_cpp.so
[0.964s] -- Up-to-date symlink: /root/catkin_ws/install/omo_r1mini_interfaces/include/omo_r1mini_interfaces/msg/rosidl_typesupport_introspection_c__visibility_control.h
[0.965s] -- Up-to-date symlink: /root/catkin_ws/install/omo_r1mini_interfaces/include/omo_r1mini_interfaces/srv/detail/battery__rosidl_typesupport_introspection_c.h
[0.967s] -- Up-to-date symlink: /root/catkin_ws/install/omo_r1mini_interfaces/include/omo_r1mini_interfaces/srv/detail/calg__rosidl_typesupport_introspection_c.h
[0.968s] -- Up-to-date symlink: /root/catkin_ws/install/omo_r1mini_interfaces/include/omo_r1mini_interfaces/srv/detail/color__rosidl_typesupport_introspection_c.h
[0.968s] -- Up-to-date symlink: /root/catkin_ws/install/omo_r1mini_interfaces/include/omo_r1mini_interfaces/srv/detail/onoff__rosidl_typesupport_introspection_c.h
[0.968s] -- Up-to-date symlink: /root/catkin_ws/install/omo_r1mini_interfaces/include/omo_r1mini_interfaces/srv/detail/reset_odom__rosidl_typesupport_introspection_c.h
[0.968s] -- Up-to-date symlink: /root/catkin_ws/install/omo_r1mini_interfaces/include/omo_r1mini_interfaces/srv/detail/save_color__rosidl_typesupport_introspection_c.h
[0.968s] -- Up-to-date symlink: /root/catkin_ws/install/omo_r1mini_interfaces/include/omo_r1mini_interfaces/srv/battery.hpp
[0.968s] -- Up-to-date symlink: /root/catkin_ws/install/omo_r1mini_interfaces/include/omo_r1mini_interfaces/srv/calg.hpp
[0.968s] -- Up-to-date symlink: /root/catkin_ws/install/omo_r1mini_interfaces/include/omo_r1mini_interfaces/srv/color.hpp
[0.968s] -- Up-to-date symlink: /root/catkin_ws/install/omo_r1mini_interfaces/include/omo_r1mini_interfaces/srv/detail/battery__builder.hpp
[0.969s] -- Up-to-date symlink: /root/catkin_ws/install/omo_r1mini_interfaces/include/omo_r1mini_interfaces/srv/detail/battery__struct.hpp
[0.969s] -- Up-to-date symlink: /root/catkin_ws/install/omo_r1mini_interfaces/include/omo_r1mini_interfaces/srv/detail/battery__traits.hpp
[0.969s] -- Up-to-date symlink: /root/catkin_ws/install/omo_r1mini_interfaces/include/omo_r1mini_interfaces/srv/detail/calg__builder.hpp
[0.969s] -- Up-to-date symlink: /root/catkin_ws/install/omo_r1mini_interfaces/include/omo_r1mini_interfaces/srv/detail/calg__struct.hpp
[0.969s] -- Up-to-date symlink: /root/catkin_ws/install/omo_r1mini_interfaces/include/omo_r1mini_interfaces/srv/detail/calg__traits.hpp
[0.970s] -- Up-to-date symlink: /root/catkin_ws/install/omo_r1mini_interfaces/include/omo_r1mini_interfaces/srv/detail/color__builder.hpp
[0.970s] -- Up-to-date symlink: /root/catkin_ws/install/omo_r1mini_interfaces/include/omo_r1mini_interfaces/srv/detail/color__struct.hpp
[0.970s] -- Up-to-date symlink: /root/catkin_ws/install/omo_r1mini_interfaces/include/omo_r1mini_interfaces/srv/detail/color__traits.hpp
[0.970s] -- Up-to-date symlink: /root/catkin_ws/install/omo_r1mini_interfaces/include/omo_r1mini_interfaces/srv/detail/onoff__builder.hpp
[0.970s] -- Up-to-date symlink: /root/catkin_ws/install/omo_r1mini_interfaces/include/omo_r1mini_interfaces/srv/detail/onoff__struct.hpp
[0.970s] -- Up-to-date symlink: /root/catkin_ws/install/omo_r1mini_interfaces/include/omo_r1mini_interfaces/srv/detail/onoff__traits.hpp
[0.970s] -- Up-to-date symlink: /root/catkin_ws/install/omo_r1mini_interfaces/include/omo_r1mini_interfaces/srv/detail/reset_odom__builder.hpp
[0.970s] -- Up-to-date symlink: /root/catkin_ws/install/omo_r1mini_interfaces/include/omo_r1mini_interfaces/srv/detail/reset_odom__struct.hpp
[0.970s] -- Up-to-date symlink: /root/catkin_ws/install/omo_r1mini_interfaces/include/omo_r1mini_interfaces/srv/detail/reset_odom__traits.hpp
[0.971s] -- Up-to-date symlink: /root/catkin_ws/install/omo_r1mini_interfaces/include/omo_r1mini_interfaces/srv/detail/save_color__builder.hpp
[0.971s] -- Up-to-date symlink: /root/catkin_ws/install/omo_r1mini_interfaces/include/omo_r1mini_interfaces/srv/detail/save_color__struct.hpp
[0.971s] -- Up-to-date symlink: /root/catkin_ws/install/omo_r1mini_interfaces/include/omo_r1mini_interfaces/srv/detail/save_color__traits.hpp
[0.971s] -- Up-to-date symlink: /root/catkin_ws/install/omo_r1mini_interfaces/include/omo_r1mini_interfaces/srv/onoff.hpp
[0.971s] -- Up-to-date symlink: /root/catkin_ws/install/omo_r1mini_interfaces/include/omo_r1mini_interfaces/srv/reset_odom.hpp
[0.971s] -- Up-to-date symlink: /root/catkin_ws/install/omo_r1mini_interfaces/include/omo_r1mini_interfaces/srv/save_color.hpp
[0.971s] -- Up-to-date symlink: /root/catkin_ws/install/omo_r1mini_interfaces/include/omo_r1mini_interfaces/srv/detail/battery__rosidl_typesupport_introspection_cpp.hpp
[0.971s] -- Up-to-date symlink: /root/catkin_ws/install/omo_r1mini_interfaces/include/omo_r1mini_interfaces/srv/detail/calg__rosidl_typesupport_introspection_cpp.hpp
[0.972s] -- Up-to-date symlink: /root/catkin_ws/install/omo_r1mini_interfaces/include/omo_r1mini_interfaces/srv/detail/color__rosidl_typesupport_introspection_cpp.hpp
[0.972s] -- Up-to-date symlink: /root/catkin_ws/install/omo_r1mini_interfaces/include/omo_r1mini_interfaces/srv/detail/onoff__rosidl_typesupport_introspection_cpp.hpp
[0.972s] -- Up-to-date symlink: /root/catkin_ws/install/omo_r1mini_interfaces/include/omo_r1mini_interfaces/srv/detail/reset_odom__rosidl_typesupport_introspection_cpp.hpp
[0.972s] -- Up-to-date symlink: /root/catkin_ws/install/omo_r1mini_interfaces/include/omo_r1mini_interfaces/srv/detail/save_color__rosidl_typesupport_introspection_cpp.hpp
[0.972s] -- Up-to-date symlink: /root/catkin_ws/install/omo_r1mini_interfaces/share/omo_r1mini_interfaces/environment/pythonpath.sh
[0.972s] -- Up-to-date symlink: /root/catkin_ws/install/omo_r1mini_interfaces/share/omo_r1mini_interfaces/environment/pythonpath.dsv
[0.972s] -- Up-to-date symlink: /root/catkin_ws/install/omo_r1mini_interfaces/lib/python3.8/site-packages/omo_r1mini_interfaces/__init__.py
[0.972s] -- Up-to-date symlink: /root/catkin_ws/install/omo_r1mini_interfaces/lib/python3.8/site-packages/omo_r1mini_interfaces/srv/__init__.py
[0.972s] -- Up-to-date symlink: /root/catkin_ws/install/omo_r1mini_interfaces/lib/python3.8/site-packages/omo_r1mini_interfaces/srv/_battery.py
[0.972s] -- Up-to-date symlink: /root/catkin_ws/install/omo_r1mini_interfaces/lib/python3.8/site-packages/omo_r1mini_interfaces/srv/_calg.py
[0.972s] -- Up-to-date symlink: /root/catkin_ws/install/omo_r1mini_interfaces/lib/python3.8/site-packages/omo_r1mini_interfaces/srv/_color.py
[0.973s] -- Up-to-date symlink: /root/catkin_ws/install/omo_r1mini_interfaces/lib/python3.8/site-packages/omo_r1mini_interfaces/srv/_onoff.py
[0.973s] -- Up-to-date symlink: /root/catkin_ws/install/omo_r1mini_interfaces/lib/python3.8/site-packages/omo_r1mini_interfaces/srv/_reset_odom.py
[0.973s] -- Up-to-date symlink: /root/catkin_ws/install/omo_r1mini_interfaces/lib/python3.8/site-packages/omo_r1mini_interfaces/srv/_save_color.py
[0.973s] -- Up-to-date symlink: /root/catkin_ws/install/omo_r1mini_interfaces/lib/python3.8/site-packages/omo_r1mini_interfaces/omo_r1mini_interfaces_s__rosidl_typesupport_fastrtps_c.cpython-38-x86_64-linux-gnu.so
[0.973s] -- Up-to-date symlink: /root/catkin_ws/install/omo_r1mini_interfaces/lib/python3.8/site-packages/omo_r1mini_interfaces/omo_r1mini_interfaces_s__rosidl_typesupport_introspection_c.cpython-38-x86_64-linux-gnu.so
[0.973s] -- Up-to-date symlink: /root/catkin_ws/install/omo_r1mini_interfaces/lib/python3.8/site-packages/omo_r1mini_interfaces/omo_r1mini_interfaces_s__rosidl_typesupport_c.cpython-38-x86_64-linux-gnu.so
[0.973s] -- Up-to-date symlink: /root/catkin_ws/install/omo_r1mini_interfaces/lib/libomo_r1mini_interfaces__python.so
[0.973s] -- Up-to-date symlink: /root/catkin_ws/install/omo_r1mini_interfaces/share/omo_r1mini_interfaces/srv/Battery.idl
[0.973s] -- Up-to-date symlink: /root/catkin_ws/install/omo_r1mini_interfaces/share/omo_r1mini_interfaces/srv/Calg.idl
[0.973s] -- Up-to-date symlink: /root/catkin_ws/install/omo_r1mini_interfaces/share/omo_r1mini_interfaces/srv/Color.idl
[0.974s] -- Up-to-date symlink: /root/catkin_ws/install/omo_r1mini_interfaces/share/omo_r1mini_interfaces/srv/Onoff.idl
[0.974s] -- Up-to-date symlink: /root/catkin_ws/install/omo_r1mini_interfaces/share/omo_r1mini_interfaces/srv/ResetOdom.idl
[0.974s] -- Up-to-date symlink: /root/catkin_ws/install/omo_r1mini_interfaces/share/omo_r1mini_interfaces/srv/SaveColor.idl
[0.974s] -- Up-to-date symlink: /root/catkin_ws/install/omo_r1mini_interfaces/share/omo_r1mini_interfaces/srv/Battery.srv
[0.974s] -- Up-to-date symlink: /root/catkin_ws/install/omo_r1mini_interfaces/share/omo_r1mini_interfaces/srv/Battery_Request.msg
[0.974s] -- Up-to-date symlink: /root/catkin_ws/install/omo_r1mini_interfaces/share/omo_r1mini_interfaces/srv/Battery_Response.msg
[0.974s] -- Up-to-date symlink: /root/catkin_ws/install/omo_r1mini_interfaces/share/omo_r1mini_interfaces/srv/Calg.srv
[0.974s] -- Up-to-date symlink: /root/catkin_ws/install/omo_r1mini_interfaces/share/omo_r1mini_interfaces/srv/Calg_Request.msg
[0.974s] -- Up-to-date symlink: /root/catkin_ws/install/omo_r1mini_interfaces/share/omo_r1mini_interfaces/srv/Calg_Response.msg
[0.974s] -- Up-to-date symlink: /root/catkin_ws/install/omo_r1mini_interfaces/share/omo_r1mini_interfaces/srv/Color.srv
[0.974s] -- Up-to-date symlink: /root/catkin_ws/install/omo_r1mini_interfaces/share/omo_r1mini_interfaces/srv/Color_Request.msg
[0.975s] -- Up-to-date symlink: /root/catkin_ws/install/omo_r1mini_interfaces/share/omo_r1mini_interfaces/srv/Color_Response.msg
[0.975s] -- Up-to-date symlink: /root/catkin_ws/install/omo_r1mini_interfaces/share/omo_r1mini_interfaces/srv/Onoff.srv
[0.975s] -- Up-to-date symlink: /root/catkin_ws/install/omo_r1mini_interfaces/share/omo_r1mini_interfaces/srv/Onoff_Request.msg
[0.975s] -- Up-to-date symlink: /root/catkin_ws/install/omo_r1mini_interfaces/share/omo_r1mini_interfaces/srv/Onoff_Response.msg
[0.976s] -- Up-to-date symlink: /root/catkin_ws/install/omo_r1mini_interfaces/share/omo_r1mini_interfaces/srv/ResetOdom.srv
[0.976s] -- Up-to-date symlink: /root/catkin_ws/install/omo_r1mini_interfaces/share/omo_r1mini_interfaces/srv/ResetOdom_Request.msg
[0.976s] -- Up-to-date symlink: /root/catkin_ws/install/omo_r1mini_interfaces/share/omo_r1mini_interfaces/srv/ResetOdom_Response.msg
[0.976s] -- Up-to-date symlink: /root/catkin_ws/install/omo_r1mini_interfaces/share/omo_r1mini_interfaces/srv/SaveColor.srv
[0.976s] -- Up-to-date symlink: /root/catkin_ws/install/omo_r1mini_interfaces/share/omo_r1mini_interfaces/srv/SaveColor_Request.msg
[0.976s] -- Up-to-date symlink: /root/catkin_ws/install/omo_r1mini_interfaces/share/omo_r1mini_interfaces/srv/SaveColor_Response.msg
[0.976s] -- Up-to-date symlink: /root/catkin_ws/install/omo_r1mini_interfaces/share/ament_index/resource_index/package_run_dependencies/omo_r1mini_interfaces
[0.976s] -- Up-to-date symlink: /root/catkin_ws/install/omo_r1mini_interfaces/share/ament_index/resource_index/parent_prefix_path/omo_r1mini_interfaces
[0.976s] -- Up-to-date symlink: /root/catkin_ws/install/omo_r1mini_interfaces/share/omo_r1mini_interfaces/environment/ament_prefix_path.sh
[0.976s] -- Up-to-date symlink: /root/catkin_ws/install/omo_r1mini_interfaces/share/omo_r1mini_interfaces/environment/ament_prefix_path.dsv
[0.976s] -- Up-to-date symlink: /root/catkin_ws/install/omo_r1mini_interfaces/share/omo_r1mini_interfaces/environment/path.sh
[0.977s] -- Up-to-date symlink: /root/catkin_ws/install/omo_r1mini_interfaces/share/omo_r1mini_interfaces/environment/path.dsv
[0.977s] -- Up-to-date symlink: /root/catkin_ws/install/omo_r1mini_interfaces/share/omo_r1mini_interfaces/local_setup.bash
[0.977s] -- Up-to-date symlink: /root/catkin_ws/install/omo_r1mini_interfaces/share/omo_r1mini_interfaces/local_setup.sh
[0.977s] -- Up-to-date symlink: /root/catkin_ws/install/omo_r1mini_interfaces/share/omo_r1mini_interfaces/local_setup.zsh
[0.977s] -- Up-to-date symlink: /root/catkin_ws/install/omo_r1mini_interfaces/share/omo_r1mini_interfaces/local_setup.dsv
[0.977s] -- Symlinking: /root/catkin_ws/install/omo_r1mini_interfaces/share/omo_r1mini_interfaces/package.dsv
[0.977s] -- Up-to-date symlink: /root/catkin_ws/install/omo_r1mini_interfaces/share/ament_index/resource_index/packages/omo_r1mini_interfaces
[0.977s] -- Up-to-date symlink: /root/catkin_ws/install/omo_r1mini_interfaces/share/omo_r1mini_interfaces/cmake/rosidl_cmake-extras.cmake
[0.977s] -- Up-to-date symlink: /root/catkin_ws/install/omo_r1mini_interfaces/share/omo_r1mini_interfaces/cmake/ament_cmake_export_dependencies-extras.cmake
[0.977s] -- Up-to-date symlink: /root/catkin_ws/install/omo_r1mini_interfaces/share/omo_r1mini_interfaces/cmake/ament_cmake_export_libraries-extras.cmake
[0.978s] -- Up-to-date symlink: /root/catkin_ws/install/omo_r1mini_interfaces/share/omo_r1mini_interfaces/cmake/ament_cmake_export_targets-extras.cmake
[0.978s] -- Up-to-date symlink: /root/catkin_ws/install/omo_r1mini_interfaces/share/omo_r1mini_interfaces/cmake/ament_cmake_export_include_directories-extras.cmake
[0.978s] -- Up-to-date symlink: /root/catkin_ws/install/omo_r1mini_interfaces/share/omo_r1mini_interfaces/cmake/rosidl_cmake_export_typesupport_libraries-extras.cmake
[0.978s] -- Up-to-date symlink: /root/catkin_ws/install/omo_r1mini_interfaces/share/omo_r1mini_interfaces/cmake/rosidl_cmake_export_typesupport_targets-extras.cmake
[0.978s] -- Up-to-date symlink: /root/catkin_ws/install/omo_r1mini_interfaces/share/omo_r1mini_interfaces/cmake/omo_r1mini_interfacesConfig.cmake
[0.978s] -- Up-to-date symlink: /root/catkin_ws/install/omo_r1mini_interfaces/share/omo_r1mini_interfaces/cmake/omo_r1mini_interfacesConfig-version.cmake
[0.978s] -- Up-to-date symlink: /root/catkin_ws/install/omo_r1mini_interfaces/share/omo_r1mini_interfaces/package.xml
[0.979s] -- Up-to-date: /root/catkin_ws/install/omo_r1mini_interfaces/lib/libomo_r1mini_interfaces__rosidl_generator_c.so
[0.979s] -- Up-to-date: /root/catkin_ws/install/omo_r1mini_interfaces/lib/libomo_r1mini_interfaces__rosidl_typesupport_introspection_c.so
[0.979s] -- Up-to-date: /root/catkin_ws/install/omo_r1mini_interfaces/lib/libomo_r1mini_interfaces__rosidl_typesupport_c.so
[0.979s] -- Up-to-date: /root/catkin_ws/install/omo_r1mini_interfaces/lib/libomo_r1mini_interfaces__rosidl_typesupport_introspection_cpp.so
[0.979s] -- Up-to-date: /root/catkin_ws/install/omo_r1mini_interfaces/lib/libomo_r1mini_interfaces__rosidl_typesupport_cpp.so
[1.037s] -- Up-to-date: /root/catkin_ws/install/omo_r1mini_interfaces/share/omo_r1mini_interfaces/cmake/omo_r1mini_interfaces__rosidl_generator_cExport.cmake
[1.037s] -- Up-to-date: /root/catkin_ws/install/omo_r1mini_interfaces/share/omo_r1mini_interfaces/cmake/omo_r1mini_interfaces__rosidl_generator_cExport-noconfig.cmake
[1.038s] -- Up-to-date: /root/catkin_ws/install/omo_r1mini_interfaces/share/omo_r1mini_interfaces/cmake/omo_r1mini_interfaces__rosidl_typesupport_introspection_cExport.cmake
[1.038s] -- Up-to-date: /root/catkin_ws/install/omo_r1mini_interfaces/share/omo_r1mini_interfaces/cmake/omo_r1mini_interfaces__rosidl_typesupport_introspection_cExport-noconfig.cmake
[1.038s] -- Up-to-date: /root/catkin_ws/install/omo_r1mini_interfaces/share/omo_r1mini_interfaces/cmake/omo_r1mini_interfaces__rosidl_typesupport_cExport.cmake
[1.038s] -- Up-to-date: /root/catkin_ws/install/omo_r1mini_interfaces/share/omo_r1mini_interfaces/cmake/omo_r1mini_interfaces__rosidl_typesupport_cExport-noconfig.cmake
[1.038s] -- Up-to-date: /root/catkin_ws/install/omo_r1mini_interfaces/share/omo_r1mini_interfaces/cmake/omo_r1mini_interfaces__rosidl_generator_cppExport.cmake
[1.039s] -- Up-to-date: /root/catkin_ws/install/omo_r1mini_interfaces/share/omo_r1mini_interfaces/cmake/omo_r1mini_interfaces__rosidl_typesupport_introspection_cppExport.cmake
[1.041s] -- Up-to-date: /root/catkin_ws/install/omo_r1mini_interfaces/share/omo_r1mini_interfaces/cmake/omo_r1mini_interfaces__rosidl_typesupport_introspection_cppExport-noconfig.cmake
[1.041s] -- Up-to-date: /root/catkin_ws/install/omo_r1mini_interfaces/share/omo_r1mini_interfaces/cmake/omo_r1mini_interfaces__rosidl_typesupport_cppExport.cmake
[1.041s] -- Up-to-date: /root/catkin_ws/install/omo_r1mini_interfaces/share/omo_r1mini_interfaces/cmake/omo_r1mini_interfaces__rosidl_typesupport_cppExport-noconfig.cmake
[1.126s] Invoked command in '/root/catkin_ws/build/omo_r1mini_interfaces' returned '0': CMAKE_PREFIX_PATH=${CMAKE_PREFIX_PATH}:/root/catkin_ws/install/topic_service_action_rclpy_example:/root/catkin_ws/install/time_rclpy_example:/root/catkin_ws/install/tf2_rclpy_example:/root/catkin_ws/install/ros2env:/root/catkin_ws/install/omo_r1mini_teleop:/root/catkin_ws/install/omo_r1mini_bringup:/root/catkin_ws/install/my_first_ros_rclpy_pkg:/root/catkin_ws/install/logging_rclpy_example:/root/catkin_ws/install/iahrs_driver:/root/install/topic_service_action_rclpy_example:/root/install/time_rclpy_example:/root/install/tf2_rclpy_example:/root/install/ros2env:/root/install/omo_r1mini_teleop:/root/install/omo_r1mini_bringup:/root/install/my_first_ros_rclpy_pkg:/root/install/logging_rclpy_example:/opt/ros/foxy /usr/bin/cmake --install /root/catkin_ws/build/omo_r1mini_interfaces
