[0.137s] Invoking command in '/root/catkin_ws/build/robot_localization': CMAKE_PREFIX_PATH=${CMAKE_PREFIX_PATH}:/root/catkin_ws/install/topic_service_action_rclpy_example:/root/catkin_ws/install/time_rclpy_example:/root/catkin_ws/install/tf2_rclpy_example:/root/catkin_ws/install/ros2env:/root/catkin_ws/install/omo_r1mini_teleop:/root/catkin_ws/install/omo_r1mini_bringup:/root/catkin_ws/install/my_first_ros_rclpy_pkg:/root/catkin_ws/install/logging_rclpy_example:/root/catkin_ws/install/iahrs_driver:/root/install/topic_service_action_rclpy_example:/root/install/time_rclpy_example:/root/install/tf2_rclpy_example:/root/install/ros2env:/root/install/omo_r1mini_teleop:/root/install/omo_r1mini_bringup:/root/install/my_first_ros_rclpy_pkg:/root/install/logging_rclpy_example:/opt/ros/foxy /usr/bin/cmake /root/catkin_ws/src/robot_localization -DAMENT_CMAKE_SYMLINK_INSTALL=1 -DCMAKE_INSTALL_PREFIX=/root/catkin_ws/install/robot_localization
[1.077s] -- The C compiler identification is GNU 9.4.0
[1.212s] -- The CXX compiler identification is GNU 9.4.0
[1.222s] -- Check for working C compiler: /usr/bin/cc
[1.343s] -- Check for working C compiler: /usr/bin/cc -- works
[1.343s] -- Detecting C compiler ABI info
[1.431s] -- Detecting C compiler ABI info - done
[1.443s] -- Detecting C compile features
[1.447s] -- Detecting C compile features - done
[1.447s] -- Check for working CXX compiler: /usr/bin/c++
[1.533s] -- Check for working CXX compiler: /usr/bin/c++ -- works
[1.533s] -- Detecting CXX compiler ABI info
[1.621s] -- Detecting CXX compiler ABI info - done
[1.633s] -- Detecting CXX compile features
[1.633s] -- Detecting CXX compile features - done
[1.634s] -- robot_localization: You did not request a specific build type: selecting 'RelWithDebInfo'.
[1.646s] -- Found ament_cmake: 0.9.11 (/opt/ros/foxy/share/ament_cmake/cmake)
[1.732s] -- Found PythonInterp: /usr/bin/python3 (found suitable version "3.8.10", minimum required is "3") 
[1.732s] -- Using PYTHON_EXECUTABLE: /usr/bin/python3
[1.943s] -- Override CMake install command with custom implementation using symlinks instead of copying resources
[2.086s] -- Found rclcpp: 2.4.2 (/opt/ros/foxy/share/rclcpp/cmake)
[2.268s] -- Using all available rosidl_typesupport_c: rosidl_typesupport_fastrtps_c;rosidl_typesupport_introspection_c
[2.303s] -- Found rosidl_adapter: 1.3.0 (/opt/ros/foxy/share/rosidl_adapter/cmake)
[2.547s] -- Found OpenSSL: /usr/lib/x86_64-linux-gnu/libcrypto.so (found version "1.1.1f")  
[2.618s] -- Found FastRTPS: /opt/ros/foxy/include  
[2.797s] -- Using all available rosidl_typesupport_cpp: rosidl_typesupport_fastrtps_cpp;rosidl_typesupport_introspection_cpp
[2.942s] -- Found rmw_implementation_cmake: 1.0.4 (/opt/ros/foxy/share/rmw_implementation_cmake/cmake)
[2.950s] -- Using RMW implementation 'rmw_fastrtps_cpp' as default
[2.954s] -- Looking for pthread.h
[3.056s] -- Looking for pthread.h - found
[3.056s] -- Performing Test CMAKE_HAVE_LIBC_PTHREAD
[3.129s] -- Performing Test CMAKE_HAVE_LIBC_PTHREAD - Failed
[3.129s] -- Looking for pthread_create in pthreads
[3.183s] -- Looking for pthread_create in pthreads - not found
[3.184s] -- Looking for pthread_create in pthread
[3.270s] -- Looking for pthread_create in pthread - found
[3.270s] -- Found Threads: TRUE  
[3.571s] -- Found diagnostic_msgs: 2.0.5 (/opt/ros/foxy/share/diagnostic_msgs/cmake)
[3.626s] -- Found diagnostic_updater: 3.1.0 (/opt/ros/foxy/share/diagnostic_updater/cmake)
[3.679s] -- Found geographic_msgs: 1.0.4 (/opt/ros/foxy/share/geographic_msgs/cmake)
[4.023s] -- Found nav_msgs: 2.0.5 (/opt/ros/foxy/share/nav_msgs/cmake)
[4.154s] -- Found rosidl_default_generators: 1.0.1 (/opt/ros/foxy/share/rosidl_default_generators/cmake)
[4.217s] -- Found sensor_msgs: 2.0.5 (/opt/ros/foxy/share/sensor_msgs/cmake)
[4.384s] -- Found std_srvs: 2.0.5 (/opt/ros/foxy/share/std_srvs/cmake)
[4.435s] -- Found tf2: 0.13.14 (/opt/ros/foxy/share/tf2/cmake)
[4.464s] -- Found tf2_eigen: 0.13.14 (/opt/ros/foxy/share/tf2_eigen/cmake)
[4.983s] -- Found tf2_geometry_msgs: 0.13.14 (/opt/ros/foxy/share/tf2_geometry_msgs/cmake)
[5.000s] -- Found Eigen3: TRUE (found version "3.3.7") 
[5.060s] -- Found Boost: /usr/lib/x86_64-linux-gnu/cmake/Boost-1.71.0/BoostConfig.cmake (found version "1.71.0")  
[5.076s] -- Found yaml_cpp_vendor: 7.0.3 (/opt/ros/foxy/share/yaml_cpp_vendor/cmake)
[5.076s] -- Setting yaml-cpp_DIR to: '/opt/ros/foxy/share/yaml_cpp_vendor/cmake/../../../opt/yaml_cpp_vendor/lib/cmake/yaml-cpp'
[5.083s] -- Found GeographicLib: /usr/lib/x86_64-linux-gnu  
[5.128s] -- Found PythonInterp: /usr/bin/python3 (found version "3.8.10") 
[5.405s] -- Found ament_cmake_cppcheck: 0.9.8 (/opt/ros/foxy/share/ament_cmake_cppcheck/cmake)
[5.414s] -- Found ament_cmake_cpplint: 0.9.8 (/opt/ros/foxy/share/ament_cmake_cpplint/cmake)
[5.425s] -- Found ament_cmake_uncrustify: 0.9.8 (/opt/ros/foxy/share/ament_cmake_uncrustify/cmake)
[5.435s] -- Found ament_cmake_ros: 0.9.2 (/opt/ros/foxy/share/ament_cmake_ros/cmake)
[5.825s] -- Using all available rosidl_typesupport_c: rosidl_typesupport_fastrtps_c;rosidl_typesupport_introspection_c
[5.989s] -- Using all available rosidl_typesupport_cpp: rosidl_typesupport_fastrtps_cpp;rosidl_typesupport_introspection_cpp
[6.049s] -- Found PythonInterp: /usr/bin/python3 (found suitable version "3.8.10", minimum required is "3.5") 
[6.057s] -- Found python_cmake_module: 0.8.1 (/opt/ros/foxy/share/python_cmake_module/cmake)
[6.108s] -- Found PythonLibs: /usr/lib/x86_64-linux-gnu/libpython3.8.so (found suitable version "3.8.10", minimum required is "3.5") 
[6.108s] -- Using PYTHON_EXECUTABLE: /usr/bin/python3
[6.108s] -- Using PYTHON_INCLUDE_DIRS: /usr/include/python3.8
[6.108s] -- Using PYTHON_LIBRARIES: /usr/lib/x86_64-linux-gnu/libpython3.8.so
[6.148s] -- Found PythonExtra: .so  
[6.308s] -- Found ament_cmake_flake8: 0.9.8 (/opt/ros/foxy/share/ament_cmake_flake8/cmake)
[6.318s] -- Found ament_cmake_pep257: 0.9.8 (/opt/ros/foxy/share/ament_cmake_pep257/cmake)
[6.355s] -- Found ament_cmake_lint_cmake: 0.9.8 (/opt/ros/foxy/share/ament_cmake_lint_cmake/cmake)
[6.364s] -- Found launch_testing_ament_cmake: 0.10.10 (/opt/ros/foxy/share/launch_testing_ament_cmake/cmake)
[6.405s] -- Using PYTHON_EXECUTABLE: /usr/bin/python3
[6.405s] -- Using PYTHON_INCLUDE_DIRS: /usr/include/python3.8
[6.405s] -- Using PYTHON_LIBRARIES: /usr/lib/x86_64-linux-gnu/libpython3.8.so
[6.415s] -- Found gtest sources under '/opt/ros/foxy/src/gtest_vendor': C++ tests using 'Google Test' will be built
[6.419s] -- Check if compiler accepts -pthread
[6.477s] -- Check if compiler accepts -pthread - yes
[6.514s] -- Configuring done
[6.845s] -- Generating done
[6.849s] -- Build files have been written to: /root/catkin_ws/build/robot_localization
[6.859s] Invoked command in '/root/catkin_ws/build/robot_localization' returned '0': CMAKE_PREFIX_PATH=${CMAKE_PREFIX_PATH}:/root/catkin_ws/install/topic_service_action_rclpy_example:/root/catkin_ws/install/time_rclpy_example:/root/catkin_ws/install/tf2_rclpy_example:/root/catkin_ws/install/ros2env:/root/catkin_ws/install/omo_r1mini_teleop:/root/catkin_ws/install/omo_r1mini_bringup:/root/catkin_ws/install/my_first_ros_rclpy_pkg:/root/catkin_ws/install/logging_rclpy_example:/root/catkin_ws/install/iahrs_driver:/root/install/topic_service_action_rclpy_example:/root/install/time_rclpy_example:/root/install/tf2_rclpy_example:/root/install/ros2env:/root/install/omo_r1mini_teleop:/root/install/omo_r1mini_bringup:/root/install/my_first_ros_rclpy_pkg:/root/install/logging_rclpy_example:/opt/ros/foxy /usr/bin/cmake /root/catkin_ws/src/robot_localization -DAMENT_CMAKE_SYMLINK_INSTALL=1 -DCMAKE_INSTALL_PREFIX=/root/catkin_ws/install/robot_localization
[6.862s] Invoking command in '/root/catkin_ws/build/robot_localization': CMAKE_PREFIX_PATH=${CMAKE_PREFIX_PATH}:/root/catkin_ws/install/topic_service_action_rclpy_example:/root/catkin_ws/install/time_rclpy_example:/root/catkin_ws/install/tf2_rclpy_example:/root/catkin_ws/install/ros2env:/root/catkin_ws/install/omo_r1mini_teleop:/root/catkin_ws/install/omo_r1mini_bringup:/root/catkin_ws/install/my_first_ros_rclpy_pkg:/root/catkin_ws/install/logging_rclpy_example:/root/catkin_ws/install/iahrs_driver:/root/install/topic_service_action_rclpy_example:/root/install/time_rclpy_example:/root/install/tf2_rclpy_example:/root/install/ros2env:/root/install/omo_r1mini_teleop:/root/install/omo_r1mini_bringup:/root/install/my_first_ros_rclpy_pkg:/root/install/logging_rclpy_example:/opt/ros/foxy /usr/bin/cmake --build /root/catkin_ws/build/robot_localization -- -j12 -l12
[6.902s] [35m[1mScanning dependencies of target gtest[0m
[6.902s] [35m[1mScanning dependencies of target gtest_main[0m
[6.902s] [35m[1mScanning dependencies of target robot_localization__cpp[0m
[6.906s] [  1%] [34m[1mGenerating C code for ROS interfaces[0m
[6.926s] [  2%] [34m[1mGenerating C++ code for ROS interfaces[0m
[7.000s] [  4%] [32mBuilding CXX object gtest/CMakeFiles/gtest_main.dir/src/gtest_main.cc.o[0m
[7.000s] [  4%] [32mBuilding CXX object gtest/CMakeFiles/gtest.dir/src/gtest-all.cc.o[0m
[7.473s] [  4%] Built target robot_localization__cpp
[7.487s] [  6%] [34m[1mGenerating C++ type support dispatch for ROS interfaces[0m
[7.487s] [  6%] [34m[1mGenerating C++ type support for eProsima Fast-RTPS[0m
[7.491s] [  7%] [34m[1mGenerating C++ introspection for ROS interfaces[0m
[7.580s] [35m[1mScanning dependencies of target robot_localization__rosidl_generator_c[0m
[7.617s] [  8%] [32mBuilding C object CMakeFiles/robot_localization__rosidl_generator_c.dir/rosidl_generator_c/robot_localization/srv/detail/set_pose__functions.c.o[0m
[7.619s] [  9%] [32mBuilding C object CMakeFiles/robot_localization__rosidl_generator_c.dir/rosidl_generator_c/robot_localization/srv/detail/from_ll__functions.c.o[0m
[7.619s] [  9%] [32mBuilding C object CMakeFiles/robot_localization__rosidl_generator_c.dir/rosidl_generator_c/robot_localization/srv/detail/get_state__functions.c.o[0m
[7.620s] [ 11%] [32mBuilding C object CMakeFiles/robot_localization__rosidl_generator_c.dir/rosidl_generator_c/robot_localization/srv/detail/to_ll__functions.c.o[0m
[7.620s] [ 11%] [32mBuilding C object CMakeFiles/robot_localization__rosidl_generator_c.dir/rosidl_generator_c/robot_localization/srv/detail/toggle_filter_processing__functions.c.o[0m
[7.620s] [ 12%] [32mBuilding C object CMakeFiles/robot_localization__rosidl_generator_c.dir/rosidl_generator_c/robot_localization/srv/detail/set_datum__functions.c.o[0m
[7.863s] [ 13%] [32m[1mLinking C shared library librobot_localization__rosidl_generator_c.so[0m
[7.939s] [ 13%] Built target robot_localization__rosidl_generator_c
[7.957s] [ 15%] [34m[1mGenerating C type support dispatch for ROS interfaces[0m
[7.957s] [ 15%] [34m[1mGenerating C introspection for ROS interfaces[0m
[8.041s] [35m[1mScanning dependencies of target robot_localization__rosidl_typesupport_cpp[0m
[8.081s] [ 16%] [32m[1mLinking CXX static library libgtest_main.a[0m
[8.081s] [ 16%] [32mBuilding CXX object CMakeFiles/robot_localization__rosidl_typesupport_cpp.dir/rosidl_typesupport_cpp/robot_localization/srv/from_ll__type_support.cpp.o[0m
[8.082s] [ 17%] [32mBuilding CXX object CMakeFiles/robot_localization__rosidl_typesupport_cpp.dir/rosidl_typesupport_cpp/robot_localization/srv/get_state__type_support.cpp.o[0m
[8.082s] [ 18%] [32mBuilding CXX object CMakeFiles/robot_localization__rosidl_typesupport_cpp.dir/rosidl_typesupport_cpp/robot_localization/srv/set_pose__type_support.cpp.o[0m
[8.083s] [ 19%] [32mBuilding CXX object CMakeFiles/robot_localization__rosidl_typesupport_cpp.dir/rosidl_typesupport_cpp/robot_localization/srv/toggle_filter_processing__type_support.cpp.o[0m
[8.085s] [ 19%] [32mBuilding CXX object CMakeFiles/robot_localization__rosidl_typesupport_cpp.dir/rosidl_typesupport_cpp/robot_localization/srv/to_ll__type_support.cpp.o[0m
[8.085s] [ 20%] [32mBuilding CXX object CMakeFiles/robot_localization__rosidl_typesupport_cpp.dir/rosidl_typesupport_cpp/robot_localization/srv/set_datum__type_support.cpp.o[0m
[8.175s] [ 20%] Built target gtest_main
[8.276s] [35m[1mScanning dependencies of target robot_localization__rosidl_typesupport_introspection_cpp[0m
[8.352s] [ 20%] [32mBuilding CXX object CMakeFiles/robot_localization__rosidl_typesupport_introspection_cpp.dir/rosidl_typesupport_introspection_cpp/robot_localization/srv/detail/from_ll__type_support.cpp.o[0m
[8.365s] [ 21%] [32mBuilding CXX object CMakeFiles/robot_localization__rosidl_typesupport_introspection_cpp.dir/rosidl_typesupport_introspection_cpp/robot_localization/srv/detail/get_state__type_support.cpp.o[0m
[8.585s] [35m[1mScanning dependencies of target robot_localization__rosidl_typesupport_fastrtps_cpp[0m
[8.589s] [ 22%] [32mBuilding CXX object CMakeFiles/robot_localization__rosidl_typesupport_introspection_cpp.dir/rosidl_typesupport_introspection_cpp/robot_localization/srv/detail/set_datum__type_support.cpp.o[0m
[8.615s] [ 23%] [32mBuilding CXX object CMakeFiles/robot_localization__rosidl_typesupport_introspection_cpp.dir/rosidl_typesupport_introspection_cpp/robot_localization/srv/detail/toggle_filter_processing__type_support.cpp.o[0m
[8.615s] [ 24%] [32mBuilding CXX object CMakeFiles/robot_localization__rosidl_typesupport_introspection_cpp.dir/rosidl_typesupport_introspection_cpp/robot_localization/srv/detail/set_pose__type_support.cpp.o[0m
[8.620s] [ 25%] [32mBuilding CXX object CMakeFiles/robot_localization__rosidl_typesupport_introspection_cpp.dir/rosidl_typesupport_introspection_cpp/robot_localization/srv/detail/to_ll__type_support.cpp.o[0m
[8.665s] [ 26%] [32mBuilding CXX object CMakeFiles/robot_localization__rosidl_typesupport_fastrtps_cpp.dir/rosidl_typesupport_fastrtps_cpp/robot_localization/srv/detail/dds_fastrtps/get_state__type_support.cpp.o[0m
[8.671s] [ 27%] [32mBuilding CXX object CMakeFiles/robot_localization__rosidl_typesupport_fastrtps_cpp.dir/rosidl_typesupport_fastrtps_cpp/robot_localization/srv/detail/dds_fastrtps/from_ll__type_support.cpp.o[0m
[8.693s] [ 28%] [32m[1mLinking CXX shared library librobot_localization__rosidl_typesupport_cpp.so[0m
[8.776s] [ 28%] Built target robot_localization__rosidl_typesupport_cpp
[8.793s] [ 29%] [32mBuilding CXX object CMakeFiles/robot_localization__rosidl_typesupport_fastrtps_cpp.dir/rosidl_typesupport_fastrtps_cpp/robot_localization/srv/detail/dds_fastrtps/set_datum__type_support.cpp.o[0m
[8.830s] [35m[1mScanning dependencies of target robot_localization__rosidl_typesupport_c[0m
[8.870s] [ 29%] [32mBuilding CXX object CMakeFiles/robot_localization__rosidl_typesupport_c.dir/rosidl_typesupport_c/robot_localization/srv/from_ll__type_support.cpp.o[0m
[8.921s] [ 29%] [32mBuilding CXX object CMakeFiles/robot_localization__rosidl_typesupport_fastrtps_cpp.dir/rosidl_typesupport_fastrtps_cpp/robot_localization/srv/detail/dds_fastrtps/set_pose__type_support.cpp.o[0m
[8.928s] [ 30%] [32mBuilding CXX object CMakeFiles/robot_localization__rosidl_typesupport_c.dir/rosidl_typesupport_c/robot_localization/srv/get_state__type_support.cpp.o[0m
[8.987s] [ 31%] [32mBuilding CXX object CMakeFiles/robot_localization__rosidl_typesupport_c.dir/rosidl_typesupport_c/robot_localization/srv/set_datum__type_support.cpp.o[0m
[9.051s] [ 32%] [32mBuilding CXX object CMakeFiles/robot_localization__rosidl_typesupport_c.dir/rosidl_typesupport_c/robot_localization/srv/set_pose__type_support.cpp.o[0m
[9.055s] [ 33%] [32mBuilding CXX object CMakeFiles/robot_localization__rosidl_typesupport_c.dir/rosidl_typesupport_c/robot_localization/srv/toggle_filter_processing__type_support.cpp.o[0m
[9.059s] [35m[1mScanning dependencies of target robot_localization__rosidl_typesupport_introspection_c[0m
[9.116s] [ 35%] [32mBuilding CXX object CMakeFiles/robot_localization__rosidl_typesupport_c.dir/rosidl_typesupport_c/robot_localization/srv/to_ll__type_support.cpp.o[0m
[9.116s] [ 35%] [32mBuilding CXX object CMakeFiles/robot_localization__rosidl_typesupport_fastrtps_cpp.dir/rosidl_typesupport_fastrtps_cpp/robot_localization/srv/detail/dds_fastrtps/toggle_filter_processing__type_support.cpp.o[0m
[9.127s] [ 36%] [32mBuilding CXX object CMakeFiles/robot_localization__rosidl_typesupport_fastrtps_cpp.dir/rosidl_typesupport_fastrtps_cpp/robot_localization/srv/detail/dds_fastrtps/to_ll__type_support.cpp.o[0m
[9.130s] [ 37%] [32mBuilding C object CMakeFiles/robot_localization__rosidl_typesupport_introspection_c.dir/rosidl_typesupport_introspection_c/robot_localization/srv/detail/from_ll__type_support.c.o[0m
[9.144s] [ 38%] [32mBuilding C object CMakeFiles/robot_localization__rosidl_typesupport_introspection_c.dir/rosidl_typesupport_introspection_c/robot_localization/srv/detail/get_state__type_support.c.o[0m
[9.177s] [ 38%] [32mBuilding C object CMakeFiles/robot_localization__rosidl_typesupport_introspection_c.dir/rosidl_typesupport_introspection_c/robot_localization/srv/detail/set_datum__type_support.c.o[0m
[9.200s] [ 39%] [32m[1mLinking CXX shared library librobot_localization__rosidl_typesupport_c.so[0m
[9.202s] [ 40%] [32m[1mLinking CXX shared library librobot_localization__rosidl_typesupport_introspection_cpp.so[0m
[9.222s] [ 41%] [32mBuilding C object CMakeFiles/robot_localization__rosidl_typesupport_introspection_c.dir/rosidl_typesupport_introspection_c/robot_localization/srv/detail/set_pose__type_support.c.o[0m
[9.247s] [ 42%] [32mBuilding C object CMakeFiles/robot_localization__rosidl_typesupport_introspection_c.dir/rosidl_typesupport_introspection_c/robot_localization/srv/detail/toggle_filter_processing__type_support.c.o[0m
[9.273s] [ 43%] [32mBuilding C object CMakeFiles/robot_localization__rosidl_typesupport_introspection_c.dir/rosidl_typesupport_introspection_c/robot_localization/srv/detail/to_ll__type_support.c.o[0m
[9.301s] [ 43%] Built target robot_localization__rosidl_typesupport_c
[9.342s] [ 43%] Built target robot_localization__rosidl_typesupport_introspection_cpp
[9.346s] [ 44%] [32m[1mLinking C shared library librobot_localization__rosidl_typesupport_introspection_c.so[0m
[9.398s] [ 44%] Built target robot_localization__rosidl_typesupport_introspection_c
[9.711s] [ 45%] [32m[1mLinking CXX shared library librobot_localization__rosidl_typesupport_fastrtps_cpp.so[0m
[9.807s] [ 45%] Built target robot_localization__rosidl_typesupport_fastrtps_cpp
[9.818s] [ 46%] [34m[1mGenerating C type support for eProsima Fast-RTPS[0m
[10.306s] [35m[1mScanning dependencies of target robot_localization__rosidl_typesupport_fastrtps_c[0m
[10.354s] [ 47%] [32mBuilding CXX object CMakeFiles/robot_localization__rosidl_typesupport_fastrtps_c.dir/rosidl_typesupport_fastrtps_c/robot_localization/srv/detail/from_ll__type_support_c.cpp.o[0m
[10.355s] [ 48%] [32mBuilding CXX object CMakeFiles/robot_localization__rosidl_typesupport_fastrtps_c.dir/rosidl_typesupport_fastrtps_c/robot_localization/srv/detail/set_datum__type_support_c.cpp.o[0m
[10.355s] [ 49%] [32mBuilding CXX object CMakeFiles/robot_localization__rosidl_typesupport_fastrtps_c.dir/rosidl_typesupport_fastrtps_c/robot_localization/srv/detail/set_pose__type_support_c.cpp.o[0m
[10.355s] [ 50%] [32mBuilding CXX object CMakeFiles/robot_localization__rosidl_typesupport_fastrtps_c.dir/rosidl_typesupport_fastrtps_c/robot_localization/srv/detail/toggle_filter_processing__type_support_c.cpp.o[0m
[10.355s] [ 51%] [32mBuilding CXX object CMakeFiles/robot_localization__rosidl_typesupport_fastrtps_c.dir/rosidl_typesupport_fastrtps_c/robot_localization/srv/detail/get_state__type_support_c.cpp.o[0m
[10.361s] [ 51%] [32mBuilding CXX object CMakeFiles/robot_localization__rosidl_typesupport_fastrtps_c.dir/rosidl_typesupport_fastrtps_c/robot_localization/srv/detail/to_ll__type_support_c.cpp.o[0m
[10.999s] [ 52%] [32m[1mLinking CXX shared library librobot_localization__rosidl_typesupport_fastrtps_c.so[0m
[11.088s] [ 52%] Built target robot_localization__rosidl_typesupport_fastrtps_c
[11.098s] [35m[1mScanning dependencies of target robot_localization[0m
[11.108s] [ 52%] Built target robot_localization
[11.119s] [35m[1mScanning dependencies of target rl_lib[0m
[11.119s] [35m[1mScanning dependencies of target robot_localization__py[0m
[11.130s] [ 53%] [34m[1mGenerating Python code for ROS interfaces[0m
[11.653s] [ 54%] [32mBuilding CXX object CMakeFiles/rl_lib.dir/src/filter_base.cpp.o[0m
[11.653s] [ 55%] [32mBuilding CXX object CMakeFiles/rl_lib.dir/src/ukf.cpp.o[0m
[11.655s] [ 56%] [32mBuilding CXX object CMakeFiles/rl_lib.dir/src/ekf.cpp.o[0m
[11.656s] [ 57%] [32mBuilding CXX object CMakeFiles/rl_lib.dir/src/filter_utilities.cpp.o[0m
[11.665s] [ 57%] [32mBuilding CXX object CMakeFiles/rl_lib.dir/src/robot_localization_estimator.cpp.o[0m
[11.666s] [ 58%] [32mBuilding CXX object CMakeFiles/rl_lib.dir/src/ros_filter.cpp.o[0m
[11.668s] [ 59%] [32mBuilding CXX object CMakeFiles/rl_lib.dir/src/ros_filter_utilities.cpp.o[0m
[11.671s] [ 60%] [32mBuilding CXX object CMakeFiles/rl_lib.dir/src/navsat_transform.cpp.o[0m
[11.672s] [ 61%] [32mBuilding CXX object CMakeFiles/rl_lib.dir/src/ros_robot_localization_listener.cpp.o[0m
[12.956s] [ 61%] Built target robot_localization__py
[13.003s] [35m[1mScanning dependencies of target robot_localization__python[0m
[13.187s] [ 61%] [32mBuilding C object CMakeFiles/robot_localization__python.dir/rosidl_generator_py/robot_localization/srv/_get_state_s.c.o[0m
[13.220s] [ 62%] [32mBuilding C object CMakeFiles/robot_localization__python.dir/rosidl_generator_py/robot_localization/srv/_from_ll_s.c.o[0m
[13.560s] [ 63%] [32mBuilding C object CMakeFiles/robot_localization__python.dir/rosidl_generator_py/robot_localization/srv/_set_datum_s.c.o[0m
[13.616s] [ 64%] [32mBuilding C object CMakeFiles/robot_localization__python.dir/rosidl_generator_py/robot_localization/srv/_set_pose_s.c.o[0m
[13.634s] [ 65%] [32mBuilding C object CMakeFiles/robot_localization__python.dir/rosidl_generator_py/robot_localization/srv/_toggle_filter_processing_s.c.o[0m
[13.798s] [ 66%] [32mBuilding C object CMakeFiles/robot_localization__python.dir/rosidl_generator_py/robot_localization/srv/_to_ll_s.c.o[0m
[14.032s] [ 67%] [32m[1mLinking C shared library rosidl_generator_py/robot_localization/librobot_localization__python.so[0m
[14.132s] [ 67%] Built target robot_localization__python
[14.162s] [35m[1mScanning dependencies of target robot_localization__rosidl_typesupport_introspection_c__pyext[0m
[14.171s] [35m[1mScanning dependencies of target robot_localization__rosidl_typesupport_fastrtps_c__pyext[0m
[14.171s] [35m[1mScanning dependencies of target robot_localization__rosidl_typesupport_c__pyext[0m
[14.242s] [ 68%] [32mBuilding C object CMakeFiles/robot_localization__rosidl_typesupport_introspection_c__pyext.dir/rosidl_generator_py/robot_localization/_robot_localization_s.ep.rosidl_typesupport_introspection_c.c.o[0m
[14.272s] [ 69%] [32mBuilding C object CMakeFiles/robot_localization__rosidl_typesupport_fastrtps_c__pyext.dir/rosidl_generator_py/robot_localization/_robot_localization_s.ep.rosidl_typesupport_fastrtps_c.c.o[0m
[14.276s] [ 70%] [32mBuilding C object CMakeFiles/robot_localization__rosidl_typesupport_c__pyext.dir/rosidl_generator_py/robot_localization/_robot_localization_s.ep.rosidl_typesupport_c.c.o[0m
[14.745s] [ 71%] [32m[1mLinking C shared library rosidl_generator_py/robot_localization/robot_localization_s__rosidl_typesupport_introspection_c.cpython-38-x86_64-linux-gnu.so[0m
[14.773s] [ 72%] [32m[1mLinking CXX shared library rosidl_generator_py/robot_localization/robot_localization_s__rosidl_typesupport_fastrtps_c.cpython-38-x86_64-linux-gnu.so[0m
[14.819s] [ 72%] Built target robot_localization__rosidl_typesupport_introspection_c__pyext
[14.836s] [ 72%] [32m[1mLinking C shared library rosidl_generator_py/robot_localization/robot_localization_s__rosidl_typesupport_c.cpython-38-x86_64-linux-gnu.so[0m
[14.909s] [ 72%] Built target robot_localization__rosidl_typesupport_c__pyext
[14.923s] [ 72%] Built target robot_localization__rosidl_typesupport_fastrtps_c__pyext
[22.809s] [ 73%] [32m[1mLinking CXX static library libgtest.a[0m
[24.160s] [ 73%] Built target gtest
[72.258s] [ 74%] [32m[1mLinking CXX shared library librl_lib.so[0m
[74.395s] [ 74%] Built target rl_lib
[74.421s] [35m[1mScanning dependencies of target ukf_node[0m
[74.421s] [35m[1mScanning dependencies of target test_navsat_transform[0m
[74.421s] [35m[1mScanning dependencies of target test_robot_localization_estimator[0m
[74.421s] [35m[1mScanning dependencies of target test_ros_robot_localization_listener[0m
[74.421s] [35m[1mScanning dependencies of target test_ros_robot_localization_listener_publisher[0m
[74.422s] [35m[1mScanning dependencies of target test_navsat_conversions[0m
[74.422s] [35m[1mScanning dependencies of target test_ekf[0m
[74.422s] [35m[1mScanning dependencies of target filter_base-test[0m
[74.422s] [35m[1mScanning dependencies of target navsat_transform_node[0m
[74.422s] [35m[1mScanning dependencies of target robot_localization_listener_node[0m
[74.422s] [35m[1mScanning dependencies of target ekf_node[0m
[74.423s] [35m[1mScanning dependencies of target test_ukf[0m
[74.449s] [ 74%] [32mBuilding CXX object CMakeFiles/test_navsat_conversions.dir/test/test_navsat_conversions.cpp.o[0m
[74.584s] [ 75%] [32mBuilding CXX object CMakeFiles/filter_base-test.dir/test/test_filter_base.cpp.o[0m
[74.633s] [ 76%] [32mBuilding CXX object CMakeFiles/test_navsat_transform.dir/test/test_navsat_transform.cpp.o[0m
[74.640s] [ 77%] [32mBuilding CXX object CMakeFiles/test_ros_robot_localization_listener_publisher.dir/test/test_ros_robot_localization_listener_publisher.cpp.o[0m
[74.640s] [ 77%] [32mBuilding CXX object CMakeFiles/test_robot_localization_estimator.dir/test/test_robot_localization_estimator.cpp.o[0m
[74.648s] [ 79%] [32mBuilding CXX object CMakeFiles/ukf_node.dir/src/ukf_node.cpp.o[0m
[74.648s] [ 79%] [32mBuilding CXX object CMakeFiles/robot_localization_listener_node.dir/src/robot_localization_listener_node.cpp.o[0m
[74.650s] [ 80%] [32mBuilding CXX object CMakeFiles/test_ros_robot_localization_listener.dir/test/test_ros_robot_localization_listener.cpp.o[0m
[74.653s] [ 81%] [32mBuilding CXX object CMakeFiles/navsat_transform_node.dir/src/navsat_transform_node.cpp.o[0m
[74.654s] [ 82%] [32mBuilding CXX object CMakeFiles/ekf_node.dir/src/ekf_node.cpp.o[0m
[74.655s] [ 82%] [32mBuilding CXX object CMakeFiles/test_ekf.dir/test/test_ekf.cpp.o[0m
[74.661s] [ 83%] [32mBuilding CXX object CMakeFiles/test_ukf.dir/test/test_ukf.cpp.o[0m
[76.252s] [ 84%] [32m[1mLinking CXX executable test_navsat_conversions[0m
[77.338s] [ 84%] Built target test_navsat_conversions
[79.237s] [ 85%] [32m[1mLinking CXX executable filter_base-test[0m
[79.734s] [ 86%] [32m[1mLinking CXX executable navsat_transform_node[0m
[79.839s] [ 86%] Built target filter_base-test
[80.029s] [ 86%] Built target navsat_transform_node
[81.283s] [ 87%] [32m[1mLinking CXX executable test_navsat_transform[0m
[81.583s] [ 87%] Built target test_navsat_transform
[82.050s] [ 88%] [32m[1mLinking CXX executable ekf_node[0m
[82.330s] [ 88%] Built target ekf_node
[82.404s] [35m[1mScanning dependencies of target test_ekf_localization_node_interfaces[0m
[82.404s] [35m[1mScanning dependencies of target test_filter_base_diagnostics_timestamps[0m
[82.496s] [ 89%] [32mBuilding CXX object CMakeFiles/test_ekf_localization_node_interfaces.dir/test/test_ekf_localization_node_interfaces.cpp.o[0m
[82.547s] [ 90%] [32mBuilding CXX object CMakeFiles/test_filter_base_diagnostics_timestamps.dir/test/test_filter_base_diagnostics_timestamps.cpp.o[0m
[82.650s] [ 90%] [32m[1mLinking CXX executable robot_localization_listener_node[0m
[82.716s] [ 91%] [32m[1mLinking CXX executable ukf_node[0m
[82.951s] [ 91%] Built target robot_localization_listener_node
[83.068s] [ 92%] [32m[1mLinking CXX executable test_robot_localization_estimator[0m
[83.113s] [ 92%] Built target ukf_node
[83.191s] [35m[1mScanning dependencies of target test_ukf_localization_node_interfaces[0m
[83.278s] [ 93%] [32mBuilding CXX object CMakeFiles/test_ukf_localization_node_interfaces.dir/test/test_ukf_localization_node_interfaces.cpp.o[0m
[83.480s] [ 93%] Built target test_robot_localization_estimator
[83.561s] [ 94%] [32m[1mLinking CXX executable test_ros_robot_localization_listener[0m
[83.953s] [ 94%] Built target test_ros_robot_localization_listener
[84.083s] [ 95%] [32m[1mLinking CXX executable test_ekf[0m
[84.435s] [ 95%] Built target test_ekf
[84.596s] [ 96%] [32m[1mLinking CXX executable test_ukf[0m
[84.926s] [ 96%] Built target test_ukf
[85.553s] [ 97%] [32m[1mLinking CXX executable test_ros_robot_localization_listener_publisher[0m
[85.754s] [ 97%] Built target test_ros_robot_localization_listener_publisher
[100.185s] [ 98%] [32m[1mLinking CXX executable test_filter_base_diagnostics_timestamps[0m
[100.612s] [ 98%] Built target test_filter_base_diagnostics_timestamps
[102.773s] [ 99%] [32m[1mLinking CXX executable test_ekf_localization_node_interfaces[0m
[103.477s] [ 99%] Built target test_ekf_localization_node_interfaces
[103.533s] [100%] [32m[1mLinking CXX executable test_ukf_localization_node_interfaces[0m
[103.953s] [100%] Built target test_ukf_localization_node_interfaces
[104.047s] Invoked command in '/root/catkin_ws/build/robot_localization' returned '0': CMAKE_PREFIX_PATH=${CMAKE_PREFIX_PATH}:/root/catkin_ws/install/topic_service_action_rclpy_example:/root/catkin_ws/install/time_rclpy_example:/root/catkin_ws/install/tf2_rclpy_example:/root/catkin_ws/install/ros2env:/root/catkin_ws/install/omo_r1mini_teleop:/root/catkin_ws/install/omo_r1mini_bringup:/root/catkin_ws/install/my_first_ros_rclpy_pkg:/root/catkin_ws/install/logging_rclpy_example:/root/catkin_ws/install/iahrs_driver:/root/install/topic_service_action_rclpy_example:/root/install/time_rclpy_example:/root/install/tf2_rclpy_example:/root/install/ros2env:/root/install/omo_r1mini_teleop:/root/install/omo_r1mini_bringup:/root/install/my_first_ros_rclpy_pkg:/root/install/logging_rclpy_example:/opt/ros/foxy /usr/bin/cmake --build /root/catkin_ws/build/robot_localization -- -j12 -l12
[104.250s] Invoking command in '/root/catkin_ws/build/robot_localization': CMAKE_PREFIX_PATH=${CMAKE_PREFIX_PATH}:/root/catkin_ws/install/topic_service_action_rclpy_example:/root/catkin_ws/install/time_rclpy_example:/root/catkin_ws/install/tf2_rclpy_example:/root/catkin_ws/install/ros2env:/root/catkin_ws/install/omo_r1mini_teleop:/root/catkin_ws/install/omo_r1mini_bringup:/root/catkin_ws/install/my_first_ros_rclpy_pkg:/root/catkin_ws/install/logging_rclpy_example:/root/catkin_ws/install/iahrs_driver:/root/install/topic_service_action_rclpy_example:/root/install/time_rclpy_example:/root/install/tf2_rclpy_example:/root/install/ros2env:/root/install/omo_r1mini_teleop:/root/install/omo_r1mini_bringup:/root/install/my_first_ros_rclpy_pkg:/root/install/logging_rclpy_example:/opt/ros/foxy /usr/bin/cmake --install /root/catkin_ws/build/robot_localization
[104.350s] -- Install configuration: "RelWithDebInfo"
[104.389s] -- Execute custom install script
[104.416s] -- Symlinking: /root/catkin_ws/install/robot_localization/share/ament_index/resource_index/rosidl_interfaces/robot_localization
[104.450s] -- Symlinking: /root/catkin_ws/install/robot_localization/include/robot_localization/msg/rosidl_generator_c__visibility_control.h
[104.472s] -- Symlinking: /root/catkin_ws/install/robot_localization/include/robot_localization/srv/detail/from_ll__functions.h
[104.488s] -- Symlinking: /root/catkin_ws/install/robot_localization/include/robot_localization/srv/detail/from_ll__struct.h
[104.498s] -- Symlinking: /root/catkin_ws/install/robot_localization/include/robot_localization/srv/detail/from_ll__type_support.h
[104.506s] -- Symlinking: /root/catkin_ws/install/robot_localization/include/robot_localization/srv/detail/get_state__functions.h
[104.514s] -- Symlinking: /root/catkin_ws/install/robot_localization/include/robot_localization/srv/detail/get_state__struct.h
[104.522s] -- Symlinking: /root/catkin_ws/install/robot_localization/include/robot_localization/srv/detail/get_state__type_support.h
[104.529s] -- Symlinking: /root/catkin_ws/install/robot_localization/include/robot_localization/srv/detail/set_datum__functions.h
[104.535s] -- Symlinking: /root/catkin_ws/install/robot_localization/include/robot_localization/srv/detail/set_datum__struct.h
[104.542s] -- Symlinking: /root/catkin_ws/install/robot_localization/include/robot_localization/srv/detail/set_datum__type_support.h
[104.550s] -- Symlinking: /root/catkin_ws/install/robot_localization/include/robot_localization/srv/detail/set_pose__functions.h
[104.557s] -- Symlinking: /root/catkin_ws/install/robot_localization/include/robot_localization/srv/detail/set_pose__struct.h
[104.564s] -- Symlinking: /root/catkin_ws/install/robot_localization/include/robot_localization/srv/detail/set_pose__type_support.h
[104.570s] -- Symlinking: /root/catkin_ws/install/robot_localization/include/robot_localization/srv/detail/to_ll__functions.h
[104.577s] -- Symlinking: /root/catkin_ws/install/robot_localization/include/robot_localization/srv/detail/to_ll__struct.h
[104.585s] -- Symlinking: /root/catkin_ws/install/robot_localization/include/robot_localization/srv/detail/to_ll__type_support.h
[104.592s] -- Symlinking: /root/catkin_ws/install/robot_localization/include/robot_localization/srv/detail/toggle_filter_processing__functions.h
[104.598s] -- Symlinking: /root/catkin_ws/install/robot_localization/include/robot_localization/srv/detail/toggle_filter_processing__struct.h
[104.605s] -- Symlinking: /root/catkin_ws/install/robot_localization/include/robot_localization/srv/detail/toggle_filter_processing__type_support.h
[104.612s] -- Symlinking: /root/catkin_ws/install/robot_localization/include/robot_localization/srv/from_ll.h
[104.619s] -- Symlinking: /root/catkin_ws/install/robot_localization/include/robot_localization/srv/get_state.h
[104.626s] -- Symlinking: /root/catkin_ws/install/robot_localization/include/robot_localization/srv/set_datum.h
[104.633s] -- Symlinking: /root/catkin_ws/install/robot_localization/include/robot_localization/srv/set_pose.h
[104.640s] -- Symlinking: /root/catkin_ws/install/robot_localization/include/robot_localization/srv/to_ll.h
[104.647s] -- Symlinking: /root/catkin_ws/install/robot_localization/include/robot_localization/srv/toggle_filter_processing.h
[104.654s] -- Symlinking: /root/catkin_ws/install/robot_localization/share/robot_localization/environment/library_path.sh
[104.661s] -- Symlinking: /root/catkin_ws/install/robot_localization/share/robot_localization/environment/library_path.dsv
[104.669s] -- Symlinking: /root/catkin_ws/install/robot_localization/include/robot_localization/msg/rosidl_typesupport_fastrtps_c__visibility_control.h
[104.676s] -- Symlinking: /root/catkin_ws/install/robot_localization/include/robot_localization/srv/detail/from_ll__rosidl_typesupport_fastrtps_c.h
[104.683s] -- Symlinking: /root/catkin_ws/install/robot_localization/include/robot_localization/srv/detail/get_state__rosidl_typesupport_fastrtps_c.h
[104.690s] -- Symlinking: /root/catkin_ws/install/robot_localization/include/robot_localization/srv/detail/set_datum__rosidl_typesupport_fastrtps_c.h
[104.697s] -- Symlinking: /root/catkin_ws/install/robot_localization/include/robot_localization/srv/detail/set_pose__rosidl_typesupport_fastrtps_c.h
[104.705s] -- Symlinking: /root/catkin_ws/install/robot_localization/include/robot_localization/srv/detail/to_ll__rosidl_typesupport_fastrtps_c.h
[104.711s] -- Symlinking: /root/catkin_ws/install/robot_localization/include/robot_localization/srv/detail/toggle_filter_processing__rosidl_typesupport_fastrtps_c.h
[104.741s] -- Symlinking: /root/catkin_ws/install/robot_localization/lib/librobot_localization__rosidl_typesupport_fastrtps_c.so
[104.749s] -- Symlinking: /root/catkin_ws/install/robot_localization/include/robot_localization/msg/rosidl_typesupport_fastrtps_cpp__visibility_control.h
[104.756s] -- Symlinking: /root/catkin_ws/install/robot_localization/include/robot_localization/srv/detail/from_ll__rosidl_typesupport_fastrtps_cpp.hpp
[104.763s] -- Symlinking: /root/catkin_ws/install/robot_localization/include/robot_localization/srv/detail/get_state__rosidl_typesupport_fastrtps_cpp.hpp
[104.770s] -- Symlinking: /root/catkin_ws/install/robot_localization/include/robot_localization/srv/detail/set_datum__rosidl_typesupport_fastrtps_cpp.hpp
[104.777s] -- Symlinking: /root/catkin_ws/install/robot_localization/include/robot_localization/srv/detail/set_pose__rosidl_typesupport_fastrtps_cpp.hpp
[104.784s] -- Symlinking: /root/catkin_ws/install/robot_localization/include/robot_localization/srv/detail/to_ll__rosidl_typesupport_fastrtps_cpp.hpp
[104.790s] -- Symlinking: /root/catkin_ws/install/robot_localization/include/robot_localization/srv/detail/toggle_filter_processing__rosidl_typesupport_fastrtps_cpp.hpp
[104.837s] -- Symlinking: /root/catkin_ws/install/robot_localization/lib/librobot_localization__rosidl_typesupport_fastrtps_cpp.so
[104.867s] -- Symlinking: /root/catkin_ws/install/robot_localization/include/robot_localization/msg/rosidl_typesupport_introspection_c__visibility_control.h
[104.881s] -- Symlinking: /root/catkin_ws/install/robot_localization/include/robot_localization/srv/detail/from_ll__rosidl_typesupport_introspection_c.h
[104.890s] -- Symlinking: /root/catkin_ws/install/robot_localization/include/robot_localization/srv/detail/get_state__rosidl_typesupport_introspection_c.h
[104.898s] -- Symlinking: /root/catkin_ws/install/robot_localization/include/robot_localization/srv/detail/set_datum__rosidl_typesupport_introspection_c.h
[104.905s] -- Symlinking: /root/catkin_ws/install/robot_localization/include/robot_localization/srv/detail/set_pose__rosidl_typesupport_introspection_c.h
[104.912s] -- Symlinking: /root/catkin_ws/install/robot_localization/include/robot_localization/srv/detail/to_ll__rosidl_typesupport_introspection_c.h
[104.919s] -- Symlinking: /root/catkin_ws/install/robot_localization/include/robot_localization/srv/detail/toggle_filter_processing__rosidl_typesupport_introspection_c.h
[104.926s] -- Symlinking: /root/catkin_ws/install/robot_localization/include/robot_localization/srv/detail/from_ll__builder.hpp
[104.933s] -- Symlinking: /root/catkin_ws/install/robot_localization/include/robot_localization/srv/detail/from_ll__struct.hpp
[104.940s] -- Symlinking: /root/catkin_ws/install/robot_localization/include/robot_localization/srv/detail/from_ll__traits.hpp
[104.947s] -- Symlinking: /root/catkin_ws/install/robot_localization/include/robot_localization/srv/detail/get_state__builder.hpp
[104.954s] -- Symlinking: /root/catkin_ws/install/robot_localization/include/robot_localization/srv/detail/get_state__struct.hpp
[104.961s] -- Symlinking: /root/catkin_ws/install/robot_localization/include/robot_localization/srv/detail/get_state__traits.hpp
[104.968s] -- Symlinking: /root/catkin_ws/install/robot_localization/include/robot_localization/srv/detail/set_datum__builder.hpp
[104.975s] -- Symlinking: /root/catkin_ws/install/robot_localization/include/robot_localization/srv/detail/set_datum__struct.hpp
[104.982s] -- Symlinking: /root/catkin_ws/install/robot_localization/include/robot_localization/srv/detail/set_datum__traits.hpp
[104.989s] -- Symlinking: /root/catkin_ws/install/robot_localization/include/robot_localization/srv/detail/set_pose__builder.hpp
[104.996s] -- Symlinking: /root/catkin_ws/install/robot_localization/include/robot_localization/srv/detail/set_pose__struct.hpp
[105.003s] -- Symlinking: /root/catkin_ws/install/robot_localization/include/robot_localization/srv/detail/set_pose__traits.hpp
[105.010s] -- Symlinking: /root/catkin_ws/install/robot_localization/include/robot_localization/srv/detail/to_ll__builder.hpp
[105.017s] -- Symlinking: /root/catkin_ws/install/robot_localization/include/robot_localization/srv/detail/to_ll__struct.hpp
[105.023s] -- Symlinking: /root/catkin_ws/install/robot_localization/include/robot_localization/srv/detail/to_ll__traits.hpp
[105.030s] -- Symlinking: /root/catkin_ws/install/robot_localization/include/robot_localization/srv/detail/toggle_filter_processing__builder.hpp
[105.037s] -- Symlinking: /root/catkin_ws/install/robot_localization/include/robot_localization/srv/detail/toggle_filter_processing__struct.hpp
[105.044s] -- Symlinking: /root/catkin_ws/install/robot_localization/include/robot_localization/srv/detail/toggle_filter_processing__traits.hpp
[105.051s] -- Symlinking: /root/catkin_ws/install/robot_localization/include/robot_localization/srv/from_ll.hpp
[105.058s] -- Symlinking: /root/catkin_ws/install/robot_localization/include/robot_localization/srv/get_state.hpp
[105.065s] -- Symlinking: /root/catkin_ws/install/robot_localization/include/robot_localization/srv/set_datum.hpp
[105.072s] -- Symlinking: /root/catkin_ws/install/robot_localization/include/robot_localization/srv/set_pose.hpp
[105.079s] -- Symlinking: /root/catkin_ws/install/robot_localization/include/robot_localization/srv/to_ll.hpp
[105.085s] -- Symlinking: /root/catkin_ws/install/robot_localization/include/robot_localization/srv/toggle_filter_processing.hpp
[105.092s] -- Symlinking: /root/catkin_ws/install/robot_localization/include/robot_localization/srv/detail/from_ll__rosidl_typesupport_introspection_cpp.hpp
[105.099s] -- Symlinking: /root/catkin_ws/install/robot_localization/include/robot_localization/srv/detail/get_state__rosidl_typesupport_introspection_cpp.hpp
[105.106s] -- Symlinking: /root/catkin_ws/install/robot_localization/include/robot_localization/srv/detail/set_datum__rosidl_typesupport_introspection_cpp.hpp
[105.113s] -- Symlinking: /root/catkin_ws/install/robot_localization/include/robot_localization/srv/detail/set_pose__rosidl_typesupport_introspection_cpp.hpp
[105.120s] -- Symlinking: /root/catkin_ws/install/robot_localization/include/robot_localization/srv/detail/to_ll__rosidl_typesupport_introspection_cpp.hpp
[105.127s] -- Symlinking: /root/catkin_ws/install/robot_localization/include/robot_localization/srv/detail/toggle_filter_processing__rosidl_typesupport_introspection_cpp.hpp
[105.134s] -- Symlinking: /root/catkin_ws/install/robot_localization/share/robot_localization/environment/pythonpath.sh
[105.142s] -- Symlinking: /root/catkin_ws/install/robot_localization/share/robot_localization/environment/pythonpath.dsv
[105.150s] -- Symlinking: /root/catkin_ws/install/robot_localization/lib/python3.8/site-packages/robot_localization/__init__.py
[105.157s] -- Symlinking: /root/catkin_ws/install/robot_localization/lib/python3.8/site-packages/robot_localization/srv/__init__.py
[105.164s] -- Symlinking: /root/catkin_ws/install/robot_localization/lib/python3.8/site-packages/robot_localization/srv/_from_ll.py
[105.171s] -- Symlinking: /root/catkin_ws/install/robot_localization/lib/python3.8/site-packages/robot_localization/srv/_get_state.py
[105.178s] -- Symlinking: /root/catkin_ws/install/robot_localization/lib/python3.8/site-packages/robot_localization/srv/_set_datum.py
[105.184s] -- Symlinking: /root/catkin_ws/install/robot_localization/lib/python3.8/site-packages/robot_localization/srv/_set_pose.py
[105.191s] -- Symlinking: /root/catkin_ws/install/robot_localization/lib/python3.8/site-packages/robot_localization/srv/_to_ll.py
[105.198s] -- Symlinking: /root/catkin_ws/install/robot_localization/lib/python3.8/site-packages/robot_localization/srv/_toggle_filter_processing.py
[105.352s] -- Symlinking: /root/catkin_ws/install/robot_localization/lib/python3.8/site-packages/robot_localization/robot_localization_s__rosidl_typesupport_fastrtps_c.cpython-38-x86_64-linux-gnu.so
[105.402s] -- Symlinking: /root/catkin_ws/install/robot_localization/lib/python3.8/site-packages/robot_localization/robot_localization_s__rosidl_typesupport_introspection_c.cpython-38-x86_64-linux-gnu.so
[105.451s] -- Symlinking: /root/catkin_ws/install/robot_localization/lib/python3.8/site-packages/robot_localization/robot_localization_s__rosidl_typesupport_c.cpython-38-x86_64-linux-gnu.so
[105.476s] -- Symlinking: /root/catkin_ws/install/robot_localization/lib/librobot_localization__python.so
[105.492s] -- Symlinking: /root/catkin_ws/install/robot_localization/share/robot_localization/srv/FromLL.idl
[105.503s] -- Symlinking: /root/catkin_ws/install/robot_localization/share/robot_localization/srv/GetState.idl
[105.511s] -- Symlinking: /root/catkin_ws/install/robot_localization/share/robot_localization/srv/SetDatum.idl
[105.519s] -- Symlinking: /root/catkin_ws/install/robot_localization/share/robot_localization/srv/SetPose.idl
[105.528s] -- Symlinking: /root/catkin_ws/install/robot_localization/share/robot_localization/srv/ToggleFilterProcessing.idl
[105.536s] -- Symlinking: /root/catkin_ws/install/robot_localization/share/robot_localization/srv/ToLL.idl
[105.544s] -- Symlinking: /root/catkin_ws/install/robot_localization/share/robot_localization/srv/FromLL.srv
[105.551s] -- Symlinking: /root/catkin_ws/install/robot_localization/share/robot_localization/srv/FromLL_Request.msg
[105.558s] -- Symlinking: /root/catkin_ws/install/robot_localization/share/robot_localization/srv/FromLL_Response.msg
[105.566s] -- Symlinking: /root/catkin_ws/install/robot_localization/share/robot_localization/srv/GetState.srv
[105.573s] -- Symlinking: /root/catkin_ws/install/robot_localization/share/robot_localization/srv/GetState_Request.msg
[105.581s] -- Symlinking: /root/catkin_ws/install/robot_localization/share/robot_localization/srv/GetState_Response.msg
[105.588s] -- Symlinking: /root/catkin_ws/install/robot_localization/share/robot_localization/srv/SetDatum.srv
[105.595s] -- Symlinking: /root/catkin_ws/install/robot_localization/share/robot_localization/srv/SetDatum_Request.msg
[105.602s] -- Symlinking: /root/catkin_ws/install/robot_localization/share/robot_localization/srv/SetDatum_Response.msg
[105.610s] -- Symlinking: /root/catkin_ws/install/robot_localization/share/robot_localization/srv/SetPose.srv
[105.617s] -- Symlinking: /root/catkin_ws/install/robot_localization/share/robot_localization/srv/SetPose_Request.msg
[105.624s] -- Symlinking: /root/catkin_ws/install/robot_localization/share/robot_localization/srv/SetPose_Response.msg
[105.630s] -- Symlinking: /root/catkin_ws/install/robot_localization/share/robot_localization/srv/ToggleFilterProcessing.srv
[105.637s] -- Symlinking: /root/catkin_ws/install/robot_localization/share/robot_localization/srv/ToggleFilterProcessing_Request.msg
[105.644s] -- Symlinking: /root/catkin_ws/install/robot_localization/share/robot_localization/srv/ToggleFilterProcessing_Response.msg
[105.651s] -- Symlinking: /root/catkin_ws/install/robot_localization/share/robot_localization/srv/ToLL.srv
[105.658s] -- Symlinking: /root/catkin_ws/install/robot_localization/share/robot_localization/srv/ToLL_Request.msg
[105.666s] -- Symlinking: /root/catkin_ws/install/robot_localization/share/robot_localization/srv/ToLL_Response.msg
[105.678s] -- Symlinking: /root/catkin_ws/install/robot_localization/lib/robot_localization/filter_base-test
[105.686s] -- Symlinking: /root/catkin_ws/install/robot_localization/lib/robot_localization/test_filter_base_diagnostics_timestamps
[105.693s] -- Symlinking: /root/catkin_ws/install/robot_localization/lib/robot_localization/test_ekf
[105.700s] -- Symlinking: /root/catkin_ws/install/robot_localization/lib/robot_localization/test_ekf_localization_node_interfaces
[105.707s] -- Symlinking: /root/catkin_ws/install/robot_localization/lib/robot_localization/test_ukf
[105.714s] -- Symlinking: /root/catkin_ws/install/robot_localization/lib/robot_localization/test_ukf_localization_node_interfaces
[105.721s] -- Symlinking: /root/catkin_ws/install/robot_localization/lib/robot_localization/test_robot_localization_estimator
[105.728s] -- Symlinking: /root/catkin_ws/install/robot_localization/lib/robot_localization/test_navsat_conversions
[105.735s] -- Symlinking: /root/catkin_ws/install/robot_localization/lib/robot_localization/test_navsat_transform
[105.743s] -- Symlinking: /root/catkin_ws/install/robot_localization/lib/robot_localization/test_ros_robot_localization_listener
[105.751s] -- Symlinking: /root/catkin_ws/install/robot_localization/lib/robot_localization/test_ros_robot_localization_listener_publisher
[105.761s] -- Symlinking: /root/catkin_ws/install/robot_localization/lib/robot_localization/navsat_transform_node
[105.768s] -- Symlinking: /root/catkin_ws/install/robot_localization/lib/robot_localization/ekf_node
[105.776s] -- Symlinking: /root/catkin_ws/install/robot_localization/lib/robot_localization/ukf_node
[105.783s] -- Symlinking: /root/catkin_ws/install/robot_localization/lib/robot_localization/robot_localization_listener_node
[105.798s] -- Symlinking: /root/catkin_ws/install/robot_localization/lib/librl_lib.so
[105.897s] -- Symlinking: /root/catkin_ws/install/robot_localization/share/ament_index/resource_index/package_run_dependencies/robot_localization
[105.898s] -- Symlinking: /root/catkin_ws/install/robot_localization/share/ament_index/resource_index/parent_prefix_path/robot_localization
[105.905s] -- Symlinking: /root/catkin_ws/install/robot_localization/share/robot_localization/environment/ament_prefix_path.sh
[105.912s] -- Symlinking: /root/catkin_ws/install/robot_localization/share/robot_localization/environment/ament_prefix_path.dsv
[105.919s] -- Symlinking: /root/catkin_ws/install/robot_localization/share/robot_localization/environment/path.sh
[105.927s] -- Symlinking: /root/catkin_ws/install/robot_localization/share/robot_localization/environment/path.dsv
[105.934s] -- Symlinking: /root/catkin_ws/install/robot_localization/share/robot_localization/local_setup.bash
[105.942s] -- Symlinking: /root/catkin_ws/install/robot_localization/share/robot_localization/local_setup.sh
[105.949s] -- Symlinking: /root/catkin_ws/install/robot_localization/share/robot_localization/local_setup.zsh
[106.170s] -- Symlinking: /root/catkin_ws/install/robot_localization/share/robot_localization/local_setup.dsv
[106.202s] -- Symlinking: /root/catkin_ws/install/robot_localization/share/robot_localization/package.dsv
[106.377s] -- Symlinking: /root/catkin_ws/install/robot_localization/share/ament_index/resource_index/packages/robot_localization
[106.409s] -- Symlinking: /root/catkin_ws/install/robot_localization/share/robot_localization/cmake/rosidl_cmake-extras.cmake
[106.424s] -- Symlinking: /root/catkin_ws/install/robot_localization/share/robot_localization/cmake/ament_cmake_export_dependencies-extras.cmake
[106.434s] -- Symlinking: /root/catkin_ws/install/robot_localization/share/robot_localization/cmake/ament_cmake_export_libraries-extras.cmake
[106.442s] -- Symlinking: /root/catkin_ws/install/robot_localization/share/robot_localization/cmake/ament_cmake_export_targets-extras.cmake
[106.450s] -- Symlinking: /root/catkin_ws/install/robot_localization/share/robot_localization/cmake/ament_cmake_export_include_directories-extras.cmake
[106.456s] -- Symlinking: /root/catkin_ws/install/robot_localization/share/robot_localization/cmake/rosidl_cmake_export_typesupport_libraries-extras.cmake
[106.463s] -- Symlinking: /root/catkin_ws/install/robot_localization/share/robot_localization/cmake/rosidl_cmake_export_typesupport_targets-extras.cmake
[106.470s] -- Symlinking: /root/catkin_ws/install/robot_localization/share/robot_localization/cmake/robot_localizationConfig.cmake
[106.477s] -- Symlinking: /root/catkin_ws/install/robot_localization/share/robot_localization/cmake/robot_localizationConfig-version.cmake
[106.484s] -- Symlinking: /root/catkin_ws/install/robot_localization/share/robot_localization/package.xml
[106.491s] -- Installing: /root/catkin_ws/install/robot_localization/lib/librobot_localization__rosidl_generator_c.so
[106.510s] -- Set runtime path of "/root/catkin_ws/install/robot_localization/lib/librobot_localization__rosidl_generator_c.so" to ""
[106.510s] -- Installing: /root/catkin_ws/install/robot_localization/lib/librobot_localization__rosidl_typesupport_introspection_c.so
[106.511s] -- Set runtime path of "/root/catkin_ws/install/robot_localization/lib/librobot_localization__rosidl_typesupport_introspection_c.so" to ""
[106.511s] -- Installing: /root/catkin_ws/install/robot_localization/lib/librobot_localization__rosidl_typesupport_c.so
[106.512s] -- Set runtime path of "/root/catkin_ws/install/robot_localization/lib/librobot_localization__rosidl_typesupport_c.so" to ""
[106.513s] -- Installing: /root/catkin_ws/install/robot_localization/lib/librobot_localization__rosidl_typesupport_introspection_cpp.so
[106.518s] -- Set runtime path of "/root/catkin_ws/install/robot_localization/lib/librobot_localization__rosidl_typesupport_introspection_cpp.so" to ""
[106.518s] -- Installing: /root/catkin_ws/install/robot_localization/lib/librobot_localization__rosidl_typesupport_cpp.so
[106.520s] -- Set runtime path of "/root/catkin_ws/install/robot_localization/lib/librobot_localization__rosidl_typesupport_cpp.so" to ""
[106.571s] Compiling '/root/catkin_ws/install/robot_localization/lib/python3.8/site-packages/robot_localization/__init__.py'...
[106.575s] -- Installing: /root/catkin_ws/install/robot_localization/share/robot_localization/test
[106.575s] -- Installing: /root/catkin_ws/install/robot_localization/share/robot_localization/test/test_filter_base.cpp
[106.575s] -- Installing: /root/catkin_ws/install/robot_localization/share/robot_localization/test/test_filter_base_diagnostics_timestamps.launch.py
[106.575s] -- Installing: /root/catkin_ws/install/robot_localization/share/robot_localization/test/test_localization_node_bag_pose_tester.cpp
[106.575s] -- Installing: /root/catkin_ws/install/robot_localization/share/robot_localization/test/test_ukf.cpp
[106.575s] -- Installing: /root/catkin_ws/install/robot_localization/share/robot_localization/test/test_ekf_localization_node_bag2.launch.py
[106.575s] -- Installing: /root/catkin_ws/install/robot_localization/share/robot_localization/test/test_navsat_conversions.cpp
[106.575s] -- Installing: /root/catkin_ws/install/robot_localization/share/robot_localization/test/test_ekf_localization_node_bag3.sh
[106.575s] -- Installing: /root/catkin_ws/install/robot_localization/share/robot_localization/test/test_ukf_localization_node_bag3.sh
[106.575s] -- Installing: /root/catkin_ws/install/robot_localization/share/robot_localization/test/test_filter_base_diagnostics_timestamps.cpp
[106.575s] -- Installing: /root/catkin_ws/install/robot_localization/share/robot_localization/test/test_ekf_localization_node_bag1.yaml
[106.575s] -- Installing: /root/catkin_ws/install/robot_localization/share/robot_localization/test/test_ekf_localization_node_bag2.yaml
[106.575s] -- Installing: /root/catkin_ws/install/robot_localization/share/robot_localization/test/test2.bag
[106.576s] -- Installing: /root/catkin_ws/install/robot_localization/share/robot_localization/test/test_ukf_localization_node_interfaces.cpp
[106.576s] -- Installing: /root/catkin_ws/install/robot_localization/share/robot_localization/test/test_ekf_localization_node_interfaces.cpp
[106.576s] -- Installing: /root/catkin_ws/install/robot_localization/share/robot_localization/test/test_ekf_localization_node_interfaces.yaml
[106.576s] -- Installing: /root/catkin_ws/install/robot_localization/share/robot_localization/test/test1.bag
[106.577s] -- Installing: /root/catkin_ws/install/robot_localization/share/robot_localization/test/test_ekf_localization_node_bag3.yaml
[106.577s] -- Installing: /root/catkin_ws/install/robot_localization/share/robot_localization/test/test3.bag
[106.597s] -- Installing: /root/catkin_ws/install/robot_localization/share/robot_localization/test/test_ekf.cpp
[106.597s] -- Installing: /root/catkin_ws/install/robot_localization/share/robot_localization/test/test_ekf_localization_node_bag3.launch.py
[106.597s] -- Installing: /root/catkin_ws/install/robot_localization/share/robot_localization/test/test_navsat_transform.cpp
[106.597s] -- Installing: /root/catkin_ws/install/robot_localization/share/robot_localization/test/test_ukf_localization_node_bag2.sh
[106.597s] -- Installing: /root/catkin_ws/install/robot_localization/share/robot_localization/test/test_filter_base_diagnostics_timestamps.yaml
[106.597s] -- Installing: /root/catkin_ws/install/robot_localization/share/robot_localization/test/test_ros_robot_localization_listener_publisher.cpp
[106.597s] -- Installing: /root/catkin_ws/install/robot_localization/share/robot_localization/test/test_ekf_localization_node_bag1.sh
[106.597s] -- Installing: /root/catkin_ws/install/robot_localization/share/robot_localization/test/test_ukf_localization_node_bag3.launch.py
[106.597s] -- Installing: /root/catkin_ws/install/robot_localization/share/robot_localization/test/test_ukf_localization_node_bag2.launch.py
[106.597s] -- Installing: /root/catkin_ws/install/robot_localization/share/robot_localization/test/test_navsat_transform.launch.py
[106.598s] -- Installing: /root/catkin_ws/install/robot_localization/share/robot_localization/test/test_robot_localization_estimator.cpp
[106.598s] -- Installing: /root/catkin_ws/install/robot_localization/share/robot_localization/test/test_ekf_localization_node_interfaces.launch.py
[106.598s] -- Installing: /root/catkin_ws/install/robot_localization/share/robot_localization/test/test_ukf_localization_node_bag1.sh
[106.598s] -- Installing: /root/catkin_ws/install/robot_localization/share/robot_localization/test/test_ros_robot_localization_listener.launch.py
[106.598s] -- Installing: /root/catkin_ws/install/robot_localization/share/robot_localization/test/test_ukf_localization_node_interfaces.yaml
[106.598s] -- Installing: /root/catkin_ws/install/robot_localization/share/robot_localization/test/test_ekf_localization_node_bag2.sh
[106.598s] -- Installing: /root/catkin_ws/install/robot_localization/share/robot_localization/test/test_ekf_localization_node_bag1.launch.py
[106.598s] -- Installing: /root/catkin_ws/install/robot_localization/share/robot_localization/test/test_ukf_localization_node_interfaces.launch.py
[106.598s] -- Installing: /root/catkin_ws/install/robot_localization/share/robot_localization/test/test_ukf_localization_node_bag2.yaml
[106.598s] -- Installing: /root/catkin_ws/install/robot_localization/share/robot_localization/test/test_ros_robot_localization_listener.cpp
[106.598s] -- Installing: /root/catkin_ws/install/robot_localization/share/robot_localization/test/test_ukf_localization_node_bag3.yaml
[106.598s] -- Installing: /root/catkin_ws/install/robot_localization/share/robot_localization/test/test_robot_localization_estimator.launch.py
[106.598s] -- Installing: /root/catkin_ws/install/robot_localization/share/robot_localization/test/test_ukf_localization_node_bag1.launch.py
[106.598s] -- Installing: /root/catkin_ws/install/robot_localization/share/robot_localization/test/test_ros_robot_localization_listener.yaml
[106.598s] -- Installing: /root/catkin_ws/install/robot_localization/share/robot_localization/test/test_ukf_localization_node_bag1.yaml
[106.598s] -- Up-to-date: /root/catkin_ws/install/robot_localization/include
[106.599s] -- Up-to-date: /root/catkin_ws/install/robot_localization/include/robot_localization
[106.599s] -- Installing: /root/catkin_ws/install/robot_localization/include/robot_localization/filter_state.hpp
[106.599s] -- Installing: /root/catkin_ws/install/robot_localization/include/robot_localization/navsat_conversions.hpp
[106.599s] -- Installing: /root/catkin_ws/install/robot_localization/include/robot_localization/robot_localization_estimator.hpp
[106.599s] -- Installing: /root/catkin_ws/install/robot_localization/include/robot_localization/filter_utilities.hpp
[106.599s] -- Installing: /root/catkin_ws/install/robot_localization/include/robot_localization/ros_filter_utilities.hpp
[106.599s] -- Installing: /root/catkin_ws/install/robot_localization/include/robot_localization/filter_common.hpp
[106.599s] -- Installing: /root/catkin_ws/install/robot_localization/include/robot_localization/ukf.hpp
[106.599s] -- Installing: /root/catkin_ws/install/robot_localization/include/robot_localization/filter_base.hpp
[106.599s] -- Installing: /root/catkin_ws/install/robot_localization/include/robot_localization/measurement.hpp
[106.599s] -- Installing: /root/catkin_ws/install/robot_localization/include/robot_localization/ros_robot_localization_listener.hpp
[106.599s] -- Installing: /root/catkin_ws/install/robot_localization/include/robot_localization/ekf.hpp
[106.599s] -- Installing: /root/catkin_ws/install/robot_localization/include/robot_localization/ros_filter_types.hpp
[106.599s] -- Installing: /root/catkin_ws/install/robot_localization/include/robot_localization/navsat_transform.hpp
[106.599s] -- Installing: /root/catkin_ws/install/robot_localization/include/robot_localization/ros_filter.hpp
[106.599s] -- Installing: /root/catkin_ws/install/robot_localization/share/robot_localization/params
[106.600s] -- Installing: /root/catkin_ws/install/robot_localization/share/robot_localization/params/ukf.yaml
[106.600s] -- Installing: /root/catkin_ws/install/robot_localization/share/robot_localization/params/ekf.yaml
[106.600s] -- Installing: /root/catkin_ws/install/robot_localization/share/robot_localization/params/dual_ekf_navsat_example.yaml
[106.600s] -- Installing: /root/catkin_ws/install/robot_localization/share/robot_localization/params/navsat_transform.yaml
[106.600s] -- Installing: /root/catkin_ws/install/robot_localization/share/robot_localization/launch
[106.600s] -- Installing: /root/catkin_ws/install/robot_localization/share/robot_localization/launch/ukf.launch.py
[106.600s] -- Installing: /root/catkin_ws/install/robot_localization/share/robot_localization/launch/navsat_transform.launch.py
[106.600s] -- Installing: /root/catkin_ws/install/robot_localization/share/robot_localization/launch/ekf.launch.py
[106.600s] -- Installing: /root/catkin_ws/install/robot_localization/share/robot_localization/launch/dual_ekf_navsat_example.launch.py
[106.600s] -- Installing: /root/catkin_ws/install/robot_localization/share/robot_localization/cmake/robot_localization__rosidl_generator_cExport.cmake
[106.601s] -- Installing: /root/catkin_ws/install/robot_localization/share/robot_localization/cmake/robot_localization__rosidl_generator_cExport-relwithdebinfo.cmake
[106.602s] -- Installing: /root/catkin_ws/install/robot_localization/share/robot_localization/cmake/robot_localization__rosidl_typesupport_introspection_cExport.cmake
[106.602s] -- Installing: /root/catkin_ws/install/robot_localization/share/robot_localization/cmake/robot_localization__rosidl_typesupport_introspection_cExport-relwithdebinfo.cmake
[106.603s] -- Installing: /root/catkin_ws/install/robot_localization/share/robot_localization/cmake/robot_localization__rosidl_typesupport_cExport.cmake
[106.603s] -- Installing: /root/catkin_ws/install/robot_localization/share/robot_localization/cmake/robot_localization__rosidl_typesupport_cExport-relwithdebinfo.cmake
[106.604s] -- Installing: /root/catkin_ws/install/robot_localization/share/robot_localization/cmake/robot_localization__rosidl_generator_cppExport.cmake
[106.604s] -- Installing: /root/catkin_ws/install/robot_localization/share/robot_localization/cmake/robot_localization__rosidl_typesupport_introspection_cppExport.cmake
[106.605s] -- Installing: /root/catkin_ws/install/robot_localization/share/robot_localization/cmake/robot_localization__rosidl_typesupport_introspection_cppExport-relwithdebinfo.cmake
[106.605s] -- Installing: /root/catkin_ws/install/robot_localization/share/robot_localization/cmake/robot_localization__rosidl_typesupport_cppExport.cmake
[106.606s] -- Installing: /root/catkin_ws/install/robot_localization/share/robot_localization/cmake/robot_localization__rosidl_typesupport_cppExport-relwithdebinfo.cmake
[106.611s] Invoked command in '/root/catkin_ws/build/robot_localization' returned '0': CMAKE_PREFIX_PATH=${CMAKE_PREFIX_PATH}:/root/catkin_ws/install/topic_service_action_rclpy_example:/root/catkin_ws/install/time_rclpy_example:/root/catkin_ws/install/tf2_rclpy_example:/root/catkin_ws/install/ros2env:/root/catkin_ws/install/omo_r1mini_teleop:/root/catkin_ws/install/omo_r1mini_bringup:/root/catkin_ws/install/my_first_ros_rclpy_pkg:/root/catkin_ws/install/logging_rclpy_example:/root/catkin_ws/install/iahrs_driver:/root/install/topic_service_action_rclpy_example:/root/install/time_rclpy_example:/root/install/tf2_rclpy_example:/root/install/ros2env:/root/install/omo_r1mini_teleop:/root/install/omo_r1mini_bringup:/root/install/my_first_ros_rclpy_pkg:/root/install/logging_rclpy_example:/opt/ros/foxy /usr/bin/cmake --install /root/catkin_ws/build/robot_localization
