[0.121s] Invoking command in '/root/catkin_ws/build/omo_r1mini_description': CMAKE_PREFIX_PATH=${CMAKE_PREFIX_PATH}:/root/catkin_ws/src/install/iahrs_driver:/root/catkin_ws/install/topic_service_action_rclpy_example:/root/catkin_ws/install/time_rclpy_example:/root/catkin_ws/install/tf2_rclpy_example:/root/catkin_ws/install/ros2env:/root/catkin_ws/install/omo_r1mini_teleop:/root/catkin_ws/install/omo_r1mini_bringup:/root/catkin_ws/install/my_first_ros_rclpy_pkg:/root/catkin_ws/install/logging_rclpy_example:/root/catkin_ws/install/iahrs_driver:/root/install/topic_service_action_rclpy_example:/root/install/time_rclpy_example:/root/install/tf2_rclpy_example:/root/install/ros2env:/root/install/omo_r1mini_teleop:/root/install/omo_r1mini_bringup:/root/install/my_first_ros_rclpy_pkg:/root/install/logging_rclpy_example:/root/catkin_ws/src/install/topic_service_action_rclpy_example:/root/catkin_ws/src/install/time_rclpy_example:/root/catkin_ws/src/install/tf2_rclpy_example:/root/catkin_ws/src/install/ros2env:/root/catkin_ws/src/install/omo_r1mini_teleop:/root/catkin_ws/src/install/omo_r1mini_bringup:/root/catkin_ws/src/install/my_first_ros_rclpy_pkg:/root/catkin_ws/src/install/logging_rclpy_example:/opt/ros/foxy /usr/bin/cmake --build /root/catkin_ws/build/omo_r1mini_description -- -j12 -l12
[0.843s] Invoked command in '/root/catkin_ws/build/omo_r1mini_description' returned '0': CMAKE_PREFIX_PATH=${CMAKE_PREFIX_PATH}:/root/catkin_ws/src/install/iahrs_driver:/root/catkin_ws/install/topic_service_action_rclpy_example:/root/catkin_ws/install/time_rclpy_example:/root/catkin_ws/install/tf2_rclpy_example:/root/catkin_ws/install/ros2env:/root/catkin_ws/install/omo_r1mini_teleop:/root/catkin_ws/install/omo_r1mini_bringup:/root/catkin_ws/install/my_first_ros_rclpy_pkg:/root/catkin_ws/install/logging_rclpy_example:/root/catkin_ws/install/iahrs_driver:/root/install/topic_service_action_rclpy_example:/root/install/time_rclpy_example:/root/install/tf2_rclpy_example:/root/install/ros2env:/root/install/omo_r1mini_teleop:/root/install/omo_r1mini_bringup:/root/install/my_first_ros_rclpy_pkg:/root/install/logging_rclpy_example:/root/catkin_ws/src/install/topic_service_action_rclpy_example:/root/catkin_ws/src/install/time_rclpy_example:/root/catkin_ws/src/install/tf2_rclpy_example:/root/catkin_ws/src/install/ros2env:/root/catkin_ws/src/install/omo_r1mini_teleop:/root/catkin_ws/src/install/omo_r1mini_bringup:/root/catkin_ws/src/install/my_first_ros_rclpy_pkg:/root/catkin_ws/src/install/logging_rclpy_example:/opt/ros/foxy /usr/bin/cmake --build /root/catkin_ws/build/omo_r1mini_description -- -j12 -l12
[0.884s] Invoking command in '/root/catkin_ws/build/omo_r1mini_description': CMAKE_PREFIX_PATH=${CMAKE_PREFIX_PATH}:/root/catkin_ws/src/install/iahrs_driver:/root/catkin_ws/install/topic_service_action_rclpy_example:/root/catkin_ws/install/time_rclpy_example:/root/catkin_ws/install/tf2_rclpy_example:/root/catkin_ws/install/ros2env:/root/catkin_ws/install/omo_r1mini_teleop:/root/catkin_ws/install/omo_r1mini_bringup:/root/catkin_ws/install/my_first_ros_rclpy_pkg:/root/catkin_ws/install/logging_rclpy_example:/root/catkin_ws/install/iahrs_driver:/root/install/topic_service_action_rclpy_example:/root/install/time_rclpy_example:/root/install/tf2_rclpy_example:/root/install/ros2env:/root/install/omo_r1mini_teleop:/root/install/omo_r1mini_bringup:/root/install/my_first_ros_rclpy_pkg:/root/install/logging_rclpy_example:/root/catkin_ws/src/install/topic_service_action_rclpy_example:/root/catkin_ws/src/install/time_rclpy_example:/root/catkin_ws/src/install/tf2_rclpy_example:/root/catkin_ws/src/install/ros2env:/root/catkin_ws/src/install/omo_r1mini_teleop:/root/catkin_ws/src/install/omo_r1mini_bringup:/root/catkin_ws/src/install/my_first_ros_rclpy_pkg:/root/catkin_ws/src/install/logging_rclpy_example:/opt/ros/foxy /usr/bin/cmake --install /root/catkin_ws/build/omo_r1mini_description
[0.899s] -- Install configuration: ""
[0.900s] -- Execute custom install script
[0.902s] -- Up-to-date symlink: /root/catkin_ws/install/omo_r1mini_description/share/omo_r1mini_description/meshes/bases/body_assy.dae
[0.902s] -- Up-to-date symlink: /root/catkin_ws/install/omo_r1mini_description/share/omo_r1mini_description/meshes/bases/housing_body.dae
[0.902s] -- Up-to-date symlink: /root/catkin_ws/install/omo_r1mini_description/share/omo_r1mini_description/meshes/sensors/ydlidar_assy.dae
[0.902s] -- Up-to-date symlink: /root/catkin_ws/install/omo_r1mini_description/share/omo_r1mini_description/meshes/wheels/caster_wheel.dae
[0.903s] -- Up-to-date symlink: /root/catkin_ws/install/omo_r1mini_description/share/omo_r1mini_description/meshes/wheels/caster_wheel_mount.dae
[0.903s] -- Up-to-date symlink: /root/catkin_ws/install/omo_r1mini_description/share/omo_r1mini_description/meshes/wheels/caster_wheel_rotate.dae
[0.903s] -- Up-to-date symlink: /root/catkin_ws/install/omo_r1mini_description/share/omo_r1mini_description/meshes/wheels/wheel_assy.dae
[0.904s] -- Up-to-date symlink: /root/catkin_ws/install/omo_r1mini_description/share/omo_r1mini_description/rviz/model.rviz
[0.904s] -- Up-to-date symlink: /root/catkin_ws/install/omo_r1mini_description/share/omo_r1mini_description/urdf/omo_r1mini.urdf
[0.905s] -- Up-to-date symlink: /root/catkin_ws/install/omo_r1mini_description/share/omo_r1mini_description/launch/omo_r1mini_description.launch.py
[0.907s] -- Up-to-date symlink: /root/catkin_ws/install/omo_r1mini_description/share/omo_r1mini_description/launch/omo_r1mini_description_rviz.launch.py
[0.907s] -- Up-to-date symlink: /root/catkin_ws/install/omo_r1mini_description/share/omo_r1mini_description/launch/omo_r1mini_state_publisher.launch.py
[0.908s] -- Up-to-date symlink: /root/catkin_ws/install/omo_r1mini_description/share/ament_index/resource_index/package_run_dependencies/omo_r1mini_description
[0.908s] -- Up-to-date symlink: /root/catkin_ws/install/omo_r1mini_description/share/ament_index/resource_index/parent_prefix_path/omo_r1mini_description
[0.909s] -- Up-to-date symlink: /root/catkin_ws/install/omo_r1mini_description/share/omo_r1mini_description/environment/ament_prefix_path.sh
[0.909s] -- Up-to-date symlink: /root/catkin_ws/install/omo_r1mini_description/share/omo_r1mini_description/environment/ament_prefix_path.dsv
[0.909s] -- Up-to-date symlink: /root/catkin_ws/install/omo_r1mini_description/share/omo_r1mini_description/environment/path.sh
[0.910s] -- Up-to-date symlink: /root/catkin_ws/install/omo_r1mini_description/share/omo_r1mini_description/environment/path.dsv
[0.910s] -- Up-to-date symlink: /root/catkin_ws/install/omo_r1mini_description/share/omo_r1mini_description/local_setup.bash
[0.912s] -- Up-to-date symlink: /root/catkin_ws/install/omo_r1mini_description/share/omo_r1mini_description/local_setup.sh
[0.913s] -- Up-to-date symlink: /root/catkin_ws/install/omo_r1mini_description/share/omo_r1mini_description/local_setup.zsh
[0.913s] -- Up-to-date symlink: /root/catkin_ws/install/omo_r1mini_description/share/omo_r1mini_description/local_setup.dsv
[0.913s] -- Symlinking: /root/catkin_ws/install/omo_r1mini_description/share/omo_r1mini_description/package.dsv
[0.925s] -- Up-to-date symlink: /root/catkin_ws/install/omo_r1mini_description/share/ament_index/resource_index/packages/omo_r1mini_description
[0.926s] -- Up-to-date symlink: /root/catkin_ws/install/omo_r1mini_description/share/omo_r1mini_description/cmake/omo_r1mini_descriptionConfig.cmake
[0.927s] -- Up-to-date symlink: /root/catkin_ws/install/omo_r1mini_description/share/omo_r1mini_description/cmake/omo_r1mini_descriptionConfig-version.cmake
[0.927s] -- Up-to-date symlink: /root/catkin_ws/install/omo_r1mini_description/share/omo_r1mini_description/package.xml
[0.976s] Invoked command in '/root/catkin_ws/build/omo_r1mini_description' returned '0': CMAKE_PREFIX_PATH=${CMAKE_PREFIX_PATH}:/root/catkin_ws/src/install/iahrs_driver:/root/catkin_ws/install/topic_service_action_rclpy_example:/root/catkin_ws/install/time_rclpy_example:/root/catkin_ws/install/tf2_rclpy_example:/root/catkin_ws/install/ros2env:/root/catkin_ws/install/omo_r1mini_teleop:/root/catkin_ws/install/omo_r1mini_bringup:/root/catkin_ws/install/my_first_ros_rclpy_pkg:/root/catkin_ws/install/logging_rclpy_example:/root/catkin_ws/install/iahrs_driver:/root/install/topic_service_action_rclpy_example:/root/install/time_rclpy_example:/root/install/tf2_rclpy_example:/root/install/ros2env:/root/install/omo_r1mini_teleop:/root/install/omo_r1mini_bringup:/root/install/my_first_ros_rclpy_pkg:/root/install/logging_rclpy_example:/root/catkin_ws/src/install/topic_service_action_rclpy_example:/root/catkin_ws/src/install/time_rclpy_example:/root/catkin_ws/src/install/tf2_rclpy_example:/root/catkin_ws/src/install/ros2env:/root/catkin_ws/src/install/omo_r1mini_teleop:/root/catkin_ws/src/install/omo_r1mini_bringup:/root/catkin_ws/src/install/my_first_ros_rclpy_pkg:/root/catkin_ws/src/install/logging_rclpy_example:/opt/ros/foxy /usr/bin/cmake --install /root/catkin_ws/build/omo_r1mini_description
