[0.408s] Invoking command in '/root/catkin_ws/build/time_rclcpp_example': CMAKE_PREFIX_PATH=${CMAKE_PREFIX_PATH}:/root/catkin_ws/install/topic_service_action_rclpy_example:/root/catkin_ws/install/time_rclpy_example:/root/catkin_ws/install/tf2_rclpy_example:/root/catkin_ws/install/ros2env:/root/catkin_ws/install/omo_r1mini_teleop:/root/catkin_ws/install/omo_r1mini_bringup:/root/catkin_ws/install/my_first_ros_rclpy_pkg:/root/catkin_ws/install/logging_rclpy_example:/root/catkin_ws/src/install/topic_service_action_rclpy_example:/root/catkin_ws/src/install/time_rclpy_example:/root/catkin_ws/src/install/tf2_rclpy_example:/root/catkin_ws/src/install/ros2env:/root/catkin_ws/src/install/omo_r1mini_teleop:/root/catkin_ws/src/install/omo_r1mini_bringup:/root/catkin_ws/src/install/my_first_ros_rclpy_pkg:/root/catkin_ws/src/install/logging_rclpy_example:/opt/ros/foxy /usr/bin/cmake --build /root/catkin_ws/build/time_rclcpp_example -- -j12 -l12
[0.461s] [100%] Built target time_example
[0.731s] Invoked command in '/root/catkin_ws/build/time_rclcpp_example' returned '0': CMAKE_PREFIX_PATH=${CMAKE_PREFIX_PATH}:/root/catkin_ws/install/topic_service_action_rclpy_example:/root/catkin_ws/install/time_rclpy_example:/root/catkin_ws/install/tf2_rclpy_example:/root/catkin_ws/install/ros2env:/root/catkin_ws/install/omo_r1mini_teleop:/root/catkin_ws/install/omo_r1mini_bringup:/root/catkin_ws/install/my_first_ros_rclpy_pkg:/root/catkin_ws/install/logging_rclpy_example:/root/catkin_ws/src/install/topic_service_action_rclpy_example:/root/catkin_ws/src/install/time_rclpy_example:/root/catkin_ws/src/install/tf2_rclpy_example:/root/catkin_ws/src/install/ros2env:/root/catkin_ws/src/install/omo_r1mini_teleop:/root/catkin_ws/src/install/omo_r1mini_bringup:/root/catkin_ws/src/install/my_first_ros_rclpy_pkg:/root/catkin_ws/src/install/logging_rclpy_example:/opt/ros/foxy /usr/bin/cmake --build /root/catkin_ws/build/time_rclcpp_example -- -j12 -l12
[1.094s] Invoking command in '/root/catkin_ws/build/time_rclcpp_example': CMAKE_PREFIX_PATH=${CMAKE_PREFIX_PATH}:/root/catkin_ws/install/topic_service_action_rclpy_example:/root/catkin_ws/install/time_rclpy_example:/root/catkin_ws/install/tf2_rclpy_example:/root/catkin_ws/install/ros2env:/root/catkin_ws/install/omo_r1mini_teleop:/root/catkin_ws/install/omo_r1mini_bringup:/root/catkin_ws/install/my_first_ros_rclpy_pkg:/root/catkin_ws/install/logging_rclpy_example:/root/catkin_ws/src/install/topic_service_action_rclpy_example:/root/catkin_ws/src/install/time_rclpy_example:/root/catkin_ws/src/install/tf2_rclpy_example:/root/catkin_ws/src/install/ros2env:/root/catkin_ws/src/install/omo_r1mini_teleop:/root/catkin_ws/src/install/omo_r1mini_bringup:/root/catkin_ws/src/install/my_first_ros_rclpy_pkg:/root/catkin_ws/src/install/logging_rclpy_example:/opt/ros/foxy /usr/bin/cmake --install /root/catkin_ws/build/time_rclcpp_example
[1.329s] -- Install configuration: ""
[1.330s] -- Execute custom install script
[1.330s] -- Up-to-date symlink: /root/catkin_ws/install/time_rclcpp_example/lib/time_rclcpp_example/time_example
[1.330s] -- Up-to-date symlink: /root/catkin_ws/install/time_rclcpp_example/share/ament_index/resource_index/package_run_dependencies/time_rclcpp_example
[1.331s] -- Up-to-date symlink: /root/catkin_ws/install/time_rclcpp_example/share/ament_index/resource_index/parent_prefix_path/time_rclcpp_example
[1.332s] -- Up-to-date symlink: /root/catkin_ws/install/time_rclcpp_example/share/time_rclcpp_example/environment/ament_prefix_path.sh
[1.332s] -- Up-to-date symlink: /root/catkin_ws/install/time_rclcpp_example/share/time_rclcpp_example/environment/ament_prefix_path.dsv
[1.332s] -- Up-to-date symlink: /root/catkin_ws/install/time_rclcpp_example/share/time_rclcpp_example/environment/path.sh
[1.335s] -- Up-to-date symlink: /root/catkin_ws/install/time_rclcpp_example/share/time_rclcpp_example/environment/path.dsv
[1.335s] -- Up-to-date symlink: /root/catkin_ws/install/time_rclcpp_example/share/time_rclcpp_example/local_setup.bash
[1.335s] -- Up-to-date symlink: /root/catkin_ws/install/time_rclcpp_example/share/time_rclcpp_example/local_setup.sh
[1.335s] -- Up-to-date symlink: /root/catkin_ws/install/time_rclcpp_example/share/time_rclcpp_example/local_setup.zsh
[1.336s] -- Up-to-date symlink: /root/catkin_ws/install/time_rclcpp_example/share/time_rclcpp_example/local_setup.dsv
[1.336s] -- Symlinking: /root/catkin_ws/install/time_rclcpp_example/share/time_rclcpp_example/package.dsv
[1.336s] -- Up-to-date symlink: /root/catkin_ws/install/time_rclcpp_example/share/ament_index/resource_index/packages/time_rclcpp_example
[1.336s] -- Up-to-date symlink: /root/catkin_ws/install/time_rclcpp_example/share/time_rclcpp_example/cmake/time_rclcpp_exampleConfig.cmake
[1.336s] -- Up-to-date symlink: /root/catkin_ws/install/time_rclcpp_example/share/time_rclcpp_example/cmake/time_rclcpp_exampleConfig-version.cmake
[1.336s] -- Up-to-date symlink: /root/catkin_ws/install/time_rclcpp_example/share/time_rclcpp_example/package.xml
[1.385s] Invoked command in '/root/catkin_ws/build/time_rclcpp_example' returned '0': CMAKE_PREFIX_PATH=${CMAKE_PREFIX_PATH}:/root/catkin_ws/install/topic_service_action_rclpy_example:/root/catkin_ws/install/time_rclpy_example:/root/catkin_ws/install/tf2_rclpy_example:/root/catkin_ws/install/ros2env:/root/catkin_ws/install/omo_r1mini_teleop:/root/catkin_ws/install/omo_r1mini_bringup:/root/catkin_ws/install/my_first_ros_rclpy_pkg:/root/catkin_ws/install/logging_rclpy_example:/root/catkin_ws/src/install/topic_service_action_rclpy_example:/root/catkin_ws/src/install/time_rclpy_example:/root/catkin_ws/src/install/tf2_rclpy_example:/root/catkin_ws/src/install/ros2env:/root/catkin_ws/src/install/omo_r1mini_teleop:/root/catkin_ws/src/install/omo_r1mini_bringup:/root/catkin_ws/src/install/my_first_ros_rclpy_pkg:/root/catkin_ws/src/install/logging_rclpy_example:/opt/ros/foxy /usr/bin/cmake --install /root/catkin_ws/build/time_rclcpp_example
