[1.505s] Invoking command in '/root/catkin_ws/build/my_first_ros_rclpy_pkg': PYTHONPATH=/root/catkin_ws/build/my_first_ros_rclpy_pkg/prefix_override:/root/catkin_ws/install/my_first_ros_rclpy_pkg/lib/python3.8/site-packages:${PYTHONPATH} /usr/bin/python3 setup.py develop --editable --build-directory /root/catkin_ws/build/my_first_ros_rclpy_pkg/build --no-deps install_data
[1.741s] running develop
[1.869s] running egg_info
[1.869s] creating my_first_ros_rclpy_pkg.egg-info
[1.869s] writing my_first_ros_rclpy_pkg.egg-info/PKG-INFO
[1.869s] writing dependency_links to my_first_ros_rclpy_pkg.egg-info/dependency_links.txt
[1.869s] writing entry points to my_first_ros_rclpy_pkg.egg-info/entry_points.txt
[1.869s] writing requirements to my_first_ros_rclpy_pkg.egg-info/requires.txt
[1.870s] writing top-level names to my_first_ros_rclpy_pkg.egg-info/top_level.txt
[1.871s] writing manifest file 'my_first_ros_rclpy_pkg.egg-info/SOURCES.txt'
[1.903s] reading manifest file 'my_first_ros_rclpy_pkg.egg-info/SOURCES.txt'
[1.903s] writing manifest file 'my_first_ros_rclpy_pkg.egg-info/SOURCES.txt'
[1.947s] running build_ext
[1.947s] Creating /root/catkin_ws/install/my_first_ros_rclpy_pkg/lib/python3.8/site-packages/site.py
[1.949s] Creating /root/catkin_ws/install/my_first_ros_rclpy_pkg/lib/python3.8/site-packages/my-first-ros-rclpy-pkg.egg-link (link to .)
[1.953s] Installing helloworld_publisher script to /root/catkin_ws/install/my_first_ros_rclpy_pkg/lib/my_first_ros_rclpy_pkg
[1.954s] Installing helloworld_subscriber script to /root/catkin_ws/install/my_first_ros_rclpy_pkg/lib/my_first_ros_rclpy_pkg
[1.955s] 
[1.955s] Installed /root/catkin_ws/build/my_first_ros_rclpy_pkg
[1.955s] running install_data
[1.955s] creating /root/catkin_ws/install/my_first_ros_rclpy_pkg/share/ament_index
[1.955s] creating /root/catkin_ws/install/my_first_ros_rclpy_pkg/share/ament_index/resource_index
[1.955s] creating /root/catkin_ws/install/my_first_ros_rclpy_pkg/share/ament_index/resource_index/packages
[1.955s] copying resource/my_first_ros_rclpy_pkg -> /root/catkin_ws/install/my_first_ros_rclpy_pkg/share/ament_index/resource_index/packages
[1.955s] copying package.xml -> /root/catkin_ws/install/my_first_ros_rclpy_pkg/share/my_first_ros_rclpy_pkg
[2.003s] Invoked command in '/root/catkin_ws/build/my_first_ros_rclpy_pkg' returned '0': PYTHONPATH=/root/catkin_ws/build/my_first_ros_rclpy_pkg/prefix_override:/root/catkin_ws/install/my_first_ros_rclpy_pkg/lib/python3.8/site-packages:${PYTHONPATH} /usr/bin/python3 setup.py develop --editable --build-directory /root/catkin_ws/build/my_first_ros_rclpy_pkg/build --no-deps install_data
