-- The C compiler identification is GNU 9.4.0
-- The CXX compiler identification is GNU 9.4.0
-- Check for working C compiler: /usr/bin/cc
-- Check for working C compiler: /usr/bin/cc -- works
-- Detecting C compiler ABI info
-- Detecting C compiler ABI info - done
-- Detecting C compile features
-- Detecting C compile features - done
-- Check for working CXX compiler: /usr/bin/c++
-- Check for working CXX compiler: /usr/bin/c++ -- works
-- Detecting CXX compiler ABI info
-- Detecting CXX compiler ABI info - done
-- Detecting CXX compile features
-- Detecting CXX compile features - done
-- Found ament_cmake: 0.9.11 (/opt/ros/foxy/share/ament_cmake/cmake)
-- Found PythonInterp: /usr/bin/python3 (found suitable version "3.8.10", minimum required is "3") 
-- Using PYTHON_EXECUTABLE: /usr/bin/python3
-- Override CMake install command with custom implementation using symlinks instead of copying resources
-- Found urdf: 2.4.0 (/opt/ros/foxy/share/urdf/cmake)
-- Configuring done
-- Generating done
-- Build files have been written to: /root/catkin_ws/build/omo_r1_description
-- Install configuration: ""
-- Execute custom install script
-- Symlinking: /root/catkin_ws/install/omo_r1_description/share/omo_r1_description/meshes/bases/omo_r1_body.stl
-- Symlinking: /root/catkin_ws/install/omo_r1_description/share/omo_r1_description/meshes/sensors/ydlidar_assy.dae
-- Symlinking: /root/catkin_ws/install/omo_r1_description/share/omo_r1_description/meshes/wheels/omo_r1_wheel.stl
-- Symlinking: /root/catkin_ws/install/omo_r1_description/share/omo_r1_description/rviz/model.rviz
-- Symlinking: /root/catkin_ws/install/omo_r1_description/share/omo_r1_description/urdf/omo_r1.urdf
-- Symlinking: /root/catkin_ws/install/omo_r1_description/share/omo_r1_description/launch/omo_r1_description.launch.py
-- Symlinking: /root/catkin_ws/install/omo_r1_description/share/omo_r1_description/launch/omo_r1_description_rviz.launch.py
-- Symlinking: /root/catkin_ws/install/omo_r1_description/share/omo_r1_description/launch/omo_r1_state_publisher.launch.py
-- Symlinking: /root/catkin_ws/install/omo_r1_description/share/ament_index/resource_index/package_run_dependencies/omo_r1_description
-- Symlinking: /root/catkin_ws/install/omo_r1_description/share/ament_index/resource_index/parent_prefix_path/omo_r1_description
-- Symlinking: /root/catkin_ws/install/omo_r1_description/share/omo_r1_description/environment/ament_prefix_path.sh
-- Symlinking: /root/catkin_ws/install/omo_r1_description/share/omo_r1_description/environment/ament_prefix_path.dsv
-- Symlinking: /root/catkin_ws/install/omo_r1_description/share/omo_r1_description/environment/path.sh
-- Symlinking: /root/catkin_ws/install/omo_r1_description/share/omo_r1_description/environment/path.dsv
-- Symlinking: /root/catkin_ws/install/omo_r1_description/share/omo_r1_description/local_setup.bash
-- Symlinking: /root/catkin_ws/install/omo_r1_description/share/omo_r1_description/local_setup.sh
-- Symlinking: /root/catkin_ws/install/omo_r1_description/share/omo_r1_description/local_setup.zsh
-- Symlinking: /root/catkin_ws/install/omo_r1_description/share/omo_r1_description/local_setup.dsv
-- Symlinking: /root/catkin_ws/install/omo_r1_description/share/omo_r1_description/package.dsv
-- Symlinking: /root/catkin_ws/install/omo_r1_description/share/ament_index/resource_index/packages/omo_r1_description
-- Symlinking: /root/catkin_ws/install/omo_r1_description/share/omo_r1_description/cmake/omo_r1_descriptionConfig.cmake
-- Symlinking: /root/catkin_ws/install/omo_r1_description/share/omo_r1_description/cmake/omo_r1_descriptionConfig-version.cmake
-- Symlinking: /root/catkin_ws/install/omo_r1_description/share/omo_r1_description/package.xml
