[0.125s] Invoking command in '/root/catkin_ws/build/omo_r1_description': CMAKE_PREFIX_PATH=${CMAKE_PREFIX_PATH}:/root/catkin_ws/install/topic_service_action_rclpy_example:/root/catkin_ws/install/time_rclpy_example:/root/catkin_ws/install/tf2_rclpy_example:/root/catkin_ws/install/ros2env:/root/catkin_ws/install/omo_r1mini_teleop:/root/catkin_ws/install/omo_r1mini_bringup:/root/catkin_ws/install/my_first_ros_rclpy_pkg:/root/catkin_ws/install/logging_rclpy_example:/root/catkin_ws/install/iahrs_driver:/root/install/topic_service_action_rclpy_example:/root/install/time_rclpy_example:/root/install/tf2_rclpy_example:/root/install/ros2env:/root/install/omo_r1mini_teleop:/root/install/omo_r1mini_bringup:/root/install/my_first_ros_rclpy_pkg:/root/install/logging_rclpy_example:/opt/ros/foxy /usr/bin/cmake --build /root/catkin_ws/build/omo_r1_description -- -j12 -l12
[0.739s] -- Found ament_cmake: 0.9.11 (/opt/ros/foxy/share/ament_cmake/cmake)
[0.739s] -- Using PYTHON_EXECUTABLE: /usr/bin/python3
[0.740s] -- Override CMake install command with custom implementation using symlinks instead of copying resources
[0.741s] -- Found urdf: 2.4.0 (/opt/ros/foxy/share/urdf/cmake)
[0.741s] -- Configuring done
[0.742s] -- Generating done
[0.744s] -- Build files have been written to: /root/catkin_ws/build/omo_r1_description
[0.759s] Invoked command in '/root/catkin_ws/build/omo_r1_description' returned '0': CMAKE_PREFIX_PATH=${CMAKE_PREFIX_PATH}:/root/catkin_ws/install/topic_service_action_rclpy_example:/root/catkin_ws/install/time_rclpy_example:/root/catkin_ws/install/tf2_rclpy_example:/root/catkin_ws/install/ros2env:/root/catkin_ws/install/omo_r1mini_teleop:/root/catkin_ws/install/omo_r1mini_bringup:/root/catkin_ws/install/my_first_ros_rclpy_pkg:/root/catkin_ws/install/logging_rclpy_example:/root/catkin_ws/install/iahrs_driver:/root/install/topic_service_action_rclpy_example:/root/install/time_rclpy_example:/root/install/tf2_rclpy_example:/root/install/ros2env:/root/install/omo_r1mini_teleop:/root/install/omo_r1mini_bringup:/root/install/my_first_ros_rclpy_pkg:/root/install/logging_rclpy_example:/opt/ros/foxy /usr/bin/cmake --build /root/catkin_ws/build/omo_r1_description -- -j12 -l12
[0.801s] Invoking command in '/root/catkin_ws/build/omo_r1_description': CMAKE_PREFIX_PATH=${CMAKE_PREFIX_PATH}:/root/catkin_ws/install/topic_service_action_rclpy_example:/root/catkin_ws/install/time_rclpy_example:/root/catkin_ws/install/tf2_rclpy_example:/root/catkin_ws/install/ros2env:/root/catkin_ws/install/omo_r1mini_teleop:/root/catkin_ws/install/omo_r1mini_bringup:/root/catkin_ws/install/my_first_ros_rclpy_pkg:/root/catkin_ws/install/logging_rclpy_example:/root/catkin_ws/install/iahrs_driver:/root/install/topic_service_action_rclpy_example:/root/install/time_rclpy_example:/root/install/tf2_rclpy_example:/root/install/ros2env:/root/install/omo_r1mini_teleop:/root/install/omo_r1mini_bringup:/root/install/my_first_ros_rclpy_pkg:/root/install/logging_rclpy_example:/opt/ros/foxy /usr/bin/cmake --install /root/catkin_ws/build/omo_r1_description
[0.818s] -- Install configuration: ""
[0.818s] -- Execute custom install script
[0.818s] -- Up-to-date symlink: /root/catkin_ws/install/omo_r1_description/share/omo_r1_description/meshes/bases/omo_r1_body.stl
[0.818s] -- Up-to-date symlink: /root/catkin_ws/install/omo_r1_description/share/omo_r1_description/meshes/sensors/ydlidar_assy.dae
[0.818s] -- Up-to-date symlink: /root/catkin_ws/install/omo_r1_description/share/omo_r1_description/meshes/wheels/omo_r1_wheel.stl
[0.818s] -- Up-to-date symlink: /root/catkin_ws/install/omo_r1_description/share/omo_r1_description/rviz/model.rviz
[0.819s] -- Up-to-date symlink: /root/catkin_ws/install/omo_r1_description/share/omo_r1_description/urdf/omo_r1.urdf
[0.819s] -- Up-to-date symlink: /root/catkin_ws/install/omo_r1_description/share/omo_r1_description/launch/omo_r1_description.launch.py
[0.819s] -- Up-to-date symlink: /root/catkin_ws/install/omo_r1_description/share/omo_r1_description/launch/omo_r1_description_rviz.launch.py
[0.819s] -- Up-to-date symlink: /root/catkin_ws/install/omo_r1_description/share/omo_r1_description/launch/omo_r1_state_publisher.launch.py
[0.820s] -- Up-to-date symlink: /root/catkin_ws/install/omo_r1_description/share/ament_index/resource_index/package_run_dependencies/omo_r1_description
[0.823s] -- Up-to-date symlink: /root/catkin_ws/install/omo_r1_description/share/ament_index/resource_index/parent_prefix_path/omo_r1_description
[0.823s] -- Up-to-date symlink: /root/catkin_ws/install/omo_r1_description/share/omo_r1_description/environment/ament_prefix_path.sh
[0.824s] -- Up-to-date symlink: /root/catkin_ws/install/omo_r1_description/share/omo_r1_description/environment/ament_prefix_path.dsv
[0.824s] -- Up-to-date symlink: /root/catkin_ws/install/omo_r1_description/share/omo_r1_description/environment/path.sh
[0.824s] -- Up-to-date symlink: /root/catkin_ws/install/omo_r1_description/share/omo_r1_description/environment/path.dsv
[0.824s] -- Up-to-date symlink: /root/catkin_ws/install/omo_r1_description/share/omo_r1_description/local_setup.bash
[0.824s] -- Up-to-date symlink: /root/catkin_ws/install/omo_r1_description/share/omo_r1_description/local_setup.sh
[0.824s] -- Up-to-date symlink: /root/catkin_ws/install/omo_r1_description/share/omo_r1_description/local_setup.zsh
[0.824s] -- Up-to-date symlink: /root/catkin_ws/install/omo_r1_description/share/omo_r1_description/local_setup.dsv
[0.825s] -- Symlinking: /root/catkin_ws/install/omo_r1_description/share/omo_r1_description/package.dsv
[0.837s] -- Up-to-date symlink: /root/catkin_ws/install/omo_r1_description/share/ament_index/resource_index/packages/omo_r1_description
[0.837s] -- Up-to-date symlink: /root/catkin_ws/install/omo_r1_description/share/omo_r1_description/cmake/omo_r1_descriptionConfig.cmake
[0.838s] -- Up-to-date symlink: /root/catkin_ws/install/omo_r1_description/share/omo_r1_description/cmake/omo_r1_descriptionConfig-version.cmake
[0.839s] -- Up-to-date symlink: /root/catkin_ws/install/omo_r1_description/share/omo_r1_description/package.xml
[0.912s] Invoked command in '/root/catkin_ws/build/omo_r1_description' returned '0': CMAKE_PREFIX_PATH=${CMAKE_PREFIX_PATH}:/root/catkin_ws/install/topic_service_action_rclpy_example:/root/catkin_ws/install/time_rclpy_example:/root/catkin_ws/install/tf2_rclpy_example:/root/catkin_ws/install/ros2env:/root/catkin_ws/install/omo_r1mini_teleop:/root/catkin_ws/install/omo_r1mini_bringup:/root/catkin_ws/install/my_first_ros_rclpy_pkg:/root/catkin_ws/install/logging_rclpy_example:/root/catkin_ws/install/iahrs_driver:/root/install/topic_service_action_rclpy_example:/root/install/time_rclpy_example:/root/install/tf2_rclpy_example:/root/install/ros2env:/root/install/omo_r1mini_teleop:/root/install/omo_r1mini_bringup:/root/install/my_first_ros_rclpy_pkg:/root/install/logging_rclpy_example:/opt/ros/foxy /usr/bin/cmake --install /root/catkin_ws/build/omo_r1_description
