[0.878s] Invoking command in '/root/catkin_ws/build/micro_ros_demos_rclc': CMAKE_PREFIX_PATH=/root/catkin_ws/install/rmw_microxrcedds:/root/catkin_ws/install/rclc:/root/catkin_ws/install/rosidl_typesupport_microxrcedds_cpp:/root/catkin_ws/install/geometry_msgs:/root/catkin_ws/install/example_interfaces:/root/catkin_ws/install/std_msgs:/root/catkin_ws/install/rosidl_typesupport_microxrcedds_c:/root/catkin_ws/install/rcl_interfaces:/root/catkin_ws/install/microxrcedds_client:/root/catkin_ws/install/complex_msgs:/root/catkin_ws/install/action_msgs:/root/catkin_ws/install/unique_identifier_msgs:/root/catkin_ws/install/microcdr:/root/catkin_ws/install/micro_ros_msgs:/root/catkin_ws/install/builtin_interfaces:/root/catkin_ws/install/ydlidar_sdk:/root/catkin_ws/install/ydlidar_ros2_driver:/root/catkin_ws/install/common_interfaces:/root/catkin_ws/install/visualization_msgs:/root/catkin_ws/install/test_msgs:/root/catkin_ws/install/micro_ros_demos_rclc:/root/catkin_ws/install/udp_driver:/root/catkin_ws/install/trajectory_msgs:/root/catkin_ws/install/topic_service_action_rclcpp_example:/root/catkin_ws/install/time_rclcpp_example:/root/catkin_ws/install/tf2_rclcpp_example:/root/catkin_ws/install/testbot_description:/root/catkin_ws/install/stereo_msgs:/root/catkin_ws/install/rqt_example:/root/catkin_ws/install/std_srvs:/root/catkin_ws/install/shape_msgs:/root/catkin_ws/install/serial_driver:/root/catkin_ws/install/omo_r1mini_gazebo:/root/catkin_ws/install/sensor_msgs:/root/catkin_ws/install/omo_r1mini:/root/catkin_ws/install/nav_msgs:/root/catkin_ws/install/my_first_ros_rclcpp_pkg:/root/catkin_ws/install/io_context:/root/catkin_ws/install/diagnostic_msgs:/root/catkin_ws/install/drive_base_msgs:/root/catkin_ws/install/actionlib_msgs:/root/catkin_ws/install/statistics_msgs:/root/catkin_ws/install/rosidl_typesupport_microxrcedds_test_msg:/root/catkin_ws/install/rosidl_typesupport_microxrcedds_cpp_tests:/root/catkin_ws/install/rosidl_typesupport_microxrcedds_c_tests:/root/catkin_ws/install/rosgraph_msgs:/root/catkin_ws/install/rclc_parameter:/root/catkin_ws/install/composition_interfaces:/root/catkin_ws/install/omo_r1mini_navigation2:/root/catkin_ws/install/omo_r1mini_interfaces:/root/catkin_ws/install/omo_r1mini_description:/root/catkin_ws/install/omo_r1mini_cartographer:/root/catkin_ws/install/msg_srv_action_interface_example:/root/catkin_ws/install/micro_ros_setup:/root/catkin_ws/install/micro_ros_agent:/root/catkin_ws/install/micro_ros_demos_rclcpp:/root/catkin_ws/install/lifecycle_msgs:/root/catkin_ws/install/iahrs_driver_interface:/root/catkin_ws/install/asio_cmake_module:/root/install/ydlidar_sdk:/root/install/ydlidar_ros2_driver:/root/install/udp_driver:/root/install/topic_service_action_rclcpp_example:/root/install/time_rclcpp_example:/root/install/tf2_rclcpp_example:/root/install/testbot_description:/root/install/serial_driver:/root/install/rqt_example:/root/install/omo_r1mini:/root/install/omo_r1mini_navigation2:/root/install/omo_r1mini_interfaces:/root/install/omo_r1mini_gazebo:/root/install/omo_r1mini_description:/root/install/omo_r1mini_cartographer:/root/install/my_first_ros_rclcpp_pkg:/root/install/msg_srv_action_interface_example:/root/install/io_context:/root/install/asio_cmake_module:/root/catkin_ws/install/topic_service_action_rclpy_example:/root/catkin_ws/install/time_rclpy_example:/root/catkin_ws/install/tf2_rclpy_example:/root/catkin_ws/install/sensor_msgs_py:/root/catkin_ws/install/omo_r1mini_teleop:/root/catkin_ws/install/omo_r1mini_bringup:/root/catkin_ws/install/my_first_ros_rclpy_pkg:/root/catkin_ws/install/logging_rclpy_example:/root/catkin_ws/install/iahrs_driver:/root/catkin_ws/install/ros2env:/root/install/topic_service_action_rclpy_example:/root/install/time_rclpy_example:/root/install/tf2_rclpy_example:/root/install/ros2env:/root/install/omo_r1mini_teleop:/root/install/omo_r1mini_bringup:/root/install/my_first_ros_rclpy_pkg:/root/install/logging_rclpy_example:/opt/ros/foxy LD_LIBRARY_PATH=/root/catkin_ws/install/rmw_microxrcedds/lib:/root/catkin_ws/install/rclc/lib:/root/catkin_ws/install/rosidl_typesupport_microxrcedds_cpp/lib:/root/catkin_ws/install/geometry_msgs/lib:/root/catkin_ws/install/example_interfaces/lib:/root/catkin_ws/install/std_msgs/lib:/root/catkin_ws/install/rosidl_typesupport_microxrcedds_c/lib:/root/catkin_ws/install/rcl_interfaces/lib:/root/catkin_ws/install/microxrcedds_client/lib:/root/catkin_ws/install/complex_msgs/lib:/root/catkin_ws/install/action_msgs/lib:/root/catkin_ws/install/unique_identifier_msgs/lib:/root/catkin_ws/install/microcdr/lib:/root/catkin_ws/install/micro_ros_msgs/lib:/root/catkin_ws/install/builtin_interfaces/lib:/root/catkin_ws/install/ydlidar_sdk/lib:/root/catkin_ws/install/visualization_msgs/lib:/root/catkin_ws/install/test_msgs/lib:/root/catkin_ws/install/udp_driver/lib:/root/catkin_ws/install/trajectory_msgs/lib:/root/catkin_ws/install/stereo_msgs/lib:/root/catkin_ws/install/std_srvs/lib:/root/catkin_ws/install/shape_msgs/lib:/root/catkin_ws/install/serial_driver/lib:/root/catkin_ws/install/sensor_msgs/lib:/root/catkin_ws/install/nav_msgs/lib:/root/catkin_ws/install/io_context/lib:/root/catkin_ws/install/diagnostic_msgs/lib:/root/catkin_ws/install/drive_base_msgs/lib:/root/catkin_ws/install/actionlib_msgs/lib:/root/catkin_ws/install/statistics_msgs/lib:/root/catkin_ws/install/rosgraph_msgs/lib:/root/catkin_ws/install/rclc_parameter/lib:/root/catkin_ws/install/composition_interfaces/lib:/root/catkin_ws/install/omo_r1mini_interfaces/lib:/root/catkin_ws/install/msg_srv_action_interface_example/lib:/root/catkin_ws/install/micro_ros_agent/lib:/root/catkin_ws/install/lifecycle_msgs/lib:/root/catkin_ws/install/iahrs_driver_interface/lib:/root/install/udp_driver/lib:/root/install/serial_driver/lib:/root/install/omo_r1mini_interfaces/lib:/root/install/msg_srv_action_interface_example/lib:/root/install/io_context/lib:/usr/lib/x86_64-linux-gnu/gazebo-11/plugins:/opt/ros/foxy/opt/yaml_cpp_vendor/lib:/opt/ros/foxy/opt/rviz_ogre_vendor/lib:/opt/ros/foxy/lib/x86_64-linux-gnu:/opt/ros/foxy/lib PYTHONPATH=/root/catkin_ws/install/rosidl_typesupport_microxrcedds_cpp/lib/python3.8/site-packages:/root/catkin_ws/install/geometry_msgs/lib/python3.8/site-packages:/root/catkin_ws/install/example_interfaces/lib/python3.8/site-packages:/root/catkin_ws/install/std_msgs/lib/python3.8/site-packages:/root/catkin_ws/install/rosidl_typesupport_microxrcedds_c/lib/python3.8/site-packages:/root/catkin_ws/install/rcl_interfaces/lib/python3.8/site-packages:/root/catkin_ws/install/complex_msgs/lib/python3.8/site-packages:/root/catkin_ws/install/action_msgs/lib/python3.8/site-packages:/root/catkin_ws/install/unique_identifier_msgs/lib/python3.8/site-packages:/root/catkin_ws/install/micro_ros_msgs/lib/python3.8/site-packages:/root/catkin_ws/install/builtin_interfaces/lib/python3.8/site-packages:/root/catkin_ws/install/visualization_msgs/lib/python3.8/site-packages:/root/catkin_ws/install/test_msgs/lib/python3.8/site-packages:/root/catkin_ws/install/trajectory_msgs/lib/python3.8/site-packages:/root/catkin_ws/build/topic_service_action_rclpy_example:/root/catkin_ws/install/topic_service_action_rclpy_example/lib/python3.8/site-packages:/root/catkin_ws/build/time_rclpy_example:/root/catkin_ws/install/time_rclpy_example/lib/python3.8/site-packages:/root/catkin_ws/build/tf2_rclpy_example:/root/catkin_ws/install/tf2_rclpy_example/lib/python3.8/site-packages:/root/catkin_ws/install/stereo_msgs/lib/python3.8/site-packages:/root/catkin_ws/install/rqt_example/lib/python3.8/site-packages:/root/catkin_ws/install/std_srvs/lib/python3.8/site-packages:/root/catkin_ws/install/shape_msgs/lib/python3.8/site-packages:/root/catkin_ws/build/sensor_msgs_py:/root/catkin_ws/install/sensor_msgs_py/lib/python3.8/site-packages:/root/catkin_ws/install/sensor_msgs/lib/python3.8/site-packages:/root/catkin_ws/build/omo_r1mini_teleop:/root/catkin_ws/install/omo_r1mini_teleop/lib/python3.8/site-packages:/root/catkin_ws/build/omo_r1mini_bringup:/root/catkin_ws/install/omo_r1mini_bringup/lib/python3.8/site-packages:/root/catkin_ws/install/nav_msgs/lib/python3.8/site-packages:/root/catkin_ws/build/my_first_ros_rclpy_pkg:/root/catkin_ws/install/my_first_ros_rclpy_pkg/lib/python3.8/site-packages:/root/catkin_ws/build/logging_rclpy_example:/root/catkin_ws/install/logging_rclpy_example/lib/python3.8/site-packages:/root/catkin_ws/build/iahrs_driver:/root/catkin_ws/install/iahrs_driver/lib/python3.8/site-packages:/root/catkin_ws/install/diagnostic_msgs/lib/python3.8/site-packages:/root/catkin_ws/install/drive_base_msgs/lib/python3.8/site-packages:/root/catkin_ws/install/actionlib_msgs/lib/python3.8/site-packages:/root/catkin_ws/install/statistics_msgs/lib/python3.8/site-packages:/root/catkin_ws/install/rosgraph_msgs/lib/python3.8/site-packages:/root/catkin_ws/build/ros2env:/root/catkin_ws/install/ros2env/lib/python3.8/site-packages:/root/catkin_ws/install/composition_interfaces/lib/python3.8/site-packages:/root/catkin_ws/install/omo_r1mini_interfaces/lib/python3.8/site-packages:/root/catkin_ws/install/msg_srv_action_interface_example/lib/python3.8/site-packages:/root/catkin_ws/install/lifecycle_msgs/lib/python3.8/site-packages:/root/catkin_ws/install/iahrs_driver_interface/lib/python3.8/site-packages:/root/build/topic_service_action_rclpy_example:/root/install/topic_service_action_rclpy_example/lib/python3.8/site-packages:/root/build/time_rclpy_example:/root/install/time_rclpy_example/lib/python3.8/site-packages:/root/build/tf2_rclpy_example:/root/install/tf2_rclpy_example/lib/python3.8/site-packages:/root/install/rqt_example/lib/python3.8/site-packages:/root/build/ros2env:/root/install/ros2env/lib/python3.8/site-packages:/root/build/omo_r1mini_teleop:/root/install/omo_r1mini_teleop/lib/python3.8/site-packages:/root/build/omo_r1mini_bringup:/root/install/omo_r1mini_bringup/lib/python3.8/site-packages:/root/install/omo_r1mini_interfaces/lib/python3.8/site-packages:/root/build/my_first_ros_rclpy_pkg:/root/install/my_first_ros_rclpy_pkg/lib/python3.8/site-packages:/root/install/msg_srv_action_interface_example/lib/python3.8/site-packages:/root/build/logging_rclpy_example:/root/install/logging_rclpy_example/lib/python3.8/site-packages:/opt/ros/foxy/lib/python3.8/site-packages /usr/bin/cmake --build /root/catkin_ws/build/micro_ros_demos_rclc -- -j12 -l12
[1.009s] [  1%] [34m[1mPerforming build step for 'fibonacci_action_server'[0m
[1.012s] [  1%] [34m[1mPerforming build step for 'fibonacci_action_client'[0m
[1.021s] [  1%] [34m[1mPerforming build step for 'subscription_count'[0m
[1.029s] [  2%] [34m[1mPerforming build step for 'configured_publisher'[0m
[1.049s] [  3%] [34m[1mPerforming build step for 'configured_subscriber'[0m
[1.068s] [  4%] [34m[1mPerforming build step for 'graph_visualizer'[0m
[1.080s] [  5%] [34m[1mPerforming build step for 'addtwoints_client'[0m
[1.087s] [  5%] [34m[1mPerforming build step for 'int32_subscriber'[0m
[1.093s] [  5%] [34m[1mPerforming build step for 'int32_publisher'[0m
[1.117s] [  6%] [34m[1mPerforming build step for 'fragmented_publication'[0m
[1.154s] [  6%] [34m[1mPerforming build step for 'publisher_count'[0m
[1.193s] [  6%] [34m[1mPerforming build step for 'addtwoints_server'[0m
[1.253s] [100%] Built target fibonacci_action_server
[1.285s] [100%] Built target fibonacci_action_client
[1.286s] [100%] Built target subscription_count
[1.303s] [100%] Built target configured_subscriber
[1.309s] [100%] Built target configured_publisher
[1.332s] [100%] Built target graph_visualizer
[1.336s] [100%] Built target addtwoints_client
[1.345s] [  6%] [34m[1mPerforming install step for 'fibonacci_action_server'[0m
[1.347s] [100%] Built target int32_subscriber
[1.355s] [  7%] [34m[1mPerforming install step for 'subscription_count'[0m
[1.358s] [100%] Built target fragmented_publication
[1.366s] [100%] Built target int32_publisher
[1.372s] [  8%] [34m[1mPerforming install step for 'fibonacci_action_client'[0m
[1.397s] [  8%] [34m[1mPerforming install step for 'configured_publisher'[0m
[1.413s] [  9%] [34m[1mPerforming install step for 'configured_subscriber'[0m
[1.419s] [100%] Built target addtwoints_server
[1.421s] [  9%] [34m[1mPerforming install step for 'graph_visualizer'[0m
[1.425s] [100%] Built target publisher_count
[1.439s] [ 11%] [34m[1mPerforming install step for 'int32_subscriber'[0m
[1.439s] [ 11%] [34m[1mPerforming install step for 'addtwoints_client'[0m
[1.453s] [ 11%] [34m[1mPerforming install step for 'int32_publisher'[0m
[1.459s] [ 12%] [34m[1mPerforming install step for 'fragmented_publication'[0m
[1.482s] [ 13%] [34m[1mPerforming install step for 'addtwoints_server'[0m
[1.544s] [ 14%] [34m[1mPerforming install step for 'publisher_count'[0m
[1.560s] [100%] Built target fibonacci_action_server
[1.599s] [100%] Built target subscription_count
[1.625s] [100%] Built target graph_visualizer
[1.631s] [100%] Built target fibonacci_action_client
[1.631s] [100%] Built target configured_publisher
[1.657s] [100%] Built target configured_subscriber
[1.680s] [100%] Built target int32_publisher
[1.680s] [100%] Built target fragmented_publication
[1.680s] [100%] Built target int32_subscriber
[1.681s] [36mInstall the project...[0m
[1.684s] [36mInstall the project...[0m
[1.691s] [100%] Built target addtwoints_server
[1.707s] [36mInstall the project...[0m
[1.719s] [36mInstall the project...[0m
[1.719s] [36mInstall the project...[0m
[1.735s] [100%] Built target publisher_count
[1.735s] -- Install configuration: ""
[1.735s] -- Up-to-date: /root/catkin_ws/build/micro_ros_demos_rclc/temp_install/subscription_count/subscription_count
[1.735s] [100%] Built target addtwoints_client
[1.738s] -- Install configuration: ""
[1.738s] -- Up-to-date: /root/catkin_ws/build/micro_ros_demos_rclc/temp_install/fibonacci_action_client/fibonacci_action_client
[1.740s] -- Install configuration: ""
[1.740s] -- Up-to-date: /root/catkin_ws/build/micro_ros_demos_rclc/temp_install/graph_visualizer/graph_visualizer
[1.742s] -- Install configuration: ""
[1.743s] -- Up-to-date: /root/catkin_ws/build/micro_ros_demos_rclc/temp_install/configured_publisher/configured_publisher
[1.755s] -- Install configuration: ""
[1.756s] -- Up-to-date: /root/catkin_ws/build/micro_ros_demos_rclc/temp_install/fibonacci_action_server/fibonacci_action_server
[1.764s] [36mInstall the project...[0m
[1.766s] [36mInstall the project...[0m
[1.775s] [36mInstall the project...[0m
[1.791s] [36mInstall the project...[0m
[1.801s] -- Install configuration: ""
[1.802s] -- Up-to-date: /root/catkin_ws/build/micro_ros_demos_rclc/temp_install/fragmented_publication/fragmented_publication
[1.806s] -- Install configuration: ""
[1.807s] -- Up-to-date: /root/catkin_ws/build/micro_ros_demos_rclc/temp_install/int32_subscriber/int32_subscriber
[1.815s] -- Install configuration: ""
[1.815s] -- Up-to-date: /root/catkin_ws/build/micro_ros_demos_rclc/temp_install/addtwoints_server/addtwoints_server
[1.818s] -- Install configuration: ""
[1.818s] -- Up-to-date: /root/catkin_ws/build/micro_ros_demos_rclc/temp_install/configured_subscriber/configured_subscriber
[1.823s] [36mInstall the project...[0m
[1.825s] [ 15%] [34m[1mCompleted 'configured_publisher'[0m
[1.829s] [ 15%] [34m[1mCompleted 'subscription_count'[0m
[1.840s] [ 15%] [34m[1mCompleted 'fibonacci_action_client'[0m
[1.842s] [ 17%] [34m[1mCompleted 'fibonacci_action_server'[0m
[1.842s] [ 17%] [34m[1mCompleted 'graph_visualizer'[0m
[1.843s] [36mInstall the project...[0m
[1.853s] [36mInstall the project...[0m
[1.864s] -- Install configuration: ""
[1.864s] -- Up-to-date: /root/catkin_ws/build/micro_ros_demos_rclc/temp_install/publisher_count/publisher_count
[1.881s] -- Install configuration: ""
[1.881s] -- Up-to-date: /root/catkin_ws/build/micro_ros_demos_rclc/temp_install/addtwoints_client/addtwoints_client
[1.904s] [ 17%] [34m[1mCompleted 'fragmented_publication'[0m
[1.904s] -- Install configuration: ""
[1.904s] -- Up-to-date: /root/catkin_ws/build/micro_ros_demos_rclc/temp_install/int32_publisher/int32_publisher
[1.909s] [ 17%] [34m[1mCompleted 'int32_subscriber'[0m
[1.929s] [ 17%] [34m[1mCompleted 'configured_subscriber'[0m
[1.957s] [ 17%] [34m[1mCompleted 'publisher_count'[0m
[1.962s] [ 17%] [34m[1mCompleted 'addtwoints_server'[0m
[1.992s] [ 17%] [34m[1mCompleted 'addtwoints_client'[0m
[2.005s] [ 20%] Built target configured_publisher
[2.011s] [ 23%] Built target fibonacci_action_server
[2.020s] [ 26%] Built target graph_visualizer
[2.021s] [ 27%] [34m[1mCompleted 'int32_publisher'[0m
[2.055s] [ 30%] Built target fibonacci_action_client
[2.056s] [ 33%] Built target subscription_count
[2.089s] [ 35%] Built target fragmented_publication
[2.097s] [ 38%] Built target int32_subscriber
[2.109s] [ 40%] Built target configured_subscriber
[2.116s] [ 42%] Built target addtwoints_client
[2.125s] [ 43%] [34m[1mPerforming build step for 'int32_multinode'[0m
[2.127s] [ 46%] Built target publisher_count
[2.146s] [ 47%] [34m[1mPerforming build step for 'fragmented_subscription'[0m
[2.146s] [ 47%] [34m[1mPerforming build step for 'timer'[0m
[2.151s] [ 50%] Built target addtwoints_server
[2.154s] [ 53%] Built target int32_publisher
[2.158s] [ 54%] [34m[1mPerforming build step for 'ping_uros_agent'[0m
[2.160s] [ 55%] [34m[1mPerforming build step for 'complex_msg_publisher'[0m
[2.185s] [ 55%] [34m[1mPerforming build step for 'ping_pong'[0m
[2.195s] [ 55%] [34m[1mPerforming build step for 'complex_msg_subscriber'[0m
[2.217s] [ 56%] [34m[1mPerforming build step for 'autodiscover_agent'[0m
[2.225s] [ 57%] [34m[1mPerforming build step for 'string_subscriber'[0m
[2.245s] [ 58%] [34m[1mPerforming build step for 'int32_publisher_subscriber'[0m
[2.266s] [ 58%] [34m[1mPerforming build step for 'string_publisher'[0m
[2.295s] [100%] Built target int32_multinode
[2.317s] [100%] Built target fragmented_subscription
[2.335s] [100%] Built target complex_msg_publisher
[2.346s] [100%] Built target ping_uros_agent
[2.359s] [100%] Built target ping_pong
[2.364s] [ 58%] [34m[1mPerforming install step for 'fragmented_subscription'[0m
[2.372s] [100%] Built target timer
[2.384s] [ 59%] [34m[1mPerforming install step for 'int32_multinode'[0m
[2.388s] [ 60%] [34m[1mPerforming install step for 'complex_msg_publisher'[0m
[2.392s] [100%] Built target complex_msg_subscriber
[2.400s] [100%] Built target int32_publisher_subscriber
[2.409s] [ 60%] [34m[1mPerforming install step for 'ping_pong'[0m
[2.415s] [ 61%] [34m[1mPerforming install step for 'ping_uros_agent'[0m
[2.415s] [100%] Built target string_subscriber
[2.430s] [100%] Built target autodiscover_agent
[2.439s] [ 61%] [34m[1mPerforming install step for 'timer'[0m
[2.462s] [ 62%] [34m[1mPerforming install step for 'complex_msg_subscriber'[0m
[2.479s] [ 62%] [34m[1mPerforming install step for 'int32_publisher_subscriber'[0m
[2.488s] [ 62%] [34m[1mPerforming install step for 'autodiscover_agent'[0m
[2.505s] [ 63%] [34m[1mPerforming install step for 'string_subscriber'[0m
[2.521s] [100%] Built target string_publisher
[2.545s] [100%] Built target fragmented_subscription
[2.563s] [100%] Built target complex_msg_publisher
[2.584s] [100%] Built target int32_multinode
[2.595s] [ 63%] [34m[1mPerforming install step for 'string_publisher'[0m
[2.602s] [100%] Built target ping_pong
[2.612s] [100%] Built target timer
[2.659s] [100%] Built target ping_uros_agent
[2.659s] [36mInstall the project...[0m
[2.660s] [36mInstall the project...[0m
[2.666s] [36mInstall the project...[0m
[2.670s] [100%] Built target complex_msg_subscriber
[2.683s] -- Install configuration: ""
[2.683s] -- Up-to-date: /root/catkin_ws/build/micro_ros_demos_rclc/temp_install/complex_msg_publisher/complex_msg_publisher
[2.687s] [36mInstall the project...[0m
[2.689s] [100%] Built target autodiscover_agent
[2.691s] -- Install configuration: ""
[2.692s] -- Up-to-date: /root/catkin_ws/build/micro_ros_demos_rclc/temp_install/ping_pong/ping_pong
[2.695s] -- Install configuration: ""
[2.695s] -- Up-to-date: /root/catkin_ws/build/micro_ros_demos_rclc/temp_install/fragmented_subscription/fragmented_subscription
[2.712s] [100%] Built target int32_publisher_subscriber
[2.712s] [36mInstall the project...[0m
[2.713s] -- Install configuration: ""
[2.713s] -- Up-to-date: /root/catkin_ws/build/micro_ros_demos_rclc/temp_install/timer/timer
[2.713s] [100%] Built target string_subscriber
[2.728s] [36mInstall the project...[0m
[2.739s] [ 64%] [34m[1mCompleted 'fragmented_subscription'[0m
[2.740s] [ 65%] [34m[1mCompleted 'ping_pong'[0m
[2.747s] -- Install configuration: ""
[2.748s] -- Up-to-date: /root/catkin_ws/build/micro_ros_demos_rclc/temp_install/ping_uros_agent/ping_uros_agent
[2.750s] -- Install configuration: ""
[2.751s] -- Up-to-date: /root/catkin_ws/build/micro_ros_demos_rclc/temp_install/int32_multinode/int32_multinode
[2.754s] [100%] Built target string_publisher
[2.790s] [36mInstall the project...[0m
[2.792s] [36mInstall the project...[0m
[2.793s] [ 65%] [34m[1mCompleted 'complex_msg_publisher'[0m
[2.799s] [ 66%] [34m[1mCompleted 'ping_uros_agent'[0m
[2.806s] [36mInstall the project...[0m
[2.811s] [ 67%] [34m[1mCompleted 'timer'[0m
[2.814s] -- Install configuration: ""
[2.814s] -- Up-to-date: /root/catkin_ws/build/micro_ros_demos_rclc/temp_install/string_subscriber/string_subscriber
[2.814s] -- Install configuration: ""
[2.814s] -- Up-to-date: /root/catkin_ws/build/micro_ros_demos_rclc/temp_install/complex_msg_subscriber/complex_msg_subscriber
[2.817s] [36mInstall the project...[0m
[2.827s] [36mInstall the project...[0m
[2.857s] -- Install configuration: ""
[2.858s] -- Up-to-date: /root/catkin_ws/build/micro_ros_demos_rclc/temp_install/autodiscover_agent/autodiscover_agent
[2.862s] [ 70%] Built target ping_pong
[2.868s] [ 71%] [34m[1mCompleted 'int32_multinode'[0m
[2.868s] [ 71%] [34m[1mCompleted 'string_subscriber'[0m
[2.870s] [ 71%] [34m[1mCompleted 'complex_msg_subscriber'[0m
[2.873s] -- Install configuration: ""
[2.873s] -- Install configuration: ""
[2.874s] -- Up-to-date: /root/catkin_ws/build/micro_ros_demos_rclc/temp_install/string_publisher/string_publisher
[2.874s] -- Up-to-date: /root/catkin_ws/build/micro_ros_demos_rclc/temp_install/int32_publisher_subscriber/int32_publisher_subscriber
[2.883s] [ 74%] Built target fragmented_subscription
[2.924s] [ 75%] [34m[1mCompleted 'string_publisher'[0m
[2.935s] [ 77%] Built target ping_uros_agent
[2.947s] [ 80%] Built target timer
[2.954s] [ 82%] Built target complex_msg_publisher
[2.956s] [ 83%] [34m[1mCompleted 'autodiscover_agent'[0m
[2.959s] [ 84%] [34m[1mCompleted 'int32_publisher_subscriber'[0m
[2.979s] [ 87%] Built target complex_msg_subscriber
[2.983s] [ 89%] Built target string_subscriber
[3.006s] [ 91%] Built target int32_multinode
[3.017s] [ 94%] Built target string_publisher
[3.046s] [ 97%] Built target int32_publisher_subscriber
[3.048s] [100%] Built target autodiscover_agent
[3.095s] Invoked command in '/root/catkin_ws/build/micro_ros_demos_rclc' returned '0': CMAKE_PREFIX_PATH=/root/catkin_ws/install/rmw_microxrcedds:/root/catkin_ws/install/rclc:/root/catkin_ws/install/rosidl_typesupport_microxrcedds_cpp:/root/catkin_ws/install/geometry_msgs:/root/catkin_ws/install/example_interfaces:/root/catkin_ws/install/std_msgs:/root/catkin_ws/install/rosidl_typesupport_microxrcedds_c:/root/catkin_ws/install/rcl_interfaces:/root/catkin_ws/install/microxrcedds_client:/root/catkin_ws/install/complex_msgs:/root/catkin_ws/install/action_msgs:/root/catkin_ws/install/unique_identifier_msgs:/root/catkin_ws/install/microcdr:/root/catkin_ws/install/micro_ros_msgs:/root/catkin_ws/install/builtin_interfaces:/root/catkin_ws/install/ydlidar_sdk:/root/catkin_ws/install/ydlidar_ros2_driver:/root/catkin_ws/install/common_interfaces:/root/catkin_ws/install/visualization_msgs:/root/catkin_ws/install/test_msgs:/root/catkin_ws/install/micro_ros_demos_rclc:/root/catkin_ws/install/udp_driver:/root/catkin_ws/install/trajectory_msgs:/root/catkin_ws/install/topic_service_action_rclcpp_example:/root/catkin_ws/install/time_rclcpp_example:/root/catkin_ws/install/tf2_rclcpp_example:/root/catkin_ws/install/testbot_description:/root/catkin_ws/install/stereo_msgs:/root/catkin_ws/install/rqt_example:/root/catkin_ws/install/std_srvs:/root/catkin_ws/install/shape_msgs:/root/catkin_ws/install/serial_driver:/root/catkin_ws/install/omo_r1mini_gazebo:/root/catkin_ws/install/sensor_msgs:/root/catkin_ws/install/omo_r1mini:/root/catkin_ws/install/nav_msgs:/root/catkin_ws/install/my_first_ros_rclcpp_pkg:/root/catkin_ws/install/io_context:/root/catkin_ws/install/diagnostic_msgs:/root/catkin_ws/install/drive_base_msgs:/root/catkin_ws/install/actionlib_msgs:/root/catkin_ws/install/statistics_msgs:/root/catkin_ws/install/rosidl_typesupport_microxrcedds_test_msg:/root/catkin_ws/install/rosidl_typesupport_microxrcedds_cpp_tests:/root/catkin_ws/install/rosidl_typesupport_microxrcedds_c_tests:/root/catkin_ws/install/rosgraph_msgs:/root/catkin_ws/install/rclc_parameter:/root/catkin_ws/install/composition_interfaces:/root/catkin_ws/install/omo_r1mini_navigation2:/root/catkin_ws/install/omo_r1mini_interfaces:/root/catkin_ws/install/omo_r1mini_description:/root/catkin_ws/install/omo_r1mini_cartographer:/root/catkin_ws/install/msg_srv_action_interface_example:/root/catkin_ws/install/micro_ros_setup:/root/catkin_ws/install/micro_ros_agent:/root/catkin_ws/install/micro_ros_demos_rclcpp:/root/catkin_ws/install/lifecycle_msgs:/root/catkin_ws/install/iahrs_driver_interface:/root/catkin_ws/install/asio_cmake_module:/root/install/ydlidar_sdk:/root/install/ydlidar_ros2_driver:/root/install/udp_driver:/root/install/topic_service_action_rclcpp_example:/root/install/time_rclcpp_example:/root/install/tf2_rclcpp_example:/root/install/testbot_description:/root/install/serial_driver:/root/install/rqt_example:/root/install/omo_r1mini:/root/install/omo_r1mini_navigation2:/root/install/omo_r1mini_interfaces:/root/install/omo_r1mini_gazebo:/root/install/omo_r1mini_description:/root/install/omo_r1mini_cartographer:/root/install/my_first_ros_rclcpp_pkg:/root/install/msg_srv_action_interface_example:/root/install/io_context:/root/install/asio_cmake_module:/root/catkin_ws/install/topic_service_action_rclpy_example:/root/catkin_ws/install/time_rclpy_example:/root/catkin_ws/install/tf2_rclpy_example:/root/catkin_ws/install/sensor_msgs_py:/root/catkin_ws/install/omo_r1mini_teleop:/root/catkin_ws/install/omo_r1mini_bringup:/root/catkin_ws/install/my_first_ros_rclpy_pkg:/root/catkin_ws/install/logging_rclpy_example:/root/catkin_ws/install/iahrs_driver:/root/catkin_ws/install/ros2env:/root/install/topic_service_action_rclpy_example:/root/install/time_rclpy_example:/root/install/tf2_rclpy_example:/root/install/ros2env:/root/install/omo_r1mini_teleop:/root/install/omo_r1mini_bringup:/root/install/my_first_ros_rclpy_pkg:/root/install/logging_rclpy_example:/opt/ros/foxy LD_LIBRARY_PATH=/root/catkin_ws/install/rmw_microxrcedds/lib:/root/catkin_ws/install/rclc/lib:/root/catkin_ws/install/rosidl_typesupport_microxrcedds_cpp/lib:/root/catkin_ws/install/geometry_msgs/lib:/root/catkin_ws/install/example_interfaces/lib:/root/catkin_ws/install/std_msgs/lib:/root/catkin_ws/install/rosidl_typesupport_microxrcedds_c/lib:/root/catkin_ws/install/rcl_interfaces/lib:/root/catkin_ws/install/microxrcedds_client/lib:/root/catkin_ws/install/complex_msgs/lib:/root/catkin_ws/install/action_msgs/lib:/root/catkin_ws/install/unique_identifier_msgs/lib:/root/catkin_ws/install/microcdr/lib:/root/catkin_ws/install/micro_ros_msgs/lib:/root/catkin_ws/install/builtin_interfaces/lib:/root/catkin_ws/install/ydlidar_sdk/lib:/root/catkin_ws/install/visualization_msgs/lib:/root/catkin_ws/install/test_msgs/lib:/root/catkin_ws/install/udp_driver/lib:/root/catkin_ws/install/trajectory_msgs/lib:/root/catkin_ws/install/stereo_msgs/lib:/root/catkin_ws/install/std_srvs/lib:/root/catkin_ws/install/shape_msgs/lib:/root/catkin_ws/install/serial_driver/lib:/root/catkin_ws/install/sensor_msgs/lib:/root/catkin_ws/install/nav_msgs/lib:/root/catkin_ws/install/io_context/lib:/root/catkin_ws/install/diagnostic_msgs/lib:/root/catkin_ws/install/drive_base_msgs/lib:/root/catkin_ws/install/actionlib_msgs/lib:/root/catkin_ws/install/statistics_msgs/lib:/root/catkin_ws/install/rosgraph_msgs/lib:/root/catkin_ws/install/rclc_parameter/lib:/root/catkin_ws/install/composition_interfaces/lib:/root/catkin_ws/install/omo_r1mini_interfaces/lib:/root/catkin_ws/install/msg_srv_action_interface_example/lib:/root/catkin_ws/install/micro_ros_agent/lib:/root/catkin_ws/install/lifecycle_msgs/lib:/root/catkin_ws/install/iahrs_driver_interface/lib:/root/install/udp_driver/lib:/root/install/serial_driver/lib:/root/install/omo_r1mini_interfaces/lib:/root/install/msg_srv_action_interface_example/lib:/root/install/io_context/lib:/usr/lib/x86_64-linux-gnu/gazebo-11/plugins:/opt/ros/foxy/opt/yaml_cpp_vendor/lib:/opt/ros/foxy/opt/rviz_ogre_vendor/lib:/opt/ros/foxy/lib/x86_64-linux-gnu:/opt/ros/foxy/lib PYTHONPATH=/root/catkin_ws/install/rosidl_typesupport_microxrcedds_cpp/lib/python3.8/site-packages:/root/catkin_ws/install/geometry_msgs/lib/python3.8/site-packages:/root/catkin_ws/install/example_interfaces/lib/python3.8/site-packages:/root/catkin_ws/install/std_msgs/lib/python3.8/site-packages:/root/catkin_ws/install/rosidl_typesupport_microxrcedds_c/lib/python3.8/site-packages:/root/catkin_ws/install/rcl_interfaces/lib/python3.8/site-packages:/root/catkin_ws/install/complex_msgs/lib/python3.8/site-packages:/root/catkin_ws/install/action_msgs/lib/python3.8/site-packages:/root/catkin_ws/install/unique_identifier_msgs/lib/python3.8/site-packages:/root/catkin_ws/install/micro_ros_msgs/lib/python3.8/site-packages:/root/catkin_ws/install/builtin_interfaces/lib/python3.8/site-packages:/root/catkin_ws/install/visualization_msgs/lib/python3.8/site-packages:/root/catkin_ws/install/test_msgs/lib/python3.8/site-packages:/root/catkin_ws/install/trajectory_msgs/lib/python3.8/site-packages:/root/catkin_ws/build/topic_service_action_rclpy_example:/root/catkin_ws/install/topic_service_action_rclpy_example/lib/python3.8/site-packages:/root/catkin_ws/build/time_rclpy_example:/root/catkin_ws/install/time_rclpy_example/lib/python3.8/site-packages:/root/catkin_ws/build/tf2_rclpy_example:/root/catkin_ws/install/tf2_rclpy_example/lib/python3.8/site-packages:/root/catkin_ws/install/stereo_msgs/lib/python3.8/site-packages:/root/catkin_ws/install/rqt_example/lib/python3.8/site-packages:/root/catkin_ws/install/std_srvs/lib/python3.8/site-packages:/root/catkin_ws/install/shape_msgs/lib/python3.8/site-packages:/root/catkin_ws/build/sensor_msgs_py:/root/catkin_ws/install/sensor_msgs_py/lib/python3.8/site-packages:/root/catkin_ws/install/sensor_msgs/lib/python3.8/site-packages:/root/catkin_ws/build/omo_r1mini_teleop:/root/catkin_ws/install/omo_r1mini_teleop/lib/python3.8/site-packages:/root/catkin_ws/build/omo_r1mini_bringup:/root/catkin_ws/install/omo_r1mini_bringup/lib/python3.8/site-packages:/root/catkin_ws/install/nav_msgs/lib/python3.8/site-packages:/root/catkin_ws/build/my_first_ros_rclpy_pkg:/root/catkin_ws/install/my_first_ros_rclpy_pkg/lib/python3.8/site-packages:/root/catkin_ws/build/logging_rclpy_example:/root/catkin_ws/install/logging_rclpy_example/lib/python3.8/site-packages:/root/catkin_ws/build/iahrs_driver:/root/catkin_ws/install/iahrs_driver/lib/python3.8/site-packages:/root/catkin_ws/install/diagnostic_msgs/lib/python3.8/site-packages:/root/catkin_ws/install/drive_base_msgs/lib/python3.8/site-packages:/root/catkin_ws/install/actionlib_msgs/lib/python3.8/site-packages:/root/catkin_ws/install/statistics_msgs/lib/python3.8/site-packages:/root/catkin_ws/install/rosgraph_msgs/lib/python3.8/site-packages:/root/catkin_ws/build/ros2env:/root/catkin_ws/install/ros2env/lib/python3.8/site-packages:/root/catkin_ws/install/composition_interfaces/lib/python3.8/site-packages:/root/catkin_ws/install/omo_r1mini_interfaces/lib/python3.8/site-packages:/root/catkin_ws/install/msg_srv_action_interface_example/lib/python3.8/site-packages:/root/catkin_ws/install/lifecycle_msgs/lib/python3.8/site-packages:/root/catkin_ws/install/iahrs_driver_interface/lib/python3.8/site-packages:/root/build/topic_service_action_rclpy_example:/root/install/topic_service_action_rclpy_example/lib/python3.8/site-packages:/root/build/time_rclpy_example:/root/install/time_rclpy_example/lib/python3.8/site-packages:/root/build/tf2_rclpy_example:/root/install/tf2_rclpy_example/lib/python3.8/site-packages:/root/install/rqt_example/lib/python3.8/site-packages:/root/build/ros2env:/root/install/ros2env/lib/python3.8/site-packages:/root/build/omo_r1mini_teleop:/root/install/omo_r1mini_teleop/lib/python3.8/site-packages:/root/build/omo_r1mini_bringup:/root/install/omo_r1mini_bringup/lib/python3.8/site-packages:/root/install/omo_r1mini_interfaces/lib/python3.8/site-packages:/root/build/my_first_ros_rclpy_pkg:/root/install/my_first_ros_rclpy_pkg/lib/python3.8/site-packages:/root/install/msg_srv_action_interface_example/lib/python3.8/site-packages:/root/build/logging_rclpy_example:/root/install/logging_rclpy_example/lib/python3.8/site-packages:/opt/ros/foxy/lib/python3.8/site-packages /usr/bin/cmake --build /root/catkin_ws/build/micro_ros_demos_rclc -- -j12 -l12
[3.191s] Invoking command in '/root/catkin_ws/build/micro_ros_demos_rclc': CMAKE_PREFIX_PATH=/root/catkin_ws/install/rmw_microxrcedds:/root/catkin_ws/install/rclc:/root/catkin_ws/install/rosidl_typesupport_microxrcedds_cpp:/root/catkin_ws/install/geometry_msgs:/root/catkin_ws/install/example_interfaces:/root/catkin_ws/install/std_msgs:/root/catkin_ws/install/rosidl_typesupport_microxrcedds_c:/root/catkin_ws/install/rcl_interfaces:/root/catkin_ws/install/microxrcedds_client:/root/catkin_ws/install/complex_msgs:/root/catkin_ws/install/action_msgs:/root/catkin_ws/install/unique_identifier_msgs:/root/catkin_ws/install/microcdr:/root/catkin_ws/install/micro_ros_msgs:/root/catkin_ws/install/builtin_interfaces:/root/catkin_ws/install/ydlidar_sdk:/root/catkin_ws/install/ydlidar_ros2_driver:/root/catkin_ws/install/common_interfaces:/root/catkin_ws/install/visualization_msgs:/root/catkin_ws/install/test_msgs:/root/catkin_ws/install/micro_ros_demos_rclc:/root/catkin_ws/install/udp_driver:/root/catkin_ws/install/trajectory_msgs:/root/catkin_ws/install/topic_service_action_rclcpp_example:/root/catkin_ws/install/time_rclcpp_example:/root/catkin_ws/install/tf2_rclcpp_example:/root/catkin_ws/install/testbot_description:/root/catkin_ws/install/stereo_msgs:/root/catkin_ws/install/rqt_example:/root/catkin_ws/install/std_srvs:/root/catkin_ws/install/shape_msgs:/root/catkin_ws/install/serial_driver:/root/catkin_ws/install/omo_r1mini_gazebo:/root/catkin_ws/install/sensor_msgs:/root/catkin_ws/install/omo_r1mini:/root/catkin_ws/install/nav_msgs:/root/catkin_ws/install/my_first_ros_rclcpp_pkg:/root/catkin_ws/install/io_context:/root/catkin_ws/install/diagnostic_msgs:/root/catkin_ws/install/drive_base_msgs:/root/catkin_ws/install/actionlib_msgs:/root/catkin_ws/install/statistics_msgs:/root/catkin_ws/install/rosidl_typesupport_microxrcedds_test_msg:/root/catkin_ws/install/rosidl_typesupport_microxrcedds_cpp_tests:/root/catkin_ws/install/rosidl_typesupport_microxrcedds_c_tests:/root/catkin_ws/install/rosgraph_msgs:/root/catkin_ws/install/rclc_parameter:/root/catkin_ws/install/composition_interfaces:/root/catkin_ws/install/omo_r1mini_navigation2:/root/catkin_ws/install/omo_r1mini_interfaces:/root/catkin_ws/install/omo_r1mini_description:/root/catkin_ws/install/omo_r1mini_cartographer:/root/catkin_ws/install/msg_srv_action_interface_example:/root/catkin_ws/install/micro_ros_setup:/root/catkin_ws/install/micro_ros_agent:/root/catkin_ws/install/micro_ros_demos_rclcpp:/root/catkin_ws/install/lifecycle_msgs:/root/catkin_ws/install/iahrs_driver_interface:/root/catkin_ws/install/asio_cmake_module:/root/install/ydlidar_sdk:/root/install/ydlidar_ros2_driver:/root/install/udp_driver:/root/install/topic_service_action_rclcpp_example:/root/install/time_rclcpp_example:/root/install/tf2_rclcpp_example:/root/install/testbot_description:/root/install/serial_driver:/root/install/rqt_example:/root/install/omo_r1mini:/root/install/omo_r1mini_navigation2:/root/install/omo_r1mini_interfaces:/root/install/omo_r1mini_gazebo:/root/install/omo_r1mini_description:/root/install/omo_r1mini_cartographer:/root/install/my_first_ros_rclcpp_pkg:/root/install/msg_srv_action_interface_example:/root/install/io_context:/root/install/asio_cmake_module:/root/catkin_ws/install/topic_service_action_rclpy_example:/root/catkin_ws/install/time_rclpy_example:/root/catkin_ws/install/tf2_rclpy_example:/root/catkin_ws/install/sensor_msgs_py:/root/catkin_ws/install/omo_r1mini_teleop:/root/catkin_ws/install/omo_r1mini_bringup:/root/catkin_ws/install/my_first_ros_rclpy_pkg:/root/catkin_ws/install/logging_rclpy_example:/root/catkin_ws/install/iahrs_driver:/root/catkin_ws/install/ros2env:/root/install/topic_service_action_rclpy_example:/root/install/time_rclpy_example:/root/install/tf2_rclpy_example:/root/install/ros2env:/root/install/omo_r1mini_teleop:/root/install/omo_r1mini_bringup:/root/install/my_first_ros_rclpy_pkg:/root/install/logging_rclpy_example:/opt/ros/foxy LD_LIBRARY_PATH=/root/catkin_ws/install/rmw_microxrcedds/lib:/root/catkin_ws/install/rclc/lib:/root/catkin_ws/install/rosidl_typesupport_microxrcedds_cpp/lib:/root/catkin_ws/install/geometry_msgs/lib:/root/catkin_ws/install/example_interfaces/lib:/root/catkin_ws/install/std_msgs/lib:/root/catkin_ws/install/rosidl_typesupport_microxrcedds_c/lib:/root/catkin_ws/install/rcl_interfaces/lib:/root/catkin_ws/install/microxrcedds_client/lib:/root/catkin_ws/install/complex_msgs/lib:/root/catkin_ws/install/action_msgs/lib:/root/catkin_ws/install/unique_identifier_msgs/lib:/root/catkin_ws/install/microcdr/lib:/root/catkin_ws/install/micro_ros_msgs/lib:/root/catkin_ws/install/builtin_interfaces/lib:/root/catkin_ws/install/ydlidar_sdk/lib:/root/catkin_ws/install/visualization_msgs/lib:/root/catkin_ws/install/test_msgs/lib:/root/catkin_ws/install/udp_driver/lib:/root/catkin_ws/install/trajectory_msgs/lib:/root/catkin_ws/install/stereo_msgs/lib:/root/catkin_ws/install/std_srvs/lib:/root/catkin_ws/install/shape_msgs/lib:/root/catkin_ws/install/serial_driver/lib:/root/catkin_ws/install/sensor_msgs/lib:/root/catkin_ws/install/nav_msgs/lib:/root/catkin_ws/install/io_context/lib:/root/catkin_ws/install/diagnostic_msgs/lib:/root/catkin_ws/install/drive_base_msgs/lib:/root/catkin_ws/install/actionlib_msgs/lib:/root/catkin_ws/install/statistics_msgs/lib:/root/catkin_ws/install/rosgraph_msgs/lib:/root/catkin_ws/install/rclc_parameter/lib:/root/catkin_ws/install/composition_interfaces/lib:/root/catkin_ws/install/omo_r1mini_interfaces/lib:/root/catkin_ws/install/msg_srv_action_interface_example/lib:/root/catkin_ws/install/micro_ros_agent/lib:/root/catkin_ws/install/lifecycle_msgs/lib:/root/catkin_ws/install/iahrs_driver_interface/lib:/root/install/udp_driver/lib:/root/install/serial_driver/lib:/root/install/omo_r1mini_interfaces/lib:/root/install/msg_srv_action_interface_example/lib:/root/install/io_context/lib:/usr/lib/x86_64-linux-gnu/gazebo-11/plugins:/opt/ros/foxy/opt/yaml_cpp_vendor/lib:/opt/ros/foxy/opt/rviz_ogre_vendor/lib:/opt/ros/foxy/lib/x86_64-linux-gnu:/opt/ros/foxy/lib PYTHONPATH=/root/catkin_ws/install/rosidl_typesupport_microxrcedds_cpp/lib/python3.8/site-packages:/root/catkin_ws/install/geometry_msgs/lib/python3.8/site-packages:/root/catkin_ws/install/example_interfaces/lib/python3.8/site-packages:/root/catkin_ws/install/std_msgs/lib/python3.8/site-packages:/root/catkin_ws/install/rosidl_typesupport_microxrcedds_c/lib/python3.8/site-packages:/root/catkin_ws/install/rcl_interfaces/lib/python3.8/site-packages:/root/catkin_ws/install/complex_msgs/lib/python3.8/site-packages:/root/catkin_ws/install/action_msgs/lib/python3.8/site-packages:/root/catkin_ws/install/unique_identifier_msgs/lib/python3.8/site-packages:/root/catkin_ws/install/micro_ros_msgs/lib/python3.8/site-packages:/root/catkin_ws/install/builtin_interfaces/lib/python3.8/site-packages:/root/catkin_ws/install/visualization_msgs/lib/python3.8/site-packages:/root/catkin_ws/install/test_msgs/lib/python3.8/site-packages:/root/catkin_ws/install/trajectory_msgs/lib/python3.8/site-packages:/root/catkin_ws/build/topic_service_action_rclpy_example:/root/catkin_ws/install/topic_service_action_rclpy_example/lib/python3.8/site-packages:/root/catkin_ws/build/time_rclpy_example:/root/catkin_ws/install/time_rclpy_example/lib/python3.8/site-packages:/root/catkin_ws/build/tf2_rclpy_example:/root/catkin_ws/install/tf2_rclpy_example/lib/python3.8/site-packages:/root/catkin_ws/install/stereo_msgs/lib/python3.8/site-packages:/root/catkin_ws/install/rqt_example/lib/python3.8/site-packages:/root/catkin_ws/install/std_srvs/lib/python3.8/site-packages:/root/catkin_ws/install/shape_msgs/lib/python3.8/site-packages:/root/catkin_ws/build/sensor_msgs_py:/root/catkin_ws/install/sensor_msgs_py/lib/python3.8/site-packages:/root/catkin_ws/install/sensor_msgs/lib/python3.8/site-packages:/root/catkin_ws/build/omo_r1mini_teleop:/root/catkin_ws/install/omo_r1mini_teleop/lib/python3.8/site-packages:/root/catkin_ws/build/omo_r1mini_bringup:/root/catkin_ws/install/omo_r1mini_bringup/lib/python3.8/site-packages:/root/catkin_ws/install/nav_msgs/lib/python3.8/site-packages:/root/catkin_ws/build/my_first_ros_rclpy_pkg:/root/catkin_ws/install/my_first_ros_rclpy_pkg/lib/python3.8/site-packages:/root/catkin_ws/build/logging_rclpy_example:/root/catkin_ws/install/logging_rclpy_example/lib/python3.8/site-packages:/root/catkin_ws/build/iahrs_driver:/root/catkin_ws/install/iahrs_driver/lib/python3.8/site-packages:/root/catkin_ws/install/diagnostic_msgs/lib/python3.8/site-packages:/root/catkin_ws/install/drive_base_msgs/lib/python3.8/site-packages:/root/catkin_ws/install/actionlib_msgs/lib/python3.8/site-packages:/root/catkin_ws/install/statistics_msgs/lib/python3.8/site-packages:/root/catkin_ws/install/rosgraph_msgs/lib/python3.8/site-packages:/root/catkin_ws/build/ros2env:/root/catkin_ws/install/ros2env/lib/python3.8/site-packages:/root/catkin_ws/install/composition_interfaces/lib/python3.8/site-packages:/root/catkin_ws/install/omo_r1mini_interfaces/lib/python3.8/site-packages:/root/catkin_ws/install/msg_srv_action_interface_example/lib/python3.8/site-packages:/root/catkin_ws/install/lifecycle_msgs/lib/python3.8/site-packages:/root/catkin_ws/install/iahrs_driver_interface/lib/python3.8/site-packages:/root/build/topic_service_action_rclpy_example:/root/install/topic_service_action_rclpy_example/lib/python3.8/site-packages:/root/build/time_rclpy_example:/root/install/time_rclpy_example/lib/python3.8/site-packages:/root/build/tf2_rclpy_example:/root/install/tf2_rclpy_example/lib/python3.8/site-packages:/root/install/rqt_example/lib/python3.8/site-packages:/root/build/ros2env:/root/install/ros2env/lib/python3.8/site-packages:/root/build/omo_r1mini_teleop:/root/install/omo_r1mini_teleop/lib/python3.8/site-packages:/root/build/omo_r1mini_bringup:/root/install/omo_r1mini_bringup/lib/python3.8/site-packages:/root/install/omo_r1mini_interfaces/lib/python3.8/site-packages:/root/build/my_first_ros_rclpy_pkg:/root/install/my_first_ros_rclpy_pkg/lib/python3.8/site-packages:/root/install/msg_srv_action_interface_example/lib/python3.8/site-packages:/root/build/logging_rclpy_example:/root/install/logging_rclpy_example/lib/python3.8/site-packages:/opt/ros/foxy/lib/python3.8/site-packages /usr/bin/cmake --install /root/catkin_ws/build/micro_ros_demos_rclc
[3.209s] -- Install configuration: ""
[3.210s] -- Execute custom install script
[3.210s] -- Up-to-date symlink: /root/catkin_ws/install/micro_ros_demos_rclc/share/ament_index/resource_index/package_run_dependencies/micro_ros_demos_rclc
[3.210s] -- Up-to-date symlink: /root/catkin_ws/install/micro_ros_demos_rclc/share/ament_index/resource_index/parent_prefix_path/micro_ros_demos_rclc
[3.211s] -- Up-to-date symlink: /root/catkin_ws/install/micro_ros_demos_rclc/share/micro_ros_demos_rclc/environment/ament_prefix_path.sh
[3.212s] -- Up-to-date symlink: /root/catkin_ws/install/micro_ros_demos_rclc/share/micro_ros_demos_rclc/environment/ament_prefix_path.dsv
[3.212s] -- Up-to-date symlink: /root/catkin_ws/install/micro_ros_demos_rclc/share/micro_ros_demos_rclc/environment/path.sh
[3.212s] -- Up-to-date symlink: /root/catkin_ws/install/micro_ros_demos_rclc/share/micro_ros_demos_rclc/environment/path.dsv
[3.213s] -- Up-to-date symlink: /root/catkin_ws/install/micro_ros_demos_rclc/share/micro_ros_demos_rclc/local_setup.bash
[3.213s] -- Up-to-date symlink: /root/catkin_ws/install/micro_ros_demos_rclc/share/micro_ros_demos_rclc/local_setup.sh
[3.213s] -- Up-to-date symlink: /root/catkin_ws/install/micro_ros_demos_rclc/share/micro_ros_demos_rclc/local_setup.zsh
[3.214s] -- Up-to-date symlink: /root/catkin_ws/install/micro_ros_demos_rclc/share/micro_ros_demos_rclc/local_setup.dsv
[3.214s] -- Symlinking: /root/catkin_ws/install/micro_ros_demos_rclc/share/micro_ros_demos_rclc/package.dsv
[3.241s] -- Up-to-date symlink: /root/catkin_ws/install/micro_ros_demos_rclc/share/ament_index/resource_index/packages/micro_ros_demos_rclc
[3.243s] -- Up-to-date symlink: /root/catkin_ws/install/micro_ros_demos_rclc/share/micro_ros_demos_rclc/cmake/micro_ros_demos_rclcConfig.cmake
[3.249s] -- Up-to-date symlink: /root/catkin_ws/install/micro_ros_demos_rclc/share/micro_ros_demos_rclc/cmake/micro_ros_demos_rclcConfig-version.cmake
[3.250s] -- Up-to-date symlink: /root/catkin_ws/install/micro_ros_demos_rclc/share/micro_ros_demos_rclc/package.xml
[3.251s] -- Up-to-date: /root/catkin_ws/install/micro_ros_demos_rclc/lib/micro_ros_demos_rclc
[3.251s] -- Up-to-date: /root/catkin_ws/install/micro_ros_demos_rclc/lib/micro_ros_demos_rclc/addtwoints_client
[3.251s] -- Up-to-date: /root/catkin_ws/install/micro_ros_demos_rclc/lib/micro_ros_demos_rclc/addtwoints_client/addtwoints_client
[3.251s] -- Up-to-date: /root/catkin_ws/install/micro_ros_demos_rclc/lib/micro_ros_demos_rclc/configured_subscriber
[3.252s] -- Up-to-date: /root/catkin_ws/install/micro_ros_demos_rclc/lib/micro_ros_demos_rclc/configured_subscriber/configured_subscriber
[3.252s] -- Up-to-date: /root/catkin_ws/install/micro_ros_demos_rclc/lib/micro_ros_demos_rclc/configured_publisher
[3.252s] -- Up-to-date: /root/catkin_ws/install/micro_ros_demos_rclc/lib/micro_ros_demos_rclc/configured_publisher/configured_publisher
[3.252s] -- Up-to-date: /root/catkin_ws/install/micro_ros_demos_rclc/lib/micro_ros_demos_rclc/fibonacci_action_server
[3.252s] -- Up-to-date: /root/catkin_ws/install/micro_ros_demos_rclc/lib/micro_ros_demos_rclc/fibonacci_action_server/fibonacci_action_server
[3.253s] -- Up-to-date: /root/catkin_ws/install/micro_ros_demos_rclc/lib/micro_ros_demos_rclc/addtwoints_server
[3.253s] -- Up-to-date: /root/catkin_ws/install/micro_ros_demos_rclc/lib/micro_ros_demos_rclc/addtwoints_server/addtwoints_server
[3.253s] -- Up-to-date: /root/catkin_ws/install/micro_ros_demos_rclc/lib/micro_ros_demos_rclc/fragmented_subscription
[3.253s] -- Up-to-date: /root/catkin_ws/install/micro_ros_demos_rclc/lib/micro_ros_demos_rclc/fragmented_subscription/fragmented_subscription
[3.254s] -- Up-to-date: /root/catkin_ws/install/micro_ros_demos_rclc/lib/micro_ros_demos_rclc/timer
[3.254s] -- Up-to-date: /root/catkin_ws/install/micro_ros_demos_rclc/lib/micro_ros_demos_rclc/timer/timer
[3.255s] -- Up-to-date: /root/catkin_ws/install/micro_ros_demos_rclc/lib/micro_ros_demos_rclc/subscription_count
[3.255s] -- Up-to-date: /root/catkin_ws/install/micro_ros_demos_rclc/lib/micro_ros_demos_rclc/subscription_count/subscription_count
[3.256s] -- Up-to-date: /root/catkin_ws/install/micro_ros_demos_rclc/lib/micro_ros_demos_rclc/ping_pong
[3.256s] -- Up-to-date: /root/catkin_ws/install/micro_ros_demos_rclc/lib/micro_ros_demos_rclc/ping_pong/ping_pong
[3.260s] -- Up-to-date: /root/catkin_ws/install/micro_ros_demos_rclc/lib/micro_ros_demos_rclc/string_publisher
[3.260s] -- Up-to-date: /root/catkin_ws/install/micro_ros_demos_rclc/lib/micro_ros_demos_rclc/string_publisher/string_publisher
[3.261s] -- Up-to-date: /root/catkin_ws/install/micro_ros_demos_rclc/lib/micro_ros_demos_rclc/publisher_count
[3.261s] -- Up-to-date: /root/catkin_ws/install/micro_ros_demos_rclc/lib/micro_ros_demos_rclc/publisher_count/publisher_count
[3.261s] -- Up-to-date: /root/catkin_ws/install/micro_ros_demos_rclc/lib/micro_ros_demos_rclc/autodiscover_agent
[3.262s] -- Up-to-date: /root/catkin_ws/install/micro_ros_demos_rclc/lib/micro_ros_demos_rclc/autodiscover_agent/autodiscover_agent
[3.262s] -- Up-to-date: /root/catkin_ws/install/micro_ros_demos_rclc/lib/micro_ros_demos_rclc/complex_msg_subscriber
[3.263s] -- Up-to-date: /root/catkin_ws/install/micro_ros_demos_rclc/lib/micro_ros_demos_rclc/complex_msg_subscriber/complex_msg_subscriber
[3.263s] -- Up-to-date: /root/catkin_ws/install/micro_ros_demos_rclc/lib/micro_ros_demos_rclc/ping_uros_agent
[3.263s] -- Up-to-date: /root/catkin_ws/install/micro_ros_demos_rclc/lib/micro_ros_demos_rclc/ping_uros_agent/ping_uros_agent
[3.264s] -- Up-to-date: /root/catkin_ws/install/micro_ros_demos_rclc/lib/micro_ros_demos_rclc/int32_publisher
[3.264s] -- Up-to-date: /root/catkin_ws/install/micro_ros_demos_rclc/lib/micro_ros_demos_rclc/int32_publisher/int32_publisher
[3.268s] -- Up-to-date: /root/catkin_ws/install/micro_ros_demos_rclc/lib/micro_ros_demos_rclc/fibonacci_action_client
[3.268s] -- Up-to-date: /root/catkin_ws/install/micro_ros_demos_rclc/lib/micro_ros_demos_rclc/fibonacci_action_client/fibonacci_action_client
[3.269s] -- Up-to-date: /root/catkin_ws/install/micro_ros_demos_rclc/lib/micro_ros_demos_rclc/string_subscriber
[3.269s] -- Up-to-date: /root/catkin_ws/install/micro_ros_demos_rclc/lib/micro_ros_demos_rclc/string_subscriber/string_subscriber
[3.270s] -- Up-to-date: /root/catkin_ws/install/micro_ros_demos_rclc/lib/micro_ros_demos_rclc/graph_visualizer
[3.270s] -- Up-to-date: /root/catkin_ws/install/micro_ros_demos_rclc/lib/micro_ros_demos_rclc/graph_visualizer/graph_visualizer
[3.270s] -- Up-to-date: /root/catkin_ws/install/micro_ros_demos_rclc/lib/micro_ros_demos_rclc/complex_msg_publisher
[3.270s] -- Up-to-date: /root/catkin_ws/install/micro_ros_demos_rclc/lib/micro_ros_demos_rclc/complex_msg_publisher/complex_msg_publisher
[3.271s] -- Up-to-date: /root/catkin_ws/install/micro_ros_demos_rclc/lib/micro_ros_demos_rclc/int32_subscriber
[3.271s] -- Up-to-date: /root/catkin_ws/install/micro_ros_demos_rclc/lib/micro_ros_demos_rclc/int32_subscriber/int32_subscriber
[3.271s] -- Up-to-date: /root/catkin_ws/install/micro_ros_demos_rclc/lib/micro_ros_demos_rclc/int32_multinode
[3.271s] -- Up-to-date: /root/catkin_ws/install/micro_ros_demos_rclc/lib/micro_ros_demos_rclc/int32_multinode/int32_multinode
[3.272s] -- Up-to-date: /root/catkin_ws/install/micro_ros_demos_rclc/lib/micro_ros_demos_rclc/fragmented_publication
[3.272s] -- Up-to-date: /root/catkin_ws/install/micro_ros_demos_rclc/lib/micro_ros_demos_rclc/fragmented_publication/fragmented_publication
[3.272s] -- Up-to-date: /root/catkin_ws/install/micro_ros_demos_rclc/lib/micro_ros_demos_rclc/int32_publisher_subscriber
[3.272s] -- Up-to-date: /root/catkin_ws/install/micro_ros_demos_rclc/lib/micro_ros_demos_rclc/int32_publisher_subscriber/int32_publisher_subscriber
[3.279s] Invoked command in '/root/catkin_ws/build/micro_ros_demos_rclc' returned '0': CMAKE_PREFIX_PATH=/root/catkin_ws/install/rmw_microxrcedds:/root/catkin_ws/install/rclc:/root/catkin_ws/install/rosidl_typesupport_microxrcedds_cpp:/root/catkin_ws/install/geometry_msgs:/root/catkin_ws/install/example_interfaces:/root/catkin_ws/install/std_msgs:/root/catkin_ws/install/rosidl_typesupport_microxrcedds_c:/root/catkin_ws/install/rcl_interfaces:/root/catkin_ws/install/microxrcedds_client:/root/catkin_ws/install/complex_msgs:/root/catkin_ws/install/action_msgs:/root/catkin_ws/install/unique_identifier_msgs:/root/catkin_ws/install/microcdr:/root/catkin_ws/install/micro_ros_msgs:/root/catkin_ws/install/builtin_interfaces:/root/catkin_ws/install/ydlidar_sdk:/root/catkin_ws/install/ydlidar_ros2_driver:/root/catkin_ws/install/common_interfaces:/root/catkin_ws/install/visualization_msgs:/root/catkin_ws/install/test_msgs:/root/catkin_ws/install/micro_ros_demos_rclc:/root/catkin_ws/install/udp_driver:/root/catkin_ws/install/trajectory_msgs:/root/catkin_ws/install/topic_service_action_rclcpp_example:/root/catkin_ws/install/time_rclcpp_example:/root/catkin_ws/install/tf2_rclcpp_example:/root/catkin_ws/install/testbot_description:/root/catkin_ws/install/stereo_msgs:/root/catkin_ws/install/rqt_example:/root/catkin_ws/install/std_srvs:/root/catkin_ws/install/shape_msgs:/root/catkin_ws/install/serial_driver:/root/catkin_ws/install/omo_r1mini_gazebo:/root/catkin_ws/install/sensor_msgs:/root/catkin_ws/install/omo_r1mini:/root/catkin_ws/install/nav_msgs:/root/catkin_ws/install/my_first_ros_rclcpp_pkg:/root/catkin_ws/install/io_context:/root/catkin_ws/install/diagnostic_msgs:/root/catkin_ws/install/drive_base_msgs:/root/catkin_ws/install/actionlib_msgs:/root/catkin_ws/install/statistics_msgs:/root/catkin_ws/install/rosidl_typesupport_microxrcedds_test_msg:/root/catkin_ws/install/rosidl_typesupport_microxrcedds_cpp_tests:/root/catkin_ws/install/rosidl_typesupport_microxrcedds_c_tests:/root/catkin_ws/install/rosgraph_msgs:/root/catkin_ws/install/rclc_parameter:/root/catkin_ws/install/composition_interfaces:/root/catkin_ws/install/omo_r1mini_navigation2:/root/catkin_ws/install/omo_r1mini_interfaces:/root/catkin_ws/install/omo_r1mini_description:/root/catkin_ws/install/omo_r1mini_cartographer:/root/catkin_ws/install/msg_srv_action_interface_example:/root/catkin_ws/install/micro_ros_setup:/root/catkin_ws/install/micro_ros_agent:/root/catkin_ws/install/micro_ros_demos_rclcpp:/root/catkin_ws/install/lifecycle_msgs:/root/catkin_ws/install/iahrs_driver_interface:/root/catkin_ws/install/asio_cmake_module:/root/install/ydlidar_sdk:/root/install/ydlidar_ros2_driver:/root/install/udp_driver:/root/install/topic_service_action_rclcpp_example:/root/install/time_rclcpp_example:/root/install/tf2_rclcpp_example:/root/install/testbot_description:/root/install/serial_driver:/root/install/rqt_example:/root/install/omo_r1mini:/root/install/omo_r1mini_navigation2:/root/install/omo_r1mini_interfaces:/root/install/omo_r1mini_gazebo:/root/install/omo_r1mini_description:/root/install/omo_r1mini_cartographer:/root/install/my_first_ros_rclcpp_pkg:/root/install/msg_srv_action_interface_example:/root/install/io_context:/root/install/asio_cmake_module:/root/catkin_ws/install/topic_service_action_rclpy_example:/root/catkin_ws/install/time_rclpy_example:/root/catkin_ws/install/tf2_rclpy_example:/root/catkin_ws/install/sensor_msgs_py:/root/catkin_ws/install/omo_r1mini_teleop:/root/catkin_ws/install/omo_r1mini_bringup:/root/catkin_ws/install/my_first_ros_rclpy_pkg:/root/catkin_ws/install/logging_rclpy_example:/root/catkin_ws/install/iahrs_driver:/root/catkin_ws/install/ros2env:/root/install/topic_service_action_rclpy_example:/root/install/time_rclpy_example:/root/install/tf2_rclpy_example:/root/install/ros2env:/root/install/omo_r1mini_teleop:/root/install/omo_r1mini_bringup:/root/install/my_first_ros_rclpy_pkg:/root/install/logging_rclpy_example:/opt/ros/foxy LD_LIBRARY_PATH=/root/catkin_ws/install/rmw_microxrcedds/lib:/root/catkin_ws/install/rclc/lib:/root/catkin_ws/install/rosidl_typesupport_microxrcedds_cpp/lib:/root/catkin_ws/install/geometry_msgs/lib:/root/catkin_ws/install/example_interfaces/lib:/root/catkin_ws/install/std_msgs/lib:/root/catkin_ws/install/rosidl_typesupport_microxrcedds_c/lib:/root/catkin_ws/install/rcl_interfaces/lib:/root/catkin_ws/install/microxrcedds_client/lib:/root/catkin_ws/install/complex_msgs/lib:/root/catkin_ws/install/action_msgs/lib:/root/catkin_ws/install/unique_identifier_msgs/lib:/root/catkin_ws/install/microcdr/lib:/root/catkin_ws/install/micro_ros_msgs/lib:/root/catkin_ws/install/builtin_interfaces/lib:/root/catkin_ws/install/ydlidar_sdk/lib:/root/catkin_ws/install/visualization_msgs/lib:/root/catkin_ws/install/test_msgs/lib:/root/catkin_ws/install/udp_driver/lib:/root/catkin_ws/install/trajectory_msgs/lib:/root/catkin_ws/install/stereo_msgs/lib:/root/catkin_ws/install/std_srvs/lib:/root/catkin_ws/install/shape_msgs/lib:/root/catkin_ws/install/serial_driver/lib:/root/catkin_ws/install/sensor_msgs/lib:/root/catkin_ws/install/nav_msgs/lib:/root/catkin_ws/install/io_context/lib:/root/catkin_ws/install/diagnostic_msgs/lib:/root/catkin_ws/install/drive_base_msgs/lib:/root/catkin_ws/install/actionlib_msgs/lib:/root/catkin_ws/install/statistics_msgs/lib:/root/catkin_ws/install/rosgraph_msgs/lib:/root/catkin_ws/install/rclc_parameter/lib:/root/catkin_ws/install/composition_interfaces/lib:/root/catkin_ws/install/omo_r1mini_interfaces/lib:/root/catkin_ws/install/msg_srv_action_interface_example/lib:/root/catkin_ws/install/micro_ros_agent/lib:/root/catkin_ws/install/lifecycle_msgs/lib:/root/catkin_ws/install/iahrs_driver_interface/lib:/root/install/udp_driver/lib:/root/install/serial_driver/lib:/root/install/omo_r1mini_interfaces/lib:/root/install/msg_srv_action_interface_example/lib:/root/install/io_context/lib:/usr/lib/x86_64-linux-gnu/gazebo-11/plugins:/opt/ros/foxy/opt/yaml_cpp_vendor/lib:/opt/ros/foxy/opt/rviz_ogre_vendor/lib:/opt/ros/foxy/lib/x86_64-linux-gnu:/opt/ros/foxy/lib PYTHONPATH=/root/catkin_ws/install/rosidl_typesupport_microxrcedds_cpp/lib/python3.8/site-packages:/root/catkin_ws/install/geometry_msgs/lib/python3.8/site-packages:/root/catkin_ws/install/example_interfaces/lib/python3.8/site-packages:/root/catkin_ws/install/std_msgs/lib/python3.8/site-packages:/root/catkin_ws/install/rosidl_typesupport_microxrcedds_c/lib/python3.8/site-packages:/root/catkin_ws/install/rcl_interfaces/lib/python3.8/site-packages:/root/catkin_ws/install/complex_msgs/lib/python3.8/site-packages:/root/catkin_ws/install/action_msgs/lib/python3.8/site-packages:/root/catkin_ws/install/unique_identifier_msgs/lib/python3.8/site-packages:/root/catkin_ws/install/micro_ros_msgs/lib/python3.8/site-packages:/root/catkin_ws/install/builtin_interfaces/lib/python3.8/site-packages:/root/catkin_ws/install/visualization_msgs/lib/python3.8/site-packages:/root/catkin_ws/install/test_msgs/lib/python3.8/site-packages:/root/catkin_ws/install/trajectory_msgs/lib/python3.8/site-packages:/root/catkin_ws/build/topic_service_action_rclpy_example:/root/catkin_ws/install/topic_service_action_rclpy_example/lib/python3.8/site-packages:/root/catkin_ws/build/time_rclpy_example:/root/catkin_ws/install/time_rclpy_example/lib/python3.8/site-packages:/root/catkin_ws/build/tf2_rclpy_example:/root/catkin_ws/install/tf2_rclpy_example/lib/python3.8/site-packages:/root/catkin_ws/install/stereo_msgs/lib/python3.8/site-packages:/root/catkin_ws/install/rqt_example/lib/python3.8/site-packages:/root/catkin_ws/install/std_srvs/lib/python3.8/site-packages:/root/catkin_ws/install/shape_msgs/lib/python3.8/site-packages:/root/catkin_ws/build/sensor_msgs_py:/root/catkin_ws/install/sensor_msgs_py/lib/python3.8/site-packages:/root/catkin_ws/install/sensor_msgs/lib/python3.8/site-packages:/root/catkin_ws/build/omo_r1mini_teleop:/root/catkin_ws/install/omo_r1mini_teleop/lib/python3.8/site-packages:/root/catkin_ws/build/omo_r1mini_bringup:/root/catkin_ws/install/omo_r1mini_bringup/lib/python3.8/site-packages:/root/catkin_ws/install/nav_msgs/lib/python3.8/site-packages:/root/catkin_ws/build/my_first_ros_rclpy_pkg:/root/catkin_ws/install/my_first_ros_rclpy_pkg/lib/python3.8/site-packages:/root/catkin_ws/build/logging_rclpy_example:/root/catkin_ws/install/logging_rclpy_example/lib/python3.8/site-packages:/root/catkin_ws/build/iahrs_driver:/root/catkin_ws/install/iahrs_driver/lib/python3.8/site-packages:/root/catkin_ws/install/diagnostic_msgs/lib/python3.8/site-packages:/root/catkin_ws/install/drive_base_msgs/lib/python3.8/site-packages:/root/catkin_ws/install/actionlib_msgs/lib/python3.8/site-packages:/root/catkin_ws/install/statistics_msgs/lib/python3.8/site-packages:/root/catkin_ws/install/rosgraph_msgs/lib/python3.8/site-packages:/root/catkin_ws/build/ros2env:/root/catkin_ws/install/ros2env/lib/python3.8/site-packages:/root/catkin_ws/install/composition_interfaces/lib/python3.8/site-packages:/root/catkin_ws/install/omo_r1mini_interfaces/lib/python3.8/site-packages:/root/catkin_ws/install/msg_srv_action_interface_example/lib/python3.8/site-packages:/root/catkin_ws/install/lifecycle_msgs/lib/python3.8/site-packages:/root/catkin_ws/install/iahrs_driver_interface/lib/python3.8/site-packages:/root/build/topic_service_action_rclpy_example:/root/install/topic_service_action_rclpy_example/lib/python3.8/site-packages:/root/build/time_rclpy_example:/root/install/time_rclpy_example/lib/python3.8/site-packages:/root/build/tf2_rclpy_example:/root/install/tf2_rclpy_example/lib/python3.8/site-packages:/root/install/rqt_example/lib/python3.8/site-packages:/root/build/ros2env:/root/install/ros2env/lib/python3.8/site-packages:/root/build/omo_r1mini_teleop:/root/install/omo_r1mini_teleop/lib/python3.8/site-packages:/root/build/omo_r1mini_bringup:/root/install/omo_r1mini_bringup/lib/python3.8/site-packages:/root/install/omo_r1mini_interfaces/lib/python3.8/site-packages:/root/build/my_first_ros_rclpy_pkg:/root/install/my_first_ros_rclpy_pkg/lib/python3.8/site-packages:/root/install/msg_srv_action_interface_example/lib/python3.8/site-packages:/root/build/logging_rclpy_example:/root/install/logging_rclpy_example/lib/python3.8/site-packages:/opt/ros/foxy/lib/python3.8/site-packages /usr/bin/cmake --install /root/catkin_ws/build/micro_ros_demos_rclc
