running develop
Removing /root/catkin_ws/install/omo_r1mini_teleop/lib/python3.8/site-packages/omo-r1mini-teleop.egg-link (link to .)
running egg_info
writing ../../../build/omo_r1mini_teleop/omo_r1mini_teleop.egg-info/PKG-INFO
writing dependency_links to ../../../build/omo_r1mini_teleop/omo_r1mini_teleop.egg-info/dependency_links.txt
writing entry points to ../../../build/omo_r1mini_teleop/omo_r1mini_teleop.egg-info/entry_points.txt
writing requirements to ../../../build/omo_r1mini_teleop/omo_r1mini_teleop.egg-info/requires.txt
writing top-level names to ../../../build/omo_r1mini_teleop/omo_r1mini_teleop.egg-info/top_level.txt
reading manifest file '../../../build/omo_r1mini_teleop/omo_r1mini_teleop.egg-info/SOURCES.txt'
writing manifest file '../../../build/omo_r1mini_teleop/omo_r1mini_teleop.egg-info/SOURCES.txt'
running build
running build_py
creating /root/catkin_ws/build/omo_r1mini_teleop/build
creating /root/catkin_ws/build/omo_r1mini_teleop/build/lib
creating /root/catkin_ws/build/omo_r1mini_teleop/build/lib/omo_r1mini_teleop
copying omo_r1mini_teleop/__init__.py -> /root/catkin_ws/build/omo_r1mini_teleop/build/lib/omo_r1mini_teleop
creating /root/catkin_ws/build/omo_r1mini_teleop/build/lib/omo_r1mini_teleop/script
copying omo_r1mini_teleop/script/teleop_keyboard.py -> /root/catkin_ws/build/omo_r1mini_teleop/build/lib/omo_r1mini_teleop/script
copying omo_r1mini_teleop/script/teleop_joy.py -> /root/catkin_ws/build/omo_r1mini_teleop/build/lib/omo_r1mini_teleop/script
copying omo_r1mini_teleop/script/__init__.py -> /root/catkin_ws/build/omo_r1mini_teleop/build/lib/omo_r1mini_teleop/script
running install
running install_lib
creating /root/catkin_ws/install/omo_r1mini_teleop/lib/python3.8/site-packages/omo_r1mini_teleop
creating /root/catkin_ws/install/omo_r1mini_teleop/lib/python3.8/site-packages/omo_r1mini_teleop/script
copying /root/catkin_ws/build/omo_r1mini_teleop/build/lib/omo_r1mini_teleop/script/teleop_keyboard.py -> /root/catkin_ws/install/omo_r1mini_teleop/lib/python3.8/site-packages/omo_r1mini_teleop/script
copying /root/catkin_ws/build/omo_r1mini_teleop/build/lib/omo_r1mini_teleop/script/teleop_joy.py -> /root/catkin_ws/install/omo_r1mini_teleop/lib/python3.8/site-packages/omo_r1mini_teleop/script
copying /root/catkin_ws/build/omo_r1mini_teleop/build/lib/omo_r1mini_teleop/script/__init__.py -> /root/catkin_ws/install/omo_r1mini_teleop/lib/python3.8/site-packages/omo_r1mini_teleop/script
copying /root/catkin_ws/build/omo_r1mini_teleop/build/lib/omo_r1mini_teleop/__init__.py -> /root/catkin_ws/install/omo_r1mini_teleop/lib/python3.8/site-packages/omo_r1mini_teleop
byte-compiling /root/catkin_ws/install/omo_r1mini_teleop/lib/python3.8/site-packages/omo_r1mini_teleop/script/teleop_keyboard.py to teleop_keyboard.cpython-38.pyc
byte-compiling /root/catkin_ws/install/omo_r1mini_teleop/lib/python3.8/site-packages/omo_r1mini_teleop/script/teleop_joy.py to teleop_joy.cpython-38.pyc
byte-compiling /root/catkin_ws/install/omo_r1mini_teleop/lib/python3.8/site-packages/omo_r1mini_teleop/script/__init__.py to __init__.cpython-38.pyc
byte-compiling /root/catkin_ws/install/omo_r1mini_teleop/lib/python3.8/site-packages/omo_r1mini_teleop/__init__.py to __init__.cpython-38.pyc
running install_data
running install_egg_info
Copying ../../../build/omo_r1mini_teleop/omo_r1mini_teleop.egg-info to /root/catkin_ws/install/omo_r1mini_teleop/lib/python3.8/site-packages/omo_r1mini_teleop-2.1.2-py3.8.egg-info
running install_scripts
Installing teleop_joy script to /root/catkin_ws/install/omo_r1mini_teleop/lib/omo_r1mini_teleop
Installing teleop_keyboard script to /root/catkin_ws/install/omo_r1mini_teleop/lib/omo_r1mini_teleop
writing list of installed files to '/root/catkin_ws/build/omo_r1mini_teleop/install.log'
