[0.719s] Invoking command in '/root/catkin_ws/build/omo_r1mini_teleop': AMENT_PREFIX_PATH=/root/catkin_ws/install/omo_r1mini_interfaces:${AMENT_PREFIX_PATH} CMAKE_PREFIX_PATH=/root/catkin_ws/install/omo_r1mini_interfaces LD_LIBRARY_PATH=/root/catkin_ws/install/omo_r1mini_interfaces/lib:${LD_LIBRARY_PATH} PYTHONPATH=/root/catkin_ws/build/omo_r1mini_teleop/prefix_override:/root/catkin_ws/install/omo_r1mini_teleop/lib/python3.8/site-packages:/root/catkin_ws/install/omo_r1mini_interfaces/lib/python3.8/site-packages:${PYTHONPATH} /usr/bin/python3 setup.py develop --editable --build-directory /root/catkin_ws/build/omo_r1mini_teleop/build --no-deps install_data
[0.870s] running develop
[0.954s] running egg_info
[0.954s] creating omo_r1mini_teleop.egg-info
[0.954s] writing omo_r1mini_teleop.egg-info/PKG-INFO
[0.954s] writing dependency_links to omo_r1mini_teleop.egg-info/dependency_links.txt
[0.955s] writing entry points to omo_r1mini_teleop.egg-info/entry_points.txt
[0.955s] writing requirements to omo_r1mini_teleop.egg-info/requires.txt
[0.955s] writing top-level names to omo_r1mini_teleop.egg-info/top_level.txt
[0.959s] writing manifest file 'omo_r1mini_teleop.egg-info/SOURCES.txt'
[0.983s] reading manifest file 'omo_r1mini_teleop.egg-info/SOURCES.txt'
[0.983s] writing manifest file 'omo_r1mini_teleop.egg-info/SOURCES.txt'
[1.009s] running build_ext
[1.009s] Creating /root/catkin_ws/install/omo_r1mini_teleop/lib/python3.8/site-packages/site.py
[1.011s] Creating /root/catkin_ws/install/omo_r1mini_teleop/lib/python3.8/site-packages/omo-r1mini-teleop.egg-link (link to .)
[1.012s] Installing teleop_joy script to /root/catkin_ws/install/omo_r1mini_teleop/lib/omo_r1mini_teleop
[1.012s] Installing teleop_keyboard script to /root/catkin_ws/install/omo_r1mini_teleop/lib/omo_r1mini_teleop
[1.013s] 
[1.013s] Installed /root/catkin_ws/build/omo_r1mini_teleop
[1.013s] running install_data
[1.013s] creating /root/catkin_ws/install/omo_r1mini_teleop/share/ament_index
[1.013s] creating /root/catkin_ws/install/omo_r1mini_teleop/share/ament_index/resource_index
[1.013s] creating /root/catkin_ws/install/omo_r1mini_teleop/share/ament_index/resource_index/packages
[1.013s] copying resource/omo_r1mini_teleop -> /root/catkin_ws/install/omo_r1mini_teleop/share/ament_index/resource_index/packages
[1.013s] copying package.xml -> /root/catkin_ws/install/omo_r1mini_teleop/share/omo_r1mini_teleop
[1.013s] creating /root/catkin_ws/install/omo_r1mini_teleop/share/omo_r1mini_teleop/launch
[1.013s] copying launch/teleop_joy.launch.py -> /root/catkin_ws/install/omo_r1mini_teleop/share/omo_r1mini_teleop/launch
[1.014s] creating /root/catkin_ws/install/omo_r1mini_teleop/share/omo_r1mini_teleop/param
[1.014s] copying param/teleop_joy.param.yaml -> /root/catkin_ws/install/omo_r1mini_teleop/share/omo_r1mini_teleop/param
[1.034s] Invoked command in '/root/catkin_ws/build/omo_r1mini_teleop' returned '0': AMENT_PREFIX_PATH=/root/catkin_ws/install/omo_r1mini_interfaces:${AMENT_PREFIX_PATH} CMAKE_PREFIX_PATH=/root/catkin_ws/install/omo_r1mini_interfaces LD_LIBRARY_PATH=/root/catkin_ws/install/omo_r1mini_interfaces/lib:${LD_LIBRARY_PATH} PYTHONPATH=/root/catkin_ws/build/omo_r1mini_teleop/prefix_override:/root/catkin_ws/install/omo_r1mini_teleop/lib/python3.8/site-packages:/root/catkin_ws/install/omo_r1mini_interfaces/lib/python3.8/site-packages:${PYTHONPATH} /usr/bin/python3 setup.py develop --editable --build-directory /root/catkin_ws/build/omo_r1mini_teleop/build --no-deps install_data
