[0.640s] Invoking command in '/root/catkin_ws/build/asio_cmake_module': CMAKE_PREFIX_PATH=${CMAKE_PREFIX_PATH}:/root/catkin_ws/install/topic_service_action_rclpy_example:/root/catkin_ws/install/time_rclpy_example:/root/catkin_ws/install/tf2_rclpy_example:/root/catkin_ws/install/ros2env:/root/catkin_ws/install/omo_r1mini_teleop:/root/catkin_ws/install/omo_r1mini_bringup:/root/catkin_ws/install/my_first_ros_rclpy_pkg:/root/catkin_ws/install/logging_rclpy_example:/root/catkin_ws/install/iahrs_driver:/root/install/topic_service_action_rclpy_example:/root/install/time_rclpy_example:/root/install/tf2_rclpy_example:/root/install/ros2env:/root/install/omo_r1mini_teleop:/root/install/omo_r1mini_bringup:/root/install/my_first_ros_rclpy_pkg:/root/install/logging_rclpy_example:/opt/ros/foxy /usr/bin/cmake --build /root/catkin_ws/build/asio_cmake_module -- -j12 -l12
[2.048s] Invoked command in '/root/catkin_ws/build/asio_cmake_module' returned '0': CMAKE_PREFIX_PATH=${CMAKE_PREFIX_PATH}:/root/catkin_ws/install/topic_service_action_rclpy_example:/root/catkin_ws/install/time_rclpy_example:/root/catkin_ws/install/tf2_rclpy_example:/root/catkin_ws/install/ros2env:/root/catkin_ws/install/omo_r1mini_teleop:/root/catkin_ws/install/omo_r1mini_bringup:/root/catkin_ws/install/my_first_ros_rclpy_pkg:/root/catkin_ws/install/logging_rclpy_example:/root/catkin_ws/install/iahrs_driver:/root/install/topic_service_action_rclpy_example:/root/install/time_rclpy_example:/root/install/tf2_rclpy_example:/root/install/ros2env:/root/install/omo_r1mini_teleop:/root/install/omo_r1mini_bringup:/root/install/my_first_ros_rclpy_pkg:/root/install/logging_rclpy_example:/opt/ros/foxy /usr/bin/cmake --build /root/catkin_ws/build/asio_cmake_module -- -j12 -l12
[2.145s] Invoking command in '/root/catkin_ws/build/asio_cmake_module': CMAKE_PREFIX_PATH=${CMAKE_PREFIX_PATH}:/root/catkin_ws/install/topic_service_action_rclpy_example:/root/catkin_ws/install/time_rclpy_example:/root/catkin_ws/install/tf2_rclpy_example:/root/catkin_ws/install/ros2env:/root/catkin_ws/install/omo_r1mini_teleop:/root/catkin_ws/install/omo_r1mini_bringup:/root/catkin_ws/install/my_first_ros_rclpy_pkg:/root/catkin_ws/install/logging_rclpy_example:/root/catkin_ws/install/iahrs_driver:/root/install/topic_service_action_rclpy_example:/root/install/time_rclpy_example:/root/install/tf2_rclpy_example:/root/install/ros2env:/root/install/omo_r1mini_teleop:/root/install/omo_r1mini_bringup:/root/install/my_first_ros_rclpy_pkg:/root/install/logging_rclpy_example:/opt/ros/foxy /usr/bin/cmake --install /root/catkin_ws/build/asio_cmake_module
[2.164s] -- Install configuration: ""
[2.164s] -- Execute custom install script
[2.164s] -- Up-to-date symlink: /root/catkin_ws/install/asio_cmake_module/share/ament_index/resource_index/package_run_dependencies/asio_cmake_module
[2.164s] -- Up-to-date symlink: /root/catkin_ws/install/asio_cmake_module/share/ament_index/resource_index/parent_prefix_path/asio_cmake_module
[2.164s] -- Up-to-date symlink: /root/catkin_ws/install/asio_cmake_module/share/asio_cmake_module/environment/ament_prefix_path.sh
[2.165s] -- Up-to-date symlink: /root/catkin_ws/install/asio_cmake_module/share/asio_cmake_module/environment/ament_prefix_path.dsv
[2.165s] -- Up-to-date symlink: /root/catkin_ws/install/asio_cmake_module/share/asio_cmake_module/environment/path.sh
[2.165s] -- Up-to-date symlink: /root/catkin_ws/install/asio_cmake_module/share/asio_cmake_module/environment/path.dsv
[2.165s] -- Up-to-date symlink: /root/catkin_ws/install/asio_cmake_module/share/asio_cmake_module/local_setup.bash
[2.165s] -- Up-to-date symlink: /root/catkin_ws/install/asio_cmake_module/share/asio_cmake_module/local_setup.sh
[2.165s] -- Up-to-date symlink: /root/catkin_ws/install/asio_cmake_module/share/asio_cmake_module/local_setup.zsh
[2.166s] -- Up-to-date symlink: /root/catkin_ws/install/asio_cmake_module/share/asio_cmake_module/local_setup.dsv
[2.166s] -- Symlinking: /root/catkin_ws/install/asio_cmake_module/share/asio_cmake_module/package.dsv
[2.186s] -- Up-to-date symlink: /root/catkin_ws/install/asio_cmake_module/share/ament_index/resource_index/packages/asio_cmake_module
[2.188s] -- Up-to-date symlink: /root/catkin_ws/install/asio_cmake_module/share/asio_cmake_module/cmake/asio_cmake_module-extras.cmake
[2.189s] -- Up-to-date symlink: /root/catkin_ws/install/asio_cmake_module/share/asio_cmake_module/cmake/asio_cmake_moduleConfig.cmake
[2.189s] -- Up-to-date symlink: /root/catkin_ws/install/asio_cmake_module/share/asio_cmake_module/cmake/asio_cmake_moduleConfig-version.cmake
[2.189s] -- Up-to-date symlink: /root/catkin_ws/install/asio_cmake_module/share/asio_cmake_module/package.xml
[2.190s] -- Up-to-date symlink: /root/catkin_ws/install/asio_cmake_module/share/asio_cmake_module/cmake/Modules/FindASIO.cmake
[2.198s] Invoked command in '/root/catkin_ws/build/asio_cmake_module' returned '0': CMAKE_PREFIX_PATH=${CMAKE_PREFIX_PATH}:/root/catkin_ws/install/topic_service_action_rclpy_example:/root/catkin_ws/install/time_rclpy_example:/root/catkin_ws/install/tf2_rclpy_example:/root/catkin_ws/install/ros2env:/root/catkin_ws/install/omo_r1mini_teleop:/root/catkin_ws/install/omo_r1mini_bringup:/root/catkin_ws/install/my_first_ros_rclpy_pkg:/root/catkin_ws/install/logging_rclpy_example:/root/catkin_ws/install/iahrs_driver:/root/install/topic_service_action_rclpy_example:/root/install/time_rclpy_example:/root/install/tf2_rclpy_example:/root/install/ros2env:/root/install/omo_r1mini_teleop:/root/install/omo_r1mini_bringup:/root/install/my_first_ros_rclpy_pkg:/root/install/logging_rclpy_example:/opt/ros/foxy /usr/bin/cmake --install /root/catkin_ws/build/asio_cmake_module
