[0.181s] Invoking command in '/root/catkin_ws/build/asio_cmake_module': CMAKE_PREFIX_PATH=${CMAKE_PREFIX_PATH}:/root/catkin_ws/install/topic_service_action_rclpy_example:/root/catkin_ws/install/time_rclpy_example:/root/catkin_ws/install/tf2_rclpy_example:/root/catkin_ws/install/ros2env:/root/catkin_ws/install/omo_r1mini_teleop:/root/catkin_ws/install/omo_r1mini_bringup:/root/catkin_ws/install/my_first_ros_rclpy_pkg:/root/catkin_ws/install/logging_rclpy_example:/root/catkin_ws/src/install/topic_service_action_rclpy_example:/root/catkin_ws/src/install/time_rclpy_example:/root/catkin_ws/src/install/tf2_rclpy_example:/root/catkin_ws/src/install/ros2env:/root/catkin_ws/src/install/omo_r1mini_teleop:/root/catkin_ws/src/install/omo_r1mini_bringup:/root/catkin_ws/src/install/my_first_ros_rclpy_pkg:/root/catkin_ws/src/install/logging_rclpy_example:/opt/ros/foxy /usr/bin/cmake --build /root/catkin_ws/build/asio_cmake_module -- -j12 -l12
[1.026s] Invoked command in '/root/catkin_ws/build/asio_cmake_module' returned '0': CMAKE_PREFIX_PATH=${CMAKE_PREFIX_PATH}:/root/catkin_ws/install/topic_service_action_rclpy_example:/root/catkin_ws/install/time_rclpy_example:/root/catkin_ws/install/tf2_rclpy_example:/root/catkin_ws/install/ros2env:/root/catkin_ws/install/omo_r1mini_teleop:/root/catkin_ws/install/omo_r1mini_bringup:/root/catkin_ws/install/my_first_ros_rclpy_pkg:/root/catkin_ws/install/logging_rclpy_example:/root/catkin_ws/src/install/topic_service_action_rclpy_example:/root/catkin_ws/src/install/time_rclpy_example:/root/catkin_ws/src/install/tf2_rclpy_example:/root/catkin_ws/src/install/ros2env:/root/catkin_ws/src/install/omo_r1mini_teleop:/root/catkin_ws/src/install/omo_r1mini_bringup:/root/catkin_ws/src/install/my_first_ros_rclpy_pkg:/root/catkin_ws/src/install/logging_rclpy_example:/opt/ros/foxy /usr/bin/cmake --build /root/catkin_ws/build/asio_cmake_module -- -j12 -l12
[1.112s] Invoking command in '/root/catkin_ws/build/asio_cmake_module': CMAKE_PREFIX_PATH=${CMAKE_PREFIX_PATH}:/root/catkin_ws/install/topic_service_action_rclpy_example:/root/catkin_ws/install/time_rclpy_example:/root/catkin_ws/install/tf2_rclpy_example:/root/catkin_ws/install/ros2env:/root/catkin_ws/install/omo_r1mini_teleop:/root/catkin_ws/install/omo_r1mini_bringup:/root/catkin_ws/install/my_first_ros_rclpy_pkg:/root/catkin_ws/install/logging_rclpy_example:/root/catkin_ws/src/install/topic_service_action_rclpy_example:/root/catkin_ws/src/install/time_rclpy_example:/root/catkin_ws/src/install/tf2_rclpy_example:/root/catkin_ws/src/install/ros2env:/root/catkin_ws/src/install/omo_r1mini_teleop:/root/catkin_ws/src/install/omo_r1mini_bringup:/root/catkin_ws/src/install/my_first_ros_rclpy_pkg:/root/catkin_ws/src/install/logging_rclpy_example:/opt/ros/foxy /usr/bin/cmake --install /root/catkin_ws/build/asio_cmake_module
[1.165s] -- Install configuration: ""
[1.165s] -- Execute custom install script
[1.165s] -- Up-to-date symlink: /root/catkin_ws/install/asio_cmake_module/share/ament_index/resource_index/package_run_dependencies/asio_cmake_module
[1.165s] -- Up-to-date symlink: /root/catkin_ws/install/asio_cmake_module/share/ament_index/resource_index/parent_prefix_path/asio_cmake_module
[1.165s] -- Up-to-date symlink: /root/catkin_ws/install/asio_cmake_module/share/asio_cmake_module/environment/ament_prefix_path.sh
[1.166s] -- Up-to-date symlink: /root/catkin_ws/install/asio_cmake_module/share/asio_cmake_module/environment/ament_prefix_path.dsv
[1.166s] -- Up-to-date symlink: /root/catkin_ws/install/asio_cmake_module/share/asio_cmake_module/environment/path.sh
[1.166s] -- Up-to-date symlink: /root/catkin_ws/install/asio_cmake_module/share/asio_cmake_module/environment/path.dsv
[1.166s] -- Up-to-date symlink: /root/catkin_ws/install/asio_cmake_module/share/asio_cmake_module/local_setup.bash
[1.166s] -- Up-to-date symlink: /root/catkin_ws/install/asio_cmake_module/share/asio_cmake_module/local_setup.sh
[1.166s] -- Up-to-date symlink: /root/catkin_ws/install/asio_cmake_module/share/asio_cmake_module/local_setup.zsh
[1.166s] -- Up-to-date symlink: /root/catkin_ws/install/asio_cmake_module/share/asio_cmake_module/local_setup.dsv
[1.166s] -- Symlinking: /root/catkin_ws/install/asio_cmake_module/share/asio_cmake_module/package.dsv
[1.166s] -- Up-to-date symlink: /root/catkin_ws/install/asio_cmake_module/share/ament_index/resource_index/packages/asio_cmake_module
[1.167s] -- Up-to-date symlink: /root/catkin_ws/install/asio_cmake_module/share/asio_cmake_module/cmake/asio_cmake_module-extras.cmake
[1.167s] -- Up-to-date symlink: /root/catkin_ws/install/asio_cmake_module/share/asio_cmake_module/cmake/asio_cmake_moduleConfig.cmake
[1.167s] -- Up-to-date symlink: /root/catkin_ws/install/asio_cmake_module/share/asio_cmake_module/cmake/asio_cmake_moduleConfig-version.cmake
[1.167s] -- Up-to-date symlink: /root/catkin_ws/install/asio_cmake_module/share/asio_cmake_module/package.xml
[1.167s] -- Up-to-date symlink: /root/catkin_ws/install/asio_cmake_module/share/asio_cmake_module/cmake/Modules/FindASIO.cmake
[1.190s] Invoked command in '/root/catkin_ws/build/asio_cmake_module' returned '0': CMAKE_PREFIX_PATH=${CMAKE_PREFIX_PATH}:/root/catkin_ws/install/topic_service_action_rclpy_example:/root/catkin_ws/install/time_rclpy_example:/root/catkin_ws/install/tf2_rclpy_example:/root/catkin_ws/install/ros2env:/root/catkin_ws/install/omo_r1mini_teleop:/root/catkin_ws/install/omo_r1mini_bringup:/root/catkin_ws/install/my_first_ros_rclpy_pkg:/root/catkin_ws/install/logging_rclpy_example:/root/catkin_ws/src/install/topic_service_action_rclpy_example:/root/catkin_ws/src/install/time_rclpy_example:/root/catkin_ws/src/install/tf2_rclpy_example:/root/catkin_ws/src/install/ros2env:/root/catkin_ws/src/install/omo_r1mini_teleop:/root/catkin_ws/src/install/omo_r1mini_bringup:/root/catkin_ws/src/install/my_first_ros_rclpy_pkg:/root/catkin_ws/src/install/logging_rclpy_example:/opt/ros/foxy /usr/bin/cmake --install /root/catkin_ws/build/asio_cmake_module
