running develop
running egg_info
creating iahrs_driver.egg-info
writing iahrs_driver.egg-info/PKG-INFO
writing dependency_links to iahrs_driver.egg-info/dependency_links.txt
writing entry points to iahrs_driver.egg-info/entry_points.txt
writing requirements to iahrs_driver.egg-info/requires.txt
writing top-level names to iahrs_driver.egg-info/top_level.txt
writing manifest file 'iahrs_driver.egg-info/SOURCES.txt'
reading manifest file 'iahrs_driver.egg-info/SOURCES.txt'
writing manifest file 'iahrs_driver.egg-info/SOURCES.txt'
running build_ext
Creating /root/catkin_ws/install/iahrs_driver/lib/python3.8/site-packages/site.py
Creating /root/catkin_ws/install/iahrs_driver/lib/python3.8/site-packages/iahrs-driver.egg-link (link to .)
Installing driver script to /root/catkin_ws/install/iahrs_driver/lib/iahrs_driver

Installed /root/catkin_ws/build/iahrs_driver
running install_data
creating /root/catkin_ws/install/iahrs_driver/share/ament_index
creating /root/catkin_ws/install/iahrs_driver/share/ament_index/resource_index
creating /root/catkin_ws/install/iahrs_driver/share/ament_index/resource_index/packages
copying resource/iahrs_driver -> /root/catkin_ws/install/iahrs_driver/share/ament_index/resource_index/packages
copying package.xml -> /root/catkin_ws/install/iahrs_driver/share/iahrs_driver
