[0.163s] Invoking command in '/root/catkin_ws/build/builtin_interfaces': CMAKE_PREFIX_PATH=${CMAKE_PREFIX_PATH}:/root/catkin_ws/install/topic_service_action_rclpy_example:/root/catkin_ws/install/time_rclpy_example:/root/catkin_ws/install/tf2_rclpy_example:/root/catkin_ws/install/sensor_msgs_py:/root/catkin_ws/install/omo_r1mini_teleop:/root/catkin_ws/install/omo_r1mini_bringup:/root/catkin_ws/install/my_first_ros_rclpy_pkg:/root/catkin_ws/install/logging_rclpy_example:/root/catkin_ws/install/iahrs_driver:/root/catkin_ws/install/ros2env:/root/install/topic_service_action_rclpy_example:/root/install/time_rclpy_example:/root/install/tf2_rclpy_example:/root/install/ros2env:/root/install/omo_r1mini_teleop:/root/install/omo_r1mini_bringup:/root/install/my_first_ros_rclpy_pkg:/root/install/logging_rclpy_example:/opt/ros/foxy /usr/bin/cmake --build /root/catkin_ws/build/builtin_interfaces -- -j12 -l12
[0.269s] [  2%] Built target builtin_interfaces__cpp
[0.279s] [ 10%] Built target builtin_interfaces__rosidl_generator_c
[0.382s] [ 18%] Built target builtin_interfaces__rosidl_typesupport_microxrcedds_c
[0.389s] [ 26%] Built target builtin_interfaces__rosidl_typesupport_introspection_cpp
[0.442s] [ 34%] Built target builtin_interfaces__rosidl_typesupport_cpp
[0.447s] [ 42%] Built target builtin_interfaces__rosidl_typesupport_fastrtps_cpp
[0.464s] [ 51%] Built target builtin_interfaces__rosidl_typesupport_introspection_c
[0.483s] [ 59%] Built target builtin_interfaces__rosidl_typesupport_c
[0.483s] [ 67%] Built target builtin_interfaces__rosidl_typesupport_microxrcedds_cpp
[0.615s] [ 75%] Built target builtin_interfaces__rosidl_typesupport_fastrtps_c
[0.735s] [ 75%] Built target builtin_interfaces
[0.737s] [ 77%] Built target builtin_interfaces__py
[0.777s] [ 83%] Built target builtin_interfaces__python
[0.882s] [ 87%] Built target builtin_interfaces__rosidl_typesupport_fastrtps_c__pyext
[0.884s] [ 91%] Built target builtin_interfaces__rosidl_typesupport_c__pyext
[0.888s] [ 95%] Built target builtin_interfaces__rosidl_typesupport_introspection_c__pyext
[0.899s] [100%] Built target builtin_interfaces__rosidl_typesupport_microxrcedds_c__pyext
[1.010s] Invoked command in '/root/catkin_ws/build/builtin_interfaces' returned '0': CMAKE_PREFIX_PATH=${CMAKE_PREFIX_PATH}:/root/catkin_ws/install/topic_service_action_rclpy_example:/root/catkin_ws/install/time_rclpy_example:/root/catkin_ws/install/tf2_rclpy_example:/root/catkin_ws/install/sensor_msgs_py:/root/catkin_ws/install/omo_r1mini_teleop:/root/catkin_ws/install/omo_r1mini_bringup:/root/catkin_ws/install/my_first_ros_rclpy_pkg:/root/catkin_ws/install/logging_rclpy_example:/root/catkin_ws/install/iahrs_driver:/root/catkin_ws/install/ros2env:/root/install/topic_service_action_rclpy_example:/root/install/time_rclpy_example:/root/install/tf2_rclpy_example:/root/install/ros2env:/root/install/omo_r1mini_teleop:/root/install/omo_r1mini_bringup:/root/install/my_first_ros_rclpy_pkg:/root/install/logging_rclpy_example:/opt/ros/foxy /usr/bin/cmake --build /root/catkin_ws/build/builtin_interfaces -- -j12 -l12
[1.448s] Invoking command in '/root/catkin_ws/build/builtin_interfaces': CMAKE_PREFIX_PATH=${CMAKE_PREFIX_PATH}:/root/catkin_ws/install/topic_service_action_rclpy_example:/root/catkin_ws/install/time_rclpy_example:/root/catkin_ws/install/tf2_rclpy_example:/root/catkin_ws/install/sensor_msgs_py:/root/catkin_ws/install/omo_r1mini_teleop:/root/catkin_ws/install/omo_r1mini_bringup:/root/catkin_ws/install/my_first_ros_rclpy_pkg:/root/catkin_ws/install/logging_rclpy_example:/root/catkin_ws/install/iahrs_driver:/root/catkin_ws/install/ros2env:/root/install/topic_service_action_rclpy_example:/root/install/time_rclpy_example:/root/install/tf2_rclpy_example:/root/install/ros2env:/root/install/omo_r1mini_teleop:/root/install/omo_r1mini_bringup:/root/install/my_first_ros_rclpy_pkg:/root/install/logging_rclpy_example:/opt/ros/foxy /usr/bin/cmake --install /root/catkin_ws/build/builtin_interfaces
[1.478s] -- Install configuration: ""
[1.492s] -- Execute custom install script
[1.493s] -- Up-to-date symlink: /root/catkin_ws/install/builtin_interfaces/share/ament_index/resource_index/rosidl_interfaces/builtin_interfaces
[1.493s] -- Up-to-date symlink: /root/catkin_ws/install/builtin_interfaces/include/builtin_interfaces/msg/detail/duration__functions.h
[1.493s] -- Up-to-date symlink: /root/catkin_ws/install/builtin_interfaces/include/builtin_interfaces/msg/detail/duration__struct.h
[1.493s] -- Up-to-date symlink: /root/catkin_ws/install/builtin_interfaces/include/builtin_interfaces/msg/detail/duration__type_support.h
[1.494s] -- Up-to-date symlink: /root/catkin_ws/install/builtin_interfaces/include/builtin_interfaces/msg/detail/time__functions.h
[1.495s] -- Up-to-date symlink: /root/catkin_ws/install/builtin_interfaces/include/builtin_interfaces/msg/detail/time__struct.h
[1.497s] -- Up-to-date symlink: /root/catkin_ws/install/builtin_interfaces/include/builtin_interfaces/msg/detail/time__type_support.h
[1.497s] -- Up-to-date symlink: /root/catkin_ws/install/builtin_interfaces/include/builtin_interfaces/msg/duration.h
[1.497s] -- Up-to-date symlink: /root/catkin_ws/install/builtin_interfaces/include/builtin_interfaces/msg/rosidl_generator_c__visibility_control.h
[1.497s] -- Up-to-date symlink: /root/catkin_ws/install/builtin_interfaces/include/builtin_interfaces/msg/time.h
[1.497s] -- Up-to-date symlink: /root/catkin_ws/install/builtin_interfaces/share/builtin_interfaces/environment/library_path.sh
[1.499s] -- Up-to-date symlink: /root/catkin_ws/install/builtin_interfaces/share/builtin_interfaces/environment/library_path.dsv
[1.500s] -- Up-to-date symlink: /root/catkin_ws/install/builtin_interfaces/include/builtin_interfaces/msg/detail/duration__rosidl_typesupport_microxrcedds_c.h
[1.500s] -- Up-to-date symlink: /root/catkin_ws/install/builtin_interfaces/include/builtin_interfaces/msg/detail/time__rosidl_typesupport_microxrcedds_c.h
[1.501s] -- Up-to-date symlink: /root/catkin_ws/install/builtin_interfaces/include/builtin_interfaces/msg/rosidl_typesupport_microxrcedds_c__visibility_control.h
[1.501s] -- Up-to-date symlink: /root/catkin_ws/install/builtin_interfaces/lib/libbuiltin_interfaces__rosidl_typesupport_microxrcedds_c.so
[1.503s] -- Up-to-date symlink: /root/catkin_ws/install/builtin_interfaces/include/builtin_interfaces/msg/detail/duration__rosidl_typesupport_fastrtps_c.h
[1.504s] -- Up-to-date symlink: /root/catkin_ws/install/builtin_interfaces/include/builtin_interfaces/msg/detail/time__rosidl_typesupport_fastrtps_c.h
[1.505s] -- Up-to-date symlink: /root/catkin_ws/install/builtin_interfaces/include/builtin_interfaces/msg/rosidl_typesupport_fastrtps_c__visibility_control.h
[1.511s] -- Up-to-date symlink: /root/catkin_ws/install/builtin_interfaces/lib/libbuiltin_interfaces__rosidl_typesupport_fastrtps_c.so
[1.511s] -- Up-to-date symlink: /root/catkin_ws/install/builtin_interfaces/include/builtin_interfaces/msg/detail/duration__rosidl_typesupport_fastrtps_cpp.hpp
[1.511s] -- Up-to-date symlink: /root/catkin_ws/install/builtin_interfaces/include/builtin_interfaces/msg/detail/time__rosidl_typesupport_fastrtps_cpp.hpp
[1.511s] -- Up-to-date symlink: /root/catkin_ws/install/builtin_interfaces/include/builtin_interfaces/msg/rosidl_typesupport_fastrtps_cpp__visibility_control.h
[1.511s] -- Up-to-date symlink: /root/catkin_ws/install/builtin_interfaces/lib/libbuiltin_interfaces__rosidl_typesupport_fastrtps_cpp.so
[1.513s] -- Up-to-date symlink: /root/catkin_ws/install/builtin_interfaces/include/builtin_interfaces/msg/detail/duration__rosidl_typesupport_introspection_c.h
[1.514s] -- Up-to-date symlink: /root/catkin_ws/install/builtin_interfaces/include/builtin_interfaces/msg/detail/time__rosidl_typesupport_introspection_c.h
[1.514s] -- Up-to-date symlink: /root/catkin_ws/install/builtin_interfaces/include/builtin_interfaces/msg/rosidl_typesupport_introspection_c__visibility_control.h
[1.517s] -- Up-to-date symlink: /root/catkin_ws/install/builtin_interfaces/include/builtin_interfaces/msg/detail/duration__builder.hpp
[1.517s] -- Up-to-date symlink: /root/catkin_ws/install/builtin_interfaces/include/builtin_interfaces/msg/detail/duration__struct.hpp
[1.517s] -- Up-to-date symlink: /root/catkin_ws/install/builtin_interfaces/include/builtin_interfaces/msg/detail/duration__traits.hpp
[1.517s] -- Up-to-date symlink: /root/catkin_ws/install/builtin_interfaces/include/builtin_interfaces/msg/detail/time__builder.hpp
[1.518s] -- Up-to-date symlink: /root/catkin_ws/install/builtin_interfaces/include/builtin_interfaces/msg/detail/time__struct.hpp
[1.518s] -- Up-to-date symlink: /root/catkin_ws/install/builtin_interfaces/include/builtin_interfaces/msg/detail/time__traits.hpp
[1.524s] -- Up-to-date symlink: /root/catkin_ws/install/builtin_interfaces/include/builtin_interfaces/msg/duration.hpp
[1.525s] -- Up-to-date symlink: /root/catkin_ws/install/builtin_interfaces/include/builtin_interfaces/msg/time.hpp
[1.525s] -- Up-to-date symlink: /root/catkin_ws/install/builtin_interfaces/include/builtin_interfaces/msg/detail/duration__rosidl_typesupport_microxrcedds_cpp.hpp
[1.525s] -- Up-to-date symlink: /root/catkin_ws/install/builtin_interfaces/include/builtin_interfaces/msg/detail/microxrcedds/duration__type_support_cpp.cpp
[1.525s] -- Up-to-date symlink: /root/catkin_ws/install/builtin_interfaces/include/builtin_interfaces/msg/detail/microxrcedds/time__type_support_cpp.cpp
[1.525s] -- Up-to-date symlink: /root/catkin_ws/install/builtin_interfaces/include/builtin_interfaces/msg/detail/time__rosidl_typesupport_microxrcedds_cpp.hpp
[1.527s] -- Up-to-date symlink: /root/catkin_ws/install/builtin_interfaces/include/builtin_interfaces/msg/rosidl_typesupport_microxrcedds_cpp__visibility_control.h
[1.535s] -- Up-to-date symlink: /root/catkin_ws/install/builtin_interfaces/lib/libbuiltin_interfaces__rosidl_typesupport_microxrcedds_cpp.so
[1.535s] -- Up-to-date symlink: /root/catkin_ws/install/builtin_interfaces/include/builtin_interfaces/msg/detail/duration__rosidl_typesupport_introspection_cpp.hpp
[1.535s] -- Up-to-date symlink: /root/catkin_ws/install/builtin_interfaces/include/builtin_interfaces/msg/detail/time__rosidl_typesupport_introspection_cpp.hpp
[1.535s] -- Up-to-date symlink: /root/catkin_ws/install/builtin_interfaces/share/builtin_interfaces/environment/pythonpath.sh
[1.535s] -- Up-to-date symlink: /root/catkin_ws/install/builtin_interfaces/share/builtin_interfaces/environment/pythonpath.dsv
[1.535s] -- Up-to-date symlink: /root/catkin_ws/install/builtin_interfaces/lib/python3.8/site-packages/builtin_interfaces/__init__.py
[1.535s] -- Up-to-date symlink: /root/catkin_ws/install/builtin_interfaces/lib/python3.8/site-packages/builtin_interfaces/msg/__init__.py
[1.539s] -- Up-to-date symlink: /root/catkin_ws/install/builtin_interfaces/lib/python3.8/site-packages/builtin_interfaces/msg/_duration.py
[1.539s] -- Up-to-date symlink: /root/catkin_ws/install/builtin_interfaces/lib/python3.8/site-packages/builtin_interfaces/msg/_time.py
[1.539s] -- Up-to-date symlink: /root/catkin_ws/install/builtin_interfaces/lib/python3.8/site-packages/builtin_interfaces/builtin_interfaces_s__rosidl_typesupport_microxrcedds_c.cpython-38-x86_64-linux-gnu.so
[1.540s] -- Up-to-date symlink: /root/catkin_ws/install/builtin_interfaces/lib/python3.8/site-packages/builtin_interfaces/builtin_interfaces_s__rosidl_typesupport_fastrtps_c.cpython-38-x86_64-linux-gnu.so
[1.541s] -- Up-to-date symlink: /root/catkin_ws/install/builtin_interfaces/lib/python3.8/site-packages/builtin_interfaces/builtin_interfaces_s__rosidl_typesupport_introspection_c.cpython-38-x86_64-linux-gnu.so
[1.542s] -- Up-to-date symlink: /root/catkin_ws/install/builtin_interfaces/lib/python3.8/site-packages/builtin_interfaces/builtin_interfaces_s__rosidl_typesupport_c.cpython-38-x86_64-linux-gnu.so
[1.543s] -- Up-to-date symlink: /root/catkin_ws/install/builtin_interfaces/lib/libbuiltin_interfaces__python.so
[1.544s] -- Up-to-date symlink: /root/catkin_ws/install/builtin_interfaces/share/builtin_interfaces/msg/Duration.idl
[1.544s] -- Up-to-date symlink: /root/catkin_ws/install/builtin_interfaces/share/builtin_interfaces/msg/Time.idl
[1.544s] -- Up-to-date symlink: /root/catkin_ws/install/builtin_interfaces/share/builtin_interfaces/msg/Duration.msg
[1.545s] -- Up-to-date symlink: /root/catkin_ws/install/builtin_interfaces/share/builtin_interfaces/msg/Time.msg
[1.547s] -- Up-to-date symlink: /root/catkin_ws/install/builtin_interfaces/share/ament_index/resource_index/package_run_dependencies/builtin_interfaces
[1.547s] -- Up-to-date symlink: /root/catkin_ws/install/builtin_interfaces/share/ament_index/resource_index/parent_prefix_path/builtin_interfaces
[1.547s] -- Up-to-date symlink: /root/catkin_ws/install/builtin_interfaces/share/builtin_interfaces/environment/ament_prefix_path.sh
[1.548s] -- Up-to-date symlink: /root/catkin_ws/install/builtin_interfaces/share/builtin_interfaces/environment/ament_prefix_path.dsv
[1.548s] -- Up-to-date symlink: /root/catkin_ws/install/builtin_interfaces/share/builtin_interfaces/environment/path.sh
[1.549s] -- Up-to-date symlink: /root/catkin_ws/install/builtin_interfaces/share/builtin_interfaces/environment/path.dsv
[1.550s] -- Up-to-date symlink: /root/catkin_ws/install/builtin_interfaces/share/builtin_interfaces/local_setup.bash
[1.550s] -- Up-to-date symlink: /root/catkin_ws/install/builtin_interfaces/share/builtin_interfaces/local_setup.sh
[1.550s] -- Up-to-date symlink: /root/catkin_ws/install/builtin_interfaces/share/builtin_interfaces/local_setup.zsh
[1.551s] -- Up-to-date symlink: /root/catkin_ws/install/builtin_interfaces/share/builtin_interfaces/local_setup.dsv
[1.558s] -- Symlinking: /root/catkin_ws/install/builtin_interfaces/share/builtin_interfaces/package.dsv
[1.577s] -- Up-to-date symlink: /root/catkin_ws/install/builtin_interfaces/share/ament_index/resource_index/packages/builtin_interfaces
[1.578s] -- Up-to-date symlink: /root/catkin_ws/install/builtin_interfaces/share/builtin_interfaces/cmake/rosidl_cmake-extras.cmake
[1.578s] -- Up-to-date symlink: /root/catkin_ws/install/builtin_interfaces/share/builtin_interfaces/cmake/ament_cmake_export_dependencies-extras.cmake
[1.578s] -- Up-to-date symlink: /root/catkin_ws/install/builtin_interfaces/share/builtin_interfaces/cmake/ament_cmake_export_libraries-extras.cmake
[1.578s] -- Up-to-date symlink: /root/catkin_ws/install/builtin_interfaces/share/builtin_interfaces/cmake/ament_cmake_export_targets-extras.cmake
[1.579s] -- Up-to-date symlink: /root/catkin_ws/install/builtin_interfaces/share/builtin_interfaces/cmake/ament_cmake_export_include_directories-extras.cmake
[1.579s] -- Up-to-date symlink: /root/catkin_ws/install/builtin_interfaces/share/builtin_interfaces/cmake/rosidl_cmake_export_typesupport_libraries-extras.cmake
[1.579s] -- Up-to-date symlink: /root/catkin_ws/install/builtin_interfaces/share/builtin_interfaces/cmake/rosidl_cmake_export_typesupport_targets-extras.cmake
[1.579s] -- Up-to-date symlink: /root/catkin_ws/install/builtin_interfaces/share/builtin_interfaces/cmake/builtin_interfacesConfig.cmake
[1.580s] -- Up-to-date symlink: /root/catkin_ws/install/builtin_interfaces/share/builtin_interfaces/cmake/builtin_interfacesConfig-version.cmake
[1.580s] -- Up-to-date symlink: /root/catkin_ws/install/builtin_interfaces/share/builtin_interfaces/package.xml
[1.580s] -- Up-to-date: /root/catkin_ws/install/builtin_interfaces/lib/libbuiltin_interfaces__rosidl_generator_c.so
[1.580s] -- Up-to-date: /root/catkin_ws/install/builtin_interfaces/lib/libbuiltin_interfaces__rosidl_typesupport_introspection_c.so
[1.581s] -- Up-to-date: /root/catkin_ws/install/builtin_interfaces/lib/libbuiltin_interfaces__rosidl_typesupport_c.so
[1.581s] -- Up-to-date: /root/catkin_ws/install/builtin_interfaces/lib/libbuiltin_interfaces__rosidl_typesupport_introspection_cpp.so
[1.581s] -- Up-to-date: /root/catkin_ws/install/builtin_interfaces/lib/libbuiltin_interfaces__rosidl_typesupport_cpp.so
[1.714s] -- Up-to-date: /root/catkin_ws/install/builtin_interfaces/share/builtin_interfaces/cmake/builtin_interfaces__rosidl_generator_cExport.cmake
[1.716s] -- Up-to-date: /root/catkin_ws/install/builtin_interfaces/share/builtin_interfaces/cmake/builtin_interfaces__rosidl_generator_cExport-noconfig.cmake
[1.716s] -- Up-to-date: /root/catkin_ws/install/builtin_interfaces/share/builtin_interfaces/cmake/builtin_interfaces__rosidl_typesupport_introspection_cExport.cmake
[1.717s] -- Up-to-date: /root/catkin_ws/install/builtin_interfaces/share/builtin_interfaces/cmake/builtin_interfaces__rosidl_typesupport_introspection_cExport-noconfig.cmake
[1.717s] -- Up-to-date: /root/catkin_ws/install/builtin_interfaces/share/builtin_interfaces/cmake/builtin_interfaces__rosidl_typesupport_cExport.cmake
[1.718s] -- Up-to-date: /root/catkin_ws/install/builtin_interfaces/share/builtin_interfaces/cmake/builtin_interfaces__rosidl_typesupport_cExport-noconfig.cmake
[1.718s] -- Up-to-date: /root/catkin_ws/install/builtin_interfaces/share/builtin_interfaces/cmake/builtin_interfaces__rosidl_generator_cppExport.cmake
[1.718s] -- Up-to-date: /root/catkin_ws/install/builtin_interfaces/share/builtin_interfaces/cmake/builtin_interfaces__rosidl_typesupport_introspection_cppExport.cmake
[1.718s] -- Up-to-date: /root/catkin_ws/install/builtin_interfaces/share/builtin_interfaces/cmake/builtin_interfaces__rosidl_typesupport_introspection_cppExport-noconfig.cmake
[1.718s] -- Up-to-date: /root/catkin_ws/install/builtin_interfaces/share/builtin_interfaces/cmake/builtin_interfaces__rosidl_typesupport_cppExport.cmake
[1.718s] -- Up-to-date: /root/catkin_ws/install/builtin_interfaces/share/builtin_interfaces/cmake/builtin_interfaces__rosidl_typesupport_cppExport-noconfig.cmake
[1.767s] Invoked command in '/root/catkin_ws/build/builtin_interfaces' returned '0': CMAKE_PREFIX_PATH=${CMAKE_PREFIX_PATH}:/root/catkin_ws/install/topic_service_action_rclpy_example:/root/catkin_ws/install/time_rclpy_example:/root/catkin_ws/install/tf2_rclpy_example:/root/catkin_ws/install/sensor_msgs_py:/root/catkin_ws/install/omo_r1mini_teleop:/root/catkin_ws/install/omo_r1mini_bringup:/root/catkin_ws/install/my_first_ros_rclpy_pkg:/root/catkin_ws/install/logging_rclpy_example:/root/catkin_ws/install/iahrs_driver:/root/catkin_ws/install/ros2env:/root/install/topic_service_action_rclpy_example:/root/install/time_rclpy_example:/root/install/tf2_rclpy_example:/root/install/ros2env:/root/install/omo_r1mini_teleop:/root/install/omo_r1mini_bringup:/root/install/my_first_ros_rclpy_pkg:/root/install/logging_rclpy_example:/opt/ros/foxy /usr/bin/cmake --install /root/catkin_ws/build/builtin_interfaces
