[0.154s] Invoking command in '/root/catkin_ws/build/omo_r1mini_interfaces': CMAKE_PREFIX_PATH=${CMAKE_PREFIX_PATH}:/root/catkin_ws/install/topic_service_action_rclpy_example:/root/catkin_ws/install/time_rclpy_example:/root/catkin_ws/install/tf2_rclpy_example:/root/catkin_ws/install/ros2env:/root/catkin_ws/install/omo_r1mini_teleop:/root/catkin_ws/install/omo_r1mini_bringup:/root/catkin_ws/install/my_first_ros_rclpy_pkg:/root/catkin_ws/install/logging_rclpy_example:/root/catkin_ws/install/iahrs_driver:/root/install/topic_service_action_rclpy_example:/root/install/time_rclpy_example:/root/install/tf2_rclpy_example:/root/install/ros2env:/root/install/omo_r1mini_teleop:/root/install/omo_r1mini_bringup:/root/install/my_first_ros_rclpy_pkg:/root/install/logging_rclpy_example:/opt/ros/foxy /usr/bin/cmake --build /root/catkin_ws/build/omo_r1mini_interfaces -- -j12 -l12
[0.728s] [  1%] Built target omo_r1mini_interfaces__cpp
[0.728s] [ 12%] Built target omo_r1mini_interfaces__rosidl_generator_c
[0.729s] [ 23%] Built target omo_r1mini_interfaces__rosidl_typesupport_introspection_cpp
[0.729s] [ 35%] Built target omo_r1mini_interfaces__rosidl_typesupport_cpp
[0.730s] [ 46%] Built target omo_r1mini_interfaces__rosidl_typesupport_c
[0.730s] [ 57%] Built target omo_r1mini_interfaces__rosidl_typesupport_introspection_c
[0.731s] [ 69%] Built target omo_r1mini_interfaces__rosidl_typesupport_fastrtps_cpp
[0.731s] [ 80%] Built target omo_r1mini_interfaces__rosidl_typesupport_fastrtps_c
[0.731s] [ 80%] Built target omo_r1mini_interfaces
[0.732s] [ 81%] Built target omo_r1mini_interfaces__py
[0.733s] [ 91%] Built target omo_r1mini_interfaces__python
[0.733s] [ 97%] Built target omo_r1mini_interfaces__rosidl_typesupport_introspection_c__pyext
[0.733s] [ 97%] Built target omo_r1mini_interfaces__rosidl_typesupport_fastrtps_c__pyext
[0.733s] [100%] Built target omo_r1mini_interfaces__rosidl_typesupport_c__pyext
[0.754s] Invoked command in '/root/catkin_ws/build/omo_r1mini_interfaces' returned '0': CMAKE_PREFIX_PATH=${CMAKE_PREFIX_PATH}:/root/catkin_ws/install/topic_service_action_rclpy_example:/root/catkin_ws/install/time_rclpy_example:/root/catkin_ws/install/tf2_rclpy_example:/root/catkin_ws/install/ros2env:/root/catkin_ws/install/omo_r1mini_teleop:/root/catkin_ws/install/omo_r1mini_bringup:/root/catkin_ws/install/my_first_ros_rclpy_pkg:/root/catkin_ws/install/logging_rclpy_example:/root/catkin_ws/install/iahrs_driver:/root/install/topic_service_action_rclpy_example:/root/install/time_rclpy_example:/root/install/tf2_rclpy_example:/root/install/ros2env:/root/install/omo_r1mini_teleop:/root/install/omo_r1mini_bringup:/root/install/my_first_ros_rclpy_pkg:/root/install/logging_rclpy_example:/opt/ros/foxy /usr/bin/cmake --build /root/catkin_ws/build/omo_r1mini_interfaces -- -j12 -l12
[0.996s] Invoking command in '/root/catkin_ws/build/omo_r1mini_interfaces': CMAKE_PREFIX_PATH=${CMAKE_PREFIX_PATH}:/root/catkin_ws/install/topic_service_action_rclpy_example:/root/catkin_ws/install/time_rclpy_example:/root/catkin_ws/install/tf2_rclpy_example:/root/catkin_ws/install/ros2env:/root/catkin_ws/install/omo_r1mini_teleop:/root/catkin_ws/install/omo_r1mini_bringup:/root/catkin_ws/install/my_first_ros_rclpy_pkg:/root/catkin_ws/install/logging_rclpy_example:/root/catkin_ws/install/iahrs_driver:/root/install/topic_service_action_rclpy_example:/root/install/time_rclpy_example:/root/install/tf2_rclpy_example:/root/install/ros2env:/root/install/omo_r1mini_teleop:/root/install/omo_r1mini_bringup:/root/install/my_first_ros_rclpy_pkg:/root/install/logging_rclpy_example:/opt/ros/foxy /usr/bin/cmake --install /root/catkin_ws/build/omo_r1mini_interfaces
[1.088s] -- Install configuration: ""
[1.088s] -- Execute custom install script
[1.088s] -- Up-to-date symlink: /root/catkin_ws/install/omo_r1mini_interfaces/share/ament_index/resource_index/rosidl_interfaces/omo_r1mini_interfaces
[1.091s] -- Up-to-date symlink: /root/catkin_ws/install/omo_r1mini_interfaces/include/omo_r1mini_interfaces/msg/rosidl_generator_c__visibility_control.h
[1.091s] -- Up-to-date symlink: /root/catkin_ws/install/omo_r1mini_interfaces/include/omo_r1mini_interfaces/srv/battery.h
[1.092s] -- Up-to-date symlink: /root/catkin_ws/install/omo_r1mini_interfaces/include/omo_r1mini_interfaces/srv/calg.h
[1.095s] -- Up-to-date symlink: /root/catkin_ws/install/omo_r1mini_interfaces/include/omo_r1mini_interfaces/srv/color.h
[1.097s] -- Up-to-date symlink: /root/catkin_ws/install/omo_r1mini_interfaces/include/omo_r1mini_interfaces/srv/detail/battery__functions.h
[1.097s] -- Up-to-date symlink: /root/catkin_ws/install/omo_r1mini_interfaces/include/omo_r1mini_interfaces/srv/detail/battery__struct.h
[1.097s] -- Up-to-date symlink: /root/catkin_ws/install/omo_r1mini_interfaces/include/omo_r1mini_interfaces/srv/detail/battery__type_support.h
[1.098s] -- Up-to-date symlink: /root/catkin_ws/install/omo_r1mini_interfaces/include/omo_r1mini_interfaces/srv/detail/calg__functions.h
[1.098s] -- Up-to-date symlink: /root/catkin_ws/install/omo_r1mini_interfaces/include/omo_r1mini_interfaces/srv/detail/calg__struct.h
[1.098s] -- Up-to-date symlink: /root/catkin_ws/install/omo_r1mini_interfaces/include/omo_r1mini_interfaces/srv/detail/calg__type_support.h
[1.098s] -- Up-to-date symlink: /root/catkin_ws/install/omo_r1mini_interfaces/include/omo_r1mini_interfaces/srv/detail/color__functions.h
[1.098s] -- Up-to-date symlink: /root/catkin_ws/install/omo_r1mini_interfaces/include/omo_r1mini_interfaces/srv/detail/color__struct.h
[1.098s] -- Up-to-date symlink: /root/catkin_ws/install/omo_r1mini_interfaces/include/omo_r1mini_interfaces/srv/detail/color__type_support.h
[1.098s] -- Up-to-date symlink: /root/catkin_ws/install/omo_r1mini_interfaces/include/omo_r1mini_interfaces/srv/detail/onoff__functions.h
[1.098s] -- Up-to-date symlink: /root/catkin_ws/install/omo_r1mini_interfaces/include/omo_r1mini_interfaces/srv/detail/onoff__struct.h
[1.098s] -- Up-to-date symlink: /root/catkin_ws/install/omo_r1mini_interfaces/include/omo_r1mini_interfaces/srv/detail/onoff__type_support.h
[1.099s] -- Up-to-date symlink: /root/catkin_ws/install/omo_r1mini_interfaces/include/omo_r1mini_interfaces/srv/detail/reset_odom__functions.h
[1.099s] -- Up-to-date symlink: /root/catkin_ws/install/omo_r1mini_interfaces/include/omo_r1mini_interfaces/srv/detail/reset_odom__struct.h
[1.099s] -- Up-to-date symlink: /root/catkin_ws/install/omo_r1mini_interfaces/include/omo_r1mini_interfaces/srv/detail/reset_odom__type_support.h
[1.099s] -- Up-to-date symlink: /root/catkin_ws/install/omo_r1mini_interfaces/include/omo_r1mini_interfaces/srv/detail/save_color__functions.h
[1.099s] -- Up-to-date symlink: /root/catkin_ws/install/omo_r1mini_interfaces/include/omo_r1mini_interfaces/srv/detail/save_color__struct.h
[1.100s] -- Up-to-date symlink: /root/catkin_ws/install/omo_r1mini_interfaces/include/omo_r1mini_interfaces/srv/detail/save_color__type_support.h
[1.100s] -- Up-to-date symlink: /root/catkin_ws/install/omo_r1mini_interfaces/include/omo_r1mini_interfaces/srv/onoff.h
[1.100s] -- Up-to-date symlink: /root/catkin_ws/install/omo_r1mini_interfaces/include/omo_r1mini_interfaces/srv/reset_odom.h
[1.100s] -- Up-to-date symlink: /root/catkin_ws/install/omo_r1mini_interfaces/include/omo_r1mini_interfaces/srv/save_color.h
[1.101s] -- Up-to-date symlink: /root/catkin_ws/install/omo_r1mini_interfaces/share/omo_r1mini_interfaces/environment/library_path.sh
[1.101s] -- Up-to-date symlink: /root/catkin_ws/install/omo_r1mini_interfaces/share/omo_r1mini_interfaces/environment/library_path.dsv
[1.101s] -- Up-to-date symlink: /root/catkin_ws/install/omo_r1mini_interfaces/include/omo_r1mini_interfaces/msg/rosidl_typesupport_fastrtps_c__visibility_control.h
[1.101s] -- Up-to-date symlink: /root/catkin_ws/install/omo_r1mini_interfaces/include/omo_r1mini_interfaces/srv/detail/battery__rosidl_typesupport_fastrtps_c.h
[1.104s] -- Up-to-date symlink: /root/catkin_ws/install/omo_r1mini_interfaces/include/omo_r1mini_interfaces/srv/detail/calg__rosidl_typesupport_fastrtps_c.h
[1.104s] -- Up-to-date symlink: /root/catkin_ws/install/omo_r1mini_interfaces/include/omo_r1mini_interfaces/srv/detail/color__rosidl_typesupport_fastrtps_c.h
[1.104s] -- Up-to-date symlink: /root/catkin_ws/install/omo_r1mini_interfaces/include/omo_r1mini_interfaces/srv/detail/onoff__rosidl_typesupport_fastrtps_c.h
[1.104s] -- Up-to-date symlink: /root/catkin_ws/install/omo_r1mini_interfaces/include/omo_r1mini_interfaces/srv/detail/reset_odom__rosidl_typesupport_fastrtps_c.h
[1.104s] -- Up-to-date symlink: /root/catkin_ws/install/omo_r1mini_interfaces/include/omo_r1mini_interfaces/srv/detail/save_color__rosidl_typesupport_fastrtps_c.h
[1.104s] -- Up-to-date symlink: /root/catkin_ws/install/omo_r1mini_interfaces/lib/libomo_r1mini_interfaces__rosidl_typesupport_fastrtps_c.so
[1.105s] -- Up-to-date symlink: /root/catkin_ws/install/omo_r1mini_interfaces/include/omo_r1mini_interfaces/msg/rosidl_typesupport_fastrtps_cpp__visibility_control.h
[1.105s] -- Up-to-date symlink: /root/catkin_ws/install/omo_r1mini_interfaces/include/omo_r1mini_interfaces/srv/detail/battery__rosidl_typesupport_fastrtps_cpp.hpp
[1.105s] -- Up-to-date symlink: /root/catkin_ws/install/omo_r1mini_interfaces/include/omo_r1mini_interfaces/srv/detail/calg__rosidl_typesupport_fastrtps_cpp.hpp
[1.105s] -- Up-to-date symlink: /root/catkin_ws/install/omo_r1mini_interfaces/include/omo_r1mini_interfaces/srv/detail/color__rosidl_typesupport_fastrtps_cpp.hpp
[1.105s] -- Up-to-date symlink: /root/catkin_ws/install/omo_r1mini_interfaces/include/omo_r1mini_interfaces/srv/detail/onoff__rosidl_typesupport_fastrtps_cpp.hpp
[1.105s] -- Up-to-date symlink: /root/catkin_ws/install/omo_r1mini_interfaces/include/omo_r1mini_interfaces/srv/detail/reset_odom__rosidl_typesupport_fastrtps_cpp.hpp
[1.105s] -- Up-to-date symlink: /root/catkin_ws/install/omo_r1mini_interfaces/include/omo_r1mini_interfaces/srv/detail/save_color__rosidl_typesupport_fastrtps_cpp.hpp
[1.105s] -- Up-to-date symlink: /root/catkin_ws/install/omo_r1mini_interfaces/lib/libomo_r1mini_interfaces__rosidl_typesupport_fastrtps_cpp.so
[1.105s] -- Up-to-date symlink: /root/catkin_ws/install/omo_r1mini_interfaces/include/omo_r1mini_interfaces/msg/rosidl_typesupport_introspection_c__visibility_control.h
[1.105s] -- Up-to-date symlink: /root/catkin_ws/install/omo_r1mini_interfaces/include/omo_r1mini_interfaces/srv/detail/battery__rosidl_typesupport_introspection_c.h
[1.105s] -- Up-to-date symlink: /root/catkin_ws/install/omo_r1mini_interfaces/include/omo_r1mini_interfaces/srv/detail/calg__rosidl_typesupport_introspection_c.h
[1.106s] -- Up-to-date symlink: /root/catkin_ws/install/omo_r1mini_interfaces/include/omo_r1mini_interfaces/srv/detail/color__rosidl_typesupport_introspection_c.h
[1.106s] -- Up-to-date symlink: /root/catkin_ws/install/omo_r1mini_interfaces/include/omo_r1mini_interfaces/srv/detail/onoff__rosidl_typesupport_introspection_c.h
[1.106s] -- Up-to-date symlink: /root/catkin_ws/install/omo_r1mini_interfaces/include/omo_r1mini_interfaces/srv/detail/reset_odom__rosidl_typesupport_introspection_c.h
[1.106s] -- Up-to-date symlink: /root/catkin_ws/install/omo_r1mini_interfaces/include/omo_r1mini_interfaces/srv/detail/save_color__rosidl_typesupport_introspection_c.h
[1.106s] -- Up-to-date symlink: /root/catkin_ws/install/omo_r1mini_interfaces/include/omo_r1mini_interfaces/srv/battery.hpp
[1.106s] -- Up-to-date symlink: /root/catkin_ws/install/omo_r1mini_interfaces/include/omo_r1mini_interfaces/srv/calg.hpp
[1.106s] -- Up-to-date symlink: /root/catkin_ws/install/omo_r1mini_interfaces/include/omo_r1mini_interfaces/srv/color.hpp
[1.106s] -- Up-to-date symlink: /root/catkin_ws/install/omo_r1mini_interfaces/include/omo_r1mini_interfaces/srv/detail/battery__builder.hpp
[1.106s] -- Up-to-date symlink: /root/catkin_ws/install/omo_r1mini_interfaces/include/omo_r1mini_interfaces/srv/detail/battery__struct.hpp
[1.106s] -- Up-to-date symlink: /root/catkin_ws/install/omo_r1mini_interfaces/include/omo_r1mini_interfaces/srv/detail/battery__traits.hpp
[1.106s] -- Up-to-date symlink: /root/catkin_ws/install/omo_r1mini_interfaces/include/omo_r1mini_interfaces/srv/detail/calg__builder.hpp
[1.107s] -- Up-to-date symlink: /root/catkin_ws/install/omo_r1mini_interfaces/include/omo_r1mini_interfaces/srv/detail/calg__struct.hpp
[1.107s] -- Up-to-date symlink: /root/catkin_ws/install/omo_r1mini_interfaces/include/omo_r1mini_interfaces/srv/detail/calg__traits.hpp
[1.107s] -- Up-to-date symlink: /root/catkin_ws/install/omo_r1mini_interfaces/include/omo_r1mini_interfaces/srv/detail/color__builder.hpp
[1.107s] -- Up-to-date symlink: /root/catkin_ws/install/omo_r1mini_interfaces/include/omo_r1mini_interfaces/srv/detail/color__struct.hpp
[1.107s] -- Up-to-date symlink: /root/catkin_ws/install/omo_r1mini_interfaces/include/omo_r1mini_interfaces/srv/detail/color__traits.hpp
[1.107s] -- Up-to-date symlink: /root/catkin_ws/install/omo_r1mini_interfaces/include/omo_r1mini_interfaces/srv/detail/onoff__builder.hpp
[1.107s] -- Up-to-date symlink: /root/catkin_ws/install/omo_r1mini_interfaces/include/omo_r1mini_interfaces/srv/detail/onoff__struct.hpp
[1.107s] -- Up-to-date symlink: /root/catkin_ws/install/omo_r1mini_interfaces/include/omo_r1mini_interfaces/srv/detail/onoff__traits.hpp
[1.107s] -- Up-to-date symlink: /root/catkin_ws/install/omo_r1mini_interfaces/include/omo_r1mini_interfaces/srv/detail/reset_odom__builder.hpp
[1.108s] -- Up-to-date symlink: /root/catkin_ws/install/omo_r1mini_interfaces/include/omo_r1mini_interfaces/srv/detail/reset_odom__struct.hpp
[1.108s] -- Up-to-date symlink: /root/catkin_ws/install/omo_r1mini_interfaces/include/omo_r1mini_interfaces/srv/detail/reset_odom__traits.hpp
[1.108s] -- Up-to-date symlink: /root/catkin_ws/install/omo_r1mini_interfaces/include/omo_r1mini_interfaces/srv/detail/save_color__builder.hpp
[1.108s] -- Up-to-date symlink: /root/catkin_ws/install/omo_r1mini_interfaces/include/omo_r1mini_interfaces/srv/detail/save_color__struct.hpp
[1.108s] -- Up-to-date symlink: /root/catkin_ws/install/omo_r1mini_interfaces/include/omo_r1mini_interfaces/srv/detail/save_color__traits.hpp
[1.108s] -- Up-to-date symlink: /root/catkin_ws/install/omo_r1mini_interfaces/include/omo_r1mini_interfaces/srv/onoff.hpp
[1.108s] -- Up-to-date symlink: /root/catkin_ws/install/omo_r1mini_interfaces/include/omo_r1mini_interfaces/srv/reset_odom.hpp
[1.108s] -- Up-to-date symlink: /root/catkin_ws/install/omo_r1mini_interfaces/include/omo_r1mini_interfaces/srv/save_color.hpp
[1.108s] -- Up-to-date symlink: /root/catkin_ws/install/omo_r1mini_interfaces/include/omo_r1mini_interfaces/srv/detail/battery__rosidl_typesupport_introspection_cpp.hpp
[1.108s] -- Up-to-date symlink: /root/catkin_ws/install/omo_r1mini_interfaces/include/omo_r1mini_interfaces/srv/detail/calg__rosidl_typesupport_introspection_cpp.hpp
[1.108s] -- Up-to-date symlink: /root/catkin_ws/install/omo_r1mini_interfaces/include/omo_r1mini_interfaces/srv/detail/color__rosidl_typesupport_introspection_cpp.hpp
[1.109s] -- Up-to-date symlink: /root/catkin_ws/install/omo_r1mini_interfaces/include/omo_r1mini_interfaces/srv/detail/onoff__rosidl_typesupport_introspection_cpp.hpp
[1.109s] -- Up-to-date symlink: /root/catkin_ws/install/omo_r1mini_interfaces/include/omo_r1mini_interfaces/srv/detail/reset_odom__rosidl_typesupport_introspection_cpp.hpp
[1.109s] -- Up-to-date symlink: /root/catkin_ws/install/omo_r1mini_interfaces/include/omo_r1mini_interfaces/srv/detail/save_color__rosidl_typesupport_introspection_cpp.hpp
[1.109s] -- Up-to-date symlink: /root/catkin_ws/install/omo_r1mini_interfaces/share/omo_r1mini_interfaces/environment/pythonpath.sh
[1.109s] -- Up-to-date symlink: /root/catkin_ws/install/omo_r1mini_interfaces/share/omo_r1mini_interfaces/environment/pythonpath.dsv
[1.109s] -- Up-to-date symlink: /root/catkin_ws/install/omo_r1mini_interfaces/lib/python3.8/site-packages/omo_r1mini_interfaces/__init__.py
[1.110s] -- Up-to-date symlink: /root/catkin_ws/install/omo_r1mini_interfaces/lib/python3.8/site-packages/omo_r1mini_interfaces/srv/__init__.py
[1.110s] -- Up-to-date symlink: /root/catkin_ws/install/omo_r1mini_interfaces/lib/python3.8/site-packages/omo_r1mini_interfaces/srv/_battery.py
[1.110s] -- Up-to-date symlink: /root/catkin_ws/install/omo_r1mini_interfaces/lib/python3.8/site-packages/omo_r1mini_interfaces/srv/_calg.py
[1.110s] -- Up-to-date symlink: /root/catkin_ws/install/omo_r1mini_interfaces/lib/python3.8/site-packages/omo_r1mini_interfaces/srv/_color.py
[1.110s] -- Up-to-date symlink: /root/catkin_ws/install/omo_r1mini_interfaces/lib/python3.8/site-packages/omo_r1mini_interfaces/srv/_onoff.py
[1.136s] -- Up-to-date symlink: /root/catkin_ws/install/omo_r1mini_interfaces/lib/python3.8/site-packages/omo_r1mini_interfaces/srv/_reset_odom.py
[1.136s] -- Up-to-date symlink: /root/catkin_ws/install/omo_r1mini_interfaces/lib/python3.8/site-packages/omo_r1mini_interfaces/srv/_save_color.py
[1.136s] -- Up-to-date symlink: /root/catkin_ws/install/omo_r1mini_interfaces/lib/python3.8/site-packages/omo_r1mini_interfaces/omo_r1mini_interfaces_s__rosidl_typesupport_fastrtps_c.cpython-38-x86_64-linux-gnu.so
[1.136s] -- Up-to-date symlink: /root/catkin_ws/install/omo_r1mini_interfaces/lib/python3.8/site-packages/omo_r1mini_interfaces/omo_r1mini_interfaces_s__rosidl_typesupport_introspection_c.cpython-38-x86_64-linux-gnu.so
[1.136s] -- Up-to-date symlink: /root/catkin_ws/install/omo_r1mini_interfaces/lib/python3.8/site-packages/omo_r1mini_interfaces/omo_r1mini_interfaces_s__rosidl_typesupport_c.cpython-38-x86_64-linux-gnu.so
[1.136s] -- Up-to-date symlink: /root/catkin_ws/install/omo_r1mini_interfaces/lib/libomo_r1mini_interfaces__python.so
[1.136s] -- Up-to-date symlink: /root/catkin_ws/install/omo_r1mini_interfaces/share/omo_r1mini_interfaces/srv/Battery.idl
[1.136s] -- Up-to-date symlink: /root/catkin_ws/install/omo_r1mini_interfaces/share/omo_r1mini_interfaces/srv/Calg.idl
[1.137s] -- Up-to-date symlink: /root/catkin_ws/install/omo_r1mini_interfaces/share/omo_r1mini_interfaces/srv/Color.idl
[1.137s] -- Up-to-date symlink: /root/catkin_ws/install/omo_r1mini_interfaces/share/omo_r1mini_interfaces/srv/Onoff.idl
[1.137s] -- Up-to-date symlink: /root/catkin_ws/install/omo_r1mini_interfaces/share/omo_r1mini_interfaces/srv/ResetOdom.idl
[1.138s] -- Up-to-date symlink: /root/catkin_ws/install/omo_r1mini_interfaces/share/omo_r1mini_interfaces/srv/SaveColor.idl
[1.138s] -- Up-to-date symlink: /root/catkin_ws/install/omo_r1mini_interfaces/share/omo_r1mini_interfaces/srv/Battery.srv
[1.138s] -- Up-to-date symlink: /root/catkin_ws/install/omo_r1mini_interfaces/share/omo_r1mini_interfaces/srv/Battery_Request.msg
[1.140s] -- Up-to-date symlink: /root/catkin_ws/install/omo_r1mini_interfaces/share/omo_r1mini_interfaces/srv/Battery_Response.msg
[1.140s] -- Up-to-date symlink: /root/catkin_ws/install/omo_r1mini_interfaces/share/omo_r1mini_interfaces/srv/Calg.srv
[1.141s] -- Up-to-date symlink: /root/catkin_ws/install/omo_r1mini_interfaces/share/omo_r1mini_interfaces/srv/Calg_Request.msg
[1.141s] -- Up-to-date symlink: /root/catkin_ws/install/omo_r1mini_interfaces/share/omo_r1mini_interfaces/srv/Calg_Response.msg
[1.141s] -- Up-to-date symlink: /root/catkin_ws/install/omo_r1mini_interfaces/share/omo_r1mini_interfaces/srv/Color.srv
[1.141s] -- Up-to-date symlink: /root/catkin_ws/install/omo_r1mini_interfaces/share/omo_r1mini_interfaces/srv/Color_Request.msg
[1.141s] -- Up-to-date symlink: /root/catkin_ws/install/omo_r1mini_interfaces/share/omo_r1mini_interfaces/srv/Color_Response.msg
[1.141s] -- Up-to-date symlink: /root/catkin_ws/install/omo_r1mini_interfaces/share/omo_r1mini_interfaces/srv/Onoff.srv
[1.141s] -- Up-to-date symlink: /root/catkin_ws/install/omo_r1mini_interfaces/share/omo_r1mini_interfaces/srv/Onoff_Request.msg
[1.141s] -- Up-to-date symlink: /root/catkin_ws/install/omo_r1mini_interfaces/share/omo_r1mini_interfaces/srv/Onoff_Response.msg
[1.141s] -- Up-to-date symlink: /root/catkin_ws/install/omo_r1mini_interfaces/share/omo_r1mini_interfaces/srv/ResetOdom.srv
[1.141s] -- Up-to-date symlink: /root/catkin_ws/install/omo_r1mini_interfaces/share/omo_r1mini_interfaces/srv/ResetOdom_Request.msg
[1.142s] -- Up-to-date symlink: /root/catkin_ws/install/omo_r1mini_interfaces/share/omo_r1mini_interfaces/srv/ResetOdom_Response.msg
[1.146s] -- Up-to-date symlink: /root/catkin_ws/install/omo_r1mini_interfaces/share/omo_r1mini_interfaces/srv/SaveColor.srv
[1.179s] -- Up-to-date symlink: /root/catkin_ws/install/omo_r1mini_interfaces/share/omo_r1mini_interfaces/srv/SaveColor_Request.msg
[1.179s] -- Up-to-date symlink: /root/catkin_ws/install/omo_r1mini_interfaces/share/omo_r1mini_interfaces/srv/SaveColor_Response.msg
[1.180s] -- Up-to-date symlink: /root/catkin_ws/install/omo_r1mini_interfaces/share/ament_index/resource_index/package_run_dependencies/omo_r1mini_interfaces
[1.180s] -- Up-to-date symlink: /root/catkin_ws/install/omo_r1mini_interfaces/share/ament_index/resource_index/parent_prefix_path/omo_r1mini_interfaces
[1.180s] -- Up-to-date symlink: /root/catkin_ws/install/omo_r1mini_interfaces/share/omo_r1mini_interfaces/environment/ament_prefix_path.sh
[1.181s] -- Up-to-date symlink: /root/catkin_ws/install/omo_r1mini_interfaces/share/omo_r1mini_interfaces/environment/ament_prefix_path.dsv
[1.181s] -- Up-to-date symlink: /root/catkin_ws/install/omo_r1mini_interfaces/share/omo_r1mini_interfaces/environment/path.sh
[1.181s] -- Up-to-date symlink: /root/catkin_ws/install/omo_r1mini_interfaces/share/omo_r1mini_interfaces/environment/path.dsv
[1.182s] -- Up-to-date symlink: /root/catkin_ws/install/omo_r1mini_interfaces/share/omo_r1mini_interfaces/local_setup.bash
[1.182s] -- Up-to-date symlink: /root/catkin_ws/install/omo_r1mini_interfaces/share/omo_r1mini_interfaces/local_setup.sh
[1.184s] -- Up-to-date symlink: /root/catkin_ws/install/omo_r1mini_interfaces/share/omo_r1mini_interfaces/local_setup.zsh
[1.186s] -- Up-to-date symlink: /root/catkin_ws/install/omo_r1mini_interfaces/share/omo_r1mini_interfaces/local_setup.dsv
[1.186s] -- Symlinking: /root/catkin_ws/install/omo_r1mini_interfaces/share/omo_r1mini_interfaces/package.dsv
[1.186s] -- Up-to-date symlink: /root/catkin_ws/install/omo_r1mini_interfaces/share/ament_index/resource_index/packages/omo_r1mini_interfaces
[1.187s] -- Up-to-date symlink: /root/catkin_ws/install/omo_r1mini_interfaces/share/omo_r1mini_interfaces/cmake/rosidl_cmake-extras.cmake
[1.187s] -- Up-to-date symlink: /root/catkin_ws/install/omo_r1mini_interfaces/share/omo_r1mini_interfaces/cmake/ament_cmake_export_dependencies-extras.cmake
[1.187s] -- Up-to-date symlink: /root/catkin_ws/install/omo_r1mini_interfaces/share/omo_r1mini_interfaces/cmake/ament_cmake_export_libraries-extras.cmake
[1.187s] -- Up-to-date symlink: /root/catkin_ws/install/omo_r1mini_interfaces/share/omo_r1mini_interfaces/cmake/ament_cmake_export_targets-extras.cmake
[1.187s] -- Up-to-date symlink: /root/catkin_ws/install/omo_r1mini_interfaces/share/omo_r1mini_interfaces/cmake/ament_cmake_export_include_directories-extras.cmake
[1.187s] -- Up-to-date symlink: /root/catkin_ws/install/omo_r1mini_interfaces/share/omo_r1mini_interfaces/cmake/rosidl_cmake_export_typesupport_libraries-extras.cmake
[1.187s] -- Up-to-date symlink: /root/catkin_ws/install/omo_r1mini_interfaces/share/omo_r1mini_interfaces/cmake/rosidl_cmake_export_typesupport_targets-extras.cmake
[1.187s] -- Up-to-date symlink: /root/catkin_ws/install/omo_r1mini_interfaces/share/omo_r1mini_interfaces/cmake/omo_r1mini_interfacesConfig.cmake
[1.187s] -- Up-to-date symlink: /root/catkin_ws/install/omo_r1mini_interfaces/share/omo_r1mini_interfaces/cmake/omo_r1mini_interfacesConfig-version.cmake
[1.188s] -- Up-to-date symlink: /root/catkin_ws/install/omo_r1mini_interfaces/share/omo_r1mini_interfaces/package.xml
[1.188s] -- Up-to-date: /root/catkin_ws/install/omo_r1mini_interfaces/lib/libomo_r1mini_interfaces__rosidl_generator_c.so
[1.189s] -- Up-to-date: /root/catkin_ws/install/omo_r1mini_interfaces/lib/libomo_r1mini_interfaces__rosidl_typesupport_introspection_c.so
[1.190s] -- Up-to-date: /root/catkin_ws/install/omo_r1mini_interfaces/lib/libomo_r1mini_interfaces__rosidl_typesupport_c.so
[1.190s] -- Up-to-date: /root/catkin_ws/install/omo_r1mini_interfaces/lib/libomo_r1mini_interfaces__rosidl_typesupport_introspection_cpp.so
[1.190s] -- Up-to-date: /root/catkin_ws/install/omo_r1mini_interfaces/lib/libomo_r1mini_interfaces__rosidl_typesupport_cpp.so
[1.206s] -- Up-to-date: /root/catkin_ws/install/omo_r1mini_interfaces/share/omo_r1mini_interfaces/cmake/omo_r1mini_interfaces__rosidl_generator_cExport.cmake
[1.206s] -- Up-to-date: /root/catkin_ws/install/omo_r1mini_interfaces/share/omo_r1mini_interfaces/cmake/omo_r1mini_interfaces__rosidl_generator_cExport-noconfig.cmake
[1.206s] -- Up-to-date: /root/catkin_ws/install/omo_r1mini_interfaces/share/omo_r1mini_interfaces/cmake/omo_r1mini_interfaces__rosidl_typesupport_introspection_cExport.cmake
[1.206s] -- Up-to-date: /root/catkin_ws/install/omo_r1mini_interfaces/share/omo_r1mini_interfaces/cmake/omo_r1mini_interfaces__rosidl_typesupport_introspection_cExport-noconfig.cmake
[1.206s] -- Up-to-date: /root/catkin_ws/install/omo_r1mini_interfaces/share/omo_r1mini_interfaces/cmake/omo_r1mini_interfaces__rosidl_typesupport_cExport.cmake
[1.207s] -- Up-to-date: /root/catkin_ws/install/omo_r1mini_interfaces/share/omo_r1mini_interfaces/cmake/omo_r1mini_interfaces__rosidl_typesupport_cExport-noconfig.cmake
[1.207s] -- Up-to-date: /root/catkin_ws/install/omo_r1mini_interfaces/share/omo_r1mini_interfaces/cmake/omo_r1mini_interfaces__rosidl_generator_cppExport.cmake
[1.207s] -- Up-to-date: /root/catkin_ws/install/omo_r1mini_interfaces/share/omo_r1mini_interfaces/cmake/omo_r1mini_interfaces__rosidl_typesupport_introspection_cppExport.cmake
[1.207s] -- Up-to-date: /root/catkin_ws/install/omo_r1mini_interfaces/share/omo_r1mini_interfaces/cmake/omo_r1mini_interfaces__rosidl_typesupport_introspection_cppExport-noconfig.cmake
[1.207s] -- Up-to-date: /root/catkin_ws/install/omo_r1mini_interfaces/share/omo_r1mini_interfaces/cmake/omo_r1mini_interfaces__rosidl_typesupport_cppExport.cmake
[1.207s] -- Up-to-date: /root/catkin_ws/install/omo_r1mini_interfaces/share/omo_r1mini_interfaces/cmake/omo_r1mini_interfaces__rosidl_typesupport_cppExport-noconfig.cmake
[1.361s] Invoked command in '/root/catkin_ws/build/omo_r1mini_interfaces' returned '0': CMAKE_PREFIX_PATH=${CMAKE_PREFIX_PATH}:/root/catkin_ws/install/topic_service_action_rclpy_example:/root/catkin_ws/install/time_rclpy_example:/root/catkin_ws/install/tf2_rclpy_example:/root/catkin_ws/install/ros2env:/root/catkin_ws/install/omo_r1mini_teleop:/root/catkin_ws/install/omo_r1mini_bringup:/root/catkin_ws/install/my_first_ros_rclpy_pkg:/root/catkin_ws/install/logging_rclpy_example:/root/catkin_ws/install/iahrs_driver:/root/install/topic_service_action_rclpy_example:/root/install/time_rclpy_example:/root/install/tf2_rclpy_example:/root/install/ros2env:/root/install/omo_r1mini_teleop:/root/install/omo_r1mini_bringup:/root/install/my_first_ros_rclpy_pkg:/root/install/logging_rclpy_example:/opt/ros/foxy /usr/bin/cmake --install /root/catkin_ws/build/omo_r1mini_interfaces
