[0.150s] Invoking command in '/root/catkin_ws/build/diagnostic_msgs': AMENT_PREFIX_PATH=/root/catkin_ws/install/geometry_msgs:/root/catkin_ws/install/std_msgs:/root/catkin_ws/install/builtin_interfaces:${AMENT_PREFIX_PATH} CMAKE_PREFIX_PATH=/root/catkin_ws/install/geometry_msgs:/root/catkin_ws/install/std_msgs:/root/catkin_ws/install/builtin_interfaces:/root/catkin_ws/install/rosidl_typesupport_microxrcedds_cpp:/root/catkin_ws/install/rosidl_typesupport_microxrcedds_c:/root/catkin_ws/install/microcdr:/root/catkin_ws/install/ydlidar_sdk:/root/catkin_ws/install/ydlidar_ros2_driver:/root/catkin_ws/install/udp_driver:/root/catkin_ws/install/topic_service_action_rclcpp_example:/root/catkin_ws/install/time_rclcpp_example:/root/catkin_ws/install/tf2_rclcpp_example:/root/catkin_ws/install/testbot_description:/root/catkin_ws/install/serial_driver:/root/catkin_ws/install/rqt_example:/root/catkin_ws/install/omo_r1mini:/root/catkin_ws/install/omo_r1mini_navigation2:/root/catkin_ws/install/omo_r1mini_interfaces:/root/catkin_ws/install/omo_r1mini_gazebo:/root/catkin_ws/install/omo_r1mini_description:/root/catkin_ws/install/omo_r1mini_cartographer:/root/catkin_ws/install/my_first_ros_rclcpp_pkg:/root/catkin_ws/install/msg_srv_action_interface_example:/root/catkin_ws/install/micro_ros_setup:/root/catkin_ws/install/micro_ros_agent:/root/catkin_ws/install/micro_ros_msgs:/root/catkin_ws/install/io_context:/root/catkin_ws/install/iahrs_driver_interface:/root/catkin_ws/install/drive_base_msgs:/root/catkin_ws/install/asio_cmake_module:/root/install/ydlidar_sdk:/root/install/ydlidar_ros2_driver:/root/install/udp_driver:/root/install/topic_service_action_rclcpp_example:/root/install/time_rclcpp_example:/root/install/tf2_rclcpp_example:/root/install/testbot_description:/root/install/serial_driver:/root/install/rqt_example:/root/install/omo_r1mini:/root/install/omo_r1mini_navigation2:/root/install/omo_r1mini_interfaces:/root/install/omo_r1mini_gazebo:/root/install/omo_r1mini_description:/root/install/omo_r1mini_cartographer:/root/install/my_first_ros_rclcpp_pkg:/root/install/msg_srv_action_interface_example:/root/install/io_context:/root/install/asio_cmake_module:/root/catkin_ws/install/topic_service_action_rclpy_example:/root/catkin_ws/install/time_rclpy_example:/root/catkin_ws/install/tf2_rclpy_example:/root/catkin_ws/install/ros2env:/root/catkin_ws/install/omo_r1mini_teleop:/root/catkin_ws/install/omo_r1mini_bringup:/root/catkin_ws/install/my_first_ros_rclpy_pkg:/root/catkin_ws/install/logging_rclpy_example:/root/catkin_ws/install/iahrs_driver:/root/install/topic_service_action_rclpy_example:/root/install/time_rclpy_example:/root/install/tf2_rclpy_example:/root/install/ros2env:/root/install/omo_r1mini_teleop:/root/install/omo_r1mini_bringup:/root/install/my_first_ros_rclpy_pkg:/root/install/logging_rclpy_example:/opt/ros/foxy LD_LIBRARY_PATH=/root/catkin_ws/install/geometry_msgs/lib:/root/catkin_ws/install/std_msgs/lib:/root/catkin_ws/install/builtin_interfaces/lib:${LD_LIBRARY_PATH} PYTHONPATH=/root/catkin_ws/install/geometry_msgs/lib/python3.8/site-packages:/root/catkin_ws/install/std_msgs/lib/python3.8/site-packages:/root/catkin_ws/install/builtin_interfaces/lib/python3.8/site-packages:${PYTHONPATH} /usr/bin/cmake /root/catkin_ws/src/ros2/common_interfaces/diagnostic_msgs -DBUILD_TESTING=OFF -DBUILD_SHARED_LIBS=ON -DCMAKE_INSTALL_PREFIX=/root/catkin_ws/install/diagnostic_msgs
[0.950s] -- The C compiler identification is GNU 9.4.0
[0.950s] -- The CXX compiler identification is GNU 9.4.0
[0.950s] -- Check for working C compiler: /usr/bin/cc
[0.950s] -- Check for working C compiler: /usr/bin/cc -- works
[0.950s] -- Detecting C compiler ABI info
[0.950s] -- Detecting C compiler ABI info - done
[0.951s] -- Detecting C compile features
[0.951s] -- Detecting C compile features - done
[0.951s] -- Check for working CXX compiler: /usr/bin/c++
[0.951s] -- Check for working CXX compiler: /usr/bin/c++ -- works
[0.951s] -- Detecting CXX compiler ABI info
[0.951s] -- Detecting CXX compiler ABI info - done
[0.951s] -- Detecting CXX compile features
[0.951s] -- Detecting CXX compile features - done
[0.952s] -- Found ament_cmake: 0.9.11 (/opt/ros/foxy/share/ament_cmake/cmake)
[0.952s] -- Found PythonInterp: /usr/bin/python3 (found suitable version "3.8.10", minimum required is "3") 
[0.952s] -- Using PYTHON_EXECUTABLE: /usr/bin/python3
[1.470s] -- Found rosidl_default_generators: 1.0.1 (/opt/ros/foxy/share/rosidl_default_generators/cmake)
[1.529s] -- Using all available rosidl_typesupport_c: rosidl_typesupport_microxrcedds_c;rosidl_typesupport_fastrtps_c;rosidl_typesupport_introspection_c
[1.580s] -- Found rosidl_adapter: 1.3.0 (/opt/ros/foxy/share/rosidl_adapter/cmake)
[2.000s] -- Found OpenSSL: /usr/lib/x86_64-linux-gnu/libcrypto.so (found version "1.1.1f")  
[2.097s] -- Found FastRTPS: /opt/ros/foxy/include  
[2.422s] -- Using all available rosidl_typesupport_cpp: rosidl_typesupport_microxrcedds_cpp;rosidl_typesupport_fastrtps_cpp;rosidl_typesupport_introspection_cpp
[2.537s] -- Found std_msgs: 2.0.5 (/root/catkin_ws/install/std_msgs/share/std_msgs/cmake)
[2.724s] -- Found PythonInterp: /usr/bin/python3 (found version "3.8.10") 
[3.221s] -- Found ament_cmake_ros: 0.9.2 (/opt/ros/foxy/share/ament_cmake_ros/cmake)
[3.715s] -- Using all available rosidl_typesupport_c: rosidl_typesupport_microxrcedds_c;rosidl_typesupport_fastrtps_c;rosidl_typesupport_introspection_c
[3.879s] -- Using all available rosidl_typesupport_cpp: rosidl_typesupport_microxrcedds_cpp;rosidl_typesupport_fastrtps_cpp;rosidl_typesupport_introspection_cpp
[4.084s] -- Found PythonInterp: /usr/bin/python3 (found suitable version "3.8.10", minimum required is "3.5") 
[4.116s] -- Found python_cmake_module: 0.8.1 (/opt/ros/foxy/share/python_cmake_module/cmake)
[4.314s] -- Found PythonLibs: /usr/lib/x86_64-linux-gnu/libpython3.8.so (found suitable version "3.8.10", minimum required is "3.5") 
[4.314s] -- Using PYTHON_EXECUTABLE: /usr/bin/python3
[4.314s] -- Using PYTHON_INCLUDE_DIRS: /usr/include/python3.8
[4.315s] -- Using PYTHON_LIBRARIES: /usr/lib/x86_64-linux-gnu/libpython3.8.so
[4.447s] -- Found PythonExtra: .so  
[4.774s] -- Configuring done
[4.921s] -- Generating done
[4.927s] -- Build files have been written to: /root/catkin_ws/build/diagnostic_msgs
[4.951s] Invoked command in '/root/catkin_ws/build/diagnostic_msgs' returned '0': AMENT_PREFIX_PATH=/root/catkin_ws/install/geometry_msgs:/root/catkin_ws/install/std_msgs:/root/catkin_ws/install/builtin_interfaces:${AMENT_PREFIX_PATH} CMAKE_PREFIX_PATH=/root/catkin_ws/install/geometry_msgs:/root/catkin_ws/install/std_msgs:/root/catkin_ws/install/builtin_interfaces:/root/catkin_ws/install/rosidl_typesupport_microxrcedds_cpp:/root/catkin_ws/install/rosidl_typesupport_microxrcedds_c:/root/catkin_ws/install/microcdr:/root/catkin_ws/install/ydlidar_sdk:/root/catkin_ws/install/ydlidar_ros2_driver:/root/catkin_ws/install/udp_driver:/root/catkin_ws/install/topic_service_action_rclcpp_example:/root/catkin_ws/install/time_rclcpp_example:/root/catkin_ws/install/tf2_rclcpp_example:/root/catkin_ws/install/testbot_description:/root/catkin_ws/install/serial_driver:/root/catkin_ws/install/rqt_example:/root/catkin_ws/install/omo_r1mini:/root/catkin_ws/install/omo_r1mini_navigation2:/root/catkin_ws/install/omo_r1mini_interfaces:/root/catkin_ws/install/omo_r1mini_gazebo:/root/catkin_ws/install/omo_r1mini_description:/root/catkin_ws/install/omo_r1mini_cartographer:/root/catkin_ws/install/my_first_ros_rclcpp_pkg:/root/catkin_ws/install/msg_srv_action_interface_example:/root/catkin_ws/install/micro_ros_setup:/root/catkin_ws/install/micro_ros_agent:/root/catkin_ws/install/micro_ros_msgs:/root/catkin_ws/install/io_context:/root/catkin_ws/install/iahrs_driver_interface:/root/catkin_ws/install/drive_base_msgs:/root/catkin_ws/install/asio_cmake_module:/root/install/ydlidar_sdk:/root/install/ydlidar_ros2_driver:/root/install/udp_driver:/root/install/topic_service_action_rclcpp_example:/root/install/time_rclcpp_example:/root/install/tf2_rclcpp_example:/root/install/testbot_description:/root/install/serial_driver:/root/install/rqt_example:/root/install/omo_r1mini:/root/install/omo_r1mini_navigation2:/root/install/omo_r1mini_interfaces:/root/install/omo_r1mini_gazebo:/root/install/omo_r1mini_description:/root/install/omo_r1mini_cartographer:/root/install/my_first_ros_rclcpp_pkg:/root/install/msg_srv_action_interface_example:/root/install/io_context:/root/install/asio_cmake_module:/root/catkin_ws/install/topic_service_action_rclpy_example:/root/catkin_ws/install/time_rclpy_example:/root/catkin_ws/install/tf2_rclpy_example:/root/catkin_ws/install/ros2env:/root/catkin_ws/install/omo_r1mini_teleop:/root/catkin_ws/install/omo_r1mini_bringup:/root/catkin_ws/install/my_first_ros_rclpy_pkg:/root/catkin_ws/install/logging_rclpy_example:/root/catkin_ws/install/iahrs_driver:/root/install/topic_service_action_rclpy_example:/root/install/time_rclpy_example:/root/install/tf2_rclpy_example:/root/install/ros2env:/root/install/omo_r1mini_teleop:/root/install/omo_r1mini_bringup:/root/install/my_first_ros_rclpy_pkg:/root/install/logging_rclpy_example:/opt/ros/foxy LD_LIBRARY_PATH=/root/catkin_ws/install/geometry_msgs/lib:/root/catkin_ws/install/std_msgs/lib:/root/catkin_ws/install/builtin_interfaces/lib:${LD_LIBRARY_PATH} PYTHONPATH=/root/catkin_ws/install/geometry_msgs/lib/python3.8/site-packages:/root/catkin_ws/install/std_msgs/lib/python3.8/site-packages:/root/catkin_ws/install/builtin_interfaces/lib/python3.8/site-packages:${PYTHONPATH} /usr/bin/cmake /root/catkin_ws/src/ros2/common_interfaces/diagnostic_msgs -DBUILD_TESTING=OFF -DBUILD_SHARED_LIBS=ON -DCMAKE_INSTALL_PREFIX=/root/catkin_ws/install/diagnostic_msgs
[4.952s] Invoking command in '/root/catkin_ws/build/diagnostic_msgs': AMENT_PREFIX_PATH=/root/catkin_ws/install/geometry_msgs:/root/catkin_ws/install/std_msgs:/root/catkin_ws/install/builtin_interfaces:${AMENT_PREFIX_PATH} CMAKE_PREFIX_PATH=/root/catkin_ws/install/geometry_msgs:/root/catkin_ws/install/std_msgs:/root/catkin_ws/install/builtin_interfaces:/root/catkin_ws/install/rosidl_typesupport_microxrcedds_cpp:/root/catkin_ws/install/rosidl_typesupport_microxrcedds_c:/root/catkin_ws/install/microcdr:/root/catkin_ws/install/ydlidar_sdk:/root/catkin_ws/install/ydlidar_ros2_driver:/root/catkin_ws/install/udp_driver:/root/catkin_ws/install/topic_service_action_rclcpp_example:/root/catkin_ws/install/time_rclcpp_example:/root/catkin_ws/install/tf2_rclcpp_example:/root/catkin_ws/install/testbot_description:/root/catkin_ws/install/serial_driver:/root/catkin_ws/install/rqt_example:/root/catkin_ws/install/omo_r1mini:/root/catkin_ws/install/omo_r1mini_navigation2:/root/catkin_ws/install/omo_r1mini_interfaces:/root/catkin_ws/install/omo_r1mini_gazebo:/root/catkin_ws/install/omo_r1mini_description:/root/catkin_ws/install/omo_r1mini_cartographer:/root/catkin_ws/install/my_first_ros_rclcpp_pkg:/root/catkin_ws/install/msg_srv_action_interface_example:/root/catkin_ws/install/micro_ros_setup:/root/catkin_ws/install/micro_ros_agent:/root/catkin_ws/install/micro_ros_msgs:/root/catkin_ws/install/io_context:/root/catkin_ws/install/iahrs_driver_interface:/root/catkin_ws/install/drive_base_msgs:/root/catkin_ws/install/asio_cmake_module:/root/install/ydlidar_sdk:/root/install/ydlidar_ros2_driver:/root/install/udp_driver:/root/install/topic_service_action_rclcpp_example:/root/install/time_rclcpp_example:/root/install/tf2_rclcpp_example:/root/install/testbot_description:/root/install/serial_driver:/root/install/rqt_example:/root/install/omo_r1mini:/root/install/omo_r1mini_navigation2:/root/install/omo_r1mini_interfaces:/root/install/omo_r1mini_gazebo:/root/install/omo_r1mini_description:/root/install/omo_r1mini_cartographer:/root/install/my_first_ros_rclcpp_pkg:/root/install/msg_srv_action_interface_example:/root/install/io_context:/root/install/asio_cmake_module:/root/catkin_ws/install/topic_service_action_rclpy_example:/root/catkin_ws/install/time_rclpy_example:/root/catkin_ws/install/tf2_rclpy_example:/root/catkin_ws/install/ros2env:/root/catkin_ws/install/omo_r1mini_teleop:/root/catkin_ws/install/omo_r1mini_bringup:/root/catkin_ws/install/my_first_ros_rclpy_pkg:/root/catkin_ws/install/logging_rclpy_example:/root/catkin_ws/install/iahrs_driver:/root/install/topic_service_action_rclpy_example:/root/install/time_rclpy_example:/root/install/tf2_rclpy_example:/root/install/ros2env:/root/install/omo_r1mini_teleop:/root/install/omo_r1mini_bringup:/root/install/my_first_ros_rclpy_pkg:/root/install/logging_rclpy_example:/opt/ros/foxy LD_LIBRARY_PATH=/root/catkin_ws/install/geometry_msgs/lib:/root/catkin_ws/install/std_msgs/lib:/root/catkin_ws/install/builtin_interfaces/lib:${LD_LIBRARY_PATH} PYTHONPATH=/root/catkin_ws/install/geometry_msgs/lib/python3.8/site-packages:/root/catkin_ws/install/std_msgs/lib/python3.8/site-packages:/root/catkin_ws/install/builtin_interfaces/lib/python3.8/site-packages:${PYTHONPATH} /usr/bin/cmake --build /root/catkin_ws/build/diagnostic_msgs -- -j12 -l12
[5.201s] [  1%] [34m[1mGenerating C code for ROS interfaces[0m
[5.238s] [35m[1mScanning dependencies of target diagnostic_msgs__cpp[0m
[5.324s] [  2%] [34m[1mGenerating C++ code for ROS interfaces[0m
[7.856s] [  2%] Built target diagnostic_msgs__cpp
[8.162s] [35m[1mScanning dependencies of target diagnostic_msgs__rosidl_generator_c[0m
[8.197s] [  3%] [32mBuilding C object CMakeFiles/diagnostic_msgs__rosidl_generator_c.dir/rosidl_generator_c/diagnostic_msgs/msg/detail/diagnostic_array__functions.c.o[0m
[8.311s] [  5%] [32mBuilding C object CMakeFiles/diagnostic_msgs__rosidl_generator_c.dir/rosidl_generator_c/diagnostic_msgs/srv/detail/self_test__functions.c.o[0m
[8.520s] [  6%] [32mBuilding C object CMakeFiles/diagnostic_msgs__rosidl_generator_c.dir/rosidl_generator_c/diagnostic_msgs/srv/detail/add_diagnostics__functions.c.o[0m
[8.751s] [  7%] [32mBuilding C object CMakeFiles/diagnostic_msgs__rosidl_generator_c.dir/rosidl_generator_c/diagnostic_msgs/msg/detail/key_value__functions.c.o[0m
[8.909s] [  8%] [32mBuilding C object CMakeFiles/diagnostic_msgs__rosidl_generator_c.dir/rosidl_generator_c/diagnostic_msgs/msg/detail/diagnostic_status__functions.c.o[0m
[9.063s] [ 10%] [32m[1mLinking C shared library libdiagnostic_msgs__rosidl_generator_c.so[0m
[9.234s] [ 10%] Built target diagnostic_msgs__rosidl_generator_c
[9.307s] [ 11%] [34m[1mGenerating C++ type support for eProsima Fast-RTPS[0m
[11.339s] [35m[1mScanning dependencies of target diagnostic_msgs__rosidl_typesupport_fastrtps_cpp[0m
[11.505s] [ 12%] [32mBuilding CXX object CMakeFiles/diagnostic_msgs__rosidl_typesupport_fastrtps_cpp.dir/rosidl_typesupport_fastrtps_cpp/diagnostic_msgs/msg/detail/dds_fastrtps/diagnostic_array__type_support.cpp.o[0m
[12.404s] [ 13%] [32mBuilding CXX object CMakeFiles/diagnostic_msgs__rosidl_typesupport_fastrtps_cpp.dir/rosidl_typesupport_fastrtps_cpp/diagnostic_msgs/srv/detail/dds_fastrtps/self_test__type_support.cpp.o[0m
[13.343s] [ 15%] [32mBuilding CXX object CMakeFiles/diagnostic_msgs__rosidl_typesupport_fastrtps_cpp.dir/rosidl_typesupport_fastrtps_cpp/diagnostic_msgs/srv/detail/dds_fastrtps/add_diagnostics__type_support.cpp.o[0m
[14.019s] [ 16%] [32mBuilding CXX object CMakeFiles/diagnostic_msgs__rosidl_typesupport_fastrtps_cpp.dir/rosidl_typesupport_fastrtps_cpp/diagnostic_msgs/msg/detail/dds_fastrtps/key_value__type_support.cpp.o[0m
[14.706s] [ 17%] [32mBuilding CXX object CMakeFiles/diagnostic_msgs__rosidl_typesupport_fastrtps_cpp.dir/rosidl_typesupport_fastrtps_cpp/diagnostic_msgs/msg/detail/dds_fastrtps/diagnostic_status__type_support.cpp.o[0m
[15.336s] [ 18%] [32m[1mLinking CXX shared library libdiagnostic_msgs__rosidl_typesupport_fastrtps_cpp.so[0m
[15.503s] [ 18%] Built target diagnostic_msgs__rosidl_typesupport_fastrtps_cpp
[15.525s] [ 20%] [34m[1mGenerating C type support dispatch for ROS interfaces[0m
[16.382s] [35m[1mScanning dependencies of target diagnostic_msgs__rosidl_typesupport_c[0m
[16.411s] [ 21%] [32mBuilding CXX object CMakeFiles/diagnostic_msgs__rosidl_typesupport_c.dir/rosidl_typesupport_c/diagnostic_msgs/msg/diagnostic_array__type_support.cpp.o[0m
[16.456s] [ 22%] [32mBuilding CXX object CMakeFiles/diagnostic_msgs__rosidl_typesupport_c.dir/rosidl_typesupport_c/diagnostic_msgs/srv/self_test__type_support.cpp.o[0m
[16.505s] [ 24%] [32mBuilding CXX object CMakeFiles/diagnostic_msgs__rosidl_typesupport_c.dir/rosidl_typesupport_c/diagnostic_msgs/srv/add_diagnostics__type_support.cpp.o[0m
[16.554s] [ 25%] [32mBuilding CXX object CMakeFiles/diagnostic_msgs__rosidl_typesupport_c.dir/rosidl_typesupport_c/diagnostic_msgs/msg/key_value__type_support.cpp.o[0m
[16.604s] [ 26%] [32mBuilding CXX object CMakeFiles/diagnostic_msgs__rosidl_typesupport_c.dir/rosidl_typesupport_c/diagnostic_msgs/msg/diagnostic_status__type_support.cpp.o[0m
[16.653s] [ 27%] [32m[1mLinking CXX shared library libdiagnostic_msgs__rosidl_typesupport_c.so[0m
[16.728s] [ 27%] Built target diagnostic_msgs__rosidl_typesupport_c
[16.752s] [ 29%] [34m[1mGenerating C type support for eProsima Fast-RTPS[0m
[17.885s] [35m[1mScanning dependencies of target diagnostic_msgs__rosidl_typesupport_fastrtps_c[0m
[17.925s] [ 30%] [32mBuilding CXX object CMakeFiles/diagnostic_msgs__rosidl_typesupport_fastrtps_c.dir/rosidl_typesupport_fastrtps_c/diagnostic_msgs/msg/detail/diagnostic_array__type_support_c.cpp.o[0m
[18.483s] [ 31%] [32mBuilding CXX object CMakeFiles/diagnostic_msgs__rosidl_typesupport_fastrtps_c.dir/rosidl_typesupport_fastrtps_c/diagnostic_msgs/srv/detail/self_test__type_support_c.cpp.o[0m
[19.166s] [ 32%] [32mBuilding CXX object CMakeFiles/diagnostic_msgs__rosidl_typesupport_fastrtps_c.dir/rosidl_typesupport_fastrtps_c/diagnostic_msgs/srv/detail/add_diagnostics__type_support_c.cpp.o[0m
[19.665s] [ 34%] [32mBuilding CXX object CMakeFiles/diagnostic_msgs__rosidl_typesupport_fastrtps_c.dir/rosidl_typesupport_fastrtps_c/diagnostic_msgs/msg/detail/key_value__type_support_c.cpp.o[0m
[20.192s] [ 35%] [32mBuilding CXX object CMakeFiles/diagnostic_msgs__rosidl_typesupport_fastrtps_c.dir/rosidl_typesupport_fastrtps_c/diagnostic_msgs/msg/detail/diagnostic_status__type_support_c.cpp.o[0m
[20.853s] [ 36%] [32m[1mLinking CXX shared library libdiagnostic_msgs__rosidl_typesupport_fastrtps_c.so[0m
[21.046s] [ 36%] Built target diagnostic_msgs__rosidl_typesupport_fastrtps_c
[21.066s] [ 37%] [34m[1mGenerating C introspection for ROS interfaces[0m
[21.926s] [35m[1mScanning dependencies of target diagnostic_msgs__rosidl_typesupport_introspection_c[0m
[21.955s] [ 39%] [32mBuilding C object CMakeFiles/diagnostic_msgs__rosidl_typesupport_introspection_c.dir/rosidl_typesupport_introspection_c/diagnostic_msgs/msg/detail/diagnostic_array__type_support.c.o[0m
[22.012s] [ 40%] [32mBuilding C object CMakeFiles/diagnostic_msgs__rosidl_typesupport_introspection_c.dir/rosidl_typesupport_introspection_c/diagnostic_msgs/srv/detail/self_test__type_support.c.o[0m
[22.058s] [ 41%] [32mBuilding C object CMakeFiles/diagnostic_msgs__rosidl_typesupport_introspection_c.dir/rosidl_typesupport_introspection_c/diagnostic_msgs/srv/detail/add_diagnostics__type_support.c.o[0m
[22.113s] [ 43%] [32mBuilding C object CMakeFiles/diagnostic_msgs__rosidl_typesupport_introspection_c.dir/rosidl_typesupport_introspection_c/diagnostic_msgs/msg/detail/key_value__type_support.c.o[0m
[22.158s] [ 44%] [32mBuilding C object CMakeFiles/diagnostic_msgs__rosidl_typesupport_introspection_c.dir/rosidl_typesupport_introspection_c/diagnostic_msgs/msg/detail/diagnostic_status__type_support.c.o[0m
[22.205s] [ 45%] [32m[1mLinking C shared library libdiagnostic_msgs__rosidl_typesupport_introspection_c.so[0m
[22.262s] [ 45%] Built target diagnostic_msgs__rosidl_typesupport_introspection_c
[22.281s] [ 46%] [34m[1mGenerating C type support for eProsima Micro XRCE-DDS[0m
[23.264s] [35m[1mScanning dependencies of target diagnostic_msgs__rosidl_typesupport_microxrcedds_c[0m
[23.292s] [ 48%] [32mBuilding C object CMakeFiles/diagnostic_msgs__rosidl_typesupport_microxrcedds_c.dir/rosidl_typesupport_microxrcedds_c/diagnostic_msgs/msg/detail/microxrcedds/diagnostic_array__type_support_c.c.o[0m
[23.346s] [ 49%] [32mBuilding C object CMakeFiles/diagnostic_msgs__rosidl_typesupport_microxrcedds_c.dir/rosidl_typesupport_microxrcedds_c/diagnostic_msgs/srv/detail/microxrcedds/self_test__type_support_c.c.o[0m
[23.408s] [ 50%] [32mBuilding C object CMakeFiles/diagnostic_msgs__rosidl_typesupport_microxrcedds_c.dir/rosidl_typesupport_microxrcedds_c/diagnostic_msgs/srv/detail/microxrcedds/add_diagnostics__type_support_c.c.o[0m
[23.470s] [ 51%] [32mBuilding C object CMakeFiles/diagnostic_msgs__rosidl_typesupport_microxrcedds_c.dir/rosidl_typesupport_microxrcedds_c/diagnostic_msgs/msg/detail/microxrcedds/key_value__type_support_c.c.o[0m
[23.523s] [ 53%] [32mBuilding C object CMakeFiles/diagnostic_msgs__rosidl_typesupport_microxrcedds_c.dir/rosidl_typesupport_microxrcedds_c/diagnostic_msgs/msg/detail/microxrcedds/diagnostic_status__type_support_c.c.o[0m
[23.593s] [ 54%] [32m[1mLinking C shared library libdiagnostic_msgs__rosidl_typesupport_microxrcedds_c.so[0m
[23.671s] [ 54%] Built target diagnostic_msgs__rosidl_typesupport_microxrcedds_c
[23.694s] [ 55%] [34m[1mGenerating C++ type support for eProsima Micro XRCE-DDS[0m
[24.839s] [35m[1mScanning dependencies of target diagnostic_msgs__rosidl_typesupport_microxrcedds_cpp[0m
[24.885s] [ 56%] [32mBuilding CXX object CMakeFiles/diagnostic_msgs__rosidl_typesupport_microxrcedds_cpp.dir/rosidl_typesupport_microxrcedds_cpp/diagnostic_msgs/msg/detail/microxrcedds/diagnostic_array__type_support_cpp.cpp.o[0m
[25.338s] [ 58%] [32mBuilding CXX object CMakeFiles/diagnostic_msgs__rosidl_typesupport_microxrcedds_cpp.dir/rosidl_typesupport_microxrcedds_cpp/diagnostic_msgs/srv/detail/microxrcedds/self_test__type_support_cpp.cpp.o[0m
[25.939s] [ 59%] [32mBuilding CXX object CMakeFiles/diagnostic_msgs__rosidl_typesupport_microxrcedds_cpp.dir/rosidl_typesupport_microxrcedds_cpp/diagnostic_msgs/srv/detail/microxrcedds/add_diagnostics__type_support_cpp.cpp.o[0m
[26.347s] [ 60%] [32mBuilding CXX object CMakeFiles/diagnostic_msgs__rosidl_typesupport_microxrcedds_cpp.dir/rosidl_typesupport_microxrcedds_cpp/diagnostic_msgs/msg/detail/microxrcedds/key_value__type_support_cpp.cpp.o[0m
[26.697s] [ 62%] [32mBuilding CXX object CMakeFiles/diagnostic_msgs__rosidl_typesupport_microxrcedds_cpp.dir/rosidl_typesupport_microxrcedds_cpp/diagnostic_msgs/msg/detail/microxrcedds/diagnostic_status__type_support_cpp.cpp.o[0m
[27.259s] [ 63%] [32m[1mLinking CXX shared library libdiagnostic_msgs__rosidl_typesupport_microxrcedds_cpp.so[0m
[27.408s] [ 63%] Built target diagnostic_msgs__rosidl_typesupport_microxrcedds_cpp
[27.429s] [ 64%] [34m[1mGenerating C++ type support dispatch for ROS interfaces[0m
[28.290s] [35m[1mScanning dependencies of target diagnostic_msgs__rosidl_typesupport_cpp[0m
[28.310s] [ 65%] [32mBuilding CXX object CMakeFiles/diagnostic_msgs__rosidl_typesupport_cpp.dir/rosidl_typesupport_cpp/diagnostic_msgs/msg/diagnostic_array__type_support.cpp.o[0m
[28.645s] [ 67%] [32mBuilding CXX object CMakeFiles/diagnostic_msgs__rosidl_typesupport_cpp.dir/rosidl_typesupport_cpp/diagnostic_msgs/srv/self_test__type_support.cpp.o[0m
[29.122s] [ 68%] [32mBuilding CXX object CMakeFiles/diagnostic_msgs__rosidl_typesupport_cpp.dir/rosidl_typesupport_cpp/diagnostic_msgs/srv/add_diagnostics__type_support.cpp.o[0m
[29.494s] [ 69%] [32mBuilding CXX object CMakeFiles/diagnostic_msgs__rosidl_typesupport_cpp.dir/rosidl_typesupport_cpp/diagnostic_msgs/msg/key_value__type_support.cpp.o[0m
[29.938s] [ 70%] [32mBuilding CXX object CMakeFiles/diagnostic_msgs__rosidl_typesupport_cpp.dir/rosidl_typesupport_cpp/diagnostic_msgs/msg/diagnostic_status__type_support.cpp.o[0m
[30.405s] [ 72%] [32m[1mLinking CXX shared library libdiagnostic_msgs__rosidl_typesupport_cpp.so[0m
[30.478s] [ 72%] Built target diagnostic_msgs__rosidl_typesupport_cpp
[30.498s] [ 73%] [34m[1mGenerating C++ introspection for ROS interfaces[0m
[31.408s] [35m[1mScanning dependencies of target diagnostic_msgs__rosidl_typesupport_introspection_cpp[0m
[31.433s] [ 74%] [32mBuilding CXX object CMakeFiles/diagnostic_msgs__rosidl_typesupport_introspection_cpp.dir/rosidl_typesupport_introspection_cpp/diagnostic_msgs/msg/detail/diagnostic_array__type_support.cpp.o[0m
[32.010s] [ 75%] [32mBuilding CXX object CMakeFiles/diagnostic_msgs__rosidl_typesupport_introspection_cpp.dir/rosidl_typesupport_introspection_cpp/diagnostic_msgs/srv/detail/self_test__type_support.cpp.o[0m
[32.496s] [ 77%] [32mBuilding CXX object CMakeFiles/diagnostic_msgs__rosidl_typesupport_introspection_cpp.dir/rosidl_typesupport_introspection_cpp/diagnostic_msgs/srv/detail/add_diagnostics__type_support.cpp.o[0m
[32.895s] [ 78%] [32mBuilding CXX object CMakeFiles/diagnostic_msgs__rosidl_typesupport_introspection_cpp.dir/rosidl_typesupport_introspection_cpp/diagnostic_msgs/msg/detail/key_value__type_support.cpp.o[0m
[33.290s] [ 79%] [32mBuilding CXX object CMakeFiles/diagnostic_msgs__rosidl_typesupport_introspection_cpp.dir/rosidl_typesupport_introspection_cpp/diagnostic_msgs/msg/detail/diagnostic_status__type_support.cpp.o[0m
[33.831s] [ 81%] [32m[1mLinking CXX shared library libdiagnostic_msgs__rosidl_typesupport_introspection_cpp.so[0m
[33.991s] [ 81%] Built target diagnostic_msgs__rosidl_typesupport_introspection_cpp
[34.013s] [35m[1mScanning dependencies of target diagnostic_msgs[0m
[34.034s] [ 81%] Built target diagnostic_msgs
[34.054s] [35m[1mScanning dependencies of target diagnostic_msgs__py[0m
[34.075s] [ 82%] [34m[1mGenerating Python code for ROS interfaces[0m
[36.376s] [ 82%] Built target diagnostic_msgs__py
[36.393s] [35m[1mScanning dependencies of target diagnostic_msgs__python[0m
[36.434s] [ 83%] [32mBuilding C object CMakeFiles/diagnostic_msgs__python.dir/rosidl_generator_py/diagnostic_msgs/msg/_diagnostic_array_s.c.o[0m
[36.563s] [ 84%] [32mBuilding C object CMakeFiles/diagnostic_msgs__python.dir/rosidl_generator_py/diagnostic_msgs/srv/_self_test_s.c.o[0m
[36.744s] [ 86%] [32mBuilding C object CMakeFiles/diagnostic_msgs__python.dir/rosidl_generator_py/diagnostic_msgs/srv/_add_diagnostics_s.c.o[0m
[36.919s] [ 87%] [32mBuilding C object CMakeFiles/diagnostic_msgs__python.dir/rosidl_generator_py/diagnostic_msgs/msg/_key_value_s.c.o[0m
[37.042s] [ 88%] [32mBuilding C object CMakeFiles/diagnostic_msgs__python.dir/rosidl_generator_py/diagnostic_msgs/msg/_diagnostic_status_s.c.o[0m
[37.180s] [ 89%] [32m[1mLinking C shared library rosidl_generator_py/diagnostic_msgs/libdiagnostic_msgs__python.so[0m
[37.242s] [ 89%] Built target diagnostic_msgs__python
[37.256s] [35m[1mScanning dependencies of target diagnostic_msgs__rosidl_typesupport_introspection_c__pyext[0m
[37.287s] [ 91%] [32mBuilding C object CMakeFiles/diagnostic_msgs__rosidl_typesupport_introspection_c__pyext.dir/rosidl_generator_py/diagnostic_msgs/_diagnostic_msgs_s.ep.rosidl_typesupport_introspection_c.c.o[0m
[37.438s] [ 92%] [32m[1mLinking C shared library rosidl_generator_py/diagnostic_msgs/diagnostic_msgs_s__rosidl_typesupport_introspection_c.cpython-38-x86_64-linux-gnu.so[0m
[37.488s] [ 92%] Built target diagnostic_msgs__rosidl_typesupport_introspection_c__pyext
[37.500s] [35m[1mScanning dependencies of target diagnostic_msgs__rosidl_typesupport_microxrcedds_c__pyext[0m
[37.531s] [ 93%] [32mBuilding C object CMakeFiles/diagnostic_msgs__rosidl_typesupport_microxrcedds_c__pyext.dir/rosidl_generator_py/diagnostic_msgs/_diagnostic_msgs_s.ep.rosidl_typesupport_microxrcedds_c.c.o[0m
[37.668s] [ 94%] [32m[1mLinking C shared library rosidl_generator_py/diagnostic_msgs/diagnostic_msgs_s__rosidl_typesupport_microxrcedds_c.cpython-38-x86_64-linux-gnu.so[0m
[37.728s] [ 94%] Built target diagnostic_msgs__rosidl_typesupport_microxrcedds_c__pyext
[37.749s] [35m[1mScanning dependencies of target diagnostic_msgs__rosidl_typesupport_fastrtps_c__pyext[0m
[37.785s] [ 96%] [32mBuilding C object CMakeFiles/diagnostic_msgs__rosidl_typesupport_fastrtps_c__pyext.dir/rosidl_generator_py/diagnostic_msgs/_diagnostic_msgs_s.ep.rosidl_typesupport_fastrtps_c.c.o[0m
[37.935s] [ 97%] [32m[1mLinking CXX shared library rosidl_generator_py/diagnostic_msgs/diagnostic_msgs_s__rosidl_typesupport_fastrtps_c.cpython-38-x86_64-linux-gnu.so[0m
[38.020s] [ 97%] Built target diagnostic_msgs__rosidl_typesupport_fastrtps_c__pyext
[38.034s] [35m[1mScanning dependencies of target diagnostic_msgs__rosidl_typesupport_c__pyext[0m
[38.065s] [ 98%] [32mBuilding C object CMakeFiles/diagnostic_msgs__rosidl_typesupport_c__pyext.dir/rosidl_generator_py/diagnostic_msgs/_diagnostic_msgs_s.ep.rosidl_typesupport_c.c.o[0m
[38.206s] [100%] [32m[1mLinking C shared library rosidl_generator_py/diagnostic_msgs/diagnostic_msgs_s__rosidl_typesupport_c.cpython-38-x86_64-linux-gnu.so[0m
[38.255s] [100%] Built target diagnostic_msgs__rosidl_typesupport_c__pyext
[38.270s] Invoked command in '/root/catkin_ws/build/diagnostic_msgs' returned '0': AMENT_PREFIX_PATH=/root/catkin_ws/install/geometry_msgs:/root/catkin_ws/install/std_msgs:/root/catkin_ws/install/builtin_interfaces:${AMENT_PREFIX_PATH} CMAKE_PREFIX_PATH=/root/catkin_ws/install/geometry_msgs:/root/catkin_ws/install/std_msgs:/root/catkin_ws/install/builtin_interfaces:/root/catkin_ws/install/rosidl_typesupport_microxrcedds_cpp:/root/catkin_ws/install/rosidl_typesupport_microxrcedds_c:/root/catkin_ws/install/microcdr:/root/catkin_ws/install/ydlidar_sdk:/root/catkin_ws/install/ydlidar_ros2_driver:/root/catkin_ws/install/udp_driver:/root/catkin_ws/install/topic_service_action_rclcpp_example:/root/catkin_ws/install/time_rclcpp_example:/root/catkin_ws/install/tf2_rclcpp_example:/root/catkin_ws/install/testbot_description:/root/catkin_ws/install/serial_driver:/root/catkin_ws/install/rqt_example:/root/catkin_ws/install/omo_r1mini:/root/catkin_ws/install/omo_r1mini_navigation2:/root/catkin_ws/install/omo_r1mini_interfaces:/root/catkin_ws/install/omo_r1mini_gazebo:/root/catkin_ws/install/omo_r1mini_description:/root/catkin_ws/install/omo_r1mini_cartographer:/root/catkin_ws/install/my_first_ros_rclcpp_pkg:/root/catkin_ws/install/msg_srv_action_interface_example:/root/catkin_ws/install/micro_ros_setup:/root/catkin_ws/install/micro_ros_agent:/root/catkin_ws/install/micro_ros_msgs:/root/catkin_ws/install/io_context:/root/catkin_ws/install/iahrs_driver_interface:/root/catkin_ws/install/drive_base_msgs:/root/catkin_ws/install/asio_cmake_module:/root/install/ydlidar_sdk:/root/install/ydlidar_ros2_driver:/root/install/udp_driver:/root/install/topic_service_action_rclcpp_example:/root/install/time_rclcpp_example:/root/install/tf2_rclcpp_example:/root/install/testbot_description:/root/install/serial_driver:/root/install/rqt_example:/root/install/omo_r1mini:/root/install/omo_r1mini_navigation2:/root/install/omo_r1mini_interfaces:/root/install/omo_r1mini_gazebo:/root/install/omo_r1mini_description:/root/install/omo_r1mini_cartographer:/root/install/my_first_ros_rclcpp_pkg:/root/install/msg_srv_action_interface_example:/root/install/io_context:/root/install/asio_cmake_module:/root/catkin_ws/install/topic_service_action_rclpy_example:/root/catkin_ws/install/time_rclpy_example:/root/catkin_ws/install/tf2_rclpy_example:/root/catkin_ws/install/ros2env:/root/catkin_ws/install/omo_r1mini_teleop:/root/catkin_ws/install/omo_r1mini_bringup:/root/catkin_ws/install/my_first_ros_rclpy_pkg:/root/catkin_ws/install/logging_rclpy_example:/root/catkin_ws/install/iahrs_driver:/root/install/topic_service_action_rclpy_example:/root/install/time_rclpy_example:/root/install/tf2_rclpy_example:/root/install/ros2env:/root/install/omo_r1mini_teleop:/root/install/omo_r1mini_bringup:/root/install/my_first_ros_rclpy_pkg:/root/install/logging_rclpy_example:/opt/ros/foxy LD_LIBRARY_PATH=/root/catkin_ws/install/geometry_msgs/lib:/root/catkin_ws/install/std_msgs/lib:/root/catkin_ws/install/builtin_interfaces/lib:${LD_LIBRARY_PATH} PYTHONPATH=/root/catkin_ws/install/geometry_msgs/lib/python3.8/site-packages:/root/catkin_ws/install/std_msgs/lib/python3.8/site-packages:/root/catkin_ws/install/builtin_interfaces/lib/python3.8/site-packages:${PYTHONPATH} /usr/bin/cmake --build /root/catkin_ws/build/diagnostic_msgs -- -j12 -l12
[38.448s] Invoking command in '/root/catkin_ws/build/diagnostic_msgs': AMENT_PREFIX_PATH=/root/catkin_ws/install/geometry_msgs:/root/catkin_ws/install/std_msgs:/root/catkin_ws/install/builtin_interfaces:${AMENT_PREFIX_PATH} CMAKE_PREFIX_PATH=/root/catkin_ws/install/geometry_msgs:/root/catkin_ws/install/std_msgs:/root/catkin_ws/install/builtin_interfaces:/root/catkin_ws/install/rosidl_typesupport_microxrcedds_cpp:/root/catkin_ws/install/rosidl_typesupport_microxrcedds_c:/root/catkin_ws/install/microcdr:/root/catkin_ws/install/ydlidar_sdk:/root/catkin_ws/install/ydlidar_ros2_driver:/root/catkin_ws/install/udp_driver:/root/catkin_ws/install/topic_service_action_rclcpp_example:/root/catkin_ws/install/time_rclcpp_example:/root/catkin_ws/install/tf2_rclcpp_example:/root/catkin_ws/install/testbot_description:/root/catkin_ws/install/serial_driver:/root/catkin_ws/install/rqt_example:/root/catkin_ws/install/omo_r1mini:/root/catkin_ws/install/omo_r1mini_navigation2:/root/catkin_ws/install/omo_r1mini_interfaces:/root/catkin_ws/install/omo_r1mini_gazebo:/root/catkin_ws/install/omo_r1mini_description:/root/catkin_ws/install/omo_r1mini_cartographer:/root/catkin_ws/install/my_first_ros_rclcpp_pkg:/root/catkin_ws/install/msg_srv_action_interface_example:/root/catkin_ws/install/micro_ros_setup:/root/catkin_ws/install/micro_ros_agent:/root/catkin_ws/install/micro_ros_msgs:/root/catkin_ws/install/io_context:/root/catkin_ws/install/iahrs_driver_interface:/root/catkin_ws/install/drive_base_msgs:/root/catkin_ws/install/asio_cmake_module:/root/install/ydlidar_sdk:/root/install/ydlidar_ros2_driver:/root/install/udp_driver:/root/install/topic_service_action_rclcpp_example:/root/install/time_rclcpp_example:/root/install/tf2_rclcpp_example:/root/install/testbot_description:/root/install/serial_driver:/root/install/rqt_example:/root/install/omo_r1mini:/root/install/omo_r1mini_navigation2:/root/install/omo_r1mini_interfaces:/root/install/omo_r1mini_gazebo:/root/install/omo_r1mini_description:/root/install/omo_r1mini_cartographer:/root/install/my_first_ros_rclcpp_pkg:/root/install/msg_srv_action_interface_example:/root/install/io_context:/root/install/asio_cmake_module:/root/catkin_ws/install/topic_service_action_rclpy_example:/root/catkin_ws/install/time_rclpy_example:/root/catkin_ws/install/tf2_rclpy_example:/root/catkin_ws/install/ros2env:/root/catkin_ws/install/omo_r1mini_teleop:/root/catkin_ws/install/omo_r1mini_bringup:/root/catkin_ws/install/my_first_ros_rclpy_pkg:/root/catkin_ws/install/logging_rclpy_example:/root/catkin_ws/install/iahrs_driver:/root/install/topic_service_action_rclpy_example:/root/install/time_rclpy_example:/root/install/tf2_rclpy_example:/root/install/ros2env:/root/install/omo_r1mini_teleop:/root/install/omo_r1mini_bringup:/root/install/my_first_ros_rclpy_pkg:/root/install/logging_rclpy_example:/opt/ros/foxy LD_LIBRARY_PATH=/root/catkin_ws/install/geometry_msgs/lib:/root/catkin_ws/install/std_msgs/lib:/root/catkin_ws/install/builtin_interfaces/lib:${LD_LIBRARY_PATH} PYTHONPATH=/root/catkin_ws/install/geometry_msgs/lib/python3.8/site-packages:/root/catkin_ws/install/std_msgs/lib/python3.8/site-packages:/root/catkin_ws/install/builtin_interfaces/lib/python3.8/site-packages:${PYTHONPATH} /usr/bin/cmake --install /root/catkin_ws/build/diagnostic_msgs
[38.460s] -- Install configuration: ""
[38.460s] -- Installing: /root/catkin_ws/install/diagnostic_msgs/share/ament_index/resource_index/rosidl_interfaces/diagnostic_msgs
[38.460s] -- Installing: /root/catkin_ws/install/diagnostic_msgs/include/diagnostic_msgs
[38.461s] -- Installing: /root/catkin_ws/install/diagnostic_msgs/include/diagnostic_msgs/srv
[38.461s] -- Installing: /root/catkin_ws/install/diagnostic_msgs/include/diagnostic_msgs/srv/detail
[38.461s] -- Installing: /root/catkin_ws/install/diagnostic_msgs/include/diagnostic_msgs/srv/detail/self_test__functions.c
[38.461s] -- Installing: /root/catkin_ws/install/diagnostic_msgs/include/diagnostic_msgs/srv/detail/add_diagnostics__functions.h
[38.461s] -- Installing: /root/catkin_ws/install/diagnostic_msgs/include/diagnostic_msgs/srv/detail/add_diagnostics__type_support.h
[38.461s] -- Installing: /root/catkin_ws/install/diagnostic_msgs/include/diagnostic_msgs/srv/detail/self_test__functions.h
[38.462s] -- Installing: /root/catkin_ws/install/diagnostic_msgs/include/diagnostic_msgs/srv/detail/self_test__struct.h
[38.462s] -- Installing: /root/catkin_ws/install/diagnostic_msgs/include/diagnostic_msgs/srv/detail/add_diagnostics__functions.c
[38.462s] -- Installing: /root/catkin_ws/install/diagnostic_msgs/include/diagnostic_msgs/srv/detail/add_diagnostics__struct.h
[38.462s] -- Installing: /root/catkin_ws/install/diagnostic_msgs/include/diagnostic_msgs/srv/detail/self_test__type_support.h
[38.462s] -- Installing: /root/catkin_ws/install/diagnostic_msgs/include/diagnostic_msgs/srv/add_diagnostics.h
[38.462s] -- Installing: /root/catkin_ws/install/diagnostic_msgs/include/diagnostic_msgs/srv/self_test.h
[38.463s] -- Installing: /root/catkin_ws/install/diagnostic_msgs/include/diagnostic_msgs/msg
[38.463s] -- Installing: /root/catkin_ws/install/diagnostic_msgs/include/diagnostic_msgs/msg/detail
[38.463s] -- Installing: /root/catkin_ws/install/diagnostic_msgs/include/diagnostic_msgs/msg/detail/key_value__struct.h
[38.463s] -- Installing: /root/catkin_ws/install/diagnostic_msgs/include/diagnostic_msgs/msg/detail/diagnostic_array__functions.h
[38.463s] -- Installing: /root/catkin_ws/install/diagnostic_msgs/include/diagnostic_msgs/msg/detail/key_value__functions.c
[38.463s] -- Installing: /root/catkin_ws/install/diagnostic_msgs/include/diagnostic_msgs/msg/detail/diagnostic_status__functions.h
[38.464s] -- Installing: /root/catkin_ws/install/diagnostic_msgs/include/diagnostic_msgs/msg/detail/diagnostic_status__struct.h
[38.464s] -- Installing: /root/catkin_ws/install/diagnostic_msgs/include/diagnostic_msgs/msg/detail/diagnostic_array__functions.c
[38.464s] -- Installing: /root/catkin_ws/install/diagnostic_msgs/include/diagnostic_msgs/msg/detail/diagnostic_status__type_support.h
[38.464s] -- Installing: /root/catkin_ws/install/diagnostic_msgs/include/diagnostic_msgs/msg/detail/diagnostic_array__struct.h
[38.464s] -- Installing: /root/catkin_ws/install/diagnostic_msgs/include/diagnostic_msgs/msg/detail/diagnostic_status__functions.c
[38.464s] -- Installing: /root/catkin_ws/install/diagnostic_msgs/include/diagnostic_msgs/msg/detail/key_value__functions.h
[38.465s] -- Installing: /root/catkin_ws/install/diagnostic_msgs/include/diagnostic_msgs/msg/detail/key_value__type_support.h
[38.465s] -- Installing: /root/catkin_ws/install/diagnostic_msgs/include/diagnostic_msgs/msg/detail/diagnostic_array__type_support.h
[38.465s] -- Installing: /root/catkin_ws/install/diagnostic_msgs/include/diagnostic_msgs/msg/diagnostic_array.h
[38.465s] -- Installing: /root/catkin_ws/install/diagnostic_msgs/include/diagnostic_msgs/msg/rosidl_generator_c__visibility_control.h
[38.465s] -- Installing: /root/catkin_ws/install/diagnostic_msgs/include/diagnostic_msgs/msg/key_value.h
[38.465s] -- Installing: /root/catkin_ws/install/diagnostic_msgs/include/diagnostic_msgs/msg/diagnostic_status.h
[38.466s] -- Installing: /root/catkin_ws/install/diagnostic_msgs/share/diagnostic_msgs/environment/library_path.sh
[38.466s] -- Installing: /root/catkin_ws/install/diagnostic_msgs/share/diagnostic_msgs/environment/library_path.dsv
[38.466s] -- Installing: /root/catkin_ws/install/diagnostic_msgs/lib/libdiagnostic_msgs__rosidl_generator_c.so
[38.467s] -- Set runtime path of "/root/catkin_ws/install/diagnostic_msgs/lib/libdiagnostic_msgs__rosidl_generator_c.so" to ""
[38.467s] -- Up-to-date: /root/catkin_ws/install/diagnostic_msgs/include/diagnostic_msgs
[38.467s] -- Up-to-date: /root/catkin_ws/install/diagnostic_msgs/include/diagnostic_msgs/srv
[38.467s] -- Up-to-date: /root/catkin_ws/install/diagnostic_msgs/include/diagnostic_msgs/srv/detail
[38.468s] -- Installing: /root/catkin_ws/install/diagnostic_msgs/include/diagnostic_msgs/srv/detail/add_diagnostics__rosidl_typesupport_microxrcedds_c.h
[38.468s] -- Installing: /root/catkin_ws/install/diagnostic_msgs/include/diagnostic_msgs/srv/detail/self_test__rosidl_typesupport_microxrcedds_c.h
[38.468s] -- Installing: /root/catkin_ws/install/diagnostic_msgs/include/diagnostic_msgs/srv/detail/microxrcedds
[38.468s] -- Up-to-date: /root/catkin_ws/install/diagnostic_msgs/include/diagnostic_msgs/msg
[38.468s] -- Up-to-date: /root/catkin_ws/install/diagnostic_msgs/include/diagnostic_msgs/msg/detail
[38.468s] -- Installing: /root/catkin_ws/install/diagnostic_msgs/include/diagnostic_msgs/msg/detail/diagnostic_status__rosidl_typesupport_microxrcedds_c.h
[38.469s] -- Installing: /root/catkin_ws/install/diagnostic_msgs/include/diagnostic_msgs/msg/detail/diagnostic_array__rosidl_typesupport_microxrcedds_c.h
[38.469s] -- Installing: /root/catkin_ws/install/diagnostic_msgs/include/diagnostic_msgs/msg/detail/microxrcedds
[38.469s] -- Installing: /root/catkin_ws/install/diagnostic_msgs/include/diagnostic_msgs/msg/detail/key_value__rosidl_typesupport_microxrcedds_c.h
[38.469s] -- Installing: /root/catkin_ws/install/diagnostic_msgs/include/diagnostic_msgs/msg/rosidl_typesupport_microxrcedds_c__visibility_control.h
[38.469s] -- Installing: /root/catkin_ws/install/diagnostic_msgs/lib/libdiagnostic_msgs__rosidl_typesupport_microxrcedds_c.so
[38.469s] -- Set runtime path of "/root/catkin_ws/install/diagnostic_msgs/lib/libdiagnostic_msgs__rosidl_typesupport_microxrcedds_c.so" to ""
[38.470s] -- Up-to-date: /root/catkin_ws/install/diagnostic_msgs/include/diagnostic_msgs
[38.470s] -- Up-to-date: /root/catkin_ws/install/diagnostic_msgs/include/diagnostic_msgs/srv
[38.470s] -- Up-to-date: /root/catkin_ws/install/diagnostic_msgs/include/diagnostic_msgs/srv/detail
[38.470s] -- Installing: /root/catkin_ws/install/diagnostic_msgs/include/diagnostic_msgs/srv/detail/self_test__rosidl_typesupport_fastrtps_c.h
[38.470s] -- Installing: /root/catkin_ws/install/diagnostic_msgs/include/diagnostic_msgs/srv/detail/add_diagnostics__rosidl_typesupport_fastrtps_c.h
[38.470s] -- Up-to-date: /root/catkin_ws/install/diagnostic_msgs/include/diagnostic_msgs/msg
[38.470s] -- Up-to-date: /root/catkin_ws/install/diagnostic_msgs/include/diagnostic_msgs/msg/detail
[38.471s] -- Installing: /root/catkin_ws/install/diagnostic_msgs/include/diagnostic_msgs/msg/detail/key_value__rosidl_typesupport_fastrtps_c.h
[38.471s] -- Installing: /root/catkin_ws/install/diagnostic_msgs/include/diagnostic_msgs/msg/detail/diagnostic_status__rosidl_typesupport_fastrtps_c.h
[38.471s] -- Installing: /root/catkin_ws/install/diagnostic_msgs/include/diagnostic_msgs/msg/detail/diagnostic_array__rosidl_typesupport_fastrtps_c.h
[38.471s] -- Installing: /root/catkin_ws/install/diagnostic_msgs/include/diagnostic_msgs/msg/rosidl_typesupport_fastrtps_c__visibility_control.h
[38.471s] -- Installing: /root/catkin_ws/install/diagnostic_msgs/lib/libdiagnostic_msgs__rosidl_typesupport_fastrtps_c.so
[38.471s] -- Set runtime path of "/root/catkin_ws/install/diagnostic_msgs/lib/libdiagnostic_msgs__rosidl_typesupport_fastrtps_c.so" to ""
[38.472s] -- Up-to-date: /root/catkin_ws/install/diagnostic_msgs/include/diagnostic_msgs
[38.472s] -- Up-to-date: /root/catkin_ws/install/diagnostic_msgs/include/diagnostic_msgs/srv
[38.472s] -- Up-to-date: /root/catkin_ws/install/diagnostic_msgs/include/diagnostic_msgs/srv/detail
[38.472s] -- Installing: /root/catkin_ws/install/diagnostic_msgs/include/diagnostic_msgs/srv/detail/add_diagnostics__rosidl_typesupport_fastrtps_cpp.hpp
[38.472s] -- Installing: /root/catkin_ws/install/diagnostic_msgs/include/diagnostic_msgs/srv/detail/self_test__rosidl_typesupport_fastrtps_cpp.hpp
[38.473s] -- Installing: /root/catkin_ws/install/diagnostic_msgs/include/diagnostic_msgs/srv/detail/dds_fastrtps
[38.473s] -- Up-to-date: /root/catkin_ws/install/diagnostic_msgs/include/diagnostic_msgs/msg
[38.473s] -- Up-to-date: /root/catkin_ws/install/diagnostic_msgs/include/diagnostic_msgs/msg/detail
[38.473s] -- Installing: /root/catkin_ws/install/diagnostic_msgs/include/diagnostic_msgs/msg/detail/key_value__rosidl_typesupport_fastrtps_cpp.hpp
[38.473s] -- Installing: /root/catkin_ws/install/diagnostic_msgs/include/diagnostic_msgs/msg/detail/diagnostic_status__rosidl_typesupport_fastrtps_cpp.hpp
[38.473s] -- Installing: /root/catkin_ws/install/diagnostic_msgs/include/diagnostic_msgs/msg/detail/dds_fastrtps
[38.473s] -- Installing: /root/catkin_ws/install/diagnostic_msgs/include/diagnostic_msgs/msg/detail/diagnostic_array__rosidl_typesupport_fastrtps_cpp.hpp
[38.474s] -- Installing: /root/catkin_ws/install/diagnostic_msgs/include/diagnostic_msgs/msg/rosidl_typesupport_fastrtps_cpp__visibility_control.h
[38.474s] -- Installing: /root/catkin_ws/install/diagnostic_msgs/lib/libdiagnostic_msgs__rosidl_typesupport_fastrtps_cpp.so
[38.474s] -- Set runtime path of "/root/catkin_ws/install/diagnostic_msgs/lib/libdiagnostic_msgs__rosidl_typesupport_fastrtps_cpp.so" to ""
[38.474s] -- Up-to-date: /root/catkin_ws/install/diagnostic_msgs/include/diagnostic_msgs
[38.474s] -- Up-to-date: /root/catkin_ws/install/diagnostic_msgs/include/diagnostic_msgs/srv
[38.475s] -- Up-to-date: /root/catkin_ws/install/diagnostic_msgs/include/diagnostic_msgs/srv/detail
[38.475s] -- Installing: /root/catkin_ws/install/diagnostic_msgs/include/diagnostic_msgs/srv/detail/add_diagnostics__type_support.c
[38.475s] -- Installing: /root/catkin_ws/install/diagnostic_msgs/include/diagnostic_msgs/srv/detail/self_test__rosidl_typesupport_introspection_c.h
[38.475s] -- Installing: /root/catkin_ws/install/diagnostic_msgs/include/diagnostic_msgs/srv/detail/add_diagnostics__rosidl_typesupport_introspection_c.h
[38.475s] -- Installing: /root/catkin_ws/install/diagnostic_msgs/include/diagnostic_msgs/srv/detail/self_test__type_support.c
[38.475s] -- Up-to-date: /root/catkin_ws/install/diagnostic_msgs/include/diagnostic_msgs/msg
[38.476s] -- Up-to-date: /root/catkin_ws/install/diagnostic_msgs/include/diagnostic_msgs/msg/detail
[38.476s] -- Installing: /root/catkin_ws/install/diagnostic_msgs/include/diagnostic_msgs/msg/detail/diagnostic_array__rosidl_typesupport_introspection_c.h
[38.476s] -- Installing: /root/catkin_ws/install/diagnostic_msgs/include/diagnostic_msgs/msg/detail/key_value__rosidl_typesupport_introspection_c.h
[38.476s] -- Installing: /root/catkin_ws/install/diagnostic_msgs/include/diagnostic_msgs/msg/detail/diagnostic_status__rosidl_typesupport_introspection_c.h
[38.476s] -- Installing: /root/catkin_ws/install/diagnostic_msgs/include/diagnostic_msgs/msg/detail/key_value__type_support.c
[38.476s] -- Installing: /root/catkin_ws/install/diagnostic_msgs/include/diagnostic_msgs/msg/detail/diagnostic_array__type_support.c
[38.477s] -- Installing: /root/catkin_ws/install/diagnostic_msgs/include/diagnostic_msgs/msg/detail/diagnostic_status__type_support.c
[38.477s] -- Installing: /root/catkin_ws/install/diagnostic_msgs/include/diagnostic_msgs/msg/rosidl_typesupport_introspection_c__visibility_control.h
[38.477s] -- Installing: /root/catkin_ws/install/diagnostic_msgs/lib/libdiagnostic_msgs__rosidl_typesupport_introspection_c.so
[38.477s] -- Set runtime path of "/root/catkin_ws/install/diagnostic_msgs/lib/libdiagnostic_msgs__rosidl_typesupport_introspection_c.so" to ""
[38.477s] -- Installing: /root/catkin_ws/install/diagnostic_msgs/lib/libdiagnostic_msgs__rosidl_typesupport_c.so
[38.478s] -- Set runtime path of "/root/catkin_ws/install/diagnostic_msgs/lib/libdiagnostic_msgs__rosidl_typesupport_c.so" to ""
[38.478s] -- Up-to-date: /root/catkin_ws/install/diagnostic_msgs/include/diagnostic_msgs
[38.478s] -- Up-to-date: /root/catkin_ws/install/diagnostic_msgs/include/diagnostic_msgs/srv
[38.478s] -- Up-to-date: /root/catkin_ws/install/diagnostic_msgs/include/diagnostic_msgs/srv/detail
[38.479s] -- Installing: /root/catkin_ws/install/diagnostic_msgs/include/diagnostic_msgs/srv/detail/self_test__struct.hpp
[38.479s] -- Installing: /root/catkin_ws/install/diagnostic_msgs/include/diagnostic_msgs/srv/detail/add_diagnostics__struct.hpp
[38.479s] -- Installing: /root/catkin_ws/install/diagnostic_msgs/include/diagnostic_msgs/srv/detail/self_test__builder.hpp
[38.479s] -- Installing: /root/catkin_ws/install/diagnostic_msgs/include/diagnostic_msgs/srv/detail/add_diagnostics__builder.hpp
[38.479s] -- Installing: /root/catkin_ws/install/diagnostic_msgs/include/diagnostic_msgs/srv/detail/self_test__traits.hpp
[38.480s] -- Installing: /root/catkin_ws/install/diagnostic_msgs/include/diagnostic_msgs/srv/detail/add_diagnostics__traits.hpp
[38.480s] -- Installing: /root/catkin_ws/install/diagnostic_msgs/include/diagnostic_msgs/srv/self_test.hpp
[38.480s] -- Installing: /root/catkin_ws/install/diagnostic_msgs/include/diagnostic_msgs/srv/add_diagnostics.hpp
[38.480s] -- Up-to-date: /root/catkin_ws/install/diagnostic_msgs/include/diagnostic_msgs/msg
[38.480s] -- Up-to-date: /root/catkin_ws/install/diagnostic_msgs/include/diagnostic_msgs/msg/detail
[38.480s] -- Installing: /root/catkin_ws/install/diagnostic_msgs/include/diagnostic_msgs/msg/detail/diagnostic_status__traits.hpp
[38.481s] -- Installing: /root/catkin_ws/install/diagnostic_msgs/include/diagnostic_msgs/msg/detail/diagnostic_status__builder.hpp
[38.481s] -- Installing: /root/catkin_ws/install/diagnostic_msgs/include/diagnostic_msgs/msg/detail/diagnostic_array__builder.hpp
[38.481s] -- Installing: /root/catkin_ws/install/diagnostic_msgs/include/diagnostic_msgs/msg/detail/diagnostic_array__traits.hpp
[38.481s] -- Installing: /root/catkin_ws/install/diagnostic_msgs/include/diagnostic_msgs/msg/detail/diagnostic_array__struct.hpp
[38.481s] -- Installing: /root/catkin_ws/install/diagnostic_msgs/include/diagnostic_msgs/msg/detail/diagnostic_status__struct.hpp
[38.481s] -- Installing: /root/catkin_ws/install/diagnostic_msgs/include/diagnostic_msgs/msg/detail/key_value__builder.hpp
[38.481s] -- Installing: /root/catkin_ws/install/diagnostic_msgs/include/diagnostic_msgs/msg/detail/key_value__traits.hpp
[38.482s] -- Installing: /root/catkin_ws/install/diagnostic_msgs/include/diagnostic_msgs/msg/detail/key_value__struct.hpp
[38.482s] -- Installing: /root/catkin_ws/install/diagnostic_msgs/include/diagnostic_msgs/msg/diagnostic_array.hpp
[38.482s] -- Installing: /root/catkin_ws/install/diagnostic_msgs/include/diagnostic_msgs/msg/key_value.hpp
[38.482s] -- Installing: /root/catkin_ws/install/diagnostic_msgs/include/diagnostic_msgs/msg/diagnostic_status.hpp
[38.482s] -- Up-to-date: /root/catkin_ws/install/diagnostic_msgs/include/diagnostic_msgs
[38.483s] -- Up-to-date: /root/catkin_ws/install/diagnostic_msgs/include/diagnostic_msgs/srv
[38.483s] -- Up-to-date: /root/catkin_ws/install/diagnostic_msgs/include/diagnostic_msgs/srv/detail
[38.483s] -- Installing: /root/catkin_ws/install/diagnostic_msgs/include/diagnostic_msgs/srv/detail/self_test__rosidl_typesupport_microxrcedds_cpp.hpp
[38.483s] -- Installing: /root/catkin_ws/install/diagnostic_msgs/include/diagnostic_msgs/srv/detail/add_diagnostics__rosidl_typesupport_microxrcedds_cpp.hpp
[38.483s] -- Up-to-date: /root/catkin_ws/install/diagnostic_msgs/include/diagnostic_msgs/srv/detail/microxrcedds
[38.483s] -- Installing: /root/catkin_ws/install/diagnostic_msgs/include/diagnostic_msgs/srv/detail/microxrcedds/self_test__type_support_cpp.cpp
[38.484s] -- Installing: /root/catkin_ws/install/diagnostic_msgs/include/diagnostic_msgs/srv/detail/microxrcedds/add_diagnostics__type_support_cpp.cpp
[38.484s] -- Up-to-date: /root/catkin_ws/install/diagnostic_msgs/include/diagnostic_msgs/msg
[38.484s] -- Up-to-date: /root/catkin_ws/install/diagnostic_msgs/include/diagnostic_msgs/msg/detail
[38.484s] -- Installing: /root/catkin_ws/install/diagnostic_msgs/include/diagnostic_msgs/msg/detail/diagnostic_status__rosidl_typesupport_microxrcedds_cpp.hpp
[38.484s] -- Installing: /root/catkin_ws/install/diagnostic_msgs/include/diagnostic_msgs/msg/detail/diagnostic_array__rosidl_typesupport_microxrcedds_cpp.hpp
[38.484s] -- Up-to-date: /root/catkin_ws/install/diagnostic_msgs/include/diagnostic_msgs/msg/detail/microxrcedds
[38.485s] -- Installing: /root/catkin_ws/install/diagnostic_msgs/include/diagnostic_msgs/msg/detail/microxrcedds/diagnostic_status__type_support_cpp.cpp
[38.485s] -- Installing: /root/catkin_ws/install/diagnostic_msgs/include/diagnostic_msgs/msg/detail/microxrcedds/diagnostic_array__type_support_cpp.cpp
[38.485s] -- Installing: /root/catkin_ws/install/diagnostic_msgs/include/diagnostic_msgs/msg/detail/microxrcedds/key_value__type_support_cpp.cpp
[38.485s] -- Installing: /root/catkin_ws/install/diagnostic_msgs/include/diagnostic_msgs/msg/detail/key_value__rosidl_typesupport_microxrcedds_cpp.hpp
[38.485s] -- Installing: /root/catkin_ws/install/diagnostic_msgs/include/diagnostic_msgs/msg/rosidl_typesupport_microxrcedds_cpp__visibility_control.h
[38.485s] -- Installing: /root/catkin_ws/install/diagnostic_msgs/lib/libdiagnostic_msgs__rosidl_typesupport_microxrcedds_cpp.so
[38.485s] -- Set runtime path of "/root/catkin_ws/install/diagnostic_msgs/lib/libdiagnostic_msgs__rosidl_typesupport_microxrcedds_cpp.so" to ""
[38.486s] -- Up-to-date: /root/catkin_ws/install/diagnostic_msgs/include/diagnostic_msgs
[38.486s] -- Up-to-date: /root/catkin_ws/install/diagnostic_msgs/include/diagnostic_msgs/srv
[38.486s] -- Up-to-date: /root/catkin_ws/install/diagnostic_msgs/include/diagnostic_msgs/srv/detail
[38.486s] -- Installing: /root/catkin_ws/install/diagnostic_msgs/include/diagnostic_msgs/srv/detail/add_diagnostics__rosidl_typesupport_introspection_cpp.hpp
[38.486s] -- Installing: /root/catkin_ws/install/diagnostic_msgs/include/diagnostic_msgs/srv/detail/self_test__rosidl_typesupport_introspection_cpp.hpp
[38.487s] -- Installing: /root/catkin_ws/install/diagnostic_msgs/include/diagnostic_msgs/srv/detail/add_diagnostics__type_support.cpp
[38.487s] -- Installing: /root/catkin_ws/install/diagnostic_msgs/include/diagnostic_msgs/srv/detail/self_test__type_support.cpp
[38.487s] -- Up-to-date: /root/catkin_ws/install/diagnostic_msgs/include/diagnostic_msgs/msg
[38.487s] -- Up-to-date: /root/catkin_ws/install/diagnostic_msgs/include/diagnostic_msgs/msg/detail
[38.487s] -- Installing: /root/catkin_ws/install/diagnostic_msgs/include/diagnostic_msgs/msg/detail/diagnostic_status__type_support.cpp
[38.487s] -- Installing: /root/catkin_ws/install/diagnostic_msgs/include/diagnostic_msgs/msg/detail/diagnostic_array__rosidl_typesupport_introspection_cpp.hpp
[38.488s] -- Installing: /root/catkin_ws/install/diagnostic_msgs/include/diagnostic_msgs/msg/detail/diagnostic_status__rosidl_typesupport_introspection_cpp.hpp
[38.488s] -- Installing: /root/catkin_ws/install/diagnostic_msgs/include/diagnostic_msgs/msg/detail/diagnostic_array__type_support.cpp
[38.488s] -- Installing: /root/catkin_ws/install/diagnostic_msgs/include/diagnostic_msgs/msg/detail/key_value__rosidl_typesupport_introspection_cpp.hpp
[38.488s] -- Installing: /root/catkin_ws/install/diagnostic_msgs/include/diagnostic_msgs/msg/detail/key_value__type_support.cpp
[38.488s] -- Installing: /root/catkin_ws/install/diagnostic_msgs/lib/libdiagnostic_msgs__rosidl_typesupport_introspection_cpp.so
[38.489s] -- Set runtime path of "/root/catkin_ws/install/diagnostic_msgs/lib/libdiagnostic_msgs__rosidl_typesupport_introspection_cpp.so" to ""
[38.489s] -- Installing: /root/catkin_ws/install/diagnostic_msgs/lib/libdiagnostic_msgs__rosidl_typesupport_cpp.so
[38.489s] -- Set runtime path of "/root/catkin_ws/install/diagnostic_msgs/lib/libdiagnostic_msgs__rosidl_typesupport_cpp.so" to ""
[38.489s] -- Installing: /root/catkin_ws/install/diagnostic_msgs/share/diagnostic_msgs/environment/pythonpath.sh
[38.490s] -- Installing: /root/catkin_ws/install/diagnostic_msgs/share/diagnostic_msgs/environment/pythonpath.dsv
[38.490s] -- Installing: /root/catkin_ws/install/diagnostic_msgs/lib/python3.8/site-packages/diagnostic_msgs/__init__.py
[38.602s] Compiling '/root/catkin_ws/install/diagnostic_msgs/lib/python3.8/site-packages/diagnostic_msgs/__init__.py'...
[38.609s] -- Installing: /root/catkin_ws/install/diagnostic_msgs/lib/python3.8/site-packages/diagnostic_msgs/msg
[38.609s] -- Installing: /root/catkin_ws/install/diagnostic_msgs/lib/python3.8/site-packages/diagnostic_msgs/msg/_diagnostic_array.py
[38.609s] -- Installing: /root/catkin_ws/install/diagnostic_msgs/lib/python3.8/site-packages/diagnostic_msgs/msg/_key_value_s.c
[38.609s] -- Installing: /root/catkin_ws/install/diagnostic_msgs/lib/python3.8/site-packages/diagnostic_msgs/msg/_diagnostic_status.py
[38.609s] -- Installing: /root/catkin_ws/install/diagnostic_msgs/lib/python3.8/site-packages/diagnostic_msgs/msg/_diagnostic_status_s.c
[38.610s] -- Installing: /root/catkin_ws/install/diagnostic_msgs/lib/python3.8/site-packages/diagnostic_msgs/msg/_diagnostic_array_s.c
[38.610s] -- Installing: /root/catkin_ws/install/diagnostic_msgs/lib/python3.8/site-packages/diagnostic_msgs/msg/__init__.py
[38.610s] -- Installing: /root/catkin_ws/install/diagnostic_msgs/lib/python3.8/site-packages/diagnostic_msgs/msg/_key_value.py
[38.610s] -- Installing: /root/catkin_ws/install/diagnostic_msgs/lib/python3.8/site-packages/diagnostic_msgs/srv
[38.611s] -- Installing: /root/catkin_ws/install/diagnostic_msgs/lib/python3.8/site-packages/diagnostic_msgs/srv/_add_diagnostics_s.c
[38.611s] -- Installing: /root/catkin_ws/install/diagnostic_msgs/lib/python3.8/site-packages/diagnostic_msgs/srv/_self_test_s.c
[38.611s] -- Installing: /root/catkin_ws/install/diagnostic_msgs/lib/python3.8/site-packages/diagnostic_msgs/srv/_self_test.py
[38.611s] -- Installing: /root/catkin_ws/install/diagnostic_msgs/lib/python3.8/site-packages/diagnostic_msgs/srv/_add_diagnostics.py
[38.611s] -- Installing: /root/catkin_ws/install/diagnostic_msgs/lib/python3.8/site-packages/diagnostic_msgs/srv/__init__.py
[38.611s] -- Installing: /root/catkin_ws/install/diagnostic_msgs/lib/python3.8/site-packages/diagnostic_msgs/diagnostic_msgs_s__rosidl_typesupport_microxrcedds_c.cpython-38-x86_64-linux-gnu.so
[38.612s] -- Set runtime path of "/root/catkin_ws/install/diagnostic_msgs/lib/python3.8/site-packages/diagnostic_msgs/diagnostic_msgs_s__rosidl_typesupport_microxrcedds_c.cpython-38-x86_64-linux-gnu.so" to ""
[38.612s] -- Installing: /root/catkin_ws/install/diagnostic_msgs/lib/python3.8/site-packages/diagnostic_msgs/diagnostic_msgs_s__rosidl_typesupport_fastrtps_c.cpython-38-x86_64-linux-gnu.so
[38.613s] -- Set runtime path of "/root/catkin_ws/install/diagnostic_msgs/lib/python3.8/site-packages/diagnostic_msgs/diagnostic_msgs_s__rosidl_typesupport_fastrtps_c.cpython-38-x86_64-linux-gnu.so" to ""
[38.613s] -- Installing: /root/catkin_ws/install/diagnostic_msgs/lib/python3.8/site-packages/diagnostic_msgs/diagnostic_msgs_s__rosidl_typesupport_introspection_c.cpython-38-x86_64-linux-gnu.so
[38.614s] -- Set runtime path of "/root/catkin_ws/install/diagnostic_msgs/lib/python3.8/site-packages/diagnostic_msgs/diagnostic_msgs_s__rosidl_typesupport_introspection_c.cpython-38-x86_64-linux-gnu.so" to ""
[38.615s] -- Installing: /root/catkin_ws/install/diagnostic_msgs/lib/python3.8/site-packages/diagnostic_msgs/diagnostic_msgs_s__rosidl_typesupport_c.cpython-38-x86_64-linux-gnu.so
[38.615s] -- Set runtime path of "/root/catkin_ws/install/diagnostic_msgs/lib/python3.8/site-packages/diagnostic_msgs/diagnostic_msgs_s__rosidl_typesupport_c.cpython-38-x86_64-linux-gnu.so" to ""
[38.615s] -- Installing: /root/catkin_ws/install/diagnostic_msgs/lib/libdiagnostic_msgs__python.so
[38.616s] -- Set runtime path of "/root/catkin_ws/install/diagnostic_msgs/lib/libdiagnostic_msgs__python.so" to ""
[38.616s] -- Installing: /root/catkin_ws/install/diagnostic_msgs/share/diagnostic_msgs/msg/DiagnosticArray.idl
[38.616s] -- Installing: /root/catkin_ws/install/diagnostic_msgs/share/diagnostic_msgs/msg/DiagnosticStatus.idl
[38.617s] -- Installing: /root/catkin_ws/install/diagnostic_msgs/share/diagnostic_msgs/msg/KeyValue.idl
[38.617s] -- Installing: /root/catkin_ws/install/diagnostic_msgs/share/diagnostic_msgs/srv/AddDiagnostics.idl
[38.617s] -- Installing: /root/catkin_ws/install/diagnostic_msgs/share/diagnostic_msgs/srv/SelfTest.idl
[38.617s] -- Installing: /root/catkin_ws/install/diagnostic_msgs/share/diagnostic_msgs/msg/DiagnosticArray.msg
[38.618s] -- Installing: /root/catkin_ws/install/diagnostic_msgs/share/diagnostic_msgs/msg/DiagnosticStatus.msg
[38.618s] -- Installing: /root/catkin_ws/install/diagnostic_msgs/share/diagnostic_msgs/msg/KeyValue.msg
[38.618s] -- Installing: /root/catkin_ws/install/diagnostic_msgs/share/diagnostic_msgs/srv/AddDiagnostics.srv
[38.619s] -- Installing: /root/catkin_ws/install/diagnostic_msgs/share/diagnostic_msgs/srv/AddDiagnostics_Request.msg
[38.619s] -- Installing: /root/catkin_ws/install/diagnostic_msgs/share/diagnostic_msgs/srv/AddDiagnostics_Response.msg
[38.619s] -- Installing: /root/catkin_ws/install/diagnostic_msgs/share/diagnostic_msgs/srv/SelfTest.srv
[38.620s] -- Installing: /root/catkin_ws/install/diagnostic_msgs/share/diagnostic_msgs/srv/SelfTest_Request.msg
[38.620s] -- Installing: /root/catkin_ws/install/diagnostic_msgs/share/diagnostic_msgs/srv/SelfTest_Response.msg
[38.620s] -- Installing: /root/catkin_ws/install/diagnostic_msgs/share/ament_index/resource_index/package_run_dependencies/diagnostic_msgs
[38.620s] -- Installing: /root/catkin_ws/install/diagnostic_msgs/share/ament_index/resource_index/parent_prefix_path/diagnostic_msgs
[38.621s] -- Installing: /root/catkin_ws/install/diagnostic_msgs/share/diagnostic_msgs/environment/ament_prefix_path.sh
[38.621s] -- Installing: /root/catkin_ws/install/diagnostic_msgs/share/diagnostic_msgs/environment/ament_prefix_path.dsv
[38.621s] -- Installing: /root/catkin_ws/install/diagnostic_msgs/share/diagnostic_msgs/environment/path.sh
[38.621s] -- Installing: /root/catkin_ws/install/diagnostic_msgs/share/diagnostic_msgs/environment/path.dsv
[38.622s] -- Installing: /root/catkin_ws/install/diagnostic_msgs/share/diagnostic_msgs/local_setup.bash
[38.622s] -- Installing: /root/catkin_ws/install/diagnostic_msgs/share/diagnostic_msgs/local_setup.sh
[38.622s] -- Installing: /root/catkin_ws/install/diagnostic_msgs/share/diagnostic_msgs/local_setup.zsh
[38.622s] -- Installing: /root/catkin_ws/install/diagnostic_msgs/share/diagnostic_msgs/local_setup.dsv
[38.622s] -- Installing: /root/catkin_ws/install/diagnostic_msgs/share/diagnostic_msgs/package.dsv
[38.623s] -- Installing: /root/catkin_ws/install/diagnostic_msgs/share/ament_index/resource_index/packages/diagnostic_msgs
[38.623s] -- Installing: /root/catkin_ws/install/diagnostic_msgs/share/diagnostic_msgs/cmake/diagnostic_msgs__rosidl_generator_cExport.cmake
[38.623s] -- Installing: /root/catkin_ws/install/diagnostic_msgs/share/diagnostic_msgs/cmake/diagnostic_msgs__rosidl_generator_cExport-noconfig.cmake
[38.624s] -- Installing: /root/catkin_ws/install/diagnostic_msgs/share/diagnostic_msgs/cmake/diagnostic_msgs__rosidl_typesupport_introspection_cExport.cmake
[38.624s] -- Installing: /root/catkin_ws/install/diagnostic_msgs/share/diagnostic_msgs/cmake/diagnostic_msgs__rosidl_typesupport_introspection_cExport-noconfig.cmake
[38.624s] -- Installing: /root/catkin_ws/install/diagnostic_msgs/share/diagnostic_msgs/cmake/diagnostic_msgs__rosidl_typesupport_cExport.cmake
[38.624s] -- Installing: /root/catkin_ws/install/diagnostic_msgs/share/diagnostic_msgs/cmake/diagnostic_msgs__rosidl_typesupport_cExport-noconfig.cmake
[38.625s] -- Installing: /root/catkin_ws/install/diagnostic_msgs/share/diagnostic_msgs/cmake/diagnostic_msgs__rosidl_generator_cppExport.cmake
[38.625s] -- Installing: /root/catkin_ws/install/diagnostic_msgs/share/diagnostic_msgs/cmake/diagnostic_msgs__rosidl_typesupport_introspection_cppExport.cmake
[38.625s] -- Installing: /root/catkin_ws/install/diagnostic_msgs/share/diagnostic_msgs/cmake/diagnostic_msgs__rosidl_typesupport_introspection_cppExport-noconfig.cmake
[38.626s] -- Installing: /root/catkin_ws/install/diagnostic_msgs/share/diagnostic_msgs/cmake/diagnostic_msgs__rosidl_typesupport_cppExport.cmake
[38.626s] -- Installing: /root/catkin_ws/install/diagnostic_msgs/share/diagnostic_msgs/cmake/diagnostic_msgs__rosidl_typesupport_cppExport-noconfig.cmake
[38.626s] -- Installing: /root/catkin_ws/install/diagnostic_msgs/share/diagnostic_msgs/cmake/rosidl_cmake-extras.cmake
[38.626s] -- Installing: /root/catkin_ws/install/diagnostic_msgs/share/diagnostic_msgs/cmake/ament_cmake_export_dependencies-extras.cmake
[38.626s] -- Installing: /root/catkin_ws/install/diagnostic_msgs/share/diagnostic_msgs/cmake/ament_cmake_export_libraries-extras.cmake
[38.627s] -- Installing: /root/catkin_ws/install/diagnostic_msgs/share/diagnostic_msgs/cmake/ament_cmake_export_targets-extras.cmake
[38.627s] -- Installing: /root/catkin_ws/install/diagnostic_msgs/share/diagnostic_msgs/cmake/ament_cmake_export_include_directories-extras.cmake
[38.627s] -- Installing: /root/catkin_ws/install/diagnostic_msgs/share/diagnostic_msgs/cmake/rosidl_cmake_export_typesupport_libraries-extras.cmake
[38.627s] -- Installing: /root/catkin_ws/install/diagnostic_msgs/share/diagnostic_msgs/cmake/rosidl_cmake_export_typesupport_targets-extras.cmake
[38.628s] -- Installing: /root/catkin_ws/install/diagnostic_msgs/share/diagnostic_msgs/cmake/diagnostic_msgsConfig.cmake
[38.628s] -- Installing: /root/catkin_ws/install/diagnostic_msgs/share/diagnostic_msgs/cmake/diagnostic_msgsConfig-version.cmake
[38.628s] -- Installing: /root/catkin_ws/install/diagnostic_msgs/share/diagnostic_msgs/package.xml
[38.637s] Invoked command in '/root/catkin_ws/build/diagnostic_msgs' returned '0': AMENT_PREFIX_PATH=/root/catkin_ws/install/geometry_msgs:/root/catkin_ws/install/std_msgs:/root/catkin_ws/install/builtin_interfaces:${AMENT_PREFIX_PATH} CMAKE_PREFIX_PATH=/root/catkin_ws/install/geometry_msgs:/root/catkin_ws/install/std_msgs:/root/catkin_ws/install/builtin_interfaces:/root/catkin_ws/install/rosidl_typesupport_microxrcedds_cpp:/root/catkin_ws/install/rosidl_typesupport_microxrcedds_c:/root/catkin_ws/install/microcdr:/root/catkin_ws/install/ydlidar_sdk:/root/catkin_ws/install/ydlidar_ros2_driver:/root/catkin_ws/install/udp_driver:/root/catkin_ws/install/topic_service_action_rclcpp_example:/root/catkin_ws/install/time_rclcpp_example:/root/catkin_ws/install/tf2_rclcpp_example:/root/catkin_ws/install/testbot_description:/root/catkin_ws/install/serial_driver:/root/catkin_ws/install/rqt_example:/root/catkin_ws/install/omo_r1mini:/root/catkin_ws/install/omo_r1mini_navigation2:/root/catkin_ws/install/omo_r1mini_interfaces:/root/catkin_ws/install/omo_r1mini_gazebo:/root/catkin_ws/install/omo_r1mini_description:/root/catkin_ws/install/omo_r1mini_cartographer:/root/catkin_ws/install/my_first_ros_rclcpp_pkg:/root/catkin_ws/install/msg_srv_action_interface_example:/root/catkin_ws/install/micro_ros_setup:/root/catkin_ws/install/micro_ros_agent:/root/catkin_ws/install/micro_ros_msgs:/root/catkin_ws/install/io_context:/root/catkin_ws/install/iahrs_driver_interface:/root/catkin_ws/install/drive_base_msgs:/root/catkin_ws/install/asio_cmake_module:/root/install/ydlidar_sdk:/root/install/ydlidar_ros2_driver:/root/install/udp_driver:/root/install/topic_service_action_rclcpp_example:/root/install/time_rclcpp_example:/root/install/tf2_rclcpp_example:/root/install/testbot_description:/root/install/serial_driver:/root/install/rqt_example:/root/install/omo_r1mini:/root/install/omo_r1mini_navigation2:/root/install/omo_r1mini_interfaces:/root/install/omo_r1mini_gazebo:/root/install/omo_r1mini_description:/root/install/omo_r1mini_cartographer:/root/install/my_first_ros_rclcpp_pkg:/root/install/msg_srv_action_interface_example:/root/install/io_context:/root/install/asio_cmake_module:/root/catkin_ws/install/topic_service_action_rclpy_example:/root/catkin_ws/install/time_rclpy_example:/root/catkin_ws/install/tf2_rclpy_example:/root/catkin_ws/install/ros2env:/root/catkin_ws/install/omo_r1mini_teleop:/root/catkin_ws/install/omo_r1mini_bringup:/root/catkin_ws/install/my_first_ros_rclpy_pkg:/root/catkin_ws/install/logging_rclpy_example:/root/catkin_ws/install/iahrs_driver:/root/install/topic_service_action_rclpy_example:/root/install/time_rclpy_example:/root/install/tf2_rclpy_example:/root/install/ros2env:/root/install/omo_r1mini_teleop:/root/install/omo_r1mini_bringup:/root/install/my_first_ros_rclpy_pkg:/root/install/logging_rclpy_example:/opt/ros/foxy LD_LIBRARY_PATH=/root/catkin_ws/install/geometry_msgs/lib:/root/catkin_ws/install/std_msgs/lib:/root/catkin_ws/install/builtin_interfaces/lib:${LD_LIBRARY_PATH} PYTHONPATH=/root/catkin_ws/install/geometry_msgs/lib/python3.8/site-packages:/root/catkin_ws/install/std_msgs/lib/python3.8/site-packages:/root/catkin_ws/install/builtin_interfaces/lib/python3.8/site-packages:${PYTHONPATH} /usr/bin/cmake --install /root/catkin_ws/build/diagnostic_msgs
