[0.148s] Invoking command in '/root/catkin_ws/build/omo_r1mini_navigation2': CMAKE_PREFIX_PATH=${CMAKE_PREFIX_PATH}:/root/catkin_ws/install/topic_service_action_rclpy_example:/root/catkin_ws/install/time_rclpy_example:/root/catkin_ws/install/tf2_rclpy_example:/root/catkin_ws/install/ros2env:/root/catkin_ws/install/omo_r1mini_teleop:/root/catkin_ws/install/omo_r1mini_bringup:/root/catkin_ws/install/my_first_ros_rclpy_pkg:/root/catkin_ws/install/logging_rclpy_example:/root/catkin_ws/src/install/topic_service_action_rclpy_example:/root/catkin_ws/src/install/time_rclpy_example:/root/catkin_ws/src/install/tf2_rclpy_example:/root/catkin_ws/src/install/ros2env:/root/catkin_ws/src/install/omo_r1mini_teleop:/root/catkin_ws/src/install/omo_r1mini_bringup:/root/catkin_ws/src/install/my_first_ros_rclpy_pkg:/root/catkin_ws/src/install/logging_rclpy_example:/opt/ros/foxy /usr/bin/cmake --build /root/catkin_ws/build/omo_r1mini_navigation2 -- -j12 -l12
[1.069s] Invoked command in '/root/catkin_ws/build/omo_r1mini_navigation2' returned '0': CMAKE_PREFIX_PATH=${CMAKE_PREFIX_PATH}:/root/catkin_ws/install/topic_service_action_rclpy_example:/root/catkin_ws/install/time_rclpy_example:/root/catkin_ws/install/tf2_rclpy_example:/root/catkin_ws/install/ros2env:/root/catkin_ws/install/omo_r1mini_teleop:/root/catkin_ws/install/omo_r1mini_bringup:/root/catkin_ws/install/my_first_ros_rclpy_pkg:/root/catkin_ws/install/logging_rclpy_example:/root/catkin_ws/src/install/topic_service_action_rclpy_example:/root/catkin_ws/src/install/time_rclpy_example:/root/catkin_ws/src/install/tf2_rclpy_example:/root/catkin_ws/src/install/ros2env:/root/catkin_ws/src/install/omo_r1mini_teleop:/root/catkin_ws/src/install/omo_r1mini_bringup:/root/catkin_ws/src/install/my_first_ros_rclpy_pkg:/root/catkin_ws/src/install/logging_rclpy_example:/opt/ros/foxy /usr/bin/cmake --build /root/catkin_ws/build/omo_r1mini_navigation2 -- -j12 -l12
[1.161s] Invoking command in '/root/catkin_ws/build/omo_r1mini_navigation2': CMAKE_PREFIX_PATH=${CMAKE_PREFIX_PATH}:/root/catkin_ws/install/topic_service_action_rclpy_example:/root/catkin_ws/install/time_rclpy_example:/root/catkin_ws/install/tf2_rclpy_example:/root/catkin_ws/install/ros2env:/root/catkin_ws/install/omo_r1mini_teleop:/root/catkin_ws/install/omo_r1mini_bringup:/root/catkin_ws/install/my_first_ros_rclpy_pkg:/root/catkin_ws/install/logging_rclpy_example:/root/catkin_ws/src/install/topic_service_action_rclpy_example:/root/catkin_ws/src/install/time_rclpy_example:/root/catkin_ws/src/install/tf2_rclpy_example:/root/catkin_ws/src/install/ros2env:/root/catkin_ws/src/install/omo_r1mini_teleop:/root/catkin_ws/src/install/omo_r1mini_bringup:/root/catkin_ws/src/install/my_first_ros_rclpy_pkg:/root/catkin_ws/src/install/logging_rclpy_example:/opt/ros/foxy /usr/bin/cmake --install /root/catkin_ws/build/omo_r1mini_navigation2
[1.213s] -- Install configuration: ""
[1.213s] -- Execute custom install script
[1.213s] -- Up-to-date symlink: /root/catkin_ws/install/omo_r1mini_navigation2/share/omo_r1mini_navigation2/launch/navigation2.launch.py
[1.213s] -- Up-to-date symlink: /root/catkin_ws/install/omo_r1mini_navigation2/share/omo_r1mini_navigation2/launch/navigation2_rviz.launch.py
[1.213s] -- Up-to-date symlink: /root/catkin_ws/install/omo_r1mini_navigation2/share/omo_r1mini_navigation2/map/turtlebot3_world.pgm
[1.213s] -- Up-to-date symlink: /root/catkin_ws/install/omo_r1mini_navigation2/share/omo_r1mini_navigation2/map/turtlebot3_world.yaml
[1.215s] -- Up-to-date symlink: /root/catkin_ws/install/omo_r1mini_navigation2/share/omo_r1mini_navigation2/param/omo_r1mini.yaml
[1.216s] -- Up-to-date symlink: /root/catkin_ws/install/omo_r1mini_navigation2/share/omo_r1mini_navigation2/rviz/tb3_navigation2.rviz
[1.217s] -- Up-to-date symlink: /root/catkin_ws/install/omo_r1mini_navigation2/share/ament_index/resource_index/package_run_dependencies/omo_r1mini_navigation2
[1.220s] -- Up-to-date symlink: /root/catkin_ws/install/omo_r1mini_navigation2/share/ament_index/resource_index/parent_prefix_path/omo_r1mini_navigation2
[1.220s] -- Up-to-date symlink: /root/catkin_ws/install/omo_r1mini_navigation2/share/omo_r1mini_navigation2/environment/ament_prefix_path.sh
[1.220s] -- Up-to-date symlink: /root/catkin_ws/install/omo_r1mini_navigation2/share/omo_r1mini_navigation2/environment/ament_prefix_path.dsv
[1.221s] -- Up-to-date symlink: /root/catkin_ws/install/omo_r1mini_navigation2/share/omo_r1mini_navigation2/environment/path.sh
[1.221s] -- Up-to-date symlink: /root/catkin_ws/install/omo_r1mini_navigation2/share/omo_r1mini_navigation2/environment/path.dsv
[1.221s] -- Up-to-date symlink: /root/catkin_ws/install/omo_r1mini_navigation2/share/omo_r1mini_navigation2/local_setup.bash
[1.221s] -- Up-to-date symlink: /root/catkin_ws/install/omo_r1mini_navigation2/share/omo_r1mini_navigation2/local_setup.sh
[1.221s] -- Up-to-date symlink: /root/catkin_ws/install/omo_r1mini_navigation2/share/omo_r1mini_navigation2/local_setup.zsh
[1.221s] -- Up-to-date symlink: /root/catkin_ws/install/omo_r1mini_navigation2/share/omo_r1mini_navigation2/local_setup.dsv
[1.222s] -- Symlinking: /root/catkin_ws/install/omo_r1mini_navigation2/share/omo_r1mini_navigation2/package.dsv
[1.227s] -- Up-to-date symlink: /root/catkin_ws/install/omo_r1mini_navigation2/share/ament_index/resource_index/packages/omo_r1mini_navigation2
[1.253s] -- Up-to-date symlink: /root/catkin_ws/install/omo_r1mini_navigation2/share/omo_r1mini_navigation2/cmake/omo_r1mini_navigation2Config.cmake
[1.253s] -- Up-to-date symlink: /root/catkin_ws/install/omo_r1mini_navigation2/share/omo_r1mini_navigation2/cmake/omo_r1mini_navigation2Config-version.cmake
[1.253s] -- Up-to-date symlink: /root/catkin_ws/install/omo_r1mini_navigation2/share/omo_r1mini_navigation2/package.xml
[1.404s] Invoked command in '/root/catkin_ws/build/omo_r1mini_navigation2' returned '0': CMAKE_PREFIX_PATH=${CMAKE_PREFIX_PATH}:/root/catkin_ws/install/topic_service_action_rclpy_example:/root/catkin_ws/install/time_rclpy_example:/root/catkin_ws/install/tf2_rclpy_example:/root/catkin_ws/install/ros2env:/root/catkin_ws/install/omo_r1mini_teleop:/root/catkin_ws/install/omo_r1mini_bringup:/root/catkin_ws/install/my_first_ros_rclpy_pkg:/root/catkin_ws/install/logging_rclpy_example:/root/catkin_ws/src/install/topic_service_action_rclpy_example:/root/catkin_ws/src/install/time_rclpy_example:/root/catkin_ws/src/install/tf2_rclpy_example:/root/catkin_ws/src/install/ros2env:/root/catkin_ws/src/install/omo_r1mini_teleop:/root/catkin_ws/src/install/omo_r1mini_bringup:/root/catkin_ws/src/install/my_first_ros_rclpy_pkg:/root/catkin_ws/src/install/logging_rclpy_example:/opt/ros/foxy /usr/bin/cmake --install /root/catkin_ws/build/omo_r1mini_navigation2
