[0.142s] Invoking command in '/root/catkin_ws/build/unique_identifier_msgs': CMAKE_PREFIX_PATH=${CMAKE_PREFIX_PATH}:/root/catkin_ws/install/topic_service_action_rclpy_example:/root/catkin_ws/install/time_rclpy_example:/root/catkin_ws/install/tf2_rclpy_example:/root/catkin_ws/install/sensor_msgs_py:/root/catkin_ws/install/omo_r1mini_teleop:/root/catkin_ws/install/omo_r1mini_bringup:/root/catkin_ws/install/my_first_ros_rclpy_pkg:/root/catkin_ws/install/logging_rclpy_example:/root/catkin_ws/install/iahrs_driver:/root/catkin_ws/install/ros2env:/root/install/topic_service_action_rclpy_example:/root/install/time_rclpy_example:/root/install/tf2_rclpy_example:/root/install/ros2env:/root/install/omo_r1mini_teleop:/root/install/omo_r1mini_bringup:/root/install/my_first_ros_rclpy_pkg:/root/install/logging_rclpy_example:/opt/ros/foxy /usr/bin/cmake --build /root/catkin_ws/build/unique_identifier_msgs -- -j12 -l12
[0.272s] [  7%] Built target unique_identifier_msgs__rosidl_generator_c
[0.279s] [ 10%] Built target unique_identifier_msgs__cpp
[0.406s] [ 17%] Built target unique_identifier_msgs__rosidl_typesupport_c
[0.458s] [ 25%] Built target unique_identifier_msgs__rosidl_typesupport_microxrcedds_c
[0.465s] [ 33%] Built target unique_identifier_msgs__rosidl_typesupport_introspection_c
[0.500s] [ 41%] Built target unique_identifier_msgs__rosidl_typesupport_microxrcedds_cpp
[0.509s] [ 48%] Built target unique_identifier_msgs__rosidl_typesupport_fastrtps_cpp
[0.582s] [ 56%] Built target unique_identifier_msgs__rosidl_typesupport_cpp
[0.599s] [ 64%] Built target unique_identifier_msgs__rosidl_typesupport_introspection_cpp
[0.612s] [ 71%] Built target unique_identifier_msgs__rosidl_typesupport_fastrtps_c
[0.705s] [ 71%] Built target unique_identifier_msgs
[0.708s] [ 74%] Built target unique_identifier_msgs__py
[0.761s] [ 79%] Built target unique_identifier_msgs__python
[0.852s] [ 84%] Built target unique_identifier_msgs__rosidl_typesupport_introspection_c__pyext
[0.852s] [ 89%] Built target unique_identifier_msgs__rosidl_typesupport_microxrcedds_c__pyext
[0.853s] [ 94%] Built target unique_identifier_msgs__rosidl_typesupport_fastrtps_c__pyext
[0.857s] [100%] Built target unique_identifier_msgs__rosidl_typesupport_c__pyext
[0.978s] Invoked command in '/root/catkin_ws/build/unique_identifier_msgs' returned '0': CMAKE_PREFIX_PATH=${CMAKE_PREFIX_PATH}:/root/catkin_ws/install/topic_service_action_rclpy_example:/root/catkin_ws/install/time_rclpy_example:/root/catkin_ws/install/tf2_rclpy_example:/root/catkin_ws/install/sensor_msgs_py:/root/catkin_ws/install/omo_r1mini_teleop:/root/catkin_ws/install/omo_r1mini_bringup:/root/catkin_ws/install/my_first_ros_rclpy_pkg:/root/catkin_ws/install/logging_rclpy_example:/root/catkin_ws/install/iahrs_driver:/root/catkin_ws/install/ros2env:/root/install/topic_service_action_rclpy_example:/root/install/time_rclpy_example:/root/install/tf2_rclpy_example:/root/install/ros2env:/root/install/omo_r1mini_teleop:/root/install/omo_r1mini_bringup:/root/install/my_first_ros_rclpy_pkg:/root/install/logging_rclpy_example:/opt/ros/foxy /usr/bin/cmake --build /root/catkin_ws/build/unique_identifier_msgs -- -j12 -l12
[1.421s] Invoking command in '/root/catkin_ws/build/unique_identifier_msgs': CMAKE_PREFIX_PATH=${CMAKE_PREFIX_PATH}:/root/catkin_ws/install/topic_service_action_rclpy_example:/root/catkin_ws/install/time_rclpy_example:/root/catkin_ws/install/tf2_rclpy_example:/root/catkin_ws/install/sensor_msgs_py:/root/catkin_ws/install/omo_r1mini_teleop:/root/catkin_ws/install/omo_r1mini_bringup:/root/catkin_ws/install/my_first_ros_rclpy_pkg:/root/catkin_ws/install/logging_rclpy_example:/root/catkin_ws/install/iahrs_driver:/root/catkin_ws/install/ros2env:/root/install/topic_service_action_rclpy_example:/root/install/time_rclpy_example:/root/install/tf2_rclpy_example:/root/install/ros2env:/root/install/omo_r1mini_teleop:/root/install/omo_r1mini_bringup:/root/install/my_first_ros_rclpy_pkg:/root/install/logging_rclpy_example:/opt/ros/foxy /usr/bin/cmake --install /root/catkin_ws/build/unique_identifier_msgs
[1.472s] -- Install configuration: ""
[1.474s] -- Execute custom install script
[1.475s] -- Up-to-date symlink: /root/catkin_ws/install/unique_identifier_msgs/share/ament_index/resource_index/rosidl_interfaces/unique_identifier_msgs
[1.476s] -- Up-to-date symlink: /root/catkin_ws/install/unique_identifier_msgs/include/unique_identifier_msgs/msg/detail/uuid__functions.h
[1.477s] -- Up-to-date symlink: /root/catkin_ws/install/unique_identifier_msgs/include/unique_identifier_msgs/msg/detail/uuid__struct.h
[1.477s] -- Up-to-date symlink: /root/catkin_ws/install/unique_identifier_msgs/include/unique_identifier_msgs/msg/detail/uuid__type_support.h
[1.477s] -- Up-to-date symlink: /root/catkin_ws/install/unique_identifier_msgs/include/unique_identifier_msgs/msg/rosidl_generator_c__visibility_control.h
[1.478s] -- Up-to-date symlink: /root/catkin_ws/install/unique_identifier_msgs/include/unique_identifier_msgs/msg/uuid.h
[1.478s] -- Up-to-date symlink: /root/catkin_ws/install/unique_identifier_msgs/share/unique_identifier_msgs/environment/library_path.sh
[1.478s] -- Up-to-date symlink: /root/catkin_ws/install/unique_identifier_msgs/share/unique_identifier_msgs/environment/library_path.dsv
[1.481s] -- Up-to-date symlink: /root/catkin_ws/install/unique_identifier_msgs/include/unique_identifier_msgs/msg/detail/uuid__rosidl_typesupport_microxrcedds_c.h
[1.481s] -- Up-to-date symlink: /root/catkin_ws/install/unique_identifier_msgs/include/unique_identifier_msgs/msg/rosidl_typesupport_microxrcedds_c__visibility_control.h
[1.483s] -- Up-to-date symlink: /root/catkin_ws/install/unique_identifier_msgs/lib/libunique_identifier_msgs__rosidl_typesupport_microxrcedds_c.so
[1.485s] -- Up-to-date symlink: /root/catkin_ws/install/unique_identifier_msgs/include/unique_identifier_msgs/msg/detail/uuid__rosidl_typesupport_fastrtps_c.h
[1.486s] -- Up-to-date symlink: /root/catkin_ws/install/unique_identifier_msgs/include/unique_identifier_msgs/msg/rosidl_typesupport_fastrtps_c__visibility_control.h
[1.487s] -- Up-to-date symlink: /root/catkin_ws/install/unique_identifier_msgs/lib/libunique_identifier_msgs__rosidl_typesupport_fastrtps_c.so
[1.495s] -- Up-to-date symlink: /root/catkin_ws/install/unique_identifier_msgs/include/unique_identifier_msgs/msg/detail/uuid__rosidl_typesupport_fastrtps_cpp.hpp
[1.495s] -- Up-to-date symlink: /root/catkin_ws/install/unique_identifier_msgs/include/unique_identifier_msgs/msg/rosidl_typesupport_fastrtps_cpp__visibility_control.h
[1.496s] -- Up-to-date symlink: /root/catkin_ws/install/unique_identifier_msgs/lib/libunique_identifier_msgs__rosidl_typesupport_fastrtps_cpp.so
[1.496s] -- Up-to-date symlink: /root/catkin_ws/install/unique_identifier_msgs/include/unique_identifier_msgs/msg/detail/uuid__rosidl_typesupport_introspection_c.h
[1.496s] -- Up-to-date symlink: /root/catkin_ws/install/unique_identifier_msgs/include/unique_identifier_msgs/msg/rosidl_typesupport_introspection_c__visibility_control.h
[1.507s] -- Up-to-date symlink: /root/catkin_ws/install/unique_identifier_msgs/include/unique_identifier_msgs/msg/detail/uuid__builder.hpp
[1.507s] -- Up-to-date symlink: /root/catkin_ws/install/unique_identifier_msgs/include/unique_identifier_msgs/msg/detail/uuid__struct.hpp
[1.507s] -- Up-to-date symlink: /root/catkin_ws/install/unique_identifier_msgs/include/unique_identifier_msgs/msg/detail/uuid__traits.hpp
[1.508s] -- Up-to-date symlink: /root/catkin_ws/install/unique_identifier_msgs/include/unique_identifier_msgs/msg/uuid.hpp
[1.508s] -- Up-to-date symlink: /root/catkin_ws/install/unique_identifier_msgs/include/unique_identifier_msgs/msg/detail/microxrcedds/uuid__type_support_cpp.cpp
[1.508s] -- Up-to-date symlink: /root/catkin_ws/install/unique_identifier_msgs/include/unique_identifier_msgs/msg/detail/uuid__rosidl_typesupport_microxrcedds_cpp.hpp
[1.508s] -- Up-to-date symlink: /root/catkin_ws/install/unique_identifier_msgs/include/unique_identifier_msgs/msg/rosidl_typesupport_microxrcedds_cpp__visibility_control.h
[1.508s] -- Up-to-date symlink: /root/catkin_ws/install/unique_identifier_msgs/lib/libunique_identifier_msgs__rosidl_typesupport_microxrcedds_cpp.so
[1.509s] -- Up-to-date symlink: /root/catkin_ws/install/unique_identifier_msgs/include/unique_identifier_msgs/msg/detail/uuid__rosidl_typesupport_introspection_cpp.hpp
[1.509s] -- Up-to-date symlink: /root/catkin_ws/install/unique_identifier_msgs/share/unique_identifier_msgs/environment/pythonpath.sh
[1.510s] -- Up-to-date symlink: /root/catkin_ws/install/unique_identifier_msgs/share/unique_identifier_msgs/environment/pythonpath.dsv
[1.510s] -- Up-to-date symlink: /root/catkin_ws/install/unique_identifier_msgs/lib/python3.8/site-packages/unique_identifier_msgs/__init__.py
[1.512s] -- Up-to-date symlink: /root/catkin_ws/install/unique_identifier_msgs/lib/python3.8/site-packages/unique_identifier_msgs/msg/__init__.py
[1.513s] -- Up-to-date symlink: /root/catkin_ws/install/unique_identifier_msgs/lib/python3.8/site-packages/unique_identifier_msgs/msg/_uuid.py
[1.513s] -- Up-to-date symlink: /root/catkin_ws/install/unique_identifier_msgs/lib/python3.8/site-packages/unique_identifier_msgs/unique_identifier_msgs_s__rosidl_typesupport_microxrcedds_c.cpython-38-x86_64-linux-gnu.so
[1.514s] -- Up-to-date symlink: /root/catkin_ws/install/unique_identifier_msgs/lib/python3.8/site-packages/unique_identifier_msgs/unique_identifier_msgs_s__rosidl_typesupport_fastrtps_c.cpython-38-x86_64-linux-gnu.so
[1.515s] -- Up-to-date symlink: /root/catkin_ws/install/unique_identifier_msgs/lib/python3.8/site-packages/unique_identifier_msgs/unique_identifier_msgs_s__rosidl_typesupport_introspection_c.cpython-38-x86_64-linux-gnu.so
[1.517s] -- Up-to-date symlink: /root/catkin_ws/install/unique_identifier_msgs/lib/python3.8/site-packages/unique_identifier_msgs/unique_identifier_msgs_s__rosidl_typesupport_c.cpython-38-x86_64-linux-gnu.so
[1.517s] -- Up-to-date symlink: /root/catkin_ws/install/unique_identifier_msgs/lib/libunique_identifier_msgs__python.so
[1.518s] -- Up-to-date symlink: /root/catkin_ws/install/unique_identifier_msgs/share/unique_identifier_msgs/msg/UUID.idl
[1.518s] -- Up-to-date symlink: /root/catkin_ws/install/unique_identifier_msgs/share/unique_identifier_msgs/msg/UUID.msg
[1.519s] -- Up-to-date symlink: /root/catkin_ws/install/unique_identifier_msgs/share/ament_index/resource_index/package_run_dependencies/unique_identifier_msgs
[1.520s] -- Up-to-date symlink: /root/catkin_ws/install/unique_identifier_msgs/share/ament_index/resource_index/parent_prefix_path/unique_identifier_msgs
[1.520s] -- Up-to-date symlink: /root/catkin_ws/install/unique_identifier_msgs/share/unique_identifier_msgs/environment/ament_prefix_path.sh
[1.521s] -- Up-to-date symlink: /root/catkin_ws/install/unique_identifier_msgs/share/unique_identifier_msgs/environment/ament_prefix_path.dsv
[1.528s] -- Up-to-date symlink: /root/catkin_ws/install/unique_identifier_msgs/share/unique_identifier_msgs/environment/path.sh
[1.529s] -- Up-to-date symlink: /root/catkin_ws/install/unique_identifier_msgs/share/unique_identifier_msgs/environment/path.dsv
[1.530s] -- Up-to-date symlink: /root/catkin_ws/install/unique_identifier_msgs/share/unique_identifier_msgs/local_setup.bash
[1.532s] -- Up-to-date symlink: /root/catkin_ws/install/unique_identifier_msgs/share/unique_identifier_msgs/local_setup.sh
[1.535s] -- Up-to-date symlink: /root/catkin_ws/install/unique_identifier_msgs/share/unique_identifier_msgs/local_setup.zsh
[1.536s] -- Up-to-date symlink: /root/catkin_ws/install/unique_identifier_msgs/share/unique_identifier_msgs/local_setup.dsv
[1.537s] -- Symlinking: /root/catkin_ws/install/unique_identifier_msgs/share/unique_identifier_msgs/package.dsv
[1.553s] -- Up-to-date symlink: /root/catkin_ws/install/unique_identifier_msgs/share/ament_index/resource_index/packages/unique_identifier_msgs
[1.553s] -- Up-to-date symlink: /root/catkin_ws/install/unique_identifier_msgs/share/unique_identifier_msgs/cmake/rosidl_cmake-extras.cmake
[1.554s] -- Up-to-date symlink: /root/catkin_ws/install/unique_identifier_msgs/share/unique_identifier_msgs/cmake/ament_cmake_export_dependencies-extras.cmake
[1.554s] -- Up-to-date symlink: /root/catkin_ws/install/unique_identifier_msgs/share/unique_identifier_msgs/cmake/ament_cmake_export_libraries-extras.cmake
[1.554s] -- Up-to-date symlink: /root/catkin_ws/install/unique_identifier_msgs/share/unique_identifier_msgs/cmake/ament_cmake_export_targets-extras.cmake
[1.554s] -- Up-to-date symlink: /root/catkin_ws/install/unique_identifier_msgs/share/unique_identifier_msgs/cmake/ament_cmake_export_include_directories-extras.cmake
[1.554s] -- Up-to-date symlink: /root/catkin_ws/install/unique_identifier_msgs/share/unique_identifier_msgs/cmake/rosidl_cmake_export_typesupport_libraries-extras.cmake
[1.555s] -- Up-to-date symlink: /root/catkin_ws/install/unique_identifier_msgs/share/unique_identifier_msgs/cmake/rosidl_cmake_export_typesupport_targets-extras.cmake
[1.555s] -- Up-to-date symlink: /root/catkin_ws/install/unique_identifier_msgs/share/unique_identifier_msgs/cmake/unique_identifier_msgsConfig.cmake
[1.555s] -- Up-to-date symlink: /root/catkin_ws/install/unique_identifier_msgs/share/unique_identifier_msgs/cmake/unique_identifier_msgsConfig-version.cmake
[1.555s] -- Up-to-date symlink: /root/catkin_ws/install/unique_identifier_msgs/share/unique_identifier_msgs/package.xml
[1.555s] -- Up-to-date symlink: /root/catkin_ws/install/unique_identifier_msgs/share/unique_identifier_msgs/mapping_rules.yaml
[1.555s] -- Up-to-date: /root/catkin_ws/install/unique_identifier_msgs/lib/libunique_identifier_msgs__rosidl_generator_c.so
[1.555s] -- Up-to-date: /root/catkin_ws/install/unique_identifier_msgs/lib/libunique_identifier_msgs__rosidl_typesupport_introspection_c.so
[1.556s] -- Up-to-date: /root/catkin_ws/install/unique_identifier_msgs/lib/libunique_identifier_msgs__rosidl_typesupport_c.so
[1.556s] -- Up-to-date: /root/catkin_ws/install/unique_identifier_msgs/lib/libunique_identifier_msgs__rosidl_typesupport_introspection_cpp.so
[1.556s] -- Up-to-date: /root/catkin_ws/install/unique_identifier_msgs/lib/libunique_identifier_msgs__rosidl_typesupport_cpp.so
[1.708s] -- Up-to-date: /root/catkin_ws/install/unique_identifier_msgs/share/unique_identifier_msgs/cmake/unique_identifier_msgs__rosidl_generator_cExport.cmake
[1.709s] -- Up-to-date: /root/catkin_ws/install/unique_identifier_msgs/share/unique_identifier_msgs/cmake/unique_identifier_msgs__rosidl_generator_cExport-noconfig.cmake
[1.709s] -- Up-to-date: /root/catkin_ws/install/unique_identifier_msgs/share/unique_identifier_msgs/cmake/unique_identifier_msgs__rosidl_typesupport_introspection_cExport.cmake
[1.709s] -- Up-to-date: /root/catkin_ws/install/unique_identifier_msgs/share/unique_identifier_msgs/cmake/unique_identifier_msgs__rosidl_typesupport_introspection_cExport-noconfig.cmake
[1.709s] -- Up-to-date: /root/catkin_ws/install/unique_identifier_msgs/share/unique_identifier_msgs/cmake/unique_identifier_msgs__rosidl_typesupport_cExport.cmake
[1.709s] -- Up-to-date: /root/catkin_ws/install/unique_identifier_msgs/share/unique_identifier_msgs/cmake/unique_identifier_msgs__rosidl_typesupport_cExport-noconfig.cmake
[1.709s] -- Up-to-date: /root/catkin_ws/install/unique_identifier_msgs/share/unique_identifier_msgs/cmake/unique_identifier_msgs__rosidl_generator_cppExport.cmake
[1.710s] -- Up-to-date: /root/catkin_ws/install/unique_identifier_msgs/share/unique_identifier_msgs/cmake/unique_identifier_msgs__rosidl_typesupport_introspection_cppExport.cmake
[1.710s] -- Up-to-date: /root/catkin_ws/install/unique_identifier_msgs/share/unique_identifier_msgs/cmake/unique_identifier_msgs__rosidl_typesupport_introspection_cppExport-noconfig.cmake
[1.710s] -- Up-to-date: /root/catkin_ws/install/unique_identifier_msgs/share/unique_identifier_msgs/cmake/unique_identifier_msgs__rosidl_typesupport_cppExport.cmake
[1.710s] -- Up-to-date: /root/catkin_ws/install/unique_identifier_msgs/share/unique_identifier_msgs/cmake/unique_identifier_msgs__rosidl_typesupport_cppExport-noconfig.cmake
[1.762s] Invoked command in '/root/catkin_ws/build/unique_identifier_msgs' returned '0': CMAKE_PREFIX_PATH=${CMAKE_PREFIX_PATH}:/root/catkin_ws/install/topic_service_action_rclpy_example:/root/catkin_ws/install/time_rclpy_example:/root/catkin_ws/install/tf2_rclpy_example:/root/catkin_ws/install/sensor_msgs_py:/root/catkin_ws/install/omo_r1mini_teleop:/root/catkin_ws/install/omo_r1mini_bringup:/root/catkin_ws/install/my_first_ros_rclpy_pkg:/root/catkin_ws/install/logging_rclpy_example:/root/catkin_ws/install/iahrs_driver:/root/catkin_ws/install/ros2env:/root/install/topic_service_action_rclpy_example:/root/install/time_rclpy_example:/root/install/tf2_rclpy_example:/root/install/ros2env:/root/install/omo_r1mini_teleop:/root/install/omo_r1mini_bringup:/root/install/my_first_ros_rclpy_pkg:/root/install/logging_rclpy_example:/opt/ros/foxy /usr/bin/cmake --install /root/catkin_ws/build/unique_identifier_msgs
