[0.573s] Invoking command in '/root/catkin_ws/build/my_first_ros_rclcpp_pkg': CMAKE_PREFIX_PATH=${CMAKE_PREFIX_PATH}:/root/catkin_ws/install/topic_service_action_rclpy_example:/root/catkin_ws/install/time_rclpy_example:/root/catkin_ws/install/tf2_rclpy_example:/root/catkin_ws/install/ros2env:/root/catkin_ws/install/omo_r1mini_teleop:/root/catkin_ws/install/omo_r1mini_bringup:/root/catkin_ws/install/my_first_ros_rclpy_pkg:/root/catkin_ws/install/logging_rclpy_example:/root/catkin_ws/install/iahrs_driver:/root/install/topic_service_action_rclpy_example:/root/install/time_rclpy_example:/root/install/tf2_rclpy_example:/root/install/ros2env:/root/install/omo_r1mini_teleop:/root/install/omo_r1mini_bringup:/root/install/my_first_ros_rclpy_pkg:/root/install/logging_rclpy_example:/root/catkin_ws/src/install/topic_service_action_rclpy_example:/root/catkin_ws/src/install/time_rclpy_example:/root/catkin_ws/src/install/tf2_rclpy_example:/root/catkin_ws/src/install/ros2env:/root/catkin_ws/src/install/omo_r1mini_teleop:/root/catkin_ws/src/install/omo_r1mini_bringup:/root/catkin_ws/src/install/my_first_ros_rclpy_pkg:/root/catkin_ws/src/install/logging_rclpy_example:/opt/ros/foxy /usr/bin/cmake --build /root/catkin_ws/build/my_first_ros_rclcpp_pkg -- -j12 -l12
[0.991s] -- Found ament_cmake: 0.9.11 (/opt/ros/foxy/share/ament_cmake/cmake)
[1.129s] -- Using PYTHON_EXECUTABLE: /usr/bin/python3
[1.504s] -- Override CMake install command with custom implementation using symlinks instead of copying resources
[1.549s] -- Found rclcpp: 2.4.2 (/opt/ros/foxy/share/rclcpp/cmake)
[1.591s] -- Using all available rosidl_typesupport_c: rosidl_typesupport_fastrtps_c;rosidl_typesupport_introspection_c
[1.594s] -- Found rosidl_adapter: 1.3.0 (/opt/ros/foxy/share/rosidl_adapter/cmake)
[1.807s] -- Using all available rosidl_typesupport_cpp: rosidl_typesupport_fastrtps_cpp;rosidl_typesupport_introspection_cpp
[1.884s] -- Found rmw_implementation_cmake: 1.0.4 (/opt/ros/foxy/share/rmw_implementation_cmake/cmake)
[1.892s] -- Using RMW implementation 'rmw_fastrtps_cpp' as default
[2.081s] -- Found ament_lint_auto: 0.9.8 (/opt/ros/foxy/share/ament_lint_auto/cmake)
[2.236s] -- Added test 'copyright' to check source files copyright and LICENSE
[2.237s] -- Added test 'cppcheck' to perform static code analysis on C / C++ code
[2.237s] -- Configured cppcheck include dirs: 
[2.237s] -- Configured cppcheck exclude dirs and/or files: 
[2.237s] -- Added test 'cpplint' to check C / C++ code against the Google style
[2.237s] -- Configured cpplint exclude dirs and/or files: 
[2.238s] -- Added test 'lint_cmake' to check CMake code style
[2.238s] -- Added test 'uncrustify' to check C / C++ code style
[2.238s] -- Configured uncrustify additional arguments: 
[2.239s] -- Added test 'xmllint' to check XML markup files
[2.244s] -- Configuring done
[2.267s] -- Generating done
[2.270s] -- Build files have been written to: /root/catkin_ws/build/my_first_ros_rclcpp_pkg
[2.310s] [35m[1mScanning dependencies of target helloworld_subscriber[0m
[2.310s] [35m[1mScanning dependencies of target helloworld_publisher[0m
[2.360s] [ 25%] [32mBuilding CXX object CMakeFiles/helloworld_subscriber.dir/src/helloworld_subscriber.cpp.o[0m
[2.360s] [ 50%] [32mBuilding CXX object CMakeFiles/helloworld_publisher.dir/src/helloworld_publisher.cpp.o[0m
[7.083s] [ 75%] [32m[1mLinking CXX executable helloworld_publisher[0m
[7.423s] [ 75%] Built target helloworld_publisher
[8.286s] [100%] [32m[1mLinking CXX executable helloworld_subscriber[0m
[8.529s] [100%] Built target helloworld_subscriber
