[0.171s] Invoking command in '/root/catkin_ws/build/nav_msgs': AMENT_PREFIX_PATH=/root/catkin_ws/install/geometry_msgs:/root/catkin_ws/install/std_msgs:/root/catkin_ws/install/builtin_interfaces:${AMENT_PREFIX_PATH} CMAKE_PREFIX_PATH=/root/catkin_ws/install/geometry_msgs:/root/catkin_ws/install/std_msgs:/root/catkin_ws/install/builtin_interfaces:/root/catkin_ws/install/rosidl_typesupport_microxrcedds_cpp:/root/catkin_ws/install/rosidl_typesupport_microxrcedds_c:/root/catkin_ws/install/microcdr:/root/catkin_ws/install/ydlidar_sdk:/root/catkin_ws/install/ydlidar_ros2_driver:/root/catkin_ws/install/udp_driver:/root/catkin_ws/install/topic_service_action_rclcpp_example:/root/catkin_ws/install/time_rclcpp_example:/root/catkin_ws/install/tf2_rclcpp_example:/root/catkin_ws/install/testbot_description:/root/catkin_ws/install/serial_driver:/root/catkin_ws/install/rqt_example:/root/catkin_ws/install/omo_r1mini:/root/catkin_ws/install/omo_r1mini_navigation2:/root/catkin_ws/install/omo_r1mini_interfaces:/root/catkin_ws/install/omo_r1mini_gazebo:/root/catkin_ws/install/omo_r1mini_description:/root/catkin_ws/install/omo_r1mini_cartographer:/root/catkin_ws/install/my_first_ros_rclcpp_pkg:/root/catkin_ws/install/msg_srv_action_interface_example:/root/catkin_ws/install/micro_ros_setup:/root/catkin_ws/install/micro_ros_agent:/root/catkin_ws/install/micro_ros_msgs:/root/catkin_ws/install/io_context:/root/catkin_ws/install/iahrs_driver_interface:/root/catkin_ws/install/drive_base_msgs:/root/catkin_ws/install/asio_cmake_module:/root/install/ydlidar_sdk:/root/install/ydlidar_ros2_driver:/root/install/udp_driver:/root/install/topic_service_action_rclcpp_example:/root/install/time_rclcpp_example:/root/install/tf2_rclcpp_example:/root/install/testbot_description:/root/install/serial_driver:/root/install/rqt_example:/root/install/omo_r1mini:/root/install/omo_r1mini_navigation2:/root/install/omo_r1mini_interfaces:/root/install/omo_r1mini_gazebo:/root/install/omo_r1mini_description:/root/install/omo_r1mini_cartographer:/root/install/my_first_ros_rclcpp_pkg:/root/install/msg_srv_action_interface_example:/root/install/io_context:/root/install/asio_cmake_module:/root/catkin_ws/install/topic_service_action_rclpy_example:/root/catkin_ws/install/time_rclpy_example:/root/catkin_ws/install/tf2_rclpy_example:/root/catkin_ws/install/ros2env:/root/catkin_ws/install/omo_r1mini_teleop:/root/catkin_ws/install/omo_r1mini_bringup:/root/catkin_ws/install/my_first_ros_rclpy_pkg:/root/catkin_ws/install/logging_rclpy_example:/root/catkin_ws/install/iahrs_driver:/root/install/topic_service_action_rclpy_example:/root/install/time_rclpy_example:/root/install/tf2_rclpy_example:/root/install/ros2env:/root/install/omo_r1mini_teleop:/root/install/omo_r1mini_bringup:/root/install/my_first_ros_rclpy_pkg:/root/install/logging_rclpy_example:/opt/ros/foxy LD_LIBRARY_PATH=/root/catkin_ws/install/geometry_msgs/lib:/root/catkin_ws/install/std_msgs/lib:/root/catkin_ws/install/builtin_interfaces/lib:${LD_LIBRARY_PATH} PYTHONPATH=/root/catkin_ws/install/geometry_msgs/lib/python3.8/site-packages:/root/catkin_ws/install/std_msgs/lib/python3.8/site-packages:/root/catkin_ws/install/builtin_interfaces/lib/python3.8/site-packages:${PYTHONPATH} /usr/bin/cmake /root/catkin_ws/src/ros2/common_interfaces/nav_msgs -DBUILD_TESTING=OFF -DBUILD_SHARED_LIBS=ON -DCMAKE_INSTALL_PREFIX=/root/catkin_ws/install/nav_msgs
[0.977s] -- The C compiler identification is GNU 9.4.0
[0.977s] -- The CXX compiler identification is GNU 9.4.0
[0.978s] -- Check for working C compiler: /usr/bin/cc
[0.978s] -- Check for working C compiler: /usr/bin/cc -- works
[0.978s] -- Detecting C compiler ABI info
[0.978s] -- Detecting C compiler ABI info - done
[0.978s] -- Detecting C compile features
[0.978s] -- Detecting C compile features - done
[0.978s] -- Check for working CXX compiler: /usr/bin/c++
[0.978s] -- Check for working CXX compiler: /usr/bin/c++ -- works
[0.979s] -- Detecting CXX compiler ABI info
[0.979s] -- Detecting CXX compiler ABI info - done
[0.979s] -- Detecting CXX compile features
[0.979s] -- Detecting CXX compile features - done
[0.979s] -- Found ament_cmake: 0.9.11 (/opt/ros/foxy/share/ament_cmake/cmake)
[0.979s] -- Found PythonInterp: /usr/bin/python3 (found suitable version "3.8.10", minimum required is "3") 
[0.979s] -- Using PYTHON_EXECUTABLE: /usr/bin/python3
[1.522s] -- Found builtin_interfaces: 1.0.0 (/root/catkin_ws/install/builtin_interfaces/share/builtin_interfaces/cmake)
[1.668s] -- Using all available rosidl_typesupport_c: rosidl_typesupport_microxrcedds_c;rosidl_typesupport_fastrtps_c;rosidl_typesupport_introspection_c
[1.723s] -- Found rosidl_adapter: 1.3.0 (/opt/ros/foxy/share/rosidl_adapter/cmake)
[2.034s] -- Found OpenSSL: /usr/lib/x86_64-linux-gnu/libcrypto.so (found version "1.1.1f")  
[2.106s] -- Found FastRTPS: /opt/ros/foxy/include  
[2.350s] -- Using all available rosidl_typesupport_cpp: rosidl_typesupport_microxrcedds_cpp;rosidl_typesupport_fastrtps_cpp;rosidl_typesupport_introspection_cpp
[2.466s] -- Found geometry_msgs: 2.0.5 (/root/catkin_ws/install/geometry_msgs/share/geometry_msgs/cmake)
[2.594s] -- Found rosidl_default_generators: 1.0.1 (/opt/ros/foxy/share/rosidl_default_generators/cmake)
[2.746s] -- Found PythonInterp: /usr/bin/python3 (found version "3.8.10") 
[3.305s] -- Found ament_cmake_ros: 0.9.2 (/opt/ros/foxy/share/ament_cmake_ros/cmake)
[3.972s] -- Using all available rosidl_typesupport_c: rosidl_typesupport_microxrcedds_c;rosidl_typesupport_fastrtps_c;rosidl_typesupport_introspection_c
[4.282s] -- Using all available rosidl_typesupport_cpp: rosidl_typesupport_microxrcedds_cpp;rosidl_typesupport_fastrtps_cpp;rosidl_typesupport_introspection_cpp
[4.425s] -- Found PythonInterp: /usr/bin/python3 (found suitable version "3.8.10", minimum required is "3.5") 
[4.441s] -- Found python_cmake_module: 0.8.1 (/opt/ros/foxy/share/python_cmake_module/cmake)
[4.572s] -- Found PythonLibs: /usr/lib/x86_64-linux-gnu/libpython3.8.so (found suitable version "3.8.10", minimum required is "3.5") 
[4.573s] -- Using PYTHON_EXECUTABLE: /usr/bin/python3
[4.574s] -- Using PYTHON_INCLUDE_DIRS: /usr/include/python3.8
[4.574s] -- Using PYTHON_LIBRARIES: /usr/lib/x86_64-linux-gnu/libpython3.8.so
[4.691s] -- Found PythonExtra: .so  
[5.157s] -- Configuring done
[5.441s] -- Generating done
[5.516s] -- Build files have been written to: /root/catkin_ws/build/nav_msgs
[5.567s] Invoked command in '/root/catkin_ws/build/nav_msgs' returned '0': AMENT_PREFIX_PATH=/root/catkin_ws/install/geometry_msgs:/root/catkin_ws/install/std_msgs:/root/catkin_ws/install/builtin_interfaces:${AMENT_PREFIX_PATH} CMAKE_PREFIX_PATH=/root/catkin_ws/install/geometry_msgs:/root/catkin_ws/install/std_msgs:/root/catkin_ws/install/builtin_interfaces:/root/catkin_ws/install/rosidl_typesupport_microxrcedds_cpp:/root/catkin_ws/install/rosidl_typesupport_microxrcedds_c:/root/catkin_ws/install/microcdr:/root/catkin_ws/install/ydlidar_sdk:/root/catkin_ws/install/ydlidar_ros2_driver:/root/catkin_ws/install/udp_driver:/root/catkin_ws/install/topic_service_action_rclcpp_example:/root/catkin_ws/install/time_rclcpp_example:/root/catkin_ws/install/tf2_rclcpp_example:/root/catkin_ws/install/testbot_description:/root/catkin_ws/install/serial_driver:/root/catkin_ws/install/rqt_example:/root/catkin_ws/install/omo_r1mini:/root/catkin_ws/install/omo_r1mini_navigation2:/root/catkin_ws/install/omo_r1mini_interfaces:/root/catkin_ws/install/omo_r1mini_gazebo:/root/catkin_ws/install/omo_r1mini_description:/root/catkin_ws/install/omo_r1mini_cartographer:/root/catkin_ws/install/my_first_ros_rclcpp_pkg:/root/catkin_ws/install/msg_srv_action_interface_example:/root/catkin_ws/install/micro_ros_setup:/root/catkin_ws/install/micro_ros_agent:/root/catkin_ws/install/micro_ros_msgs:/root/catkin_ws/install/io_context:/root/catkin_ws/install/iahrs_driver_interface:/root/catkin_ws/install/drive_base_msgs:/root/catkin_ws/install/asio_cmake_module:/root/install/ydlidar_sdk:/root/install/ydlidar_ros2_driver:/root/install/udp_driver:/root/install/topic_service_action_rclcpp_example:/root/install/time_rclcpp_example:/root/install/tf2_rclcpp_example:/root/install/testbot_description:/root/install/serial_driver:/root/install/rqt_example:/root/install/omo_r1mini:/root/install/omo_r1mini_navigation2:/root/install/omo_r1mini_interfaces:/root/install/omo_r1mini_gazebo:/root/install/omo_r1mini_description:/root/install/omo_r1mini_cartographer:/root/install/my_first_ros_rclcpp_pkg:/root/install/msg_srv_action_interface_example:/root/install/io_context:/root/install/asio_cmake_module:/root/catkin_ws/install/topic_service_action_rclpy_example:/root/catkin_ws/install/time_rclpy_example:/root/catkin_ws/install/tf2_rclpy_example:/root/catkin_ws/install/ros2env:/root/catkin_ws/install/omo_r1mini_teleop:/root/catkin_ws/install/omo_r1mini_bringup:/root/catkin_ws/install/my_first_ros_rclpy_pkg:/root/catkin_ws/install/logging_rclpy_example:/root/catkin_ws/install/iahrs_driver:/root/install/topic_service_action_rclpy_example:/root/install/time_rclpy_example:/root/install/tf2_rclpy_example:/root/install/ros2env:/root/install/omo_r1mini_teleop:/root/install/omo_r1mini_bringup:/root/install/my_first_ros_rclpy_pkg:/root/install/logging_rclpy_example:/opt/ros/foxy LD_LIBRARY_PATH=/root/catkin_ws/install/geometry_msgs/lib:/root/catkin_ws/install/std_msgs/lib:/root/catkin_ws/install/builtin_interfaces/lib:${LD_LIBRARY_PATH} PYTHONPATH=/root/catkin_ws/install/geometry_msgs/lib/python3.8/site-packages:/root/catkin_ws/install/std_msgs/lib/python3.8/site-packages:/root/catkin_ws/install/builtin_interfaces/lib/python3.8/site-packages:${PYTHONPATH} /usr/bin/cmake /root/catkin_ws/src/ros2/common_interfaces/nav_msgs -DBUILD_TESTING=OFF -DBUILD_SHARED_LIBS=ON -DCMAKE_INSTALL_PREFIX=/root/catkin_ws/install/nav_msgs
[5.569s] Invoking command in '/root/catkin_ws/build/nav_msgs': AMENT_PREFIX_PATH=/root/catkin_ws/install/geometry_msgs:/root/catkin_ws/install/std_msgs:/root/catkin_ws/install/builtin_interfaces:${AMENT_PREFIX_PATH} CMAKE_PREFIX_PATH=/root/catkin_ws/install/geometry_msgs:/root/catkin_ws/install/std_msgs:/root/catkin_ws/install/builtin_interfaces:/root/catkin_ws/install/rosidl_typesupport_microxrcedds_cpp:/root/catkin_ws/install/rosidl_typesupport_microxrcedds_c:/root/catkin_ws/install/microcdr:/root/catkin_ws/install/ydlidar_sdk:/root/catkin_ws/install/ydlidar_ros2_driver:/root/catkin_ws/install/udp_driver:/root/catkin_ws/install/topic_service_action_rclcpp_example:/root/catkin_ws/install/time_rclcpp_example:/root/catkin_ws/install/tf2_rclcpp_example:/root/catkin_ws/install/testbot_description:/root/catkin_ws/install/serial_driver:/root/catkin_ws/install/rqt_example:/root/catkin_ws/install/omo_r1mini:/root/catkin_ws/install/omo_r1mini_navigation2:/root/catkin_ws/install/omo_r1mini_interfaces:/root/catkin_ws/install/omo_r1mini_gazebo:/root/catkin_ws/install/omo_r1mini_description:/root/catkin_ws/install/omo_r1mini_cartographer:/root/catkin_ws/install/my_first_ros_rclcpp_pkg:/root/catkin_ws/install/msg_srv_action_interface_example:/root/catkin_ws/install/micro_ros_setup:/root/catkin_ws/install/micro_ros_agent:/root/catkin_ws/install/micro_ros_msgs:/root/catkin_ws/install/io_context:/root/catkin_ws/install/iahrs_driver_interface:/root/catkin_ws/install/drive_base_msgs:/root/catkin_ws/install/asio_cmake_module:/root/install/ydlidar_sdk:/root/install/ydlidar_ros2_driver:/root/install/udp_driver:/root/install/topic_service_action_rclcpp_example:/root/install/time_rclcpp_example:/root/install/tf2_rclcpp_example:/root/install/testbot_description:/root/install/serial_driver:/root/install/rqt_example:/root/install/omo_r1mini:/root/install/omo_r1mini_navigation2:/root/install/omo_r1mini_interfaces:/root/install/omo_r1mini_gazebo:/root/install/omo_r1mini_description:/root/install/omo_r1mini_cartographer:/root/install/my_first_ros_rclcpp_pkg:/root/install/msg_srv_action_interface_example:/root/install/io_context:/root/install/asio_cmake_module:/root/catkin_ws/install/topic_service_action_rclpy_example:/root/catkin_ws/install/time_rclpy_example:/root/catkin_ws/install/tf2_rclpy_example:/root/catkin_ws/install/ros2env:/root/catkin_ws/install/omo_r1mini_teleop:/root/catkin_ws/install/omo_r1mini_bringup:/root/catkin_ws/install/my_first_ros_rclpy_pkg:/root/catkin_ws/install/logging_rclpy_example:/root/catkin_ws/install/iahrs_driver:/root/install/topic_service_action_rclpy_example:/root/install/time_rclpy_example:/root/install/tf2_rclpy_example:/root/install/ros2env:/root/install/omo_r1mini_teleop:/root/install/omo_r1mini_bringup:/root/install/my_first_ros_rclpy_pkg:/root/install/logging_rclpy_example:/opt/ros/foxy LD_LIBRARY_PATH=/root/catkin_ws/install/geometry_msgs/lib:/root/catkin_ws/install/std_msgs/lib:/root/catkin_ws/install/builtin_interfaces/lib:${LD_LIBRARY_PATH} PYTHONPATH=/root/catkin_ws/install/geometry_msgs/lib/python3.8/site-packages:/root/catkin_ws/install/std_msgs/lib/python3.8/site-packages:/root/catkin_ws/install/builtin_interfaces/lib/python3.8/site-packages:${PYTHONPATH} /usr/bin/cmake --build /root/catkin_ws/build/nav_msgs -- -j12 -l12
[5.841s] [35m[1mScanning dependencies of target nav_msgs__cpp[0m
[5.936s] [  0%] [34m[1mGenerating C++ code for ROS interfaces[0m
[9.553s] [  0%] Built target nav_msgs__cpp
[9.602s] [  1%] [34m[1mGenerating C code for ROS interfaces[0m
[12.851s] [35m[1mScanning dependencies of target nav_msgs__rosidl_generator_c[0m
[12.893s] [  1%] [32mBuilding C object CMakeFiles/nav_msgs__rosidl_generator_c.dir/rosidl_generator_c/nav_msgs/msg/detail/grid_cells__functions.c.o[0m
[12.993s] [  2%] [32mBuilding C object CMakeFiles/nav_msgs__rosidl_generator_c.dir/rosidl_generator_c/nav_msgs/srv/detail/set_map__functions.c.o[0m
[13.101s] [  3%] [32mBuilding C object CMakeFiles/nav_msgs__rosidl_generator_c.dir/rosidl_generator_c/nav_msgs/srv/detail/get_plan__functions.c.o[0m
[13.211s] [  4%] [32mBuilding C object CMakeFiles/nav_msgs__rosidl_generator_c.dir/rosidl_generator_c/nav_msgs/srv/detail/get_map__functions.c.o[0m
[13.310s] [  5%] [32mBuilding C object CMakeFiles/nav_msgs__rosidl_generator_c.dir/rosidl_generator_c/nav_msgs/msg/detail/path__functions.c.o[0m
[13.371s] [  6%] [32mBuilding C object CMakeFiles/nav_msgs__rosidl_generator_c.dir/rosidl_generator_c/nav_msgs/msg/detail/odometry__functions.c.o[0m
[13.434s] [  7%] [32mBuilding C object CMakeFiles/nav_msgs__rosidl_generator_c.dir/rosidl_generator_c/nav_msgs/msg/detail/occupancy_grid__functions.c.o[0m
[13.505s] [  8%] [32mBuilding C object CMakeFiles/nav_msgs__rosidl_generator_c.dir/rosidl_generator_c/nav_msgs/msg/detail/map_meta_data__functions.c.o[0m
[13.592s] [  9%] [32m[1mLinking C shared library libnav_msgs__rosidl_generator_c.so[0m
[13.659s] [  9%] Built target nav_msgs__rosidl_generator_c
[13.682s] [ 10%] [34m[1mGenerating C++ type support for eProsima Fast-RTPS[0m
[15.166s] [35m[1mScanning dependencies of target nav_msgs__rosidl_typesupport_fastrtps_cpp[0m
[15.220s] [ 11%] [32mBuilding CXX object CMakeFiles/nav_msgs__rosidl_typesupport_fastrtps_cpp.dir/rosidl_typesupport_fastrtps_cpp/nav_msgs/msg/detail/dds_fastrtps/grid_cells__type_support.cpp.o[0m
[15.982s] [ 12%] [32mBuilding CXX object CMakeFiles/nav_msgs__rosidl_typesupport_fastrtps_cpp.dir/rosidl_typesupport_fastrtps_cpp/nav_msgs/srv/detail/dds_fastrtps/get_map__type_support.cpp.o[0m
[16.525s] [ 13%] [32mBuilding CXX object CMakeFiles/nav_msgs__rosidl_typesupport_fastrtps_cpp.dir/rosidl_typesupport_fastrtps_cpp/nav_msgs/srv/detail/dds_fastrtps/get_plan__type_support.cpp.o[0m
[17.097s] [ 14%] [32mBuilding CXX object CMakeFiles/nav_msgs__rosidl_typesupport_fastrtps_cpp.dir/rosidl_typesupport_fastrtps_cpp/nav_msgs/srv/detail/dds_fastrtps/set_map__type_support.cpp.o[0m
[17.620s] [ 14%] [32mBuilding CXX object CMakeFiles/nav_msgs__rosidl_typesupport_fastrtps_cpp.dir/rosidl_typesupport_fastrtps_cpp/nav_msgs/msg/detail/dds_fastrtps/path__type_support.cpp.o[0m
[18.382s] [ 15%] [32mBuilding CXX object CMakeFiles/nav_msgs__rosidl_typesupport_fastrtps_cpp.dir/rosidl_typesupport_fastrtps_cpp/nav_msgs/msg/detail/dds_fastrtps/odometry__type_support.cpp.o[0m
[19.042s] [ 16%] [32mBuilding CXX object CMakeFiles/nav_msgs__rosidl_typesupport_fastrtps_cpp.dir/rosidl_typesupport_fastrtps_cpp/nav_msgs/msg/detail/dds_fastrtps/occupancy_grid__type_support.cpp.o[0m
[19.833s] [ 17%] [32mBuilding CXX object CMakeFiles/nav_msgs__rosidl_typesupport_fastrtps_cpp.dir/rosidl_typesupport_fastrtps_cpp/nav_msgs/msg/detail/dds_fastrtps/map_meta_data__type_support.cpp.o[0m
[20.304s] [ 18%] [32m[1mLinking CXX shared library libnav_msgs__rosidl_typesupport_fastrtps_cpp.so[0m
[20.488s] [ 18%] Built target nav_msgs__rosidl_typesupport_fastrtps_cpp
[20.511s] [ 19%] [34m[1mGenerating C type support dispatch for ROS interfaces[0m
[21.728s] [35m[1mScanning dependencies of target nav_msgs__rosidl_typesupport_c[0m
[21.759s] [ 20%] [32mBuilding CXX object CMakeFiles/nav_msgs__rosidl_typesupport_c.dir/rosidl_typesupport_c/nav_msgs/msg/grid_cells__type_support.cpp.o[0m
[21.811s] [ 21%] [32mBuilding CXX object CMakeFiles/nav_msgs__rosidl_typesupport_c.dir/rosidl_typesupport_c/nav_msgs/srv/get_map__type_support.cpp.o[0m
[21.870s] [ 22%] [32mBuilding CXX object CMakeFiles/nav_msgs__rosidl_typesupport_c.dir/rosidl_typesupport_c/nav_msgs/srv/get_plan__type_support.cpp.o[0m
[21.918s] [ 23%] [32mBuilding CXX object CMakeFiles/nav_msgs__rosidl_typesupport_c.dir/rosidl_typesupport_c/nav_msgs/srv/set_map__type_support.cpp.o[0m
[21.972s] [ 24%] [32mBuilding CXX object CMakeFiles/nav_msgs__rosidl_typesupport_c.dir/rosidl_typesupport_c/nav_msgs/msg/path__type_support.cpp.o[0m
[22.008s] [ 25%] [32mBuilding CXX object CMakeFiles/nav_msgs__rosidl_typesupport_c.dir/rosidl_typesupport_c/nav_msgs/msg/odometry__type_support.cpp.o[0m
[22.052s] [ 25%] [32mBuilding CXX object CMakeFiles/nav_msgs__rosidl_typesupport_c.dir/rosidl_typesupport_c/nav_msgs/msg/occupancy_grid__type_support.cpp.o[0m
[22.098s] [ 26%] [32mBuilding CXX object CMakeFiles/nav_msgs__rosidl_typesupport_c.dir/rosidl_typesupport_c/nav_msgs/msg/map_meta_data__type_support.cpp.o[0m
[22.136s] [ 27%] [32m[1mLinking CXX shared library libnav_msgs__rosidl_typesupport_c.so[0m
[22.212s] [ 27%] Built target nav_msgs__rosidl_typesupport_c
[22.230s] [ 28%] [34m[1mGenerating C type support for eProsima Fast-RTPS[0m
[23.470s] [35m[1mScanning dependencies of target nav_msgs__rosidl_typesupport_fastrtps_c[0m
[23.522s] [ 29%] [32mBuilding CXX object CMakeFiles/nav_msgs__rosidl_typesupport_fastrtps_c.dir/rosidl_typesupport_fastrtps_c/nav_msgs/msg/detail/grid_cells__type_support_c.cpp.o[0m
[24.094s] [ 30%] [32mBuilding CXX object CMakeFiles/nav_msgs__rosidl_typesupport_fastrtps_c.dir/rosidl_typesupport_fastrtps_c/nav_msgs/srv/detail/get_plan__type_support_c.cpp.o[0m
[24.709s] [ 31%] [32mBuilding CXX object CMakeFiles/nav_msgs__rosidl_typesupport_fastrtps_c.dir/rosidl_typesupport_fastrtps_c/nav_msgs/srv/detail/set_map__type_support_c.cpp.o[0m
[25.221s] [ 32%] [32mBuilding CXX object CMakeFiles/nav_msgs__rosidl_typesupport_fastrtps_c.dir/rosidl_typesupport_fastrtps_c/nav_msgs/srv/detail/get_map__type_support_c.cpp.o[0m
[25.699s] [ 32%] [32mBuilding CXX object CMakeFiles/nav_msgs__rosidl_typesupport_fastrtps_c.dir/rosidl_typesupport_fastrtps_c/nav_msgs/msg/detail/path__type_support_c.cpp.o[0m
[26.268s] [ 33%] [32mBuilding CXX object CMakeFiles/nav_msgs__rosidl_typesupport_fastrtps_c.dir/rosidl_typesupport_fastrtps_c/nav_msgs/msg/detail/odometry__type_support_c.cpp.o[0m
[26.881s] [ 34%] [32mBuilding CXX object CMakeFiles/nav_msgs__rosidl_typesupport_fastrtps_c.dir/rosidl_typesupport_fastrtps_c/nav_msgs/msg/detail/occupancy_grid__type_support_c.cpp.o[0m
[27.311s] [ 35%] [32mBuilding CXX object CMakeFiles/nav_msgs__rosidl_typesupport_fastrtps_c.dir/rosidl_typesupport_fastrtps_c/nav_msgs/msg/detail/map_meta_data__type_support_c.cpp.o[0m
[27.799s] [ 36%] [32m[1mLinking CXX shared library libnav_msgs__rosidl_typesupport_fastrtps_c.so[0m
[27.909s] [ 36%] Built target nav_msgs__rosidl_typesupport_fastrtps_c
[27.923s] [ 37%] [34m[1mGenerating C introspection for ROS interfaces[0m
[29.170s] [35m[1mScanning dependencies of target nav_msgs__rosidl_typesupport_introspection_c[0m
[29.215s] [ 38%] [32mBuilding C object CMakeFiles/nav_msgs__rosidl_typesupport_introspection_c.dir/rosidl_typesupport_introspection_c/nav_msgs/msg/detail/grid_cells__type_support.c.o[0m
[29.284s] [ 39%] [32mBuilding C object CMakeFiles/nav_msgs__rosidl_typesupport_introspection_c.dir/rosidl_typesupport_introspection_c/nav_msgs/srv/detail/set_map__type_support.c.o[0m
[29.354s] [ 39%] [32mBuilding C object CMakeFiles/nav_msgs__rosidl_typesupport_introspection_c.dir/rosidl_typesupport_introspection_c/nav_msgs/srv/detail/get_plan__type_support.c.o[0m
[29.406s] [ 40%] [32mBuilding C object CMakeFiles/nav_msgs__rosidl_typesupport_introspection_c.dir/rosidl_typesupport_introspection_c/nav_msgs/srv/detail/get_map__type_support.c.o[0m
[29.448s] [ 41%] [32mBuilding C object CMakeFiles/nav_msgs__rosidl_typesupport_introspection_c.dir/rosidl_typesupport_introspection_c/nav_msgs/msg/detail/path__type_support.c.o[0m
[29.492s] [ 42%] [32mBuilding C object CMakeFiles/nav_msgs__rosidl_typesupport_introspection_c.dir/rosidl_typesupport_introspection_c/nav_msgs/msg/detail/odometry__type_support.c.o[0m
[29.544s] [ 43%] [32mBuilding C object CMakeFiles/nav_msgs__rosidl_typesupport_introspection_c.dir/rosidl_typesupport_introspection_c/nav_msgs/msg/detail/occupancy_grid__type_support.c.o[0m
[29.588s] [ 44%] [32mBuilding C object CMakeFiles/nav_msgs__rosidl_typesupport_introspection_c.dir/rosidl_typesupport_introspection_c/nav_msgs/msg/detail/map_meta_data__type_support.c.o[0m
[29.645s] [ 45%] [32m[1mLinking C shared library libnav_msgs__rosidl_typesupport_introspection_c.so[0m
[29.708s] [ 45%] Built target nav_msgs__rosidl_typesupport_introspection_c
[29.728s] [ 46%] [34m[1mGenerating C type support for eProsima Micro XRCE-DDS[0m
[30.948s] [35m[1mScanning dependencies of target nav_msgs__rosidl_typesupport_microxrcedds_c[0m
[30.988s] [ 47%] [32mBuilding C object CMakeFiles/nav_msgs__rosidl_typesupport_microxrcedds_c.dir/rosidl_typesupport_microxrcedds_c/nav_msgs/msg/detail/microxrcedds/grid_cells__type_support_c.c.o[0m
[31.061s] [ 48%] [32mBuilding C object CMakeFiles/nav_msgs__rosidl_typesupport_microxrcedds_c.dir/rosidl_typesupport_microxrcedds_c/nav_msgs/srv/detail/microxrcedds/set_map__type_support_c.c.o[0m
[31.124s] [ 49%] [32mBuilding C object CMakeFiles/nav_msgs__rosidl_typesupport_microxrcedds_c.dir/rosidl_typesupport_microxrcedds_c/nav_msgs/srv/detail/microxrcedds/get_plan__type_support_c.c.o[0m
[31.191s] [ 50%] [32mBuilding C object CMakeFiles/nav_msgs__rosidl_typesupport_microxrcedds_c.dir/rosidl_typesupport_microxrcedds_c/nav_msgs/srv/detail/microxrcedds/get_map__type_support_c.c.o[0m
[31.271s] [ 51%] [32mBuilding C object CMakeFiles/nav_msgs__rosidl_typesupport_microxrcedds_c.dir/rosidl_typesupport_microxrcedds_c/nav_msgs/msg/detail/microxrcedds/path__type_support_c.c.o[0m
[31.349s] [ 52%] [32mBuilding C object CMakeFiles/nav_msgs__rosidl_typesupport_microxrcedds_c.dir/rosidl_typesupport_microxrcedds_c/nav_msgs/msg/detail/microxrcedds/odometry__type_support_c.c.o[0m
[31.427s] [ 53%] [32mBuilding C object CMakeFiles/nav_msgs__rosidl_typesupport_microxrcedds_c.dir/rosidl_typesupport_microxrcedds_c/nav_msgs/msg/detail/microxrcedds/occupancy_grid__type_support_c.c.o[0m
[31.506s] [ 54%] [32mBuilding C object CMakeFiles/nav_msgs__rosidl_typesupport_microxrcedds_c.dir/rosidl_typesupport_microxrcedds_c/nav_msgs/msg/detail/microxrcedds/map_meta_data__type_support_c.c.o[0m
[31.569s] [ 54%] [32m[1mLinking C shared library libnav_msgs__rosidl_typesupport_microxrcedds_c.so[0m
[31.645s] [ 54%] Built target nav_msgs__rosidl_typesupport_microxrcedds_c
[31.665s] [ 55%] [34m[1mGenerating C++ type support dispatch for ROS interfaces[0m
[32.675s] [35m[1mScanning dependencies of target nav_msgs__rosidl_typesupport_cpp[0m
[32.704s] [ 56%] [32mBuilding CXX object CMakeFiles/nav_msgs__rosidl_typesupport_cpp.dir/rosidl_typesupport_cpp/nav_msgs/msg/grid_cells__type_support.cpp.o[0m
[33.182s] [ 57%] [32mBuilding CXX object CMakeFiles/nav_msgs__rosidl_typesupport_cpp.dir/rosidl_typesupport_cpp/nav_msgs/srv/set_map__type_support.cpp.o[0m
[33.622s] [ 58%] [32mBuilding CXX object CMakeFiles/nav_msgs__rosidl_typesupport_cpp.dir/rosidl_typesupport_cpp/nav_msgs/srv/get_plan__type_support.cpp.o[0m
[34.105s] [ 59%] [32mBuilding CXX object CMakeFiles/nav_msgs__rosidl_typesupport_cpp.dir/rosidl_typesupport_cpp/nav_msgs/srv/get_map__type_support.cpp.o[0m
[34.590s] [ 60%] [32mBuilding CXX object CMakeFiles/nav_msgs__rosidl_typesupport_cpp.dir/rosidl_typesupport_cpp/nav_msgs/msg/path__type_support.cpp.o[0m
[34.980s] [ 61%] [32mBuilding CXX object CMakeFiles/nav_msgs__rosidl_typesupport_cpp.dir/rosidl_typesupport_cpp/nav_msgs/msg/odometry__type_support.cpp.o[0m
[35.345s] [ 61%] [32mBuilding CXX object CMakeFiles/nav_msgs__rosidl_typesupport_cpp.dir/rosidl_typesupport_cpp/nav_msgs/msg/occupancy_grid__type_support.cpp.o[0m
[35.811s] [ 62%] [32mBuilding CXX object CMakeFiles/nav_msgs__rosidl_typesupport_cpp.dir/rosidl_typesupport_cpp/nav_msgs/msg/map_meta_data__type_support.cpp.o[0m
[36.279s] [ 63%] [32m[1mLinking CXX shared library libnav_msgs__rosidl_typesupport_cpp.so[0m
[36.353s] [ 63%] Built target nav_msgs__rosidl_typesupport_cpp
[36.371s] [ 64%] [34m[1mGenerating C++ type support for eProsima Micro XRCE-DDS[0m
[38.225s] [35m[1mScanning dependencies of target nav_msgs__rosidl_typesupport_microxrcedds_cpp[0m
[38.262s] [ 65%] [32mBuilding CXX object CMakeFiles/nav_msgs__rosidl_typesupport_microxrcedds_cpp.dir/rosidl_typesupport_microxrcedds_cpp/nav_msgs/msg/detail/microxrcedds/grid_cells__type_support_cpp.cpp.o[0m
[38.819s] [ 66%] [32mBuilding CXX object CMakeFiles/nav_msgs__rosidl_typesupport_microxrcedds_cpp.dir/rosidl_typesupport_microxrcedds_cpp/nav_msgs/srv/detail/microxrcedds/set_map__type_support_cpp.cpp.o[0m
[39.252s] [ 67%] [32mBuilding CXX object CMakeFiles/nav_msgs__rosidl_typesupport_microxrcedds_cpp.dir/rosidl_typesupport_microxrcedds_cpp/nav_msgs/srv/detail/microxrcedds/get_plan__type_support_cpp.cpp.o[0m
[39.581s] [ 68%] [32mBuilding CXX object CMakeFiles/nav_msgs__rosidl_typesupport_microxrcedds_cpp.dir/rosidl_typesupport_microxrcedds_cpp/nav_msgs/srv/detail/microxrcedds/get_map__type_support_cpp.cpp.o[0m
[39.936s] [ 69%] [32mBuilding CXX object CMakeFiles/nav_msgs__rosidl_typesupport_microxrcedds_cpp.dir/rosidl_typesupport_microxrcedds_cpp/nav_msgs/msg/detail/microxrcedds/path__type_support_cpp.cpp.o[0m
[40.312s] [ 70%] [32mBuilding CXX object CMakeFiles/nav_msgs__rosidl_typesupport_microxrcedds_cpp.dir/rosidl_typesupport_microxrcedds_cpp/nav_msgs/msg/detail/microxrcedds/odometry__type_support_cpp.cpp.o[0m
[40.757s] [ 71%] [32mBuilding CXX object CMakeFiles/nav_msgs__rosidl_typesupport_microxrcedds_cpp.dir/rosidl_typesupport_microxrcedds_cpp/nav_msgs/msg/detail/microxrcedds/occupancy_grid__type_support_cpp.cpp.o[0m
[41.226s] [ 72%] [32mBuilding CXX object CMakeFiles/nav_msgs__rosidl_typesupport_microxrcedds_cpp.dir/rosidl_typesupport_microxrcedds_cpp/nav_msgs/msg/detail/microxrcedds/map_meta_data__type_support_cpp.cpp.o[0m
[41.523s] [ 73%] [32m[1mLinking CXX shared library libnav_msgs__rosidl_typesupport_microxrcedds_cpp.so[0m
[41.616s] [ 73%] Built target nav_msgs__rosidl_typesupport_microxrcedds_cpp
[41.628s] [ 74%] [34m[1mGenerating C++ introspection for ROS interfaces[0m
[42.546s] [35m[1mScanning dependencies of target nav_msgs__rosidl_typesupport_introspection_cpp[0m
[42.569s] [ 75%] [32mBuilding CXX object CMakeFiles/nav_msgs__rosidl_typesupport_introspection_cpp.dir/rosidl_typesupport_introspection_cpp/nav_msgs/msg/detail/grid_cells__type_support.cpp.o[0m
[42.913s] [ 76%] [32mBuilding CXX object CMakeFiles/nav_msgs__rosidl_typesupport_introspection_cpp.dir/rosidl_typesupport_introspection_cpp/nav_msgs/srv/detail/set_map__type_support.cpp.o[0m
[43.241s] [ 76%] [32mBuilding CXX object CMakeFiles/nav_msgs__rosidl_typesupport_introspection_cpp.dir/rosidl_typesupport_introspection_cpp/nav_msgs/srv/detail/get_plan__type_support.cpp.o[0m
[43.566s] [ 77%] [32mBuilding CXX object CMakeFiles/nav_msgs__rosidl_typesupport_introspection_cpp.dir/rosidl_typesupport_introspection_cpp/nav_msgs/srv/detail/get_map__type_support.cpp.o[0m
[43.886s] [ 78%] [32mBuilding CXX object CMakeFiles/nav_msgs__rosidl_typesupport_introspection_cpp.dir/rosidl_typesupport_introspection_cpp/nav_msgs/msg/detail/path__type_support.cpp.o[0m
[44.274s] [ 79%] [32mBuilding CXX object CMakeFiles/nav_msgs__rosidl_typesupport_introspection_cpp.dir/rosidl_typesupport_introspection_cpp/nav_msgs/msg/detail/odometry__type_support.cpp.o[0m
[44.583s] [ 80%] [32mBuilding CXX object CMakeFiles/nav_msgs__rosidl_typesupport_introspection_cpp.dir/rosidl_typesupport_introspection_cpp/nav_msgs/msg/detail/occupancy_grid__type_support.cpp.o[0m
[44.927s] [ 81%] [32mBuilding CXX object CMakeFiles/nav_msgs__rosidl_typesupport_introspection_cpp.dir/rosidl_typesupport_introspection_cpp/nav_msgs/msg/detail/map_meta_data__type_support.cpp.o[0m
[45.215s] [ 82%] [32m[1mLinking CXX shared library libnav_msgs__rosidl_typesupport_introspection_cpp.so[0m
[45.305s] [ 82%] Built target nav_msgs__rosidl_typesupport_introspection_cpp
[45.317s] [35m[1mScanning dependencies of target nav_msgs[0m
[45.330s] [ 82%] Built target nav_msgs
[45.343s] [35m[1mScanning dependencies of target nav_msgs__py[0m
[45.356s] [ 83%] [34m[1mGenerating Python code for ROS interfaces[0m
[47.536s] [ 83%] Built target nav_msgs__py
[47.549s] [35m[1mScanning dependencies of target nav_msgs__python[0m
[47.594s] [ 84%] [32mBuilding C object CMakeFiles/nav_msgs__python.dir/rosidl_generator_py/nav_msgs/msg/_grid_cells_s.c.o[0m
[47.693s] [ 85%] [32mBuilding C object CMakeFiles/nav_msgs__python.dir/rosidl_generator_py/nav_msgs/srv/_set_map_s.c.o[0m
[47.790s] [ 86%] [32mBuilding C object CMakeFiles/nav_msgs__python.dir/rosidl_generator_py/nav_msgs/srv/_get_plan_s.c.o[0m
[47.888s] [ 87%] [32mBuilding C object CMakeFiles/nav_msgs__python.dir/rosidl_generator_py/nav_msgs/srv/_get_map_s.c.o[0m
[47.984s] [ 88%] [32mBuilding C object CMakeFiles/nav_msgs__python.dir/rosidl_generator_py/nav_msgs/msg/_path_s.c.o[0m
[48.079s] [ 89%] [32mBuilding C object CMakeFiles/nav_msgs__python.dir/rosidl_generator_py/nav_msgs/msg/_odometry_s.c.o[0m
[48.207s] [ 90%] [32mBuilding C object CMakeFiles/nav_msgs__python.dir/rosidl_generator_py/nav_msgs/msg/_occupancy_grid_s.c.o[0m
[48.309s] [ 91%] [32mBuilding C object CMakeFiles/nav_msgs__python.dir/rosidl_generator_py/nav_msgs/msg/_map_meta_data_s.c.o[0m
[48.428s] [ 92%] [32m[1mLinking C shared library rosidl_generator_py/nav_msgs/libnav_msgs__python.so[0m
[48.481s] [ 92%] Built target nav_msgs__python
[48.493s] [35m[1mScanning dependencies of target nav_msgs__rosidl_typesupport_c__pyext[0m
[48.516s] [ 93%] [32mBuilding C object CMakeFiles/nav_msgs__rosidl_typesupport_c__pyext.dir/rosidl_generator_py/nav_msgs/_nav_msgs_s.ep.rosidl_typesupport_c.c.o[0m
[48.638s] [ 94%] [32m[1mLinking C shared library rosidl_generator_py/nav_msgs/nav_msgs_s__rosidl_typesupport_c.cpython-38-x86_64-linux-gnu.so[0m
[48.682s] [ 94%] Built target nav_msgs__rosidl_typesupport_c__pyext
[48.694s] [35m[1mScanning dependencies of target nav_msgs__rosidl_typesupport_introspection_c__pyext[0m
[48.719s] [ 95%] [32mBuilding C object CMakeFiles/nav_msgs__rosidl_typesupport_introspection_c__pyext.dir/rosidl_generator_py/nav_msgs/_nav_msgs_s.ep.rosidl_typesupport_introspection_c.c.o[0m
[48.832s] [ 96%] [32m[1mLinking C shared library rosidl_generator_py/nav_msgs/nav_msgs_s__rosidl_typesupport_introspection_c.cpython-38-x86_64-linux-gnu.so[0m
[48.878s] [ 96%] Built target nav_msgs__rosidl_typesupport_introspection_c__pyext
[48.890s] [35m[1mScanning dependencies of target nav_msgs__rosidl_typesupport_microxrcedds_c__pyext[0m
[48.918s] [ 97%] [32mBuilding C object CMakeFiles/nav_msgs__rosidl_typesupport_microxrcedds_c__pyext.dir/rosidl_generator_py/nav_msgs/_nav_msgs_s.ep.rosidl_typesupport_microxrcedds_c.c.o[0m
[49.033s] [ 98%] [32m[1mLinking C shared library rosidl_generator_py/nav_msgs/nav_msgs_s__rosidl_typesupport_microxrcedds_c.cpython-38-x86_64-linux-gnu.so[0m
[49.079s] [ 98%] Built target nav_msgs__rosidl_typesupport_microxrcedds_c__pyext
[49.091s] [35m[1mScanning dependencies of target nav_msgs__rosidl_typesupport_fastrtps_c__pyext[0m
[49.122s] [ 99%] [32mBuilding C object CMakeFiles/nav_msgs__rosidl_typesupport_fastrtps_c__pyext.dir/rosidl_generator_py/nav_msgs/_nav_msgs_s.ep.rosidl_typesupport_fastrtps_c.c.o[0m
[49.242s] [100%] [32m[1mLinking CXX shared library rosidl_generator_py/nav_msgs/nav_msgs_s__rosidl_typesupport_fastrtps_c.cpython-38-x86_64-linux-gnu.so[0m
[49.318s] [100%] Built target nav_msgs__rosidl_typesupport_fastrtps_c__pyext
[49.332s] Invoked command in '/root/catkin_ws/build/nav_msgs' returned '0': AMENT_PREFIX_PATH=/root/catkin_ws/install/geometry_msgs:/root/catkin_ws/install/std_msgs:/root/catkin_ws/install/builtin_interfaces:${AMENT_PREFIX_PATH} CMAKE_PREFIX_PATH=/root/catkin_ws/install/geometry_msgs:/root/catkin_ws/install/std_msgs:/root/catkin_ws/install/builtin_interfaces:/root/catkin_ws/install/rosidl_typesupport_microxrcedds_cpp:/root/catkin_ws/install/rosidl_typesupport_microxrcedds_c:/root/catkin_ws/install/microcdr:/root/catkin_ws/install/ydlidar_sdk:/root/catkin_ws/install/ydlidar_ros2_driver:/root/catkin_ws/install/udp_driver:/root/catkin_ws/install/topic_service_action_rclcpp_example:/root/catkin_ws/install/time_rclcpp_example:/root/catkin_ws/install/tf2_rclcpp_example:/root/catkin_ws/install/testbot_description:/root/catkin_ws/install/serial_driver:/root/catkin_ws/install/rqt_example:/root/catkin_ws/install/omo_r1mini:/root/catkin_ws/install/omo_r1mini_navigation2:/root/catkin_ws/install/omo_r1mini_interfaces:/root/catkin_ws/install/omo_r1mini_gazebo:/root/catkin_ws/install/omo_r1mini_description:/root/catkin_ws/install/omo_r1mini_cartographer:/root/catkin_ws/install/my_first_ros_rclcpp_pkg:/root/catkin_ws/install/msg_srv_action_interface_example:/root/catkin_ws/install/micro_ros_setup:/root/catkin_ws/install/micro_ros_agent:/root/catkin_ws/install/micro_ros_msgs:/root/catkin_ws/install/io_context:/root/catkin_ws/install/iahrs_driver_interface:/root/catkin_ws/install/drive_base_msgs:/root/catkin_ws/install/asio_cmake_module:/root/install/ydlidar_sdk:/root/install/ydlidar_ros2_driver:/root/install/udp_driver:/root/install/topic_service_action_rclcpp_example:/root/install/time_rclcpp_example:/root/install/tf2_rclcpp_example:/root/install/testbot_description:/root/install/serial_driver:/root/install/rqt_example:/root/install/omo_r1mini:/root/install/omo_r1mini_navigation2:/root/install/omo_r1mini_interfaces:/root/install/omo_r1mini_gazebo:/root/install/omo_r1mini_description:/root/install/omo_r1mini_cartographer:/root/install/my_first_ros_rclcpp_pkg:/root/install/msg_srv_action_interface_example:/root/install/io_context:/root/install/asio_cmake_module:/root/catkin_ws/install/topic_service_action_rclpy_example:/root/catkin_ws/install/time_rclpy_example:/root/catkin_ws/install/tf2_rclpy_example:/root/catkin_ws/install/ros2env:/root/catkin_ws/install/omo_r1mini_teleop:/root/catkin_ws/install/omo_r1mini_bringup:/root/catkin_ws/install/my_first_ros_rclpy_pkg:/root/catkin_ws/install/logging_rclpy_example:/root/catkin_ws/install/iahrs_driver:/root/install/topic_service_action_rclpy_example:/root/install/time_rclpy_example:/root/install/tf2_rclpy_example:/root/install/ros2env:/root/install/omo_r1mini_teleop:/root/install/omo_r1mini_bringup:/root/install/my_first_ros_rclpy_pkg:/root/install/logging_rclpy_example:/opt/ros/foxy LD_LIBRARY_PATH=/root/catkin_ws/install/geometry_msgs/lib:/root/catkin_ws/install/std_msgs/lib:/root/catkin_ws/install/builtin_interfaces/lib:${LD_LIBRARY_PATH} PYTHONPATH=/root/catkin_ws/install/geometry_msgs/lib/python3.8/site-packages:/root/catkin_ws/install/std_msgs/lib/python3.8/site-packages:/root/catkin_ws/install/builtin_interfaces/lib/python3.8/site-packages:${PYTHONPATH} /usr/bin/cmake --build /root/catkin_ws/build/nav_msgs -- -j12 -l12
[49.544s] Invoking command in '/root/catkin_ws/build/nav_msgs': AMENT_PREFIX_PATH=/root/catkin_ws/install/geometry_msgs:/root/catkin_ws/install/std_msgs:/root/catkin_ws/install/builtin_interfaces:${AMENT_PREFIX_PATH} CMAKE_PREFIX_PATH=/root/catkin_ws/install/geometry_msgs:/root/catkin_ws/install/std_msgs:/root/catkin_ws/install/builtin_interfaces:/root/catkin_ws/install/rosidl_typesupport_microxrcedds_cpp:/root/catkin_ws/install/rosidl_typesupport_microxrcedds_c:/root/catkin_ws/install/microcdr:/root/catkin_ws/install/ydlidar_sdk:/root/catkin_ws/install/ydlidar_ros2_driver:/root/catkin_ws/install/udp_driver:/root/catkin_ws/install/topic_service_action_rclcpp_example:/root/catkin_ws/install/time_rclcpp_example:/root/catkin_ws/install/tf2_rclcpp_example:/root/catkin_ws/install/testbot_description:/root/catkin_ws/install/serial_driver:/root/catkin_ws/install/rqt_example:/root/catkin_ws/install/omo_r1mini:/root/catkin_ws/install/omo_r1mini_navigation2:/root/catkin_ws/install/omo_r1mini_interfaces:/root/catkin_ws/install/omo_r1mini_gazebo:/root/catkin_ws/install/omo_r1mini_description:/root/catkin_ws/install/omo_r1mini_cartographer:/root/catkin_ws/install/my_first_ros_rclcpp_pkg:/root/catkin_ws/install/msg_srv_action_interface_example:/root/catkin_ws/install/micro_ros_setup:/root/catkin_ws/install/micro_ros_agent:/root/catkin_ws/install/micro_ros_msgs:/root/catkin_ws/install/io_context:/root/catkin_ws/install/iahrs_driver_interface:/root/catkin_ws/install/drive_base_msgs:/root/catkin_ws/install/asio_cmake_module:/root/install/ydlidar_sdk:/root/install/ydlidar_ros2_driver:/root/install/udp_driver:/root/install/topic_service_action_rclcpp_example:/root/install/time_rclcpp_example:/root/install/tf2_rclcpp_example:/root/install/testbot_description:/root/install/serial_driver:/root/install/rqt_example:/root/install/omo_r1mini:/root/install/omo_r1mini_navigation2:/root/install/omo_r1mini_interfaces:/root/install/omo_r1mini_gazebo:/root/install/omo_r1mini_description:/root/install/omo_r1mini_cartographer:/root/install/my_first_ros_rclcpp_pkg:/root/install/msg_srv_action_interface_example:/root/install/io_context:/root/install/asio_cmake_module:/root/catkin_ws/install/topic_service_action_rclpy_example:/root/catkin_ws/install/time_rclpy_example:/root/catkin_ws/install/tf2_rclpy_example:/root/catkin_ws/install/ros2env:/root/catkin_ws/install/omo_r1mini_teleop:/root/catkin_ws/install/omo_r1mini_bringup:/root/catkin_ws/install/my_first_ros_rclpy_pkg:/root/catkin_ws/install/logging_rclpy_example:/root/catkin_ws/install/iahrs_driver:/root/install/topic_service_action_rclpy_example:/root/install/time_rclpy_example:/root/install/tf2_rclpy_example:/root/install/ros2env:/root/install/omo_r1mini_teleop:/root/install/omo_r1mini_bringup:/root/install/my_first_ros_rclpy_pkg:/root/install/logging_rclpy_example:/opt/ros/foxy LD_LIBRARY_PATH=/root/catkin_ws/install/geometry_msgs/lib:/root/catkin_ws/install/std_msgs/lib:/root/catkin_ws/install/builtin_interfaces/lib:${LD_LIBRARY_PATH} PYTHONPATH=/root/catkin_ws/install/geometry_msgs/lib/python3.8/site-packages:/root/catkin_ws/install/std_msgs/lib/python3.8/site-packages:/root/catkin_ws/install/builtin_interfaces/lib/python3.8/site-packages:${PYTHONPATH} /usr/bin/cmake --install /root/catkin_ws/build/nav_msgs
[49.554s] -- Install configuration: ""
[49.555s] -- Installing: /root/catkin_ws/install/nav_msgs/share/ament_index/resource_index/rosidl_interfaces/nav_msgs
[49.555s] -- Installing: /root/catkin_ws/install/nav_msgs/include/nav_msgs
[49.555s] -- Installing: /root/catkin_ws/install/nav_msgs/include/nav_msgs/srv
[49.555s] -- Installing: /root/catkin_ws/install/nav_msgs/include/nav_msgs/srv/get_plan.h
[49.555s] -- Installing: /root/catkin_ws/install/nav_msgs/include/nav_msgs/srv/get_map.h
[49.555s] -- Installing: /root/catkin_ws/install/nav_msgs/include/nav_msgs/srv/detail
[49.556s] -- Installing: /root/catkin_ws/install/nav_msgs/include/nav_msgs/srv/detail/get_map__struct.h
[49.556s] -- Installing: /root/catkin_ws/install/nav_msgs/include/nav_msgs/srv/detail/get_plan__functions.h
[49.556s] -- Installing: /root/catkin_ws/install/nav_msgs/include/nav_msgs/srv/detail/set_map__functions.c
[49.556s] -- Installing: /root/catkin_ws/install/nav_msgs/include/nav_msgs/srv/detail/get_map__functions.h
[49.556s] -- Installing: /root/catkin_ws/install/nav_msgs/include/nav_msgs/srv/detail/get_plan__functions.c
[49.556s] -- Installing: /root/catkin_ws/install/nav_msgs/include/nav_msgs/srv/detail/set_map__type_support.h
[49.556s] -- Installing: /root/catkin_ws/install/nav_msgs/include/nav_msgs/srv/detail/set_map__struct.h
[49.557s] -- Installing: /root/catkin_ws/install/nav_msgs/include/nav_msgs/srv/detail/get_map__functions.c
[49.557s] -- Installing: /root/catkin_ws/install/nav_msgs/include/nav_msgs/srv/detail/get_plan__struct.h
[49.557s] -- Installing: /root/catkin_ws/install/nav_msgs/include/nav_msgs/srv/detail/set_map__functions.h
[49.557s] -- Installing: /root/catkin_ws/install/nav_msgs/include/nav_msgs/srv/detail/get_map__type_support.h
[49.557s] -- Installing: /root/catkin_ws/install/nav_msgs/include/nav_msgs/srv/detail/get_plan__type_support.h
[49.557s] -- Installing: /root/catkin_ws/install/nav_msgs/include/nav_msgs/srv/set_map.h
[49.558s] -- Installing: /root/catkin_ws/install/nav_msgs/include/nav_msgs/msg
[49.558s] -- Installing: /root/catkin_ws/install/nav_msgs/include/nav_msgs/msg/detail
[49.558s] -- Installing: /root/catkin_ws/install/nav_msgs/include/nav_msgs/msg/detail/odometry__functions.h
[49.558s] -- Installing: /root/catkin_ws/install/nav_msgs/include/nav_msgs/msg/detail/grid_cells__type_support.h
[49.558s] -- Installing: /root/catkin_ws/install/nav_msgs/include/nav_msgs/msg/detail/map_meta_data__struct.h
[49.558s] -- Installing: /root/catkin_ws/install/nav_msgs/include/nav_msgs/msg/detail/grid_cells__struct.h
[49.558s] -- Installing: /root/catkin_ws/install/nav_msgs/include/nav_msgs/msg/detail/path__type_support.h
[49.559s] -- Installing: /root/catkin_ws/install/nav_msgs/include/nav_msgs/msg/detail/grid_cells__functions.h
[49.559s] -- Installing: /root/catkin_ws/install/nav_msgs/include/nav_msgs/msg/detail/occupancy_grid__functions.c
[49.559s] -- Installing: /root/catkin_ws/install/nav_msgs/include/nav_msgs/msg/detail/map_meta_data__type_support.h
[49.559s] -- Installing: /root/catkin_ws/install/nav_msgs/include/nav_msgs/msg/detail/occupancy_grid__type_support.h
[49.559s] -- Installing: /root/catkin_ws/install/nav_msgs/include/nav_msgs/msg/detail/path__functions.h
[49.559s] -- Installing: /root/catkin_ws/install/nav_msgs/include/nav_msgs/msg/detail/map_meta_data__functions.h
[49.560s] -- Installing: /root/catkin_ws/install/nav_msgs/include/nav_msgs/msg/detail/grid_cells__functions.c
[49.560s] -- Installing: /root/catkin_ws/install/nav_msgs/include/nav_msgs/msg/detail/odometry__type_support.h
[49.560s] -- Installing: /root/catkin_ws/install/nav_msgs/include/nav_msgs/msg/detail/odometry__functions.c
[49.560s] -- Installing: /root/catkin_ws/install/nav_msgs/include/nav_msgs/msg/detail/path__struct.h
[49.560s] -- Installing: /root/catkin_ws/install/nav_msgs/include/nav_msgs/msg/detail/occupancy_grid__functions.h
[49.560s] -- Installing: /root/catkin_ws/install/nav_msgs/include/nav_msgs/msg/detail/map_meta_data__functions.c
[49.560s] -- Installing: /root/catkin_ws/install/nav_msgs/include/nav_msgs/msg/detail/odometry__struct.h
[49.561s] -- Installing: /root/catkin_ws/install/nav_msgs/include/nav_msgs/msg/detail/occupancy_grid__struct.h
[49.561s] -- Installing: /root/catkin_ws/install/nav_msgs/include/nav_msgs/msg/detail/path__functions.c
[49.561s] -- Installing: /root/catkin_ws/install/nav_msgs/include/nav_msgs/msg/odometry.h
[49.561s] -- Installing: /root/catkin_ws/install/nav_msgs/include/nav_msgs/msg/path.h
[49.561s] -- Installing: /root/catkin_ws/install/nav_msgs/include/nav_msgs/msg/rosidl_generator_c__visibility_control.h
[49.561s] -- Installing: /root/catkin_ws/install/nav_msgs/include/nav_msgs/msg/grid_cells.h
[49.562s] -- Installing: /root/catkin_ws/install/nav_msgs/include/nav_msgs/msg/map_meta_data.h
[49.562s] -- Installing: /root/catkin_ws/install/nav_msgs/include/nav_msgs/msg/occupancy_grid.h
[49.562s] -- Installing: /root/catkin_ws/install/nav_msgs/share/nav_msgs/environment/library_path.sh
[49.562s] -- Installing: /root/catkin_ws/install/nav_msgs/share/nav_msgs/environment/library_path.dsv
[49.563s] -- Installing: /root/catkin_ws/install/nav_msgs/lib/libnav_msgs__rosidl_generator_c.so
[49.563s] -- Set runtime path of "/root/catkin_ws/install/nav_msgs/lib/libnav_msgs__rosidl_generator_c.so" to ""
[49.563s] -- Up-to-date: /root/catkin_ws/install/nav_msgs/include/nav_msgs
[49.564s] -- Up-to-date: /root/catkin_ws/install/nav_msgs/include/nav_msgs/srv
[49.564s] -- Up-to-date: /root/catkin_ws/install/nav_msgs/include/nav_msgs/srv/detail
[49.564s] -- Installing: /root/catkin_ws/install/nav_msgs/include/nav_msgs/srv/detail/get_plan__rosidl_typesupport_microxrcedds_c.h
[49.564s] -- Installing: /root/catkin_ws/install/nav_msgs/include/nav_msgs/srv/detail/set_map__rosidl_typesupport_microxrcedds_c.h
[49.564s] -- Installing: /root/catkin_ws/install/nav_msgs/include/nav_msgs/srv/detail/get_map__rosidl_typesupport_microxrcedds_c.h
[49.565s] -- Installing: /root/catkin_ws/install/nav_msgs/include/nav_msgs/srv/detail/microxrcedds
[49.565s] -- Up-to-date: /root/catkin_ws/install/nav_msgs/include/nav_msgs/msg
[49.565s] -- Up-to-date: /root/catkin_ws/install/nav_msgs/include/nav_msgs/msg/detail
[49.565s] -- Installing: /root/catkin_ws/install/nav_msgs/include/nav_msgs/msg/detail/occupancy_grid__rosidl_typesupport_microxrcedds_c.h
[49.565s] -- Installing: /root/catkin_ws/install/nav_msgs/include/nav_msgs/msg/detail/map_meta_data__rosidl_typesupport_microxrcedds_c.h
[49.565s] -- Installing: /root/catkin_ws/install/nav_msgs/include/nav_msgs/msg/detail/odometry__rosidl_typesupport_microxrcedds_c.h
[49.565s] -- Installing: /root/catkin_ws/install/nav_msgs/include/nav_msgs/msg/detail/microxrcedds
[49.566s] -- Installing: /root/catkin_ws/install/nav_msgs/include/nav_msgs/msg/detail/path__rosidl_typesupport_microxrcedds_c.h
[49.566s] -- Installing: /root/catkin_ws/install/nav_msgs/include/nav_msgs/msg/detail/grid_cells__rosidl_typesupport_microxrcedds_c.h
[49.566s] -- Installing: /root/catkin_ws/install/nav_msgs/include/nav_msgs/msg/rosidl_typesupport_microxrcedds_c__visibility_control.h
[49.566s] -- Installing: /root/catkin_ws/install/nav_msgs/lib/libnav_msgs__rosidl_typesupport_microxrcedds_c.so
[49.566s] -- Set runtime path of "/root/catkin_ws/install/nav_msgs/lib/libnav_msgs__rosidl_typesupport_microxrcedds_c.so" to ""
[49.566s] -- Up-to-date: /root/catkin_ws/install/nav_msgs/include/nav_msgs
[49.566s] -- Up-to-date: /root/catkin_ws/install/nav_msgs/include/nav_msgs/srv
[49.567s] -- Up-to-date: /root/catkin_ws/install/nav_msgs/include/nav_msgs/srv/detail
[49.567s] -- Installing: /root/catkin_ws/install/nav_msgs/include/nav_msgs/srv/detail/set_map__rosidl_typesupport_fastrtps_c.h
[49.567s] -- Installing: /root/catkin_ws/install/nav_msgs/include/nav_msgs/srv/detail/get_map__rosidl_typesupport_fastrtps_c.h
[49.567s] -- Installing: /root/catkin_ws/install/nav_msgs/include/nav_msgs/srv/detail/get_plan__rosidl_typesupport_fastrtps_c.h
[49.567s] -- Up-to-date: /root/catkin_ws/install/nav_msgs/include/nav_msgs/msg
[49.567s] -- Up-to-date: /root/catkin_ws/install/nav_msgs/include/nav_msgs/msg/detail
[49.567s] -- Installing: /root/catkin_ws/install/nav_msgs/include/nav_msgs/msg/detail/path__rosidl_typesupport_fastrtps_c.h
[49.568s] -- Installing: /root/catkin_ws/install/nav_msgs/include/nav_msgs/msg/detail/map_meta_data__rosidl_typesupport_fastrtps_c.h
[49.568s] -- Installing: /root/catkin_ws/install/nav_msgs/include/nav_msgs/msg/detail/odometry__rosidl_typesupport_fastrtps_c.h
[49.568s] -- Installing: /root/catkin_ws/install/nav_msgs/include/nav_msgs/msg/detail/occupancy_grid__rosidl_typesupport_fastrtps_c.h
[49.568s] -- Installing: /root/catkin_ws/install/nav_msgs/include/nav_msgs/msg/detail/grid_cells__rosidl_typesupport_fastrtps_c.h
[49.568s] -- Installing: /root/catkin_ws/install/nav_msgs/include/nav_msgs/msg/rosidl_typesupport_fastrtps_c__visibility_control.h
[49.568s] -- Installing: /root/catkin_ws/install/nav_msgs/lib/libnav_msgs__rosidl_typesupport_fastrtps_c.so
[49.569s] -- Set runtime path of "/root/catkin_ws/install/nav_msgs/lib/libnav_msgs__rosidl_typesupport_fastrtps_c.so" to ""
[49.569s] -- Up-to-date: /root/catkin_ws/install/nav_msgs/include/nav_msgs
[49.569s] -- Up-to-date: /root/catkin_ws/install/nav_msgs/include/nav_msgs/srv
[49.569s] -- Up-to-date: /root/catkin_ws/install/nav_msgs/include/nav_msgs/srv/detail
[49.569s] -- Installing: /root/catkin_ws/install/nav_msgs/include/nav_msgs/srv/detail/get_plan__rosidl_typesupport_fastrtps_cpp.hpp
[49.569s] -- Installing: /root/catkin_ws/install/nav_msgs/include/nav_msgs/srv/detail/set_map__rosidl_typesupport_fastrtps_cpp.hpp
[49.569s] -- Installing: /root/catkin_ws/install/nav_msgs/include/nav_msgs/srv/detail/dds_fastrtps
[49.570s] -- Installing: /root/catkin_ws/install/nav_msgs/include/nav_msgs/srv/detail/get_map__rosidl_typesupport_fastrtps_cpp.hpp
[49.570s] -- Up-to-date: /root/catkin_ws/install/nav_msgs/include/nav_msgs/msg
[49.570s] -- Up-to-date: /root/catkin_ws/install/nav_msgs/include/nav_msgs/msg/detail
[49.570s] -- Installing: /root/catkin_ws/install/nav_msgs/include/nav_msgs/msg/detail/path__rosidl_typesupport_fastrtps_cpp.hpp
[49.570s] -- Installing: /root/catkin_ws/install/nav_msgs/include/nav_msgs/msg/detail/map_meta_data__rosidl_typesupport_fastrtps_cpp.hpp
[49.570s] -- Installing: /root/catkin_ws/install/nav_msgs/include/nav_msgs/msg/detail/grid_cells__rosidl_typesupport_fastrtps_cpp.hpp
[49.570s] -- Installing: /root/catkin_ws/install/nav_msgs/include/nav_msgs/msg/detail/dds_fastrtps
[49.571s] -- Installing: /root/catkin_ws/install/nav_msgs/include/nav_msgs/msg/detail/odometry__rosidl_typesupport_fastrtps_cpp.hpp
[49.571s] -- Installing: /root/catkin_ws/install/nav_msgs/include/nav_msgs/msg/detail/occupancy_grid__rosidl_typesupport_fastrtps_cpp.hpp
[49.571s] -- Installing: /root/catkin_ws/install/nav_msgs/include/nav_msgs/msg/rosidl_typesupport_fastrtps_cpp__visibility_control.h
[49.571s] -- Installing: /root/catkin_ws/install/nav_msgs/lib/libnav_msgs__rosidl_typesupport_fastrtps_cpp.so
[49.571s] -- Set runtime path of "/root/catkin_ws/install/nav_msgs/lib/libnav_msgs__rosidl_typesupport_fastrtps_cpp.so" to ""
[49.571s] -- Up-to-date: /root/catkin_ws/install/nav_msgs/include/nav_msgs
[49.572s] -- Up-to-date: /root/catkin_ws/install/nav_msgs/include/nav_msgs/srv
[49.572s] -- Up-to-date: /root/catkin_ws/install/nav_msgs/include/nav_msgs/srv/detail
[49.572s] -- Installing: /root/catkin_ws/install/nav_msgs/include/nav_msgs/srv/detail/set_map__type_support.c
[49.572s] -- Installing: /root/catkin_ws/install/nav_msgs/include/nav_msgs/srv/detail/get_plan__rosidl_typesupport_introspection_c.h
[49.572s] -- Installing: /root/catkin_ws/install/nav_msgs/include/nav_msgs/srv/detail/get_plan__type_support.c
[49.572s] -- Installing: /root/catkin_ws/install/nav_msgs/include/nav_msgs/srv/detail/set_map__rosidl_typesupport_introspection_c.h
[49.573s] -- Installing: /root/catkin_ws/install/nav_msgs/include/nav_msgs/srv/detail/get_map__rosidl_typesupport_introspection_c.h
[49.573s] -- Installing: /root/catkin_ws/install/nav_msgs/include/nav_msgs/srv/detail/get_map__type_support.c
[49.573s] -- Up-to-date: /root/catkin_ws/install/nav_msgs/include/nav_msgs/msg
[49.573s] -- Up-to-date: /root/catkin_ws/install/nav_msgs/include/nav_msgs/msg/detail
[49.573s] -- Installing: /root/catkin_ws/install/nav_msgs/include/nav_msgs/msg/detail/odometry__rosidl_typesupport_introspection_c.h
[49.573s] -- Installing: /root/catkin_ws/install/nav_msgs/include/nav_msgs/msg/detail/grid_cells__rosidl_typesupport_introspection_c.h
[49.573s] -- Installing: /root/catkin_ws/install/nav_msgs/include/nav_msgs/msg/detail/grid_cells__type_support.c
[49.574s] -- Installing: /root/catkin_ws/install/nav_msgs/include/nav_msgs/msg/detail/occupancy_grid__rosidl_typesupport_introspection_c.h
[49.574s] -- Installing: /root/catkin_ws/install/nav_msgs/include/nav_msgs/msg/detail/map_meta_data__type_support.c
[49.574s] -- Installing: /root/catkin_ws/install/nav_msgs/include/nav_msgs/msg/detail/map_meta_data__rosidl_typesupport_introspection_c.h
[49.574s] -- Installing: /root/catkin_ws/install/nav_msgs/include/nav_msgs/msg/detail/path__rosidl_typesupport_introspection_c.h
[49.574s] -- Installing: /root/catkin_ws/install/nav_msgs/include/nav_msgs/msg/detail/path__type_support.c
[49.574s] -- Installing: /root/catkin_ws/install/nav_msgs/include/nav_msgs/msg/detail/occupancy_grid__type_support.c
[49.575s] -- Installing: /root/catkin_ws/install/nav_msgs/include/nav_msgs/msg/detail/odometry__type_support.c
[49.575s] -- Installing: /root/catkin_ws/install/nav_msgs/include/nav_msgs/msg/rosidl_typesupport_introspection_c__visibility_control.h
[49.575s] -- Installing: /root/catkin_ws/install/nav_msgs/lib/libnav_msgs__rosidl_typesupport_introspection_c.so
[49.575s] -- Set runtime path of "/root/catkin_ws/install/nav_msgs/lib/libnav_msgs__rosidl_typesupport_introspection_c.so" to ""
[49.575s] -- Installing: /root/catkin_ws/install/nav_msgs/lib/libnav_msgs__rosidl_typesupport_c.so
[49.575s] -- Set runtime path of "/root/catkin_ws/install/nav_msgs/lib/libnav_msgs__rosidl_typesupport_c.so" to ""
[49.576s] -- Up-to-date: /root/catkin_ws/install/nav_msgs/include/nav_msgs
[49.576s] -- Up-to-date: /root/catkin_ws/install/nav_msgs/include/nav_msgs/srv
[49.576s] -- Up-to-date: /root/catkin_ws/install/nav_msgs/include/nav_msgs/srv/detail
[49.576s] -- Installing: /root/catkin_ws/install/nav_msgs/include/nav_msgs/srv/detail/get_map__struct.hpp
[49.576s] -- Installing: /root/catkin_ws/install/nav_msgs/include/nav_msgs/srv/detail/get_plan__builder.hpp
[49.576s] -- Installing: /root/catkin_ws/install/nav_msgs/include/nav_msgs/srv/detail/set_map__builder.hpp
[49.577s] -- Installing: /root/catkin_ws/install/nav_msgs/include/nav_msgs/srv/detail/set_map__struct.hpp
[49.577s] -- Installing: /root/catkin_ws/install/nav_msgs/include/nav_msgs/srv/detail/get_plan__traits.hpp
[49.577s] -- Installing: /root/catkin_ws/install/nav_msgs/include/nav_msgs/srv/detail/get_map__builder.hpp
[49.577s] -- Installing: /root/catkin_ws/install/nav_msgs/include/nav_msgs/srv/detail/get_map__traits.hpp
[49.577s] -- Installing: /root/catkin_ws/install/nav_msgs/include/nav_msgs/srv/detail/set_map__traits.hpp
[49.578s] -- Installing: /root/catkin_ws/install/nav_msgs/include/nav_msgs/srv/detail/get_plan__struct.hpp
[49.578s] -- Installing: /root/catkin_ws/install/nav_msgs/include/nav_msgs/srv/set_map.hpp
[49.578s] -- Installing: /root/catkin_ws/install/nav_msgs/include/nav_msgs/srv/get_map.hpp
[49.578s] -- Installing: /root/catkin_ws/install/nav_msgs/include/nav_msgs/srv/get_plan.hpp
[49.578s] -- Up-to-date: /root/catkin_ws/install/nav_msgs/include/nav_msgs/msg
[49.579s] -- Up-to-date: /root/catkin_ws/install/nav_msgs/include/nav_msgs/msg/detail
[49.579s] -- Installing: /root/catkin_ws/install/nav_msgs/include/nav_msgs/msg/detail/odometry__builder.hpp
[49.579s] -- Installing: /root/catkin_ws/install/nav_msgs/include/nav_msgs/msg/detail/odometry__struct.hpp
[49.579s] -- Installing: /root/catkin_ws/install/nav_msgs/include/nav_msgs/msg/detail/odometry__traits.hpp
[49.579s] -- Installing: /root/catkin_ws/install/nav_msgs/include/nav_msgs/msg/detail/path__traits.hpp
[49.579s] -- Installing: /root/catkin_ws/install/nav_msgs/include/nav_msgs/msg/detail/occupancy_grid__struct.hpp
[49.580s] -- Installing: /root/catkin_ws/install/nav_msgs/include/nav_msgs/msg/detail/map_meta_data__builder.hpp
[49.580s] -- Installing: /root/catkin_ws/install/nav_msgs/include/nav_msgs/msg/detail/path__builder.hpp
[49.580s] -- Installing: /root/catkin_ws/install/nav_msgs/include/nav_msgs/msg/detail/grid_cells__struct.hpp
[49.580s] -- Installing: /root/catkin_ws/install/nav_msgs/include/nav_msgs/msg/detail/occupancy_grid__builder.hpp
[49.580s] -- Installing: /root/catkin_ws/install/nav_msgs/include/nav_msgs/msg/detail/occupancy_grid__traits.hpp
[49.580s] -- Installing: /root/catkin_ws/install/nav_msgs/include/nav_msgs/msg/detail/path__struct.hpp
[49.580s] -- Installing: /root/catkin_ws/install/nav_msgs/include/nav_msgs/msg/detail/map_meta_data__traits.hpp
[49.581s] -- Installing: /root/catkin_ws/install/nav_msgs/include/nav_msgs/msg/detail/grid_cells__traits.hpp
[49.581s] -- Installing: /root/catkin_ws/install/nav_msgs/include/nav_msgs/msg/detail/grid_cells__builder.hpp
[49.581s] -- Installing: /root/catkin_ws/install/nav_msgs/include/nav_msgs/msg/detail/map_meta_data__struct.hpp
[49.581s] -- Installing: /root/catkin_ws/install/nav_msgs/include/nav_msgs/msg/map_meta_data.hpp
[49.581s] -- Installing: /root/catkin_ws/install/nav_msgs/include/nav_msgs/msg/occupancy_grid.hpp
[49.581s] -- Installing: /root/catkin_ws/install/nav_msgs/include/nav_msgs/msg/odometry.hpp
[49.582s] -- Installing: /root/catkin_ws/install/nav_msgs/include/nav_msgs/msg/grid_cells.hpp
[49.582s] -- Installing: /root/catkin_ws/install/nav_msgs/include/nav_msgs/msg/path.hpp
[49.582s] -- Up-to-date: /root/catkin_ws/install/nav_msgs/include/nav_msgs
[49.582s] -- Up-to-date: /root/catkin_ws/install/nav_msgs/include/nav_msgs/srv
[49.582s] -- Up-to-date: /root/catkin_ws/install/nav_msgs/include/nav_msgs/srv/detail
[49.582s] -- Installing: /root/catkin_ws/install/nav_msgs/include/nav_msgs/srv/detail/set_map__rosidl_typesupport_microxrcedds_cpp.hpp
[49.583s] -- Installing: /root/catkin_ws/install/nav_msgs/include/nav_msgs/srv/detail/get_plan__rosidl_typesupport_microxrcedds_cpp.hpp
[49.583s] -- Installing: /root/catkin_ws/install/nav_msgs/include/nav_msgs/srv/detail/get_map__rosidl_typesupport_microxrcedds_cpp.hpp
[49.583s] -- Up-to-date: /root/catkin_ws/install/nav_msgs/include/nav_msgs/srv/detail/microxrcedds
[49.583s] -- Installing: /root/catkin_ws/install/nav_msgs/include/nav_msgs/srv/detail/microxrcedds/set_map__type_support_cpp.cpp
[49.583s] -- Installing: /root/catkin_ws/install/nav_msgs/include/nav_msgs/srv/detail/microxrcedds/get_map__type_support_cpp.cpp
[49.583s] -- Installing: /root/catkin_ws/install/nav_msgs/include/nav_msgs/srv/detail/microxrcedds/get_plan__type_support_cpp.cpp
[49.584s] -- Up-to-date: /root/catkin_ws/install/nav_msgs/include/nav_msgs/msg
[49.584s] -- Up-to-date: /root/catkin_ws/install/nav_msgs/include/nav_msgs/msg/detail
[49.584s] -- Installing: /root/catkin_ws/install/nav_msgs/include/nav_msgs/msg/detail/grid_cells__rosidl_typesupport_microxrcedds_cpp.hpp
[49.584s] -- Installing: /root/catkin_ws/install/nav_msgs/include/nav_msgs/msg/detail/map_meta_data__rosidl_typesupport_microxrcedds_cpp.hpp
[49.584s] -- Installing: /root/catkin_ws/install/nav_msgs/include/nav_msgs/msg/detail/odometry__rosidl_typesupport_microxrcedds_cpp.hpp
[49.584s] -- Up-to-date: /root/catkin_ws/install/nav_msgs/include/nav_msgs/msg/detail/microxrcedds
[49.584s] -- Installing: /root/catkin_ws/install/nav_msgs/include/nav_msgs/msg/detail/microxrcedds/grid_cells__type_support_cpp.cpp
[49.585s] -- Installing: /root/catkin_ws/install/nav_msgs/include/nav_msgs/msg/detail/microxrcedds/odometry__type_support_cpp.cpp
[49.585s] -- Installing: /root/catkin_ws/install/nav_msgs/include/nav_msgs/msg/detail/microxrcedds/map_meta_data__type_support_cpp.cpp
[49.585s] -- Installing: /root/catkin_ws/install/nav_msgs/include/nav_msgs/msg/detail/microxrcedds/path__type_support_cpp.cpp
[49.585s] -- Installing: /root/catkin_ws/install/nav_msgs/include/nav_msgs/msg/detail/microxrcedds/occupancy_grid__type_support_cpp.cpp
[49.585s] -- Installing: /root/catkin_ws/install/nav_msgs/include/nav_msgs/msg/detail/occupancy_grid__rosidl_typesupport_microxrcedds_cpp.hpp
[49.585s] -- Installing: /root/catkin_ws/install/nav_msgs/include/nav_msgs/msg/detail/path__rosidl_typesupport_microxrcedds_cpp.hpp
[49.585s] -- Installing: /root/catkin_ws/install/nav_msgs/include/nav_msgs/msg/rosidl_typesupport_microxrcedds_cpp__visibility_control.h
[49.586s] -- Installing: /root/catkin_ws/install/nav_msgs/lib/libnav_msgs__rosidl_typesupport_microxrcedds_cpp.so
[49.586s] -- Set runtime path of "/root/catkin_ws/install/nav_msgs/lib/libnav_msgs__rosidl_typesupport_microxrcedds_cpp.so" to ""
[49.586s] -- Up-to-date: /root/catkin_ws/install/nav_msgs/include/nav_msgs
[49.586s] -- Up-to-date: /root/catkin_ws/install/nav_msgs/include/nav_msgs/srv
[49.586s] -- Up-to-date: /root/catkin_ws/install/nav_msgs/include/nav_msgs/srv/detail
[49.586s] -- Installing: /root/catkin_ws/install/nav_msgs/include/nav_msgs/srv/detail/set_map__type_support.cpp
[49.586s] -- Installing: /root/catkin_ws/install/nav_msgs/include/nav_msgs/srv/detail/get_map__rosidl_typesupport_introspection_cpp.hpp
[49.587s] -- Installing: /root/catkin_ws/install/nav_msgs/include/nav_msgs/srv/detail/get_plan__type_support.cpp
[49.587s] -- Installing: /root/catkin_ws/install/nav_msgs/include/nav_msgs/srv/detail/get_plan__rosidl_typesupport_introspection_cpp.hpp
[49.587s] -- Installing: /root/catkin_ws/install/nav_msgs/include/nav_msgs/srv/detail/set_map__rosidl_typesupport_introspection_cpp.hpp
[49.587s] -- Installing: /root/catkin_ws/install/nav_msgs/include/nav_msgs/srv/detail/get_map__type_support.cpp
[49.587s] -- Up-to-date: /root/catkin_ws/install/nav_msgs/include/nav_msgs/msg
[49.587s] -- Up-to-date: /root/catkin_ws/install/nav_msgs/include/nav_msgs/msg/detail
[49.587s] -- Installing: /root/catkin_ws/install/nav_msgs/include/nav_msgs/msg/detail/odometry__type_support.cpp
[49.588s] -- Installing: /root/catkin_ws/install/nav_msgs/include/nav_msgs/msg/detail/grid_cells__type_support.cpp
[49.588s] -- Installing: /root/catkin_ws/install/nav_msgs/include/nav_msgs/msg/detail/odometry__rosidl_typesupport_introspection_cpp.hpp
[49.588s] -- Installing: /root/catkin_ws/install/nav_msgs/include/nav_msgs/msg/detail/map_meta_data__type_support.cpp
[49.588s] -- Installing: /root/catkin_ws/install/nav_msgs/include/nav_msgs/msg/detail/map_meta_data__rosidl_typesupport_introspection_cpp.hpp
[49.588s] -- Installing: /root/catkin_ws/install/nav_msgs/include/nav_msgs/msg/detail/occupancy_grid__rosidl_typesupport_introspection_cpp.hpp
[49.588s] -- Installing: /root/catkin_ws/install/nav_msgs/include/nav_msgs/msg/detail/path__rosidl_typesupport_introspection_cpp.hpp
[49.588s] -- Installing: /root/catkin_ws/install/nav_msgs/include/nav_msgs/msg/detail/path__type_support.cpp
[49.589s] -- Installing: /root/catkin_ws/install/nav_msgs/include/nav_msgs/msg/detail/grid_cells__rosidl_typesupport_introspection_cpp.hpp
[49.589s] -- Installing: /root/catkin_ws/install/nav_msgs/include/nav_msgs/msg/detail/occupancy_grid__type_support.cpp
[49.589s] -- Installing: /root/catkin_ws/install/nav_msgs/lib/libnav_msgs__rosidl_typesupport_introspection_cpp.so
[49.589s] -- Set runtime path of "/root/catkin_ws/install/nav_msgs/lib/libnav_msgs__rosidl_typesupport_introspection_cpp.so" to ""
[49.589s] -- Installing: /root/catkin_ws/install/nav_msgs/lib/libnav_msgs__rosidl_typesupport_cpp.so
[49.589s] -- Set runtime path of "/root/catkin_ws/install/nav_msgs/lib/libnav_msgs__rosidl_typesupport_cpp.so" to ""
[49.589s] -- Installing: /root/catkin_ws/install/nav_msgs/share/nav_msgs/environment/pythonpath.sh
[49.590s] -- Installing: /root/catkin_ws/install/nav_msgs/share/nav_msgs/environment/pythonpath.dsv
[49.590s] -- Installing: /root/catkin_ws/install/nav_msgs/lib/python3.8/site-packages/nav_msgs/__init__.py
[49.658s] Compiling '/root/catkin_ws/install/nav_msgs/lib/python3.8/site-packages/nav_msgs/__init__.py'...
[49.663s] -- Installing: /root/catkin_ws/install/nav_msgs/lib/python3.8/site-packages/nav_msgs/msg
[49.663s] -- Installing: /root/catkin_ws/install/nav_msgs/lib/python3.8/site-packages/nav_msgs/msg/_path.py
[49.663s] -- Installing: /root/catkin_ws/install/nav_msgs/lib/python3.8/site-packages/nav_msgs/msg/_map_meta_data.py
[49.664s] -- Installing: /root/catkin_ws/install/nav_msgs/lib/python3.8/site-packages/nav_msgs/msg/_grid_cells.py
[49.664s] -- Installing: /root/catkin_ws/install/nav_msgs/lib/python3.8/site-packages/nav_msgs/msg/_path_s.c
[49.664s] -- Installing: /root/catkin_ws/install/nav_msgs/lib/python3.8/site-packages/nav_msgs/msg/_map_meta_data_s.c
[49.664s] -- Installing: /root/catkin_ws/install/nav_msgs/lib/python3.8/site-packages/nav_msgs/msg/_occupancy_grid_s.c
[49.664s] -- Installing: /root/catkin_ws/install/nav_msgs/lib/python3.8/site-packages/nav_msgs/msg/_odometry.py
[49.664s] -- Installing: /root/catkin_ws/install/nav_msgs/lib/python3.8/site-packages/nav_msgs/msg/_grid_cells_s.c
[49.664s] -- Installing: /root/catkin_ws/install/nav_msgs/lib/python3.8/site-packages/nav_msgs/msg/_occupancy_grid.py
[49.665s] -- Installing: /root/catkin_ws/install/nav_msgs/lib/python3.8/site-packages/nav_msgs/msg/_odometry_s.c
[49.665s] -- Installing: /root/catkin_ws/install/nav_msgs/lib/python3.8/site-packages/nav_msgs/msg/__init__.py
[49.665s] -- Installing: /root/catkin_ws/install/nav_msgs/lib/python3.8/site-packages/nav_msgs/srv
[49.665s] -- Installing: /root/catkin_ws/install/nav_msgs/lib/python3.8/site-packages/nav_msgs/srv/_set_map_s.c
[49.665s] -- Installing: /root/catkin_ws/install/nav_msgs/lib/python3.8/site-packages/nav_msgs/srv/_get_plan.py
[49.665s] -- Installing: /root/catkin_ws/install/nav_msgs/lib/python3.8/site-packages/nav_msgs/srv/_set_map.py
[49.666s] -- Installing: /root/catkin_ws/install/nav_msgs/lib/python3.8/site-packages/nav_msgs/srv/_get_map.py
[49.666s] -- Installing: /root/catkin_ws/install/nav_msgs/lib/python3.8/site-packages/nav_msgs/srv/_get_map_s.c
[49.666s] -- Installing: /root/catkin_ws/install/nav_msgs/lib/python3.8/site-packages/nav_msgs/srv/_get_plan_s.c
[49.666s] -- Installing: /root/catkin_ws/install/nav_msgs/lib/python3.8/site-packages/nav_msgs/srv/__init__.py
[49.666s] -- Installing: /root/catkin_ws/install/nav_msgs/lib/python3.8/site-packages/nav_msgs/nav_msgs_s__rosidl_typesupport_microxrcedds_c.cpython-38-x86_64-linux-gnu.so
[49.666s] -- Set runtime path of "/root/catkin_ws/install/nav_msgs/lib/python3.8/site-packages/nav_msgs/nav_msgs_s__rosidl_typesupport_microxrcedds_c.cpython-38-x86_64-linux-gnu.so" to ""
[49.667s] -- Installing: /root/catkin_ws/install/nav_msgs/lib/python3.8/site-packages/nav_msgs/nav_msgs_s__rosidl_typesupport_fastrtps_c.cpython-38-x86_64-linux-gnu.so
[49.667s] -- Set runtime path of "/root/catkin_ws/install/nav_msgs/lib/python3.8/site-packages/nav_msgs/nav_msgs_s__rosidl_typesupport_fastrtps_c.cpython-38-x86_64-linux-gnu.so" to ""
[49.667s] -- Installing: /root/catkin_ws/install/nav_msgs/lib/python3.8/site-packages/nav_msgs/nav_msgs_s__rosidl_typesupport_introspection_c.cpython-38-x86_64-linux-gnu.so
[49.668s] -- Set runtime path of "/root/catkin_ws/install/nav_msgs/lib/python3.8/site-packages/nav_msgs/nav_msgs_s__rosidl_typesupport_introspection_c.cpython-38-x86_64-linux-gnu.so" to ""
[49.668s] -- Installing: /root/catkin_ws/install/nav_msgs/lib/python3.8/site-packages/nav_msgs/nav_msgs_s__rosidl_typesupport_c.cpython-38-x86_64-linux-gnu.so
[49.669s] -- Set runtime path of "/root/catkin_ws/install/nav_msgs/lib/python3.8/site-packages/nav_msgs/nav_msgs_s__rosidl_typesupport_c.cpython-38-x86_64-linux-gnu.so" to ""
[49.669s] -- Installing: /root/catkin_ws/install/nav_msgs/lib/libnav_msgs__python.so
[49.669s] -- Set runtime path of "/root/catkin_ws/install/nav_msgs/lib/libnav_msgs__python.so" to ""
[49.669s] -- Installing: /root/catkin_ws/install/nav_msgs/share/nav_msgs/msg/GridCells.idl
[49.670s] -- Installing: /root/catkin_ws/install/nav_msgs/share/nav_msgs/msg/MapMetaData.idl
[49.670s] -- Installing: /root/catkin_ws/install/nav_msgs/share/nav_msgs/msg/OccupancyGrid.idl
[49.670s] -- Installing: /root/catkin_ws/install/nav_msgs/share/nav_msgs/msg/Odometry.idl
[49.670s] -- Installing: /root/catkin_ws/install/nav_msgs/share/nav_msgs/msg/Path.idl
[49.670s] -- Installing: /root/catkin_ws/install/nav_msgs/share/nav_msgs/srv/GetMap.idl
[49.670s] -- Installing: /root/catkin_ws/install/nav_msgs/share/nav_msgs/srv/GetPlan.idl
[49.671s] -- Installing: /root/catkin_ws/install/nav_msgs/share/nav_msgs/srv/SetMap.idl
[49.671s] -- Installing: /root/catkin_ws/install/nav_msgs/share/nav_msgs/msg/GridCells.msg
[49.671s] -- Installing: /root/catkin_ws/install/nav_msgs/share/nav_msgs/msg/MapMetaData.msg
[49.671s] -- Installing: /root/catkin_ws/install/nav_msgs/share/nav_msgs/msg/OccupancyGrid.msg
[49.671s] -- Installing: /root/catkin_ws/install/nav_msgs/share/nav_msgs/msg/Odometry.msg
[49.671s] -- Installing: /root/catkin_ws/install/nav_msgs/share/nav_msgs/msg/Path.msg
[49.672s] -- Installing: /root/catkin_ws/install/nav_msgs/share/nav_msgs/srv/GetMap.srv
[49.672s] -- Installing: /root/catkin_ws/install/nav_msgs/share/nav_msgs/srv/GetMap_Request.msg
[49.672s] -- Installing: /root/catkin_ws/install/nav_msgs/share/nav_msgs/srv/GetMap_Response.msg
[49.672s] -- Installing: /root/catkin_ws/install/nav_msgs/share/nav_msgs/srv/GetPlan.srv
[49.672s] -- Installing: /root/catkin_ws/install/nav_msgs/share/nav_msgs/srv/GetPlan_Request.msg
[49.672s] -- Installing: /root/catkin_ws/install/nav_msgs/share/nav_msgs/srv/GetPlan_Response.msg
[49.672s] -- Installing: /root/catkin_ws/install/nav_msgs/share/nav_msgs/srv/SetMap.srv
[49.672s] -- Installing: /root/catkin_ws/install/nav_msgs/share/nav_msgs/srv/SetMap_Request.msg
[49.673s] -- Installing: /root/catkin_ws/install/nav_msgs/share/nav_msgs/srv/SetMap_Response.msg
[49.673s] -- Installing: /root/catkin_ws/install/nav_msgs/share/ament_index/resource_index/package_run_dependencies/nav_msgs
[49.673s] -- Installing: /root/catkin_ws/install/nav_msgs/share/ament_index/resource_index/parent_prefix_path/nav_msgs
[49.673s] -- Installing: /root/catkin_ws/install/nav_msgs/share/nav_msgs/environment/ament_prefix_path.sh
[49.673s] -- Installing: /root/catkin_ws/install/nav_msgs/share/nav_msgs/environment/ament_prefix_path.dsv
[49.673s] -- Installing: /root/catkin_ws/install/nav_msgs/share/nav_msgs/environment/path.sh
[49.674s] -- Installing: /root/catkin_ws/install/nav_msgs/share/nav_msgs/environment/path.dsv
[49.674s] -- Installing: /root/catkin_ws/install/nav_msgs/share/nav_msgs/local_setup.bash
[49.674s] -- Installing: /root/catkin_ws/install/nav_msgs/share/nav_msgs/local_setup.sh
[49.674s] -- Installing: /root/catkin_ws/install/nav_msgs/share/nav_msgs/local_setup.zsh
[49.674s] -- Installing: /root/catkin_ws/install/nav_msgs/share/nav_msgs/local_setup.dsv
[49.674s] -- Installing: /root/catkin_ws/install/nav_msgs/share/nav_msgs/package.dsv
[49.675s] -- Installing: /root/catkin_ws/install/nav_msgs/share/ament_index/resource_index/packages/nav_msgs
[49.675s] -- Installing: /root/catkin_ws/install/nav_msgs/share/nav_msgs/cmake/nav_msgs__rosidl_generator_cExport.cmake
[49.675s] -- Installing: /root/catkin_ws/install/nav_msgs/share/nav_msgs/cmake/nav_msgs__rosidl_generator_cExport-noconfig.cmake
[49.675s] -- Installing: /root/catkin_ws/install/nav_msgs/share/nav_msgs/cmake/nav_msgs__rosidl_typesupport_introspection_cExport.cmake
[49.675s] -- Installing: /root/catkin_ws/install/nav_msgs/share/nav_msgs/cmake/nav_msgs__rosidl_typesupport_introspection_cExport-noconfig.cmake
[49.676s] -- Installing: /root/catkin_ws/install/nav_msgs/share/nav_msgs/cmake/nav_msgs__rosidl_typesupport_cExport.cmake
[49.676s] -- Installing: /root/catkin_ws/install/nav_msgs/share/nav_msgs/cmake/nav_msgs__rosidl_typesupport_cExport-noconfig.cmake
[49.676s] -- Installing: /root/catkin_ws/install/nav_msgs/share/nav_msgs/cmake/nav_msgs__rosidl_generator_cppExport.cmake
[49.676s] -- Installing: /root/catkin_ws/install/nav_msgs/share/nav_msgs/cmake/nav_msgs__rosidl_typesupport_introspection_cppExport.cmake
[49.676s] -- Installing: /root/catkin_ws/install/nav_msgs/share/nav_msgs/cmake/nav_msgs__rosidl_typesupport_introspection_cppExport-noconfig.cmake
[49.677s] -- Installing: /root/catkin_ws/install/nav_msgs/share/nav_msgs/cmake/nav_msgs__rosidl_typesupport_cppExport.cmake
[49.677s] -- Installing: /root/catkin_ws/install/nav_msgs/share/nav_msgs/cmake/nav_msgs__rosidl_typesupport_cppExport-noconfig.cmake
[49.677s] -- Installing: /root/catkin_ws/install/nav_msgs/share/nav_msgs/cmake/rosidl_cmake-extras.cmake
[49.677s] -- Installing: /root/catkin_ws/install/nav_msgs/share/nav_msgs/cmake/ament_cmake_export_dependencies-extras.cmake
[49.677s] -- Installing: /root/catkin_ws/install/nav_msgs/share/nav_msgs/cmake/ament_cmake_export_libraries-extras.cmake
[49.677s] -- Installing: /root/catkin_ws/install/nav_msgs/share/nav_msgs/cmake/ament_cmake_export_targets-extras.cmake
[49.678s] -- Installing: /root/catkin_ws/install/nav_msgs/share/nav_msgs/cmake/ament_cmake_export_include_directories-extras.cmake
[49.678s] -- Installing: /root/catkin_ws/install/nav_msgs/share/nav_msgs/cmake/rosidl_cmake_export_typesupport_libraries-extras.cmake
[49.678s] -- Installing: /root/catkin_ws/install/nav_msgs/share/nav_msgs/cmake/rosidl_cmake_export_typesupport_targets-extras.cmake
[49.678s] -- Installing: /root/catkin_ws/install/nav_msgs/share/nav_msgs/cmake/nav_msgsConfig.cmake
[49.678s] -- Installing: /root/catkin_ws/install/nav_msgs/share/nav_msgs/cmake/nav_msgsConfig-version.cmake
[49.678s] -- Installing: /root/catkin_ws/install/nav_msgs/share/nav_msgs/package.xml
[49.686s] Invoked command in '/root/catkin_ws/build/nav_msgs' returned '0': AMENT_PREFIX_PATH=/root/catkin_ws/install/geometry_msgs:/root/catkin_ws/install/std_msgs:/root/catkin_ws/install/builtin_interfaces:${AMENT_PREFIX_PATH} CMAKE_PREFIX_PATH=/root/catkin_ws/install/geometry_msgs:/root/catkin_ws/install/std_msgs:/root/catkin_ws/install/builtin_interfaces:/root/catkin_ws/install/rosidl_typesupport_microxrcedds_cpp:/root/catkin_ws/install/rosidl_typesupport_microxrcedds_c:/root/catkin_ws/install/microcdr:/root/catkin_ws/install/ydlidar_sdk:/root/catkin_ws/install/ydlidar_ros2_driver:/root/catkin_ws/install/udp_driver:/root/catkin_ws/install/topic_service_action_rclcpp_example:/root/catkin_ws/install/time_rclcpp_example:/root/catkin_ws/install/tf2_rclcpp_example:/root/catkin_ws/install/testbot_description:/root/catkin_ws/install/serial_driver:/root/catkin_ws/install/rqt_example:/root/catkin_ws/install/omo_r1mini:/root/catkin_ws/install/omo_r1mini_navigation2:/root/catkin_ws/install/omo_r1mini_interfaces:/root/catkin_ws/install/omo_r1mini_gazebo:/root/catkin_ws/install/omo_r1mini_description:/root/catkin_ws/install/omo_r1mini_cartographer:/root/catkin_ws/install/my_first_ros_rclcpp_pkg:/root/catkin_ws/install/msg_srv_action_interface_example:/root/catkin_ws/install/micro_ros_setup:/root/catkin_ws/install/micro_ros_agent:/root/catkin_ws/install/micro_ros_msgs:/root/catkin_ws/install/io_context:/root/catkin_ws/install/iahrs_driver_interface:/root/catkin_ws/install/drive_base_msgs:/root/catkin_ws/install/asio_cmake_module:/root/install/ydlidar_sdk:/root/install/ydlidar_ros2_driver:/root/install/udp_driver:/root/install/topic_service_action_rclcpp_example:/root/install/time_rclcpp_example:/root/install/tf2_rclcpp_example:/root/install/testbot_description:/root/install/serial_driver:/root/install/rqt_example:/root/install/omo_r1mini:/root/install/omo_r1mini_navigation2:/root/install/omo_r1mini_interfaces:/root/install/omo_r1mini_gazebo:/root/install/omo_r1mini_description:/root/install/omo_r1mini_cartographer:/root/install/my_first_ros_rclcpp_pkg:/root/install/msg_srv_action_interface_example:/root/install/io_context:/root/install/asio_cmake_module:/root/catkin_ws/install/topic_service_action_rclpy_example:/root/catkin_ws/install/time_rclpy_example:/root/catkin_ws/install/tf2_rclpy_example:/root/catkin_ws/install/ros2env:/root/catkin_ws/install/omo_r1mini_teleop:/root/catkin_ws/install/omo_r1mini_bringup:/root/catkin_ws/install/my_first_ros_rclpy_pkg:/root/catkin_ws/install/logging_rclpy_example:/root/catkin_ws/install/iahrs_driver:/root/install/topic_service_action_rclpy_example:/root/install/time_rclpy_example:/root/install/tf2_rclpy_example:/root/install/ros2env:/root/install/omo_r1mini_teleop:/root/install/omo_r1mini_bringup:/root/install/my_first_ros_rclpy_pkg:/root/install/logging_rclpy_example:/opt/ros/foxy LD_LIBRARY_PATH=/root/catkin_ws/install/geometry_msgs/lib:/root/catkin_ws/install/std_msgs/lib:/root/catkin_ws/install/builtin_interfaces/lib:${LD_LIBRARY_PATH} PYTHONPATH=/root/catkin_ws/install/geometry_msgs/lib/python3.8/site-packages:/root/catkin_ws/install/std_msgs/lib/python3.8/site-packages:/root/catkin_ws/install/builtin_interfaces/lib/python3.8/site-packages:${PYTHONPATH} /usr/bin/cmake --install /root/catkin_ws/build/nav_msgs
