-- Found ament_cmake: 0.9.11 (/opt/ros/foxy/share/ament_cmake/cmake)
-- Found PythonInterp: /usr/bin/python3 (found suitable version "3.8.10", minimum required is "3") 
-- Using PYTHON_EXECUTABLE: /usr/bin/python3
-- Override CMake install command with custom implementation using symlinks instead of copying resources
-- Found rosidl_default_generators: 1.0.1 (/opt/ros/foxy/share/rosidl_default_generators/cmake)
-- Using all available rosidl_typesupport_c: rosidl_typesupport_microxrcedds_c;rosidl_typesupport_fastrtps_c;rosidl_typesupport_introspection_c
-- Found rosidl_adapter: 1.3.0 (/opt/ros/foxy/share/rosidl_adapter/cmake)
-- Using all available rosidl_typesupport_cpp: rosidl_typesupport_microxrcedds_cpp;rosidl_typesupport_fastrtps_cpp;rosidl_typesupport_introspection_cpp
-- Found std_msgs: 2.0.5 (/root/catkin_ws/install/std_msgs/share/std_msgs/cmake)
-- Found PythonInterp: /usr/bin/python3 (found version "3.8.10") 
-- Found ament_cmake_ros: 0.9.2 (/opt/ros/foxy/share/ament_cmake_ros/cmake)
-- Using all available rosidl_typesupport_c: rosidl_typesupport_microxrcedds_c;rosidl_typesupport_fastrtps_c;rosidl_typesupport_introspection_c
-- Using all available rosidl_typesupport_cpp: rosidl_typesupport_microxrcedds_cpp;rosidl_typesupport_fastrtps_cpp;rosidl_typesupport_introspection_cpp
-- Found PythonInterp: /usr/bin/python3 (found suitable version "3.8.10", minimum required is "3.5") 
-- Found python_cmake_module: 0.8.1 (/opt/ros/foxy/share/python_cmake_module/cmake)
-- Using PYTHON_EXECUTABLE: /usr/bin/python3
-- Using PYTHON_INCLUDE_DIRS: /usr/include/python3.8
-- Using PYTHON_LIBRARIES: /usr/lib/x86_64-linux-gnu/libpython3.8.so
-- Configuring done
-- Generating done
-- Build files have been written to: /root/catkin_ws/build/geometry_msgs
[  0%] Built target geometry_msgs__cpp
[  9%] Built target geometry_msgs__rosidl_generator_c
[ 10%] [32m[1mLinking CXX shared library libgeometry_msgs__rosidl_typesupport_microxrcedds_cpp.so[0m
[ 19%] Built target geometry_msgs__rosidl_typesupport_introspection_cpp
[ 28%] Built target geometry_msgs__rosidl_typesupport_cpp
[ 28%] [32m[1mLinking C shared library libgeometry_msgs__rosidl_typesupport_microxrcedds_c.so[0m
[ 28%] [32m[1mLinking CXX shared library libgeometry_msgs__rosidl_typesupport_fastrtps_cpp.so[0m
[ 38%] Built target geometry_msgs__rosidl_typesupport_introspection_c
[ 48%] Built target geometry_msgs__rosidl_typesupport_c
[ 58%] Built target geometry_msgs__rosidl_typesupport_microxrcedds_c
[ 67%] Built target geometry_msgs__rosidl_typesupport_microxrcedds_cpp
[ 76%] Built target geometry_msgs__rosidl_typesupport_fastrtps_cpp
[ 76%] [32m[1mLinking CXX shared library libgeometry_msgs__rosidl_typesupport_fastrtps_c.so[0m
[ 86%] Built target geometry_msgs__rosidl_typesupport_fastrtps_c
[ 86%] Built target geometry_msgs
[ 86%] Built target geometry_msgs__py
[ 87%] [32m[1mLinking C shared library rosidl_generator_py/geometry_msgs/libgeometry_msgs__python.so[0m
[ 96%] Built target geometry_msgs__python
[ 97%] [32m[1mLinking CXX shared library rosidl_generator_py/geometry_msgs/geometry_msgs_s__rosidl_typesupport_fastrtps_c.cpython-38-x86_64-linux-gnu.so[0m
[ 98%] [32m[1mLinking C shared library rosidl_generator_py/geometry_msgs/geometry_msgs_s__rosidl_typesupport_introspection_c.cpython-38-x86_64-linux-gnu.so[0m
[ 99%] [32m[1mLinking C shared library rosidl_generator_py/geometry_msgs/geometry_msgs_s__rosidl_typesupport_microxrcedds_c.cpython-38-x86_64-linux-gnu.so[0m
[100%] [32m[1mLinking C shared library rosidl_generator_py/geometry_msgs/geometry_msgs_s__rosidl_typesupport_c.cpython-38-x86_64-linux-gnu.so[0m
[100%] Built target geometry_msgs__rosidl_typesupport_c__pyext
[100%] Built target geometry_msgs__rosidl_typesupport_microxrcedds_c__pyext
[100%] Built target geometry_msgs__rosidl_typesupport_introspection_c__pyext
[100%] Built target geometry_msgs__rosidl_typesupport_fastrtps_c__pyext
-- Install configuration: ""
-- Execute custom install script
-- Symlinking: /root/catkin_ws/install/geometry_msgs/share/ament_index/resource_index/rosidl_interfaces/geometry_msgs
-- Symlinking: /root/catkin_ws/install/geometry_msgs/include/geometry_msgs/msg/accel.h
-- Symlinking: /root/catkin_ws/install/geometry_msgs/include/geometry_msgs/msg/accel_stamped.h
-- Symlinking: /root/catkin_ws/install/geometry_msgs/include/geometry_msgs/msg/accel_with_covariance.h
-- Symlinking: /root/catkin_ws/install/geometry_msgs/include/geometry_msgs/msg/accel_with_covariance_stamped.h
-- Symlinking: /root/catkin_ws/install/geometry_msgs/include/geometry_msgs/msg/detail/accel__functions.h
-- Symlinking: /root/catkin_ws/install/geometry_msgs/include/geometry_msgs/msg/detail/accel__struct.h
-- Symlinking: /root/catkin_ws/install/geometry_msgs/include/geometry_msgs/msg/detail/accel__type_support.h
-- Symlinking: /root/catkin_ws/install/geometry_msgs/include/geometry_msgs/msg/detail/accel_stamped__functions.h
-- Symlinking: /root/catkin_ws/install/geometry_msgs/include/geometry_msgs/msg/detail/accel_stamped__struct.h
-- Symlinking: /root/catkin_ws/install/geometry_msgs/include/geometry_msgs/msg/detail/accel_stamped__type_support.h
-- Symlinking: /root/catkin_ws/install/geometry_msgs/include/geometry_msgs/msg/detail/accel_with_covariance__functions.h
-- Symlinking: /root/catkin_ws/install/geometry_msgs/include/geometry_msgs/msg/detail/accel_with_covariance__struct.h
-- Symlinking: /root/catkin_ws/install/geometry_msgs/include/geometry_msgs/msg/detail/accel_with_covariance__type_support.h
-- Symlinking: /root/catkin_ws/install/geometry_msgs/include/geometry_msgs/msg/detail/accel_with_covariance_stamped__functions.h
-- Symlinking: /root/catkin_ws/install/geometry_msgs/include/geometry_msgs/msg/detail/accel_with_covariance_stamped__struct.h
-- Symlinking: /root/catkin_ws/install/geometry_msgs/include/geometry_msgs/msg/detail/accel_with_covariance_stamped__type_support.h
-- Symlinking: /root/catkin_ws/install/geometry_msgs/include/geometry_msgs/msg/detail/inertia__functions.h
-- Symlinking: /root/catkin_ws/install/geometry_msgs/include/geometry_msgs/msg/detail/inertia__struct.h
-- Symlinking: /root/catkin_ws/install/geometry_msgs/include/geometry_msgs/msg/detail/inertia__type_support.h
-- Symlinking: /root/catkin_ws/install/geometry_msgs/include/geometry_msgs/msg/detail/inertia_stamped__functions.h
-- Symlinking: /root/catkin_ws/install/geometry_msgs/include/geometry_msgs/msg/detail/inertia_stamped__struct.h
-- Symlinking: /root/catkin_ws/install/geometry_msgs/include/geometry_msgs/msg/detail/inertia_stamped__type_support.h
-- Symlinking: /root/catkin_ws/install/geometry_msgs/include/geometry_msgs/msg/detail/point32__functions.h
-- Symlinking: /root/catkin_ws/install/geometry_msgs/include/geometry_msgs/msg/detail/point32__struct.h
-- Symlinking: /root/catkin_ws/install/geometry_msgs/include/geometry_msgs/msg/detail/point32__type_support.h
-- Symlinking: /root/catkin_ws/install/geometry_msgs/include/geometry_msgs/msg/detail/point__functions.h
-- Symlinking: /root/catkin_ws/install/geometry_msgs/include/geometry_msgs/msg/detail/point__struct.h
-- Symlinking: /root/catkin_ws/install/geometry_msgs/include/geometry_msgs/msg/detail/point__type_support.h
-- Symlinking: /root/catkin_ws/install/geometry_msgs/include/geometry_msgs/msg/detail/point_stamped__functions.h
-- Symlinking: /root/catkin_ws/install/geometry_msgs/include/geometry_msgs/msg/detail/point_stamped__struct.h
-- Symlinking: /root/catkin_ws/install/geometry_msgs/include/geometry_msgs/msg/detail/point_stamped__type_support.h
-- Symlinking: /root/catkin_ws/install/geometry_msgs/include/geometry_msgs/msg/detail/polygon__functions.h
-- Symlinking: /root/catkin_ws/install/geometry_msgs/include/geometry_msgs/msg/detail/polygon__struct.h
-- Symlinking: /root/catkin_ws/install/geometry_msgs/include/geometry_msgs/msg/detail/polygon__type_support.h
-- Symlinking: /root/catkin_ws/install/geometry_msgs/include/geometry_msgs/msg/detail/polygon_stamped__functions.h
-- Symlinking: /root/catkin_ws/install/geometry_msgs/include/geometry_msgs/msg/detail/polygon_stamped__struct.h
-- Symlinking: /root/catkin_ws/install/geometry_msgs/include/geometry_msgs/msg/detail/polygon_stamped__type_support.h
-- Symlinking: /root/catkin_ws/install/geometry_msgs/include/geometry_msgs/msg/detail/pose2_d__functions.h
-- Symlinking: /root/catkin_ws/install/geometry_msgs/include/geometry_msgs/msg/detail/pose2_d__struct.h
-- Symlinking: /root/catkin_ws/install/geometry_msgs/include/geometry_msgs/msg/detail/pose2_d__type_support.h
-- Symlinking: /root/catkin_ws/install/geometry_msgs/include/geometry_msgs/msg/detail/pose__functions.h
-- Symlinking: /root/catkin_ws/install/geometry_msgs/include/geometry_msgs/msg/detail/pose__struct.h
-- Symlinking: /root/catkin_ws/install/geometry_msgs/include/geometry_msgs/msg/detail/pose__type_support.h
-- Symlinking: /root/catkin_ws/install/geometry_msgs/include/geometry_msgs/msg/detail/pose_array__functions.h
-- Symlinking: /root/catkin_ws/install/geometry_msgs/include/geometry_msgs/msg/detail/pose_array__struct.h
-- Symlinking: /root/catkin_ws/install/geometry_msgs/include/geometry_msgs/msg/detail/pose_array__type_support.h
-- Symlinking: /root/catkin_ws/install/geometry_msgs/include/geometry_msgs/msg/detail/pose_stamped__functions.h
-- Symlinking: /root/catkin_ws/install/geometry_msgs/include/geometry_msgs/msg/detail/pose_stamped__struct.h
-- Symlinking: /root/catkin_ws/install/geometry_msgs/include/geometry_msgs/msg/detail/pose_stamped__type_support.h
-- Symlinking: /root/catkin_ws/install/geometry_msgs/include/geometry_msgs/msg/detail/pose_with_covariance__functions.h
-- Symlinking: /root/catkin_ws/install/geometry_msgs/include/geometry_msgs/msg/detail/pose_with_covariance__struct.h
-- Symlinking: /root/catkin_ws/install/geometry_msgs/include/geometry_msgs/msg/detail/pose_with_covariance__type_support.h
-- Symlinking: /root/catkin_ws/install/geometry_msgs/include/geometry_msgs/msg/detail/pose_with_covariance_stamped__functions.h
-- Symlinking: /root/catkin_ws/install/geometry_msgs/include/geometry_msgs/msg/detail/pose_with_covariance_stamped__struct.h
-- Symlinking: /root/catkin_ws/install/geometry_msgs/include/geometry_msgs/msg/detail/pose_with_covariance_stamped__type_support.h
-- Symlinking: /root/catkin_ws/install/geometry_msgs/include/geometry_msgs/msg/detail/quaternion__functions.h
-- Symlinking: /root/catkin_ws/install/geometry_msgs/include/geometry_msgs/msg/detail/quaternion__struct.h
-- Symlinking: /root/catkin_ws/install/geometry_msgs/include/geometry_msgs/msg/detail/quaternion__type_support.h
-- Symlinking: /root/catkin_ws/install/geometry_msgs/include/geometry_msgs/msg/detail/quaternion_stamped__functions.h
-- Symlinking: /root/catkin_ws/install/geometry_msgs/include/geometry_msgs/msg/detail/quaternion_stamped__struct.h
-- Symlinking: /root/catkin_ws/install/geometry_msgs/include/geometry_msgs/msg/detail/quaternion_stamped__type_support.h
-- Symlinking: /root/catkin_ws/install/geometry_msgs/include/geometry_msgs/msg/detail/transform__functions.h
-- Symlinking: /root/catkin_ws/install/geometry_msgs/include/geometry_msgs/msg/detail/transform__struct.h
-- Symlinking: /root/catkin_ws/install/geometry_msgs/include/geometry_msgs/msg/detail/transform__type_support.h
-- Symlinking: /root/catkin_ws/install/geometry_msgs/include/geometry_msgs/msg/detail/transform_stamped__functions.h
-- Symlinking: /root/catkin_ws/install/geometry_msgs/include/geometry_msgs/msg/detail/transform_stamped__struct.h
-- Symlinking: /root/catkin_ws/install/geometry_msgs/include/geometry_msgs/msg/detail/transform_stamped__type_support.h
-- Symlinking: /root/catkin_ws/install/geometry_msgs/include/geometry_msgs/msg/detail/twist__functions.h
-- Symlinking: /root/catkin_ws/install/geometry_msgs/include/geometry_msgs/msg/detail/twist__struct.h
-- Symlinking: /root/catkin_ws/install/geometry_msgs/include/geometry_msgs/msg/detail/twist__type_support.h
-- Symlinking: /root/catkin_ws/install/geometry_msgs/include/geometry_msgs/msg/detail/twist_stamped__functions.h
-- Symlinking: /root/catkin_ws/install/geometry_msgs/include/geometry_msgs/msg/detail/twist_stamped__struct.h
-- Symlinking: /root/catkin_ws/install/geometry_msgs/include/geometry_msgs/msg/detail/twist_stamped__type_support.h
-- Symlinking: /root/catkin_ws/install/geometry_msgs/include/geometry_msgs/msg/detail/twist_with_covariance__functions.h
-- Symlinking: /root/catkin_ws/install/geometry_msgs/include/geometry_msgs/msg/detail/twist_with_covariance__struct.h
-- Symlinking: /root/catkin_ws/install/geometry_msgs/include/geometry_msgs/msg/detail/twist_with_covariance__type_support.h
-- Symlinking: /root/catkin_ws/install/geometry_msgs/include/geometry_msgs/msg/detail/twist_with_covariance_stamped__functions.h
-- Symlinking: /root/catkin_ws/install/geometry_msgs/include/geometry_msgs/msg/detail/twist_with_covariance_stamped__struct.h
-- Symlinking: /root/catkin_ws/install/geometry_msgs/include/geometry_msgs/msg/detail/twist_with_covariance_stamped__type_support.h
-- Symlinking: /root/catkin_ws/install/geometry_msgs/include/geometry_msgs/msg/detail/vector3__functions.h
-- Symlinking: /root/catkin_ws/install/geometry_msgs/include/geometry_msgs/msg/detail/vector3__struct.h
-- Symlinking: /root/catkin_ws/install/geometry_msgs/include/geometry_msgs/msg/detail/vector3__type_support.h
-- Symlinking: /root/catkin_ws/install/geometry_msgs/include/geometry_msgs/msg/detail/vector3_stamped__functions.h
-- Symlinking: /root/catkin_ws/install/geometry_msgs/include/geometry_msgs/msg/detail/vector3_stamped__struct.h
-- Symlinking: /root/catkin_ws/install/geometry_msgs/include/geometry_msgs/msg/detail/vector3_stamped__type_support.h
-- Symlinking: /root/catkin_ws/install/geometry_msgs/include/geometry_msgs/msg/detail/wrench__functions.h
-- Symlinking: /root/catkin_ws/install/geometry_msgs/include/geometry_msgs/msg/detail/wrench__struct.h
-- Symlinking: /root/catkin_ws/install/geometry_msgs/include/geometry_msgs/msg/detail/wrench__type_support.h
-- Symlinking: /root/catkin_ws/install/geometry_msgs/include/geometry_msgs/msg/detail/wrench_stamped__functions.h
-- Symlinking: /root/catkin_ws/install/geometry_msgs/include/geometry_msgs/msg/detail/wrench_stamped__struct.h
-- Symlinking: /root/catkin_ws/install/geometry_msgs/include/geometry_msgs/msg/detail/wrench_stamped__type_support.h
-- Symlinking: /root/catkin_ws/install/geometry_msgs/include/geometry_msgs/msg/inertia.h
-- Symlinking: /root/catkin_ws/install/geometry_msgs/include/geometry_msgs/msg/inertia_stamped.h
-- Symlinking: /root/catkin_ws/install/geometry_msgs/include/geometry_msgs/msg/point.h
-- Symlinking: /root/catkin_ws/install/geometry_msgs/include/geometry_msgs/msg/point32.h
-- Symlinking: /root/catkin_ws/install/geometry_msgs/include/geometry_msgs/msg/point_stamped.h
-- Symlinking: /root/catkin_ws/install/geometry_msgs/include/geometry_msgs/msg/polygon.h
-- Symlinking: /root/catkin_ws/install/geometry_msgs/include/geometry_msgs/msg/polygon_stamped.h
-- Symlinking: /root/catkin_ws/install/geometry_msgs/include/geometry_msgs/msg/pose.h
-- Symlinking: /root/catkin_ws/install/geometry_msgs/include/geometry_msgs/msg/pose2_d.h
-- Symlinking: /root/catkin_ws/install/geometry_msgs/include/geometry_msgs/msg/pose_array.h
-- Symlinking: /root/catkin_ws/install/geometry_msgs/include/geometry_msgs/msg/pose_stamped.h
-- Symlinking: /root/catkin_ws/install/geometry_msgs/include/geometry_msgs/msg/pose_with_covariance.h
-- Symlinking: /root/catkin_ws/install/geometry_msgs/include/geometry_msgs/msg/pose_with_covariance_stamped.h
-- Symlinking: /root/catkin_ws/install/geometry_msgs/include/geometry_msgs/msg/quaternion.h
-- Symlinking: /root/catkin_ws/install/geometry_msgs/include/geometry_msgs/msg/quaternion_stamped.h
-- Symlinking: /root/catkin_ws/install/geometry_msgs/include/geometry_msgs/msg/rosidl_generator_c__visibility_control.h
-- Symlinking: /root/catkin_ws/install/geometry_msgs/include/geometry_msgs/msg/transform.h
-- Symlinking: /root/catkin_ws/install/geometry_msgs/include/geometry_msgs/msg/transform_stamped.h
-- Symlinking: /root/catkin_ws/install/geometry_msgs/include/geometry_msgs/msg/twist.h
-- Symlinking: /root/catkin_ws/install/geometry_msgs/include/geometry_msgs/msg/twist_stamped.h
-- Symlinking: /root/catkin_ws/install/geometry_msgs/include/geometry_msgs/msg/twist_with_covariance.h
-- Symlinking: /root/catkin_ws/install/geometry_msgs/include/geometry_msgs/msg/twist_with_covariance_stamped.h
-- Symlinking: /root/catkin_ws/install/geometry_msgs/include/geometry_msgs/msg/vector3.h
-- Symlinking: /root/catkin_ws/install/geometry_msgs/include/geometry_msgs/msg/vector3_stamped.h
-- Symlinking: /root/catkin_ws/install/geometry_msgs/include/geometry_msgs/msg/wrench.h
-- Symlinking: /root/catkin_ws/install/geometry_msgs/include/geometry_msgs/msg/wrench_stamped.h
-- Symlinking: /root/catkin_ws/install/geometry_msgs/share/geometry_msgs/environment/library_path.sh
-- Symlinking: /root/catkin_ws/install/geometry_msgs/share/geometry_msgs/environment/library_path.dsv
-- Symlinking: /root/catkin_ws/install/geometry_msgs/include/geometry_msgs/msg/detail/accel__rosidl_typesupport_microxrcedds_c.h
-- Symlinking: /root/catkin_ws/install/geometry_msgs/include/geometry_msgs/msg/detail/accel_stamped__rosidl_typesupport_microxrcedds_c.h
-- Symlinking: /root/catkin_ws/install/geometry_msgs/include/geometry_msgs/msg/detail/accel_with_covariance__rosidl_typesupport_microxrcedds_c.h
-- Symlinking: /root/catkin_ws/install/geometry_msgs/include/geometry_msgs/msg/detail/accel_with_covariance_stamped__rosidl_typesupport_microxrcedds_c.h
-- Symlinking: /root/catkin_ws/install/geometry_msgs/include/geometry_msgs/msg/detail/inertia__rosidl_typesupport_microxrcedds_c.h
-- Symlinking: /root/catkin_ws/install/geometry_msgs/include/geometry_msgs/msg/detail/inertia_stamped__rosidl_typesupport_microxrcedds_c.h
-- Symlinking: /root/catkin_ws/install/geometry_msgs/include/geometry_msgs/msg/detail/point32__rosidl_typesupport_microxrcedds_c.h
-- Symlinking: /root/catkin_ws/install/geometry_msgs/include/geometry_msgs/msg/detail/point__rosidl_typesupport_microxrcedds_c.h
-- Symlinking: /root/catkin_ws/install/geometry_msgs/include/geometry_msgs/msg/detail/point_stamped__rosidl_typesupport_microxrcedds_c.h
-- Symlinking: /root/catkin_ws/install/geometry_msgs/include/geometry_msgs/msg/detail/polygon__rosidl_typesupport_microxrcedds_c.h
-- Symlinking: /root/catkin_ws/install/geometry_msgs/include/geometry_msgs/msg/detail/polygon_stamped__rosidl_typesupport_microxrcedds_c.h
-- Symlinking: /root/catkin_ws/install/geometry_msgs/include/geometry_msgs/msg/detail/pose2_d__rosidl_typesupport_microxrcedds_c.h
-- Symlinking: /root/catkin_ws/install/geometry_msgs/include/geometry_msgs/msg/detail/pose__rosidl_typesupport_microxrcedds_c.h
-- Symlinking: /root/catkin_ws/install/geometry_msgs/include/geometry_msgs/msg/detail/pose_array__rosidl_typesupport_microxrcedds_c.h
-- Symlinking: /root/catkin_ws/install/geometry_msgs/include/geometry_msgs/msg/detail/pose_stamped__rosidl_typesupport_microxrcedds_c.h
-- Symlinking: /root/catkin_ws/install/geometry_msgs/include/geometry_msgs/msg/detail/pose_with_covariance__rosidl_typesupport_microxrcedds_c.h
-- Symlinking: /root/catkin_ws/install/geometry_msgs/include/geometry_msgs/msg/detail/pose_with_covariance_stamped__rosidl_typesupport_microxrcedds_c.h
-- Symlinking: /root/catkin_ws/install/geometry_msgs/include/geometry_msgs/msg/detail/quaternion__rosidl_typesupport_microxrcedds_c.h
-- Symlinking: /root/catkin_ws/install/geometry_msgs/include/geometry_msgs/msg/detail/quaternion_stamped__rosidl_typesupport_microxrcedds_c.h
-- Symlinking: /root/catkin_ws/install/geometry_msgs/include/geometry_msgs/msg/detail/transform__rosidl_typesupport_microxrcedds_c.h
-- Symlinking: /root/catkin_ws/install/geometry_msgs/include/geometry_msgs/msg/detail/transform_stamped__rosidl_typesupport_microxrcedds_c.h
-- Symlinking: /root/catkin_ws/install/geometry_msgs/include/geometry_msgs/msg/detail/twist__rosidl_typesupport_microxrcedds_c.h
-- Symlinking: /root/catkin_ws/install/geometry_msgs/include/geometry_msgs/msg/detail/twist_stamped__rosidl_typesupport_microxrcedds_c.h
-- Symlinking: /root/catkin_ws/install/geometry_msgs/include/geometry_msgs/msg/detail/twist_with_covariance__rosidl_typesupport_microxrcedds_c.h
-- Symlinking: /root/catkin_ws/install/geometry_msgs/include/geometry_msgs/msg/detail/twist_with_covariance_stamped__rosidl_typesupport_microxrcedds_c.h
-- Symlinking: /root/catkin_ws/install/geometry_msgs/include/geometry_msgs/msg/detail/vector3__rosidl_typesupport_microxrcedds_c.h
-- Symlinking: /root/catkin_ws/install/geometry_msgs/include/geometry_msgs/msg/detail/vector3_stamped__rosidl_typesupport_microxrcedds_c.h
-- Symlinking: /root/catkin_ws/install/geometry_msgs/include/geometry_msgs/msg/detail/wrench__rosidl_typesupport_microxrcedds_c.h
-- Symlinking: /root/catkin_ws/install/geometry_msgs/include/geometry_msgs/msg/detail/wrench_stamped__rosidl_typesupport_microxrcedds_c.h
-- Symlinking: /root/catkin_ws/install/geometry_msgs/include/geometry_msgs/msg/rosidl_typesupport_microxrcedds_c__visibility_control.h
-- Symlinking: /root/catkin_ws/install/geometry_msgs/lib/libgeometry_msgs__rosidl_typesupport_microxrcedds_c.so
-- Symlinking: /root/catkin_ws/install/geometry_msgs/include/geometry_msgs/msg/detail/accel__rosidl_typesupport_fastrtps_c.h
-- Symlinking: /root/catkin_ws/install/geometry_msgs/include/geometry_msgs/msg/detail/accel_stamped__rosidl_typesupport_fastrtps_c.h
-- Symlinking: /root/catkin_ws/install/geometry_msgs/include/geometry_msgs/msg/detail/accel_with_covariance__rosidl_typesupport_fastrtps_c.h
-- Symlinking: /root/catkin_ws/install/geometry_msgs/include/geometry_msgs/msg/detail/accel_with_covariance_stamped__rosidl_typesupport_fastrtps_c.h
-- Symlinking: /root/catkin_ws/install/geometry_msgs/include/geometry_msgs/msg/detail/inertia__rosidl_typesupport_fastrtps_c.h
-- Symlinking: /root/catkin_ws/install/geometry_msgs/include/geometry_msgs/msg/detail/inertia_stamped__rosidl_typesupport_fastrtps_c.h
-- Symlinking: /root/catkin_ws/install/geometry_msgs/include/geometry_msgs/msg/detail/point32__rosidl_typesupport_fastrtps_c.h
-- Symlinking: /root/catkin_ws/install/geometry_msgs/include/geometry_msgs/msg/detail/point__rosidl_typesupport_fastrtps_c.h
-- Symlinking: /root/catkin_ws/install/geometry_msgs/include/geometry_msgs/msg/detail/point_stamped__rosidl_typesupport_fastrtps_c.h
-- Symlinking: /root/catkin_ws/install/geometry_msgs/include/geometry_msgs/msg/detail/polygon__rosidl_typesupport_fastrtps_c.h
-- Symlinking: /root/catkin_ws/install/geometry_msgs/include/geometry_msgs/msg/detail/polygon_stamped__rosidl_typesupport_fastrtps_c.h
-- Symlinking: /root/catkin_ws/install/geometry_msgs/include/geometry_msgs/msg/detail/pose2_d__rosidl_typesupport_fastrtps_c.h
-- Symlinking: /root/catkin_ws/install/geometry_msgs/include/geometry_msgs/msg/detail/pose__rosidl_typesupport_fastrtps_c.h
-- Symlinking: /root/catkin_ws/install/geometry_msgs/include/geometry_msgs/msg/detail/pose_array__rosidl_typesupport_fastrtps_c.h
-- Symlinking: /root/catkin_ws/install/geometry_msgs/include/geometry_msgs/msg/detail/pose_stamped__rosidl_typesupport_fastrtps_c.h
-- Symlinking: /root/catkin_ws/install/geometry_msgs/include/geometry_msgs/msg/detail/pose_with_covariance__rosidl_typesupport_fastrtps_c.h
-- Symlinking: /root/catkin_ws/install/geometry_msgs/include/geometry_msgs/msg/detail/pose_with_covariance_stamped__rosidl_typesupport_fastrtps_c.h
-- Symlinking: /root/catkin_ws/install/geometry_msgs/include/geometry_msgs/msg/detail/quaternion__rosidl_typesupport_fastrtps_c.h
-- Symlinking: /root/catkin_ws/install/geometry_msgs/include/geometry_msgs/msg/detail/quaternion_stamped__rosidl_typesupport_fastrtps_c.h
-- Symlinking: /root/catkin_ws/install/geometry_msgs/include/geometry_msgs/msg/detail/transform__rosidl_typesupport_fastrtps_c.h
-- Symlinking: /root/catkin_ws/install/geometry_msgs/include/geometry_msgs/msg/detail/transform_stamped__rosidl_typesupport_fastrtps_c.h
-- Symlinking: /root/catkin_ws/install/geometry_msgs/include/geometry_msgs/msg/detail/twist__rosidl_typesupport_fastrtps_c.h
-- Symlinking: /root/catkin_ws/install/geometry_msgs/include/geometry_msgs/msg/detail/twist_stamped__rosidl_typesupport_fastrtps_c.h
-- Symlinking: /root/catkin_ws/install/geometry_msgs/include/geometry_msgs/msg/detail/twist_with_covariance__rosidl_typesupport_fastrtps_c.h
-- Symlinking: /root/catkin_ws/install/geometry_msgs/include/geometry_msgs/msg/detail/twist_with_covariance_stamped__rosidl_typesupport_fastrtps_c.h
-- Symlinking: /root/catkin_ws/install/geometry_msgs/include/geometry_msgs/msg/detail/vector3__rosidl_typesupport_fastrtps_c.h
-- Symlinking: /root/catkin_ws/install/geometry_msgs/include/geometry_msgs/msg/detail/vector3_stamped__rosidl_typesupport_fastrtps_c.h
-- Symlinking: /root/catkin_ws/install/geometry_msgs/include/geometry_msgs/msg/detail/wrench__rosidl_typesupport_fastrtps_c.h
-- Symlinking: /root/catkin_ws/install/geometry_msgs/include/geometry_msgs/msg/detail/wrench_stamped__rosidl_typesupport_fastrtps_c.h
-- Symlinking: /root/catkin_ws/install/geometry_msgs/include/geometry_msgs/msg/rosidl_typesupport_fastrtps_c__visibility_control.h
-- Symlinking: /root/catkin_ws/install/geometry_msgs/lib/libgeometry_msgs__rosidl_typesupport_fastrtps_c.so
-- Symlinking: /root/catkin_ws/install/geometry_msgs/include/geometry_msgs/msg/detail/accel__rosidl_typesupport_fastrtps_cpp.hpp
-- Symlinking: /root/catkin_ws/install/geometry_msgs/include/geometry_msgs/msg/detail/accel_stamped__rosidl_typesupport_fastrtps_cpp.hpp
-- Symlinking: /root/catkin_ws/install/geometry_msgs/include/geometry_msgs/msg/detail/accel_with_covariance__rosidl_typesupport_fastrtps_cpp.hpp
-- Symlinking: /root/catkin_ws/install/geometry_msgs/include/geometry_msgs/msg/detail/accel_with_covariance_stamped__rosidl_typesupport_fastrtps_cpp.hpp
-- Symlinking: /root/catkin_ws/install/geometry_msgs/include/geometry_msgs/msg/detail/inertia__rosidl_typesupport_fastrtps_cpp.hpp
-- Symlinking: /root/catkin_ws/install/geometry_msgs/include/geometry_msgs/msg/detail/inertia_stamped__rosidl_typesupport_fastrtps_cpp.hpp
-- Symlinking: /root/catkin_ws/install/geometry_msgs/include/geometry_msgs/msg/detail/point32__rosidl_typesupport_fastrtps_cpp.hpp
-- Symlinking: /root/catkin_ws/install/geometry_msgs/include/geometry_msgs/msg/detail/point__rosidl_typesupport_fastrtps_cpp.hpp
-- Symlinking: /root/catkin_ws/install/geometry_msgs/include/geometry_msgs/msg/detail/point_stamped__rosidl_typesupport_fastrtps_cpp.hpp
-- Symlinking: /root/catkin_ws/install/geometry_msgs/include/geometry_msgs/msg/detail/polygon__rosidl_typesupport_fastrtps_cpp.hpp
-- Symlinking: /root/catkin_ws/install/geometry_msgs/include/geometry_msgs/msg/detail/polygon_stamped__rosidl_typesupport_fastrtps_cpp.hpp
-- Symlinking: /root/catkin_ws/install/geometry_msgs/include/geometry_msgs/msg/detail/pose2_d__rosidl_typesupport_fastrtps_cpp.hpp
-- Symlinking: /root/catkin_ws/install/geometry_msgs/include/geometry_msgs/msg/detail/pose__rosidl_typesupport_fastrtps_cpp.hpp
-- Symlinking: /root/catkin_ws/install/geometry_msgs/include/geometry_msgs/msg/detail/pose_array__rosidl_typesupport_fastrtps_cpp.hpp
-- Symlinking: /root/catkin_ws/install/geometry_msgs/include/geometry_msgs/msg/detail/pose_stamped__rosidl_typesupport_fastrtps_cpp.hpp
-- Symlinking: /root/catkin_ws/install/geometry_msgs/include/geometry_msgs/msg/detail/pose_with_covariance__rosidl_typesupport_fastrtps_cpp.hpp
-- Symlinking: /root/catkin_ws/install/geometry_msgs/include/geometry_msgs/msg/detail/pose_with_covariance_stamped__rosidl_typesupport_fastrtps_cpp.hpp
-- Symlinking: /root/catkin_ws/install/geometry_msgs/include/geometry_msgs/msg/detail/quaternion__rosidl_typesupport_fastrtps_cpp.hpp
-- Symlinking: /root/catkin_ws/install/geometry_msgs/include/geometry_msgs/msg/detail/quaternion_stamped__rosidl_typesupport_fastrtps_cpp.hpp
-- Symlinking: /root/catkin_ws/install/geometry_msgs/include/geometry_msgs/msg/detail/transform__rosidl_typesupport_fastrtps_cpp.hpp
-- Symlinking: /root/catkin_ws/install/geometry_msgs/include/geometry_msgs/msg/detail/transform_stamped__rosidl_typesupport_fastrtps_cpp.hpp
-- Symlinking: /root/catkin_ws/install/geometry_msgs/include/geometry_msgs/msg/detail/twist__rosidl_typesupport_fastrtps_cpp.hpp
-- Symlinking: /root/catkin_ws/install/geometry_msgs/include/geometry_msgs/msg/detail/twist_stamped__rosidl_typesupport_fastrtps_cpp.hpp
-- Symlinking: /root/catkin_ws/install/geometry_msgs/include/geometry_msgs/msg/detail/twist_with_covariance__rosidl_typesupport_fastrtps_cpp.hpp
-- Symlinking: /root/catkin_ws/install/geometry_msgs/include/geometry_msgs/msg/detail/twist_with_covariance_stamped__rosidl_typesupport_fastrtps_cpp.hpp
-- Symlinking: /root/catkin_ws/install/geometry_msgs/include/geometry_msgs/msg/detail/vector3__rosidl_typesupport_fastrtps_cpp.hpp
-- Symlinking: /root/catkin_ws/install/geometry_msgs/include/geometry_msgs/msg/detail/vector3_stamped__rosidl_typesupport_fastrtps_cpp.hpp
-- Symlinking: /root/catkin_ws/install/geometry_msgs/include/geometry_msgs/msg/detail/wrench__rosidl_typesupport_fastrtps_cpp.hpp
-- Symlinking: /root/catkin_ws/install/geometry_msgs/include/geometry_msgs/msg/detail/wrench_stamped__rosidl_typesupport_fastrtps_cpp.hpp
-- Symlinking: /root/catkin_ws/install/geometry_msgs/include/geometry_msgs/msg/rosidl_typesupport_fastrtps_cpp__visibility_control.h
-- Symlinking: /root/catkin_ws/install/geometry_msgs/lib/libgeometry_msgs__rosidl_typesupport_fastrtps_cpp.so
-- Symlinking: /root/catkin_ws/install/geometry_msgs/include/geometry_msgs/msg/detail/accel__rosidl_typesupport_introspection_c.h
-- Symlinking: /root/catkin_ws/install/geometry_msgs/include/geometry_msgs/msg/detail/accel_stamped__rosidl_typesupport_introspection_c.h
-- Symlinking: /root/catkin_ws/install/geometry_msgs/include/geometry_msgs/msg/detail/accel_with_covariance__rosidl_typesupport_introspection_c.h
-- Symlinking: /root/catkin_ws/install/geometry_msgs/include/geometry_msgs/msg/detail/accel_with_covariance_stamped__rosidl_typesupport_introspection_c.h
-- Symlinking: /root/catkin_ws/install/geometry_msgs/include/geometry_msgs/msg/detail/inertia__rosidl_typesupport_introspection_c.h
-- Symlinking: /root/catkin_ws/install/geometry_msgs/include/geometry_msgs/msg/detail/inertia_stamped__rosidl_typesupport_introspection_c.h
-- Symlinking: /root/catkin_ws/install/geometry_msgs/include/geometry_msgs/msg/detail/point32__rosidl_typesupport_introspection_c.h
-- Symlinking: /root/catkin_ws/install/geometry_msgs/include/geometry_msgs/msg/detail/point__rosidl_typesupport_introspection_c.h
-- Symlinking: /root/catkin_ws/install/geometry_msgs/include/geometry_msgs/msg/detail/point_stamped__rosidl_typesupport_introspection_c.h
-- Symlinking: /root/catkin_ws/install/geometry_msgs/include/geometry_msgs/msg/detail/polygon__rosidl_typesupport_introspection_c.h
-- Symlinking: /root/catkin_ws/install/geometry_msgs/include/geometry_msgs/msg/detail/polygon_stamped__rosidl_typesupport_introspection_c.h
-- Symlinking: /root/catkin_ws/install/geometry_msgs/include/geometry_msgs/msg/detail/pose2_d__rosidl_typesupport_introspection_c.h
-- Symlinking: /root/catkin_ws/install/geometry_msgs/include/geometry_msgs/msg/detail/pose__rosidl_typesupport_introspection_c.h
-- Symlinking: /root/catkin_ws/install/geometry_msgs/include/geometry_msgs/msg/detail/pose_array__rosidl_typesupport_introspection_c.h
-- Symlinking: /root/catkin_ws/install/geometry_msgs/include/geometry_msgs/msg/detail/pose_stamped__rosidl_typesupport_introspection_c.h
-- Symlinking: /root/catkin_ws/install/geometry_msgs/include/geometry_msgs/msg/detail/pose_with_covariance__rosidl_typesupport_introspection_c.h
-- Symlinking: /root/catkin_ws/install/geometry_msgs/include/geometry_msgs/msg/detail/pose_with_covariance_stamped__rosidl_typesupport_introspection_c.h
-- Symlinking: /root/catkin_ws/install/geometry_msgs/include/geometry_msgs/msg/detail/quaternion__rosidl_typesupport_introspection_c.h
-- Symlinking: /root/catkin_ws/install/geometry_msgs/include/geometry_msgs/msg/detail/quaternion_stamped__rosidl_typesupport_introspection_c.h
-- Symlinking: /root/catkin_ws/install/geometry_msgs/include/geometry_msgs/msg/detail/transform__rosidl_typesupport_introspection_c.h
-- Symlinking: /root/catkin_ws/install/geometry_msgs/include/geometry_msgs/msg/detail/transform_stamped__rosidl_typesupport_introspection_c.h
-- Symlinking: /root/catkin_ws/install/geometry_msgs/include/geometry_msgs/msg/detail/twist__rosidl_typesupport_introspection_c.h
-- Symlinking: /root/catkin_ws/install/geometry_msgs/include/geometry_msgs/msg/detail/twist_stamped__rosidl_typesupport_introspection_c.h
-- Symlinking: /root/catkin_ws/install/geometry_msgs/include/geometry_msgs/msg/detail/twist_with_covariance__rosidl_typesupport_introspection_c.h
-- Symlinking: /root/catkin_ws/install/geometry_msgs/include/geometry_msgs/msg/detail/twist_with_covariance_stamped__rosidl_typesupport_introspection_c.h
-- Symlinking: /root/catkin_ws/install/geometry_msgs/include/geometry_msgs/msg/detail/vector3__rosidl_typesupport_introspection_c.h
-- Symlinking: /root/catkin_ws/install/geometry_msgs/include/geometry_msgs/msg/detail/vector3_stamped__rosidl_typesupport_introspection_c.h
-- Symlinking: /root/catkin_ws/install/geometry_msgs/include/geometry_msgs/msg/detail/wrench__rosidl_typesupport_introspection_c.h
-- Symlinking: /root/catkin_ws/install/geometry_msgs/include/geometry_msgs/msg/detail/wrench_stamped__rosidl_typesupport_introspection_c.h
-- Symlinking: /root/catkin_ws/install/geometry_msgs/include/geometry_msgs/msg/rosidl_typesupport_introspection_c__visibility_control.h
-- Symlinking: /root/catkin_ws/install/geometry_msgs/include/geometry_msgs/msg/accel.hpp
-- Symlinking: /root/catkin_ws/install/geometry_msgs/include/geometry_msgs/msg/accel_stamped.hpp
-- Symlinking: /root/catkin_ws/install/geometry_msgs/include/geometry_msgs/msg/accel_with_covariance.hpp
-- Symlinking: /root/catkin_ws/install/geometry_msgs/include/geometry_msgs/msg/accel_with_covariance_stamped.hpp
-- Symlinking: /root/catkin_ws/install/geometry_msgs/include/geometry_msgs/msg/detail/accel__builder.hpp
-- Symlinking: /root/catkin_ws/install/geometry_msgs/include/geometry_msgs/msg/detail/accel__struct.hpp
-- Symlinking: /root/catkin_ws/install/geometry_msgs/include/geometry_msgs/msg/detail/accel__traits.hpp
-- Symlinking: /root/catkin_ws/install/geometry_msgs/include/geometry_msgs/msg/detail/accel_stamped__builder.hpp
-- Symlinking: /root/catkin_ws/install/geometry_msgs/include/geometry_msgs/msg/detail/accel_stamped__struct.hpp
-- Symlinking: /root/catkin_ws/install/geometry_msgs/include/geometry_msgs/msg/detail/accel_stamped__traits.hpp
-- Symlinking: /root/catkin_ws/install/geometry_msgs/include/geometry_msgs/msg/detail/accel_with_covariance__builder.hpp
-- Symlinking: /root/catkin_ws/install/geometry_msgs/include/geometry_msgs/msg/detail/accel_with_covariance__struct.hpp
-- Symlinking: /root/catkin_ws/install/geometry_msgs/include/geometry_msgs/msg/detail/accel_with_covariance__traits.hpp
-- Symlinking: /root/catkin_ws/install/geometry_msgs/include/geometry_msgs/msg/detail/accel_with_covariance_stamped__builder.hpp
-- Symlinking: /root/catkin_ws/install/geometry_msgs/include/geometry_msgs/msg/detail/accel_with_covariance_stamped__struct.hpp
-- Symlinking: /root/catkin_ws/install/geometry_msgs/include/geometry_msgs/msg/detail/accel_with_covariance_stamped__traits.hpp
-- Symlinking: /root/catkin_ws/install/geometry_msgs/include/geometry_msgs/msg/detail/inertia__builder.hpp
-- Symlinking: /root/catkin_ws/install/geometry_msgs/include/geometry_msgs/msg/detail/inertia__struct.hpp
-- Symlinking: /root/catkin_ws/install/geometry_msgs/include/geometry_msgs/msg/detail/inertia__traits.hpp
-- Symlinking: /root/catkin_ws/install/geometry_msgs/include/geometry_msgs/msg/detail/inertia_stamped__builder.hpp
-- Symlinking: /root/catkin_ws/install/geometry_msgs/include/geometry_msgs/msg/detail/inertia_stamped__struct.hpp
-- Symlinking: /root/catkin_ws/install/geometry_msgs/include/geometry_msgs/msg/detail/inertia_stamped__traits.hpp
-- Symlinking: /root/catkin_ws/install/geometry_msgs/include/geometry_msgs/msg/detail/point32__builder.hpp
-- Symlinking: /root/catkin_ws/install/geometry_msgs/include/geometry_msgs/msg/detail/point32__struct.hpp
-- Symlinking: /root/catkin_ws/install/geometry_msgs/include/geometry_msgs/msg/detail/point32__traits.hpp
-- Symlinking: /root/catkin_ws/install/geometry_msgs/include/geometry_msgs/msg/detail/point__builder.hpp
-- Symlinking: /root/catkin_ws/install/geometry_msgs/include/geometry_msgs/msg/detail/point__struct.hpp
-- Symlinking: /root/catkin_ws/install/geometry_msgs/include/geometry_msgs/msg/detail/point__traits.hpp
-- Symlinking: /root/catkin_ws/install/geometry_msgs/include/geometry_msgs/msg/detail/point_stamped__builder.hpp
-- Symlinking: /root/catkin_ws/install/geometry_msgs/include/geometry_msgs/msg/detail/point_stamped__struct.hpp
-- Symlinking: /root/catkin_ws/install/geometry_msgs/include/geometry_msgs/msg/detail/point_stamped__traits.hpp
-- Symlinking: /root/catkin_ws/install/geometry_msgs/include/geometry_msgs/msg/detail/polygon__builder.hpp
-- Symlinking: /root/catkin_ws/install/geometry_msgs/include/geometry_msgs/msg/detail/polygon__struct.hpp
-- Symlinking: /root/catkin_ws/install/geometry_msgs/include/geometry_msgs/msg/detail/polygon__traits.hpp
-- Symlinking: /root/catkin_ws/install/geometry_msgs/include/geometry_msgs/msg/detail/polygon_stamped__builder.hpp
-- Symlinking: /root/catkin_ws/install/geometry_msgs/include/geometry_msgs/msg/detail/polygon_stamped__struct.hpp
-- Symlinking: /root/catkin_ws/install/geometry_msgs/include/geometry_msgs/msg/detail/polygon_stamped__traits.hpp
-- Symlinking: /root/catkin_ws/install/geometry_msgs/include/geometry_msgs/msg/detail/pose2_d__builder.hpp
-- Symlinking: /root/catkin_ws/install/geometry_msgs/include/geometry_msgs/msg/detail/pose2_d__struct.hpp
-- Symlinking: /root/catkin_ws/install/geometry_msgs/include/geometry_msgs/msg/detail/pose2_d__traits.hpp
-- Symlinking: /root/catkin_ws/install/geometry_msgs/include/geometry_msgs/msg/detail/pose__builder.hpp
-- Symlinking: /root/catkin_ws/install/geometry_msgs/include/geometry_msgs/msg/detail/pose__struct.hpp
-- Symlinking: /root/catkin_ws/install/geometry_msgs/include/geometry_msgs/msg/detail/pose__traits.hpp
-- Symlinking: /root/catkin_ws/install/geometry_msgs/include/geometry_msgs/msg/detail/pose_array__builder.hpp
-- Symlinking: /root/catkin_ws/install/geometry_msgs/include/geometry_msgs/msg/detail/pose_array__struct.hpp
-- Symlinking: /root/catkin_ws/install/geometry_msgs/include/geometry_msgs/msg/detail/pose_array__traits.hpp
-- Symlinking: /root/catkin_ws/install/geometry_msgs/include/geometry_msgs/msg/detail/pose_stamped__builder.hpp
-- Symlinking: /root/catkin_ws/install/geometry_msgs/include/geometry_msgs/msg/detail/pose_stamped__struct.hpp
-- Symlinking: /root/catkin_ws/install/geometry_msgs/include/geometry_msgs/msg/detail/pose_stamped__traits.hpp
-- Symlinking: /root/catkin_ws/install/geometry_msgs/include/geometry_msgs/msg/detail/pose_with_covariance__builder.hpp
-- Symlinking: /root/catkin_ws/install/geometry_msgs/include/geometry_msgs/msg/detail/pose_with_covariance__struct.hpp
-- Symlinking: /root/catkin_ws/install/geometry_msgs/include/geometry_msgs/msg/detail/pose_with_covariance__traits.hpp
-- Symlinking: /root/catkin_ws/install/geometry_msgs/include/geometry_msgs/msg/detail/pose_with_covariance_stamped__builder.hpp
-- Symlinking: /root/catkin_ws/install/geometry_msgs/include/geometry_msgs/msg/detail/pose_with_covariance_stamped__struct.hpp
-- Symlinking: /root/catkin_ws/install/geometry_msgs/include/geometry_msgs/msg/detail/pose_with_covariance_stamped__traits.hpp
-- Symlinking: /root/catkin_ws/install/geometry_msgs/include/geometry_msgs/msg/detail/quaternion__builder.hpp
-- Symlinking: /root/catkin_ws/install/geometry_msgs/include/geometry_msgs/msg/detail/quaternion__struct.hpp
-- Symlinking: /root/catkin_ws/install/geometry_msgs/include/geometry_msgs/msg/detail/quaternion__traits.hpp
-- Symlinking: /root/catkin_ws/install/geometry_msgs/include/geometry_msgs/msg/detail/quaternion_stamped__builder.hpp
-- Symlinking: /root/catkin_ws/install/geometry_msgs/include/geometry_msgs/msg/detail/quaternion_stamped__struct.hpp
-- Symlinking: /root/catkin_ws/install/geometry_msgs/include/geometry_msgs/msg/detail/quaternion_stamped__traits.hpp
-- Symlinking: /root/catkin_ws/install/geometry_msgs/include/geometry_msgs/msg/detail/transform__builder.hpp
-- Symlinking: /root/catkin_ws/install/geometry_msgs/include/geometry_msgs/msg/detail/transform__struct.hpp
-- Symlinking: /root/catkin_ws/install/geometry_msgs/include/geometry_msgs/msg/detail/transform__traits.hpp
-- Symlinking: /root/catkin_ws/install/geometry_msgs/include/geometry_msgs/msg/detail/transform_stamped__builder.hpp
-- Symlinking: /root/catkin_ws/install/geometry_msgs/include/geometry_msgs/msg/detail/transform_stamped__struct.hpp
-- Symlinking: /root/catkin_ws/install/geometry_msgs/include/geometry_msgs/msg/detail/transform_stamped__traits.hpp
-- Symlinking: /root/catkin_ws/install/geometry_msgs/include/geometry_msgs/msg/detail/twist__builder.hpp
-- Symlinking: /root/catkin_ws/install/geometry_msgs/include/geometry_msgs/msg/detail/twist__struct.hpp
-- Symlinking: /root/catkin_ws/install/geometry_msgs/include/geometry_msgs/msg/detail/twist__traits.hpp
-- Symlinking: /root/catkin_ws/install/geometry_msgs/include/geometry_msgs/msg/detail/twist_stamped__builder.hpp
-- Symlinking: /root/catkin_ws/install/geometry_msgs/include/geometry_msgs/msg/detail/twist_stamped__struct.hpp
-- Symlinking: /root/catkin_ws/install/geometry_msgs/include/geometry_msgs/msg/detail/twist_stamped__traits.hpp
-- Symlinking: /root/catkin_ws/install/geometry_msgs/include/geometry_msgs/msg/detail/twist_with_covariance__builder.hpp
-- Symlinking: /root/catkin_ws/install/geometry_msgs/include/geometry_msgs/msg/detail/twist_with_covariance__struct.hpp
-- Symlinking: /root/catkin_ws/install/geometry_msgs/include/geometry_msgs/msg/detail/twist_with_covariance__traits.hpp
-- Symlinking: /root/catkin_ws/install/geometry_msgs/include/geometry_msgs/msg/detail/twist_with_covariance_stamped__builder.hpp
-- Symlinking: /root/catkin_ws/install/geometry_msgs/include/geometry_msgs/msg/detail/twist_with_covariance_stamped__struct.hpp
-- Symlinking: /root/catkin_ws/install/geometry_msgs/include/geometry_msgs/msg/detail/twist_with_covariance_stamped__traits.hpp
-- Symlinking: /root/catkin_ws/install/geometry_msgs/include/geometry_msgs/msg/detail/vector3__builder.hpp
-- Symlinking: /root/catkin_ws/install/geometry_msgs/include/geometry_msgs/msg/detail/vector3__struct.hpp
-- Symlinking: /root/catkin_ws/install/geometry_msgs/include/geometry_msgs/msg/detail/vector3__traits.hpp
-- Symlinking: /root/catkin_ws/install/geometry_msgs/include/geometry_msgs/msg/detail/vector3_stamped__builder.hpp
-- Symlinking: /root/catkin_ws/install/geometry_msgs/include/geometry_msgs/msg/detail/vector3_stamped__struct.hpp
-- Symlinking: /root/catkin_ws/install/geometry_msgs/include/geometry_msgs/msg/detail/vector3_stamped__traits.hpp
-- Symlinking: /root/catkin_ws/install/geometry_msgs/include/geometry_msgs/msg/detail/wrench__builder.hpp
-- Symlinking: /root/catkin_ws/install/geometry_msgs/include/geometry_msgs/msg/detail/wrench__struct.hpp
-- Symlinking: /root/catkin_ws/install/geometry_msgs/include/geometry_msgs/msg/detail/wrench__traits.hpp
-- Symlinking: /root/catkin_ws/install/geometry_msgs/include/geometry_msgs/msg/detail/wrench_stamped__builder.hpp
-- Symlinking: /root/catkin_ws/install/geometry_msgs/include/geometry_msgs/msg/detail/wrench_stamped__struct.hpp
-- Symlinking: /root/catkin_ws/install/geometry_msgs/include/geometry_msgs/msg/detail/wrench_stamped__traits.hpp
-- Symlinking: /root/catkin_ws/install/geometry_msgs/include/geometry_msgs/msg/inertia.hpp
-- Symlinking: /root/catkin_ws/install/geometry_msgs/include/geometry_msgs/msg/inertia_stamped.hpp
-- Symlinking: /root/catkin_ws/install/geometry_msgs/include/geometry_msgs/msg/point.hpp
-- Symlinking: /root/catkin_ws/install/geometry_msgs/include/geometry_msgs/msg/point32.hpp
-- Symlinking: /root/catkin_ws/install/geometry_msgs/include/geometry_msgs/msg/point_stamped.hpp
-- Symlinking: /root/catkin_ws/install/geometry_msgs/include/geometry_msgs/msg/polygon.hpp
-- Symlinking: /root/catkin_ws/install/geometry_msgs/include/geometry_msgs/msg/polygon_stamped.hpp
-- Symlinking: /root/catkin_ws/install/geometry_msgs/include/geometry_msgs/msg/pose.hpp
-- Symlinking: /root/catkin_ws/install/geometry_msgs/include/geometry_msgs/msg/pose2_d.hpp
-- Symlinking: /root/catkin_ws/install/geometry_msgs/include/geometry_msgs/msg/pose_array.hpp
-- Symlinking: /root/catkin_ws/install/geometry_msgs/include/geometry_msgs/msg/pose_stamped.hpp
-- Symlinking: /root/catkin_ws/install/geometry_msgs/include/geometry_msgs/msg/pose_with_covariance.hpp
-- Symlinking: /root/catkin_ws/install/geometry_msgs/include/geometry_msgs/msg/pose_with_covariance_stamped.hpp
-- Symlinking: /root/catkin_ws/install/geometry_msgs/include/geometry_msgs/msg/quaternion.hpp
-- Symlinking: /root/catkin_ws/install/geometry_msgs/include/geometry_msgs/msg/quaternion_stamped.hpp
-- Symlinking: /root/catkin_ws/install/geometry_msgs/include/geometry_msgs/msg/transform.hpp
-- Symlinking: /root/catkin_ws/install/geometry_msgs/include/geometry_msgs/msg/transform_stamped.hpp
-- Symlinking: /root/catkin_ws/install/geometry_msgs/include/geometry_msgs/msg/twist.hpp
-- Symlinking: /root/catkin_ws/install/geometry_msgs/include/geometry_msgs/msg/twist_stamped.hpp
-- Symlinking: /root/catkin_ws/install/geometry_msgs/include/geometry_msgs/msg/twist_with_covariance.hpp
-- Symlinking: /root/catkin_ws/install/geometry_msgs/include/geometry_msgs/msg/twist_with_covariance_stamped.hpp
-- Symlinking: /root/catkin_ws/install/geometry_msgs/include/geometry_msgs/msg/vector3.hpp
-- Symlinking: /root/catkin_ws/install/geometry_msgs/include/geometry_msgs/msg/vector3_stamped.hpp
-- Symlinking: /root/catkin_ws/install/geometry_msgs/include/geometry_msgs/msg/wrench.hpp
-- Symlinking: /root/catkin_ws/install/geometry_msgs/include/geometry_msgs/msg/wrench_stamped.hpp
-- Symlinking: /root/catkin_ws/install/geometry_msgs/include/geometry_msgs/msg/detail/accel__rosidl_typesupport_microxrcedds_cpp.hpp
-- Symlinking: /root/catkin_ws/install/geometry_msgs/include/geometry_msgs/msg/detail/accel_stamped__rosidl_typesupport_microxrcedds_cpp.hpp
-- Symlinking: /root/catkin_ws/install/geometry_msgs/include/geometry_msgs/msg/detail/accel_with_covariance__rosidl_typesupport_microxrcedds_cpp.hpp
-- Symlinking: /root/catkin_ws/install/geometry_msgs/include/geometry_msgs/msg/detail/accel_with_covariance_stamped__rosidl_typesupport_microxrcedds_cpp.hpp
-- Symlinking: /root/catkin_ws/install/geometry_msgs/include/geometry_msgs/msg/detail/inertia__rosidl_typesupport_microxrcedds_cpp.hpp
-- Symlinking: /root/catkin_ws/install/geometry_msgs/include/geometry_msgs/msg/detail/inertia_stamped__rosidl_typesupport_microxrcedds_cpp.hpp
-- Symlinking: /root/catkin_ws/install/geometry_msgs/include/geometry_msgs/msg/detail/microxrcedds/accel__type_support_cpp.cpp
-- Symlinking: /root/catkin_ws/install/geometry_msgs/include/geometry_msgs/msg/detail/microxrcedds/accel_stamped__type_support_cpp.cpp
-- Symlinking: /root/catkin_ws/install/geometry_msgs/include/geometry_msgs/msg/detail/microxrcedds/accel_with_covariance__type_support_cpp.cpp
-- Symlinking: /root/catkin_ws/install/geometry_msgs/include/geometry_msgs/msg/detail/microxrcedds/accel_with_covariance_stamped__type_support_cpp.cpp
-- Symlinking: /root/catkin_ws/install/geometry_msgs/include/geometry_msgs/msg/detail/microxrcedds/inertia__type_support_cpp.cpp
-- Symlinking: /root/catkin_ws/install/geometry_msgs/include/geometry_msgs/msg/detail/microxrcedds/inertia_stamped__type_support_cpp.cpp
-- Symlinking: /root/catkin_ws/install/geometry_msgs/include/geometry_msgs/msg/detail/microxrcedds/point32__type_support_cpp.cpp
-- Symlinking: /root/catkin_ws/install/geometry_msgs/include/geometry_msgs/msg/detail/microxrcedds/point__type_support_cpp.cpp
-- Symlinking: /root/catkin_ws/install/geometry_msgs/include/geometry_msgs/msg/detail/microxrcedds/point_stamped__type_support_cpp.cpp
-- Symlinking: /root/catkin_ws/install/geometry_msgs/include/geometry_msgs/msg/detail/microxrcedds/polygon__type_support_cpp.cpp
-- Symlinking: /root/catkin_ws/install/geometry_msgs/include/geometry_msgs/msg/detail/microxrcedds/polygon_stamped__type_support_cpp.cpp
-- Symlinking: /root/catkin_ws/install/geometry_msgs/include/geometry_msgs/msg/detail/microxrcedds/pose2_d__type_support_cpp.cpp
-- Symlinking: /root/catkin_ws/install/geometry_msgs/include/geometry_msgs/msg/detail/microxrcedds/pose__type_support_cpp.cpp
-- Symlinking: /root/catkin_ws/install/geometry_msgs/include/geometry_msgs/msg/detail/microxrcedds/pose_array__type_support_cpp.cpp
-- Symlinking: /root/catkin_ws/install/geometry_msgs/include/geometry_msgs/msg/detail/microxrcedds/pose_stamped__type_support_cpp.cpp
-- Symlinking: /root/catkin_ws/install/geometry_msgs/include/geometry_msgs/msg/detail/microxrcedds/pose_with_covariance__type_support_cpp.cpp
-- Symlinking: /root/catkin_ws/install/geometry_msgs/include/geometry_msgs/msg/detail/microxrcedds/pose_with_covariance_stamped__type_support_cpp.cpp
-- Symlinking: /root/catkin_ws/install/geometry_msgs/include/geometry_msgs/msg/detail/microxrcedds/quaternion__type_support_cpp.cpp
-- Symlinking: /root/catkin_ws/install/geometry_msgs/include/geometry_msgs/msg/detail/microxrcedds/quaternion_stamped__type_support_cpp.cpp
-- Symlinking: /root/catkin_ws/install/geometry_msgs/include/geometry_msgs/msg/detail/microxrcedds/transform__type_support_cpp.cpp
-- Symlinking: /root/catkin_ws/install/geometry_msgs/include/geometry_msgs/msg/detail/microxrcedds/transform_stamped__type_support_cpp.cpp
-- Symlinking: /root/catkin_ws/install/geometry_msgs/include/geometry_msgs/msg/detail/microxrcedds/twist__type_support_cpp.cpp
-- Symlinking: /root/catkin_ws/install/geometry_msgs/include/geometry_msgs/msg/detail/microxrcedds/twist_stamped__type_support_cpp.cpp
-- Symlinking: /root/catkin_ws/install/geometry_msgs/include/geometry_msgs/msg/detail/microxrcedds/twist_with_covariance__type_support_cpp.cpp
-- Symlinking: /root/catkin_ws/install/geometry_msgs/include/geometry_msgs/msg/detail/microxrcedds/twist_with_covariance_stamped__type_support_cpp.cpp
-- Symlinking: /root/catkin_ws/install/geometry_msgs/include/geometry_msgs/msg/detail/microxrcedds/vector3__type_support_cpp.cpp
-- Symlinking: /root/catkin_ws/install/geometry_msgs/include/geometry_msgs/msg/detail/microxrcedds/vector3_stamped__type_support_cpp.cpp
-- Symlinking: /root/catkin_ws/install/geometry_msgs/include/geometry_msgs/msg/detail/microxrcedds/wrench__type_support_cpp.cpp
-- Symlinking: /root/catkin_ws/install/geometry_msgs/include/geometry_msgs/msg/detail/microxrcedds/wrench_stamped__type_support_cpp.cpp
-- Symlinking: /root/catkin_ws/install/geometry_msgs/include/geometry_msgs/msg/detail/point32__rosidl_typesupport_microxrcedds_cpp.hpp
-- Symlinking: /root/catkin_ws/install/geometry_msgs/include/geometry_msgs/msg/detail/point__rosidl_typesupport_microxrcedds_cpp.hpp
-- Symlinking: /root/catkin_ws/install/geometry_msgs/include/geometry_msgs/msg/detail/point_stamped__rosidl_typesupport_microxrcedds_cpp.hpp
-- Symlinking: /root/catkin_ws/install/geometry_msgs/include/geometry_msgs/msg/detail/polygon__rosidl_typesupport_microxrcedds_cpp.hpp
-- Symlinking: /root/catkin_ws/install/geometry_msgs/include/geometry_msgs/msg/detail/polygon_stamped__rosidl_typesupport_microxrcedds_cpp.hpp
-- Symlinking: /root/catkin_ws/install/geometry_msgs/include/geometry_msgs/msg/detail/pose2_d__rosidl_typesupport_microxrcedds_cpp.hpp
-- Symlinking: /root/catkin_ws/install/geometry_msgs/include/geometry_msgs/msg/detail/pose__rosidl_typesupport_microxrcedds_cpp.hpp
-- Symlinking: /root/catkin_ws/install/geometry_msgs/include/geometry_msgs/msg/detail/pose_array__rosidl_typesupport_microxrcedds_cpp.hpp
-- Symlinking: /root/catkin_ws/install/geometry_msgs/include/geometry_msgs/msg/detail/pose_stamped__rosidl_typesupport_microxrcedds_cpp.hpp
-- Symlinking: /root/catkin_ws/install/geometry_msgs/include/geometry_msgs/msg/detail/pose_with_covariance__rosidl_typesupport_microxrcedds_cpp.hpp
-- Symlinking: /root/catkin_ws/install/geometry_msgs/include/geometry_msgs/msg/detail/pose_with_covariance_stamped__rosidl_typesupport_microxrcedds_cpp.hpp
-- Symlinking: /root/catkin_ws/install/geometry_msgs/include/geometry_msgs/msg/detail/quaternion__rosidl_typesupport_microxrcedds_cpp.hpp
-- Symlinking: /root/catkin_ws/install/geometry_msgs/include/geometry_msgs/msg/detail/quaternion_stamped__rosidl_typesupport_microxrcedds_cpp.hpp
-- Symlinking: /root/catkin_ws/install/geometry_msgs/include/geometry_msgs/msg/detail/transform__rosidl_typesupport_microxrcedds_cpp.hpp
-- Symlinking: /root/catkin_ws/install/geometry_msgs/include/geometry_msgs/msg/detail/transform_stamped__rosidl_typesupport_microxrcedds_cpp.hpp
-- Symlinking: /root/catkin_ws/install/geometry_msgs/include/geometry_msgs/msg/detail/twist__rosidl_typesupport_microxrcedds_cpp.hpp
-- Symlinking: /root/catkin_ws/install/geometry_msgs/include/geometry_msgs/msg/detail/twist_stamped__rosidl_typesupport_microxrcedds_cpp.hpp
-- Symlinking: /root/catkin_ws/install/geometry_msgs/include/geometry_msgs/msg/detail/twist_with_covariance__rosidl_typesupport_microxrcedds_cpp.hpp
-- Symlinking: /root/catkin_ws/install/geometry_msgs/include/geometry_msgs/msg/detail/twist_with_covariance_stamped__rosidl_typesupport_microxrcedds_cpp.hpp
-- Symlinking: /root/catkin_ws/install/geometry_msgs/include/geometry_msgs/msg/detail/vector3__rosidl_typesupport_microxrcedds_cpp.hpp
-- Symlinking: /root/catkin_ws/install/geometry_msgs/include/geometry_msgs/msg/detail/vector3_stamped__rosidl_typesupport_microxrcedds_cpp.hpp
-- Symlinking: /root/catkin_ws/install/geometry_msgs/include/geometry_msgs/msg/detail/wrench__rosidl_typesupport_microxrcedds_cpp.hpp
-- Symlinking: /root/catkin_ws/install/geometry_msgs/include/geometry_msgs/msg/detail/wrench_stamped__rosidl_typesupport_microxrcedds_cpp.hpp
-- Symlinking: /root/catkin_ws/install/geometry_msgs/include/geometry_msgs/msg/rosidl_typesupport_microxrcedds_cpp__visibility_control.h
-- Symlinking: /root/catkin_ws/install/geometry_msgs/lib/libgeometry_msgs__rosidl_typesupport_microxrcedds_cpp.so
-- Symlinking: /root/catkin_ws/install/geometry_msgs/include/geometry_msgs/msg/detail/accel__rosidl_typesupport_introspection_cpp.hpp
-- Symlinking: /root/catkin_ws/install/geometry_msgs/include/geometry_msgs/msg/detail/accel_stamped__rosidl_typesupport_introspection_cpp.hpp
-- Symlinking: /root/catkin_ws/install/geometry_msgs/include/geometry_msgs/msg/detail/accel_with_covariance__rosidl_typesupport_introspection_cpp.hpp
-- Symlinking: /root/catkin_ws/install/geometry_msgs/include/geometry_msgs/msg/detail/accel_with_covariance_stamped__rosidl_typesupport_introspection_cpp.hpp
-- Symlinking: /root/catkin_ws/install/geometry_msgs/include/geometry_msgs/msg/detail/inertia__rosidl_typesupport_introspection_cpp.hpp
-- Symlinking: /root/catkin_ws/install/geometry_msgs/include/geometry_msgs/msg/detail/inertia_stamped__rosidl_typesupport_introspection_cpp.hpp
-- Symlinking: /root/catkin_ws/install/geometry_msgs/include/geometry_msgs/msg/detail/point32__rosidl_typesupport_introspection_cpp.hpp
-- Symlinking: /root/catkin_ws/install/geometry_msgs/include/geometry_msgs/msg/detail/point__rosidl_typesupport_introspection_cpp.hpp
-- Symlinking: /root/catkin_ws/install/geometry_msgs/include/geometry_msgs/msg/detail/point_stamped__rosidl_typesupport_introspection_cpp.hpp
-- Symlinking: /root/catkin_ws/install/geometry_msgs/include/geometry_msgs/msg/detail/polygon__rosidl_typesupport_introspection_cpp.hpp
-- Symlinking: /root/catkin_ws/install/geometry_msgs/include/geometry_msgs/msg/detail/polygon_stamped__rosidl_typesupport_introspection_cpp.hpp
-- Symlinking: /root/catkin_ws/install/geometry_msgs/include/geometry_msgs/msg/detail/pose2_d__rosidl_typesupport_introspection_cpp.hpp
-- Symlinking: /root/catkin_ws/install/geometry_msgs/include/geometry_msgs/msg/detail/pose__rosidl_typesupport_introspection_cpp.hpp
-- Symlinking: /root/catkin_ws/install/geometry_msgs/include/geometry_msgs/msg/detail/pose_array__rosidl_typesupport_introspection_cpp.hpp
-- Symlinking: /root/catkin_ws/install/geometry_msgs/include/geometry_msgs/msg/detail/pose_stamped__rosidl_typesupport_introspection_cpp.hpp
-- Symlinking: /root/catkin_ws/install/geometry_msgs/include/geometry_msgs/msg/detail/pose_with_covariance__rosidl_typesupport_introspection_cpp.hpp
-- Symlinking: /root/catkin_ws/install/geometry_msgs/include/geometry_msgs/msg/detail/pose_with_covariance_stamped__rosidl_typesupport_introspection_cpp.hpp
-- Symlinking: /root/catkin_ws/install/geometry_msgs/include/geometry_msgs/msg/detail/quaternion__rosidl_typesupport_introspection_cpp.hpp
-- Symlinking: /root/catkin_ws/install/geometry_msgs/include/geometry_msgs/msg/detail/quaternion_stamped__rosidl_typesupport_introspection_cpp.hpp
-- Symlinking: /root/catkin_ws/install/geometry_msgs/include/geometry_msgs/msg/detail/transform__rosidl_typesupport_introspection_cpp.hpp
-- Symlinking: /root/catkin_ws/install/geometry_msgs/include/geometry_msgs/msg/detail/transform_stamped__rosidl_typesupport_introspection_cpp.hpp
-- Symlinking: /root/catkin_ws/install/geometry_msgs/include/geometry_msgs/msg/detail/twist__rosidl_typesupport_introspection_cpp.hpp
-- Symlinking: /root/catkin_ws/install/geometry_msgs/include/geometry_msgs/msg/detail/twist_stamped__rosidl_typesupport_introspection_cpp.hpp
-- Symlinking: /root/catkin_ws/install/geometry_msgs/include/geometry_msgs/msg/detail/twist_with_covariance__rosidl_typesupport_introspection_cpp.hpp
-- Symlinking: /root/catkin_ws/install/geometry_msgs/include/geometry_msgs/msg/detail/twist_with_covariance_stamped__rosidl_typesupport_introspection_cpp.hpp
-- Symlinking: /root/catkin_ws/install/geometry_msgs/include/geometry_msgs/msg/detail/vector3__rosidl_typesupport_introspection_cpp.hpp
-- Symlinking: /root/catkin_ws/install/geometry_msgs/include/geometry_msgs/msg/detail/vector3_stamped__rosidl_typesupport_introspection_cpp.hpp
-- Symlinking: /root/catkin_ws/install/geometry_msgs/include/geometry_msgs/msg/detail/wrench__rosidl_typesupport_introspection_cpp.hpp
-- Symlinking: /root/catkin_ws/install/geometry_msgs/include/geometry_msgs/msg/detail/wrench_stamped__rosidl_typesupport_introspection_cpp.hpp
-- Symlinking: /root/catkin_ws/install/geometry_msgs/share/geometry_msgs/environment/pythonpath.sh
-- Symlinking: /root/catkin_ws/install/geometry_msgs/share/geometry_msgs/environment/pythonpath.dsv
-- Symlinking: /root/catkin_ws/install/geometry_msgs/lib/python3.8/site-packages/geometry_msgs/__init__.py
-- Symlinking: /root/catkin_ws/install/geometry_msgs/lib/python3.8/site-packages/geometry_msgs/msg/__init__.py
-- Symlinking: /root/catkin_ws/install/geometry_msgs/lib/python3.8/site-packages/geometry_msgs/msg/_accel.py
-- Symlinking: /root/catkin_ws/install/geometry_msgs/lib/python3.8/site-packages/geometry_msgs/msg/_accel_stamped.py
-- Symlinking: /root/catkin_ws/install/geometry_msgs/lib/python3.8/site-packages/geometry_msgs/msg/_accel_with_covariance.py
-- Symlinking: /root/catkin_ws/install/geometry_msgs/lib/python3.8/site-packages/geometry_msgs/msg/_accel_with_covariance_stamped.py
-- Symlinking: /root/catkin_ws/install/geometry_msgs/lib/python3.8/site-packages/geometry_msgs/msg/_inertia.py
-- Symlinking: /root/catkin_ws/install/geometry_msgs/lib/python3.8/site-packages/geometry_msgs/msg/_inertia_stamped.py
-- Symlinking: /root/catkin_ws/install/geometry_msgs/lib/python3.8/site-packages/geometry_msgs/msg/_point.py
-- Symlinking: /root/catkin_ws/install/geometry_msgs/lib/python3.8/site-packages/geometry_msgs/msg/_point32.py
-- Symlinking: /root/catkin_ws/install/geometry_msgs/lib/python3.8/site-packages/geometry_msgs/msg/_point_stamped.py
-- Symlinking: /root/catkin_ws/install/geometry_msgs/lib/python3.8/site-packages/geometry_msgs/msg/_polygon.py
-- Symlinking: /root/catkin_ws/install/geometry_msgs/lib/python3.8/site-packages/geometry_msgs/msg/_polygon_stamped.py
-- Symlinking: /root/catkin_ws/install/geometry_msgs/lib/python3.8/site-packages/geometry_msgs/msg/_pose.py
-- Symlinking: /root/catkin_ws/install/geometry_msgs/lib/python3.8/site-packages/geometry_msgs/msg/_pose2_d.py
-- Symlinking: /root/catkin_ws/install/geometry_msgs/lib/python3.8/site-packages/geometry_msgs/msg/_pose_array.py
-- Symlinking: /root/catkin_ws/install/geometry_msgs/lib/python3.8/site-packages/geometry_msgs/msg/_pose_stamped.py
-- Symlinking: /root/catkin_ws/install/geometry_msgs/lib/python3.8/site-packages/geometry_msgs/msg/_pose_with_covariance.py
-- Symlinking: /root/catkin_ws/install/geometry_msgs/lib/python3.8/site-packages/geometry_msgs/msg/_pose_with_covariance_stamped.py
-- Symlinking: /root/catkin_ws/install/geometry_msgs/lib/python3.8/site-packages/geometry_msgs/msg/_quaternion.py
-- Symlinking: /root/catkin_ws/install/geometry_msgs/lib/python3.8/site-packages/geometry_msgs/msg/_quaternion_stamped.py
-- Symlinking: /root/catkin_ws/install/geometry_msgs/lib/python3.8/site-packages/geometry_msgs/msg/_transform.py
-- Symlinking: /root/catkin_ws/install/geometry_msgs/lib/python3.8/site-packages/geometry_msgs/msg/_transform_stamped.py
-- Symlinking: /root/catkin_ws/install/geometry_msgs/lib/python3.8/site-packages/geometry_msgs/msg/_twist.py
-- Symlinking: /root/catkin_ws/install/geometry_msgs/lib/python3.8/site-packages/geometry_msgs/msg/_twist_stamped.py
-- Symlinking: /root/catkin_ws/install/geometry_msgs/lib/python3.8/site-packages/geometry_msgs/msg/_twist_with_covariance.py
-- Symlinking: /root/catkin_ws/install/geometry_msgs/lib/python3.8/site-packages/geometry_msgs/msg/_twist_with_covariance_stamped.py
-- Symlinking: /root/catkin_ws/install/geometry_msgs/lib/python3.8/site-packages/geometry_msgs/msg/_vector3.py
-- Symlinking: /root/catkin_ws/install/geometry_msgs/lib/python3.8/site-packages/geometry_msgs/msg/_vector3_stamped.py
-- Symlinking: /root/catkin_ws/install/geometry_msgs/lib/python3.8/site-packages/geometry_msgs/msg/_wrench.py
-- Symlinking: /root/catkin_ws/install/geometry_msgs/lib/python3.8/site-packages/geometry_msgs/msg/_wrench_stamped.py
-- Symlinking: /root/catkin_ws/install/geometry_msgs/lib/python3.8/site-packages/geometry_msgs/geometry_msgs_s__rosidl_typesupport_microxrcedds_c.cpython-38-x86_64-linux-gnu.so
-- Symlinking: /root/catkin_ws/install/geometry_msgs/lib/python3.8/site-packages/geometry_msgs/geometry_msgs_s__rosidl_typesupport_fastrtps_c.cpython-38-x86_64-linux-gnu.so
-- Symlinking: /root/catkin_ws/install/geometry_msgs/lib/python3.8/site-packages/geometry_msgs/geometry_msgs_s__rosidl_typesupport_introspection_c.cpython-38-x86_64-linux-gnu.so
-- Symlinking: /root/catkin_ws/install/geometry_msgs/lib/python3.8/site-packages/geometry_msgs/geometry_msgs_s__rosidl_typesupport_c.cpython-38-x86_64-linux-gnu.so
-- Symlinking: /root/catkin_ws/install/geometry_msgs/lib/libgeometry_msgs__python.so
-- Symlinking: /root/catkin_ws/install/geometry_msgs/share/geometry_msgs/msg/Accel.idl
-- Symlinking: /root/catkin_ws/install/geometry_msgs/share/geometry_msgs/msg/AccelStamped.idl
-- Symlinking: /root/catkin_ws/install/geometry_msgs/share/geometry_msgs/msg/AccelWithCovariance.idl
-- Symlinking: /root/catkin_ws/install/geometry_msgs/share/geometry_msgs/msg/AccelWithCovarianceStamped.idl
-- Symlinking: /root/catkin_ws/install/geometry_msgs/share/geometry_msgs/msg/Inertia.idl
-- Symlinking: /root/catkin_ws/install/geometry_msgs/share/geometry_msgs/msg/InertiaStamped.idl
-- Symlinking: /root/catkin_ws/install/geometry_msgs/share/geometry_msgs/msg/Point.idl
-- Symlinking: /root/catkin_ws/install/geometry_msgs/share/geometry_msgs/msg/Point32.idl
-- Symlinking: /root/catkin_ws/install/geometry_msgs/share/geometry_msgs/msg/PointStamped.idl
-- Symlinking: /root/catkin_ws/install/geometry_msgs/share/geometry_msgs/msg/Polygon.idl
-- Symlinking: /root/catkin_ws/install/geometry_msgs/share/geometry_msgs/msg/PolygonStamped.idl
-- Symlinking: /root/catkin_ws/install/geometry_msgs/share/geometry_msgs/msg/Pose.idl
-- Symlinking: /root/catkin_ws/install/geometry_msgs/share/geometry_msgs/msg/Pose2D.idl
-- Symlinking: /root/catkin_ws/install/geometry_msgs/share/geometry_msgs/msg/PoseArray.idl
-- Symlinking: /root/catkin_ws/install/geometry_msgs/share/geometry_msgs/msg/PoseStamped.idl
-- Symlinking: /root/catkin_ws/install/geometry_msgs/share/geometry_msgs/msg/PoseWithCovariance.idl
-- Symlinking: /root/catkin_ws/install/geometry_msgs/share/geometry_msgs/msg/PoseWithCovarianceStamped.idl
-- Symlinking: /root/catkin_ws/install/geometry_msgs/share/geometry_msgs/msg/Quaternion.idl
-- Symlinking: /root/catkin_ws/install/geometry_msgs/share/geometry_msgs/msg/QuaternionStamped.idl
-- Symlinking: /root/catkin_ws/install/geometry_msgs/share/geometry_msgs/msg/Transform.idl
-- Symlinking: /root/catkin_ws/install/geometry_msgs/share/geometry_msgs/msg/TransformStamped.idl
-- Symlinking: /root/catkin_ws/install/geometry_msgs/share/geometry_msgs/msg/Twist.idl
-- Symlinking: /root/catkin_ws/install/geometry_msgs/share/geometry_msgs/msg/TwistStamped.idl
-- Symlinking: /root/catkin_ws/install/geometry_msgs/share/geometry_msgs/msg/TwistWithCovariance.idl
-- Symlinking: /root/catkin_ws/install/geometry_msgs/share/geometry_msgs/msg/TwistWithCovarianceStamped.idl
-- Symlinking: /root/catkin_ws/install/geometry_msgs/share/geometry_msgs/msg/Vector3.idl
-- Symlinking: /root/catkin_ws/install/geometry_msgs/share/geometry_msgs/msg/Vector3Stamped.idl
-- Symlinking: /root/catkin_ws/install/geometry_msgs/share/geometry_msgs/msg/Wrench.idl
-- Symlinking: /root/catkin_ws/install/geometry_msgs/share/geometry_msgs/msg/WrenchStamped.idl
-- Symlinking: /root/catkin_ws/install/geometry_msgs/share/geometry_msgs/msg/Accel.msg
-- Symlinking: /root/catkin_ws/install/geometry_msgs/share/geometry_msgs/msg/AccelStamped.msg
-- Symlinking: /root/catkin_ws/install/geometry_msgs/share/geometry_msgs/msg/AccelWithCovariance.msg
-- Symlinking: /root/catkin_ws/install/geometry_msgs/share/geometry_msgs/msg/AccelWithCovarianceStamped.msg
-- Symlinking: /root/catkin_ws/install/geometry_msgs/share/geometry_msgs/msg/Inertia.msg
-- Symlinking: /root/catkin_ws/install/geometry_msgs/share/geometry_msgs/msg/InertiaStamped.msg
-- Symlinking: /root/catkin_ws/install/geometry_msgs/share/geometry_msgs/msg/Point.msg
-- Symlinking: /root/catkin_ws/install/geometry_msgs/share/geometry_msgs/msg/Point32.msg
-- Symlinking: /root/catkin_ws/install/geometry_msgs/share/geometry_msgs/msg/PointStamped.msg
-- Symlinking: /root/catkin_ws/install/geometry_msgs/share/geometry_msgs/msg/Polygon.msg
-- Symlinking: /root/catkin_ws/install/geometry_msgs/share/geometry_msgs/msg/PolygonStamped.msg
-- Symlinking: /root/catkin_ws/install/geometry_msgs/share/geometry_msgs/msg/Pose.msg
-- Symlinking: /root/catkin_ws/install/geometry_msgs/share/geometry_msgs/msg/Pose2D.msg
-- Symlinking: /root/catkin_ws/install/geometry_msgs/share/geometry_msgs/msg/PoseArray.msg
-- Symlinking: /root/catkin_ws/install/geometry_msgs/share/geometry_msgs/msg/PoseStamped.msg
-- Symlinking: /root/catkin_ws/install/geometry_msgs/share/geometry_msgs/msg/PoseWithCovariance.msg
-- Symlinking: /root/catkin_ws/install/geometry_msgs/share/geometry_msgs/msg/PoseWithCovarianceStamped.msg
-- Symlinking: /root/catkin_ws/install/geometry_msgs/share/geometry_msgs/msg/Quaternion.msg
-- Symlinking: /root/catkin_ws/install/geometry_msgs/share/geometry_msgs/msg/QuaternionStamped.msg
-- Symlinking: /root/catkin_ws/install/geometry_msgs/share/geometry_msgs/msg/Transform.msg
-- Symlinking: /root/catkin_ws/install/geometry_msgs/share/geometry_msgs/msg/TransformStamped.msg
-- Symlinking: /root/catkin_ws/install/geometry_msgs/share/geometry_msgs/msg/Twist.msg
-- Symlinking: /root/catkin_ws/install/geometry_msgs/share/geometry_msgs/msg/TwistStamped.msg
-- Symlinking: /root/catkin_ws/install/geometry_msgs/share/geometry_msgs/msg/TwistWithCovariance.msg
-- Symlinking: /root/catkin_ws/install/geometry_msgs/share/geometry_msgs/msg/TwistWithCovarianceStamped.msg
-- Symlinking: /root/catkin_ws/install/geometry_msgs/share/geometry_msgs/msg/Vector3.msg
-- Symlinking: /root/catkin_ws/install/geometry_msgs/share/geometry_msgs/msg/Vector3Stamped.msg
-- Symlinking: /root/catkin_ws/install/geometry_msgs/share/geometry_msgs/msg/Wrench.msg
-- Symlinking: /root/catkin_ws/install/geometry_msgs/share/geometry_msgs/msg/WrenchStamped.msg
-- Symlinking: /root/catkin_ws/install/geometry_msgs/share/ament_index/resource_index/package_run_dependencies/geometry_msgs
-- Symlinking: /root/catkin_ws/install/geometry_msgs/share/ament_index/resource_index/parent_prefix_path/geometry_msgs
-- Symlinking: /root/catkin_ws/install/geometry_msgs/share/geometry_msgs/environment/ament_prefix_path.sh
-- Symlinking: /root/catkin_ws/install/geometry_msgs/share/geometry_msgs/environment/ament_prefix_path.dsv
-- Symlinking: /root/catkin_ws/install/geometry_msgs/share/geometry_msgs/environment/path.sh
-- Symlinking: /root/catkin_ws/install/geometry_msgs/share/geometry_msgs/environment/path.dsv
-- Symlinking: /root/catkin_ws/install/geometry_msgs/share/geometry_msgs/local_setup.bash
-- Symlinking: /root/catkin_ws/install/geometry_msgs/share/geometry_msgs/local_setup.sh
-- Symlinking: /root/catkin_ws/install/geometry_msgs/share/geometry_msgs/local_setup.zsh
-- Symlinking: /root/catkin_ws/install/geometry_msgs/share/geometry_msgs/local_setup.dsv
-- Symlinking: /root/catkin_ws/install/geometry_msgs/share/geometry_msgs/package.dsv
-- Symlinking: /root/catkin_ws/install/geometry_msgs/share/ament_index/resource_index/packages/geometry_msgs
-- Symlinking: /root/catkin_ws/install/geometry_msgs/share/geometry_msgs/cmake/rosidl_cmake-extras.cmake
-- Symlinking: /root/catkin_ws/install/geometry_msgs/share/geometry_msgs/cmake/ament_cmake_export_dependencies-extras.cmake
-- Symlinking: /root/catkin_ws/install/geometry_msgs/share/geometry_msgs/cmake/ament_cmake_export_libraries-extras.cmake
-- Symlinking: /root/catkin_ws/install/geometry_msgs/share/geometry_msgs/cmake/ament_cmake_export_targets-extras.cmake
-- Symlinking: /root/catkin_ws/install/geometry_msgs/share/geometry_msgs/cmake/ament_cmake_export_include_directories-extras.cmake
-- Symlinking: /root/catkin_ws/install/geometry_msgs/share/geometry_msgs/cmake/rosidl_cmake_export_typesupport_libraries-extras.cmake
-- Symlinking: /root/catkin_ws/install/geometry_msgs/share/geometry_msgs/cmake/rosidl_cmake_export_typesupport_targets-extras.cmake
-- Symlinking: /root/catkin_ws/install/geometry_msgs/share/geometry_msgs/cmake/geometry_msgsConfig.cmake
-- Symlinking: /root/catkin_ws/install/geometry_msgs/share/geometry_msgs/cmake/geometry_msgsConfig-version.cmake
-- Symlinking: /root/catkin_ws/install/geometry_msgs/share/geometry_msgs/package.xml
-- Up-to-date: /root/catkin_ws/install/geometry_msgs/lib/libgeometry_msgs__rosidl_generator_c.so
-- Up-to-date: /root/catkin_ws/install/geometry_msgs/lib/libgeometry_msgs__rosidl_typesupport_introspection_c.so
-- Up-to-date: /root/catkin_ws/install/geometry_msgs/lib/libgeometry_msgs__rosidl_typesupport_c.so
-- Up-to-date: /root/catkin_ws/install/geometry_msgs/lib/libgeometry_msgs__rosidl_typesupport_introspection_cpp.so
-- Up-to-date: /root/catkin_ws/install/geometry_msgs/lib/libgeometry_msgs__rosidl_typesupport_cpp.so
Compiling '/root/catkin_ws/install/geometry_msgs/lib/python3.8/site-packages/geometry_msgs/__init__.py'...
-- Up-to-date: /root/catkin_ws/install/geometry_msgs/share/geometry_msgs/cmake/geometry_msgs__rosidl_generator_cExport.cmake
-- Installing: /root/catkin_ws/install/geometry_msgs/share/geometry_msgs/cmake/geometry_msgs__rosidl_generator_cExport-noconfig.cmake
-- Up-to-date: /root/catkin_ws/install/geometry_msgs/share/geometry_msgs/cmake/geometry_msgs__rosidl_typesupport_introspection_cExport.cmake
-- Installing: /root/catkin_ws/install/geometry_msgs/share/geometry_msgs/cmake/geometry_msgs__rosidl_typesupport_introspection_cExport-noconfig.cmake
-- Up-to-date: /root/catkin_ws/install/geometry_msgs/share/geometry_msgs/cmake/geometry_msgs__rosidl_typesupport_cExport.cmake
-- Installing: /root/catkin_ws/install/geometry_msgs/share/geometry_msgs/cmake/geometry_msgs__rosidl_typesupport_cExport-noconfig.cmake
-- Up-to-date: /root/catkin_ws/install/geometry_msgs/share/geometry_msgs/cmake/geometry_msgs__rosidl_generator_cppExport.cmake
-- Up-to-date: /root/catkin_ws/install/geometry_msgs/share/geometry_msgs/cmake/geometry_msgs__rosidl_typesupport_introspection_cppExport.cmake
-- Installing: /root/catkin_ws/install/geometry_msgs/share/geometry_msgs/cmake/geometry_msgs__rosidl_typesupport_introspection_cppExport-noconfig.cmake
-- Up-to-date: /root/catkin_ws/install/geometry_msgs/share/geometry_msgs/cmake/geometry_msgs__rosidl_typesupport_cppExport.cmake
-- Installing: /root/catkin_ws/install/geometry_msgs/share/geometry_msgs/cmake/geometry_msgs__rosidl_typesupport_cppExport-noconfig.cmake
