[2.403s] Invoking command in '/root/catkin_ws/build/rqt_example': CMAKE_PREFIX_PATH=${CMAKE_PREFIX_PATH}:/root/catkin_ws/install/topic_service_action_rclpy_example:/root/catkin_ws/install/time_rclpy_example:/root/catkin_ws/install/tf2_rclpy_example:/root/catkin_ws/install/ros2env:/root/catkin_ws/install/omo_r1mini_teleop:/root/catkin_ws/install/omo_r1mini_bringup:/root/catkin_ws/install/my_first_ros_rclpy_pkg:/root/catkin_ws/install/logging_rclpy_example:/root/catkin_ws/src/install/topic_service_action_rclpy_example:/root/catkin_ws/src/install/time_rclpy_example:/root/catkin_ws/src/install/tf2_rclpy_example:/root/catkin_ws/src/install/ros2env:/root/catkin_ws/src/install/omo_r1mini_teleop:/root/catkin_ws/src/install/omo_r1mini_bringup:/root/catkin_ws/src/install/my_first_ros_rclpy_pkg:/root/catkin_ws/src/install/logging_rclpy_example:/opt/ros/foxy /usr/bin/cmake --build /root/catkin_ws/build/rqt_example -- -j12 -l12
[2.651s] Invoked command in '/root/catkin_ws/build/rqt_example' returned '0': CMAKE_PREFIX_PATH=${CMAKE_PREFIX_PATH}:/root/catkin_ws/install/topic_service_action_rclpy_example:/root/catkin_ws/install/time_rclpy_example:/root/catkin_ws/install/tf2_rclpy_example:/root/catkin_ws/install/ros2env:/root/catkin_ws/install/omo_r1mini_teleop:/root/catkin_ws/install/omo_r1mini_bringup:/root/catkin_ws/install/my_first_ros_rclpy_pkg:/root/catkin_ws/install/logging_rclpy_example:/root/catkin_ws/src/install/topic_service_action_rclpy_example:/root/catkin_ws/src/install/time_rclpy_example:/root/catkin_ws/src/install/tf2_rclpy_example:/root/catkin_ws/src/install/ros2env:/root/catkin_ws/src/install/omo_r1mini_teleop:/root/catkin_ws/src/install/omo_r1mini_bringup:/root/catkin_ws/src/install/my_first_ros_rclpy_pkg:/root/catkin_ws/src/install/logging_rclpy_example:/opt/ros/foxy /usr/bin/cmake --build /root/catkin_ws/build/rqt_example -- -j12 -l12
[3.346s] Invoking command in '/root/catkin_ws/build/rqt_example': CMAKE_PREFIX_PATH=${CMAKE_PREFIX_PATH}:/root/catkin_ws/install/topic_service_action_rclpy_example:/root/catkin_ws/install/time_rclpy_example:/root/catkin_ws/install/tf2_rclpy_example:/root/catkin_ws/install/ros2env:/root/catkin_ws/install/omo_r1mini_teleop:/root/catkin_ws/install/omo_r1mini_bringup:/root/catkin_ws/install/my_first_ros_rclpy_pkg:/root/catkin_ws/install/logging_rclpy_example:/root/catkin_ws/src/install/topic_service_action_rclpy_example:/root/catkin_ws/src/install/time_rclpy_example:/root/catkin_ws/src/install/tf2_rclpy_example:/root/catkin_ws/src/install/ros2env:/root/catkin_ws/src/install/omo_r1mini_teleop:/root/catkin_ws/src/install/omo_r1mini_bringup:/root/catkin_ws/src/install/my_first_ros_rclpy_pkg:/root/catkin_ws/src/install/logging_rclpy_example:/opt/ros/foxy /usr/bin/cmake --install /root/catkin_ws/build/rqt_example
[3.434s] -- Install configuration: ""
[3.434s] -- Execute custom install script
[3.434s] -- Up-to-date symlink: /root/catkin_ws/install/rqt_example/share/rqt_example/environment/pythonpath.sh
[3.434s] -- Up-to-date symlink: /root/catkin_ws/install/rqt_example/share/rqt_example/environment/pythonpath.dsv
[3.435s] -- Up-to-date symlink: /root/catkin_ws/install/rqt_example/lib/python3.8/site-packages/rqt_example/__init__.py
[3.435s] -- Up-to-date symlink: /root/catkin_ws/install/rqt_example/lib/python3.8/site-packages/rqt_example/examples.py
[3.435s] -- Up-to-date symlink: /root/catkin_ws/install/rqt_example/lib/python3.8/site-packages/rqt_example/examples_widget.py
[3.435s] -- Up-to-date symlink: /root/catkin_ws/install/rqt_example/share/rqt_example/plugin.xml
[3.435s] -- Up-to-date symlink: /root/catkin_ws/install/rqt_example/share/rqt_example/resource/rqt_example.ui
[3.435s] -- Up-to-date symlink: /root/catkin_ws/install/rqt_example/share/rqt_example/launch/turtlesim.launch.py
[3.435s] -- Up-to-date symlink: /root/catkin_ws/install/rqt_example/lib/rqt_example/rqt_example
[3.435s] -- Up-to-date symlink: /root/catkin_ws/install/rqt_example/share/ament_index/resource_index/package_run_dependencies/rqt_example
[3.436s] -- Up-to-date symlink: /root/catkin_ws/install/rqt_example/share/ament_index/resource_index/parent_prefix_path/rqt_example
[3.436s] -- Up-to-date symlink: /root/catkin_ws/install/rqt_example/share/rqt_example/environment/ament_prefix_path.sh
[3.436s] -- Up-to-date symlink: /root/catkin_ws/install/rqt_example/share/rqt_example/environment/ament_prefix_path.dsv
[3.436s] -- Up-to-date symlink: /root/catkin_ws/install/rqt_example/share/rqt_example/environment/path.sh
[3.436s] -- Up-to-date symlink: /root/catkin_ws/install/rqt_example/share/rqt_example/environment/path.dsv
[3.436s] -- Up-to-date symlink: /root/catkin_ws/install/rqt_example/share/rqt_example/local_setup.bash
[3.436s] -- Up-to-date symlink: /root/catkin_ws/install/rqt_example/share/rqt_example/local_setup.sh
[3.436s] -- Up-to-date symlink: /root/catkin_ws/install/rqt_example/share/rqt_example/local_setup.zsh
[3.437s] -- Up-to-date symlink: /root/catkin_ws/install/rqt_example/share/rqt_example/local_setup.dsv
[3.441s] -- Symlinking: /root/catkin_ws/install/rqt_example/share/rqt_example/package.dsv
[3.462s] -- Up-to-date symlink: /root/catkin_ws/install/rqt_example/share/ament_index/resource_index/packages/rqt_example
[3.465s] -- Up-to-date symlink: /root/catkin_ws/install/rqt_example/share/rqt_example/cmake/rqt_exampleConfig.cmake
[3.466s] -- Up-to-date symlink: /root/catkin_ws/install/rqt_example/share/rqt_example/cmake/rqt_exampleConfig-version.cmake
[3.466s] -- Up-to-date symlink: /root/catkin_ws/install/rqt_example/share/rqt_example/package.xml
[3.657s] Listing '/root/catkin_ws/install/rqt_example/lib/python3.8/site-packages/rqt_example'...
[4.162s] Invoked command in '/root/catkin_ws/build/rqt_example' returned '0': CMAKE_PREFIX_PATH=${CMAKE_PREFIX_PATH}:/root/catkin_ws/install/topic_service_action_rclpy_example:/root/catkin_ws/install/time_rclpy_example:/root/catkin_ws/install/tf2_rclpy_example:/root/catkin_ws/install/ros2env:/root/catkin_ws/install/omo_r1mini_teleop:/root/catkin_ws/install/omo_r1mini_bringup:/root/catkin_ws/install/my_first_ros_rclpy_pkg:/root/catkin_ws/install/logging_rclpy_example:/root/catkin_ws/src/install/topic_service_action_rclpy_example:/root/catkin_ws/src/install/time_rclpy_example:/root/catkin_ws/src/install/tf2_rclpy_example:/root/catkin_ws/src/install/ros2env:/root/catkin_ws/src/install/omo_r1mini_teleop:/root/catkin_ws/src/install/omo_r1mini_bringup:/root/catkin_ws/src/install/my_first_ros_rclpy_pkg:/root/catkin_ws/src/install/logging_rclpy_example:/opt/ros/foxy /usr/bin/cmake --install /root/catkin_ws/build/rqt_example
