[0.158s] Invoking command in '/root/catkin_ws/build/micro_ros_msgs': CMAKE_PREFIX_PATH=${CMAKE_PREFIX_PATH}:/root/catkin_ws/install/topic_service_action_rclpy_example:/root/catkin_ws/install/time_rclpy_example:/root/catkin_ws/install/tf2_rclpy_example:/root/catkin_ws/install/sensor_msgs_py:/root/catkin_ws/install/omo_r1mini_teleop:/root/catkin_ws/install/omo_r1mini_bringup:/root/catkin_ws/install/my_first_ros_rclpy_pkg:/root/catkin_ws/install/logging_rclpy_example:/root/catkin_ws/install/iahrs_driver:/root/catkin_ws/install/ros2env:/root/install/topic_service_action_rclpy_example:/root/install/time_rclpy_example:/root/install/tf2_rclpy_example:/root/install/ros2env:/root/install/omo_r1mini_teleop:/root/install/omo_r1mini_bringup:/root/install/my_first_ros_rclpy_pkg:/root/install/logging_rclpy_example:/opt/ros/foxy /usr/bin/cmake /root/catkin_ws/src/uros/micro_ros_msgs -DAMENT_CMAKE_SYMLINK_INSTALL=1 -DCMAKE_INSTALL_PREFIX=/root/catkin_ws/install/micro_ros_msgs
[0.376s] -- Found ament_cmake: 0.9.11 (/opt/ros/foxy/share/ament_cmake/cmake)
[0.504s] -- Found PythonInterp: /usr/bin/python3 (found suitable version "3.8.10", minimum required is "3") 
[0.504s] -- Using PYTHON_EXECUTABLE: /usr/bin/python3
[0.946s] -- Override CMake install command with custom implementation using symlinks instead of copying resources
[0.958s] -- Found rosidl_default_generators: 1.0.1 (/opt/ros/foxy/share/rosidl_default_generators/cmake)
[0.998s] -- Using all available rosidl_typesupport_c: rosidl_typesupport_microxrcedds_c;rosidl_typesupport_fastrtps_c;rosidl_typesupport_introspection_c
[1.008s] -- Found rosidl_adapter: 1.3.0 (/opt/ros/foxy/share/rosidl_adapter/cmake)
[1.418s] -- Using all available rosidl_typesupport_cpp: rosidl_typesupport_microxrcedds_cpp;rosidl_typesupport_fastrtps_cpp;rosidl_typesupport_introspection_cpp
[1.582s] -- Found PythonInterp: /usr/bin/python3 (found version "3.8.10") 
[1.939s] -- Found ament_cmake_ros: 0.9.2 (/opt/ros/foxy/share/ament_cmake_ros/cmake)
[2.245s] -- Using all available rosidl_typesupport_c: rosidl_typesupport_microxrcedds_c;rosidl_typesupport_fastrtps_c;rosidl_typesupport_introspection_c
[2.286s] -- Using all available rosidl_typesupport_cpp: rosidl_typesupport_microxrcedds_cpp;rosidl_typesupport_fastrtps_cpp;rosidl_typesupport_introspection_cpp
[2.379s] -- Found PythonInterp: /usr/bin/python3 (found suitable version "3.8.10", minimum required is "3.5") 
[2.379s] -- Found python_cmake_module: 0.8.1 (/opt/ros/foxy/share/python_cmake_module/cmake)
[2.469s] -- Using PYTHON_EXECUTABLE: /usr/bin/python3
[2.470s] -- Using PYTHON_INCLUDE_DIRS: /usr/include/python3.8
[2.470s] -- Using PYTHON_LIBRARIES: /usr/lib/x86_64-linux-gnu/libpython3.8.so
[2.616s] -- Configuring done
[2.980s] -- Generating done
[2.988s] -- Build files have been written to: /root/catkin_ws/build/micro_ros_msgs
[3.003s] Invoked command in '/root/catkin_ws/build/micro_ros_msgs' returned '0': CMAKE_PREFIX_PATH=${CMAKE_PREFIX_PATH}:/root/catkin_ws/install/topic_service_action_rclpy_example:/root/catkin_ws/install/time_rclpy_example:/root/catkin_ws/install/tf2_rclpy_example:/root/catkin_ws/install/sensor_msgs_py:/root/catkin_ws/install/omo_r1mini_teleop:/root/catkin_ws/install/omo_r1mini_bringup:/root/catkin_ws/install/my_first_ros_rclpy_pkg:/root/catkin_ws/install/logging_rclpy_example:/root/catkin_ws/install/iahrs_driver:/root/catkin_ws/install/ros2env:/root/install/topic_service_action_rclpy_example:/root/install/time_rclpy_example:/root/install/tf2_rclpy_example:/root/install/ros2env:/root/install/omo_r1mini_teleop:/root/install/omo_r1mini_bringup:/root/install/my_first_ros_rclpy_pkg:/root/install/logging_rclpy_example:/opt/ros/foxy /usr/bin/cmake /root/catkin_ws/src/uros/micro_ros_msgs -DAMENT_CMAKE_SYMLINK_INSTALL=1 -DCMAKE_INSTALL_PREFIX=/root/catkin_ws/install/micro_ros_msgs
[3.004s] Invoking command in '/root/catkin_ws/build/micro_ros_msgs': CMAKE_PREFIX_PATH=${CMAKE_PREFIX_PATH}:/root/catkin_ws/install/topic_service_action_rclpy_example:/root/catkin_ws/install/time_rclpy_example:/root/catkin_ws/install/tf2_rclpy_example:/root/catkin_ws/install/sensor_msgs_py:/root/catkin_ws/install/omo_r1mini_teleop:/root/catkin_ws/install/omo_r1mini_bringup:/root/catkin_ws/install/my_first_ros_rclpy_pkg:/root/catkin_ws/install/logging_rclpy_example:/root/catkin_ws/install/iahrs_driver:/root/catkin_ws/install/ros2env:/root/install/topic_service_action_rclpy_example:/root/install/time_rclpy_example:/root/install/tf2_rclpy_example:/root/install/ros2env:/root/install/omo_r1mini_teleop:/root/install/omo_r1mini_bringup:/root/install/my_first_ros_rclpy_pkg:/root/install/logging_rclpy_example:/opt/ros/foxy /usr/bin/cmake --build /root/catkin_ws/build/micro_ros_msgs -- -j12 -l12
[3.153s] [  1%] Built target micro_ros_msgs__cpp
[3.183s] [ 10%] Built target micro_ros_msgs__rosidl_generator_c
[3.290s] [ 18%] Built target micro_ros_msgs__rosidl_typesupport_introspection_cpp
[3.303s] [ 27%] Built target micro_ros_msgs__rosidl_typesupport_fastrtps_cpp
[3.322s] [ 35%] Built target micro_ros_msgs__rosidl_typesupport_cpp
[3.322s] [ 44%] Built target micro_ros_msgs__rosidl_typesupport_microxrcedds_cpp
[3.397s] [ 52%] Built target micro_ros_msgs__rosidl_typesupport_c
[3.404s] [ 61%] Built target micro_ros_msgs__rosidl_typesupport_introspection_c
[3.413s] [ 69%] Built target micro_ros_msgs__rosidl_typesupport_fastrtps_c
[3.425s] [ 77%] Built target micro_ros_msgs__rosidl_typesupport_microxrcedds_c
[3.463s] [ 77%] Built target micro_ros_msgs
[3.504s] [ 79%] Built target micro_ros_msgs__py
[3.566s] [ 86%] Built target micro_ros_msgs__python
[3.677s] [ 93%] Built target micro_ros_msgs__rosidl_typesupport_fastrtps_c__pyext
[3.677s] [ 93%] Built target micro_ros_msgs__rosidl_typesupport_c__pyext
[3.677s] [ 96%] Built target micro_ros_msgs__rosidl_typesupport_introspection_c__pyext
[3.684s] [100%] Built target micro_ros_msgs__rosidl_typesupport_microxrcedds_c__pyext
[3.708s] Invoked command in '/root/catkin_ws/build/micro_ros_msgs' returned '0': CMAKE_PREFIX_PATH=${CMAKE_PREFIX_PATH}:/root/catkin_ws/install/topic_service_action_rclpy_example:/root/catkin_ws/install/time_rclpy_example:/root/catkin_ws/install/tf2_rclpy_example:/root/catkin_ws/install/sensor_msgs_py:/root/catkin_ws/install/omo_r1mini_teleop:/root/catkin_ws/install/omo_r1mini_bringup:/root/catkin_ws/install/my_first_ros_rclpy_pkg:/root/catkin_ws/install/logging_rclpy_example:/root/catkin_ws/install/iahrs_driver:/root/catkin_ws/install/ros2env:/root/install/topic_service_action_rclpy_example:/root/install/time_rclpy_example:/root/install/tf2_rclpy_example:/root/install/ros2env:/root/install/omo_r1mini_teleop:/root/install/omo_r1mini_bringup:/root/install/my_first_ros_rclpy_pkg:/root/install/logging_rclpy_example:/opt/ros/foxy /usr/bin/cmake --build /root/catkin_ws/build/micro_ros_msgs -- -j12 -l12
