[0.345s] Invoking command in '/root/catkin_ws/build/robot_localization': CMAKE_PREFIX_PATH=${CMAKE_PREFIX_PATH}:/root/catkin_ws/install/topic_service_action_rclpy_example:/root/catkin_ws/install/time_rclpy_example:/root/catkin_ws/install/tf2_rclpy_example:/root/catkin_ws/install/ros2env:/root/catkin_ws/install/omo_r1mini_bringup:/root/catkin_ws/install/omo_r1mini_teleop:/root/catkin_ws/install/my_first_ros_rclpy_pkg:/root/catkin_ws/install/logging_rclpy_example:/root/catkin_ws/install/iahrs_driver:/root/install/topic_service_action_rclpy_example:/root/install/time_rclpy_example:/root/install/tf2_rclpy_example:/root/install/ros2env:/root/install/omo_r1mini_teleop:/root/install/omo_r1mini_bringup:/root/install/my_first_ros_rclpy_pkg:/root/install/logging_rclpy_example:/opt/ros/foxy /usr/bin/cmake --build /root/catkin_ws/build/robot_localization -- -j12 -l12
[1.346s] [  1%] Built target gtest_main
[1.347s] [  2%] Built target robot_localization__cpp
[1.347s] [  9%] Built target robot_localization__rosidl_generator_c
[1.347s] [ 11%] Built target gtest
[1.347s] [ 18%] Built target robot_localization__rosidl_typesupport_introspection_cpp
[1.347s] [ 32%] Built target robot_localization__rosidl_typesupport_c
[1.347s] [ 32%] Built target robot_localization__rosidl_typesupport_cpp
[1.347s] [ 39%] Built target robot_localization__rosidl_typesupport_fastrtps_cpp
[1.348s] [ 46%] Built target robot_localization__rosidl_typesupport_introspection_c
[1.348s] [ 53%] Built target robot_localization__rosidl_typesupport_fastrtps_c
[1.348s] [ 53%] Built target robot_localization
[1.348s] [ 54%] Built target robot_localization__py
[1.394s] [ 63%] Built target rl_lib
[1.443s] [ 69%] Built target robot_localization__python
[1.687s] [ 71%] Built target test_ros_robot_localization_listener
[1.688s] [ 72%] Built target test_ros_robot_localization_listener_publisher
[1.701s] [ 74%] Built target test_ekf
[1.726s] [ 75%] Built target test_navsat_conversions
[1.728s] [ 77%] Built target ukf_node
[1.743s] [ 78%] Built target ekf_node
[1.778s] [ 80%] Built target test_ukf
[1.783s] [ 82%] Built target test_robot_localization_estimator
[1.810s] [ 84%] Built target robot_localization__rosidl_typesupport_fastrtps_c__pyext
[2.025s] [ 86%] Built target robot_localization__rosidl_typesupport_introspection_c__pyext
[2.029s] [ 87%] Built target robot_localization__rosidl_typesupport_c__pyext
[2.031s] [ 89%] Built target test_navsat_transform
[2.048s] [ 91%] Built target test_filter_base_diagnostics_timestamps
[2.057s] [ 93%] Built target filter_base-test
[2.070s] [ 95%] Built target navsat_transform_node
[2.153s] [ 96%] Built target robot_localization_listener_node
[2.174s] [ 98%] Built target test_ukf_localization_node_interfaces
[2.218s] [100%] Built target test_ekf_localization_node_interfaces
[2.387s] Invoked command in '/root/catkin_ws/build/robot_localization' returned '0': CMAKE_PREFIX_PATH=${CMAKE_PREFIX_PATH}:/root/catkin_ws/install/topic_service_action_rclpy_example:/root/catkin_ws/install/time_rclpy_example:/root/catkin_ws/install/tf2_rclpy_example:/root/catkin_ws/install/ros2env:/root/catkin_ws/install/omo_r1mini_bringup:/root/catkin_ws/install/omo_r1mini_teleop:/root/catkin_ws/install/my_first_ros_rclpy_pkg:/root/catkin_ws/install/logging_rclpy_example:/root/catkin_ws/install/iahrs_driver:/root/install/topic_service_action_rclpy_example:/root/install/time_rclpy_example:/root/install/tf2_rclpy_example:/root/install/ros2env:/root/install/omo_r1mini_teleop:/root/install/omo_r1mini_bringup:/root/install/my_first_ros_rclpy_pkg:/root/install/logging_rclpy_example:/opt/ros/foxy /usr/bin/cmake --build /root/catkin_ws/build/robot_localization -- -j12 -l12
[4.628s] Invoking command in '/root/catkin_ws/build/robot_localization': CMAKE_PREFIX_PATH=${CMAKE_PREFIX_PATH}:/root/catkin_ws/install/topic_service_action_rclpy_example:/root/catkin_ws/install/time_rclpy_example:/root/catkin_ws/install/tf2_rclpy_example:/root/catkin_ws/install/ros2env:/root/catkin_ws/install/omo_r1mini_bringup:/root/catkin_ws/install/omo_r1mini_teleop:/root/catkin_ws/install/my_first_ros_rclpy_pkg:/root/catkin_ws/install/logging_rclpy_example:/root/catkin_ws/install/iahrs_driver:/root/install/topic_service_action_rclpy_example:/root/install/time_rclpy_example:/root/install/tf2_rclpy_example:/root/install/ros2env:/root/install/omo_r1mini_teleop:/root/install/omo_r1mini_bringup:/root/install/my_first_ros_rclpy_pkg:/root/install/logging_rclpy_example:/opt/ros/foxy /usr/bin/cmake --install /root/catkin_ws/build/robot_localization
[4.728s] -- Install configuration: "RelWithDebInfo"
[4.728s] -- Execute custom install script
[4.728s] -- Up-to-date symlink: /root/catkin_ws/install/robot_localization/share/ament_index/resource_index/rosidl_interfaces/robot_localization
[4.728s] -- Up-to-date symlink: /root/catkin_ws/install/robot_localization/include/robot_localization/msg/rosidl_generator_c__visibility_control.h
[4.728s] -- Up-to-date symlink: /root/catkin_ws/install/robot_localization/include/robot_localization/srv/detail/from_ll__functions.h
[4.728s] -- Up-to-date symlink: /root/catkin_ws/install/robot_localization/include/robot_localization/srv/detail/from_ll__struct.h
[4.729s] -- Up-to-date symlink: /root/catkin_ws/install/robot_localization/include/robot_localization/srv/detail/from_ll__type_support.h
[4.729s] -- Up-to-date symlink: /root/catkin_ws/install/robot_localization/include/robot_localization/srv/detail/get_state__functions.h
[4.729s] -- Up-to-date symlink: /root/catkin_ws/install/robot_localization/include/robot_localization/srv/detail/get_state__struct.h
[4.729s] -- Up-to-date symlink: /root/catkin_ws/install/robot_localization/include/robot_localization/srv/detail/get_state__type_support.h
[4.729s] -- Up-to-date symlink: /root/catkin_ws/install/robot_localization/include/robot_localization/srv/detail/set_datum__functions.h
[4.729s] -- Up-to-date symlink: /root/catkin_ws/install/robot_localization/include/robot_localization/srv/detail/set_datum__struct.h
[4.729s] -- Up-to-date symlink: /root/catkin_ws/install/robot_localization/include/robot_localization/srv/detail/set_datum__type_support.h
[4.729s] -- Up-to-date symlink: /root/catkin_ws/install/robot_localization/include/robot_localization/srv/detail/set_pose__functions.h
[4.730s] -- Up-to-date symlink: /root/catkin_ws/install/robot_localization/include/robot_localization/srv/detail/set_pose__struct.h
[4.730s] -- Up-to-date symlink: /root/catkin_ws/install/robot_localization/include/robot_localization/srv/detail/set_pose__type_support.h
[4.730s] -- Up-to-date symlink: /root/catkin_ws/install/robot_localization/include/robot_localization/srv/detail/to_ll__functions.h
[4.730s] -- Up-to-date symlink: /root/catkin_ws/install/robot_localization/include/robot_localization/srv/detail/to_ll__struct.h
[4.730s] -- Up-to-date symlink: /root/catkin_ws/install/robot_localization/include/robot_localization/srv/detail/to_ll__type_support.h
[4.730s] -- Up-to-date symlink: /root/catkin_ws/install/robot_localization/include/robot_localization/srv/detail/toggle_filter_processing__functions.h
[4.730s] -- Up-to-date symlink: /root/catkin_ws/install/robot_localization/include/robot_localization/srv/detail/toggle_filter_processing__struct.h
[4.731s] -- Up-to-date symlink: /root/catkin_ws/install/robot_localization/include/robot_localization/srv/detail/toggle_filter_processing__type_support.h
[4.731s] -- Up-to-date symlink: /root/catkin_ws/install/robot_localization/include/robot_localization/srv/from_ll.h
[4.731s] -- Up-to-date symlink: /root/catkin_ws/install/robot_localization/include/robot_localization/srv/get_state.h
[4.731s] -- Up-to-date symlink: /root/catkin_ws/install/robot_localization/include/robot_localization/srv/set_datum.h
[4.731s] -- Up-to-date symlink: /root/catkin_ws/install/robot_localization/include/robot_localization/srv/set_pose.h
[4.731s] -- Up-to-date symlink: /root/catkin_ws/install/robot_localization/include/robot_localization/srv/to_ll.h
[4.731s] -- Up-to-date symlink: /root/catkin_ws/install/robot_localization/include/robot_localization/srv/toggle_filter_processing.h
[4.731s] -- Up-to-date symlink: /root/catkin_ws/install/robot_localization/share/robot_localization/environment/library_path.sh
[4.732s] -- Up-to-date symlink: /root/catkin_ws/install/robot_localization/share/robot_localization/environment/library_path.dsv
[4.732s] -- Up-to-date symlink: /root/catkin_ws/install/robot_localization/include/robot_localization/msg/rosidl_typesupport_fastrtps_c__visibility_control.h
[4.732s] -- Up-to-date symlink: /root/catkin_ws/install/robot_localization/include/robot_localization/srv/detail/from_ll__rosidl_typesupport_fastrtps_c.h
[4.732s] -- Up-to-date symlink: /root/catkin_ws/install/robot_localization/include/robot_localization/srv/detail/get_state__rosidl_typesupport_fastrtps_c.h
[4.732s] -- Up-to-date symlink: /root/catkin_ws/install/robot_localization/include/robot_localization/srv/detail/set_datum__rosidl_typesupport_fastrtps_c.h
[4.732s] -- Up-to-date symlink: /root/catkin_ws/install/robot_localization/include/robot_localization/srv/detail/set_pose__rosidl_typesupport_fastrtps_c.h
[4.732s] -- Up-to-date symlink: /root/catkin_ws/install/robot_localization/include/robot_localization/srv/detail/to_ll__rosidl_typesupport_fastrtps_c.h
[4.732s] -- Up-to-date symlink: /root/catkin_ws/install/robot_localization/include/robot_localization/srv/detail/toggle_filter_processing__rosidl_typesupport_fastrtps_c.h
[4.733s] -- Up-to-date symlink: /root/catkin_ws/install/robot_localization/lib/librobot_localization__rosidl_typesupport_fastrtps_c.so
[4.736s] -- Up-to-date symlink: /root/catkin_ws/install/robot_localization/include/robot_localization/msg/rosidl_typesupport_fastrtps_cpp__visibility_control.h
[4.736s] -- Up-to-date symlink: /root/catkin_ws/install/robot_localization/include/robot_localization/srv/detail/from_ll__rosidl_typesupport_fastrtps_cpp.hpp
[4.737s] -- Up-to-date symlink: /root/catkin_ws/install/robot_localization/include/robot_localization/srv/detail/get_state__rosidl_typesupport_fastrtps_cpp.hpp
[4.737s] -- Up-to-date symlink: /root/catkin_ws/install/robot_localization/include/robot_localization/srv/detail/set_datum__rosidl_typesupport_fastrtps_cpp.hpp
[4.737s] -- Up-to-date symlink: /root/catkin_ws/install/robot_localization/include/robot_localization/srv/detail/set_pose__rosidl_typesupport_fastrtps_cpp.hpp
[4.737s] -- Up-to-date symlink: /root/catkin_ws/install/robot_localization/include/robot_localization/srv/detail/to_ll__rosidl_typesupport_fastrtps_cpp.hpp
[4.741s] -- Up-to-date symlink: /root/catkin_ws/install/robot_localization/include/robot_localization/srv/detail/toggle_filter_processing__rosidl_typesupport_fastrtps_cpp.hpp
[4.747s] -- Up-to-date symlink: /root/catkin_ws/install/robot_localization/lib/librobot_localization__rosidl_typesupport_fastrtps_cpp.so
[4.747s] -- Up-to-date symlink: /root/catkin_ws/install/robot_localization/include/robot_localization/msg/rosidl_typesupport_introspection_c__visibility_control.h
[4.747s] -- Up-to-date symlink: /root/catkin_ws/install/robot_localization/include/robot_localization/srv/detail/from_ll__rosidl_typesupport_introspection_c.h
[4.747s] -- Up-to-date symlink: /root/catkin_ws/install/robot_localization/include/robot_localization/srv/detail/get_state__rosidl_typesupport_introspection_c.h
[4.747s] -- Up-to-date symlink: /root/catkin_ws/install/robot_localization/include/robot_localization/srv/detail/set_datum__rosidl_typesupport_introspection_c.h
[4.748s] -- Up-to-date symlink: /root/catkin_ws/install/robot_localization/include/robot_localization/srv/detail/set_pose__rosidl_typesupport_introspection_c.h
[4.748s] -- Up-to-date symlink: /root/catkin_ws/install/robot_localization/include/robot_localization/srv/detail/to_ll__rosidl_typesupport_introspection_c.h
[4.748s] -- Up-to-date symlink: /root/catkin_ws/install/robot_localization/include/robot_localization/srv/detail/toggle_filter_processing__rosidl_typesupport_introspection_c.h
[4.749s] -- Up-to-date symlink: /root/catkin_ws/install/robot_localization/include/robot_localization/srv/detail/from_ll__builder.hpp
[4.749s] -- Up-to-date symlink: /root/catkin_ws/install/robot_localization/include/robot_localization/srv/detail/from_ll__struct.hpp
[4.749s] -- Up-to-date symlink: /root/catkin_ws/install/robot_localization/include/robot_localization/srv/detail/from_ll__traits.hpp
[4.750s] -- Up-to-date symlink: /root/catkin_ws/install/robot_localization/include/robot_localization/srv/detail/get_state__builder.hpp
[4.750s] -- Up-to-date symlink: /root/catkin_ws/install/robot_localization/include/robot_localization/srv/detail/get_state__struct.hpp
[4.750s] -- Up-to-date symlink: /root/catkin_ws/install/robot_localization/include/robot_localization/srv/detail/get_state__traits.hpp
[4.751s] -- Up-to-date symlink: /root/catkin_ws/install/robot_localization/include/robot_localization/srv/detail/set_datum__builder.hpp
[4.751s] -- Up-to-date symlink: /root/catkin_ws/install/robot_localization/include/robot_localization/srv/detail/set_datum__struct.hpp
[4.751s] -- Up-to-date symlink: /root/catkin_ws/install/robot_localization/include/robot_localization/srv/detail/set_datum__traits.hpp
[4.753s] -- Up-to-date symlink: /root/catkin_ws/install/robot_localization/include/robot_localization/srv/detail/set_pose__builder.hpp
[4.753s] -- Up-to-date symlink: /root/catkin_ws/install/robot_localization/include/robot_localization/srv/detail/set_pose__struct.hpp
[4.753s] -- Up-to-date symlink: /root/catkin_ws/install/robot_localization/include/robot_localization/srv/detail/set_pose__traits.hpp
[4.753s] -- Up-to-date symlink: /root/catkin_ws/install/robot_localization/include/robot_localization/srv/detail/to_ll__builder.hpp
[4.754s] -- Up-to-date symlink: /root/catkin_ws/install/robot_localization/include/robot_localization/srv/detail/to_ll__struct.hpp
[4.754s] -- Up-to-date symlink: /root/catkin_ws/install/robot_localization/include/robot_localization/srv/detail/to_ll__traits.hpp
[4.754s] -- Up-to-date symlink: /root/catkin_ws/install/robot_localization/include/robot_localization/srv/detail/toggle_filter_processing__builder.hpp
[4.755s] -- Up-to-date symlink: /root/catkin_ws/install/robot_localization/include/robot_localization/srv/detail/toggle_filter_processing__struct.hpp
[4.755s] -- Up-to-date symlink: /root/catkin_ws/install/robot_localization/include/robot_localization/srv/detail/toggle_filter_processing__traits.hpp
[4.766s] -- Up-to-date symlink: /root/catkin_ws/install/robot_localization/include/robot_localization/srv/from_ll.hpp
[4.766s] -- Up-to-date symlink: /root/catkin_ws/install/robot_localization/include/robot_localization/srv/get_state.hpp
[4.767s] -- Up-to-date symlink: /root/catkin_ws/install/robot_localization/include/robot_localization/srv/set_datum.hpp
[4.767s] -- Up-to-date symlink: /root/catkin_ws/install/robot_localization/include/robot_localization/srv/set_pose.hpp
[4.767s] -- Up-to-date symlink: /root/catkin_ws/install/robot_localization/include/robot_localization/srv/to_ll.hpp
[4.785s] -- Up-to-date symlink: /root/catkin_ws/install/robot_localization/include/robot_localization/srv/toggle_filter_processing.hpp
[4.788s] -- Up-to-date symlink: /root/catkin_ws/install/robot_localization/include/robot_localization/srv/detail/from_ll__rosidl_typesupport_introspection_cpp.hpp
[4.789s] -- Up-to-date symlink: /root/catkin_ws/install/robot_localization/include/robot_localization/srv/detail/get_state__rosidl_typesupport_introspection_cpp.hpp
[4.790s] -- Up-to-date symlink: /root/catkin_ws/install/robot_localization/include/robot_localization/srv/detail/set_datum__rosidl_typesupport_introspection_cpp.hpp
[4.790s] -- Up-to-date symlink: /root/catkin_ws/install/robot_localization/include/robot_localization/srv/detail/set_pose__rosidl_typesupport_introspection_cpp.hpp
[4.790s] -- Up-to-date symlink: /root/catkin_ws/install/robot_localization/include/robot_localization/srv/detail/to_ll__rosidl_typesupport_introspection_cpp.hpp
[4.791s] -- Up-to-date symlink: /root/catkin_ws/install/robot_localization/include/robot_localization/srv/detail/toggle_filter_processing__rosidl_typesupport_introspection_cpp.hpp
[4.791s] -- Up-to-date symlink: /root/catkin_ws/install/robot_localization/share/robot_localization/environment/pythonpath.sh
[4.794s] -- Up-to-date symlink: /root/catkin_ws/install/robot_localization/share/robot_localization/environment/pythonpath.dsv
[4.797s] -- Up-to-date symlink: /root/catkin_ws/install/robot_localization/lib/python3.8/site-packages/robot_localization/__init__.py
[4.798s] -- Up-to-date symlink: /root/catkin_ws/install/robot_localization/lib/python3.8/site-packages/robot_localization/srv/__init__.py
[4.798s] -- Up-to-date symlink: /root/catkin_ws/install/robot_localization/lib/python3.8/site-packages/robot_localization/srv/_from_ll.py
[4.798s] -- Up-to-date symlink: /root/catkin_ws/install/robot_localization/lib/python3.8/site-packages/robot_localization/srv/_get_state.py
[4.804s] -- Up-to-date symlink: /root/catkin_ws/install/robot_localization/lib/python3.8/site-packages/robot_localization/srv/_set_datum.py
[4.805s] -- Up-to-date symlink: /root/catkin_ws/install/robot_localization/lib/python3.8/site-packages/robot_localization/srv/_set_pose.py
[4.806s] -- Up-to-date symlink: /root/catkin_ws/install/robot_localization/lib/python3.8/site-packages/robot_localization/srv/_to_ll.py
[4.806s] -- Up-to-date symlink: /root/catkin_ws/install/robot_localization/lib/python3.8/site-packages/robot_localization/srv/_toggle_filter_processing.py
[4.809s] -- Up-to-date symlink: /root/catkin_ws/install/robot_localization/lib/python3.8/site-packages/robot_localization/robot_localization_s__rosidl_typesupport_fastrtps_c.cpython-38-x86_64-linux-gnu.so
[4.810s] -- Up-to-date symlink: /root/catkin_ws/install/robot_localization/lib/python3.8/site-packages/robot_localization/robot_localization_s__rosidl_typesupport_introspection_c.cpython-38-x86_64-linux-gnu.so
[4.816s] -- Up-to-date symlink: /root/catkin_ws/install/robot_localization/lib/python3.8/site-packages/robot_localization/robot_localization_s__rosidl_typesupport_c.cpython-38-x86_64-linux-gnu.so
[4.817s] -- Up-to-date symlink: /root/catkin_ws/install/robot_localization/lib/librobot_localization__python.so
[4.817s] -- Up-to-date symlink: /root/catkin_ws/install/robot_localization/share/robot_localization/srv/FromLL.idl
[4.817s] -- Up-to-date symlink: /root/catkin_ws/install/robot_localization/share/robot_localization/srv/GetState.idl
[4.817s] -- Up-to-date symlink: /root/catkin_ws/install/robot_localization/share/robot_localization/srv/SetDatum.idl
[4.818s] -- Up-to-date symlink: /root/catkin_ws/install/robot_localization/share/robot_localization/srv/SetPose.idl
[4.818s] -- Up-to-date symlink: /root/catkin_ws/install/robot_localization/share/robot_localization/srv/ToggleFilterProcessing.idl
[4.818s] -- Up-to-date symlink: /root/catkin_ws/install/robot_localization/share/robot_localization/srv/ToLL.idl
[4.818s] -- Up-to-date symlink: /root/catkin_ws/install/robot_localization/share/robot_localization/srv/FromLL.srv
[4.818s] -- Up-to-date symlink: /root/catkin_ws/install/robot_localization/share/robot_localization/srv/FromLL_Request.msg
[4.818s] -- Up-to-date symlink: /root/catkin_ws/install/robot_localization/share/robot_localization/srv/FromLL_Response.msg
[4.818s] -- Up-to-date symlink: /root/catkin_ws/install/robot_localization/share/robot_localization/srv/GetState.srv
[4.819s] -- Up-to-date symlink: /root/catkin_ws/install/robot_localization/share/robot_localization/srv/GetState_Request.msg
[4.819s] -- Up-to-date symlink: /root/catkin_ws/install/robot_localization/share/robot_localization/srv/GetState_Response.msg
[4.819s] -- Up-to-date symlink: /root/catkin_ws/install/robot_localization/share/robot_localization/srv/SetDatum.srv
[4.819s] -- Up-to-date symlink: /root/catkin_ws/install/robot_localization/share/robot_localization/srv/SetDatum_Request.msg
[4.819s] -- Up-to-date symlink: /root/catkin_ws/install/robot_localization/share/robot_localization/srv/SetDatum_Response.msg
[4.819s] -- Up-to-date symlink: /root/catkin_ws/install/robot_localization/share/robot_localization/srv/SetPose.srv
[4.819s] -- Up-to-date symlink: /root/catkin_ws/install/robot_localization/share/robot_localization/srv/SetPose_Request.msg
[4.820s] -- Up-to-date symlink: /root/catkin_ws/install/robot_localization/share/robot_localization/srv/SetPose_Response.msg
[4.820s] -- Up-to-date symlink: /root/catkin_ws/install/robot_localization/share/robot_localization/srv/ToggleFilterProcessing.srv
[4.820s] -- Up-to-date symlink: /root/catkin_ws/install/robot_localization/share/robot_localization/srv/ToggleFilterProcessing_Request.msg
[4.820s] -- Up-to-date symlink: /root/catkin_ws/install/robot_localization/share/robot_localization/srv/ToggleFilterProcessing_Response.msg
[4.820s] -- Up-to-date symlink: /root/catkin_ws/install/robot_localization/share/robot_localization/srv/ToLL.srv
[4.820s] -- Up-to-date symlink: /root/catkin_ws/install/robot_localization/share/robot_localization/srv/ToLL_Request.msg
[4.820s] -- Up-to-date symlink: /root/catkin_ws/install/robot_localization/share/robot_localization/srv/ToLL_Response.msg
[4.821s] -- Up-to-date symlink: /root/catkin_ws/install/robot_localization/lib/robot_localization/filter_base-test
[4.821s] -- Up-to-date symlink: /root/catkin_ws/install/robot_localization/lib/robot_localization/test_filter_base_diagnostics_timestamps
[4.821s] -- Up-to-date symlink: /root/catkin_ws/install/robot_localization/lib/robot_localization/test_ekf
[4.821s] -- Up-to-date symlink: /root/catkin_ws/install/robot_localization/lib/robot_localization/test_ekf_localization_node_interfaces
[4.821s] -- Up-to-date symlink: /root/catkin_ws/install/robot_localization/lib/robot_localization/test_ukf
[4.821s] -- Up-to-date symlink: /root/catkin_ws/install/robot_localization/lib/robot_localization/test_ukf_localization_node_interfaces
[4.821s] -- Up-to-date symlink: /root/catkin_ws/install/robot_localization/lib/robot_localization/test_robot_localization_estimator
[4.821s] -- Up-to-date symlink: /root/catkin_ws/install/robot_localization/lib/robot_localization/test_navsat_conversions
[4.822s] -- Up-to-date symlink: /root/catkin_ws/install/robot_localization/lib/robot_localization/test_navsat_transform
[4.822s] -- Up-to-date symlink: /root/catkin_ws/install/robot_localization/lib/robot_localization/test_ros_robot_localization_listener
[4.822s] -- Up-to-date symlink: /root/catkin_ws/install/robot_localization/lib/robot_localization/test_ros_robot_localization_listener_publisher
[4.822s] -- Up-to-date symlink: /root/catkin_ws/install/robot_localization/lib/robot_localization/navsat_transform_node
[4.822s] -- Up-to-date symlink: /root/catkin_ws/install/robot_localization/lib/robot_localization/ekf_node
[4.822s] -- Up-to-date symlink: /root/catkin_ws/install/robot_localization/lib/robot_localization/ukf_node
[4.822s] -- Up-to-date symlink: /root/catkin_ws/install/robot_localization/lib/robot_localization/robot_localization_listener_node
[4.823s] -- Up-to-date symlink: /root/catkin_ws/install/robot_localization/lib/librl_lib.so
[4.823s] -- Up-to-date symlink: /root/catkin_ws/install/robot_localization/share/ament_index/resource_index/package_run_dependencies/robot_localization
[4.823s] -- Up-to-date symlink: /root/catkin_ws/install/robot_localization/share/ament_index/resource_index/parent_prefix_path/robot_localization
[4.823s] -- Up-to-date symlink: /root/catkin_ws/install/robot_localization/share/robot_localization/environment/ament_prefix_path.sh
[4.823s] -- Up-to-date symlink: /root/catkin_ws/install/robot_localization/share/robot_localization/environment/ament_prefix_path.dsv
[4.823s] -- Up-to-date symlink: /root/catkin_ws/install/robot_localization/share/robot_localization/environment/path.sh
[4.823s] -- Up-to-date symlink: /root/catkin_ws/install/robot_localization/share/robot_localization/environment/path.dsv
[4.824s] -- Up-to-date symlink: /root/catkin_ws/install/robot_localization/share/robot_localization/local_setup.bash
[4.824s] -- Up-to-date symlink: /root/catkin_ws/install/robot_localization/share/robot_localization/local_setup.sh
[4.824s] -- Up-to-date symlink: /root/catkin_ws/install/robot_localization/share/robot_localization/local_setup.zsh
[4.824s] -- Up-to-date symlink: /root/catkin_ws/install/robot_localization/share/robot_localization/local_setup.dsv
[4.824s] -- Symlinking: /root/catkin_ws/install/robot_localization/share/robot_localization/package.dsv
[4.824s] -- Up-to-date symlink: /root/catkin_ws/install/robot_localization/share/ament_index/resource_index/packages/robot_localization
[4.824s] -- Up-to-date symlink: /root/catkin_ws/install/robot_localization/share/robot_localization/cmake/rosidl_cmake-extras.cmake
[4.825s] -- Up-to-date symlink: /root/catkin_ws/install/robot_localization/share/robot_localization/cmake/ament_cmake_export_dependencies-extras.cmake
[4.825s] -- Up-to-date symlink: /root/catkin_ws/install/robot_localization/share/robot_localization/cmake/ament_cmake_export_libraries-extras.cmake
[4.825s] -- Up-to-date symlink: /root/catkin_ws/install/robot_localization/share/robot_localization/cmake/ament_cmake_export_targets-extras.cmake
[4.825s] -- Up-to-date symlink: /root/catkin_ws/install/robot_localization/share/robot_localization/cmake/ament_cmake_export_include_directories-extras.cmake
[4.825s] -- Up-to-date symlink: /root/catkin_ws/install/robot_localization/share/robot_localization/cmake/rosidl_cmake_export_typesupport_libraries-extras.cmake
[4.825s] -- Up-to-date symlink: /root/catkin_ws/install/robot_localization/share/robot_localization/cmake/rosidl_cmake_export_typesupport_targets-extras.cmake
[4.826s] -- Up-to-date symlink: /root/catkin_ws/install/robot_localization/share/robot_localization/cmake/robot_localizationConfig.cmake
[4.826s] -- Up-to-date symlink: /root/catkin_ws/install/robot_localization/share/robot_localization/cmake/robot_localizationConfig-version.cmake
[4.826s] -- Up-to-date symlink: /root/catkin_ws/install/robot_localization/share/robot_localization/package.xml
[4.826s] -- Up-to-date: /root/catkin_ws/install/robot_localization/lib/librobot_localization__rosidl_generator_c.so
[4.826s] -- Up-to-date: /root/catkin_ws/install/robot_localization/lib/librobot_localization__rosidl_typesupport_introspection_c.so
[4.826s] -- Up-to-date: /root/catkin_ws/install/robot_localization/lib/librobot_localization__rosidl_typesupport_c.so
[4.826s] -- Up-to-date: /root/catkin_ws/install/robot_localization/lib/librobot_localization__rosidl_typesupport_introspection_cpp.so
[4.826s] -- Up-to-date: /root/catkin_ws/install/robot_localization/lib/librobot_localization__rosidl_typesupport_cpp.so
[4.934s] -- Up-to-date: /root/catkin_ws/install/robot_localization/share/robot_localization/test
[4.934s] -- Up-to-date: /root/catkin_ws/install/robot_localization/share/robot_localization/test/test_filter_base.cpp
[4.934s] -- Up-to-date: /root/catkin_ws/install/robot_localization/share/robot_localization/test/test_filter_base_diagnostics_timestamps.launch.py
[4.934s] -- Up-to-date: /root/catkin_ws/install/robot_localization/share/robot_localization/test/test_localization_node_bag_pose_tester.cpp
[4.935s] -- Up-to-date: /root/catkin_ws/install/robot_localization/share/robot_localization/test/test_ukf.cpp
[4.935s] -- Up-to-date: /root/catkin_ws/install/robot_localization/share/robot_localization/test/test_ekf_localization_node_bag2.launch.py
[4.935s] -- Up-to-date: /root/catkin_ws/install/robot_localization/share/robot_localization/test/test_navsat_conversions.cpp
[4.935s] -- Up-to-date: /root/catkin_ws/install/robot_localization/share/robot_localization/test/test_ekf_localization_node_bag3.sh
[4.935s] -- Up-to-date: /root/catkin_ws/install/robot_localization/share/robot_localization/test/test_ukf_localization_node_bag3.sh
[4.935s] -- Up-to-date: /root/catkin_ws/install/robot_localization/share/robot_localization/test/test_filter_base_diagnostics_timestamps.cpp
[4.936s] -- Up-to-date: /root/catkin_ws/install/robot_localization/share/robot_localization/test/test_ekf_localization_node_bag1.yaml
[4.936s] -- Up-to-date: /root/catkin_ws/install/robot_localization/share/robot_localization/test/test_ekf_localization_node_bag2.yaml
[4.936s] -- Up-to-date: /root/catkin_ws/install/robot_localization/share/robot_localization/test/test2.bag
[4.936s] -- Up-to-date: /root/catkin_ws/install/robot_localization/share/robot_localization/test/test_ukf_localization_node_interfaces.cpp
[4.936s] -- Up-to-date: /root/catkin_ws/install/robot_localization/share/robot_localization/test/test_ekf_localization_node_interfaces.cpp
[4.936s] -- Up-to-date: /root/catkin_ws/install/robot_localization/share/robot_localization/test/test_ekf_localization_node_interfaces.yaml
[4.936s] -- Up-to-date: /root/catkin_ws/install/robot_localization/share/robot_localization/test/test1.bag
[4.936s] -- Up-to-date: /root/catkin_ws/install/robot_localization/share/robot_localization/test/test_ekf_localization_node_bag3.yaml
[4.937s] -- Up-to-date: /root/catkin_ws/install/robot_localization/share/robot_localization/test/test3.bag
[4.937s] -- Up-to-date: /root/catkin_ws/install/robot_localization/share/robot_localization/test/test_ekf.cpp
[4.937s] -- Up-to-date: /root/catkin_ws/install/robot_localization/share/robot_localization/test/test_ekf_localization_node_bag3.launch.py
[4.937s] -- Up-to-date: /root/catkin_ws/install/robot_localization/share/robot_localization/test/test_navsat_transform.cpp
[4.937s] -- Up-to-date: /root/catkin_ws/install/robot_localization/share/robot_localization/test/test_ukf_localization_node_bag2.sh
[4.937s] -- Up-to-date: /root/catkin_ws/install/robot_localization/share/robot_localization/test/test_filter_base_diagnostics_timestamps.yaml
[4.938s] -- Up-to-date: /root/catkin_ws/install/robot_localization/share/robot_localization/test/test_ros_robot_localization_listener_publisher.cpp
[4.938s] -- Up-to-date: /root/catkin_ws/install/robot_localization/share/robot_localization/test/test_ekf_localization_node_bag1.sh
[4.940s] -- Up-to-date: /root/catkin_ws/install/robot_localization/share/robot_localization/test/test_ukf_localization_node_bag3.launch.py
[4.941s] -- Up-to-date: /root/catkin_ws/install/robot_localization/share/robot_localization/test/test_ukf_localization_node_bag2.launch.py
[4.941s] -- Up-to-date: /root/catkin_ws/install/robot_localization/share/robot_localization/test/test_navsat_transform.launch.py
[4.941s] -- Up-to-date: /root/catkin_ws/install/robot_localization/share/robot_localization/test/test_robot_localization_estimator.cpp
[4.941s] -- Up-to-date: /root/catkin_ws/install/robot_localization/share/robot_localization/test/test_ekf_localization_node_interfaces.launch.py
[4.941s] -- Up-to-date: /root/catkin_ws/install/robot_localization/share/robot_localization/test/test_ukf_localization_node_bag1.sh
[4.941s] -- Up-to-date: /root/catkin_ws/install/robot_localization/share/robot_localization/test/test_ros_robot_localization_listener.launch.py
[4.941s] -- Up-to-date: /root/catkin_ws/install/robot_localization/share/robot_localization/test/test_ukf_localization_node_interfaces.yaml
[4.942s] -- Up-to-date: /root/catkin_ws/install/robot_localization/share/robot_localization/test/test_ekf_localization_node_bag2.sh
[4.942s] -- Up-to-date: /root/catkin_ws/install/robot_localization/share/robot_localization/test/test_ekf_localization_node_bag1.launch.py
[4.942s] -- Up-to-date: /root/catkin_ws/install/robot_localization/share/robot_localization/test/test_ukf_localization_node_interfaces.launch.py
[4.942s] -- Up-to-date: /root/catkin_ws/install/robot_localization/share/robot_localization/test/test_ukf_localization_node_bag2.yaml
[4.942s] -- Up-to-date: /root/catkin_ws/install/robot_localization/share/robot_localization/test/test_ros_robot_localization_listener.cpp
[4.942s] -- Up-to-date: /root/catkin_ws/install/robot_localization/share/robot_localization/test/test_ukf_localization_node_bag3.yaml
[4.942s] -- Up-to-date: /root/catkin_ws/install/robot_localization/share/robot_localization/test/test_robot_localization_estimator.launch.py
[4.943s] -- Up-to-date: /root/catkin_ws/install/robot_localization/share/robot_localization/test/test_ukf_localization_node_bag1.launch.py
[4.943s] -- Up-to-date: /root/catkin_ws/install/robot_localization/share/robot_localization/test/test_ros_robot_localization_listener.yaml
[4.948s] -- Up-to-date: /root/catkin_ws/install/robot_localization/share/robot_localization/test/test_ukf_localization_node_bag1.yaml
[4.948s] -- Up-to-date: /root/catkin_ws/install/robot_localization/include
[4.949s] -- Up-to-date: /root/catkin_ws/install/robot_localization/include/robot_localization
[4.949s] -- Up-to-date: /root/catkin_ws/install/robot_localization/include/robot_localization/filter_state.hpp
[4.949s] -- Up-to-date: /root/catkin_ws/install/robot_localization/include/robot_localization/navsat_conversions.hpp
[4.949s] -- Up-to-date: /root/catkin_ws/install/robot_localization/include/robot_localization/robot_localization_estimator.hpp
[4.950s] -- Up-to-date: /root/catkin_ws/install/robot_localization/include/robot_localization/filter_utilities.hpp
[4.950s] -- Up-to-date: /root/catkin_ws/install/robot_localization/include/robot_localization/ros_filter_utilities.hpp
[4.950s] -- Up-to-date: /root/catkin_ws/install/robot_localization/include/robot_localization/filter_common.hpp
[4.950s] -- Up-to-date: /root/catkin_ws/install/robot_localization/include/robot_localization/ukf.hpp
[4.951s] -- Up-to-date: /root/catkin_ws/install/robot_localization/include/robot_localization/filter_base.hpp
[4.951s] -- Up-to-date: /root/catkin_ws/install/robot_localization/include/robot_localization/measurement.hpp
[4.951s] -- Up-to-date: /root/catkin_ws/install/robot_localization/include/robot_localization/ros_robot_localization_listener.hpp
[4.951s] -- Up-to-date: /root/catkin_ws/install/robot_localization/include/robot_localization/ekf.hpp
[4.951s] -- Up-to-date: /root/catkin_ws/install/robot_localization/include/robot_localization/ros_filter_types.hpp
[4.952s] -- Up-to-date: /root/catkin_ws/install/robot_localization/include/robot_localization/navsat_transform.hpp
[4.952s] -- Up-to-date: /root/catkin_ws/install/robot_localization/include/robot_localization/ros_filter.hpp
[4.952s] -- Up-to-date: /root/catkin_ws/install/robot_localization/share/robot_localization/params
[4.952s] -- Up-to-date: /root/catkin_ws/install/robot_localization/share/robot_localization/params/ukf.yaml
[4.953s] -- Up-to-date: /root/catkin_ws/install/robot_localization/share/robot_localization/params/ekf.yaml
[4.953s] -- Up-to-date: /root/catkin_ws/install/robot_localization/share/robot_localization/params/dual_ekf_navsat_example.yaml
[4.953s] -- Up-to-date: /root/catkin_ws/install/robot_localization/share/robot_localization/params/navsat_transform.yaml
[4.953s] -- Up-to-date: /root/catkin_ws/install/robot_localization/share/robot_localization/launch
[4.954s] -- Up-to-date: /root/catkin_ws/install/robot_localization/share/robot_localization/launch/ukf.launch.py
[4.954s] -- Up-to-date: /root/catkin_ws/install/robot_localization/share/robot_localization/launch/navsat_transform.launch.py
[4.954s] -- Up-to-date: /root/catkin_ws/install/robot_localization/share/robot_localization/launch/ekf.launch.py
[4.957s] -- Up-to-date: /root/catkin_ws/install/robot_localization/share/robot_localization/launch/dual_ekf_navsat_example.launch.py
[4.957s] -- Up-to-date: /root/catkin_ws/install/robot_localization/share/robot_localization/cmake/robot_localization__rosidl_generator_cExport.cmake
[4.959s] -- Up-to-date: /root/catkin_ws/install/robot_localization/share/robot_localization/cmake/robot_localization__rosidl_generator_cExport-relwithdebinfo.cmake
[4.966s] -- Up-to-date: /root/catkin_ws/install/robot_localization/share/robot_localization/cmake/robot_localization__rosidl_typesupport_introspection_cExport.cmake
[4.968s] -- Up-to-date: /root/catkin_ws/install/robot_localization/share/robot_localization/cmake/robot_localization__rosidl_typesupport_introspection_cExport-relwithdebinfo.cmake
[4.968s] -- Up-to-date: /root/catkin_ws/install/robot_localization/share/robot_localization/cmake/robot_localization__rosidl_typesupport_cExport.cmake
[4.969s] -- Up-to-date: /root/catkin_ws/install/robot_localization/share/robot_localization/cmake/robot_localization__rosidl_typesupport_cExport-relwithdebinfo.cmake
[4.969s] -- Up-to-date: /root/catkin_ws/install/robot_localization/share/robot_localization/cmake/robot_localization__rosidl_generator_cppExport.cmake
[4.969s] -- Up-to-date: /root/catkin_ws/install/robot_localization/share/robot_localization/cmake/robot_localization__rosidl_typesupport_introspection_cppExport.cmake
[4.969s] -- Up-to-date: /root/catkin_ws/install/robot_localization/share/robot_localization/cmake/robot_localization__rosidl_typesupport_introspection_cppExport-relwithdebinfo.cmake
[4.970s] -- Up-to-date: /root/catkin_ws/install/robot_localization/share/robot_localization/cmake/robot_localization__rosidl_typesupport_cppExport.cmake
[4.970s] -- Up-to-date: /root/catkin_ws/install/robot_localization/share/robot_localization/cmake/robot_localization__rosidl_typesupport_cppExport-relwithdebinfo.cmake
[4.992s] Invoked command in '/root/catkin_ws/build/robot_localization' returned '0': CMAKE_PREFIX_PATH=${CMAKE_PREFIX_PATH}:/root/catkin_ws/install/topic_service_action_rclpy_example:/root/catkin_ws/install/time_rclpy_example:/root/catkin_ws/install/tf2_rclpy_example:/root/catkin_ws/install/ros2env:/root/catkin_ws/install/omo_r1mini_bringup:/root/catkin_ws/install/omo_r1mini_teleop:/root/catkin_ws/install/my_first_ros_rclpy_pkg:/root/catkin_ws/install/logging_rclpy_example:/root/catkin_ws/install/iahrs_driver:/root/install/topic_service_action_rclpy_example:/root/install/time_rclpy_example:/root/install/tf2_rclpy_example:/root/install/ros2env:/root/install/omo_r1mini_teleop:/root/install/omo_r1mini_bringup:/root/install/my_first_ros_rclpy_pkg:/root/install/logging_rclpy_example:/opt/ros/foxy /usr/bin/cmake --install /root/catkin_ws/build/robot_localization
