[0.439s] Invoking command in '/root/catkin_ws/build/micro_ros_setup': CMAKE_PREFIX_PATH=${CMAKE_PREFIX_PATH}:/root/catkin_ws/install/topic_service_action_rclpy_example:/root/catkin_ws/install/time_rclpy_example:/root/catkin_ws/install/tf2_rclpy_example:/root/catkin_ws/install/ros2env:/root/catkin_ws/install/omo_r1mini_teleop:/root/catkin_ws/install/omo_r1mini_bringup:/root/catkin_ws/install/my_first_ros_rclpy_pkg:/root/catkin_ws/install/logging_rclpy_example:/root/catkin_ws/install/iahrs_driver:/root/install/topic_service_action_rclpy_example:/root/install/time_rclpy_example:/root/install/tf2_rclpy_example:/root/install/ros2env:/root/install/omo_r1mini_teleop:/root/install/omo_r1mini_bringup:/root/install/my_first_ros_rclpy_pkg:/root/install/logging_rclpy_example:/opt/ros/foxy /usr/bin/cmake --build /root/catkin_ws/build/micro_ros_setup -- -j12 -l12
[0.517s] Invoked command in '/root/catkin_ws/build/micro_ros_setup' returned '0': CMAKE_PREFIX_PATH=${CMAKE_PREFIX_PATH}:/root/catkin_ws/install/topic_service_action_rclpy_example:/root/catkin_ws/install/time_rclpy_example:/root/catkin_ws/install/tf2_rclpy_example:/root/catkin_ws/install/ros2env:/root/catkin_ws/install/omo_r1mini_teleop:/root/catkin_ws/install/omo_r1mini_bringup:/root/catkin_ws/install/my_first_ros_rclpy_pkg:/root/catkin_ws/install/logging_rclpy_example:/root/catkin_ws/install/iahrs_driver:/root/install/topic_service_action_rclpy_example:/root/install/time_rclpy_example:/root/install/tf2_rclpy_example:/root/install/ros2env:/root/install/omo_r1mini_teleop:/root/install/omo_r1mini_bringup:/root/install/my_first_ros_rclpy_pkg:/root/install/logging_rclpy_example:/opt/ros/foxy /usr/bin/cmake --build /root/catkin_ws/build/micro_ros_setup -- -j12 -l12
[0.643s] Invoking command in '/root/catkin_ws/build/micro_ros_setup': CMAKE_PREFIX_PATH=${CMAKE_PREFIX_PATH}:/root/catkin_ws/install/topic_service_action_rclpy_example:/root/catkin_ws/install/time_rclpy_example:/root/catkin_ws/install/tf2_rclpy_example:/root/catkin_ws/install/ros2env:/root/catkin_ws/install/omo_r1mini_teleop:/root/catkin_ws/install/omo_r1mini_bringup:/root/catkin_ws/install/my_first_ros_rclpy_pkg:/root/catkin_ws/install/logging_rclpy_example:/root/catkin_ws/install/iahrs_driver:/root/install/topic_service_action_rclpy_example:/root/install/time_rclpy_example:/root/install/tf2_rclpy_example:/root/install/ros2env:/root/install/omo_r1mini_teleop:/root/install/omo_r1mini_bringup:/root/install/my_first_ros_rclpy_pkg:/root/install/logging_rclpy_example:/opt/ros/foxy /usr/bin/cmake --install /root/catkin_ws/build/micro_ros_setup
[0.655s] -- Install configuration: ""
[0.658s] -- Execute custom install script
[0.658s] -- Up-to-date symlink: /root/catkin_ws/install/micro_ros_setup/share/ament_index/resource_index/package_run_dependencies/micro_ros_setup
[0.662s] -- Up-to-date symlink: /root/catkin_ws/install/micro_ros_setup/share/ament_index/resource_index/parent_prefix_path/micro_ros_setup
[0.663s] -- Up-to-date symlink: /root/catkin_ws/install/micro_ros_setup/share/micro_ros_setup/environment/ament_prefix_path.sh
[0.663s] -- Up-to-date symlink: /root/catkin_ws/install/micro_ros_setup/share/micro_ros_setup/environment/ament_prefix_path.dsv
[0.663s] -- Up-to-date symlink: /root/catkin_ws/install/micro_ros_setup/share/micro_ros_setup/environment/path.sh
[0.663s] -- Up-to-date symlink: /root/catkin_ws/install/micro_ros_setup/share/micro_ros_setup/environment/path.dsv
[0.663s] -- Up-to-date symlink: /root/catkin_ws/install/micro_ros_setup/share/micro_ros_setup/local_setup.bash
[0.663s] -- Up-to-date symlink: /root/catkin_ws/install/micro_ros_setup/share/micro_ros_setup/local_setup.sh
[0.664s] -- Up-to-date symlink: /root/catkin_ws/install/micro_ros_setup/share/micro_ros_setup/local_setup.zsh
[0.671s] -- Up-to-date symlink: /root/catkin_ws/install/micro_ros_setup/share/micro_ros_setup/local_setup.dsv
[0.672s] -- Symlinking: /root/catkin_ws/install/micro_ros_setup/share/micro_ros_setup/package.dsv
[0.672s] -- Up-to-date symlink: /root/catkin_ws/install/micro_ros_setup/share/ament_index/resource_index/packages/micro_ros_setup
[0.673s] -- Up-to-date symlink: /root/catkin_ws/install/micro_ros_setup/share/micro_ros_setup/cmake/micro_ros_setupConfig.cmake
[0.673s] -- Up-to-date symlink: /root/catkin_ws/install/micro_ros_setup/share/micro_ros_setup/cmake/micro_ros_setupConfig-version.cmake
[0.673s] -- Up-to-date symlink: /root/catkin_ws/install/micro_ros_setup/share/micro_ros_setup/package.xml
[0.673s] -- Up-to-date symlink: /root/catkin_ws/install/micro_ros_setup/lib/micro_ros_setup/create_ws.sh
[0.674s] -- Up-to-date symlink: /root/catkin_ws/install/micro_ros_setup/lib/micro_ros_setup/create_agent_ws.sh
[0.674s] -- Up-to-date symlink: /root/catkin_ws/install/micro_ros_setup/lib/micro_ros_setup/create_firmware_ws.sh
[0.674s] -- Up-to-date symlink: /root/catkin_ws/install/micro_ros_setup/lib/micro_ros_setup/configure_firmware.sh
[0.675s] -- Up-to-date symlink: /root/catkin_ws/install/micro_ros_setup/lib/micro_ros_setup/flash_firmware.sh
[0.675s] -- Up-to-date symlink: /root/catkin_ws/install/micro_ros_setup/lib/micro_ros_setup/reset_firmware.sh
[0.675s] -- Up-to-date symlink: /root/catkin_ws/install/micro_ros_setup/lib/micro_ros_setup/build_firmware.sh
[0.676s] -- Up-to-date symlink: /root/catkin_ws/install/micro_ros_setup/lib/micro_ros_setup/build_agent.sh
[0.676s] -- Up-to-date symlink: /root/catkin_ws/install/micro_ros_setup/lib/micro_ros_setup/yaml_filter.py
[0.680s] -- Up-to-date symlink: /root/catkin_ws/install/micro_ros_setup/lib/micro_ros_setup/clean_env.sh
[0.680s] -- Up-to-date: /root/catkin_ws/install/micro_ros_setup/./config
[0.680s] -- Up-to-date: /root/catkin_ws/install/micro_ros_setup/./config/agent_ros2_packages.txt
[0.681s] -- Up-to-date: /root/catkin_ws/install/micro_ros_setup/./config/generate_lib
[0.681s] -- Up-to-date: /root/catkin_ws/install/micro_ros_setup/./config/generate_lib/generic
[0.681s] -- Up-to-date: /root/catkin_ws/install/micro_ros_setup/./config/generate_lib/generic/create.sh
[0.682s] -- Up-to-date: /root/catkin_ws/install/micro_ros_setup/./config/generate_lib/generic/client_uros_packages.repos
[0.682s] -- Up-to-date: /root/catkin_ws/install/micro_ros_setup/./config/generate_lib/generic/client-colcon.meta
[0.682s] -- Up-to-date: /root/catkin_ws/install/micro_ros_setup/./config/generate_lib/generic/package.xml
[0.683s] -- Up-to-date: /root/catkin_ws/install/micro_ros_setup/./config/generate_lib/generic/demo_toolchain.cmake
[0.686s] -- Up-to-date: /root/catkin_ws/install/micro_ros_setup/./config/generate_lib/generic/flash.sh
[0.687s] -- Up-to-date: /root/catkin_ws/install/micro_ros_setup/./config/generate_lib/generic/build.sh
[0.687s] -- Up-to-date: /root/catkin_ws/install/micro_ros_setup/./config/generate_lib/dev_ros2_packages.txt
[0.687s] -- Up-to-date: /root/catkin_ws/install/micro_ros_setup/./config/generate_lib/dev_uros_packages.repos
[0.688s] -- Up-to-date: /root/catkin_ws/install/micro_ros_setup/./config/client_uros_packages.repos
[0.688s] -- Up-to-date: /root/catkin_ws/install/micro_ros_setup/./config/host
[0.688s] -- Up-to-date: /root/catkin_ws/install/micro_ros_setup/./config/host/generic
[0.688s] -- Up-to-date: /root/catkin_ws/install/micro_ros_setup/./config/host/generic/create.sh
[0.688s] -- Up-to-date: /root/catkin_ws/install/micro_ros_setup/./config/host/generic/client-host-colcon.meta
[0.689s] -- Up-to-date: /root/catkin_ws/install/micro_ros_setup/./config/host/generic/client_host_packages.repos
[0.689s] -- Up-to-date: /root/catkin_ws/install/micro_ros_setup/./config/host/generic/package.xml
[0.689s] -- Up-to-date: /root/catkin_ws/install/micro_ros_setup/./config/host/generic/reset.sh
[0.689s] -- Up-to-date: /root/catkin_ws/install/micro_ros_setup/./config/host/generic/flash.sh
[0.689s] -- Up-to-date: /root/catkin_ws/install/micro_ros_setup/./config/host/generic/build.sh
[0.690s] -- Up-to-date: /root/catkin_ws/install/micro_ros_setup/./config/host/dev_ros2_packages.txt
[0.690s] -- Up-to-date: /root/catkin_ws/install/micro_ros_setup/./config/host/client_ros2_packages.txt
[0.690s] -- Up-to-date: /root/catkin_ws/install/micro_ros_setup/./config/host/dev_uros_packages.repos
[0.690s] -- Up-to-date: /root/catkin_ws/install/micro_ros_setup/./config/raspbian
[0.690s] -- Up-to-date: /root/catkin_ws/install/micro_ros_setup/./config/raspbian/generic
[0.691s] -- Up-to-date: /root/catkin_ws/install/micro_ros_setup/./config/raspbian/generic/create.sh
[0.691s] -- Up-to-date: /root/catkin_ws/install/micro_ros_setup/./config/raspbian/generic/supported_platforms
[0.691s] -- Up-to-date: /root/catkin_ws/install/micro_ros_setup/./config/raspbian/generic/client_uros_packages.repos
[0.692s] -- Up-to-date: /root/catkin_ws/install/micro_ros_setup/./config/raspbian/generic/client-colcon.meta
[0.697s] -- Up-to-date: /root/catkin_ws/install/micro_ros_setup/./config/raspbian/generic/configure.sh
[0.697s] -- Up-to-date: /root/catkin_ws/install/micro_ros_setup/./config/raspbian/generic/flash.sh
[0.697s] -- Up-to-date: /root/catkin_ws/install/micro_ros_setup/./config/raspbian/generic/build.sh
[0.698s] -- Up-to-date: /root/catkin_ws/install/micro_ros_setup/./config/raspbian/dev_ros2_packages.txt
[0.698s] -- Up-to-date: /root/catkin_ws/install/micro_ros_setup/./config/raspbian/dev_uros_packages.repos
[0.698s] -- Up-to-date: /root/catkin_ws/install/micro_ros_setup/./config/zephyr
[0.698s] -- Up-to-date: /root/catkin_ws/install/micro_ros_setup/./config/zephyr/generic
[0.698s] -- Up-to-date: /root/catkin_ws/install/micro_ros_setup/./config/zephyr/generic/create.sh
[0.698s] -- Up-to-date: /root/catkin_ws/install/micro_ros_setup/./config/zephyr/generic/supported_platforms
[0.699s] -- Up-to-date: /root/catkin_ws/install/micro_ros_setup/./config/zephyr/generic/board.repos
[0.699s] -- Up-to-date: /root/catkin_ws/install/micro_ros_setup/./config/zephyr/generic/client_uros_packages.repos
[0.699s] -- Up-to-date: /root/catkin_ws/install/micro_ros_setup/./config/zephyr/generic/client-colcon.meta
[0.699s] -- Up-to-date: /root/catkin_ws/install/micro_ros_setup/./config/zephyr/generic/package.xml
[0.701s] -- Up-to-date: /root/catkin_ws/install/micro_ros_setup/./config/zephyr/generic/configure.sh
[0.701s] -- Up-to-date: /root/catkin_ws/install/micro_ros_setup/./config/zephyr/generic/reset.sh
[0.701s] -- Up-to-date: /root/catkin_ws/install/micro_ros_setup/./config/zephyr/generic/flash.sh
[0.702s] -- Up-to-date: /root/catkin_ws/install/micro_ros_setup/./config/zephyr/generic/build.sh
[0.702s] -- Up-to-date: /root/catkin_ws/install/micro_ros_setup/./config/zephyr/dev_ros2_packages.txt
[0.702s] -- Up-to-date: /root/catkin_ws/install/micro_ros_setup/./config/zephyr/list_apps.sh
[0.702s] -- Up-to-date: /root/catkin_ws/install/micro_ros_setup/./config/zephyr/dev_uros_packages.repos
[0.703s] -- Up-to-date: /root/catkin_ws/install/micro_ros_setup/./config/freertos
[0.703s] -- Up-to-date: /root/catkin_ws/install/micro_ros_setup/./config/freertos/olimex-stm32-e407
[0.703s] -- Up-to-date: /root/catkin_ws/install/micro_ros_setup/./config/freertos/olimex-stm32-e407/create.sh
[0.703s] -- Up-to-date: /root/catkin_ws/install/micro_ros_setup/./config/freertos/olimex-stm32-e407/board.repos
[0.705s] -- Up-to-date: /root/catkin_ws/install/micro_ros_setup/./config/freertos/olimex-stm32-e407/client_uros_packages.repos
[0.706s] -- Up-to-date: /root/catkin_ws/install/micro_ros_setup/./config/freertos/olimex-stm32-e407/client-colcon.meta
[0.706s] -- Up-to-date: /root/catkin_ws/install/micro_ros_setup/./config/freertos/olimex-stm32-e407/package.xml
[0.707s] -- Up-to-date: /root/catkin_ws/install/micro_ros_setup/./config/freertos/olimex-stm32-e407/configure.sh
[0.707s] -- Up-to-date: /root/catkin_ws/install/micro_ros_setup/./config/freertos/olimex-stm32-e407/reset.sh
[0.707s] -- Up-to-date: /root/catkin_ws/install/micro_ros_setup/./config/freertos/olimex-stm32-e407/flash.sh
[0.708s] -- Up-to-date: /root/catkin_ws/install/micro_ros_setup/./config/freertos/olimex-stm32-e407/build.sh
[0.708s] -- Up-to-date: /root/catkin_ws/install/micro_ros_setup/./config/freertos/nucleo_f446re
[0.708s] -- Up-to-date: /root/catkin_ws/install/micro_ros_setup/./config/freertos/nucleo_f446re/create.sh
[0.708s] -- Up-to-date: /root/catkin_ws/install/micro_ros_setup/./config/freertos/nucleo_f446re/board.repos
[0.709s] -- Up-to-date: /root/catkin_ws/install/micro_ros_setup/./config/freertos/nucleo_f446re/client_uros_packages.repos
[0.709s] -- Up-to-date: /root/catkin_ws/install/micro_ros_setup/./config/freertos/nucleo_f446re/client-colcon.meta
[0.710s] -- Up-to-date: /root/catkin_ws/install/micro_ros_setup/./config/freertos/nucleo_f446re/package.xml
[0.710s] -- Up-to-date: /root/catkin_ws/install/micro_ros_setup/./config/freertos/nucleo_f446re/configure.sh
[0.710s] -- Up-to-date: /root/catkin_ws/install/micro_ros_setup/./config/freertos/nucleo_f446re/reset.sh
[0.710s] -- Up-to-date: /root/catkin_ws/install/micro_ros_setup/./config/freertos/nucleo_f446re/flash.sh
[0.711s] -- Up-to-date: /root/catkin_ws/install/micro_ros_setup/./config/freertos/nucleo_f446re/build.sh
[0.713s] -- Up-to-date: /root/catkin_ws/install/micro_ros_setup/./config/freertos/esp32
[0.714s] -- Up-to-date: /root/catkin_ws/install/micro_ros_setup/./config/freertos/esp32/create.sh
[0.714s] -- Up-to-date: /root/catkin_ws/install/micro_ros_setup/./config/freertos/esp32/board.repos
[0.714s] -- Up-to-date: /root/catkin_ws/install/micro_ros_setup/./config/freertos/esp32/client_uros_packages.repos
[0.714s] -- Up-to-date: /root/catkin_ws/install/micro_ros_setup/./config/freertos/esp32/client-colcon.meta
[0.714s] -- Up-to-date: /root/catkin_ws/install/micro_ros_setup/./config/freertos/esp32/package.xml
[0.714s] -- Up-to-date: /root/catkin_ws/install/micro_ros_setup/./config/freertos/esp32/configure.sh
[0.719s] -- Up-to-date: /root/catkin_ws/install/micro_ros_setup/./config/freertos/esp32/flash.sh
[0.723s] -- Up-to-date: /root/catkin_ws/install/micro_ros_setup/./config/freertos/esp32/README.md
[0.723s] -- Up-to-date: /root/catkin_ws/install/micro_ros_setup/./config/freertos/esp32/build.sh
[0.723s] -- Up-to-date: /root/catkin_ws/install/micro_ros_setup/./config/freertos/dev_ros2_packages.txt
[0.724s] -- Up-to-date: /root/catkin_ws/install/micro_ros_setup/./config/freertos/list_apps.sh
[0.724s] -- Up-to-date: /root/catkin_ws/install/micro_ros_setup/./config/freertos/nucleo_f746zg
[0.724s] -- Up-to-date: /root/catkin_ws/install/micro_ros_setup/./config/freertos/nucleo_f746zg/create.sh
[0.724s] -- Up-to-date: /root/catkin_ws/install/micro_ros_setup/./config/freertos/nucleo_f746zg/board.repos
[0.724s] -- Up-to-date: /root/catkin_ws/install/micro_ros_setup/./config/freertos/nucleo_f746zg/client_uros_packages.repos
[0.724s] -- Up-to-date: /root/catkin_ws/install/micro_ros_setup/./config/freertos/nucleo_f746zg/client-colcon.meta
[0.725s] -- Up-to-date: /root/catkin_ws/install/micro_ros_setup/./config/freertos/nucleo_f746zg/package.xml
[0.725s] -- Up-to-date: /root/catkin_ws/install/micro_ros_setup/./config/freertos/nucleo_f746zg/configure.sh
[0.725s] -- Up-to-date: /root/catkin_ws/install/micro_ros_setup/./config/freertos/nucleo_f746zg/reset.sh
[0.725s] -- Up-to-date: /root/catkin_ws/install/micro_ros_setup/./config/freertos/nucleo_f746zg/flash.sh
[0.725s] -- Up-to-date: /root/catkin_ws/install/micro_ros_setup/./config/freertos/nucleo_f746zg/build.sh
[0.725s] -- Up-to-date: /root/catkin_ws/install/micro_ros_setup/./config/freertos/nucleo_f767zi
[0.726s] -- Up-to-date: /root/catkin_ws/install/micro_ros_setup/./config/freertos/nucleo_f767zi/create.sh
[0.726s] -- Up-to-date: /root/catkin_ws/install/micro_ros_setup/./config/freertos/nucleo_f767zi/board.repos
[0.726s] -- Up-to-date: /root/catkin_ws/install/micro_ros_setup/./config/freertos/nucleo_f767zi/client_uros_packages.repos
[0.726s] -- Up-to-date: /root/catkin_ws/install/micro_ros_setup/./config/freertos/nucleo_f767zi/client-colcon.meta
[0.726s] -- Up-to-date: /root/catkin_ws/install/micro_ros_setup/./config/freertos/nucleo_f767zi/package.xml
[0.726s] -- Up-to-date: /root/catkin_ws/install/micro_ros_setup/./config/freertos/nucleo_f767zi/configure.sh
[0.727s] -- Up-to-date: /root/catkin_ws/install/micro_ros_setup/./config/freertos/nucleo_f767zi/reset.sh
[0.727s] -- Up-to-date: /root/catkin_ws/install/micro_ros_setup/./config/freertos/nucleo_f767zi/flash.sh
[0.727s] -- Up-to-date: /root/catkin_ws/install/micro_ros_setup/./config/freertos/nucleo_f767zi/build.sh
[0.728s] -- Up-to-date: /root/catkin_ws/install/micro_ros_setup/./config/freertos/dev_uros_packages.repos
[0.728s] -- Up-to-date: /root/catkin_ws/install/micro_ros_setup/./config/freertos/nucleo_f446ze
[0.728s] -- Up-to-date: /root/catkin_ws/install/micro_ros_setup/./config/freertos/nucleo_f446ze/create.sh
[0.728s] -- Up-to-date: /root/catkin_ws/install/micro_ros_setup/./config/freertos/nucleo_f446ze/board.repos
[0.729s] -- Up-to-date: /root/catkin_ws/install/micro_ros_setup/./config/freertos/nucleo_f446ze/client_uros_packages.repos
[0.729s] -- Up-to-date: /root/catkin_ws/install/micro_ros_setup/./config/freertos/nucleo_f446ze/client-colcon.meta
[0.729s] -- Up-to-date: /root/catkin_ws/install/micro_ros_setup/./config/freertos/nucleo_f446ze/package.xml
[0.729s] -- Up-to-date: /root/catkin_ws/install/micro_ros_setup/./config/freertos/nucleo_f446ze/configure.sh
[0.729s] -- Up-to-date: /root/catkin_ws/install/micro_ros_setup/./config/freertos/nucleo_f446ze/reset.sh
[0.729s] -- Up-to-date: /root/catkin_ws/install/micro_ros_setup/./config/freertos/nucleo_f446ze/flash.sh
[0.730s] -- Up-to-date: /root/catkin_ws/install/micro_ros_setup/./config/freertos/nucleo_f446ze/build.sh
[0.730s] -- Up-to-date: /root/catkin_ws/install/micro_ros_setup/./config/freertos/crazyflie21
[0.730s] -- Up-to-date: /root/catkin_ws/install/micro_ros_setup/./config/freertos/crazyflie21/create.sh
[0.730s] -- Up-to-date: /root/catkin_ws/install/micro_ros_setup/./config/freertos/crazyflie21/board.repos
[0.730s] -- Up-to-date: /root/catkin_ws/install/micro_ros_setup/./config/freertos/crazyflie21/client_uros_packages.repos
[0.730s] -- Up-to-date: /root/catkin_ws/install/micro_ros_setup/./config/freertos/crazyflie21/client-colcon.meta
[0.731s] -- Up-to-date: /root/catkin_ws/install/micro_ros_setup/./config/freertos/crazyflie21/package.xml
[0.731s] -- Up-to-date: /root/catkin_ws/install/micro_ros_setup/./config/freertos/crazyflie21/configure.sh
[0.731s] -- Up-to-date: /root/catkin_ws/install/micro_ros_setup/./config/freertos/crazyflie21/flash.sh
[0.731s] -- Up-to-date: /root/catkin_ws/install/micro_ros_setup/./config/freertos/crazyflie21/build.sh
[0.731s] -- Up-to-date: /root/catkin_ws/install/micro_ros_setup/./config/nuttx
[0.731s] -- Up-to-date: /root/catkin_ws/install/micro_ros_setup/./config/nuttx/generic
[0.732s] -- Up-to-date: /root/catkin_ws/install/micro_ros_setup/./config/nuttx/generic/create.sh
[0.732s] -- Up-to-date: /root/catkin_ws/install/micro_ros_setup/./config/nuttx/generic/supported_platforms
[0.732s] -- Up-to-date: /root/catkin_ws/install/micro_ros_setup/./config/nuttx/generic/client_uros_packages.repos
[0.732s] -- Up-to-date: /root/catkin_ws/install/micro_ros_setup/./config/nuttx/generic/client-colcon.meta
[0.732s] -- Up-to-date: /root/catkin_ws/install/micro_ros_setup/./config/nuttx/generic/package.xml
[0.733s] -- Up-to-date: /root/catkin_ws/install/micro_ros_setup/./config/nuttx/generic/configure.sh
[0.733s] -- Up-to-date: /root/catkin_ws/install/micro_ros_setup/./config/nuttx/generic/reset.sh
[0.733s] -- Up-to-date: /root/catkin_ws/install/micro_ros_setup/./config/nuttx/generic/flash.sh
[0.733s] -- Up-to-date: /root/catkin_ws/install/micro_ros_setup/./config/nuttx/generic/uros_packages.repos
[0.734s] -- Up-to-date: /root/catkin_ws/install/micro_ros_setup/./config/nuttx/generic/build.sh
[0.734s] -- Up-to-date: /root/catkin_ws/install/micro_ros_setup/./config/nuttx/dev_ros2_packages.txt
[0.734s] -- Up-to-date: /root/catkin_ws/install/micro_ros_setup/./config/nuttx/dev_uros_packages.repos
[0.734s] -- Up-to-date: /root/catkin_ws/install/micro_ros_setup/./config/client_ros2_packages.txt
[0.734s] -- Up-to-date: /root/catkin_ws/install/micro_ros_setup/./config/renesas_ra
[0.734s] -- Up-to-date: /root/catkin_ws/install/micro_ros_setup/./config/renesas_ra/dev_ros2_packages.txt
[0.734s] -- Up-to-date: /root/catkin_ws/install/micro_ros_setup/./config/renesas_ra/list_apps.sh
[0.734s] -- Up-to-date: /root/catkin_ws/install/micro_ros_setup/./config/renesas_ra/dev_uros_packages.repos
[0.735s] -- Up-to-date: /root/catkin_ws/install/micro_ros_setup/./config/renesas_ra/ra6m5
[0.735s] -- Up-to-date: /root/catkin_ws/install/micro_ros_setup/./config/renesas_ra/ra6m5/create.sh
[0.735s] -- Up-to-date: /root/catkin_ws/install/micro_ros_setup/./config/renesas_ra/ra6m5/board.repos
[0.735s] -- Up-to-date: /root/catkin_ws/install/micro_ros_setup/./config/renesas_ra/ra6m5/client_uros_packages.repos
[0.735s] -- Up-to-date: /root/catkin_ws/install/micro_ros_setup/./config/renesas_ra/ra6m5/client-colcon.meta
[0.735s] -- Up-to-date: /root/catkin_ws/install/micro_ros_setup/./config/renesas_ra/ra6m5/configure.sh
[0.735s] -- Up-to-date: /root/catkin_ws/install/micro_ros_setup/./config/renesas_ra/ra6m5/flash.sh
[0.735s] -- Up-to-date: /root/catkin_ws/install/micro_ros_setup/./config/renesas_ra/ra6m5/build.sh
[0.736s] -- Up-to-date: /root/catkin_ws/install/micro_ros_setup/./config/utils.sh
[0.736s] -- Up-to-date: /root/catkin_ws/install/micro_ros_setup/./config/agent_uros_packages.repos
[0.832s] Invoked command in '/root/catkin_ws/build/micro_ros_setup' returned '0': CMAKE_PREFIX_PATH=${CMAKE_PREFIX_PATH}:/root/catkin_ws/install/topic_service_action_rclpy_example:/root/catkin_ws/install/time_rclpy_example:/root/catkin_ws/install/tf2_rclpy_example:/root/catkin_ws/install/ros2env:/root/catkin_ws/install/omo_r1mini_teleop:/root/catkin_ws/install/omo_r1mini_bringup:/root/catkin_ws/install/my_first_ros_rclpy_pkg:/root/catkin_ws/install/logging_rclpy_example:/root/catkin_ws/install/iahrs_driver:/root/install/topic_service_action_rclpy_example:/root/install/time_rclpy_example:/root/install/tf2_rclpy_example:/root/install/ros2env:/root/install/omo_r1mini_teleop:/root/install/omo_r1mini_bringup:/root/install/my_first_ros_rclpy_pkg:/root/install/logging_rclpy_example:/opt/ros/foxy /usr/bin/cmake --install /root/catkin_ws/build/micro_ros_setup
