[0.000000] (-) TimerEvent: {}
[0.000188] (-) JobUnselected: {'identifier': 'asio_cmake_module'}
[0.000435] (-) JobUnselected: {'identifier': 'io_context'}
[0.000586] (-) JobUnselected: {'identifier': 'logging_rclpy_example'}
[0.000630] (-) JobUnselected: {'identifier': 'msg_srv_action_interface_example'}
[0.000650] (-) JobUnselected: {'identifier': 'my_first_ros_rclcpp_pkg'}
[0.000700] (-) JobUnselected: {'identifier': 'my_first_ros_rclpy_pkg'}
[0.000744] (-) JobUnselected: {'identifier': 'omo_r1mini'}
[0.000799] (-) JobUnselected: {'identifier': 'omo_r1mini_bringup'}
[0.000826] (-) JobUnselected: {'identifier': 'omo_r1mini_cartographer'}
[0.000840] (-) JobUnselected: {'identifier': 'omo_r1mini_description'}
[0.000853] (-) JobUnselected: {'identifier': 'omo_r1mini_gazebo'}
[0.000866] (-) JobUnselected: {'identifier': 'omo_r1mini_interfaces'}
[0.000879] (-) JobUnselected: {'identifier': 'omo_r1mini_navigation2'}
[0.000892] (-) JobUnselected: {'identifier': 'omo_r1mini_teleop'}
[0.000905] (-) JobUnselected: {'identifier': 'ros2env'}
[0.000918] (-) JobUnselected: {'identifier': 'rqt_example'}
[0.000931] (-) JobUnselected: {'identifier': 'serial_driver'}
[0.000944] (-) JobUnselected: {'identifier': 'testbot_description'}
[0.000957] (-) JobUnselected: {'identifier': 'tf2_rclcpp_example'}
[0.000972] (-) JobUnselected: {'identifier': 'tf2_rclpy_example'}
[0.000985] (-) JobUnselected: {'identifier': 'time_rclcpp_example'}
[0.000998] (-) JobUnselected: {'identifier': 'time_rclpy_example'}
[0.001010] (-) JobUnselected: {'identifier': 'topic_service_action_rclcpp_example'}
[0.001023] (-) JobUnselected: {'identifier': 'topic_service_action_rclpy_example'}
[0.001036] (-) JobUnselected: {'identifier': 'udp_driver'}
[0.001049] (-) JobUnselected: {'identifier': 'ydlidar_ros2_driver'}
[0.001061] (-) JobUnselected: {'identifier': 'ydlidar_sdk'}
[0.001075] (-) EventReactorShutdown: {}
