[0.078s] Invoking command in '/root/catkin_ws/build/statistics_msgs': AMENT_PREFIX_PATH=/root/catkin_ws/install/builtin_interfaces:${AMENT_PREFIX_PATH} CMAKE_PREFIX_PATH=/root/catkin_ws/install/builtin_interfaces:/root/catkin_ws/install/rosidl_typesupport_microxrcedds_cpp:/root/catkin_ws/install/rosidl_typesupport_microxrcedds_c:/root/catkin_ws/install/microcdr:/root/catkin_ws/install/ydlidar_sdk:/root/catkin_ws/install/ydlidar_ros2_driver:/root/catkin_ws/install/udp_driver:/root/catkin_ws/install/topic_service_action_rclcpp_example:/root/catkin_ws/install/time_rclcpp_example:/root/catkin_ws/install/tf2_rclcpp_example:/root/catkin_ws/install/testbot_description:/root/catkin_ws/install/serial_driver:/root/catkin_ws/install/rqt_example:/root/catkin_ws/install/omo_r1mini:/root/catkin_ws/install/omo_r1mini_navigation2:/root/catkin_ws/install/omo_r1mini_interfaces:/root/catkin_ws/install/omo_r1mini_gazebo:/root/catkin_ws/install/omo_r1mini_description:/root/catkin_ws/install/omo_r1mini_cartographer:/root/catkin_ws/install/my_first_ros_rclcpp_pkg:/root/catkin_ws/install/msg_srv_action_interface_example:/root/catkin_ws/install/micro_ros_setup:/root/catkin_ws/install/micro_ros_agent:/root/catkin_ws/install/micro_ros_msgs:/root/catkin_ws/install/io_context:/root/catkin_ws/install/iahrs_driver_interface:/root/catkin_ws/install/drive_base_msgs:/root/catkin_ws/install/asio_cmake_module:/root/install/ydlidar_sdk:/root/install/ydlidar_ros2_driver:/root/install/udp_driver:/root/install/topic_service_action_rclcpp_example:/root/install/time_rclcpp_example:/root/install/tf2_rclcpp_example:/root/install/testbot_description:/root/install/serial_driver:/root/install/rqt_example:/root/install/omo_r1mini:/root/install/omo_r1mini_navigation2:/root/install/omo_r1mini_interfaces:/root/install/omo_r1mini_gazebo:/root/install/omo_r1mini_description:/root/install/omo_r1mini_cartographer:/root/install/my_first_ros_rclcpp_pkg:/root/install/msg_srv_action_interface_example:/root/install/io_context:/root/install/asio_cmake_module:/root/catkin_ws/install/topic_service_action_rclpy_example:/root/catkin_ws/install/time_rclpy_example:/root/catkin_ws/install/tf2_rclpy_example:/root/catkin_ws/install/ros2env:/root/catkin_ws/install/omo_r1mini_teleop:/root/catkin_ws/install/omo_r1mini_bringup:/root/catkin_ws/install/my_first_ros_rclpy_pkg:/root/catkin_ws/install/logging_rclpy_example:/root/catkin_ws/install/iahrs_driver:/root/install/topic_service_action_rclpy_example:/root/install/time_rclpy_example:/root/install/tf2_rclpy_example:/root/install/ros2env:/root/install/omo_r1mini_teleop:/root/install/omo_r1mini_bringup:/root/install/my_first_ros_rclpy_pkg:/root/install/logging_rclpy_example:/opt/ros/foxy LD_LIBRARY_PATH=/root/catkin_ws/install/builtin_interfaces/lib:${LD_LIBRARY_PATH} PYTHONPATH=/root/catkin_ws/install/builtin_interfaces/lib/python3.8/site-packages:${PYTHONPATH} /usr/bin/cmake /root/catkin_ws/src/ros2/rcl_interfaces/statistics_msgs -DBUILD_TESTING=OFF -DBUILD_SHARED_LIBS=ON -DCMAKE_INSTALL_PREFIX=/root/catkin_ws/install/statistics_msgs
[2.301s] -- The C compiler identification is GNU 9.4.0
[2.302s] -- The CXX compiler identification is GNU 9.4.0
[2.302s] -- Check for working C compiler: /usr/bin/cc
[2.302s] -- Check for working C compiler: /usr/bin/cc -- works
[2.302s] -- Detecting C compiler ABI info
[2.302s] -- Detecting C compiler ABI info - done
[2.302s] -- Detecting C compile features
[2.302s] -- Detecting C compile features - done
[2.303s] -- Check for working CXX compiler: /usr/bin/c++
[2.303s] -- Check for working CXX compiler: /usr/bin/c++ -- works
[2.303s] -- Detecting CXX compiler ABI info
[2.303s] -- Detecting CXX compiler ABI info - done
[2.303s] -- Detecting CXX compile features
[2.304s] -- Detecting CXX compile features - done
[2.304s] -- Found ament_cmake: 0.9.11 (/opt/ros/foxy/share/ament_cmake/cmake)
[2.304s] -- Found PythonInterp: /usr/bin/python3 (found suitable version "3.8.10", minimum required is "3") 
[2.304s] -- Using PYTHON_EXECUTABLE: /usr/bin/python3
[2.585s] -- Found builtin_interfaces: 1.0.0 (/root/catkin_ws/install/builtin_interfaces/share/builtin_interfaces/cmake)
[2.708s] -- Using all available rosidl_typesupport_c: rosidl_typesupport_microxrcedds_c;rosidl_typesupport_fastrtps_c;rosidl_typesupport_introspection_c
[2.758s] -- Found rosidl_adapter: 1.3.0 (/opt/ros/foxy/share/rosidl_adapter/cmake)
[3.094s] -- Found OpenSSL: /usr/lib/x86_64-linux-gnu/libcrypto.so (found version "1.1.1f")  
[3.173s] -- Found FastRTPS: /opt/ros/foxy/include  
[3.375s] -- Using all available rosidl_typesupport_cpp: rosidl_typesupport_microxrcedds_cpp;rosidl_typesupport_fastrtps_cpp;rosidl_typesupport_introspection_cpp
[3.509s] -- Found rosidl_default_generators: 1.0.1 (/opt/ros/foxy/share/rosidl_default_generators/cmake)
[3.582s] -- Found PythonInterp: /usr/bin/python3 (found version "3.8.10") 
[4.015s] -- Found ament_cmake_ros: 0.9.2 (/opt/ros/foxy/share/ament_cmake_ros/cmake)
[4.554s] -- Using all available rosidl_typesupport_c: rosidl_typesupport_microxrcedds_c;rosidl_typesupport_fastrtps_c;rosidl_typesupport_introspection_c
[4.611s] -- Using all available rosidl_typesupport_cpp: rosidl_typesupport_microxrcedds_cpp;rosidl_typesupport_fastrtps_cpp;rosidl_typesupport_introspection_cpp
[4.824s] -- Found PythonInterp: /usr/bin/python3 (found suitable version "3.8.10", minimum required is "3.5") 
[4.842s] -- Found python_cmake_module: 0.8.1 (/opt/ros/foxy/share/python_cmake_module/cmake)
[5.000s] -- Found PythonLibs: /usr/lib/x86_64-linux-gnu/libpython3.8.so (found suitable version "3.8.10", minimum required is "3.5") 
[5.000s] -- Using PYTHON_EXECUTABLE: /usr/bin/python3
[5.000s] -- Using PYTHON_INCLUDE_DIRS: /usr/include/python3.8
[5.001s] -- Using PYTHON_LIBRARIES: /usr/lib/x86_64-linux-gnu/libpython3.8.so
[5.123s] -- Found PythonExtra: .so  
[5.408s] -- Configuring done
[5.580s] -- Generating done
[5.588s] -- Build files have been written to: /root/catkin_ws/build/statistics_msgs
[5.604s] Invoked command in '/root/catkin_ws/build/statistics_msgs' returned '0': AMENT_PREFIX_PATH=/root/catkin_ws/install/builtin_interfaces:${AMENT_PREFIX_PATH} CMAKE_PREFIX_PATH=/root/catkin_ws/install/builtin_interfaces:/root/catkin_ws/install/rosidl_typesupport_microxrcedds_cpp:/root/catkin_ws/install/rosidl_typesupport_microxrcedds_c:/root/catkin_ws/install/microcdr:/root/catkin_ws/install/ydlidar_sdk:/root/catkin_ws/install/ydlidar_ros2_driver:/root/catkin_ws/install/udp_driver:/root/catkin_ws/install/topic_service_action_rclcpp_example:/root/catkin_ws/install/time_rclcpp_example:/root/catkin_ws/install/tf2_rclcpp_example:/root/catkin_ws/install/testbot_description:/root/catkin_ws/install/serial_driver:/root/catkin_ws/install/rqt_example:/root/catkin_ws/install/omo_r1mini:/root/catkin_ws/install/omo_r1mini_navigation2:/root/catkin_ws/install/omo_r1mini_interfaces:/root/catkin_ws/install/omo_r1mini_gazebo:/root/catkin_ws/install/omo_r1mini_description:/root/catkin_ws/install/omo_r1mini_cartographer:/root/catkin_ws/install/my_first_ros_rclcpp_pkg:/root/catkin_ws/install/msg_srv_action_interface_example:/root/catkin_ws/install/micro_ros_setup:/root/catkin_ws/install/micro_ros_agent:/root/catkin_ws/install/micro_ros_msgs:/root/catkin_ws/install/io_context:/root/catkin_ws/install/iahrs_driver_interface:/root/catkin_ws/install/drive_base_msgs:/root/catkin_ws/install/asio_cmake_module:/root/install/ydlidar_sdk:/root/install/ydlidar_ros2_driver:/root/install/udp_driver:/root/install/topic_service_action_rclcpp_example:/root/install/time_rclcpp_example:/root/install/tf2_rclcpp_example:/root/install/testbot_description:/root/install/serial_driver:/root/install/rqt_example:/root/install/omo_r1mini:/root/install/omo_r1mini_navigation2:/root/install/omo_r1mini_interfaces:/root/install/omo_r1mini_gazebo:/root/install/omo_r1mini_description:/root/install/omo_r1mini_cartographer:/root/install/my_first_ros_rclcpp_pkg:/root/install/msg_srv_action_interface_example:/root/install/io_context:/root/install/asio_cmake_module:/root/catkin_ws/install/topic_service_action_rclpy_example:/root/catkin_ws/install/time_rclpy_example:/root/catkin_ws/install/tf2_rclpy_example:/root/catkin_ws/install/ros2env:/root/catkin_ws/install/omo_r1mini_teleop:/root/catkin_ws/install/omo_r1mini_bringup:/root/catkin_ws/install/my_first_ros_rclpy_pkg:/root/catkin_ws/install/logging_rclpy_example:/root/catkin_ws/install/iahrs_driver:/root/install/topic_service_action_rclpy_example:/root/install/time_rclpy_example:/root/install/tf2_rclpy_example:/root/install/ros2env:/root/install/omo_r1mini_teleop:/root/install/omo_r1mini_bringup:/root/install/my_first_ros_rclpy_pkg:/root/install/logging_rclpy_example:/opt/ros/foxy LD_LIBRARY_PATH=/root/catkin_ws/install/builtin_interfaces/lib:${LD_LIBRARY_PATH} PYTHONPATH=/root/catkin_ws/install/builtin_interfaces/lib/python3.8/site-packages:${PYTHONPATH} /usr/bin/cmake /root/catkin_ws/src/ros2/rcl_interfaces/statistics_msgs -DBUILD_TESTING=OFF -DBUILD_SHARED_LIBS=ON -DCMAKE_INSTALL_PREFIX=/root/catkin_ws/install/statistics_msgs
[5.605s] Invoking command in '/root/catkin_ws/build/statistics_msgs': AMENT_PREFIX_PATH=/root/catkin_ws/install/builtin_interfaces:${AMENT_PREFIX_PATH} CMAKE_PREFIX_PATH=/root/catkin_ws/install/builtin_interfaces:/root/catkin_ws/install/rosidl_typesupport_microxrcedds_cpp:/root/catkin_ws/install/rosidl_typesupport_microxrcedds_c:/root/catkin_ws/install/microcdr:/root/catkin_ws/install/ydlidar_sdk:/root/catkin_ws/install/ydlidar_ros2_driver:/root/catkin_ws/install/udp_driver:/root/catkin_ws/install/topic_service_action_rclcpp_example:/root/catkin_ws/install/time_rclcpp_example:/root/catkin_ws/install/tf2_rclcpp_example:/root/catkin_ws/install/testbot_description:/root/catkin_ws/install/serial_driver:/root/catkin_ws/install/rqt_example:/root/catkin_ws/install/omo_r1mini:/root/catkin_ws/install/omo_r1mini_navigation2:/root/catkin_ws/install/omo_r1mini_interfaces:/root/catkin_ws/install/omo_r1mini_gazebo:/root/catkin_ws/install/omo_r1mini_description:/root/catkin_ws/install/omo_r1mini_cartographer:/root/catkin_ws/install/my_first_ros_rclcpp_pkg:/root/catkin_ws/install/msg_srv_action_interface_example:/root/catkin_ws/install/micro_ros_setup:/root/catkin_ws/install/micro_ros_agent:/root/catkin_ws/install/micro_ros_msgs:/root/catkin_ws/install/io_context:/root/catkin_ws/install/iahrs_driver_interface:/root/catkin_ws/install/drive_base_msgs:/root/catkin_ws/install/asio_cmake_module:/root/install/ydlidar_sdk:/root/install/ydlidar_ros2_driver:/root/install/udp_driver:/root/install/topic_service_action_rclcpp_example:/root/install/time_rclcpp_example:/root/install/tf2_rclcpp_example:/root/install/testbot_description:/root/install/serial_driver:/root/install/rqt_example:/root/install/omo_r1mini:/root/install/omo_r1mini_navigation2:/root/install/omo_r1mini_interfaces:/root/install/omo_r1mini_gazebo:/root/install/omo_r1mini_description:/root/install/omo_r1mini_cartographer:/root/install/my_first_ros_rclcpp_pkg:/root/install/msg_srv_action_interface_example:/root/install/io_context:/root/install/asio_cmake_module:/root/catkin_ws/install/topic_service_action_rclpy_example:/root/catkin_ws/install/time_rclpy_example:/root/catkin_ws/install/tf2_rclpy_example:/root/catkin_ws/install/ros2env:/root/catkin_ws/install/omo_r1mini_teleop:/root/catkin_ws/install/omo_r1mini_bringup:/root/catkin_ws/install/my_first_ros_rclpy_pkg:/root/catkin_ws/install/logging_rclpy_example:/root/catkin_ws/install/iahrs_driver:/root/install/topic_service_action_rclpy_example:/root/install/time_rclpy_example:/root/install/tf2_rclpy_example:/root/install/ros2env:/root/install/omo_r1mini_teleop:/root/install/omo_r1mini_bringup:/root/install/my_first_ros_rclpy_pkg:/root/install/logging_rclpy_example:/opt/ros/foxy LD_LIBRARY_PATH=/root/catkin_ws/install/builtin_interfaces/lib:${LD_LIBRARY_PATH} PYTHONPATH=/root/catkin_ws/install/builtin_interfaces/lib/python3.8/site-packages:${PYTHONPATH} /usr/bin/cmake --build /root/catkin_ws/build/statistics_msgs -- -j12 -l12
[5.756s] [35m[1mScanning dependencies of target statistics_msgs__cpp[0m
[5.780s] [  1%] [34m[1mGenerating C code for ROS interfaces[0m
[5.848s] [  3%] [34m[1mGenerating C++ code for ROS interfaces[0m
[7.828s] [  3%] Built target statistics_msgs__cpp
[7.888s] [  5%] [34m[1mGenerating C++ type support dispatch for ROS interfaces[0m
[7.959s] [  6%] [34m[1mGenerating C++ type support for eProsima Fast-RTPS[0m
[7.961s] [  8%] [34m[1mGenerating C++ introspection for ROS interfaces[0m
[7.992s] [ 10%] [34m[1mGenerating C++ type support for eProsima Micro XRCE-DDS[0m
[8.159s] [35m[1mScanning dependencies of target statistics_msgs__rosidl_generator_c[0m
[8.263s] [ 11%] [32mBuilding C object CMakeFiles/statistics_msgs__rosidl_generator_c.dir/rosidl_generator_c/statistics_msgs/msg/detail/metrics_message__functions.c.o[0m
[8.266s] [ 13%] [32mBuilding C object CMakeFiles/statistics_msgs__rosidl_generator_c.dir/rosidl_generator_c/statistics_msgs/msg/detail/statistic_data_type__functions.c.o[0m
[8.291s] [ 15%] [32mBuilding C object CMakeFiles/statistics_msgs__rosidl_generator_c.dir/rosidl_generator_c/statistics_msgs/msg/detail/statistic_data_point__functions.c.o[0m
[8.590s] [ 16%] [32m[1mLinking C shared library libstatistics_msgs__rosidl_generator_c.so[0m
[8.835s] [ 16%] Built target statistics_msgs__rosidl_generator_c
[8.894s] [ 18%] [34m[1mGenerating C introspection for ROS interfaces[0m
[10.272s] [35m[1mScanning dependencies of target statistics_msgs__rosidl_typesupport_introspection_cpp[0m
[10.376s] [ 20%] [32mBuilding CXX object CMakeFiles/statistics_msgs__rosidl_typesupport_introspection_cpp.dir/rosidl_typesupport_introspection_cpp/statistics_msgs/msg/detail/metrics_message__type_support.cpp.o[0m
[10.385s] [ 22%] [32mBuilding CXX object CMakeFiles/statistics_msgs__rosidl_typesupport_introspection_cpp.dir/rosidl_typesupport_introspection_cpp/statistics_msgs/msg/detail/statistic_data_point__type_support.cpp.o[0m
[10.391s] [ 23%] [32mBuilding CXX object CMakeFiles/statistics_msgs__rosidl_typesupport_introspection_cpp.dir/rosidl_typesupport_introspection_cpp/statistics_msgs/msg/detail/statistic_data_type__type_support.cpp.o[0m
[10.430s] [35m[1mScanning dependencies of target statistics_msgs__rosidl_typesupport_cpp[0m
[10.532s] [35m[1mScanning dependencies of target statistics_msgs__rosidl_typesupport_microxrcedds_cpp[0m
[10.536s] [ 25%] [32mBuilding CXX object CMakeFiles/statistics_msgs__rosidl_typesupport_cpp.dir/rosidl_typesupport_cpp/statistics_msgs/msg/metrics_message__type_support.cpp.o[0m
[10.551s] [ 27%] [32mBuilding CXX object CMakeFiles/statistics_msgs__rosidl_typesupport_cpp.dir/rosidl_typesupport_cpp/statistics_msgs/msg/statistic_data_point__type_support.cpp.o[0m
[10.555s] [ 28%] [32mBuilding CXX object CMakeFiles/statistics_msgs__rosidl_typesupport_cpp.dir/rosidl_typesupport_cpp/statistics_msgs/msg/statistic_data_type__type_support.cpp.o[0m
[10.675s] [ 30%] [32mBuilding CXX object CMakeFiles/statistics_msgs__rosidl_typesupport_microxrcedds_cpp.dir/rosidl_typesupport_microxrcedds_cpp/statistics_msgs/msg/detail/microxrcedds/statistic_data_point__type_support_cpp.cpp.o[0m
[10.687s] [ 32%] [32mBuilding CXX object CMakeFiles/statistics_msgs__rosidl_typesupport_microxrcedds_cpp.dir/rosidl_typesupport_microxrcedds_cpp/statistics_msgs/msg/detail/microxrcedds/metrics_message__type_support_cpp.cpp.o[0m
[11.358s] [35m[1mScanning dependencies of target statistics_msgs__rosidl_typesupport_fastrtps_cpp[0m
[11.483s] [ 33%] [32mBuilding CXX object CMakeFiles/statistics_msgs__rosidl_typesupport_fastrtps_cpp.dir/rosidl_typesupport_fastrtps_cpp/statistics_msgs/msg/detail/dds_fastrtps/metrics_message__type_support.cpp.o[0m
[11.519s] [35m[1mScanning dependencies of target statistics_msgs__rosidl_typesupport_introspection_c[0m
[11.520s] [ 35%] [32mBuilding CXX object CMakeFiles/statistics_msgs__rosidl_typesupport_microxrcedds_cpp.dir/rosidl_typesupport_microxrcedds_cpp/statistics_msgs/msg/detail/microxrcedds/statistic_data_type__type_support_cpp.cpp.o[0m
[11.522s] [ 37%] [32mBuilding CXX object CMakeFiles/statistics_msgs__rosidl_typesupport_fastrtps_cpp.dir/rosidl_typesupport_fastrtps_cpp/statistics_msgs/msg/detail/dds_fastrtps/statistic_data_point__type_support.cpp.o[0m
[11.592s] [ 38%] [32mBuilding C object CMakeFiles/statistics_msgs__rosidl_typesupport_introspection_c.dir/rosidl_typesupport_introspection_c/statistics_msgs/msg/detail/metrics_message__type_support.c.o[0m
[11.768s] [ 40%] [32m[1mLinking CXX shared library libstatistics_msgs__rosidl_typesupport_cpp.so[0m
[11.809s] [ 42%] [32mBuilding C object CMakeFiles/statistics_msgs__rosidl_typesupport_introspection_c.dir/rosidl_typesupport_introspection_c/statistics_msgs/msg/detail/statistic_data_point__type_support.c.o[0m
[11.819s] [ 44%] [32mBuilding C object CMakeFiles/statistics_msgs__rosidl_typesupport_introspection_c.dir/rosidl_typesupport_introspection_c/statistics_msgs/msg/detail/statistic_data_type__type_support.c.o[0m
[11.892s] [ 45%] [32mBuilding CXX object CMakeFiles/statistics_msgs__rosidl_typesupport_fastrtps_cpp.dir/rosidl_typesupport_fastrtps_cpp/statistics_msgs/msg/detail/dds_fastrtps/statistic_data_type__type_support.cpp.o[0m
[12.068s] [ 47%] [32m[1mLinking C shared library libstatistics_msgs__rosidl_typesupport_introspection_c.so[0m
[12.068s] [ 47%] Built target statistics_msgs__rosidl_typesupport_cpp
[12.171s] [ 49%] [34m[1mGenerating C type support dispatch for ROS interfaces[0m
[12.190s] [ 50%] [34m[1mGenerating C type support for eProsima Micro XRCE-DDS[0m
[12.198s] [ 52%] [32m[1mLinking CXX shared library libstatistics_msgs__rosidl_typesupport_introspection_cpp.so[0m
[12.275s] [ 52%] Built target statistics_msgs__rosidl_typesupport_introspection_c
[12.723s] [ 52%] Built target statistics_msgs__rosidl_typesupport_introspection_cpp
[12.815s] [ 54%] [32m[1mLinking CXX shared library libstatistics_msgs__rosidl_typesupport_microxrcedds_cpp.so[0m
[13.155s] [ 54%] Built target statistics_msgs__rosidl_typesupport_microxrcedds_cpp
[13.162s] [ 55%] [32m[1mLinking CXX shared library libstatistics_msgs__rosidl_typesupport_fastrtps_cpp.so[0m
[13.426s] [ 55%] Built target statistics_msgs__rosidl_typesupport_fastrtps_cpp
[13.508s] [ 57%] [34m[1mGenerating C type support for eProsima Fast-RTPS[0m
[13.588s] [35m[1mScanning dependencies of target statistics_msgs__rosidl_typesupport_c[0m
[13.675s] [ 59%] [32mBuilding CXX object CMakeFiles/statistics_msgs__rosidl_typesupport_c.dir/rosidl_typesupport_c/statistics_msgs/msg/statistic_data_point__type_support.cpp.o[0m
[13.685s] [ 61%] [32mBuilding CXX object CMakeFiles/statistics_msgs__rosidl_typesupport_c.dir/rosidl_typesupport_c/statistics_msgs/msg/metrics_message__type_support.cpp.o[0m
[13.702s] [ 62%] [32mBuilding CXX object CMakeFiles/statistics_msgs__rosidl_typesupport_c.dir/rosidl_typesupport_c/statistics_msgs/msg/statistic_data_type__type_support.cpp.o[0m
[13.879s] [ 64%] [32m[1mLinking CXX shared library libstatistics_msgs__rosidl_typesupport_c.so[0m
[14.042s] [ 64%] Built target statistics_msgs__rosidl_typesupport_c
[14.510s] [35m[1mScanning dependencies of target statistics_msgs__rosidl_typesupport_microxrcedds_c[0m
[14.547s] [ 66%] [32mBuilding C object CMakeFiles/statistics_msgs__rosidl_typesupport_microxrcedds_c.dir/rosidl_typesupport_microxrcedds_c/statistics_msgs/msg/detail/microxrcedds/metrics_message__type_support_c.c.o[0m
[14.689s] [ 67%] [32mBuilding C object CMakeFiles/statistics_msgs__rosidl_typesupport_microxrcedds_c.dir/rosidl_typesupport_microxrcedds_c/statistics_msgs/msg/detail/microxrcedds/statistic_data_type__type_support_c.c.o[0m
[14.789s] [ 69%] [32mBuilding C object CMakeFiles/statistics_msgs__rosidl_typesupport_microxrcedds_c.dir/rosidl_typesupport_microxrcedds_c/statistics_msgs/msg/detail/microxrcedds/statistic_data_point__type_support_c.c.o[0m
[14.815s] [35m[1mScanning dependencies of target statistics_msgs__rosidl_typesupport_fastrtps_c[0m
[14.879s] [ 71%] [32mBuilding CXX object CMakeFiles/statistics_msgs__rosidl_typesupport_fastrtps_c.dir/rosidl_typesupport_fastrtps_c/statistics_msgs/msg/detail/metrics_message__type_support_c.cpp.o[0m
[14.925s] [ 72%] [32m[1mLinking C shared library libstatistics_msgs__rosidl_typesupport_microxrcedds_c.so[0m
[15.098s] [ 72%] Built target statistics_msgs__rosidl_typesupport_microxrcedds_c
[15.585s] [ 74%] [32mBuilding CXX object CMakeFiles/statistics_msgs__rosidl_typesupport_fastrtps_c.dir/rosidl_typesupport_fastrtps_c/statistics_msgs/msg/detail/statistic_data_type__type_support_c.cpp.o[0m
[16.197s] [ 76%] [32mBuilding CXX object CMakeFiles/statistics_msgs__rosidl_typesupport_fastrtps_c.dir/rosidl_typesupport_fastrtps_c/statistics_msgs/msg/detail/statistic_data_point__type_support_c.cpp.o[0m
[16.814s] [ 77%] [32m[1mLinking CXX shared library libstatistics_msgs__rosidl_typesupport_fastrtps_c.so[0m
[16.986s] [ 77%] Built target statistics_msgs__rosidl_typesupport_fastrtps_c
[17.007s] [35m[1mScanning dependencies of target statistics_msgs[0m
[17.027s] [ 77%] Built target statistics_msgs
[17.053s] [35m[1mScanning dependencies of target statistics_msgs__py[0m
[17.072s] [ 79%] [34m[1mGenerating Python code for ROS interfaces[0m
[18.634s] [ 79%] Built target statistics_msgs__py
[18.653s] [35m[1mScanning dependencies of target statistics_msgs__python[0m
[18.693s] [ 81%] [32mBuilding C object CMakeFiles/statistics_msgs__python.dir/rosidl_generator_py/statistics_msgs/msg/_metrics_message_s.c.o[0m
[18.843s] [ 83%] [32mBuilding C object CMakeFiles/statistics_msgs__python.dir/rosidl_generator_py/statistics_msgs/msg/_statistic_data_type_s.c.o[0m
[18.991s] [ 84%] [32mBuilding C object CMakeFiles/statistics_msgs__python.dir/rosidl_generator_py/statistics_msgs/msg/_statistic_data_point_s.c.o[0m
[19.144s] [ 86%] [32m[1mLinking C shared library rosidl_generator_py/statistics_msgs/libstatistics_msgs__python.so[0m
[19.211s] [ 86%] Built target statistics_msgs__python
[19.229s] [35m[1mScanning dependencies of target statistics_msgs__rosidl_typesupport_c__pyext[0m
[19.260s] [ 88%] [32mBuilding C object CMakeFiles/statistics_msgs__rosidl_typesupport_c__pyext.dir/rosidl_generator_py/statistics_msgs/_statistics_msgs_s.ep.rosidl_typesupport_c.c.o[0m
[19.354s] [ 89%] [32m[1mLinking C shared library rosidl_generator_py/statistics_msgs/statistics_msgs_s__rosidl_typesupport_c.cpython-38-x86_64-linux-gnu.so[0m
[19.393s] [ 89%] Built target statistics_msgs__rosidl_typesupport_c__pyext
[19.406s] [35m[1mScanning dependencies of target statistics_msgs__rosidl_typesupport_introspection_c__pyext[0m
[19.430s] [ 91%] [32mBuilding C object CMakeFiles/statistics_msgs__rosidl_typesupport_introspection_c__pyext.dir/rosidl_generator_py/statistics_msgs/_statistics_msgs_s.ep.rosidl_typesupport_introspection_c.c.o[0m
[19.539s] [ 93%] [32m[1mLinking C shared library rosidl_generator_py/statistics_msgs/statistics_msgs_s__rosidl_typesupport_introspection_c.cpython-38-x86_64-linux-gnu.so[0m
[19.599s] [ 93%] Built target statistics_msgs__rosidl_typesupport_introspection_c__pyext
[19.617s] [35m[1mScanning dependencies of target statistics_msgs__rosidl_typesupport_microxrcedds_c__pyext[0m
[19.647s] [ 94%] [32mBuilding C object CMakeFiles/statistics_msgs__rosidl_typesupport_microxrcedds_c__pyext.dir/rosidl_generator_py/statistics_msgs/_statistics_msgs_s.ep.rosidl_typesupport_microxrcedds_c.c.o[0m
[19.781s] [ 96%] [32m[1mLinking C shared library rosidl_generator_py/statistics_msgs/statistics_msgs_s__rosidl_typesupport_microxrcedds_c.cpython-38-x86_64-linux-gnu.so[0m
[19.835s] [ 96%] Built target statistics_msgs__rosidl_typesupport_microxrcedds_c__pyext
[19.853s] [35m[1mScanning dependencies of target statistics_msgs__rosidl_typesupport_fastrtps_c__pyext[0m
[19.886s] [ 98%] [32mBuilding C object CMakeFiles/statistics_msgs__rosidl_typesupport_fastrtps_c__pyext.dir/rosidl_generator_py/statistics_msgs/_statistics_msgs_s.ep.rosidl_typesupport_fastrtps_c.c.o[0m
[20.021s] [100%] [32m[1mLinking CXX shared library rosidl_generator_py/statistics_msgs/statistics_msgs_s__rosidl_typesupport_fastrtps_c.cpython-38-x86_64-linux-gnu.so[0m
[20.134s] [100%] Built target statistics_msgs__rosidl_typesupport_fastrtps_c__pyext
[20.150s] Invoked command in '/root/catkin_ws/build/statistics_msgs' returned '0': AMENT_PREFIX_PATH=/root/catkin_ws/install/builtin_interfaces:${AMENT_PREFIX_PATH} CMAKE_PREFIX_PATH=/root/catkin_ws/install/builtin_interfaces:/root/catkin_ws/install/rosidl_typesupport_microxrcedds_cpp:/root/catkin_ws/install/rosidl_typesupport_microxrcedds_c:/root/catkin_ws/install/microcdr:/root/catkin_ws/install/ydlidar_sdk:/root/catkin_ws/install/ydlidar_ros2_driver:/root/catkin_ws/install/udp_driver:/root/catkin_ws/install/topic_service_action_rclcpp_example:/root/catkin_ws/install/time_rclcpp_example:/root/catkin_ws/install/tf2_rclcpp_example:/root/catkin_ws/install/testbot_description:/root/catkin_ws/install/serial_driver:/root/catkin_ws/install/rqt_example:/root/catkin_ws/install/omo_r1mini:/root/catkin_ws/install/omo_r1mini_navigation2:/root/catkin_ws/install/omo_r1mini_interfaces:/root/catkin_ws/install/omo_r1mini_gazebo:/root/catkin_ws/install/omo_r1mini_description:/root/catkin_ws/install/omo_r1mini_cartographer:/root/catkin_ws/install/my_first_ros_rclcpp_pkg:/root/catkin_ws/install/msg_srv_action_interface_example:/root/catkin_ws/install/micro_ros_setup:/root/catkin_ws/install/micro_ros_agent:/root/catkin_ws/install/micro_ros_msgs:/root/catkin_ws/install/io_context:/root/catkin_ws/install/iahrs_driver_interface:/root/catkin_ws/install/drive_base_msgs:/root/catkin_ws/install/asio_cmake_module:/root/install/ydlidar_sdk:/root/install/ydlidar_ros2_driver:/root/install/udp_driver:/root/install/topic_service_action_rclcpp_example:/root/install/time_rclcpp_example:/root/install/tf2_rclcpp_example:/root/install/testbot_description:/root/install/serial_driver:/root/install/rqt_example:/root/install/omo_r1mini:/root/install/omo_r1mini_navigation2:/root/install/omo_r1mini_interfaces:/root/install/omo_r1mini_gazebo:/root/install/omo_r1mini_description:/root/install/omo_r1mini_cartographer:/root/install/my_first_ros_rclcpp_pkg:/root/install/msg_srv_action_interface_example:/root/install/io_context:/root/install/asio_cmake_module:/root/catkin_ws/install/topic_service_action_rclpy_example:/root/catkin_ws/install/time_rclpy_example:/root/catkin_ws/install/tf2_rclpy_example:/root/catkin_ws/install/ros2env:/root/catkin_ws/install/omo_r1mini_teleop:/root/catkin_ws/install/omo_r1mini_bringup:/root/catkin_ws/install/my_first_ros_rclpy_pkg:/root/catkin_ws/install/logging_rclpy_example:/root/catkin_ws/install/iahrs_driver:/root/install/topic_service_action_rclpy_example:/root/install/time_rclpy_example:/root/install/tf2_rclpy_example:/root/install/ros2env:/root/install/omo_r1mini_teleop:/root/install/omo_r1mini_bringup:/root/install/my_first_ros_rclpy_pkg:/root/install/logging_rclpy_example:/opt/ros/foxy LD_LIBRARY_PATH=/root/catkin_ws/install/builtin_interfaces/lib:${LD_LIBRARY_PATH} PYTHONPATH=/root/catkin_ws/install/builtin_interfaces/lib/python3.8/site-packages:${PYTHONPATH} /usr/bin/cmake --build /root/catkin_ws/build/statistics_msgs -- -j12 -l12
[20.296s] Invoking command in '/root/catkin_ws/build/statistics_msgs': AMENT_PREFIX_PATH=/root/catkin_ws/install/builtin_interfaces:${AMENT_PREFIX_PATH} CMAKE_PREFIX_PATH=/root/catkin_ws/install/builtin_interfaces:/root/catkin_ws/install/rosidl_typesupport_microxrcedds_cpp:/root/catkin_ws/install/rosidl_typesupport_microxrcedds_c:/root/catkin_ws/install/microcdr:/root/catkin_ws/install/ydlidar_sdk:/root/catkin_ws/install/ydlidar_ros2_driver:/root/catkin_ws/install/udp_driver:/root/catkin_ws/install/topic_service_action_rclcpp_example:/root/catkin_ws/install/time_rclcpp_example:/root/catkin_ws/install/tf2_rclcpp_example:/root/catkin_ws/install/testbot_description:/root/catkin_ws/install/serial_driver:/root/catkin_ws/install/rqt_example:/root/catkin_ws/install/omo_r1mini:/root/catkin_ws/install/omo_r1mini_navigation2:/root/catkin_ws/install/omo_r1mini_interfaces:/root/catkin_ws/install/omo_r1mini_gazebo:/root/catkin_ws/install/omo_r1mini_description:/root/catkin_ws/install/omo_r1mini_cartographer:/root/catkin_ws/install/my_first_ros_rclcpp_pkg:/root/catkin_ws/install/msg_srv_action_interface_example:/root/catkin_ws/install/micro_ros_setup:/root/catkin_ws/install/micro_ros_agent:/root/catkin_ws/install/micro_ros_msgs:/root/catkin_ws/install/io_context:/root/catkin_ws/install/iahrs_driver_interface:/root/catkin_ws/install/drive_base_msgs:/root/catkin_ws/install/asio_cmake_module:/root/install/ydlidar_sdk:/root/install/ydlidar_ros2_driver:/root/install/udp_driver:/root/install/topic_service_action_rclcpp_example:/root/install/time_rclcpp_example:/root/install/tf2_rclcpp_example:/root/install/testbot_description:/root/install/serial_driver:/root/install/rqt_example:/root/install/omo_r1mini:/root/install/omo_r1mini_navigation2:/root/install/omo_r1mini_interfaces:/root/install/omo_r1mini_gazebo:/root/install/omo_r1mini_description:/root/install/omo_r1mini_cartographer:/root/install/my_first_ros_rclcpp_pkg:/root/install/msg_srv_action_interface_example:/root/install/io_context:/root/install/asio_cmake_module:/root/catkin_ws/install/topic_service_action_rclpy_example:/root/catkin_ws/install/time_rclpy_example:/root/catkin_ws/install/tf2_rclpy_example:/root/catkin_ws/install/ros2env:/root/catkin_ws/install/omo_r1mini_teleop:/root/catkin_ws/install/omo_r1mini_bringup:/root/catkin_ws/install/my_first_ros_rclpy_pkg:/root/catkin_ws/install/logging_rclpy_example:/root/catkin_ws/install/iahrs_driver:/root/install/topic_service_action_rclpy_example:/root/install/time_rclpy_example:/root/install/tf2_rclpy_example:/root/install/ros2env:/root/install/omo_r1mini_teleop:/root/install/omo_r1mini_bringup:/root/install/my_first_ros_rclpy_pkg:/root/install/logging_rclpy_example:/opt/ros/foxy LD_LIBRARY_PATH=/root/catkin_ws/install/builtin_interfaces/lib:${LD_LIBRARY_PATH} PYTHONPATH=/root/catkin_ws/install/builtin_interfaces/lib/python3.8/site-packages:${PYTHONPATH} /usr/bin/cmake --install /root/catkin_ws/build/statistics_msgs
[20.309s] -- Install configuration: ""
[20.310s] -- Installing: /root/catkin_ws/install/statistics_msgs/share/ament_index/resource_index/rosidl_interfaces/statistics_msgs
[20.310s] -- Installing: /root/catkin_ws/install/statistics_msgs/include/statistics_msgs
[20.310s] -- Installing: /root/catkin_ws/install/statistics_msgs/include/statistics_msgs/msg
[20.310s] -- Installing: /root/catkin_ws/install/statistics_msgs/include/statistics_msgs/msg/statistic_data_point.h
[20.311s] -- Installing: /root/catkin_ws/install/statistics_msgs/include/statistics_msgs/msg/detail
[20.311s] -- Installing: /root/catkin_ws/install/statistics_msgs/include/statistics_msgs/msg/detail/statistic_data_point__functions.c
[20.311s] -- Installing: /root/catkin_ws/install/statistics_msgs/include/statistics_msgs/msg/detail/statistic_data_point__struct.h
[20.311s] -- Installing: /root/catkin_ws/install/statistics_msgs/include/statistics_msgs/msg/detail/statistic_data_type__functions.h
[20.311s] -- Installing: /root/catkin_ws/install/statistics_msgs/include/statistics_msgs/msg/detail/statistic_data_point__type_support.h
[20.311s] -- Installing: /root/catkin_ws/install/statistics_msgs/include/statistics_msgs/msg/detail/metrics_message__type_support.h
[20.311s] -- Installing: /root/catkin_ws/install/statistics_msgs/include/statistics_msgs/msg/detail/statistic_data_point__functions.h
[20.312s] -- Installing: /root/catkin_ws/install/statistics_msgs/include/statistics_msgs/msg/detail/metrics_message__struct.h
[20.312s] -- Installing: /root/catkin_ws/install/statistics_msgs/include/statistics_msgs/msg/detail/statistic_data_type__functions.c
[20.312s] -- Installing: /root/catkin_ws/install/statistics_msgs/include/statistics_msgs/msg/detail/statistic_data_type__struct.h
[20.312s] -- Installing: /root/catkin_ws/install/statistics_msgs/include/statistics_msgs/msg/detail/statistic_data_type__type_support.h
[20.312s] -- Installing: /root/catkin_ws/install/statistics_msgs/include/statistics_msgs/msg/detail/metrics_message__functions.c
[20.312s] -- Installing: /root/catkin_ws/install/statistics_msgs/include/statistics_msgs/msg/detail/metrics_message__functions.h
[20.313s] -- Installing: /root/catkin_ws/install/statistics_msgs/include/statistics_msgs/msg/statistic_data_type.h
[20.313s] -- Installing: /root/catkin_ws/install/statistics_msgs/include/statistics_msgs/msg/rosidl_generator_c__visibility_control.h
[20.313s] -- Installing: /root/catkin_ws/install/statistics_msgs/include/statistics_msgs/msg/metrics_message.h
[20.313s] -- Installing: /root/catkin_ws/install/statistics_msgs/share/statistics_msgs/environment/library_path.sh
[20.313s] -- Installing: /root/catkin_ws/install/statistics_msgs/share/statistics_msgs/environment/library_path.dsv
[20.314s] -- Installing: /root/catkin_ws/install/statistics_msgs/lib/libstatistics_msgs__rosidl_generator_c.so
[20.314s] -- Set runtime path of "/root/catkin_ws/install/statistics_msgs/lib/libstatistics_msgs__rosidl_generator_c.so" to ""
[20.314s] -- Up-to-date: /root/catkin_ws/install/statistics_msgs/include/statistics_msgs
[20.315s] -- Up-to-date: /root/catkin_ws/install/statistics_msgs/include/statistics_msgs/msg
[20.315s] -- Up-to-date: /root/catkin_ws/install/statistics_msgs/include/statistics_msgs/msg/detail
[20.315s] -- Installing: /root/catkin_ws/install/statistics_msgs/include/statistics_msgs/msg/detail/statistic_data_point__rosidl_typesupport_microxrcedds_c.h
[20.315s] -- Installing: /root/catkin_ws/install/statistics_msgs/include/statistics_msgs/msg/detail/metrics_message__rosidl_typesupport_microxrcedds_c.h
[20.315s] -- Installing: /root/catkin_ws/install/statistics_msgs/include/statistics_msgs/msg/detail/statistic_data_type__rosidl_typesupport_microxrcedds_c.h
[20.315s] -- Installing: /root/catkin_ws/install/statistics_msgs/include/statistics_msgs/msg/detail/microxrcedds
[20.316s] -- Installing: /root/catkin_ws/install/statistics_msgs/include/statistics_msgs/msg/rosidl_typesupport_microxrcedds_c__visibility_control.h
[20.316s] -- Installing: /root/catkin_ws/install/statistics_msgs/lib/libstatistics_msgs__rosidl_typesupport_microxrcedds_c.so
[20.316s] -- Set runtime path of "/root/catkin_ws/install/statistics_msgs/lib/libstatistics_msgs__rosidl_typesupport_microxrcedds_c.so" to ""
[20.316s] -- Up-to-date: /root/catkin_ws/install/statistics_msgs/include/statistics_msgs
[20.316s] -- Up-to-date: /root/catkin_ws/install/statistics_msgs/include/statistics_msgs/msg
[20.317s] -- Up-to-date: /root/catkin_ws/install/statistics_msgs/include/statistics_msgs/msg/detail
[20.317s] -- Installing: /root/catkin_ws/install/statistics_msgs/include/statistics_msgs/msg/detail/statistic_data_point__rosidl_typesupport_fastrtps_c.h
[20.317s] -- Installing: /root/catkin_ws/install/statistics_msgs/include/statistics_msgs/msg/detail/metrics_message__rosidl_typesupport_fastrtps_c.h
[20.317s] -- Installing: /root/catkin_ws/install/statistics_msgs/include/statistics_msgs/msg/detail/statistic_data_type__rosidl_typesupport_fastrtps_c.h
[20.317s] -- Installing: /root/catkin_ws/install/statistics_msgs/include/statistics_msgs/msg/rosidl_typesupport_fastrtps_c__visibility_control.h
[20.317s] -- Installing: /root/catkin_ws/install/statistics_msgs/lib/libstatistics_msgs__rosidl_typesupport_fastrtps_c.so
[20.318s] -- Set runtime path of "/root/catkin_ws/install/statistics_msgs/lib/libstatistics_msgs__rosidl_typesupport_fastrtps_c.so" to ""
[20.318s] -- Up-to-date: /root/catkin_ws/install/statistics_msgs/include/statistics_msgs
[20.318s] -- Up-to-date: /root/catkin_ws/install/statistics_msgs/include/statistics_msgs/msg
[20.318s] -- Up-to-date: /root/catkin_ws/install/statistics_msgs/include/statistics_msgs/msg/detail
[20.318s] -- Installing: /root/catkin_ws/install/statistics_msgs/include/statistics_msgs/msg/detail/metrics_message__rosidl_typesupport_fastrtps_cpp.hpp
[20.318s] -- Installing: /root/catkin_ws/install/statistics_msgs/include/statistics_msgs/msg/detail/statistic_data_type__rosidl_typesupport_fastrtps_cpp.hpp
[20.319s] -- Installing: /root/catkin_ws/install/statistics_msgs/include/statistics_msgs/msg/detail/statistic_data_point__rosidl_typesupport_fastrtps_cpp.hpp
[20.319s] -- Installing: /root/catkin_ws/install/statistics_msgs/include/statistics_msgs/msg/detail/dds_fastrtps
[20.319s] -- Installing: /root/catkin_ws/install/statistics_msgs/include/statistics_msgs/msg/rosidl_typesupport_fastrtps_cpp__visibility_control.h
[20.319s] -- Installing: /root/catkin_ws/install/statistics_msgs/lib/libstatistics_msgs__rosidl_typesupport_fastrtps_cpp.so
[20.319s] -- Set runtime path of "/root/catkin_ws/install/statistics_msgs/lib/libstatistics_msgs__rosidl_typesupport_fastrtps_cpp.so" to ""
[20.320s] -- Up-to-date: /root/catkin_ws/install/statistics_msgs/include/statistics_msgs
[20.320s] -- Up-to-date: /root/catkin_ws/install/statistics_msgs/include/statistics_msgs/msg
[20.320s] -- Up-to-date: /root/catkin_ws/install/statistics_msgs/include/statistics_msgs/msg/detail
[20.320s] -- Installing: /root/catkin_ws/install/statistics_msgs/include/statistics_msgs/msg/detail/statistic_data_type__type_support.c
[20.320s] -- Installing: /root/catkin_ws/install/statistics_msgs/include/statistics_msgs/msg/detail/statistic_data_point__type_support.c
[20.320s] -- Installing: /root/catkin_ws/install/statistics_msgs/include/statistics_msgs/msg/detail/statistic_data_point__rosidl_typesupport_introspection_c.h
[20.321s] -- Installing: /root/catkin_ws/install/statistics_msgs/include/statistics_msgs/msg/detail/metrics_message__rosidl_typesupport_introspection_c.h
[20.321s] -- Installing: /root/catkin_ws/install/statistics_msgs/include/statistics_msgs/msg/detail/statistic_data_type__rosidl_typesupport_introspection_c.h
[20.321s] -- Installing: /root/catkin_ws/install/statistics_msgs/include/statistics_msgs/msg/detail/metrics_message__type_support.c
[20.321s] -- Installing: /root/catkin_ws/install/statistics_msgs/include/statistics_msgs/msg/rosidl_typesupport_introspection_c__visibility_control.h
[20.321s] -- Installing: /root/catkin_ws/install/statistics_msgs/lib/libstatistics_msgs__rosidl_typesupport_introspection_c.so
[20.322s] -- Set runtime path of "/root/catkin_ws/install/statistics_msgs/lib/libstatistics_msgs__rosidl_typesupport_introspection_c.so" to ""
[20.322s] -- Installing: /root/catkin_ws/install/statistics_msgs/lib/libstatistics_msgs__rosidl_typesupport_c.so
[20.322s] -- Set runtime path of "/root/catkin_ws/install/statistics_msgs/lib/libstatistics_msgs__rosidl_typesupport_c.so" to ""
[20.322s] -- Up-to-date: /root/catkin_ws/install/statistics_msgs/include/statistics_msgs
[20.323s] -- Up-to-date: /root/catkin_ws/install/statistics_msgs/include/statistics_msgs/msg
[20.323s] -- Installing: /root/catkin_ws/install/statistics_msgs/include/statistics_msgs/msg/statistic_data_point.hpp
[20.323s] -- Up-to-date: /root/catkin_ws/install/statistics_msgs/include/statistics_msgs/msg/detail
[20.323s] -- Installing: /root/catkin_ws/install/statistics_msgs/include/statistics_msgs/msg/detail/statistic_data_point__builder.hpp
[20.323s] -- Installing: /root/catkin_ws/install/statistics_msgs/include/statistics_msgs/msg/detail/statistic_data_type__struct.hpp
[20.323s] -- Installing: /root/catkin_ws/install/statistics_msgs/include/statistics_msgs/msg/detail/statistic_data_type__traits.hpp
[20.324s] -- Installing: /root/catkin_ws/install/statistics_msgs/include/statistics_msgs/msg/detail/statistic_data_type__builder.hpp
[20.324s] -- Installing: /root/catkin_ws/install/statistics_msgs/include/statistics_msgs/msg/detail/metrics_message__struct.hpp
[20.328s] -- Installing: /root/catkin_ws/install/statistics_msgs/include/statistics_msgs/msg/detail/metrics_message__builder.hpp
[20.329s] -- Installing: /root/catkin_ws/install/statistics_msgs/include/statistics_msgs/msg/detail/metrics_message__traits.hpp
[20.329s] -- Installing: /root/catkin_ws/install/statistics_msgs/include/statistics_msgs/msg/detail/statistic_data_point__struct.hpp
[20.329s] -- Installing: /root/catkin_ws/install/statistics_msgs/include/statistics_msgs/msg/detail/statistic_data_point__traits.hpp
[20.344s] -- Installing: /root/catkin_ws/install/statistics_msgs/include/statistics_msgs/msg/statistic_data_type.hpp
[20.344s] -- Installing: /root/catkin_ws/install/statistics_msgs/include/statistics_msgs/msg/metrics_message.hpp
[20.344s] -- Up-to-date: /root/catkin_ws/install/statistics_msgs/include/statistics_msgs
[20.345s] -- Up-to-date: /root/catkin_ws/install/statistics_msgs/include/statistics_msgs/msg
[20.345s] -- Up-to-date: /root/catkin_ws/install/statistics_msgs/include/statistics_msgs/msg/detail
[20.345s] -- Installing: /root/catkin_ws/install/statistics_msgs/include/statistics_msgs/msg/detail/statistic_data_point__rosidl_typesupport_microxrcedds_cpp.hpp
[20.345s] -- Installing: /root/catkin_ws/install/statistics_msgs/include/statistics_msgs/msg/detail/statistic_data_type__rosidl_typesupport_microxrcedds_cpp.hpp
[20.345s] -- Installing: /root/catkin_ws/install/statistics_msgs/include/statistics_msgs/msg/detail/metrics_message__rosidl_typesupport_microxrcedds_cpp.hpp
[20.345s] -- Up-to-date: /root/catkin_ws/install/statistics_msgs/include/statistics_msgs/msg/detail/microxrcedds
[20.345s] -- Installing: /root/catkin_ws/install/statistics_msgs/include/statistics_msgs/msg/detail/microxrcedds/statistic_data_type__type_support_cpp.cpp
[20.345s] -- Installing: /root/catkin_ws/install/statistics_msgs/include/statistics_msgs/msg/detail/microxrcedds/statistic_data_point__type_support_cpp.cpp
[20.345s] -- Installing: /root/catkin_ws/install/statistics_msgs/include/statistics_msgs/msg/detail/microxrcedds/metrics_message__type_support_cpp.cpp
[20.346s] -- Installing: /root/catkin_ws/install/statistics_msgs/include/statistics_msgs/msg/rosidl_typesupport_microxrcedds_cpp__visibility_control.h
[20.346s] -- Installing: /root/catkin_ws/install/statistics_msgs/lib/libstatistics_msgs__rosidl_typesupport_microxrcedds_cpp.so
[20.346s] -- Set runtime path of "/root/catkin_ws/install/statistics_msgs/lib/libstatistics_msgs__rosidl_typesupport_microxrcedds_cpp.so" to ""
[20.346s] -- Up-to-date: /root/catkin_ws/install/statistics_msgs/include/statistics_msgs
[20.346s] -- Up-to-date: /root/catkin_ws/install/statistics_msgs/include/statistics_msgs/msg
[20.346s] -- Up-to-date: /root/catkin_ws/install/statistics_msgs/include/statistics_msgs/msg/detail
[20.346s] -- Installing: /root/catkin_ws/install/statistics_msgs/include/statistics_msgs/msg/detail/metrics_message__rosidl_typesupport_introspection_cpp.hpp
[20.346s] -- Installing: /root/catkin_ws/install/statistics_msgs/include/statistics_msgs/msg/detail/metrics_message__type_support.cpp
[20.346s] -- Installing: /root/catkin_ws/install/statistics_msgs/include/statistics_msgs/msg/detail/statistic_data_point__type_support.cpp
[20.347s] -- Installing: /root/catkin_ws/install/statistics_msgs/include/statistics_msgs/msg/detail/statistic_data_point__rosidl_typesupport_introspection_cpp.hpp
[20.347s] -- Installing: /root/catkin_ws/install/statistics_msgs/include/statistics_msgs/msg/detail/statistic_data_type__rosidl_typesupport_introspection_cpp.hpp
[20.347s] -- Installing: /root/catkin_ws/install/statistics_msgs/include/statistics_msgs/msg/detail/statistic_data_type__type_support.cpp
[20.347s] -- Installing: /root/catkin_ws/install/statistics_msgs/lib/libstatistics_msgs__rosidl_typesupport_introspection_cpp.so
[20.347s] -- Set runtime path of "/root/catkin_ws/install/statistics_msgs/lib/libstatistics_msgs__rosidl_typesupport_introspection_cpp.so" to ""
[20.347s] -- Installing: /root/catkin_ws/install/statistics_msgs/lib/libstatistics_msgs__rosidl_typesupport_cpp.so
[20.347s] -- Set runtime path of "/root/catkin_ws/install/statistics_msgs/lib/libstatistics_msgs__rosidl_typesupport_cpp.so" to ""
[20.348s] -- Installing: /root/catkin_ws/install/statistics_msgs/share/statistics_msgs/environment/pythonpath.sh
[20.348s] -- Installing: /root/catkin_ws/install/statistics_msgs/share/statistics_msgs/environment/pythonpath.dsv
[20.348s] -- Installing: /root/catkin_ws/install/statistics_msgs/lib/python3.8/site-packages/statistics_msgs/__init__.py
[20.428s] Compiling '/root/catkin_ws/install/statistics_msgs/lib/python3.8/site-packages/statistics_msgs/__init__.py'...
[20.434s] -- Installing: /root/catkin_ws/install/statistics_msgs/lib/python3.8/site-packages/statistics_msgs/msg
[20.434s] -- Installing: /root/catkin_ws/install/statistics_msgs/lib/python3.8/site-packages/statistics_msgs/msg/_statistic_data_point.py
[20.435s] -- Installing: /root/catkin_ws/install/statistics_msgs/lib/python3.8/site-packages/statistics_msgs/msg/_metrics_message.py
[20.435s] -- Installing: /root/catkin_ws/install/statistics_msgs/lib/python3.8/site-packages/statistics_msgs/msg/_metrics_message_s.c
[20.435s] -- Installing: /root/catkin_ws/install/statistics_msgs/lib/python3.8/site-packages/statistics_msgs/msg/_statistic_data_type.py
[20.435s] -- Installing: /root/catkin_ws/install/statistics_msgs/lib/python3.8/site-packages/statistics_msgs/msg/_statistic_data_type_s.c
[20.435s] -- Installing: /root/catkin_ws/install/statistics_msgs/lib/python3.8/site-packages/statistics_msgs/msg/_statistic_data_point_s.c
[20.435s] -- Installing: /root/catkin_ws/install/statistics_msgs/lib/python3.8/site-packages/statistics_msgs/msg/__init__.py
[20.436s] -- Installing: /root/catkin_ws/install/statistics_msgs/lib/python3.8/site-packages/statistics_msgs/statistics_msgs_s__rosidl_typesupport_microxrcedds_c.cpython-38-x86_64-linux-gnu.so
[20.436s] -- Set runtime path of "/root/catkin_ws/install/statistics_msgs/lib/python3.8/site-packages/statistics_msgs/statistics_msgs_s__rosidl_typesupport_microxrcedds_c.cpython-38-x86_64-linux-gnu.so" to ""
[20.437s] -- Installing: /root/catkin_ws/install/statistics_msgs/lib/python3.8/site-packages/statistics_msgs/statistics_msgs_s__rosidl_typesupport_fastrtps_c.cpython-38-x86_64-linux-gnu.so
[20.437s] -- Set runtime path of "/root/catkin_ws/install/statistics_msgs/lib/python3.8/site-packages/statistics_msgs/statistics_msgs_s__rosidl_typesupport_fastrtps_c.cpython-38-x86_64-linux-gnu.so" to ""
[20.438s] -- Installing: /root/catkin_ws/install/statistics_msgs/lib/python3.8/site-packages/statistics_msgs/statistics_msgs_s__rosidl_typesupport_introspection_c.cpython-38-x86_64-linux-gnu.so
[20.438s] -- Set runtime path of "/root/catkin_ws/install/statistics_msgs/lib/python3.8/site-packages/statistics_msgs/statistics_msgs_s__rosidl_typesupport_introspection_c.cpython-38-x86_64-linux-gnu.so" to ""
[20.439s] -- Installing: /root/catkin_ws/install/statistics_msgs/lib/python3.8/site-packages/statistics_msgs/statistics_msgs_s__rosidl_typesupport_c.cpython-38-x86_64-linux-gnu.so
[20.439s] -- Set runtime path of "/root/catkin_ws/install/statistics_msgs/lib/python3.8/site-packages/statistics_msgs/statistics_msgs_s__rosidl_typesupport_c.cpython-38-x86_64-linux-gnu.so" to ""
[20.440s] -- Installing: /root/catkin_ws/install/statistics_msgs/lib/libstatistics_msgs__python.so
[20.440s] -- Set runtime path of "/root/catkin_ws/install/statistics_msgs/lib/libstatistics_msgs__python.so" to ""
[20.440s] -- Installing: /root/catkin_ws/install/statistics_msgs/share/statistics_msgs/msg/MetricsMessage.idl
[20.440s] -- Installing: /root/catkin_ws/install/statistics_msgs/share/statistics_msgs/msg/StatisticDataPoint.idl
[20.440s] -- Installing: /root/catkin_ws/install/statistics_msgs/share/statistics_msgs/msg/StatisticDataType.idl
[20.441s] -- Installing: /root/catkin_ws/install/statistics_msgs/share/statistics_msgs/msg/MetricsMessage.msg
[20.441s] -- Installing: /root/catkin_ws/install/statistics_msgs/share/statistics_msgs/msg/StatisticDataPoint.msg
[20.441s] -- Installing: /root/catkin_ws/install/statistics_msgs/share/statistics_msgs/msg/StatisticDataType.msg
[20.441s] -- Installing: /root/catkin_ws/install/statistics_msgs/share/ament_index/resource_index/package_run_dependencies/statistics_msgs
[20.441s] -- Installing: /root/catkin_ws/install/statistics_msgs/share/ament_index/resource_index/parent_prefix_path/statistics_msgs
[20.441s] -- Installing: /root/catkin_ws/install/statistics_msgs/share/statistics_msgs/environment/ament_prefix_path.sh
[20.442s] -- Installing: /root/catkin_ws/install/statistics_msgs/share/statistics_msgs/environment/ament_prefix_path.dsv
[20.442s] -- Installing: /root/catkin_ws/install/statistics_msgs/share/statistics_msgs/environment/path.sh
[20.442s] -- Installing: /root/catkin_ws/install/statistics_msgs/share/statistics_msgs/environment/path.dsv
[20.442s] -- Installing: /root/catkin_ws/install/statistics_msgs/share/statistics_msgs/local_setup.bash
[20.442s] -- Installing: /root/catkin_ws/install/statistics_msgs/share/statistics_msgs/local_setup.sh
[20.442s] -- Installing: /root/catkin_ws/install/statistics_msgs/share/statistics_msgs/local_setup.zsh
[20.443s] -- Installing: /root/catkin_ws/install/statistics_msgs/share/statistics_msgs/local_setup.dsv
[20.443s] -- Installing: /root/catkin_ws/install/statistics_msgs/share/statistics_msgs/package.dsv
[20.443s] -- Installing: /root/catkin_ws/install/statistics_msgs/share/ament_index/resource_index/packages/statistics_msgs
[20.443s] -- Installing: /root/catkin_ws/install/statistics_msgs/share/statistics_msgs/cmake/statistics_msgs__rosidl_generator_cExport.cmake
[20.443s] -- Installing: /root/catkin_ws/install/statistics_msgs/share/statistics_msgs/cmake/statistics_msgs__rosidl_generator_cExport-noconfig.cmake
[20.443s] -- Installing: /root/catkin_ws/install/statistics_msgs/share/statistics_msgs/cmake/statistics_msgs__rosidl_typesupport_introspection_cExport.cmake
[20.444s] -- Installing: /root/catkin_ws/install/statistics_msgs/share/statistics_msgs/cmake/statistics_msgs__rosidl_typesupport_introspection_cExport-noconfig.cmake
[20.444s] -- Installing: /root/catkin_ws/install/statistics_msgs/share/statistics_msgs/cmake/statistics_msgs__rosidl_typesupport_cExport.cmake
[20.444s] -- Installing: /root/catkin_ws/install/statistics_msgs/share/statistics_msgs/cmake/statistics_msgs__rosidl_typesupport_cExport-noconfig.cmake
[20.444s] -- Installing: /root/catkin_ws/install/statistics_msgs/share/statistics_msgs/cmake/statistics_msgs__rosidl_generator_cppExport.cmake
[20.444s] -- Installing: /root/catkin_ws/install/statistics_msgs/share/statistics_msgs/cmake/statistics_msgs__rosidl_typesupport_introspection_cppExport.cmake
[20.445s] -- Installing: /root/catkin_ws/install/statistics_msgs/share/statistics_msgs/cmake/statistics_msgs__rosidl_typesupport_introspection_cppExport-noconfig.cmake
[20.445s] -- Installing: /root/catkin_ws/install/statistics_msgs/share/statistics_msgs/cmake/statistics_msgs__rosidl_typesupport_cppExport.cmake
[20.445s] -- Installing: /root/catkin_ws/install/statistics_msgs/share/statistics_msgs/cmake/statistics_msgs__rosidl_typesupport_cppExport-noconfig.cmake
[20.445s] -- Installing: /root/catkin_ws/install/statistics_msgs/share/statistics_msgs/cmake/rosidl_cmake-extras.cmake
[20.446s] -- Installing: /root/catkin_ws/install/statistics_msgs/share/statistics_msgs/cmake/ament_cmake_export_dependencies-extras.cmake
[20.446s] -- Installing: /root/catkin_ws/install/statistics_msgs/share/statistics_msgs/cmake/ament_cmake_export_libraries-extras.cmake
[20.446s] -- Installing: /root/catkin_ws/install/statistics_msgs/share/statistics_msgs/cmake/ament_cmake_export_targets-extras.cmake
[20.446s] -- Installing: /root/catkin_ws/install/statistics_msgs/share/statistics_msgs/cmake/ament_cmake_export_include_directories-extras.cmake
[20.446s] -- Installing: /root/catkin_ws/install/statistics_msgs/share/statistics_msgs/cmake/rosidl_cmake_export_typesupport_libraries-extras.cmake
[20.446s] -- Installing: /root/catkin_ws/install/statistics_msgs/share/statistics_msgs/cmake/rosidl_cmake_export_typesupport_targets-extras.cmake
[20.447s] -- Installing: /root/catkin_ws/install/statistics_msgs/share/statistics_msgs/cmake/statistics_msgsConfig.cmake
[20.447s] -- Installing: /root/catkin_ws/install/statistics_msgs/share/statistics_msgs/cmake/statistics_msgsConfig-version.cmake
[20.447s] -- Installing: /root/catkin_ws/install/statistics_msgs/share/statistics_msgs/package.xml
[20.453s] Invoked command in '/root/catkin_ws/build/statistics_msgs' returned '0': AMENT_PREFIX_PATH=/root/catkin_ws/install/builtin_interfaces:${AMENT_PREFIX_PATH} CMAKE_PREFIX_PATH=/root/catkin_ws/install/builtin_interfaces:/root/catkin_ws/install/rosidl_typesupport_microxrcedds_cpp:/root/catkin_ws/install/rosidl_typesupport_microxrcedds_c:/root/catkin_ws/install/microcdr:/root/catkin_ws/install/ydlidar_sdk:/root/catkin_ws/install/ydlidar_ros2_driver:/root/catkin_ws/install/udp_driver:/root/catkin_ws/install/topic_service_action_rclcpp_example:/root/catkin_ws/install/time_rclcpp_example:/root/catkin_ws/install/tf2_rclcpp_example:/root/catkin_ws/install/testbot_description:/root/catkin_ws/install/serial_driver:/root/catkin_ws/install/rqt_example:/root/catkin_ws/install/omo_r1mini:/root/catkin_ws/install/omo_r1mini_navigation2:/root/catkin_ws/install/omo_r1mini_interfaces:/root/catkin_ws/install/omo_r1mini_gazebo:/root/catkin_ws/install/omo_r1mini_description:/root/catkin_ws/install/omo_r1mini_cartographer:/root/catkin_ws/install/my_first_ros_rclcpp_pkg:/root/catkin_ws/install/msg_srv_action_interface_example:/root/catkin_ws/install/micro_ros_setup:/root/catkin_ws/install/micro_ros_agent:/root/catkin_ws/install/micro_ros_msgs:/root/catkin_ws/install/io_context:/root/catkin_ws/install/iahrs_driver_interface:/root/catkin_ws/install/drive_base_msgs:/root/catkin_ws/install/asio_cmake_module:/root/install/ydlidar_sdk:/root/install/ydlidar_ros2_driver:/root/install/udp_driver:/root/install/topic_service_action_rclcpp_example:/root/install/time_rclcpp_example:/root/install/tf2_rclcpp_example:/root/install/testbot_description:/root/install/serial_driver:/root/install/rqt_example:/root/install/omo_r1mini:/root/install/omo_r1mini_navigation2:/root/install/omo_r1mini_interfaces:/root/install/omo_r1mini_gazebo:/root/install/omo_r1mini_description:/root/install/omo_r1mini_cartographer:/root/install/my_first_ros_rclcpp_pkg:/root/install/msg_srv_action_interface_example:/root/install/io_context:/root/install/asio_cmake_module:/root/catkin_ws/install/topic_service_action_rclpy_example:/root/catkin_ws/install/time_rclpy_example:/root/catkin_ws/install/tf2_rclpy_example:/root/catkin_ws/install/ros2env:/root/catkin_ws/install/omo_r1mini_teleop:/root/catkin_ws/install/omo_r1mini_bringup:/root/catkin_ws/install/my_first_ros_rclpy_pkg:/root/catkin_ws/install/logging_rclpy_example:/root/catkin_ws/install/iahrs_driver:/root/install/topic_service_action_rclpy_example:/root/install/time_rclpy_example:/root/install/tf2_rclpy_example:/root/install/ros2env:/root/install/omo_r1mini_teleop:/root/install/omo_r1mini_bringup:/root/install/my_first_ros_rclpy_pkg:/root/install/logging_rclpy_example:/opt/ros/foxy LD_LIBRARY_PATH=/root/catkin_ws/install/builtin_interfaces/lib:${LD_LIBRARY_PATH} PYTHONPATH=/root/catkin_ws/install/builtin_interfaces/lib/python3.8/site-packages:${PYTHONPATH} /usr/bin/cmake --install /root/catkin_ws/build/statistics_msgs
