[0.185s] Invoking command in '/root/catkin_ws/build/msg_srv_action_interface_example': CMAKE_PREFIX_PATH=${CMAKE_PREFIX_PATH}:/root/catkin_ws/install/topic_service_action_rclpy_example:/root/catkin_ws/install/time_rclpy_example:/root/catkin_ws/install/tf2_rclpy_example:/root/catkin_ws/install/ros2env:/root/catkin_ws/install/omo_r1mini_bringup:/root/catkin_ws/install/omo_r1mini_teleop:/root/catkin_ws/install/my_first_ros_rclpy_pkg:/root/catkin_ws/install/logging_rclpy_example:/root/catkin_ws/install/iahrs_driver:/root/install/topic_service_action_rclpy_example:/root/install/time_rclpy_example:/root/install/tf2_rclpy_example:/root/install/ros2env:/root/install/omo_r1mini_teleop:/root/install/omo_r1mini_bringup:/root/install/my_first_ros_rclpy_pkg:/root/install/logging_rclpy_example:/opt/ros/foxy /usr/bin/cmake --build /root/catkin_ws/build/msg_srv_action_interface_example -- -j12 -l12
[0.757s] [  2%] Built target msg_srv_action_interface_example__cpp
[0.758s] [ 14%] Built target msg_srv_action_interface_example__rosidl_typesupport_cpp
[0.758s] [ 23%] Built target msg_srv_action_interface_example__rosidl_generator_c
[0.761s] [ 34%] Built target msg_srv_action_interface_example__rosidl_typesupport_introspection_cpp
[0.762s] [ 44%] Built target msg_srv_action_interface_example__rosidl_typesupport_fastrtps_cpp
[0.763s] [ 55%] Built target msg_srv_action_interface_example__rosidl_typesupport_introspection_c
[0.764s] [ 65%] Built target msg_srv_action_interface_example__rosidl_typesupport_c
[0.764s] [ 76%] Built target msg_srv_action_interface_example__rosidl_typesupport_fastrtps_c
[0.766s] [ 76%] Built target msg_srv_action_interface_example
[0.766s] [ 78%] Built target msg_srv_action_interface_example__py
[0.767s] [ 87%] Built target msg_srv_action_interface_example__python
[0.769s] [ 91%] Built target msg_srv_action_interface_example__rosidl_typesupport_c__pyext
[0.773s] [ 95%] Built target msg_srv_action_interface_example__rosidl_typesupport_introspection_c__pyext
[0.773s] [100%] Built target msg_srv_action_interface_example__rosidl_typesupport_fastrtps_c__pyext
[0.803s] Invoked command in '/root/catkin_ws/build/msg_srv_action_interface_example' returned '0': CMAKE_PREFIX_PATH=${CMAKE_PREFIX_PATH}:/root/catkin_ws/install/topic_service_action_rclpy_example:/root/catkin_ws/install/time_rclpy_example:/root/catkin_ws/install/tf2_rclpy_example:/root/catkin_ws/install/ros2env:/root/catkin_ws/install/omo_r1mini_bringup:/root/catkin_ws/install/omo_r1mini_teleop:/root/catkin_ws/install/my_first_ros_rclpy_pkg:/root/catkin_ws/install/logging_rclpy_example:/root/catkin_ws/install/iahrs_driver:/root/install/topic_service_action_rclpy_example:/root/install/time_rclpy_example:/root/install/tf2_rclpy_example:/root/install/ros2env:/root/install/omo_r1mini_teleop:/root/install/omo_r1mini_bringup:/root/install/my_first_ros_rclpy_pkg:/root/install/logging_rclpy_example:/opt/ros/foxy /usr/bin/cmake --build /root/catkin_ws/build/msg_srv_action_interface_example -- -j12 -l12
[1.189s] Invoking command in '/root/catkin_ws/build/msg_srv_action_interface_example': CMAKE_PREFIX_PATH=${CMAKE_PREFIX_PATH}:/root/catkin_ws/install/topic_service_action_rclpy_example:/root/catkin_ws/install/time_rclpy_example:/root/catkin_ws/install/tf2_rclpy_example:/root/catkin_ws/install/ros2env:/root/catkin_ws/install/omo_r1mini_bringup:/root/catkin_ws/install/omo_r1mini_teleop:/root/catkin_ws/install/my_first_ros_rclpy_pkg:/root/catkin_ws/install/logging_rclpy_example:/root/catkin_ws/install/iahrs_driver:/root/install/topic_service_action_rclpy_example:/root/install/time_rclpy_example:/root/install/tf2_rclpy_example:/root/install/ros2env:/root/install/omo_r1mini_teleop:/root/install/omo_r1mini_bringup:/root/install/my_first_ros_rclpy_pkg:/root/install/logging_rclpy_example:/opt/ros/foxy /usr/bin/cmake --install /root/catkin_ws/build/msg_srv_action_interface_example
[1.247s] -- Install configuration: ""
[1.247s] -- Execute custom install script
[1.247s] -- Up-to-date symlink: /root/catkin_ws/install/msg_srv_action_interface_example/share/ament_index/resource_index/rosidl_interfaces/msg_srv_action_interface_example
[1.248s] -- Up-to-date symlink: /root/catkin_ws/install/msg_srv_action_interface_example/include/msg_srv_action_interface_example/action/arithmetic_checker.h
[1.248s] -- Up-to-date symlink: /root/catkin_ws/install/msg_srv_action_interface_example/include/msg_srv_action_interface_example/action/detail/arithmetic_checker__functions.h
[1.248s] -- Up-to-date symlink: /root/catkin_ws/install/msg_srv_action_interface_example/include/msg_srv_action_interface_example/action/detail/arithmetic_checker__struct.h
[1.248s] -- Up-to-date symlink: /root/catkin_ws/install/msg_srv_action_interface_example/include/msg_srv_action_interface_example/action/detail/arithmetic_checker__type_support.h
[1.248s] -- Up-to-date symlink: /root/catkin_ws/install/msg_srv_action_interface_example/include/msg_srv_action_interface_example/msg/arithmetic_argument.h
[1.249s] -- Up-to-date symlink: /root/catkin_ws/install/msg_srv_action_interface_example/include/msg_srv_action_interface_example/msg/detail/arithmetic_argument__functions.h
[1.249s] -- Up-to-date symlink: /root/catkin_ws/install/msg_srv_action_interface_example/include/msg_srv_action_interface_example/msg/detail/arithmetic_argument__struct.h
[1.249s] -- Up-to-date symlink: /root/catkin_ws/install/msg_srv_action_interface_example/include/msg_srv_action_interface_example/msg/detail/arithmetic_argument__type_support.h
[1.249s] -- Up-to-date symlink: /root/catkin_ws/install/msg_srv_action_interface_example/include/msg_srv_action_interface_example/msg/rosidl_generator_c__visibility_control.h
[1.250s] -- Up-to-date symlink: /root/catkin_ws/install/msg_srv_action_interface_example/include/msg_srv_action_interface_example/srv/arithmetic_operator.h
[1.250s] -- Up-to-date symlink: /root/catkin_ws/install/msg_srv_action_interface_example/include/msg_srv_action_interface_example/srv/detail/arithmetic_operator__functions.h
[1.250s] -- Up-to-date symlink: /root/catkin_ws/install/msg_srv_action_interface_example/include/msg_srv_action_interface_example/srv/detail/arithmetic_operator__struct.h
[1.250s] -- Up-to-date symlink: /root/catkin_ws/install/msg_srv_action_interface_example/include/msg_srv_action_interface_example/srv/detail/arithmetic_operator__type_support.h
[1.250s] -- Up-to-date symlink: /root/catkin_ws/install/msg_srv_action_interface_example/share/msg_srv_action_interface_example/environment/library_path.sh
[1.250s] -- Up-to-date symlink: /root/catkin_ws/install/msg_srv_action_interface_example/share/msg_srv_action_interface_example/environment/library_path.dsv
[1.251s] -- Up-to-date symlink: /root/catkin_ws/install/msg_srv_action_interface_example/include/msg_srv_action_interface_example/action/detail/arithmetic_checker__rosidl_typesupport_fastrtps_c.h
[1.251s] -- Up-to-date symlink: /root/catkin_ws/install/msg_srv_action_interface_example/include/msg_srv_action_interface_example/msg/detail/arithmetic_argument__rosidl_typesupport_fastrtps_c.h
[1.251s] -- Up-to-date symlink: /root/catkin_ws/install/msg_srv_action_interface_example/include/msg_srv_action_interface_example/msg/rosidl_typesupport_fastrtps_c__visibility_control.h
[1.251s] -- Up-to-date symlink: /root/catkin_ws/install/msg_srv_action_interface_example/include/msg_srv_action_interface_example/srv/detail/arithmetic_operator__rosidl_typesupport_fastrtps_c.h
[1.251s] -- Up-to-date symlink: /root/catkin_ws/install/msg_srv_action_interface_example/lib/libmsg_srv_action_interface_example__rosidl_typesupport_fastrtps_c.so
[1.252s] -- Up-to-date symlink: /root/catkin_ws/install/msg_srv_action_interface_example/include/msg_srv_action_interface_example/action/detail/arithmetic_checker__rosidl_typesupport_fastrtps_cpp.hpp
[1.252s] -- Up-to-date symlink: /root/catkin_ws/install/msg_srv_action_interface_example/include/msg_srv_action_interface_example/msg/detail/arithmetic_argument__rosidl_typesupport_fastrtps_cpp.hpp
[1.252s] -- Up-to-date symlink: /root/catkin_ws/install/msg_srv_action_interface_example/include/msg_srv_action_interface_example/msg/rosidl_typesupport_fastrtps_cpp__visibility_control.h
[1.253s] -- Up-to-date symlink: /root/catkin_ws/install/msg_srv_action_interface_example/include/msg_srv_action_interface_example/srv/detail/arithmetic_operator__rosidl_typesupport_fastrtps_cpp.hpp
[1.253s] -- Up-to-date symlink: /root/catkin_ws/install/msg_srv_action_interface_example/lib/libmsg_srv_action_interface_example__rosidl_typesupport_fastrtps_cpp.so
[1.253s] -- Up-to-date symlink: /root/catkin_ws/install/msg_srv_action_interface_example/include/msg_srv_action_interface_example/action/detail/arithmetic_checker__rosidl_typesupport_introspection_c.h
[1.253s] -- Up-to-date symlink: /root/catkin_ws/install/msg_srv_action_interface_example/include/msg_srv_action_interface_example/msg/detail/arithmetic_argument__rosidl_typesupport_introspection_c.h
[1.254s] -- Up-to-date symlink: /root/catkin_ws/install/msg_srv_action_interface_example/include/msg_srv_action_interface_example/msg/rosidl_typesupport_introspection_c__visibility_control.h
[1.254s] -- Up-to-date symlink: /root/catkin_ws/install/msg_srv_action_interface_example/include/msg_srv_action_interface_example/srv/detail/arithmetic_operator__rosidl_typesupport_introspection_c.h
[1.254s] -- Up-to-date symlink: /root/catkin_ws/install/msg_srv_action_interface_example/include/msg_srv_action_interface_example/action/arithmetic_checker.hpp
[1.254s] -- Up-to-date symlink: /root/catkin_ws/install/msg_srv_action_interface_example/include/msg_srv_action_interface_example/action/detail/arithmetic_checker__builder.hpp
[1.254s] -- Up-to-date symlink: /root/catkin_ws/install/msg_srv_action_interface_example/include/msg_srv_action_interface_example/action/detail/arithmetic_checker__struct.hpp
[1.255s] -- Up-to-date symlink: /root/catkin_ws/install/msg_srv_action_interface_example/include/msg_srv_action_interface_example/action/detail/arithmetic_checker__traits.hpp
[1.255s] -- Up-to-date symlink: /root/catkin_ws/install/msg_srv_action_interface_example/include/msg_srv_action_interface_example/msg/arithmetic_argument.hpp
[1.255s] -- Up-to-date symlink: /root/catkin_ws/install/msg_srv_action_interface_example/include/msg_srv_action_interface_example/msg/detail/arithmetic_argument__builder.hpp
[1.255s] -- Up-to-date symlink: /root/catkin_ws/install/msg_srv_action_interface_example/include/msg_srv_action_interface_example/msg/detail/arithmetic_argument__struct.hpp
[1.255s] -- Up-to-date symlink: /root/catkin_ws/install/msg_srv_action_interface_example/include/msg_srv_action_interface_example/msg/detail/arithmetic_argument__traits.hpp
[1.256s] -- Up-to-date symlink: /root/catkin_ws/install/msg_srv_action_interface_example/include/msg_srv_action_interface_example/srv/arithmetic_operator.hpp
[1.256s] -- Up-to-date symlink: /root/catkin_ws/install/msg_srv_action_interface_example/include/msg_srv_action_interface_example/srv/detail/arithmetic_operator__builder.hpp
[1.256s] -- Up-to-date symlink: /root/catkin_ws/install/msg_srv_action_interface_example/include/msg_srv_action_interface_example/srv/detail/arithmetic_operator__struct.hpp
[1.256s] -- Up-to-date symlink: /root/catkin_ws/install/msg_srv_action_interface_example/include/msg_srv_action_interface_example/srv/detail/arithmetic_operator__traits.hpp
[1.257s] -- Up-to-date symlink: /root/catkin_ws/install/msg_srv_action_interface_example/include/msg_srv_action_interface_example/action/detail/arithmetic_checker__rosidl_typesupport_introspection_cpp.hpp
[1.257s] -- Up-to-date symlink: /root/catkin_ws/install/msg_srv_action_interface_example/include/msg_srv_action_interface_example/msg/detail/arithmetic_argument__rosidl_typesupport_introspection_cpp.hpp
[1.257s] -- Up-to-date symlink: /root/catkin_ws/install/msg_srv_action_interface_example/include/msg_srv_action_interface_example/srv/detail/arithmetic_operator__rosidl_typesupport_introspection_cpp.hpp
[1.259s] -- Up-to-date symlink: /root/catkin_ws/install/msg_srv_action_interface_example/share/msg_srv_action_interface_example/environment/pythonpath.sh
[1.259s] -- Up-to-date symlink: /root/catkin_ws/install/msg_srv_action_interface_example/share/msg_srv_action_interface_example/environment/pythonpath.dsv
[1.259s] -- Up-to-date symlink: /root/catkin_ws/install/msg_srv_action_interface_example/lib/python3.8/site-packages/msg_srv_action_interface_example/__init__.py
[1.260s] -- Up-to-date symlink: /root/catkin_ws/install/msg_srv_action_interface_example/lib/python3.8/site-packages/msg_srv_action_interface_example/msg/__init__.py
[1.260s] -- Up-to-date symlink: /root/catkin_ws/install/msg_srv_action_interface_example/lib/python3.8/site-packages/msg_srv_action_interface_example/msg/_arithmetic_argument.py
[1.260s] -- Up-to-date symlink: /root/catkin_ws/install/msg_srv_action_interface_example/lib/python3.8/site-packages/msg_srv_action_interface_example/srv/__init__.py
[1.260s] -- Up-to-date symlink: /root/catkin_ws/install/msg_srv_action_interface_example/lib/python3.8/site-packages/msg_srv_action_interface_example/srv/_arithmetic_operator.py
[1.260s] -- Up-to-date symlink: /root/catkin_ws/install/msg_srv_action_interface_example/lib/python3.8/site-packages/msg_srv_action_interface_example/action/__init__.py
[1.260s] -- Up-to-date symlink: /root/catkin_ws/install/msg_srv_action_interface_example/lib/python3.8/site-packages/msg_srv_action_interface_example/action/_arithmetic_checker.py
[1.261s] -- Up-to-date symlink: /root/catkin_ws/install/msg_srv_action_interface_example/lib/python3.8/site-packages/msg_srv_action_interface_example/msg_srv_action_interface_example_s__rosidl_typesupport_fastrtps_c.cpython-38-x86_64-linux-gnu.so
[1.261s] -- Up-to-date symlink: /root/catkin_ws/install/msg_srv_action_interface_example/lib/python3.8/site-packages/msg_srv_action_interface_example/msg_srv_action_interface_example_s__rosidl_typesupport_introspection_c.cpython-38-x86_64-linux-gnu.so
[1.261s] -- Up-to-date symlink: /root/catkin_ws/install/msg_srv_action_interface_example/lib/python3.8/site-packages/msg_srv_action_interface_example/msg_srv_action_interface_example_s__rosidl_typesupport_c.cpython-38-x86_64-linux-gnu.so
[1.261s] -- Up-to-date symlink: /root/catkin_ws/install/msg_srv_action_interface_example/lib/libmsg_srv_action_interface_example__python.so
[1.261s] -- Up-to-date symlink: /root/catkin_ws/install/msg_srv_action_interface_example/share/msg_srv_action_interface_example/msg/ArithmeticArgument.idl
[1.262s] -- Up-to-date symlink: /root/catkin_ws/install/msg_srv_action_interface_example/share/msg_srv_action_interface_example/srv/ArithmeticOperator.idl
[1.264s] -- Up-to-date symlink: /root/catkin_ws/install/msg_srv_action_interface_example/share/msg_srv_action_interface_example/action/ArithmeticChecker.idl
[1.264s] -- Up-to-date symlink: /root/catkin_ws/install/msg_srv_action_interface_example/share/msg_srv_action_interface_example/msg/ArithmeticArgument.msg
[1.264s] -- Up-to-date symlink: /root/catkin_ws/install/msg_srv_action_interface_example/share/msg_srv_action_interface_example/srv/ArithmeticOperator.srv
[1.265s] -- Up-to-date symlink: /root/catkin_ws/install/msg_srv_action_interface_example/share/msg_srv_action_interface_example/srv/ArithmeticOperator_Request.msg
[1.265s] -- Up-to-date symlink: /root/catkin_ws/install/msg_srv_action_interface_example/share/msg_srv_action_interface_example/srv/ArithmeticOperator_Response.msg
[1.265s] -- Up-to-date symlink: /root/catkin_ws/install/msg_srv_action_interface_example/share/msg_srv_action_interface_example/action/ArithmeticChecker.action
[1.265s] -- Up-to-date symlink: /root/catkin_ws/install/msg_srv_action_interface_example/share/ament_index/resource_index/package_run_dependencies/msg_srv_action_interface_example
[1.265s] -- Up-to-date symlink: /root/catkin_ws/install/msg_srv_action_interface_example/share/ament_index/resource_index/parent_prefix_path/msg_srv_action_interface_example
[1.265s] -- Up-to-date symlink: /root/catkin_ws/install/msg_srv_action_interface_example/share/msg_srv_action_interface_example/environment/ament_prefix_path.sh
[1.265s] -- Up-to-date symlink: /root/catkin_ws/install/msg_srv_action_interface_example/share/msg_srv_action_interface_example/environment/ament_prefix_path.dsv
[1.266s] -- Up-to-date symlink: /root/catkin_ws/install/msg_srv_action_interface_example/share/msg_srv_action_interface_example/environment/path.sh
[1.266s] -- Up-to-date symlink: /root/catkin_ws/install/msg_srv_action_interface_example/share/msg_srv_action_interface_example/environment/path.dsv
[1.266s] -- Up-to-date symlink: /root/catkin_ws/install/msg_srv_action_interface_example/share/msg_srv_action_interface_example/local_setup.bash
[1.266s] -- Up-to-date symlink: /root/catkin_ws/install/msg_srv_action_interface_example/share/msg_srv_action_interface_example/local_setup.sh
[1.266s] -- Up-to-date symlink: /root/catkin_ws/install/msg_srv_action_interface_example/share/msg_srv_action_interface_example/local_setup.zsh
[1.267s] -- Up-to-date symlink: /root/catkin_ws/install/msg_srv_action_interface_example/share/msg_srv_action_interface_example/local_setup.dsv
[1.267s] -- Symlinking: /root/catkin_ws/install/msg_srv_action_interface_example/share/msg_srv_action_interface_example/package.dsv
[1.274s] -- Up-to-date symlink: /root/catkin_ws/install/msg_srv_action_interface_example/share/ament_index/resource_index/packages/msg_srv_action_interface_example
[1.274s] -- Up-to-date symlink: /root/catkin_ws/install/msg_srv_action_interface_example/share/msg_srv_action_interface_example/cmake/rosidl_cmake-extras.cmake
[1.274s] -- Up-to-date symlink: /root/catkin_ws/install/msg_srv_action_interface_example/share/msg_srv_action_interface_example/cmake/ament_cmake_export_dependencies-extras.cmake
[1.274s] -- Up-to-date symlink: /root/catkin_ws/install/msg_srv_action_interface_example/share/msg_srv_action_interface_example/cmake/ament_cmake_export_libraries-extras.cmake
[1.277s] -- Up-to-date symlink: /root/catkin_ws/install/msg_srv_action_interface_example/share/msg_srv_action_interface_example/cmake/ament_cmake_export_targets-extras.cmake
[1.277s] -- Up-to-date symlink: /root/catkin_ws/install/msg_srv_action_interface_example/share/msg_srv_action_interface_example/cmake/ament_cmake_export_include_directories-extras.cmake
[1.277s] -- Up-to-date symlink: /root/catkin_ws/install/msg_srv_action_interface_example/share/msg_srv_action_interface_example/cmake/rosidl_cmake_export_typesupport_libraries-extras.cmake
[1.277s] -- Up-to-date symlink: /root/catkin_ws/install/msg_srv_action_interface_example/share/msg_srv_action_interface_example/cmake/rosidl_cmake_export_typesupport_targets-extras.cmake
[1.277s] -- Up-to-date symlink: /root/catkin_ws/install/msg_srv_action_interface_example/share/msg_srv_action_interface_example/cmake/msg_srv_action_interface_exampleConfig.cmake
[1.277s] -- Up-to-date symlink: /root/catkin_ws/install/msg_srv_action_interface_example/share/msg_srv_action_interface_example/cmake/msg_srv_action_interface_exampleConfig-version.cmake
[1.277s] -- Up-to-date symlink: /root/catkin_ws/install/msg_srv_action_interface_example/share/msg_srv_action_interface_example/package.xml
[1.278s] -- Up-to-date: /root/catkin_ws/install/msg_srv_action_interface_example/lib/libmsg_srv_action_interface_example__rosidl_generator_c.so
[1.278s] -- Up-to-date: /root/catkin_ws/install/msg_srv_action_interface_example/lib/libmsg_srv_action_interface_example__rosidl_typesupport_introspection_c.so
[1.278s] -- Up-to-date: /root/catkin_ws/install/msg_srv_action_interface_example/lib/libmsg_srv_action_interface_example__rosidl_typesupport_c.so
[1.278s] -- Up-to-date: /root/catkin_ws/install/msg_srv_action_interface_example/lib/libmsg_srv_action_interface_example__rosidl_typesupport_introspection_cpp.so
[1.278s] -- Up-to-date: /root/catkin_ws/install/msg_srv_action_interface_example/lib/libmsg_srv_action_interface_example__rosidl_typesupport_cpp.so
[1.361s] -- Up-to-date: /root/catkin_ws/install/msg_srv_action_interface_example/share/msg_srv_action_interface_example/cmake/msg_srv_action_interface_example__rosidl_generator_cExport.cmake
[1.362s] -- Up-to-date: /root/catkin_ws/install/msg_srv_action_interface_example/share/msg_srv_action_interface_example/cmake/msg_srv_action_interface_example__rosidl_generator_cExport-noconfig.cmake
[1.362s] -- Up-to-date: /root/catkin_ws/install/msg_srv_action_interface_example/share/msg_srv_action_interface_example/cmake/msg_srv_action_interface_example__rosidl_typesupport_introspection_cExport.cmake
[1.363s] -- Up-to-date: /root/catkin_ws/install/msg_srv_action_interface_example/share/msg_srv_action_interface_example/cmake/msg_srv_action_interface_example__rosidl_typesupport_introspection_cExport-noconfig.cmake
[1.363s] -- Up-to-date: /root/catkin_ws/install/msg_srv_action_interface_example/share/msg_srv_action_interface_example/cmake/msg_srv_action_interface_example__rosidl_typesupport_cExport.cmake
[1.364s] -- Up-to-date: /root/catkin_ws/install/msg_srv_action_interface_example/share/msg_srv_action_interface_example/cmake/msg_srv_action_interface_example__rosidl_typesupport_cExport-noconfig.cmake
[1.364s] -- Up-to-date: /root/catkin_ws/install/msg_srv_action_interface_example/share/msg_srv_action_interface_example/cmake/msg_srv_action_interface_example__rosidl_generator_cppExport.cmake
[1.367s] -- Up-to-date: /root/catkin_ws/install/msg_srv_action_interface_example/share/msg_srv_action_interface_example/cmake/msg_srv_action_interface_example__rosidl_typesupport_introspection_cppExport.cmake
[1.368s] -- Up-to-date: /root/catkin_ws/install/msg_srv_action_interface_example/share/msg_srv_action_interface_example/cmake/msg_srv_action_interface_example__rosidl_typesupport_introspection_cppExport-noconfig.cmake
[1.369s] -- Up-to-date: /root/catkin_ws/install/msg_srv_action_interface_example/share/msg_srv_action_interface_example/cmake/msg_srv_action_interface_example__rosidl_typesupport_cppExport.cmake
[1.369s] -- Up-to-date: /root/catkin_ws/install/msg_srv_action_interface_example/share/msg_srv_action_interface_example/cmake/msg_srv_action_interface_example__rosidl_typesupport_cppExport-noconfig.cmake
[1.578s] Invoked command in '/root/catkin_ws/build/msg_srv_action_interface_example' returned '0': CMAKE_PREFIX_PATH=${CMAKE_PREFIX_PATH}:/root/catkin_ws/install/topic_service_action_rclpy_example:/root/catkin_ws/install/time_rclpy_example:/root/catkin_ws/install/tf2_rclpy_example:/root/catkin_ws/install/ros2env:/root/catkin_ws/install/omo_r1mini_bringup:/root/catkin_ws/install/omo_r1mini_teleop:/root/catkin_ws/install/my_first_ros_rclpy_pkg:/root/catkin_ws/install/logging_rclpy_example:/root/catkin_ws/install/iahrs_driver:/root/install/topic_service_action_rclpy_example:/root/install/time_rclpy_example:/root/install/tf2_rclpy_example:/root/install/ros2env:/root/install/omo_r1mini_teleop:/root/install/omo_r1mini_bringup:/root/install/my_first_ros_rclpy_pkg:/root/install/logging_rclpy_example:/opt/ros/foxy /usr/bin/cmake --install /root/catkin_ws/build/msg_srv_action_interface_example
