[0.105s] Invoking command in '/root/catkin_ws/build/omo_r1mini_navigation2': CMAKE_PREFIX_PATH=${CMAKE_PREFIX_PATH}:/root/catkin_ws/install/topic_service_action_rclpy_example:/root/catkin_ws/install/time_rclpy_example:/root/catkin_ws/install/tf2_rclpy_example:/root/catkin_ws/install/ros2env:/root/catkin_ws/install/omo_r1mini_teleop:/root/catkin_ws/install/omo_r1mini_bringup:/root/catkin_ws/install/my_first_ros_rclpy_pkg:/root/catkin_ws/install/logging_rclpy_example:/root/catkin_ws/install/iahrs_driver:/root/install/topic_service_action_rclpy_example:/root/install/time_rclpy_example:/root/install/tf2_rclpy_example:/root/install/ros2env:/root/install/omo_r1mini_teleop:/root/install/omo_r1mini_bringup:/root/install/my_first_ros_rclpy_pkg:/root/install/logging_rclpy_example:/opt/ros/foxy /usr/bin/cmake /root/catkin_ws/src/omo_r1mini-foxy/omo_r1mini_navigation2 -DBUILD_TESTING=OFF -DBUILD_SHARED_LIBS=ON -DCMAKE_INSTALL_PREFIX=/root/catkin_ws/install/omo_r1mini_navigation2
[1.146s] -- Found ament_cmake: 0.9.11 (/opt/ros/foxy/share/ament_cmake/cmake)
[1.146s] -- Using PYTHON_EXECUTABLE: /usr/bin/python3
[1.146s] -- Override CMake install command with custom implementation using symlinks instead of copying resources
[1.147s] -- Configuring done
[1.147s] -- Generating done
[1.147s] -- Build files have been written to: /root/catkin_ws/build/omo_r1mini_navigation2
[1.147s] CMake Warning:
[1.147s]   Manually-specified variables were not used by the project:
[1.147s] 
[1.148s]     BUILD_SHARED_LIBS
[1.148s] 
[1.148s] 
[1.166s] Invoked command in '/root/catkin_ws/build/omo_r1mini_navigation2' returned '0': CMAKE_PREFIX_PATH=${CMAKE_PREFIX_PATH}:/root/catkin_ws/install/topic_service_action_rclpy_example:/root/catkin_ws/install/time_rclpy_example:/root/catkin_ws/install/tf2_rclpy_example:/root/catkin_ws/install/ros2env:/root/catkin_ws/install/omo_r1mini_teleop:/root/catkin_ws/install/omo_r1mini_bringup:/root/catkin_ws/install/my_first_ros_rclpy_pkg:/root/catkin_ws/install/logging_rclpy_example:/root/catkin_ws/install/iahrs_driver:/root/install/topic_service_action_rclpy_example:/root/install/time_rclpy_example:/root/install/tf2_rclpy_example:/root/install/ros2env:/root/install/omo_r1mini_teleop:/root/install/omo_r1mini_bringup:/root/install/my_first_ros_rclpy_pkg:/root/install/logging_rclpy_example:/opt/ros/foxy /usr/bin/cmake /root/catkin_ws/src/omo_r1mini-foxy/omo_r1mini_navigation2 -DBUILD_TESTING=OFF -DBUILD_SHARED_LIBS=ON -DCMAKE_INSTALL_PREFIX=/root/catkin_ws/install/omo_r1mini_navigation2
[1.167s] Invoking command in '/root/catkin_ws/build/omo_r1mini_navigation2': CMAKE_PREFIX_PATH=${CMAKE_PREFIX_PATH}:/root/catkin_ws/install/topic_service_action_rclpy_example:/root/catkin_ws/install/time_rclpy_example:/root/catkin_ws/install/tf2_rclpy_example:/root/catkin_ws/install/ros2env:/root/catkin_ws/install/omo_r1mini_teleop:/root/catkin_ws/install/omo_r1mini_bringup:/root/catkin_ws/install/my_first_ros_rclpy_pkg:/root/catkin_ws/install/logging_rclpy_example:/root/catkin_ws/install/iahrs_driver:/root/install/topic_service_action_rclpy_example:/root/install/time_rclpy_example:/root/install/tf2_rclpy_example:/root/install/ros2env:/root/install/omo_r1mini_teleop:/root/install/omo_r1mini_bringup:/root/install/my_first_ros_rclpy_pkg:/root/install/logging_rclpy_example:/opt/ros/foxy /usr/bin/cmake --build /root/catkin_ws/build/omo_r1mini_navigation2 -- -j12 -l12
[1.278s] Invoked command in '/root/catkin_ws/build/omo_r1mini_navigation2' returned '0': CMAKE_PREFIX_PATH=${CMAKE_PREFIX_PATH}:/root/catkin_ws/install/topic_service_action_rclpy_example:/root/catkin_ws/install/time_rclpy_example:/root/catkin_ws/install/tf2_rclpy_example:/root/catkin_ws/install/ros2env:/root/catkin_ws/install/omo_r1mini_teleop:/root/catkin_ws/install/omo_r1mini_bringup:/root/catkin_ws/install/my_first_ros_rclpy_pkg:/root/catkin_ws/install/logging_rclpy_example:/root/catkin_ws/install/iahrs_driver:/root/install/topic_service_action_rclpy_example:/root/install/time_rclpy_example:/root/install/tf2_rclpy_example:/root/install/ros2env:/root/install/omo_r1mini_teleop:/root/install/omo_r1mini_bringup:/root/install/my_first_ros_rclpy_pkg:/root/install/logging_rclpy_example:/opt/ros/foxy /usr/bin/cmake --build /root/catkin_ws/build/omo_r1mini_navigation2 -- -j12 -l12
[1.352s] Invoking command in '/root/catkin_ws/build/omo_r1mini_navigation2': CMAKE_PREFIX_PATH=${CMAKE_PREFIX_PATH}:/root/catkin_ws/install/topic_service_action_rclpy_example:/root/catkin_ws/install/time_rclpy_example:/root/catkin_ws/install/tf2_rclpy_example:/root/catkin_ws/install/ros2env:/root/catkin_ws/install/omo_r1mini_teleop:/root/catkin_ws/install/omo_r1mini_bringup:/root/catkin_ws/install/my_first_ros_rclpy_pkg:/root/catkin_ws/install/logging_rclpy_example:/root/catkin_ws/install/iahrs_driver:/root/install/topic_service_action_rclpy_example:/root/install/time_rclpy_example:/root/install/tf2_rclpy_example:/root/install/ros2env:/root/install/omo_r1mini_teleop:/root/install/omo_r1mini_bringup:/root/install/my_first_ros_rclpy_pkg:/root/install/logging_rclpy_example:/opt/ros/foxy /usr/bin/cmake --install /root/catkin_ws/build/omo_r1mini_navigation2
[1.396s] -- Install configuration: ""
[1.396s] -- Execute custom install script
[1.396s] -- Up-to-date symlink: /root/catkin_ws/install/omo_r1mini_navigation2/share/omo_r1mini_navigation2/launch/navigation2.launch.py
[1.396s] -- Up-to-date symlink: /root/catkin_ws/install/omo_r1mini_navigation2/share/omo_r1mini_navigation2/launch/navigation2_rviz.launch.py
[1.396s] -- Up-to-date symlink: /root/catkin_ws/install/omo_r1mini_navigation2/share/omo_r1mini_navigation2/map/turtlebot3_world.pgm
[1.396s] -- Up-to-date symlink: /root/catkin_ws/install/omo_r1mini_navigation2/share/omo_r1mini_navigation2/map/turtlebot3_world.yaml
[1.396s] -- Up-to-date symlink: /root/catkin_ws/install/omo_r1mini_navigation2/share/omo_r1mini_navigation2/param/omo_r1mini.yaml
[1.397s] -- Up-to-date symlink: /root/catkin_ws/install/omo_r1mini_navigation2/share/omo_r1mini_navigation2/rviz/tb3_navigation2.rviz
[1.397s] -- Up-to-date symlink: /root/catkin_ws/install/omo_r1mini_navigation2/share/ament_index/resource_index/package_run_dependencies/omo_r1mini_navigation2
[1.397s] -- Up-to-date symlink: /root/catkin_ws/install/omo_r1mini_navigation2/share/ament_index/resource_index/parent_prefix_path/omo_r1mini_navigation2
[1.397s] -- Up-to-date symlink: /root/catkin_ws/install/omo_r1mini_navigation2/share/omo_r1mini_navigation2/environment/ament_prefix_path.sh
[1.397s] -- Up-to-date symlink: /root/catkin_ws/install/omo_r1mini_navigation2/share/omo_r1mini_navigation2/environment/ament_prefix_path.dsv
[1.397s] -- Up-to-date symlink: /root/catkin_ws/install/omo_r1mini_navigation2/share/omo_r1mini_navigation2/environment/path.sh
[1.398s] -- Up-to-date symlink: /root/catkin_ws/install/omo_r1mini_navigation2/share/omo_r1mini_navigation2/environment/path.dsv
[1.398s] -- Up-to-date symlink: /root/catkin_ws/install/omo_r1mini_navigation2/share/omo_r1mini_navigation2/local_setup.bash
[1.398s] -- Up-to-date symlink: /root/catkin_ws/install/omo_r1mini_navigation2/share/omo_r1mini_navigation2/local_setup.sh
[1.398s] -- Up-to-date symlink: /root/catkin_ws/install/omo_r1mini_navigation2/share/omo_r1mini_navigation2/local_setup.zsh
[1.399s] -- Up-to-date symlink: /root/catkin_ws/install/omo_r1mini_navigation2/share/omo_r1mini_navigation2/local_setup.dsv
[1.399s] -- Symlinking: /root/catkin_ws/install/omo_r1mini_navigation2/share/omo_r1mini_navigation2/package.dsv
[1.400s] -- Up-to-date symlink: /root/catkin_ws/install/omo_r1mini_navigation2/share/ament_index/resource_index/packages/omo_r1mini_navigation2
[1.400s] -- Up-to-date symlink: /root/catkin_ws/install/omo_r1mini_navigation2/share/omo_r1mini_navigation2/cmake/omo_r1mini_navigation2Config.cmake
[1.401s] -- Up-to-date symlink: /root/catkin_ws/install/omo_r1mini_navigation2/share/omo_r1mini_navigation2/cmake/omo_r1mini_navigation2Config-version.cmake
[1.401s] -- Up-to-date symlink: /root/catkin_ws/install/omo_r1mini_navigation2/share/omo_r1mini_navigation2/package.xml
[1.437s] Invoked command in '/root/catkin_ws/build/omo_r1mini_navigation2' returned '0': CMAKE_PREFIX_PATH=${CMAKE_PREFIX_PATH}:/root/catkin_ws/install/topic_service_action_rclpy_example:/root/catkin_ws/install/time_rclpy_example:/root/catkin_ws/install/tf2_rclpy_example:/root/catkin_ws/install/ros2env:/root/catkin_ws/install/omo_r1mini_teleop:/root/catkin_ws/install/omo_r1mini_bringup:/root/catkin_ws/install/my_first_ros_rclpy_pkg:/root/catkin_ws/install/logging_rclpy_example:/root/catkin_ws/install/iahrs_driver:/root/install/topic_service_action_rclpy_example:/root/install/time_rclpy_example:/root/install/tf2_rclpy_example:/root/install/ros2env:/root/install/omo_r1mini_teleop:/root/install/omo_r1mini_bringup:/root/install/my_first_ros_rclpy_pkg:/root/install/logging_rclpy_example:/opt/ros/foxy /usr/bin/cmake --install /root/catkin_ws/build/omo_r1mini_navigation2
